7/25/2024  4:31 PM
Units: N
Readings: Continuous
X-Axis: Time

Reading	Load	Time	
1	0.00	0.000	
2	0.00	0.100	
3	0.00	0.151	
4	0.00	0.200	
5	0.00	0.250	
6	0.00	0.300	
7	0.00	0.351	
8	0.00	0.400	
9	0.00	0.450	
10	0.00	0.501	
11	0.00	0.551	
12	0.00	0.600	
13	0.00	0.651	
14	0.00	0.700	
15	0.00	0.750	
16	0.00	0.801	
17	0.00	0.851	
18	0.00	0.900	
19	0.00	0.950	
20	0.00	1.000	
21	0.00	1.050	
22	0.00	1.100	
23	0.00	1.150	
24	0.00	1.201	
25	0.00	1.250	
26	0.00	1.300	
27	0.00	1.350	
28	0.00	1.401	
29	0.00	1.450	
30	0.00	1.500	
31	0.00	1.550	
32	0.00	1.600	
33	0.00	1.651	
34	0.00	1.700	
35	0.00	1.750	
36	0.00	1.800	
37	0.00	1.850	
38	0.00	1.900	
39	0.00	1.951	
40	0.00	2.000	
41	0.00	2.050	
42	0.00	2.100	
43	0.00	2.151	
44	0.00	2.200	
45	0.00	2.250	
46	0.00	2.301	
47	0.00	2.350	
48	0.00	2.401	
49	0.00	2.450	
50	0.00	2.501	
51	0.00	2.550	
52	0.00	2.601	
53	0.00	2.650	
54	0.00	2.701	
55	0.00	2.750	
56	0.00	2.800	
57	0.00	2.851	
58	0.00	2.900	
59	0.00	2.951	
60	0.00	3.000	
61	0.00	3.050	
62	0.00	3.100	
63	0.00	3.150	
64	0.00	3.200	
65	0.00	3.250	
66	0.00	3.300	
67	0.00	3.350	
68	0.00	3.400	
69	0.00	3.450	
70	0.00	3.500	
71	0.00	3.550	
72	0.00	3.601	
73	0.00	3.650	
74	0.00	3.700	
75	0.00	3.751	
76	0.00	3.801	
77	-0.02	3.851	
78	-0.02	3.900	
79	-0.02	3.950	
80	0.00	4.001	
81	0.42	4.051	
82	0.90	4.101	
83	1.46	4.150	
84	2.06	4.200	
85	2.76	4.251	
86	3.50	4.300	
87	4.14	4.350	
88	4.80	4.401	
89	5.36	4.450	
90	5.62	4.501	
91	5.64	4.551	
92	5.60	4.600	
93	5.58	4.651	
94	5.56	4.700	
95	5.54	4.751	
96	5.52	4.801	
97	5.50	4.850	
98	5.50	4.900	
99	5.50	4.951	
100	5.50	5.001	
101	5.48	5.050	
102	5.48	5.101	
103	5.46	5.151	
104	5.46	5.200	
105	5.46	5.250	
106	5.46	5.301	
107	5.44	5.351	
108	5.44	5.400	
109	5.44	5.450	
110	5.44	5.501	
111	5.44	5.550	
112	5.42	5.601	
113	5.42	5.651	
114	5.42	5.701	
115	5.42	5.750	
116	5.42	5.801	
117	5.42	5.850	
118	5.42	5.900	
119	5.40	5.950	
120	5.40	6.000	
121	5.40	6.050	
122	5.40	6.101	
123	5.40	6.151	
124	5.40	6.201	
125	5.40	6.251	
126	5.40	6.300	
127	5.38	6.350	
128	5.40	6.401	
129	5.38	6.451	
130	5.38	6.501	
131	5.38	6.550	
132	5.38	6.601	
133	5.38	6.651	
134	5.38	6.700	
135	5.38	6.751	
136	5.38	6.800	
137	5.38	6.850	
138	5.38	6.900	
139	5.38	6.950	
140	5.36	7.000	
141	5.38	7.050	
142	5.36	7.100	
143	5.36	7.151	
144	5.36	7.201	
145	5.36	7.251	
146	5.36	7.300	
147	5.36	7.351	
148	5.36	7.400	
149	4.78	7.450	
150	3.60	7.500	
151	2.72	7.551	
152	1.92	7.600	
153	1.30	7.651	
154	0.80	7.700	
155	0.52	7.750	
156	0.32	7.801	
157	0.22	7.851	
158	0.16	7.901	
159	0.16	7.950	
160	0.16	8.000	
161	0.18	8.051	
162	0.18	8.101	
163	0.18	8.150	
164	0.18	8.200	
165	0.18	8.251	
166	0.18	8.300	
167	0.18	8.350	
168	0.16	8.400	
169	0.10	8.452	
170	0.06	8.501	
171	0.06	8.550	
172	0.06	8.600	
173	0.06	8.651	
174	0.06	8.700	
175	0.06	8.750	
176	0.06	8.801	
177	0.06	8.851	
178	0.06	8.901	
179	0.06	8.950	
180	0.06	9.001	
181	0.06	9.051	
182	0.06	9.100	
183	0.06	9.151	
184	0.06	9.200	
185	0.06	9.250	
186	0.06	9.301	
187	0.06	9.350	
188	0.06	9.400	
