7/25/2024  3:46 PM
Units: N
Readings: Continuous
X-Axis: Time

Reading	Load	Time	
1	0.00	0.000	
2	0.00	0.108	
3	0.00	0.145	
4	0.00	0.196	
5	0.00	0.246	
6	0.00	0.295	
7	0.00	0.345	
8	0.00	0.396	
9	0.00	0.447	
10	0.00	0.495	
11	0.00	0.545	
12	0.00	0.596	
13	0.00	0.645	
14	0.00	0.695	
15	0.00	0.746	
16	0.00	0.795	
17	0.00	0.846	
18	0.00	0.896	
19	0.00	0.945	
20	0.00	0.995	
21	0.00	1.045	
22	0.00	1.096	
23	0.00	1.145	
24	0.00	1.195	
25	0.00	1.245	
26	0.00	1.295	
27	0.00	1.346	
28	0.00	1.395	
29	0.00	1.445	
30	0.00	1.495	
31	0.00	1.545	
32	0.00	1.595	
33	0.00	1.647	
34	0.00	1.696	
35	0.00	1.746	
36	0.00	1.796	
37	0.00	1.845	
38	0.00	1.896	
39	0.00	1.946	
40	0.00	1.996	
41	0.00	2.046	
42	0.00	2.095	
43	0.00	2.146	
44	0.00	2.195	
45	0.00	2.245	
46	0.00	2.295	
47	0.00	2.345	
48	0.00	2.395	
49	0.00	2.445	
50	0.00	2.496	
51	0.00	2.545	
52	0.00	2.595	
53	0.00	2.646	
54	0.00	2.696	
55	0.00	2.746	
56	0.00	2.795	
57	0.00	2.846	
58	0.00	2.895	
59	0.00	2.945	
60	0.00	2.995	
61	0.00	3.045	
62	0.00	3.095	
63	0.00	3.145	
64	0.00	3.195	
65	0.00	3.246	
66	0.00	3.295	
67	0.00	3.345	
68	0.00	3.396	
69	0.00	3.445	
70	0.00	3.495	
71	0.00	3.546	
72	0.00	3.595	
73	0.00	3.645	
74	0.00	3.696	
75	0.00	3.746	
76	0.00	3.796	
77	0.00	3.845	
78	0.00	3.895	
79	0.00	3.946	
80	0.00	3.995	
81	0.00	4.046	
82	0.00	4.095	
83	0.00	4.145	
84	0.00	4.195	
85	0.00	4.245	
86	0.00	4.296	
87	0.00	4.346	
88	0.00	4.395	
89	0.00	4.445	
90	0.00	4.496	
91	0.00	4.545	
92	0.00	4.595	
93	0.00	4.645	
94	0.00	4.695	
95	0.00	4.746	
96	0.00	4.795	
97	0.00	4.845	
98	0.00	4.895	
99	0.00	4.946	
100	0.00	4.995	
101	0.00	5.046	
102	0.00	5.095	
103	0.00	5.145	
104	0.00	5.195	
105	0.00	5.245	
106	0.00	5.296	
107	0.00	5.345	
108	0.00	5.395	
109	0.00	5.446	
110	0.00	5.495	
111	0.00	5.545	
112	0.00	5.595	
113	0.00	5.645	
114	0.00	5.695	
115	0.00	5.745	
116	0.00	5.795	
117	0.00	5.845	
118	0.00	5.895	
119	0.00	5.946	
120	0.00	5.996	
121	0.00	6.046	
122	0.00	6.097	
123	0.00	6.146	
124	0.00	6.196	
125	0.00	6.245	
126	0.00	6.295	
127	-0.02	6.346	
128	0.10	6.396	
129	0.54	6.446	
130	1.18	6.496	
131	1.80	6.546	
132	2.52	6.596	
133	3.32	6.646	
134	4.12	6.695	
135	4.78	6.746	
136	5.34	6.795	
137	5.64	6.845	
138	5.78	6.896	
139	5.74	6.946	
140	5.72	6.995	
141	5.68	7.046	
142	5.66	7.096	
143	5.64	7.145	
144	5.64	7.196	
145	5.62	7.245	
146	5.62	7.295	
147	5.60	7.346	
148	5.60	7.395	
149	5.60	7.446	
150	5.58	7.496	
151	5.58	7.546	
152	5.58	7.595	
153	5.58	7.645	
154	5.56	7.696	
155	5.56	7.745	
156	5.56	7.796	
157	5.56	7.845	
158	5.56	7.896	
159	5.54	7.945	
160	5.54	7.995	
161	5.54	8.045	
162	5.54	8.096	
163	5.54	8.145	
164	5.54	8.196	
165	5.52	8.246	
166	5.52	8.296	
167	5.52	8.345	
168	5.52	8.395	
169	5.52	8.445	
170	5.52	8.496	
171	5.52	8.545	
172	5.52	8.595	
173	5.50	8.645	
174	5.50	8.696	
175	5.50	8.746	
176	5.50	8.796	
177	5.50	8.846	
178	5.50	8.896	
179	5.50	8.946	
180	5.50	8.996	
181	5.50	9.046	
182	5.50	9.096	
183	5.50	9.145	
184	5.50	9.196	
185	5.50	9.246	
186	5.48	9.295	
187	5.48	9.345	
188	5.48	9.396	
189	5.48	9.445	
190	5.48	9.495	
191	5.48	9.545	
192	5.48	9.596	
193	5.48	9.645	
194	5.48	9.696	
195	5.48	9.746	
196	5.48	9.795	
197	5.48	9.847	
198	5.48	9.895	
199	5.48	9.946	
200	5.48	9.996	
201	5.46	10.046	
202	5.46	10.096	
203	5.46	10.145	
204	5.46	10.195	
205	5.46	10.246	
206	5.46	10.295	
207	5.46	10.345	
208	5.46	10.396	
209	5.46	10.445	
210	5.46	10.496	
211	5.46	10.545	
212	5.46	10.596	
213	5.46	10.645	
214	5.46	10.696	
215	5.46	10.746	
216	5.26	10.795	
217	4.06	10.846	
218	3.00	10.896	
219	2.20	10.946	
220	1.52	10.996	
221	1.06	11.045	
222	0.76	11.096	
223	0.58	11.145	
224	0.50	11.195	
225	0.48	11.245	
226	0.46	11.296	
227	0.44	11.345	
228	0.42	11.397	
229	0.42	11.446	
230	0.36	11.496	
231	0.36	11.546	
232	0.32	11.595	
233	0.22	11.646	
234	0.18	11.696	
235	0.04	11.745	
236	0.02	11.796	
237	0.02	11.846	
238	0.02	11.895	
239	0.02	11.946	
240	0.02	11.996	
241	0.02	12.046	
242	0.02	12.095	
243	0.02	12.145	
244	0.02	12.196	
245	0.02	12.246	
246	0.02	12.295	
247	0.02	12.345	
248	0.02	12.395	
249	0.02	12.445	
250	0.02	12.495	
251	0.02	12.546	
252	0.02	12.596	
253	0.02	12.645	
254	0.02	12.696	
255	0.02	12.746	
256	0.02	12.796	
257	0.02	12.845	
258	0.04	12.895	
259	0.02	12.946	
260	0.02	12.995	
