7/24/2024  4:48 PM
Units: N
Readings: Continuous
X-Axis: Time

Reading	Load	Time	
1	0.00	0.000	
2	0.00	0.054	
3	0.00	0.100	
4	0.00	0.150	
5	0.00	0.201	
6	0.00	0.250	
7	0.00	0.300	
8	0.00	0.350	
9	0.00	0.400	
10	0.00	0.450	
11	0.00	0.501	
12	0.00	0.550	
13	-0.02	0.600	
14	0.00	0.650	
15	0.00	0.701	
16	0.00	0.750	
17	-0.02	0.800	
18	0.00	0.850	
19	0.00	0.900	
20	0.00	0.950	
21	0.00	1.000	
22	0.00	1.050	
23	0.00	1.100	
24	-0.02	1.151	
25	-0.02	1.200	
26	0.00	1.251	
27	0.00	1.300	
28	0.00	1.350	
29	-0.02	1.400	
30	0.00	1.450	
31	0.00	1.500	
32	0.00	1.550	
33	-0.02	1.600	
34	-0.02	1.651	
35	-0.02	1.700	
36	0.00	1.750	
37	0.00	1.800	
38	-0.02	1.850	
39	-0.02	1.900	
40	-0.02	1.950	
41	-0.02	2.000	
42	-0.02	2.051	
43	0.00	2.100	
44	-0.02	2.150	
45	-0.02	2.200	
46	0.00	2.250	
47	-0.02	2.300	
48	-0.02	2.350	
49	-0.02	2.400	
50	-0.02	2.450	
51	-0.02	2.501	
52	0.00	2.550	
53	0.00	2.600	
54	0.00	2.650	
55	0.00	2.700	
56	0.00	2.750	
57	-0.02	2.800	
58	0.00	2.850	
59	-0.02	2.900	
60	-0.02	2.950	
61	-0.02	3.001	
62	0.00	3.050	
63	-0.02	3.101	
64	-0.02	3.150	
65	-0.02	3.200	
66	0.00	3.250	
67	-0.02	3.300	
68	-0.02	3.350	
69	-0.02	3.400	
70	-0.02	3.450	
71	-0.02	3.500	
72	-0.02	3.550	
73	-0.02	3.600	
74	-0.02	3.650	
75	-0.02	3.700	
76	-0.02	3.750	
77	-0.02	3.801	
78	-0.02	3.850	
79	-0.02	3.900	
80	-0.02	3.950	
81	-0.02	4.000	
82	-0.02	4.050	
83	-0.02	4.101	
84	-0.02	4.150	
85	-0.02	4.200	
86	-0.02	4.250	
87	-0.02	4.300	
88	-0.02	4.350	
89	-0.02	4.400	
90	-0.02	4.450	
91	-0.02	4.500	
92	-0.02	4.550	
93	-0.02	4.600	
94	-0.02	4.650	
95	-0.02	4.700	
96	-0.02	4.750	
97	0.00	4.800	
98	-0.02	4.850	
99	0.00	4.900	
100	0.04	4.951	
101	0.14	5.000	
102	0.32	5.050	
103	0.72	5.101	
104	0.78	5.150	
105	1.04	5.201	
106	1.34	5.251	
107	1.68	5.300	
108	2.00	5.351	
109	2.26	5.400	
110	2.40	5.450	
111	2.40	5.500	
112	2.42	5.550	
113	2.42	5.600	
114	2.42	5.650	
115	2.42	5.700	
116	2.42	5.750	
117	2.42	5.800	
118	2.42	5.851	
119	2.42	5.900	
120	2.42	5.950	
121	2.40	6.000	
122	2.40	6.050	
123	2.40	6.100	
124	2.40	6.150	
125	2.40	6.200	
126	2.40	6.250	
127	2.40	6.301	
128	2.40	6.350	
129	2.40	6.400	
130	2.40	6.451	
131	2.40	6.500	
132	2.40	6.550	
133	2.40	6.600	
134	2.40	6.650	
135	2.40	6.700	
136	2.40	6.750	
137	2.40	6.800	
138	2.40	6.850	
139	2.40	6.900	
140	2.40	6.950	
141	2.40	7.000	
142	2.40	7.050	
143	2.40	7.100	
144	2.40	7.150	
145	2.40	7.200	
146	2.40	7.250	
147	2.40	7.300	
148	2.40	7.350	
149	2.40	7.401	
150	2.40	7.450	
151	2.40	7.500	
152	2.40	7.551	
153	2.40	7.600	
154	2.40	7.650	
155	2.40	7.700	
156	2.40	7.751	
157	2.40	7.800	
158	2.40	7.850	
159	2.40	7.901	
160	2.40	7.950	
161	2.36	8.000	
162	2.08	8.050	
163	1.76	8.100	
164	1.32	8.150	
165	0.92	8.200	
166	0.62	8.250	
167	0.40	8.300	
168	0.26	8.350	
169	0.22	8.400	
170	0.20	8.450	
171	0.18	8.500	
172	0.18	8.550	
173	0.16	8.600	
174	0.12	8.650	
175	0.08	8.700	
176	0.06	8.750	
177	0.06	8.800	
178	0.06	8.850	
179	0.06	8.900	
180	0.04	8.950	
181	0.06	9.000	
182	0.04	9.050	
183	0.04	9.100	
184	0.04	9.150	
185	0.04	9.200	
186	0.04	9.250	
187	0.04	9.300	
188	0.04	9.350	
189	0.04	9.400	
190	0.04	9.450	
191	0.04	9.500	
192	0.04	9.551	
193	0.02	9.600	
194	0.02	9.650	
195	0.04	9.700	
196	0.02	9.750	
197	0.02	9.800	
198	0.02	9.850	
199	0.02	9.900	
200	0.02	9.950	
201	0.02	10.000	
202	0.02	10.050	
203	0.02	10.100	
204	0.02	10.150	
205	0.02	10.200	
206	0.02	10.250	
207	0.02	10.300	
208	0.02	10.351	
209	0.02	10.400	
210	0.02	10.450	
211	0.02	10.501	
212	0.02	10.550	
213	0.02	10.601	
214	0.02	10.650	
215	0.02	10.701	
216	0.02	10.750	
217	0.02	10.800	
218	0.02	10.850	
219	0.02	10.901	
220	0.02	10.950	
221	0.02	11.000	
222	0.02	11.050	
223	0.02	11.100	
224	0.02	11.150	
225	0.02	11.200	
226	0.02	11.250	
227	0.02	11.300	
228	0.02	11.350	
229	0.02	11.400	
230	0.02	11.450	
231	0.02	11.501	
232	0.02	11.550	
233	0.02	11.600	
234	0.02	11.651	
235	0.02	11.700	
236	0.00	11.750	
237	0.02	11.801	
238	0.02	11.850	
239	0.00	11.901	
240	0.02	11.950	
241	0.02	12.001	
242	0.02	12.050	
243	0.00	12.101	
244	0.00	12.150	
245	0.00	12.200	
246	0.00	12.250	
247	0.00	12.300	
248	0.00	12.350	
249	0.00	12.400	
250	0.00	12.451	
251	0.00	12.500	
252	0.00	12.550	
253	0.00	12.601	
254	0.00	12.650	
255	0.02	12.700	
256	0.10	12.750	
257	0.20	12.800	
258	0.40	12.850	
259	0.64	12.900	
260	0.86	12.950	
261	1.16	13.000	
262	1.44	13.050	
263	1.80	13.100	
264	2.14	13.150	
265	2.40	13.200	
266	2.54	13.250	
267	2.56	13.300	
268	2.58	13.350	
269	2.58	13.401	
270	2.58	13.450	
271	2.56	13.500	
272	2.58	13.550	
273	2.56	13.600	
274	2.56	13.650	
275	2.56	13.700	
276	2.56	13.750	
277	2.56	13.800	
278	2.56	13.850	
279	2.56	13.900	
280	2.56	13.950	
281	2.56	14.000	
282	2.56	14.050	
283	2.56	14.101	
284	2.56	14.150	
285	2.56	14.200	
286	2.56	14.250	
287	2.56	14.300	
288	2.56	14.350	
289	2.56	14.400	
290	2.56	14.450	
291	2.56	14.500	
292	2.56	14.551	
293	2.56	14.600	
294	2.56	14.650	
295	2.56	14.700	
296	2.56	14.750	
297	2.56	14.800	
298	2.56	14.851	
299	2.56	14.900	
300	2.56	14.950	
301	2.54	15.000	
302	2.56	15.050	
303	2.56	15.100	
304	2.56	15.151	
305	2.56	15.200	
306	2.56	15.250	
307	2.56	15.300	
308	2.56	15.350	
309	2.56	15.400	
310	2.54	15.450	
311	2.54	15.501	
312	2.56	15.550	
313	2.56	15.600	
314	2.56	15.650	
315	2.56	15.700	
316	2.54	15.750	
317	2.54	15.800	
318	2.56	15.850	
319	2.56	15.900	
320	2.56	15.950	
321	2.56	16.000	
322	2.54	16.050	
323	2.56	16.100	
324	2.52	16.150	
325	2.24	16.200	
326	1.92	16.250	
327	1.50	16.300	
328	1.06	16.350	
329	0.72	16.400	
330	0.50	16.450	
331	0.30	16.500	
332	0.24	16.550	
333	0.20	16.600	
334	0.18	16.650	
335	0.18	16.700	
336	0.16	16.751	
337	0.12	16.800	
338	0.08	16.850	
339	0.06	16.900	
340	0.04	16.951	
341	0.04	17.000	
342	0.04	17.050	
343	0.04	17.100	
344	0.02	17.150	
345	0.04	17.200	
346	0.02	17.250	
347	0.02	17.300	
348	0.02	17.350	
349	0.02	17.400	
350	0.02	17.450	
351	0.02	17.501	
352	0.02	17.550	
353	0.02	17.600	
354	0.02	17.650	
355	0.02	17.700	
356	0.02	17.750	
357	0.02	17.800	
358	0.02	17.850	
359	0.02	17.900	
360	0.00	17.950	
361	0.00	18.000	
362	0.00	18.050	
363	0.02	18.100	
364	0.00	18.151	
365	0.00	18.200	
366	0.02	18.250	
367	0.00	18.300	
368	0.00	18.350	
369	0.00	18.400	
370	0.02	18.450	
371	0.00	18.501	
372	0.00	18.550	
373	0.00	18.600	
374	0.00	18.650	
375	0.00	18.700	
376	0.00	18.750	
377	0.00	18.800	
378	0.00	18.850	
379	0.00	18.901	
380	0.00	18.950	
381	0.00	19.000	
382	0.00	19.050	
383	0.00	19.100	
384	0.00	19.150	
385	0.00	19.201	
386	0.00	19.250	
387	0.00	19.301	
388	0.00	19.350	
389	0.00	19.400	
390	0.00	19.450	
391	0.00	19.500	
392	0.00	19.550	
393	0.00	19.600	
394	0.00	19.650	
395	0.00	19.700	
396	0.00	19.750	
397	0.00	19.801	
398	0.00	19.850	
399	0.00	19.900	
400	0.00	19.951	
401	0.00	20.000	
402	0.00	20.051	
403	0.00	20.101	
404	0.00	20.150	
405	0.00	20.201	
406	0.00	20.250	
407	0.00	20.300	
408	0.00	20.350	
409	0.00	20.400	
410	0.00	20.450	
411	0.00	20.500	
412	0.00	20.551	
413	0.00	20.600	
414	0.00	20.650	
415	0.00	20.700	
416	0.00	20.750	
417	0.02	20.800	
418	0.02	20.850	
419	0.12	20.900	
420	0.26	20.951	
421	0.48	21.000	
422	0.70	21.050	
423	0.96	21.100	
424	1.26	21.150	
425	1.56	21.201	
426	1.92	21.250	
427	2.20	21.300	
428	2.38	21.351	
429	2.44	21.400	
430	2.44	21.450	
431	2.44	21.500	
432	2.44	21.550	
433	2.44	21.600	
434	2.44	21.650	
435	2.42	21.701	
436	2.44	21.751	
437	2.42	21.800	
438	2.44	21.850	
439	2.42	21.900	
440	2.42	21.951	
441	2.42	22.000	
442	2.42	22.050	
443	2.42	22.100	
444	2.42	22.150	
445	2.42	22.200	
446	2.42	22.250	
447	2.42	22.300	
448	2.42	22.350	
449	2.42	22.400	
450	2.42	22.451	
451	2.42	22.500	
452	2.42	22.550	
453	2.42	22.601	
454	2.42	22.650	
455	2.42	22.700	
456	2.42	22.750	
457	2.42	22.800	
458	2.42	22.850	
459	2.42	22.900	
460	2.42	22.950	
461	2.42	23.001	
462	2.42	23.050	
463	2.42	23.100	
464	2.42	23.150	
465	2.42	23.200	
466	2.42	23.250	
467	2.42	23.300	
468	2.42	23.350	
469	2.42	23.400	
470	2.42	23.450	
471	2.42	23.500	
472	2.42	23.550	
473	2.42	23.600	
474	2.42	23.651	
475	2.42	23.700	
476	2.42	23.750	
477	2.42	23.800	
478	2.42	23.850	
479	2.42	23.900	
480	2.42	23.951	
481	2.42	24.000	
482	2.42	24.050	
483	2.42	24.100	
484	2.42	24.150	
485	2.42	24.200	
486	2.42	24.250	
487	2.36	24.300	
488	2.10	24.350	
489	1.74	24.400	
490	1.32	24.450	
491	0.92	24.500	
492	0.62	24.550	
493	0.42	24.600	
494	0.28	24.651	
495	0.22	24.700	
496	0.20	24.750	
497	0.18	24.801	
498	0.18	24.851	
499	0.16	24.900	
500	0.12	24.950	
501	0.08	25.000	
502	0.06	25.050	
503	0.06	25.100	
504	0.06	25.150	
505	0.04	25.200	
506	0.04	25.250	
507	0.04	25.300	
508	0.04	25.350	
509	0.04	25.401	
510	0.04	25.450	
511	0.02	25.500	
512	0.04	25.550	
513	0.02	25.600	
514	0.02	25.650	
515	0.02	25.700	
516	0.02	25.750	
517	0.02	25.800	
518	0.02	25.850	
519	0.02	25.900	
520	0.02	25.950	
521	0.02	26.000	
522	0.02	26.050	
523	0.02	26.100	
524	0.02	26.151	
525	0.02	26.200	
526	0.02	26.250	
527	0.02	26.300	
528	0.02	26.351	
529	0.02	26.400	
530	0.02	26.450	
531	0.02	26.500	
532	0.02	26.550	
533	0.02	26.600	
534	0.02	26.650	
535	0.02	26.700	
536	0.00	26.750	
537	0.00	26.800	
538	0.00	26.850	
539	0.00	26.900	
540	0.00	26.950	
541	0.00	27.000	
542	0.02	27.050	
543	0.00	27.100	
544	0.02	27.151	
545	0.00	27.200	
546	0.00	27.250	
547	0.00	27.300	
548	0.00	27.350	
549	0.00	27.400	
550	0.00	27.450	
551	0.00	27.500	
552	0.00	27.550	
553	0.00	27.600	
554	0.00	27.650	
555	0.00	27.700	
556	0.00	27.750	
557	0.00	27.800	
558	0.00	27.850	
559	0.00	27.900	
560	0.00	27.950	
561	0.00	28.000	
562	0.00	28.050	
563	0.00	28.100	
564	0.04	28.150	
565	0.06	28.200	
566	0.16	28.250	
567	0.32	28.300	
568	0.54	28.350	
569	0.76	28.400	
570	1.02	28.450	
571	1.32	28.500	
572	1.64	28.550	
573	1.98	28.600	
574	2.24	28.650	
575	2.40	28.700	
576	2.44	28.750	
577	2.44	28.800	
578	2.44	28.850	
579	2.44	28.900	
580	2.44	28.950	
581	2.44	29.000	
582	2.44	29.050	
583	2.44	29.100	
584	2.44	29.150	
585	2.44	29.200	
586	2.44	29.250	
587	2.44	29.300	
588	2.42	29.350	
589	2.42	29.400	
590	2.42	29.450	
591	2.42	29.500	
592	2.42	29.550	
593	2.42	29.600	
594	2.42	29.650	
595	2.42	29.700	
596	2.42	29.750	
597	2.42	29.800	
598	2.42	29.850	
599	2.42	29.900	
600	2.42	29.950	
601	2.42	30.000	
602	2.42	30.050	
603	2.42	30.100	
604	2.42	30.150	
605	2.42	30.200	
606	2.42	30.250	
607	2.42	30.300	
608	2.42	30.350	
609	2.42	30.400	
610	2.42	30.450	
611	2.42	30.500	
612	2.42	30.550	
613	2.42	30.600	
614	2.42	30.650	
615	2.42	30.700	
616	2.42	30.750	
617	2.42	30.800	
618	2.42	30.850	
619	2.42	30.900	
620	2.42	30.950	
621	2.42	31.000	
622	2.42	31.050	
623	2.42	31.100	
624	2.42	31.151	
625	2.42	31.200	
626	2.42	31.250	
627	2.42	31.300	
628	2.42	31.350	
629	2.42	31.400	
630	2.42	31.450	
631	2.42	31.500	
632	2.42	31.550	
633	2.42	31.600	
634	2.42	31.650	
635	2.42	31.700	
636	2.38	31.750	
637	2.12	31.800	
638	1.78	31.850	
639	1.36	31.900	
640	0.96	31.950	
641	0.64	32.000	
642	0.42	32.050	
643	0.28	32.100	
644	0.24	32.150	
645	0.20	32.200	
646	0.18	32.250	
647	0.18	32.300	
648	0.18	32.350	
649	0.12	32.400	
650	0.08	32.450	
651	0.06	32.501	
652	0.06	32.550	
653	0.06	32.600	
654	0.06	32.650	
655	0.04	32.700	
656	0.04	32.750	
657	0.04	32.800	
658	0.04	32.851	
659	0.04	32.900	
660	0.04	32.950	
661	0.04	33.000	
662	0.04	33.050	
663	0.04	33.100	
664	0.04	33.150	
665	0.04	33.200	
666	0.02	33.250	
667	0.02	33.300	
668	0.02	33.350	
669	0.02	33.400	
670	0.02	33.450	
671	0.02	33.501	
672	0.02	33.550	
673	0.02	33.600	
674	0.02	33.650	
675	0.02	33.700	
676	0.02	33.750	
677	0.02	33.800	
678	0.02	33.850	
679	0.02	33.900	
680	0.02	33.950	
681	0.02	34.000	
682	0.02	34.051	
683	0.02	34.100	
684	0.02	34.150	
685	0.02	34.200	
686	0.02	34.250	
687	0.02	34.300	
688	0.02	34.350	
689	0.02	34.400	
690	0.02	34.450	
691	0.02	34.500	
692	0.02	34.550	
693	0.00	34.600	
694	0.02	34.650	
695	0.02	34.700	
696	0.02	34.750	
697	0.02	34.800	
698	0.02	34.851	
699	0.02	34.900	
700	0.00	34.950	
701	0.00	35.000	
702	0.02	35.051	
703	0.00	35.100	
704	0.00	35.151	
705	0.02	35.201	
706	0.02	35.250	
707	0.00	35.300	
708	0.00	35.350	
709	0.00	35.400	
710	0.00	35.450	
711	0.00	35.500	
712	0.00	35.550	
713	0.00	35.600	
714	0.00	35.650	
715	0.00	35.700	
716	0.00	35.750	
717	0.00	35.800	
718	0.02	35.850	
719	0.04	35.900	
720	0.10	35.950	
721	0.22	36.000	
722	0.42	36.050	
723	0.64	36.100	
724	0.88	36.150	
725	1.16	36.200	
726	1.46	36.250	
727	1.78	36.301	
728	2.06	36.350	
729	2.26	36.400	
730	2.30	36.450	
731	2.32	36.500	
732	2.32	36.550	
733	2.32	36.600	
734	2.32	36.650	
735	2.32	36.700	
736	2.32	36.750	
737	2.32	36.800	
738	2.30	36.850	
739	2.30	36.900	
740	2.30	36.950	
741	2.30	37.000	
742	2.30	37.050	
743	2.30	37.100	
744	2.30	37.150	
745	2.30	37.200	
746	2.30	37.250	
747	2.30	37.300	
748	2.30	37.350	
749	2.30	37.400	
750	2.30	37.450	
751	2.30	37.501	
752	2.30	37.550	
753	2.30	37.600	
754	2.30	37.650	
755	2.30	37.700	
756	2.30	37.750	
757	2.30	37.800	
758	2.30	37.850	
759	2.30	37.900	
760	2.30	37.951	
761	2.30	38.000	
762	2.30	38.050	
763	2.30	38.100	
764	2.30	38.150	
765	2.30	38.200	
766	2.30	38.250	
767	2.30	38.300	
768	2.30	38.350	
769	2.30	38.400	
770	2.30	38.450	
771	2.30	38.500	
772	2.30	38.550	
773	2.30	38.600	
774	2.30	38.650	
775	2.30	38.701	
776	2.30	38.750	
777	2.30	38.800	
778	2.30	38.851	
779	2.30	38.900	
780	2.30	38.950	
781	2.30	39.000	
782	2.30	39.050	
783	2.30	39.100	
784	2.30	39.150	
785	2.30	39.200	
786	2.30	39.250	
787	2.30	39.300	
788	2.30	39.350	
789	2.30	39.400	
790	2.30	39.450	
791	2.30	39.500	
792	2.16	39.551	
793	1.88	39.600	
794	1.50	39.650	
795	1.08	39.701	
796	0.74	39.750	
797	0.48	39.800	
798	0.32	39.851	
799	0.24	39.900	
800	0.22	39.950	
801	0.20	40.000	
802	0.18	40.050	
803	0.18	40.100	
804	0.10	40.153	
805	0.10	40.201	
806	0.08	40.250	
807	0.06	40.301	
808	0.06	40.350	
809	0.06	40.400	
810	0.06	40.450	
811	0.06	40.500	
812	0.04	40.550	
813	0.04	40.600	
814	0.04	40.650	
815	0.04	40.700	
816	0.04	40.750	
817	0.04	40.800	
818	0.04	40.850	
819	0.04	40.900	
820	0.04	40.950	
821	0.04	41.000	
822	0.04	41.050	
823	0.04	41.100	
824	0.04	41.150	
825	0.04	41.200	
826	0.04	41.250	
827	0.04	41.300	
828	0.04	41.350	
829	0.02	41.400	
830	0.04	41.450	
831	0.02	41.501	
832	0.02	41.550	
833	0.02	41.600	
834	0.02	41.650	
835	0.02	41.700	
836	0.02	41.750	
837	0.02	41.800	
838	0.02	41.850	
839	0.02	41.900	
840	0.02	41.950	
841	0.02	42.001	
842	0.02	42.050	
843	0.02	42.100	
844	0.02	42.150	
845	0.02	42.200	
846	0.02	42.251	
847	0.02	42.300	
848	0.02	42.350	
849	0.02	42.400	
850	0.02	42.450	
851	0.02	42.500	
852	0.02	42.550	
853	0.02	42.600	
854	0.02	42.650	
855	0.02	42.700	
856	0.02	42.750	
857	0.02	42.800	
858	0.02	42.850	
859	0.02	42.900	
860	0.02	42.950	
861	0.02	43.000	
862	0.02	43.051	
863	0.02	43.100	
864	0.02	43.150	
865	0.02	43.200	
866	0.02	43.250	
867	0.02	43.300	
868	0.02	43.350	
869	0.02	43.400	
870	0.04	43.450	
871	0.10	43.500	
872	0.20	43.550	
873	0.38	43.600	
874	0.62	43.650	
875	0.84	43.700	
876	1.12	43.750	
877	1.40	43.800	
878	1.74	43.850	
879	2.04	43.901	
880	2.30	43.951	
881	2.40	44.000	
882	2.40	44.050	
883	2.42	44.101	
884	2.40	44.150	
885	2.40	44.200	
886	2.40	44.250	
887	2.40	44.300	
888	2.40	44.350	
889	2.40	44.400	
890	2.40	44.450	
891	2.40	44.500	
892	2.40	44.550	
893	2.40	44.600	
894	2.40	44.650	
895	2.40	44.700	
896	2.40	44.750	
897	2.40	44.800	
898	2.40	44.850	
899	2.40	44.900	
900	2.40	44.950	
901	2.40	45.000	
902	2.40	45.051	
903	2.40	45.100	
904	2.40	45.153	
905	2.40	45.200	
906	2.40	45.250	
907	2.40	45.300	
908	2.40	45.350	
909	2.40	45.400	
910	2.40	45.451	
911	2.40	45.500	
912	2.40	45.551	
913	2.40	45.600	
914	2.40	45.650	
915	2.40	45.700	
916	2.40	45.750	
917	2.40	45.800	
918	2.40	45.851	
919	2.40	45.900	
920	2.40	45.950	
921	2.40	46.000	
922	2.40	46.050	
923	2.40	46.100	
924	2.40	46.150	
925	2.40	46.200	
926	2.40	46.250	
927	2.40	46.300	
928	2.40	46.350	
929	2.40	46.400	
930	2.40	46.450	
931	2.40	46.500	
932	2.40	46.551	
933	2.40	46.601	
934	2.40	46.650	
935	2.40	46.701	
936	2.40	46.750	
937	2.40	46.800	
938	2.40	46.850	
939	2.40	46.900	
940	2.40	46.950	
941	2.40	47.000	
942	2.40	47.050	
943	2.40	47.100	
944	2.40	47.150	
945	2.40	47.200	
946	2.40	47.250	
947	2.40	47.300	
948	2.40	47.350	
949	2.14	47.400	
950	1.84	47.450	
951	1.42	47.500	
952	1.02	47.550	
953	0.68	47.600	
954	0.46	47.650	
955	0.30	47.700	
956	0.24	47.750	
957	0.20	47.800	
958	0.20	47.851	
959	0.18	47.904	
960	0.18	47.950	
961	0.14	48.000	
962	0.10	48.050	
963	0.08	48.100	
964	0.06	48.150	
965	0.06	48.201	
966	0.06	48.250	
967	0.06	48.300	
968	0.06	48.350	
969	0.06	48.400	
970	0.06	48.450	
971	0.06	48.500	
972	0.06	48.550	
973	0.04	48.600	
974	0.04	48.650	
975	0.04	48.700	
976	0.04	48.750	
977	0.04	48.800	
978	0.04	48.850	
979	0.04	48.900	
980	0.04	48.951	
981	0.04	49.000	
982	0.04	49.050	
983	0.04	49.100	
984	0.04	49.150	
985	0.04	49.200	
986	0.04	49.250	
987	0.04	49.300	
988	0.04	49.350	
989	0.04	49.400	
990	0.04	49.451	
991	0.04	49.500	
992	0.04	49.550	
993	0.02	49.600	
994	0.04	49.650	
995	0.04	49.700	
996	0.02	49.750	
997	0.04	49.800	
998	0.02	49.850	
999	0.02	49.900	
1000	0.02	49.951	
1001	0.02	50.004	
1002	0.02	50.050	
1003	0.02	50.110	
1004	0.02	50.150	
1005	0.02	50.200	
1006	0.02	50.250	
1007	0.02	50.300	
1008	0.02	50.350	
1009	0.02	50.400	
1010	0.02	50.450	
1011	0.02	50.500	
1012	0.02	50.550	
1013	0.02	50.600	
1014	0.02	50.650	
1015	0.02	50.700	
1016	0.02	50.750	
1017	0.02	50.800	
1018	0.02	50.850	
1019	0.02	50.900	
1020	0.02	50.950	
1021	0.02	51.000	
1022	0.02	51.050	
1023	0.02	51.100	
1024	0.02	51.150	
1025	0.02	51.200	
1026	0.02	51.250	
1027	0.02	51.300	
1028	0.02	51.350	
1029	0.02	51.401	
1030	0.02	51.450	
1031	0.02	51.500	
1032	0.02	51.550	
1033	0.04	51.600	
1034	0.04	51.650	
1035	0.14	51.700	
1036	0.26	51.750	
1037	0.48	51.800	
1038	0.70	51.851	
1039	0.94	51.900	
1040	1.24	51.950	
1041	1.54	52.001	
1042	1.88	52.050	
1043	2.14	52.100	
1044	2.30	52.150	
1045	2.34	52.200	
1046	2.34	52.250	
1047	2.34	52.300	
1048	2.34	52.350	
1049	2.34	52.400	
1050	2.34	52.451	
1051	2.34	52.500	
1052	2.34	52.550	
1053	2.34	52.600	
1054	2.34	52.651	
1055	2.34	52.700	
1056	2.34	52.750	
1057	2.34	52.800	
1058	2.34	52.850	
1059	2.34	52.900	
1060	2.34	52.950	
1061	2.34	53.000	
1062	2.34	53.050	
1063	2.34	53.100	
1064	2.34	53.150	
1065	2.34	53.200	
1066	2.34	53.251	
1067	2.34	53.300	
1068	2.34	53.350	
1069	2.34	53.400	
1070	2.34	53.450	
1071	2.34	53.500	
1072	2.34	53.550	
1073	2.34	53.600	
1074	2.34	53.650	
1075	2.34	53.700	
1076	2.34	53.750	
1077	2.34	53.800	
1078	2.34	53.851	
1079	2.34	53.900	
1080	2.34	53.950	
1081	2.34	54.000	
1082	2.34	54.050	
1083	2.34	54.100	
1084	2.34	54.150	
1085	2.34	54.200	
1086	2.32	54.250	
1087	2.34	54.300	
1088	2.32	54.351	
1089	2.34	54.400	
1090	2.34	54.450	
1091	2.34	54.500	
1092	2.34	54.550	
1093	2.34	54.600	
1094	2.32	54.650	
1095	2.34	54.700	
1096	2.34	54.750	
1097	2.34	54.800	
1098	2.32	54.850	
1099	2.34	54.901	
1100	2.34	54.950	
1101	2.34	55.000	
1102	2.34	55.050	
1103	2.34	55.100	
1104	2.32	55.157	
1105	2.32	55.200	
1106	2.34	55.250	
1107	2.32	55.300	
1108	2.32	55.350	
1109	2.32	55.401	
1110	2.32	55.450	
1111	2.34	55.501	
1112	2.22	55.550	
1113	1.96	55.600	
1114	1.58	55.651	
1115	1.16	55.700	
1116	0.82	55.750	
1117	0.54	55.800	
1118	0.36	55.850	
1119	0.26	55.900	
1120	0.22	55.950	
1121	0.20	56.000	
1122	0.18	56.050	
1123	0.18	56.100	
1124	0.16	56.150	
1125	0.12	56.200	
1126	0.08	56.250	
1127	0.08	56.300	
1128	0.06	56.350	
1129	0.06	56.400	
1130	0.06	56.450	
1131	0.06	56.500	
1132	0.06	56.550	
1133	0.06	56.600	
1134	0.06	56.651	
1135	0.06	56.700	
1136	0.06	56.750	
1137	0.06	56.800	
1138	0.04	56.850	
1139	0.04	56.900	
1140	0.04	56.950	
1141	0.04	57.000	
1142	0.06	57.050	
1143	0.04	57.100	
1144	0.04	57.150	
1145	0.04	57.200	
1146	0.04	57.250	
1147	0.04	57.300	
1148	0.04	57.350	
1149	0.04	57.400	
1150	0.04	57.450	
1151	0.04	57.500	
1152	0.04	57.550	
1153	0.04	57.600	
1154	0.04	57.651	
1155	0.04	57.700	
1156	0.04	57.751	
1157	0.04	57.800	
1158	0.04	57.850	
1159	0.04	57.900	
1160	0.02	57.950	
1161	0.04	58.000	
1162	0.04	58.050	
1163	0.04	58.100	
1164	0.02	58.150	
1165	0.02	58.200	
1166	0.02	58.250	
1167	0.02	58.300	
1168	0.04	58.350	
1169	0.02	58.400	
1170	0.04	58.450	
1171	0.02	58.500	
1172	0.04	58.550	
1173	0.02	58.600	
1174	0.02	58.650	
1175	0.02	58.700	
1176	0.02	58.750	
1177	0.02	58.800	
1178	0.02	58.850	
1179	0.02	58.900	
1180	0.02	58.950	
1181	0.02	59.000	
1182	0.02	59.050	
1183	0.02	59.100	
1184	0.02	59.150	
1185	0.02	59.200	
1186	0.02	59.250	
1187	0.02	59.300	
1188	0.02	59.350	
1189	0.02	59.400	
1190	0.02	59.450	
1191	0.02	59.500	
1192	0.02	59.550	
1193	0.02	59.601	
1194	0.02	59.650	
1195	0.02	59.701	
1196	0.02	59.750	
1197	0.02	59.800	
1198	0.02	59.850	
1199	0.02	59.900	
1200	0.02	59.950	
1201	0.02	60.000	
1202	0.06	60.051	
1203	0.12	60.100	
1204	0.38	60.158	
1205	0.46	60.201	
1206	0.66	60.250	
1207	0.88	60.300	
1208	1.16	60.350	
1209	1.44	60.400	
1210	1.78	60.450	
1211	2.08	60.500	
1212	2.30	60.550	
1213	2.38	60.600	
1214	2.40	60.650	
1215	2.38	60.700	
1216	2.40	60.750	
1217	2.38	60.800	
1218	2.40	60.850	
1219	2.38	60.900	
1220	2.38	60.950	
1221	2.38	61.000	
1222	2.38	61.050	
1223	2.38	61.101	
1224	2.38	61.150	
1225	2.38	61.201	
1226	2.38	61.250	
1227	2.38	61.300	
1228	2.38	61.350	
1229	2.38	61.400	
1230	2.38	61.450	
1231	2.38	61.500	
1232	2.38	61.550	
1233	2.38	61.600	
1234	2.38	61.650	
1235	2.38	61.700	
1236	2.38	61.751	
1237	2.38	61.800	
1238	2.38	61.850	
1239	2.38	61.900	
1240	2.38	61.950	
1241	2.38	62.000	
1242	2.38	62.050	
1243	2.38	62.100	
1244	2.38	62.150	
1245	2.38	62.200	
1246	2.38	62.250	
1247	2.38	62.300	
1248	2.38	62.350	
1249	2.38	62.400	
1250	2.38	62.450	
1251	2.38	62.500	
1252	2.36	62.550	
1253	2.38	62.600	
1254	2.38	62.650	
1255	2.38	62.700	
1256	2.38	62.750	
1257	2.38	62.800	
1258	2.38	62.850	
1259	2.38	62.900	
1260	2.38	62.950	
1261	2.38	63.000	
1262	2.38	63.050	
1263	2.38	63.100	
1264	2.38	63.150	
1265	2.38	63.200	
1266	2.38	63.250	
1267	2.38	63.300	
1268	2.38	63.350	
1269	2.38	63.400	
1270	2.38	63.450	
1271	2.38	63.500	
1272	2.38	63.550	
1273	2.38	63.600	
1274	2.38	63.650	
1275	2.38	63.700	
1276	2.38	63.750	
1277	2.36	63.800	
1278	2.38	63.850	
1279	2.38	63.901	
1280	2.38	63.950	
1281	2.38	64.000	
1282	2.36	64.050	
1283	2.10	64.100	
1284	1.78	64.150	
1285	1.38	64.200	
1286	0.98	64.250	
1287	0.66	64.300	
1288	0.44	64.350	
1289	0.28	64.400	
1290	0.24	64.450	
1291	0.20	64.500	
1292	0.20	64.550	
1293	0.20	64.601	
1294	0.18	64.650	
1295	0.14	64.700	
1296	0.10	64.751	
1297	0.08	64.800	
1298	0.06	64.850	
1299	0.08	64.900	
1300	0.06	64.950	
1301	0.06	65.000	
1302	0.06	65.050	
1303	0.06	65.100	
1304	0.06	65.162	
1305	0.06	65.200	
1306	0.06	65.251	
1307	0.06	65.300	
1308	0.06	65.350	
1309	0.06	65.400	
1310	0.06	65.450	
1311	0.06	65.500	
1312	0.06	65.550	
1313	0.06	65.600	
1314	0.04	65.650	
1315	0.04	65.700	
1316	0.04	65.750	
1317	0.04	65.800	
1318	0.04	65.850	
1319	0.04	65.900	
1320	0.04	65.950	
1321	0.04	66.000	
1322	0.04	66.050	
1323	0.04	66.100	
1324	0.04	66.150	
1325	0.04	66.200	
1326	0.04	66.251	
1327	0.04	66.300	
1328	0.04	66.350	
1329	0.04	66.400	
1330	0.04	66.450	
1331	0.04	66.500	
1332	0.04	66.550	
1333	0.04	66.600	
1334	0.04	66.650	
1335	0.04	66.700	
1336	0.04	66.750	
1337	0.04	66.800	
1338	0.04	66.850	
1339	0.04	66.900	
1340	0.04	66.950	
1341	0.04	67.001	
1342	0.04	67.051	
1343	0.04	67.100	
1344	0.04	67.150	
1345	0.04	67.200	
1346	0.04	67.250	
1347	0.04	67.300	
1348	0.04	67.350	
1349	0.04	67.400	
1350	0.02	67.450	
1351	0.04	67.500	
1352	0.02	67.550	
1353	0.04	67.600	
1354	0.04	67.650	
1355	0.02	67.701	
1356	0.02	67.751	
1357	0.02	67.800	
1358	0.04	67.850	
1359	0.02	67.901	
1360	0.02	67.950	
1361	0.02	68.000	
1362	0.02	68.050	
1363	0.02	68.100	
1364	0.02	68.150	
1365	0.04	68.200	
1366	0.06	68.250	
1367	0.10	68.301	
1368	0.20	68.351	
1369	0.40	68.400	
1370	0.62	68.450	
1371	0.84	68.500	
1372	1.10	68.550	
1373	1.40	68.600	
1374	1.72	68.651	
1375	2.02	68.700	
1376	2.24	68.751	
1377	2.32	68.800	
1378	2.32	68.850	
1379	2.32	68.901	
1380	2.32	68.950	
1381	2.32	69.000	
1382	2.32	69.050	
1383	2.32	69.100	
1384	2.30	69.151	
1385	2.32	69.200	
1386	2.32	69.250	
1387	2.32	69.300	
1388	2.32	69.350	
1389	2.32	69.401	
1390	2.30	69.450	
1391	2.30	69.500	
1392	2.32	69.550	
1393	2.30	69.600	
1394	2.32	69.650	
1395	2.30	69.700	
1396	2.30	69.751	
1397	2.32	69.800	
1398	2.30	69.850	
1399	2.30	69.901	
1400	2.30	69.950	
1401	2.30	70.000	
1402	2.30	70.050	
1403	2.30	70.100	
1404	2.30	70.161	
1405	2.30	70.201	
1406	2.30	70.250	
1407	2.30	70.300	
1408	2.30	70.350	
1409	2.30	70.400	
1410	2.30	70.450	
1411	2.30	70.500	
1412	2.30	70.550	
1413	2.30	70.600	
1414	2.30	70.650	
1415	2.30	70.700	
1416	2.30	70.750	
1417	2.30	70.800	
1418	2.30	70.850	
1419	2.30	70.900	
1420	2.30	70.950	
1421	2.30	71.000	
1422	2.30	71.050	
1423	2.30	71.101	
1424	2.30	71.158	
1425	2.30	71.200	
1426	2.30	71.250	
1427	2.30	71.300	
1428	2.30	71.350	
1429	2.30	71.400	
1430	2.30	71.451	
1431	2.30	71.500	
1432	2.30	71.550	
1433	2.30	71.600	
1434	2.30	71.650	
1435	2.30	71.700	
1436	2.30	71.750	
1437	2.30	71.800	
1438	2.30	71.851	
1439	2.30	71.900	
1440	2.30	71.950	
1441	2.30	72.000	
1442	2.30	72.050	
1443	2.30	72.100	
1444	2.30	72.150	
1445	2.30	72.200	
1446	2.30	72.250	
1447	2.30	72.300	
1448	2.18	72.359	
1449	2.08	72.401	
1450	1.86	72.450	
1451	1.46	72.500	
1452	1.06	72.550	
1453	0.72	72.600	
1454	0.48	72.650	
1455	0.32	72.700	
1456	0.22	72.759	
1457	0.22	72.800	
1458	0.20	72.850	
1459	0.20	72.900	
1460	0.18	72.950	
1461	0.16	73.000	
1462	0.10	73.050	
1463	0.08	73.100	
1464	0.08	73.150	
1465	0.08	73.200	
1466	0.08	73.250	
1467	0.06	73.301	
1468	0.06	73.350	
1469	0.06	73.400	
1470	0.06	73.450	
1471	0.06	73.500	
1472	0.06	73.550	
1473	0.06	73.600	
1474	0.06	73.651	
1475	0.06	73.700	
1476	0.06	73.750	
1477	0.06	73.800	
1478	0.06	73.850	
1479	0.06	73.900	
1480	0.06	73.950	
1481	0.06	74.000	
1482	0.06	74.050	
1483	0.06	74.100	
1484	0.04	74.150	
1485	0.04	74.200	
1486	0.06	74.250	
1487	0.04	74.300	
1488	0.04	74.350	
1489	0.04	74.400	
1490	0.06	74.451	
1491	0.04	74.500	
1492	0.04	74.551	
1493	0.04	74.600	
1494	0.04	74.650	
1495	0.04	74.700	
1496	0.04	74.750	
1497	0.04	74.800	
1498	0.04	74.850	
1499	0.04	74.900	
1500	0.04	74.951	
1501	0.04	75.000	
1502	0.04	75.050	
1503	0.04	75.100	
1504	0.04	75.150	
1505	0.04	75.200	
1506	0.04	75.251	
1507	0.04	75.300	
1508	0.04	75.350	
1509	0.04	75.400	
1510	0.04	75.450	
1511	0.04	75.500	
1512	0.04	75.550	
1513	0.04	75.600	
1514	0.04	75.650	
1515	0.04	75.700	
1516	0.04	75.750	
1517	0.04	75.800	
1518	0.04	75.850	
1519	0.04	75.900	
1520	0.04	75.950	
1521	0.04	76.000	
1522	0.04	76.050	
1523	0.04	76.100	
1524	0.04	76.150	
1525	0.04	76.200	
1526	0.04	76.251	
1527	0.04	76.300	
1528	0.04	76.350	
1529	0.04	76.400	
1530	0.04	76.450	
1531	0.04	76.500	
1532	0.04	76.550	
1533	0.04	76.600	
1534	0.04	76.650	
1535	0.02	76.700	
1536	0.04	76.750	
1537	0.04	76.800	
1538	0.08	76.850	
1539	0.18	76.901	
1540	0.34	76.951	
1541	0.58	77.000	
1542	0.80	77.050	
1543	1.06	77.100	
1544	1.36	77.150	
1545	1.66	77.200	
1546	2.00	77.250	
1547	2.24	77.301	
1548	2.36	77.351	
1549	2.38	77.400	
1550	2.38	77.450	
1551	2.38	77.501	
1552	2.38	77.550	
1553	2.38	77.600	
1554	2.38	77.650	
1555	2.38	77.700	
1556	2.38	77.750	
1557	2.36	77.800	
1558	2.38	77.850	
1559	2.38	77.900	
1560	2.36	77.950	
1561	2.36	78.000	
1562	2.36	78.050	
1563	2.36	78.100	
1564	2.36	78.150	
1565	2.36	78.200	
1566	2.36	78.250	
1567	2.36	78.300	
1568	2.36	78.350	
1569	2.36	78.400	
1570	2.36	78.450	
1571	2.36	78.500	
1572	2.36	78.550	
1573	2.36	78.600	
1574	2.36	78.650	
1575	2.36	78.701	
1576	2.36	78.750	
1577	2.36	78.813	
1578	2.36	78.850	
1579	2.36	78.909	
1580	2.36	78.950	
1581	2.36	79.002	
1582	2.36	79.050	
1583	2.36	79.100	
1584	2.36	79.151	
1585	2.36	79.201	
1586	2.36	79.262	
1587	2.36	79.300	
1588	2.36	79.359	
1589	2.36	79.400	
1590	2.36	79.454	
1591	2.36	79.500	
1592	2.36	79.550	
1593	2.36	79.600	
1594	2.36	79.650	
1595	2.36	79.700	
1596	2.36	79.750	
1597	2.36	79.800	
1598	2.36	79.850	
1599	2.36	79.900	
1600	2.36	79.950	
1601	2.36	80.000	
1602	2.36	80.050	
1603	2.36	80.100	
1604	2.36	80.200	
1605	2.36	80.250	
1606	2.36	80.307	
1607	2.36	80.350	
1608	2.36	80.400	
1609	2.36	80.451	
1610	2.36	80.500	
1611	2.36	80.550	
1612	2.36	80.600	
1613	2.20	80.650	
1614	1.92	80.700	
1615	1.52	80.750	
1616	1.10	80.800	
1617	0.76	80.850	
1618	0.50	80.900	
1619	0.34	80.950	
1620	0.24	81.000	
1621	0.22	81.050	
1622	0.20	81.100	
1623	0.20	81.150	
1624	0.20	81.200	
1625	0.16	81.250	
1626	0.12	81.300	
1627	0.08	81.350	
1628	0.08	81.400	
1629	0.08	81.450	
1630	0.08	81.501	
1631	0.06	81.550	
1632	0.08	81.600	
1633	0.06	81.650	
1634	0.06	81.700	
1635	0.06	81.750	
1636	0.06	81.800	
1637	0.06	81.850	
1638	0.06	81.900	
1639	0.06	81.950	
1640	0.06	82.000	
1641	0.06	82.050	
1642	0.06	82.100	
1643	0.06	82.150	
1644	0.06	82.200	
1645	0.06	82.250	
1646	0.06	82.300	
1647	0.06	82.350	
1648	0.06	82.400	
1649	0.06	82.450	
1650	0.06	82.500	
1651	0.06	82.550	
1652	0.04	82.600	
1653	0.04	82.650	
1654	0.04	82.700	
1655	0.04	82.750	
1656	0.04	82.800	
1657	0.04	82.850	
1658	0.04	82.900	
1659	0.04	82.950	
1660	0.04	83.000	
1661	0.04	83.050	
1662	0.04	83.100	
1663	0.04	83.150	
1664	0.04	83.200	
1665	0.04	83.250	
1666	0.04	83.300	
1667	0.04	83.350	
1668	0.04	83.400	
1669	0.04	83.450	
1670	0.04	83.500	
1671	0.04	83.550	
1672	0.04	83.600	
1673	0.04	83.650	
1674	0.04	83.700	
1675	0.04	83.750	
1676	0.04	83.800	
1677	0.04	83.850	
1678	0.04	83.900	
1679	0.04	83.950	
1680	0.04	84.000	
1681	0.04	84.050	
1682	0.04	84.100	
