7/25/2024  10:25 AM
Units: N
Readings: Continuous
X-Axis: Time

Reading	Load	Time	
1	-0.02	0.000	
2	0.00	0.100	
3	0.00	0.151	
4	0.00	0.200	
5	0.00	0.251	
6	0.00	0.300	
7	0.00	0.350	
8	0.00	0.400	
9	0.00	0.451	
10	0.00	0.500	
11	0.00	0.550	
12	0.00	0.601	
13	0.00	0.650	
14	0.00	0.701	
15	0.00	0.750	
16	0.00	0.800	
17	0.00	0.850	
18	0.00	0.901	
19	0.00	0.950	
20	0.00	1.000	
21	0.00	1.051	
22	0.00	1.100	
23	0.00	1.150	
24	0.00	1.200	
25	0.00	1.250	
26	0.00	1.300	
27	0.00	1.350	
28	0.00	1.400	
29	0.00	1.450	
30	0.00	1.500	
31	0.00	1.550	
32	0.00	1.601	
33	0.00	1.650	
34	0.00	1.700	
35	0.00	1.750	
36	0.00	1.800	
37	0.00	1.851	
38	0.00	1.900	
39	0.00	1.950	
40	0.00	2.001	
41	0.00	2.050	
42	0.00	2.101	
43	0.00	2.150	
44	0.00	2.201	
45	0.00	2.250	
46	0.00	2.300	
47	0.00	2.350	
48	0.00	2.400	
49	0.00	2.450	
50	0.00	2.501	
51	0.00	2.550	
52	0.00	2.600	
53	0.00	2.650	
54	0.00	2.700	
55	0.00	2.750	
56	0.00	2.800	
57	0.00	2.850	
58	0.00	2.900	
59	0.00	2.950	
60	0.00	3.000	
61	0.00	3.050	
62	0.00	3.100	
63	0.00	3.151	
64	0.00	3.200	
65	0.00	3.250	
66	0.00	3.300	
67	0.00	3.351	
68	0.00	3.400	
69	0.00	3.450	
70	0.00	3.501	
71	0.00	3.550	
72	0.00	3.600	
73	0.00	3.650	
74	-0.02	3.700	
75	-0.02	3.750	
76	-0.02	3.800	
77	-0.04	3.850	
78	-0.04	3.900	
79	-0.04	3.951	
80	0.02	4.000	
81	0.28	4.050	
82	0.84	4.101	
83	1.42	4.150	
84	2.00	4.200	
85	3.06	4.250	
86	4.34	4.300	
87	5.38	4.350	
88	6.64	4.401	
89	7.82	4.450	
90	8.70	4.500	
91	9.22	4.550	
92	9.30	4.600	
93	9.28	4.650	
94	9.24	4.700	
95	9.22	4.750	
96	9.20	4.801	
97	9.18	4.850	
98	9.16	4.901	
99	9.14	4.950	
100	9.14	5.000	
101	9.12	5.050	
102	9.12	5.100	
103	9.10	5.150	
104	9.10	5.201	
105	9.08	5.250	
106	9.08	5.300	
107	9.08	5.350	
108	9.06	5.400	
109	9.06	5.451	
110	9.06	5.500	
111	9.06	5.551	
112	9.04	5.600	
113	9.04	5.650	
114	9.04	5.700	
115	9.02	5.750	
116	9.02	5.800	
117	9.02	5.850	
118	9.02	5.901	
119	9.00	5.950	
120	9.00	6.001	
121	9.00	6.051	
122	9.00	6.100	
123	9.00	6.150	
124	9.00	6.201	
125	8.98	6.250	
126	8.98	6.300	
127	8.98	6.350	
128	8.98	6.400	
129	8.98	6.450	
130	8.98	6.500	
131	8.96	6.550	
132	8.96	6.600	
133	8.96	6.650	
134	8.96	6.700	
135	8.96	6.750	
136	8.96	6.801	
137	8.96	6.850	
138	8.94	6.900	
139	8.94	6.951	
140	8.94	7.000	
141	8.94	7.050	
142	8.94	7.100	
143	8.94	7.150	
144	8.94	7.200	
145	8.94	7.250	
146	8.94	7.300	
147	8.94	7.350	
148	8.94	7.400	
149	8.94	7.450	
150	8.92	7.501	
151	8.92	7.550	
152	7.76	7.600	
153	6.58	7.650	
154	5.66	7.700	
155	4.04	7.750	
156	2.74	7.800	
157	1.68	7.851	
158	0.76	7.900	
159	0.30	7.950	
160	0.14	8.000	
161	0.06	8.050	
162	0.06	8.100	
163	0.06	8.150	
164	0.04	8.200	
165	0.06	8.250	
166	0.02	8.300	
167	-0.04	8.350	
168	-0.06	8.400	
169	-0.06	8.451	
170	-0.04	8.500	
171	-0.04	8.551	
172	-0.04	8.600	
173	-0.04	8.651	
174	-0.04	8.700	
175	-0.04	8.751	
176	-0.04	8.800	
177	-0.02	8.851	
178	-0.04	8.900	
179	-0.02	8.951	
180	-0.02	9.000	
181	-0.02	9.051	
182	-0.02	9.100	
183	-0.02	9.150	
184	-0.02	9.200	
185	-0.02	9.250	
186	-0.02	9.300	
187	-0.02	9.350	
188	-0.02	9.400	
189	-0.02	9.450	
190	-0.02	9.500	
191	-0.02	9.551	
192	-0.02	9.600	
193	-0.02	9.650	
194	-0.02	9.701	
195	-0.02	9.750	
196	-0.02	9.800	
197	-0.02	9.850	
198	-0.02	9.900	
199	-0.02	9.950	
200	-0.02	10.000	
201	-0.02	10.050	
202	-0.02	10.100	
203	-0.02	10.150	
204	-0.02	10.200	
205	-0.02	10.250	
206	-0.02	10.301	
207	-0.02	10.350	
208	-0.02	10.400	
209	-0.02	10.451	
210	-0.02	10.500	
211	-0.02	10.550	
212	-0.02	10.600	
213	0.00	10.651	
214	-0.02	10.700	
215	-0.02	10.750	
216	-0.02	10.800	
217	0.00	10.850	
218	-0.02	10.900	
219	0.00	10.950	
220	0.00	11.000	
221	-0.02	11.050	
222	0.00	11.100	
223	-0.02	11.154	
224	-0.02	11.200	
225	0.00	11.250	
226	0.00	11.300	
227	0.00	11.350	
228	-0.02	11.400	
229	0.00	11.451	
230	0.00	11.500	
231	-0.02	11.551	
232	0.00	11.600	
233	0.00	11.650	
234	0.00	11.700	
235	0.00	11.751	
236	0.00	11.800	
237	0.00	11.851	
238	0.00	11.900	
239	0.00	11.951	
240	0.00	12.000	
241	0.00	12.050	
242	0.00	12.100	
243	0.00	12.151	
244	0.00	12.200	
245	0.00	12.250	
246	0.00	12.301	
247	0.00	12.351	
248	0.00	12.400	
249	0.00	12.450	
250	0.00	12.501	
251	0.00	12.550	
252	-0.02	12.600	
253	-0.04	12.700	
254	-0.04	12.751	
255	-0.04	12.800	
256	-0.04	12.851	
257	-0.06	12.900	
258	-0.02	12.950	
259	0.74	13.050	
260	1.16	13.100	
261	1.84	13.150	
262	2.78	13.200	
263	4.12	13.251	
264	5.22	13.301	
265	6.42	13.350	
266	7.60	13.400	
267	8.52	13.450	
268	9.12	13.500	
269	9.12	13.551	
270	9.08	13.600	
271	9.06	13.651	
272	9.04	13.700	
273	9.02	13.750	
274	9.00	13.800	
275	8.98	13.850	
276	8.98	13.900	
277	8.96	13.951	
278	8.94	14.000	
279	8.94	14.051	
280	8.94	14.100	
281	8.92	14.150	
282	8.92	14.200	
283	8.90	14.250	
284	8.90	14.300	
285	8.90	14.350	
286	8.88	14.401	
287	8.88	14.450	
288	8.88	14.500	
289	8.88	14.550	
290	8.88	14.601	
291	8.86	14.650	
292	8.86	14.700	
293	8.86	14.750	
294	8.86	14.800	
295	8.84	14.851	
296	8.84	14.900	
297	8.84	14.951	
298	8.84	15.000	
299	8.84	15.050	
300	8.82	15.100	
301	8.82	15.150	
302	8.82	15.200	
303	8.82	15.250	
304	8.82	15.300	
305	8.82	15.350	
306	8.80	15.400	
307	8.80	15.450	
308	8.80	15.500	
309	8.80	15.550	
310	8.80	15.600	
311	8.80	15.650	
312	8.80	15.700	
313	8.80	15.750	
314	8.80	15.800	
315	8.80	15.850	
316	8.78	15.900	
317	8.78	15.950	
318	8.78	16.000	
319	8.78	16.050	
320	8.78	16.101	
321	8.76	16.166	
322	8.78	16.200	
323	8.78	16.251	
324	8.76	16.300	
325	8.76	16.350	
326	8.76	16.400	
327	8.76	16.450	
328	8.76	16.500	
329	8.76	16.550	
330	8.76	16.600	
331	8.76	16.661	
332	8.76	16.700	
333	8.76	16.750	
334	8.76	16.800	
335	8.76	16.850	
336	8.76	16.900	
337	8.74	16.950	
338	8.74	17.001	
339	8.74	17.051	
340	8.74	17.100	
341	8.74	17.150	
342	8.74	17.200	
343	8.74	17.263	
344	8.74	17.301	
345	8.74	17.351	
346	8.74	17.400	
347	8.74	17.451	
348	8.74	17.500	
349	8.74	17.564	
350	8.74	17.600	
351	8.74	17.700	
352	8.74	17.751	
353	8.74	17.800	
354	8.72	17.850	
355	8.72	17.900	
356	8.72	17.950	
357	8.72	18.001	
358	8.72	18.050	
359	8.72	18.100	
360	8.72	18.150	
361	8.72	18.200	
362	8.72	18.250	
363	6.96	18.301	
364	6.62	18.350	
365	5.78	18.400	
366	4.24	18.450	
367	2.92	18.501	
368	1.76	18.551	
369	0.84	18.600	
370	0.34	18.650	
371	0.14	18.700	
372	0.06	18.750	
373	0.04	18.800	
374	0.06	18.850	
375	0.06	18.900	
376	0.06	18.950	
377	0.06	19.000	
378	-0.04	19.053	
379	-0.04	19.100	
380	-0.04	19.150	
381	-0.04	19.200	
382	-0.02	19.250	
383	-0.02	19.300	
384	-0.02	19.350	
385	-0.02	19.400	
386	-0.02	19.450	
387	-0.02	19.514	
388	-0.02	19.550	
389	-0.02	19.600	
390	-0.02	19.650	
391	-0.02	19.701	
392	-0.02	19.751	
393	-0.02	19.800	
394	-0.02	19.850	
395	-0.02	19.901	
396	-0.02	19.950	
397	-0.02	20.000	
398	-0.02	20.050	
399	-0.02	20.100	
400	-0.02	20.150	
401	-0.02	20.200	
402	-0.02	20.250	
403	-0.02	20.300	
404	-0.02	20.351	
405	0.00	20.400	
406	-0.02	20.450	
407	-0.02	20.500	
408	0.00	20.550	
409	0.00	20.600	
410	0.00	20.650	
411	0.00	20.701	
412	0.00	20.750	
413	0.00	20.800	
414	0.00	20.850	
415	0.00	20.900	
416	0.00	20.951	
417	0.00	21.000	
418	0.00	21.050	
419	0.00	21.100	
420	0.00	21.150	
421	0.00	21.201	
422	0.00	21.251	
423	0.00	21.300	
424	0.00	21.350	
425	0.00	21.400	
426	0.00	21.450	
427	0.00	21.500	
428	0.00	21.551	
429	0.00	21.600	
430	0.00	21.650	
431	0.00	21.700	
432	0.00	21.750	
433	0.00	21.800	
434	0.00	21.850	
435	0.00	21.900	
436	0.00	21.950	
437	0.00	22.000	
438	0.00	22.050	
439	0.00	22.100	
440	0.00	22.150	
441	0.00	22.200	
442	0.00	22.250	
443	0.00	22.300	
444	0.00	22.350	
445	0.00	22.401	
446	0.00	22.450	
447	0.00	22.500	
448	0.00	22.551	
449	0.00	22.600	
450	0.00	22.650	
451	0.00	22.750	
452	0.00	22.800	
453	0.00	22.850	
454	0.00	22.900	
455	0.00	22.951	
456	0.00	23.000	
457	0.00	23.050	
458	0.00	23.100	
459	0.00	23.151	
460	0.00	23.201	
461	0.00	23.251	
462	0.00	23.300	
463	0.00	23.350	
464	0.00	23.400	
465	0.00	23.450	
466	0.00	23.500	
467	0.00	23.550	
468	0.00	23.600	
469	0.00	23.651	
470	0.00	23.700	
471	0.00	23.751	
472	0.00	23.800	
473	0.00	23.850	
474	0.00	23.900	
475	0.00	23.951	
476	0.00	24.000	
477	0.00	24.050	
478	0.00	24.101	
479	-0.02	24.200	
480	-0.02	24.250	
481	-0.02	24.300	
482	-0.02	24.350	
483	-0.04	24.401	
484	0.02	24.451	
485	0.82	24.513	
486	1.04	24.550	
487	2.06	24.650	
488	3.14	24.700	
489	4.42	24.751	
490	5.50	24.801	
491	6.76	24.851	
492	8.76	24.950	
493	9.14	25.000	
494	9.18	25.050	
495	9.16	25.100	
496	9.14	25.150	
497	9.10	25.200	
498	9.08	25.250	
499	9.08	25.300	
500	9.06	25.350	
501	9.04	25.400	
502	9.04	25.450	
503	9.02	25.500	
504	9.02	25.551	
505	9.00	25.600	
506	9.00	25.650	
507	8.98	25.700	
508	8.98	25.750	
509	8.98	25.801	
510	8.96	25.850	
511	8.96	25.900	
512	8.94	25.950	
513	8.96	26.001	
514	8.94	26.050	
515	8.94	26.100	
516	8.94	26.150	
517	8.94	26.200	
518	8.92	26.250	
519	8.92	26.300	
520	8.92	26.350	
521	8.92	26.400	
522	8.92	26.451	
523	8.90	26.500	
524	8.90	26.551	
525	8.90	26.600	
526	8.90	26.650	
527	8.90	26.700	
528	8.90	26.750	
529	8.88	26.800	
530	8.88	26.850	
531	8.88	26.900	
532	8.88	26.950	
533	8.88	27.000	
534	8.88	27.050	
535	8.88	27.100	
536	8.86	27.154	
537	8.86	27.200	
538	8.86	27.251	
539	8.86	27.300	
540	8.86	27.350	
541	8.86	27.400	
542	8.86	27.500	
543	8.86	27.550	
544	8.84	27.610	
545	8.84	27.650	
546	8.84	27.700	
547	8.84	27.750	
548	8.84	27.811	
549	8.84	27.850	
550	8.84	27.900	
551	8.84	27.950	
552	8.84	28.000	
553	8.84	28.050	
554	8.82	28.100	
555	8.82	28.151	
556	8.82	28.200	
557	8.82	28.251	
558	8.82	28.301	
559	8.62	28.350	
560	6.46	28.405	
561	6.14	28.450	
562	5.02	28.500	
563	2.30	28.600	
564	1.34	28.650	
565	0.56	28.701	
566	0.22	28.750	
567	0.12	28.800	
568	0.06	28.850	
569	0.06	28.901	
570	0.06	28.953	
571	0.06	29.000	
572	0.08	29.050	
573	0.00	29.100	
574	-0.02	29.151	
575	-0.04	29.200	
576	-0.02	29.250	
577	-0.02	29.300	
578	0.00	29.351	
579	0.00	29.400	
580	0.00	29.450	
581	-0.02	29.500	
582	-0.02	29.551	
583	-0.02	29.600	
584	0.00	29.650	
585	0.00	29.700	
586	0.00	29.750	
587	0.00	29.801	
588	0.00	29.855	
589	0.00	29.900	
590	0.00	29.950	
591	0.00	30.002	
592	0.00	30.050	
593	0.00	30.150	
594	0.00	30.200	
595	0.00	30.258	
596	0.00	30.300	
597	0.00	30.350	
598	0.00	30.401	
599	0.00	30.450	
600	0.00	30.500	
601	0.00	30.551	
602	0.00	30.600	
603	0.00	30.650	
604	0.00	30.700	
605	0.00	30.750	
606	0.00	30.800	
607	0.00	30.851	
608	0.00	30.900	
609	0.00	30.950	
610	0.00	31.000	
611	0.00	31.050	
612	0.00	31.100	
613	0.00	31.150	
614	0.00	31.200	
615	0.00	31.250	
616	0.00	31.300	
617	0.00	31.351	
618	0.00	31.400	
619	0.00	31.450	
620	0.00	31.501	
621	0.00	31.550	
622	0.00	31.600	
623	0.00	31.650	
624	0.00	31.701	
625	0.00	31.750	
626	0.00	31.800	
627	0.00	31.850	
628	0.02	31.900	
629	0.00	31.950	
630	0.00	32.000	
631	0.00	32.050	
632	0.00	32.100	
633	0.02	32.151	
634	0.00	32.200	
635	0.00	32.250	
636	0.02	32.300	
637	0.02	32.350	
638	0.00	32.400	
639	0.00	32.450	
640	0.02	32.500	
641	0.00	32.550	
642	0.02	32.600	
643	0.02	32.652	
644	0.02	32.701	
645	0.02	32.751	
646	0.02	32.800	
647	0.02	32.850	
648	0.02	32.900	
649	0.02	32.950	
650	0.02	33.000	
651	0.00	33.051	
652	0.02	33.100	
653	0.02	33.150	
654	0.02	33.200	
655	0.02	33.250	
656	0.02	33.300	
657	0.02	33.350	
658	0.02	33.400	
659	0.02	33.450	
660	0.02	33.500	
661	0.02	33.551	
662	0.02	33.600	
663	0.02	33.650	
664	0.02	33.700	
665	0.02	33.750	
666	0.02	33.800	
667	0.02	33.851	
668	0.02	33.900	
669	0.02	33.950	
670	0.00	34.000	
671	0.00	34.050	
672	0.00	34.100	
673	0.00	34.150	
674	-0.02	34.200	
675	-0.02	34.250	
676	-0.02	34.300	
677	0.04	34.350	
678	0.30	34.400	
679	0.90	34.450	
680	1.34	34.500	
681	2.06	34.551	
682	3.20	34.600	
683	4.48	34.650	
684	6.34	34.701	
685	6.84	34.750	
686	7.96	34.801	
687	8.74	34.850	
688	9.08	34.900	
689	9.08	34.950	
690	9.04	35.000	
691	9.02	35.050	
692	9.00	35.101	
693	8.98	35.151	
694	8.96	35.200	
695	8.94	35.250	
696	8.94	35.300	
697	8.92	35.351	
698	8.92	35.400	
699	8.90	35.450	
700	8.90	35.500	
701	8.90	35.550	
702	8.88	35.600	
703	8.88	35.650	
704	8.88	35.700	
705	8.86	35.750	
706	8.86	35.801	
707	8.86	35.850	
708	8.84	35.901	
709	8.84	35.958	
710	8.84	36.001	
711	8.84	36.052	
712	8.84	36.100	
713	8.82	36.150	
714	8.82	36.250	
715	8.82	36.300	
716	8.80	36.350	
717	8.80	36.400	
718	8.80	36.451	
719	8.80	36.511	
720	8.80	36.550	
721	8.80	36.602	
722	8.80	36.651	
723	8.80	36.700	
724	8.80	36.750	
725	8.78	36.800	
726	8.78	36.850	
727	8.78	36.900	
728	8.78	36.950	
729	8.78	37.001	
730	8.78	37.050	
731	8.78	37.101	
732	8.76	37.150	
733	8.76	37.200	
734	8.76	37.251	
735	8.76	37.300	
736	8.76	37.350	
737	8.76	37.400	
738	8.76	37.450	
739	8.76	37.501	
740	8.76	37.551	
741	8.74	37.601	
742	8.74	37.651	
743	8.74	37.700	
744	8.74	37.751	
745	8.74	37.801	
746	8.74	37.851	
747	8.74	37.900	
748	8.74	37.950	
749	8.74	38.000	
750	8.74	38.051	
751	8.74	38.100	
752	8.74	38.150	
753	8.74	38.200	
754	8.74	38.250	
755	8.74	38.300	
756	8.72	38.350	
757	8.72	38.400	
758	8.72	38.450	
759	8.72	38.501	
760	8.72	38.550	
761	8.72	38.600	
762	8.72	38.651	
763	8.72	38.700	
764	8.72	38.750	
765	8.72	38.801	
766	8.70	38.851	
767	8.72	38.900	
768	8.70	38.950	
769	8.70	39.000	
770	8.70	39.050	
771	8.70	39.100	
772	8.70	39.150	
773	8.70	39.200	
774	8.70	39.250	
775	8.70	39.300	
776	8.70	39.350	
777	8.70	39.400	
778	8.70	39.450	
779	8.70	39.500	
780	8.12	39.551	
781	6.76	39.600	
782	5.88	39.650	
783	4.48	39.700	
784	3.10	39.750	
785	1.94	39.800	
786	0.96	39.850	
787	0.38	39.900	
788	0.16	39.950	
789	0.08	40.000	
790	0.06	40.050	
791	0.06	40.100	
792	0.08	40.150	
793	0.08	40.200	
794	0.06	40.251	
795	-0.02	40.300	
796	-0.04	40.350	
797	-0.04	40.401	
798	-0.04	40.450	
799	-0.02	40.500	
800	-0.02	40.551	
801	-0.02	40.600	
802	-0.02	40.650	
803	-0.02	40.700	
804	-0.02	40.750	
805	-0.02	40.800	
806	-0.02	40.851	
807	-0.02	40.900	
808	-0.02	40.951	
809	-0.02	41.000	
810	-0.02	41.050	
811	-0.02	41.100	
812	-0.02	41.150	
813	-0.02	41.200	
814	-0.02	41.251	
815	-0.02	41.300	
816	0.00	41.350	
817	0.00	41.400	
818	0.00	41.450	
819	-0.02	41.500	
820	-0.02	41.551	
821	0.00	41.600	
822	0.00	41.650	
823	0.00	41.700	
824	0.00	41.750	
825	0.00	41.800	
826	0.00	41.850	
827	0.00	41.900	
828	0.00	41.950	
829	0.00	42.000	
830	0.00	42.050	
831	0.00	42.100	
832	0.00	42.150	
833	0.00	42.201	
834	0.00	42.250	
835	0.00	42.301	
836	0.00	42.350	
837	0.00	42.400	
838	0.00	42.450	
839	0.00	42.500	
840	0.00	42.550	
841	0.00	42.600	
842	0.00	42.650	
843	0.00	42.700	
844	0.00	42.750	
845	0.00	42.800	
846	0.00	42.850	
847	0.00	42.900	
848	0.00	42.951	
849	0.00	43.000	
850	0.00	43.050	
851	0.00	43.100	
852	0.00	43.151	
853	0.00	43.200	
854	0.00	43.250	
855	0.00	43.301	
856	0.00	43.350	
857	0.00	43.401	
858	0.00	43.450	
859	0.00	43.501	
860	0.00	43.550	
861	0.00	43.600	
862	0.00	43.650	
863	0.00	43.700	
864	0.00	43.750	
865	0.00	43.800	
866	0.00	43.850	
867	0.00	43.900	
868	0.00	43.950	
869	0.00	44.001	
870	0.00	44.050	
871	0.00	44.100	
872	0.00	44.151	
873	0.00	44.200	
874	0.00	44.250	
875	0.00	44.300	
876	0.00	44.350	
877	0.00	44.400	
878	0.00	44.450	
879	0.00	44.500	
880	0.00	44.550	
881	0.00	44.600	
882	0.00	44.650	
883	0.00	44.700	
884	0.00	44.750	
885	0.00	44.800	
886	0.00	44.850	
887	0.00	44.900	
888	0.00	44.950	
889	0.00	45.000	
890	0.00	45.050	
891	0.02	45.100	
892	0.00	45.151	
893	0.00	45.200	
894	0.00	45.250	
895	0.00	45.301	
896	0.00	45.351	
897	0.00	45.450	
898	0.02	45.501	
899	0.02	45.558	
900	0.02	45.600	
901	0.02	45.650	
902	0.02	45.701	
903	0.00	45.750	
904	0.02	45.800	
905	0.00	45.850	
906	0.02	45.900	
907	0.02	45.950	
908	0.02	46.000	
909	0.02	46.050	
910	0.00	46.100	
911	0.02	46.150	
912	0.02	46.201	
913	0.02	46.300	
914	0.02	46.350	
915	0.02	46.400	
916	0.02	46.500	
917	0.02	46.550	
918	0.00	46.600	
919	0.00	46.650	
920	0.00	46.700	
921	-0.02	46.751	
922	-0.02	46.800	
923	-0.02	46.850	
924	-0.02	46.909	
925	0.00	46.951	
926	0.14	47.001	
927	0.58	47.050	
928	1.14	47.101	
929	1.68	47.150	
930	2.54	47.201	
931	3.86	47.250	
932	4.94	47.300	
933	6.20	47.350	
934	7.46	47.401	
935	8.46	47.450	
936	9.12	47.500	
937	9.32	47.550	
938	9.30	47.600	
939	9.28	47.651	
940	9.24	47.700	
941	9.22	47.750	
942	9.20	47.801	
943	9.20	47.850	
944	9.18	47.900	
945	9.16	47.950	
946	9.16	48.001	
947	9.14	48.050	
948	9.14	48.101	
949	9.12	48.150	
950	9.12	48.200	
951	9.12	48.250	
952	9.10	48.300	
953	9.10	48.350	
954	9.10	48.400	
955	9.08	48.450	
956	9.08	48.500	
957	9.08	48.550	
958	9.08	48.600	
959	9.06	48.650	
960	9.06	48.700	
961	9.06	48.750	
962	9.06	48.800	
963	9.06	48.851	
964	9.04	48.900	
965	9.04	48.950	
966	9.04	49.000	
967	9.04	49.050	
968	9.04	49.100	
969	9.04	49.150	
970	9.02	49.200	
971	9.02	49.250	
972	9.02	49.300	
973	9.02	49.350	
974	9.02	49.400	
975	9.02	49.450	
976	9.02	49.501	
977	9.00	49.550	
978	9.00	49.600	
979	9.00	49.650	
980	9.00	49.700	
981	9.00	49.750	
982	9.00	49.801	
983	9.00	49.850	
984	9.00	49.900	
985	8.98	49.950	
986	8.98	50.000	
987	8.98	50.050	
988	8.98	50.101	
989	8.98	50.154	
990	8.98	50.200	
991	8.98	50.251	
992	8.96	50.300	
993	8.96	50.350	
994	8.96	50.400	
995	8.96	50.450	
996	8.96	50.500	
997	8.96	50.550	
998	8.96	50.600	
999	8.96	50.660	
1000	8.96	50.700	
1001	8.96	50.750	
1002	8.96	50.800	
1003	8.94	50.851	
1004	8.94	50.900	
1005	8.94	50.950	
1006	8.94	51.000	
1007	8.94	51.050	
1008	8.94	51.100	
1009	8.94	51.150	
1010	8.94	51.200	
1011	8.94	51.250	
1012	8.94	51.301	
1013	8.94	51.350	
1014	8.94	51.401	
1015	8.94	51.450	
1016	8.94	51.500	
1017	8.94	51.550	
1018	8.92	51.600	
1019	8.92	51.650	
1020	8.92	51.700	
1021	8.92	51.750	
1022	8.92	51.800	
1023	8.92	51.850	
1024	8.92	51.900	
1025	8.92	51.950	
1026	8.92	52.000	
1027	8.92	52.050	
1028	8.92	52.100	
1029	8.92	52.150	
1030	8.92	52.200	
1031	8.92	52.250	
1032	8.92	52.300	
1033	8.92	52.350	
1034	8.92	52.401	
1035	8.92	52.450	
1036	8.92	52.500	
1037	8.92	52.550	
1038	8.92	52.600	
1039	8.90	52.650	
1040	8.90	52.700	
1041	8.90	52.750	
1042	8.90	52.800	
1043	8.90	52.851	
1044	8.90	52.901	
1045	8.90	52.950	
1046	8.90	53.000	
1047	8.90	53.050	
1048	8.90	53.100	
1049	8.90	53.150	
1050	8.90	53.201	
1051	8.90	53.250	
1052	8.90	53.300	
1053	8.90	53.350	
1054	8.90	53.400	
1055	8.90	53.450	
1056	8.90	53.500	
1057	8.88	53.550	
1058	8.90	53.600	
1059	8.90	53.655	
1060	8.90	53.700	
1061	8.88	53.751	
1062	8.90	53.800	
1063	8.88	53.850	
1064	8.88	53.900	
1065	8.88	53.950	
1066	8.88	54.000	
1067	8.88	54.050	
1068	8.88	54.101	
1069	8.88	54.150	
1070	8.88	54.201	
1071	8.88	54.251	
1072	8.88	54.300	
1073	8.88	54.350	
1074	8.88	54.400	
1075	8.88	54.451	
1076	8.88	54.501	
1077	8.88	54.550	
1078	8.88	54.600	
1079	8.88	54.651	
1080	8.88	54.700	
1081	8.88	54.750	
1082	8.88	54.800	
1083	8.88	54.850	
1084	8.88	54.901	
1085	8.88	54.951	
1086	8.88	55.000	
1087	8.88	55.050	
1088	8.88	55.100	
1089	8.88	55.154	
1090	8.88	55.200	
1091	8.88	55.250	
1092	8.88	55.300	
1093	8.86	55.351	
1094	8.88	55.400	
1095	8.88	55.451	
1096	8.88	55.500	
1097	8.88	55.550	
1098	8.86	55.600	
1099	8.88	55.650	
1100	8.86	55.700	
1101	8.86	55.750	
1102	8.86	55.800	
1103	8.86	55.850	
1104	8.86	55.900	
1105	8.86	55.950	
1106	8.86	56.000	
1107	8.86	56.050	
1108	8.86	56.100	
1109	8.88	56.150	
1110	7.76	56.200	
1111	6.58	56.251	
1112	5.68	56.301	
1113	4.10	56.350	
1114	2.78	56.400	
1115	1.70	56.450	
1116	0.78	56.500	
1117	0.30	56.550	
1118	0.14	56.600	
1119	0.08	56.650	
1120	0.06	56.700	
1121	0.06	56.750	
1122	0.06	56.800	
1123	0.08	56.850	
1124	0.04	56.900	
1125	-0.02	56.950	
1126	-0.04	57.000	
1127	-0.02	57.050	
1128	-0.02	57.100	
1129	-0.02	57.150	
1130	-0.02	57.200	
1131	-0.02	57.250	
1132	-0.02	57.300	
1133	-0.02	57.350	
1134	-0.02	57.400	
1135	-0.02	57.450	
1136	-0.02	57.500	
1137	-0.02	57.550	
1138	-0.02	57.601	
1139	-0.02	57.650	
1140	0.00	57.700	
1141	0.00	57.750	
1142	0.00	57.800	
1143	0.00	57.850	
1144	0.00	57.900	
1145	0.00	57.950	
1146	0.00	58.000	
1147	0.00	58.050	
1148	0.00	58.101	
1149	0.00	58.151	
1150	0.00	58.200	
1151	0.00	58.250	
1152	0.00	58.300	
1153	0.00	58.350	
1154	0.00	58.400	
1155	0.00	58.450	
1156	0.00	58.501	
1157	0.00	58.551	
1158	0.00	58.600	
1159	0.00	58.650	
1160	0.00	58.701	
1161	0.00	58.750	
1162	0.00	58.801	
1163	0.00	58.850	
1164	0.00	58.900	
1165	0.00	58.950	
1166	0.00	59.001	
1167	0.00	59.050	
1168	0.00	59.100	
1169	0.00	59.150	
1170	0.00	59.200	
1171	0.00	59.250	
1172	0.00	59.300	
1173	0.00	59.350	
1174	0.00	59.400	
1175	0.00	59.450	
1176	0.00	59.500	
1177	0.00	59.550	
1178	0.00	59.600	
1179	0.00	59.650	
1180	0.00	59.700	
1181	0.00	59.750	
1182	0.00	59.800	
1183	0.00	59.850	
1184	0.00	59.900	
1185	0.00	59.950	
1186	0.00	60.000	
1187	0.00	60.050	
1188	0.00	60.100	
1189	0.00	60.155	
1190	0.00	60.201	
1191	0.00	60.250	
1192	0.02	60.300	
1193	0.00	60.350	
1194	0.00	60.400	
1195	0.02	60.450	
1196	0.02	60.500	
1197	0.00	60.550	
1198	0.02	60.600	
1199	0.02	60.650	
1200	0.02	60.700	
1201	0.02	60.750	
1202	0.02	60.800	
1203	0.02	60.850	
1204	0.02	60.901	
1205	0.02	60.951	
1206	0.02	61.000	
1207	0.02	61.051	
1208	0.02	61.100	
1209	0.02	61.150	
1210	0.02	61.200	
1211	0.02	61.251	
1212	0.02	61.301	
1213	0.02	61.350	
1214	0.02	61.400	
1215	0.02	61.451	
1216	0.02	61.501	
1217	0.02	61.550	
1218	0.02	61.600	
1219	0.02	61.650	
1220	0.02	61.700	
1221	0.02	61.750	
1222	0.02	61.800	
1223	0.02	61.850	
1224	0.02	61.900	
1225	0.02	61.951	
1226	0.02	62.001	
1227	0.02	62.050	
1228	0.02	62.100	
1229	0.02	62.150	
1230	0.02	62.200	
1231	0.02	62.250	
1232	0.02	62.301	
1233	0.02	62.351	
1234	0.02	62.400	
1235	0.02	62.450	
1236	0.02	62.500	
1237	0.02	62.550	
1238	0.02	62.600	
1239	0.00	62.650	
1240	0.00	62.701	
1241	0.00	62.750	
1242	-0.02	62.800	
1243	0.00	62.850	
1244	-0.02	62.900	
1245	0.06	62.950	
1246	0.36	63.000	
1247	0.96	63.050	
1248	1.48	63.100	
1249	2.16	63.150	
1250	3.32	63.200	
1251	4.52	63.250	
1252	5.66	63.300	
1253	6.94	63.350	
1254	8.02	63.400	
1255	8.74	63.450	
1256	9.02	63.500	
1257	9.02	63.550	
1258	8.98	63.600	
1259	8.96	63.650	
1260	8.94	63.700	
1261	8.92	63.750	
1262	8.90	63.800	
1263	8.90	63.850	
1264	8.88	63.900	
1265	8.86	63.950	
1266	8.86	64.000	
1267	8.86	64.050	
1268	8.84	64.100	
1269	8.84	64.150	
1270	8.82	64.200	
1271	8.82	64.250	
1272	8.80	64.301	
1273	8.80	64.350	
1274	8.80	64.400	
1275	8.80	64.451	
1276	8.80	64.500	
1277	8.78	64.550	
1278	8.78	64.600	
1279	8.78	64.650	
1280	8.78	64.701	
1281	8.76	64.750	
1282	8.76	64.800	
1283	8.76	64.850	
1284	8.76	64.900	
1285	8.76	64.950	
1286	8.74	65.000	
1287	8.76	65.050	
1288	8.74	65.100	
1289	8.74	65.158	
1290	8.74	65.200	
1291	8.74	65.250	
1292	8.74	65.300	
1293	8.74	65.350	
1294	8.72	65.400	
1295	8.74	65.451	
1296	8.72	65.500	
1297	8.72	65.550	
1298	8.72	65.600	
1299	8.72	65.650	
1300	8.72	65.700	
1301	8.72	65.750	
1302	8.72	65.800	
1303	8.72	65.850	
1304	8.70	65.901	
1305	8.72	65.950	
1306	8.70	66.001	
1307	8.70	66.050	
1308	8.70	66.101	
1309	8.70	66.150	
1310	8.70	66.200	
1311	8.70	66.250	
1312	8.70	66.300	
1313	8.68	66.350	
1314	8.68	66.400	
1315	8.68	66.450	
1316	8.68	66.500	
1317	8.68	66.550	
1318	8.28	66.601	
1319	6.88	66.650	
1320	5.94	66.700	
1321	4.66	66.750	
1322	3.12	66.800	
1323	2.02	66.851	
1324	1.04	66.900	
1325	0.42	66.950	
1326	0.20	67.000	
1327	0.10	67.050	
1328	0.06	67.100	
1329	0.06	67.151	
1330	0.06	67.200	
1331	0.08	67.250	
1332	0.08	67.300	
1333	0.00	67.350	
1334	-0.02	67.401	
1335	-0.02	67.450	
1336	0.00	67.500	
1337	0.00	67.550	
1338	0.00	67.600	
1339	0.00	67.650	
1340	0.00	67.700	
1341	0.00	67.750	
1342	0.00	67.800	
1343	0.00	67.850	
1344	0.00	67.901	
1345	0.00	67.951	
1346	0.00	68.000	
1347	0.00	68.055	
1348	0.00	68.100	
1349	0.00	68.150	
1350	0.00	68.200	
1351	0.00	68.250	
1352	0.00	68.300	
1353	0.00	68.350	
1354	0.00	68.400	
1355	0.00	68.451	
1356	0.00	68.500	
1357	0.00	68.550	
1358	0.00	68.600	
1359	0.00	68.650	
1360	0.00	68.700	
1361	0.00	68.750	
1362	0.00	68.800	
1363	0.00	68.850	
1364	0.00	68.900	
1365	0.00	68.950	
1366	0.00	69.000	
1367	0.00	69.050	
1368	0.00	69.100	
1369	0.00	69.151	
1370	0.02	69.201	
1371	0.02	69.250	
1372	0.00	69.300	
1373	0.00	69.350	
1374	0.02	69.400	
1375	0.02	69.451	
1376	0.02	69.500	
1377	0.02	69.550	
1378	0.02	69.600	
1379	0.02	69.650	
1380	0.02	69.700	
1381	0.02	69.751	
1382	0.02	69.800	
1383	0.02	69.850	
1384	0.02	69.900	
1385	0.02	69.951	
1386	0.02	70.000	
1387	0.00	70.050	
1388	0.00	70.100	
1389	0.00	70.158	
1390	0.00	70.200	
1391	-0.02	70.251	
1392	-0.02	70.300	
1393	-0.02	70.350	
1394	0.04	70.400	
1395	0.34	70.450	
1396	0.88	70.500	
1397	1.38	70.550	
1398	2.06	70.600	
1399	3.20	70.650	
1400	4.46	70.700	
1401	5.54	70.750	
1402	6.82	70.801	
1403	7.94	70.850	
1404	8.68	70.900	
1405	9.04	70.950	
1406	9.04	71.000	
1407	9.00	71.050	
1408	8.98	71.100	
1409	8.96	71.150	
1410	8.94	71.200	
1411	8.92	71.250	
1412	8.90	71.300	
1413	8.90	71.350	
1414	8.88	71.400	
1415	8.88	71.450	
1416	8.88	71.500	
1417	8.86	71.550	
1418	8.86	71.600	
1419	8.86	71.650	
1420	8.84	71.700	
1421	8.84	71.750	
1422	8.82	71.800	
1423	8.82	71.850	
1424	8.82	71.901	
1425	8.82	71.951	
1426	8.80	72.000	
1427	8.80	72.050	
1428	8.80	72.100	
1429	8.80	72.150	
1430	8.80	72.200	
1431	8.80	72.250	
1432	8.78	72.300	
1433	8.78	72.350	
1434	8.78	72.400	
1435	8.78	72.450	
1436	8.78	72.500	
1437	8.78	72.550	
1438	8.76	72.601	
1439	8.76	72.651	
1440	8.76	72.700	
1441	8.76	72.750	
1442	8.76	72.800	
1443	8.76	72.850	
1444	8.76	72.900	
1445	8.76	72.950	
1446	8.74	73.000	
1447	8.74	73.050	
1448	8.74	73.100	
1449	8.74	73.150	
1450	8.74	73.200	
1451	8.04	73.250	
1452	6.70	73.300	
1453	5.80	73.350	
1454	4.38	73.400	
1455	2.92	73.450	
1456	1.90	73.500	
1457	0.96	73.550	
1458	0.38	73.600	
1459	0.18	73.650	
1460	0.10	73.700	
1461	0.08	73.750	
1462	0.08	73.801	
1463	0.08	73.850	
1464	0.10	73.900	
1465	0.08	73.950	
1466	0.00	74.000	
1467	-0.02	74.050	
1468	0.00	74.100	
1469	0.00	74.150	
1470	0.00	74.200	
1471	0.00	74.250	
1472	0.00	74.300	
1473	0.00	74.350	
1474	0.00	74.400	
1475	0.00	74.450	
1476	0.00	74.501	
1477	0.00	74.550	
1478	0.00	74.600	
1479	0.00	74.650	
1480	0.02	74.700	
1481	0.00	74.750	
1482	0.02	74.800	
1483	0.02	74.850	
1484	0.02	74.900	
1485	0.00	74.951	
1486	0.02	75.000	
1487	0.02	75.050	
1488	0.02	75.101	
1489	0.02	75.150	
1490	0.02	75.200	
1491	0.02	75.250	
1492	0.02	75.301	
1493	0.02	75.350	
1494	0.02	75.400	
1495	0.02	75.450	
1496	0.02	75.501	
1497	0.02	75.550	
1498	0.02	75.600	
1499	0.02	75.650	
1500	0.02	75.700	
1501	0.02	75.750	
1502	0.02	75.800	
1503	0.02	75.850	
1504	0.02	75.900	
1505	0.02	75.950	
1506	0.02	76.000	
1507	0.02	76.050	
1508	0.02	76.100	
1509	0.02	76.150	
1510	0.02	76.200	
1511	0.02	76.250	
1512	0.02	76.301	
1513	0.02	76.350	
1514	0.02	76.400	
1515	0.02	76.450	
1516	0.02	76.500	
1517	0.00	76.550	
1518	0.00	76.601	
1519	0.00	76.650	
1520	0.00	76.700	
1521	0.00	76.751	
1522	0.00	76.800	
1523	-0.02	76.851	
1524	0.12	76.900	
1525	0.52	76.950	
1526	1.12	77.000	
1527	1.62	77.050	
1528	2.44	77.100	
1529	3.68	77.150	
1530	4.78	77.201	
1531	6.04	77.250	
1532	7.28	77.300	
1533	8.28	77.350	
1534	8.90	77.400	
1535	9.06	77.450	
1536	9.04	77.500	
1537	9.00	77.550	
1538	8.98	77.601	
1539	8.96	77.650	
1540	8.94	77.700	
1541	8.92	77.751	
1542	8.90	77.800	
1543	8.90	77.850	
1544	8.88	77.900	
1545	8.88	77.951	
1546	8.88	78.000	
1547	8.86	78.050	
1548	8.86	78.100	
1549	8.86	78.150	
1550	8.84	78.201	
1551	8.84	78.250	
1552	8.84	78.300	
1553	8.82	78.350	
1554	8.82	78.400	
1555	8.82	78.450	
1556	8.82	78.501	
1557	8.82	78.551	
1558	8.80	78.600	
1559	8.80	78.650	
1560	8.80	78.700	
1561	8.80	78.750	
1562	8.80	78.800	
1563	8.80	78.850	
1564	8.78	78.900	
1565	8.78	78.951	
1566	8.78	79.000	
1567	8.78	79.051	
1568	8.78	79.100	
1569	8.78	79.151	
1570	8.76	79.200	
1571	8.76	79.250	
1572	8.76	79.300	
1573	8.76	79.350	
1574	8.76	79.401	
1575	8.76	79.450	
1576	8.76	79.500	
1577	8.76	79.551	
1578	8.52	79.600	
1579	7.14	79.650	
1580	6.12	79.700	
1581	5.02	79.750	
1582	3.42	79.800	
1583	2.26	79.850	
1584	1.26	79.901	
1585	0.54	79.950	
1586	0.24	80.000	
1587	0.12	80.050	
1588	0.10	80.100	
1589	0.08	80.161	
1590	0.08	80.200	
1591	0.12	80.251	
1592	0.10	80.300	
1593	0.02	80.350	
1594	0.00	80.400	
1595	0.00	80.450	
1596	0.00	80.500	
1597	0.00	80.550	
1598	0.00	80.600	
1599	0.00	80.651	
1600	0.00	80.701	
1601	0.00	80.750	
1602	0.00	80.800	
1603	0.02	80.850	
1604	0.02	80.900	
1605	0.02	80.950	
1606	0.02	81.000	
1607	0.02	81.050	
1608	0.02	81.100	
1609	0.02	81.150	
1610	0.02	81.200	
1611	0.02	81.250	
1612	0.02	81.300	
1613	0.02	81.350	
1614	0.02	81.400	
1615	0.02	81.450	
1616	0.02	81.500	
1617	0.02	81.550	
1618	0.02	81.600	
1619	0.02	81.650	
1620	0.02	81.700	
1621	0.02	81.750	
1622	0.02	81.800	
1623	0.02	81.850	
1624	0.02	81.900	
1625	0.02	81.951	
1626	0.02	82.000	
1627	0.02	82.051	
1628	0.02	82.101	
1629	0.02	82.150	
1630	0.02	82.200	
1631	0.02	82.250	
1632	0.02	82.300	
1633	0.02	82.350	
1634	0.02	82.401	
1635	0.02	82.451	
1636	0.02	82.500	
1637	0.02	82.550	
1638	0.02	82.600	
1639	0.02	82.650	
1640	0.02	82.700	
1641	0.02	82.751	
1642	0.02	82.801	
1643	0.02	82.850	
1644	0.02	82.900	
1645	0.02	82.950	
1646	0.02	83.001	
1647	0.02	83.050	
1648	0.02	83.100	
1649	0.04	83.150	
1650	0.02	83.201	
1651	0.02	83.251	
1652	0.02	83.301	
1653	0.02	83.350	
1654	0.00	83.401	
1655	0.00	83.450	
1656	0.00	83.501	
1657	-0.02	83.551	
1658	0.02	83.601	
1659	0.24	83.650	
1660	0.74	83.701	
1661	1.30	83.751	
1662	1.88	83.800	
1663	2.84	83.850	
1664	4.16	83.900	
1665	5.20	83.950	
1666	6.48	84.000	
1667	7.70	84.050	
1668	8.56	84.100	
1669	9.02	84.150	
1670	9.08	84.200	
1671	9.04	84.250	
1672	9.02	84.300	
1673	9.00	84.351	
1674	8.98	84.401	
1675	8.96	84.450	
1676	8.94	84.500	
1677	8.94	84.550	
1678	8.92	84.600	
1679	8.92	84.650	
1680	8.90	84.701	
1681	8.90	84.750	
1682	8.88	84.800	
1683	8.88	84.850	
1684	8.88	84.900	
1685	8.88	84.950	
1686	8.86	85.000	
1687	8.86	85.050	
1688	8.86	85.101	
1689	8.84	85.150	
1690	8.84	85.200	
1691	8.84	85.250	
1692	8.84	85.301	
1693	8.82	85.350	
1694	8.82	85.400	
1695	8.82	85.450	
1696	8.82	85.500	
1697	8.82	85.550	
1698	8.80	85.600	
1699	8.80	85.650	
1700	8.80	85.700	
1701	8.80	85.750	
1702	8.80	85.800	
1703	8.80	85.851	
1704	8.80	85.900	
1705	8.80	85.950	
1706	8.80	86.000	
1707	8.78	86.050	
1708	8.78	86.100	
1709	8.78	86.150	
1710	8.78	86.200	
1711	8.78	86.250	
1712	8.78	86.301	
1713	8.78	86.350	
1714	8.78	86.400	
1715	8.78	86.450	
1716	8.76	86.500	
1717	8.76	86.551	
1718	8.76	86.600	
1719	8.76	86.651	
1720	8.76	86.700	
1721	8.76	86.750	
1722	8.76	86.801	
1723	8.74	86.851	
1724	7.50	86.900	
1725	6.42	86.950	
1726	5.52	87.000	
1727	3.92	87.050	
1728	2.62	87.100	
1729	1.58	87.150	
1730	0.74	87.200	
1731	0.30	87.250	
1732	0.14	87.301	
1733	0.10	87.350	
1734	0.08	87.400	
1735	0.08	87.450	
1736	0.10	87.500	
1737	0.12	87.550	
1738	0.06	87.600	
1739	0.02	87.650	
1740	0.00	87.700	
1741	0.00	87.750	
1742	0.02	87.800	
1743	0.02	87.850	
1744	0.02	87.901	
1745	0.02	87.950	
1746	0.02	88.001	
1747	0.02	88.051	
1748	0.02	88.100	
1749	0.02	88.150	
1750	0.02	88.200	
1751	0.02	88.250	
1752	0.02	88.300	
1753	0.02	88.350	
1754	0.02	88.400	
1755	0.02	88.450	
1756	0.02	88.500	
1757	0.02	88.550	
1758	0.02	88.600	
1759	0.02	88.650	
1760	0.02	88.700	
1761	0.02	88.751	
1762	0.02	88.800	
1763	0.02	88.850	
1764	0.02	88.900	
1765	0.04	88.950	
1766	0.04	89.001	
1767	0.04	89.050	
1768	0.02	89.100	
1769	0.04	89.150	
1770	0.04	89.200	
1771	0.04	89.251	
1772	0.04	89.300	
1773	0.04	89.350	
1774	0.04	89.400	
1775	0.04	89.450	
1776	0.04	89.500	
1777	0.04	89.550	
1778	0.04	89.601	
1779	0.04	89.650	
1780	0.04	89.700	
1781	0.04	89.750	
1782	0.04	89.800	
1783	0.04	89.850	
1784	0.04	89.901	
1785	0.02	89.950	
1786	0.02	90.000	
1787	0.00	90.050	
1788	0.00	90.100	
1789	0.00	90.201	
1790	0.04	90.251	
1791	0.70	90.315	
1792	0.92	90.350	
1793	1.74	90.409	
1794	2.04	90.450	
1795	3.76	90.503	
1796	4.22	90.550	
1797	5.20	90.600	
1798	6.46	90.650	
1799	7.66	90.700	
1800	8.50	90.750	
1801	8.96	90.800	
1802	9.00	90.850	
1803	8.96	90.900	
1804	8.94	90.950	
1805	8.92	91.001	
1806	8.90	91.050	
1807	8.88	91.100	
1808	8.88	91.150	
1809	8.86	91.200	
1810	8.84	91.250	
1811	8.84	91.300	
1812	8.82	91.350	
1813	8.82	91.401	
1814	8.82	91.450	
1815	8.80	91.500	
1816	8.80	91.550	
1817	8.80	91.601	
1818	8.80	91.650	
1819	8.78	91.700	
1820	8.78	91.750	
1821	8.78	91.800	
1822	8.76	91.851	
1823	8.76	91.900	
1824	8.76	91.950	
1825	8.76	92.000	
1826	8.76	92.050	
1827	8.74	92.101	
1828	8.74	92.150	
1829	8.74	92.200	
1830	8.74	92.250	
1831	8.74	92.300	
1832	8.74	92.350	
1833	8.74	92.400	
1834	8.72	92.451	
1835	8.72	92.500	
1836	8.72	92.550	
1837	8.72	92.600	
1838	8.72	92.650	
1839	8.72	92.700	
1840	8.72	92.750	
1841	8.72	92.800	
1842	8.72	92.850	
1843	8.70	92.900	
1844	8.70	92.950	
1845	8.70	93.000	
1846	8.70	93.050	
1847	8.70	93.100	
1848	8.70	93.150	
1849	8.70	93.200	
1850	8.70	93.250	
1851	8.70	93.300	
1852	8.68	93.350	
1853	8.68	93.400	
1854	8.68	93.450	
1855	8.68	93.500	
1856	8.68	93.550	
1857	8.68	93.600	
1858	8.68	93.650	
1859	8.68	93.701	
1860	8.68	93.750	
1861	8.68	93.800	
1862	8.68	93.851	
1863	8.68	93.900	
1864	8.68	93.950	
1865	8.66	94.000	
1866	8.66	94.050	
1867	8.66	94.101	
1868	8.66	94.150	
1869	8.50	94.200	
1870	7.08	94.250	
1871	6.08	94.300	
1872	5.08	94.350	
1873	3.44	94.400	
1874	2.24	94.451	
1875	1.22	94.500	
1876	0.24	94.600	
1877	0.12	94.650	
1878	0.10	94.750	
1879	0.08	94.801	
1880	0.10	94.850	
1881	0.10	94.900	
1882	0.02	94.950	
1883	0.00	95.000	
1884	0.00	95.050	
1885	0.00	95.101	
1886	0.00	95.150	
1887	0.02	95.200	
1888	0.00	95.250	
1889	0.00	95.300	
1890	0.00	95.350	
1891	0.02	95.400	
1892	0.02	95.450	
1893	0.00	95.501	
1894	0.02	95.550	
1895	0.02	95.616	
1896	0.02	95.650	
1897	0.02	95.750	
1898	0.02	95.800	
1899	0.02	95.864	
1900	0.02	95.900	
1901	0.02	95.963	
1902	0.02	96.000	
