7/24/2024  5:17 PM
Units: N
Readings: Continuous
X-Axis: Time

Reading	Load	Time	
1	0.00	0.000	
2	0.00	0.100	
3	0.00	0.151	
4	0.00	0.200	
5	0.00	0.250	
6	0.00	0.300	
7	0.00	0.351	
8	0.00	0.400	
9	0.00	0.451	
10	0.00	0.500	
11	0.00	0.550	
12	0.00	0.600	
13	0.00	0.651	
14	0.00	0.700	
15	0.00	0.750	
16	0.00	0.801	
17	0.00	0.850	
18	0.00	0.900	
19	0.00	0.950	
20	0.00	1.000	
21	0.00	1.051	
22	0.00	1.100	
23	0.00	1.150	
24	0.00	1.200	
25	0.00	1.251	
26	0.00	1.300	
27	0.00	1.350	
28	0.00	1.400	
29	0.00	1.450	
30	0.00	1.500	
31	0.00	1.550	
32	0.00	1.600	
33	0.00	1.650	
34	0.00	1.700	
35	0.00	1.750	
36	0.00	1.800	
37	0.00	1.850	
38	0.00	1.900	
39	0.00	1.950	
40	0.00	2.000	
41	0.00	2.050	
42	0.00	2.100	
43	0.00	2.150	
44	0.00	2.200	
45	0.00	2.250	
46	0.00	2.300	
47	0.00	2.350	
48	0.00	2.400	
49	0.00	2.450	
50	0.00	2.500	
51	0.00	2.551	
52	0.00	2.600	
53	0.00	2.650	
54	0.00	2.700	
55	0.00	2.751	
56	0.00	2.800	
57	0.00	2.851	
58	0.00	2.901	
59	0.00	2.950	
60	0.00	3.000	
61	0.00	3.050	
62	0.00	3.100	
63	0.00	3.150	
64	0.00	3.200	
65	0.00	3.250	
66	0.00	3.300	
67	0.00	3.351	
68	0.00	3.401	
69	0.00	3.450	
70	0.00	3.500	
71	0.00	3.550	
72	0.00	3.600	
73	0.00	3.650	
74	0.00	3.700	
75	0.00	3.750	
76	0.00	3.800	
77	0.00	3.850	
78	0.00	3.901	
79	0.00	3.950	
80	0.00	4.000	
81	0.00	4.050	
82	0.00	4.100	
83	0.00	4.151	
84	0.00	4.201	
85	0.00	4.250	
86	0.00	4.300	
87	0.00	4.350	
88	0.00	4.400	
89	0.00	4.450	
90	0.00	4.500	
91	0.00	4.550	
92	0.00	4.600	
93	0.00	4.650	
94	0.00	4.700	
95	0.00	4.750	
96	0.00	4.800	
97	0.00	4.850	
98	0.00	4.900	
99	0.00	4.950	
100	0.00	5.001	
101	0.00	5.050	
102	0.00	5.100	
103	0.00	5.151	
104	0.00	5.200	
105	0.00	5.250	
106	0.00	5.300	
107	0.00	5.350	
108	0.00	5.400	
109	0.00	5.450	
110	0.00	5.500	
111	0.00	5.551	
112	0.02	5.601	
113	0.02	5.650	
114	0.04	5.700	
115	0.04	5.750	
116	0.04	5.800	
117	0.06	5.850	
118	0.10	5.900	
119	0.32	5.950	
120	0.48	6.000	
121	0.68	6.050	
122	0.98	6.100	
123	1.42	6.150	
124	1.86	6.200	
125	2.48	6.250	
126	2.78	6.301	
127	3.10	6.350	
128	3.32	6.401	
129	3.38	6.450	
130	3.36	6.501	
131	3.36	6.550	
132	3.34	6.600	
133	3.34	6.650	
134	3.34	6.700	
135	3.32	6.750	
136	3.32	6.800	
137	3.32	6.851	
138	3.32	6.900	
139	3.32	6.950	
140	3.32	7.000	
141	3.32	7.051	
142	3.30	7.100	
143	3.30	7.150	
144	3.30	7.200	
145	3.30	7.250	
146	3.30	7.300	
147	3.30	7.350	
148	3.30	7.400	
149	3.30	7.451	
150	3.30	7.501	
151	3.30	7.550	
152	3.30	7.600	
153	3.30	7.650	
154	3.30	7.700	
155	3.30	7.750	
156	3.30	7.801	
157	3.30	7.850	
158	3.30	7.900	
159	3.28	7.950	
160	3.30	8.000	
161	3.28	8.051	
162	3.28	8.100	
163	3.28	8.151	
164	3.28	8.200	
165	3.28	8.250	
166	3.28	8.300	
167	3.28	8.350	
168	3.28	8.400	
169	3.28	8.451	
170	3.28	8.500	
171	3.28	8.550	
172	3.28	8.600	
173	3.28	8.650	
174	3.28	8.700	
175	3.28	8.751	
176	3.28	8.800	
177	3.28	8.850	
178	3.28	8.901	
179	3.28	8.950	
180	3.28	9.000	
181	3.28	9.051	
182	3.28	9.100	
183	3.28	9.150	
184	3.28	9.200	
185	3.28	9.250	
186	3.28	9.300	
187	3.22	9.351	
188	2.82	9.400	
189	2.36	9.450	
190	1.86	9.500	
191	1.32	9.550	
192	0.88	9.600	
193	0.52	9.650	
194	0.30	9.700	
195	0.14	9.750	
196	0.10	9.800	
197	0.08	9.850	
198	0.08	9.901	
199	0.08	9.950	
200	0.06	10.000	
201	0.06	10.051	
202	0.06	10.100	
203	0.06	10.150	
204	0.06	10.200	
205	0.06	10.250	
206	0.06	10.300	
207	0.06	10.350	
208	0.06	10.400	
209	0.06	10.450	
210	0.06	10.501	
211	0.06	10.550	
212	0.06	10.600	
213	0.06	10.650	
214	0.06	10.700	
215	0.06	10.750	
216	0.06	10.800	
217	0.06	10.850	
218	0.06	10.900	
219	0.06	10.950	
220	0.06	11.000	
221	0.06	11.050	
222	0.06	11.100	
223	0.06	11.150	
224	0.04	11.200	
225	0.06	11.250	
226	0.06	11.301	
227	0.06	11.350	
228	0.04	11.401	
229	0.04	11.450	
230	0.04	11.500	
231	0.06	11.550	
232	0.06	11.600	
233	0.06	11.650	
234	0.04	11.700	
235	0.06	11.750	
236	0.04	11.800	
237	0.06	11.850	
238	0.04	11.900	
239	0.04	11.950	
240	0.06	12.000	
241	0.06	12.050	
242	0.06	12.100	
243	0.06	12.150	
244	0.04	12.200	
245	0.04	12.250	
246	0.04	12.300	
247	0.04	12.350	
248	0.06	12.400	
249	0.04	12.450	
250	0.06	12.500	
251	0.04	12.550	
252	0.06	12.600	
253	0.04	12.650	
254	0.06	12.700	
255	0.04	12.750	
256	0.04	12.800	
257	0.04	12.851	
258	0.04	12.900	
259	0.06	12.950	
260	0.04	13.000	
261	0.04	13.050	
262	0.04	13.100	
263	0.04	13.150	
264	0.04	13.200	
265	0.04	13.250	
266	0.04	13.300	
267	0.04	13.351	
268	0.04	13.400	
269	0.04	13.450	
270	0.04	13.500	
271	0.04	13.550	
272	0.04	13.600	
273	0.04	13.651	
274	0.04	13.701	
275	0.04	13.750	
276	0.04	13.801	
277	0.04	13.850	
278	0.04	13.901	
279	0.04	13.950	
280	0.04	14.000	
281	0.04	14.050	
282	0.04	14.100	
283	0.04	14.151	
284	0.04	14.200	
285	0.04	14.250	
286	0.04	14.300	
287	0.04	14.350	
288	0.04	14.400	
289	0.04	14.450	
290	0.04	14.500	
291	0.04	14.550	
292	0.04	14.600	
293	0.04	14.650	
294	0.04	14.700	
295	0.04	14.750	
296	0.04	14.801	
297	0.04	14.850	
298	0.04	14.900	
299	0.04	14.950	
300	0.04	15.000	
301	0.04	15.050	
302	0.04	15.100	
303	0.04	15.150	
304	0.04	15.200	
305	0.04	15.250	
306	0.04	15.301	
307	0.04	15.350	
308	0.04	15.401	
309	0.04	15.450	
310	0.04	15.500	
311	0.04	15.550	
312	0.04	15.600	
313	0.04	15.650	
314	0.04	15.700	
315	0.04	15.750	
316	0.04	15.800	
317	0.04	15.850	
318	0.04	15.900	
319	0.04	15.950	
320	0.04	16.000	
321	0.04	16.050	
322	0.04	16.100	
323	0.04	16.150	
324	0.04	16.200	
325	0.04	16.250	
326	0.04	16.300	
327	0.04	16.350	
328	0.04	16.400	
329	0.04	16.450	
330	0.04	16.500	
331	0.04	16.550	
332	0.04	16.600	
333	0.04	16.650	
334	0.04	16.701	
335	0.04	16.750	
336	0.04	16.800	
337	0.04	16.850	
338	0.04	16.901	
339	0.04	16.950	
340	0.04	17.000	
341	0.04	17.050	
342	0.04	17.101	
343	0.04	17.150	
344	0.04	17.201	
345	0.04	17.251	
346	0.04	17.300	
347	0.04	17.350	
348	0.04	17.401	
349	0.04	17.450	
350	0.04	17.500	
351	0.04	17.550	
352	0.04	17.600	
353	0.04	17.650	
354	0.04	17.700	
355	0.04	17.750	
356	0.06	17.800	
357	0.06	17.850	
358	0.08	17.900	
359	0.06	17.950	
360	0.12	18.000	
361	0.28	18.050	
362	0.48	18.100	
363	0.68	18.150	
364	1.00	18.200	
365	1.36	18.250	
366	1.80	18.300	
367	2.20	18.350	
368	2.60	18.400	
369	2.98	18.450	
370	3.26	18.500	
371	3.38	18.550	
372	3.38	18.600	
373	3.38	18.650	
374	3.36	18.700	
375	3.36	18.751	
376	3.36	18.800	
377	3.36	18.850	
378	3.36	18.900	
379	3.34	18.950	
380	3.34	19.000	
381	3.34	19.051	
382	3.34	19.100	
383	3.34	19.150	
384	3.34	19.200	
385	3.34	19.250	
386	3.32	19.301	
387	3.32	19.351	
388	3.32	19.400	
389	3.32	19.450	
390	3.32	19.500	
391	3.32	19.550	
392	3.32	19.600	
393	3.32	19.651	
394	3.32	19.700	
395	3.32	19.750	
396	3.32	19.800	
397	3.32	19.850	
398	3.32	19.900	
399	3.32	19.950	
400	3.32	20.000	
401	3.32	20.050	
402	3.30	20.100	
403	3.30	20.150	
404	3.30	20.200	
405	3.32	20.250	
406	3.30	20.300	
407	3.30	20.350	
408	3.30	20.400	
409	3.30	20.450	
410	3.30	20.501	
411	3.30	20.550	
412	3.30	20.600	
413	3.30	20.650	
414	3.30	20.700	
415	3.30	20.750	
416	3.30	20.800	
417	3.30	20.851	
418	3.30	20.900	
419	3.30	20.950	
420	3.30	21.001	
421	3.30	21.050	
422	3.30	21.100	
423	3.30	21.150	
424	3.30	21.200	
425	3.30	21.250	
426	3.30	21.301	
427	3.30	21.350	
428	3.30	21.400	
429	3.30	21.450	
430	3.30	21.500	
431	3.30	21.550	
432	3.30	21.601	
433	3.30	21.651	
434	3.26	21.700	
435	2.86	21.750	
436	2.42	21.800	
437	1.94	21.850	
438	1.42	21.900	
439	0.96	21.950	
440	0.56	22.000	
441	0.32	22.050	
442	0.16	22.100	
443	0.10	22.150	
444	0.08	22.200	
445	0.08	22.250	
446	0.08	22.300	
447	0.08	22.350	
448	0.06	22.400	
449	0.06	22.450	
450	0.06	22.500	
451	0.06	22.550	
452	0.06	22.600	
453	0.06	22.650	
454	0.06	22.700	
455	0.06	22.750	
456	0.06	22.800	
457	0.06	22.850	
458	0.06	22.900	
459	0.06	22.950	
460	0.06	23.000	
461	0.06	23.050	
462	0.06	23.100	
463	0.06	23.150	
464	0.06	23.200	
465	0.04	23.250	
466	0.06	23.300	
467	0.04	23.350	
468	0.04	23.400	
469	0.04	23.450	
470	0.04	23.500	
471	0.04	23.550	
472	0.04	23.600	
473	0.04	23.650	
474	0.04	23.701	
475	0.04	23.750	
476	0.04	23.800	
477	0.04	23.850	
478	0.06	23.900	
479	0.04	23.950	
480	0.04	24.000	
481	0.04	24.050	
482	0.04	24.100	
483	0.04	24.150	
484	0.04	24.201	
485	0.04	24.251	
486	0.04	24.300	
487	0.04	24.350	
488	0.04	24.400	
489	0.04	24.450	
490	0.04	24.500	
491	0.04	24.550	
492	0.04	24.600	
493	0.04	24.650	
494	0.04	24.700	
495	0.04	24.750	
496	0.04	24.800	
497	0.04	24.850	
498	0.04	24.900	
499	0.04	24.950	
500	0.04	25.000	
501	0.04	25.050	
502	0.04	25.100	
503	0.04	25.151	
504	0.04	25.200	
505	0.04	25.250	
506	0.04	25.300	
507	0.04	25.350	
508	0.04	25.400	
509	0.04	25.450	
510	0.04	25.501	
511	0.04	25.550	
512	0.04	25.601	
513	0.04	25.650	
514	0.04	25.700	
515	0.04	25.750	
516	0.04	25.800	
517	0.04	25.851	
518	0.04	25.901	
519	0.04	25.950	
520	0.04	26.000	
521	0.04	26.051	
522	0.04	26.100	
523	0.04	26.150	
524	0.04	26.200	
525	0.04	26.250	
526	0.04	26.300	
527	0.04	26.350	
528	0.04	26.400	
529	0.04	26.450	
530	0.04	26.500	
531	0.04	26.550	
532	0.04	26.600	
533	0.04	26.650	
534	0.06	26.700	
535	0.06	26.750	
536	0.06	26.800	
537	0.06	26.851	
538	0.08	26.900	
539	0.20	26.950	
540	0.40	27.000	
541	0.56	27.051	
542	0.80	27.100	
543	1.18	27.150	
544	1.58	27.200	
545	1.98	27.250	
546	2.40	27.300	
547	2.78	27.350	
548	3.10	27.400	
549	3.30	27.450	
550	3.34	27.500	
551	3.32	27.550	
552	3.32	27.600	
553	3.32	27.650	
554	3.30	27.700	
555	3.30	27.750	
556	3.30	27.800	
557	3.30	27.850	
558	3.30	27.901	
559	3.28	27.950	
560	3.28	28.000	
561	3.28	28.051	
562	3.28	28.100	
563	3.28	28.150	
564	3.28	28.200	
565	3.28	28.250	
566	3.28	28.300	
567	3.26	28.351	
568	3.28	28.400	
569	3.28	28.450	
570	3.26	28.500	
571	3.26	28.550	
572	3.26	28.600	
573	3.26	28.650	
574	3.26	28.700	
575	3.26	28.750	
576	3.26	28.800	
577	3.26	28.850	
578	3.26	28.900	
579	3.26	28.950	
580	3.26	29.000	
581	3.26	29.050	
582	3.26	29.100	
583	3.26	29.150	
584	3.26	29.200	
585	3.26	29.250	
586	3.26	29.300	
587	3.26	29.350	
588	3.26	29.400	
589	3.26	29.450	
590	3.24	29.500	
591	3.24	29.550	
592	3.24	29.600	
593	3.24	29.651	
594	3.24	29.700	
595	3.24	29.750	
596	3.24	29.800	
597	3.24	29.850	
598	3.24	29.900	
599	3.24	29.950	
600	3.24	30.000	
601	3.24	30.050	
602	3.24	30.100	
603	3.24	30.150	
604	3.24	30.200	
605	3.24	30.251	
606	3.24	30.300	
607	3.24	30.350	
608	3.24	30.400	
609	3.24	30.450	
610	3.24	30.500	
611	3.24	30.551	
612	3.24	30.600	
613	3.28	30.650	
614	3.00	30.700	
615	2.60	30.750	
616	2.18	30.800	
617	1.70	30.850	
618	1.18	30.900	
619	0.76	30.950	
620	0.44	31.000	
621	0.22	31.050	
622	0.12	31.100	
623	0.10	31.150	
624	0.08	31.201	
625	0.08	31.250	
626	0.08	31.300	
627	0.06	31.350	
628	0.06	31.401	
629	0.06	31.450	
630	0.06	31.501	
631	0.06	31.550	
632	0.06	31.600	
633	0.06	31.650	
634	0.06	31.700	
635	0.06	31.750	
636	0.06	31.800	
637	0.06	31.850	
638	0.06	31.900	
639	0.06	31.951	
640	0.06	32.000	
641	0.06	32.050	
642	0.06	32.101	
643	0.06	32.150	
644	0.06	32.200	
645	0.06	32.250	
646	0.04	32.300	
647	0.06	32.350	
648	0.04	32.400	
649	0.04	32.450	
650	0.04	32.501	
651	0.04	32.550	
652	0.04	32.600	
653	0.04	32.650	
654	0.04	32.700	
655	0.04	32.750	
656	0.04	32.801	
657	0.04	32.851	
658	0.04	32.900	
659	0.04	32.950	
660	0.04	33.000	
661	0.04	33.051	
662	0.04	33.101	
663	0.04	33.150	
664	0.04	33.200	
665	0.04	33.250	
666	0.04	33.300	
667	0.04	33.350	
668	0.04	33.400	
669	0.04	33.450	
670	0.04	33.500	
671	0.04	33.550	
672	0.04	33.600	
673	0.04	33.650	
674	0.06	33.700	
675	0.04	33.750	
676	0.04	33.801	
677	0.04	33.850	
678	0.04	33.900	
679	0.04	33.950	
680	0.04	34.000	
681	0.04	34.050	
682	0.04	34.100	
683	0.04	34.150	
684	0.04	34.200	
685	0.04	34.251	
686	0.04	34.300	
687	0.04	34.351	
688	0.04	34.401	
689	0.04	34.450	
690	0.04	34.501	
691	0.04	34.550	
692	0.04	34.601	
693	0.04	34.650	
694	0.04	34.700	
695	0.04	34.750	
696	0.04	34.800	
697	0.04	34.850	
698	0.04	34.900	
699	0.04	34.950	
700	0.04	35.000	
701	0.04	35.050	
702	0.04	35.100	
703	0.04	35.150	
704	0.04	35.200	
705	0.04	35.251	
706	0.04	35.300	
707	0.04	35.350	
708	0.04	35.400	
709	0.04	35.451	
710	0.04	35.500	
711	0.04	35.550	
712	0.04	35.600	
713	0.04	35.650	
714	0.04	35.701	
715	0.04	35.751	
716	0.04	35.800	
717	0.04	35.852	
718	0.04	35.902	
719	0.04	35.950	
720	0.04	36.000	
721	0.04	36.050	
722	0.04	36.100	
723	0.04	36.150	
724	0.04	36.200	
725	0.04	36.250	
726	0.04	36.300	
727	0.04	36.350	
728	0.04	36.400	
729	0.04	36.450	
730	0.04	36.500	
731	0.04	36.550	
732	0.04	36.600	
733	0.04	36.650	
734	0.04	36.700	
735	0.04	36.750	
736	0.04	36.800	
737	0.04	36.851	
738	0.04	36.900	
739	0.04	36.951	
740	0.04	37.000	
741	0.04	37.050	
742	0.04	37.100	
743	0.04	37.150	
744	0.04	37.200	
745	0.04	37.250	
746	0.04	37.300	
747	0.04	37.350	
748	0.04	37.401	
749	0.04	37.450	
750	0.04	37.500	
751	0.04	37.550	
752	0.04	37.600	
753	0.04	37.650	
754	0.04	37.700	
755	0.04	37.751	
756	0.04	37.800	
757	0.04	37.850	
758	0.04	37.900	
759	0.04	37.950	
760	0.04	38.000	
761	0.04	38.050	
762	0.04	38.100	
763	0.04	38.151	
764	0.04	38.200	
765	0.04	38.250	
766	0.04	38.300	
767	0.04	38.350	
768	0.04	38.400	
769	0.04	38.450	
770	0.04	38.500	
771	0.04	38.550	
772	0.04	38.600	
773	0.04	38.650	
774	0.04	38.700	
775	0.04	38.750	
776	0.04	38.800	
777	0.04	38.850	
778	0.04	38.900	
779	0.04	38.950	
780	0.04	39.000	
781	0.04	39.050	
782	0.04	39.100	
783	0.04	39.151	
784	0.04	39.200	
785	0.04	39.250	
786	0.04	39.300	
787	0.04	39.350	
788	0.04	39.400	
789	0.04	39.450	
790	0.04	39.500	
791	0.04	39.550	
792	0.04	39.600	
793	0.04	39.650	
794	0.04	39.700	
795	0.04	39.750	
796	0.04	39.800	
797	0.04	39.850	
798	0.04	39.900	
799	0.04	39.950	
800	0.04	40.000	
801	0.04	40.050	
802	0.04	40.100	
803	0.04	40.150	
804	0.04	40.200	
805	0.04	40.250	
806	0.04	40.300	
807	0.04	40.350	
808	0.04	40.400	
809	0.04	40.450	
810	0.04	40.500	
811	0.04	40.550	
812	0.04	40.600	
813	0.04	40.651	
814	0.04	40.700	
815	0.04	40.750	
816	0.04	40.800	
817	0.04	40.850	
818	0.04	40.900	
819	0.04	40.950	
820	0.04	41.000	
821	0.04	41.050	
822	0.04	41.100	
823	0.04	41.150	
824	0.04	41.200	
825	0.04	41.250	
826	0.04	41.300	
827	0.04	41.350	
828	0.04	41.400	
829	0.04	41.450	
830	0.04	41.500	
831	0.04	41.550	
832	0.04	41.600	
833	0.04	41.650	
834	0.04	41.700	
835	0.04	41.750	
836	0.04	41.800	
837	0.04	41.850	
838	0.04	41.900	
839	0.04	41.950	
840	0.04	42.000	
841	0.04	42.050	
842	0.04	42.100	
843	0.04	42.150	
844	0.04	42.200	
845	0.04	42.250	
846	0.04	42.300	
847	0.04	42.351	
848	0.04	42.400	
849	0.04	42.450	
850	0.04	42.501	
851	0.04	42.550	
852	0.04	42.601	
853	0.04	42.650	
854	0.04	42.700	
855	0.04	42.750	
856	0.04	42.800	
857	0.04	42.850	
858	0.04	42.900	
859	0.04	42.950	
860	0.04	43.001	
861	0.04	43.050	
862	0.04	43.100	
863	0.04	43.150	
864	0.04	43.201	
865	0.04	43.250	
866	0.04	43.300	
867	0.04	43.350	
868	0.04	43.400	
869	0.04	43.450	
870	0.04	43.500	
871	0.04	43.551	
872	0.04	43.600	
873	0.04	43.650	
874	0.04	43.700	
875	0.04	43.750	
876	0.04	43.800	
877	0.04	43.850	
878	0.04	43.900	
879	0.04	43.950	
880	0.04	44.000	
881	0.04	44.050	
882	0.04	44.100	
883	0.04	44.150	
884	0.04	44.200	
885	0.04	44.250	
886	0.04	44.300	
887	0.04	44.350	
888	0.04	44.400	
889	0.02	44.451	
890	0.04	44.500	
891	0.04	44.550	
892	0.04	44.600	
893	0.04	44.650	
894	0.04	44.700	
895	0.04	44.751	
896	0.04	44.800	
897	0.04	44.850	
898	0.04	44.900	
899	0.04	44.950	
900	0.04	45.000	
901	0.04	45.050	
902	0.02	45.100	
903	0.04	45.153	
904	0.04	45.200	
905	0.04	45.250	
906	0.04	45.300	
907	0.04	45.350	
908	0.02	45.400	
909	0.04	45.450	
910	0.06	45.500	
911	0.06	45.550	
912	0.06	45.600	
913	0.10	45.650	
914	0.26	45.700	
915	0.48	45.751	
916	0.64	45.800	
917	0.92	45.850	
918	1.28	45.900	
919	1.72	45.950	
920	2.14	46.000	
921	2.56	46.051	
922	2.94	46.100	
923	3.20	46.150	
924	3.34	46.200	
925	3.34	46.250	
926	3.32	46.300	
927	3.32	46.350	
928	3.32	46.400	
929	3.30	46.451	
930	3.30	46.500	
931	3.30	46.550	
932	3.30	46.600	
933	3.30	46.650	
934	3.30	46.700	
935	3.28	46.750	
936	3.28	46.800	
937	3.28	46.850	
938	3.28	46.900	
939	3.28	46.950	
940	3.28	47.001	
941	3.28	47.050	
942	3.28	47.100	
943	3.28	47.150	
944	3.28	47.200	
945	3.28	47.250	
946	3.26	47.300	
947	3.28	47.351	
948	3.28	47.401	
949	3.28	47.450	
950	3.26	47.501	
951	3.26	47.550	
952	3.26	47.600	
953	3.26	47.650	
954	3.26	47.700	
955	3.26	47.750	
956	3.26	47.800	
957	3.26	47.850	
958	3.26	47.900	
959	3.26	47.950	
960	3.26	48.000	
961	3.26	48.050	
962	3.26	48.100	
963	3.26	48.150	
964	3.26	48.201	
965	3.26	48.250	
966	3.26	48.300	
967	3.26	48.350	
968	3.26	48.400	
969	3.26	48.450	
970	3.26	48.500	
971	3.26	48.550	
972	3.26	48.600	
973	3.24	48.650	
974	3.26	48.700	
975	3.24	48.750	
976	3.24	48.800	
977	3.24	48.850	
978	3.24	48.900	
979	3.24	48.950	
980	3.24	49.000	
981	3.24	49.050	
982	3.24	49.100	
983	3.24	49.150	
984	3.24	49.200	
985	3.24	49.250	
986	3.24	49.300	
987	3.24	49.350	
988	3.24	49.400	
989	3.24	49.450	
990	3.24	49.500	
991	3.24	49.550	
992	3.24	49.601	
993	3.24	49.650	
994	3.24	49.700	
995	3.24	49.750	
996	3.24	49.800	
997	3.24	49.850	
998	3.24	49.900	
999	3.24	49.950	
1000	3.24	50.000	
1001	3.24	50.050	
1002	3.24	50.100	
1003	3.24	50.154	
1004	3.28	50.200	
1005	3.24	50.250	
1006	3.16	50.300	
1007	3.12	50.350	
1008	3.12	50.400	
1009	3.12	50.450	
1010	3.12	50.500	
1011	3.12	50.550	
1012	3.12	50.600	
1013	3.12	50.650	
1014	3.12	50.700	
1015	3.12	50.750	
1016	3.12	50.800	
1017	3.12	50.850	
1018	3.12	50.900	
1019	3.12	50.950	
1020	3.12	51.000	
1021	3.12	51.051	
1022	3.12	51.100	
1023	3.12	51.150	
1024	3.12	51.200	
1025	3.12	51.250	
1026	3.12	51.300	
1027	3.12	51.351	
1028	3.12	51.400	
1029	3.12	51.450	
1030	3.12	51.500	
1031	3.12	51.550	
1032	3.12	51.600	
1033	3.12	51.650	
1034	3.12	51.700	
1035	3.12	51.750	
1036	3.12	51.800	
1037	3.12	51.850	
1038	3.12	51.900	
1039	3.12	51.950	
1040	3.12	52.000	
1041	3.12	52.050	
1042	3.12	52.101	
1043	3.10	52.150	
1044	3.12	52.200	
1045	2.98	52.250	
1046	2.60	52.300	
1047	2.16	52.350	
1048	1.68	52.400	
1049	1.16	52.450	
1050	0.74	52.500	
1051	0.42	52.550	
1052	0.22	52.600	
1053	0.14	52.650	
1054	0.10	52.700	
1055	0.08	52.750	
1056	0.08	52.800	
1057	0.08	52.850	
1058	0.08	52.900	
1059	0.06	52.950	
1060	0.06	53.000	
1061	0.06	53.050	
1062	0.06	53.100	
1063	0.06	53.150	
1064	0.06	53.201	
1065	0.06	53.250	
1066	0.06	53.300	
1067	0.06	53.350	
1068	0.06	53.400	
1069	0.06	53.450	
1070	0.06	53.500	
1071	0.06	53.550	
1072	0.06	53.600	
1073	0.06	53.650	
1074	0.06	53.700	
1075	0.06	53.750	
1076	0.06	53.801	
1077	0.06	53.850	
1078	0.06	53.900	
1079	0.06	53.950	
1080	0.06	54.000	
1081	0.06	54.050	
1082	0.06	54.100	
1083	0.06	54.150	
1084	0.06	54.200	
1085	0.06	54.250	
1086	0.06	54.300	
1087	0.06	54.351	
1088	0.06	54.400	
1089	0.06	54.450	
1090	0.06	54.500	
1091	0.06	54.550	
1092	0.06	54.600	
1093	0.04	54.650	
1094	0.06	54.700	
1095	0.06	54.750	
1096	0.06	54.800	
1097	0.06	54.850	
1098	0.06	54.900	
1099	0.06	54.950	
1100	0.06	55.000	
1101	0.06	55.050	
1102	0.06	55.100	
1103	0.06	55.153	
1104	0.06	55.200	
1105	0.06	55.250	
1106	0.06	55.300	
1107	0.06	55.350	
1108	0.06	55.400	
1109	0.06	55.450	
1110	0.04	55.500	
1111	0.06	55.550	
1112	0.06	55.600	
1113	0.04	55.650	
1114	0.06	55.700	
1115	0.04	55.750	
1116	0.06	55.800	
1117	0.06	55.850	
1118	0.06	55.900	
1119	0.04	55.950	
1120	0.04	56.000	
1121	0.04	56.050	
1122	0.04	56.100	
1123	0.04	56.150	
1124	0.04	56.200	
1125	0.04	56.252	
1126	0.06	56.300	
1127	0.04	56.350	
1128	0.04	56.400	
1129	0.04	56.450	
1130	0.04	56.500	
1131	0.04	56.550	
1132	0.04	56.600	
1133	0.04	56.650	
1134	0.04	56.700	
1135	0.04	56.751	
1136	0.04	56.801	
1137	0.06	56.850	
1138	0.04	56.900	
1139	0.04	56.950	
1140	0.04	57.000	
1141	0.04	57.050	
1142	0.04	57.100	
1143	0.04	57.151	
1144	0.04	57.200	
1145	0.04	57.250	
1146	0.04	57.300	
1147	0.04	57.351	
1148	0.04	57.400	
1149	0.04	57.450	
1150	0.04	57.500	
1151	0.04	57.550	
1152	0.04	57.601	
1153	0.06	57.650	
1154	0.04	57.700	
1155	0.04	57.750	
1156	0.04	57.800	
1157	0.04	57.850	
1158	0.04	57.900	
1159	0.04	57.950	
1160	0.04	58.000	
1161	0.04	58.050	
1162	0.04	58.100	
1163	0.04	58.150	
1164	0.06	58.200	
1165	0.06	58.250	
1166	0.08	58.300	
1167	0.08	58.350	
1168	0.08	58.400	
1169	0.26	58.450	
1170	0.40	58.500	
1171	0.56	58.551	
1172	0.86	58.600	
1173	1.16	58.650	
1174	1.58	58.700	
1175	1.98	58.750	
1176	2.38	58.800	
1177	2.78	58.850	
1178	3.08	58.900	
1179	3.28	58.950	
1180	3.32	59.000	
1181	3.32	59.050	
1182	3.30	59.100	
1183	3.30	59.150	
1184	3.30	59.200	
1185	3.30	59.250	
1186	3.28	59.300	
1187	3.28	59.350	
1188	3.28	59.400	
1189	3.28	59.450	
1190	3.28	59.500	
1191	3.28	59.551	
1192	3.28	59.600	
1193	3.26	59.650	
1194	3.28	59.700	
1195	3.26	59.750	
1196	3.26	59.800	
1197	3.26	59.850	
1198	3.26	59.900	
1199	3.26	59.950	
1200	3.26	60.000	
1201	3.26	60.050	
1202	3.26	60.100	
1203	3.26	60.158	
1204	3.26	60.200	
1205	3.26	60.250	
1206	3.26	60.300	
1207	3.26	60.350	
1208	3.26	60.400	
1209	3.24	60.450	
1210	3.26	60.500	
1211	3.26	60.550	
1212	3.24	60.600	
1213	3.24	60.650	
1214	3.24	60.700	
1215	3.24	60.750	
1216	3.24	60.800	
1217	3.24	60.850	
1218	3.24	60.900	
1219	3.24	60.950	
1220	3.24	61.000	
1221	3.24	61.050	
1222	3.24	61.101	
1223	3.24	61.150	
1224	3.24	61.200	
1225	3.24	61.250	
1226	3.24	61.300	
1227	3.24	61.350	
1228	3.24	61.400	
1229	3.24	61.450	
1230	3.24	61.500	
1231	3.24	61.550	
1232	3.24	61.600	
1233	3.24	61.651	
1234	3.24	61.700	
1235	3.24	61.751	
1236	3.24	61.800	
1237	3.24	61.850	
1238	3.24	61.900	
1239	3.24	61.950	
1240	3.24	62.001	
1241	3.24	62.050	
1242	3.24	62.101	
1243	3.24	62.150	
1244	3.24	62.200	
1245	3.24	62.250	
1246	3.24	62.300	
1247	3.24	62.350	
1248	3.24	62.400	
1249	3.24	62.450	
1250	3.24	62.500	
1251	3.02	62.550	
1252	2.64	62.600	
1253	2.22	62.650	
1254	1.76	62.700	
1255	1.28	62.751	
1256	0.82	62.800	
1257	0.48	62.850	
1258	0.26	62.900	
1259	0.14	62.950	
1260	0.10	63.000	
1261	0.10	63.050	
1262	0.08	63.100	
1263	0.08	63.150	
1264	0.08	63.200	
1265	0.08	63.250	
1266	0.06	63.300	
1267	0.06	63.350	
1268	0.06	63.400	
1269	0.06	63.450	
1270	0.06	63.500	
1271	0.06	63.550	
1272	0.06	63.600	
1273	0.06	63.650	
1274	0.06	63.700	
1275	0.06	63.750	
1276	0.06	63.800	
1277	0.06	63.850	
1278	0.06	63.900	
1279	0.06	63.950	
1280	0.06	64.000	
1281	0.06	64.050	
1282	0.06	64.100	
1283	0.06	64.151	
1284	0.06	64.200	
1285	0.06	64.250	
1286	0.06	64.300	
1287	0.06	64.350	
1288	0.06	64.400	
1289	0.06	64.450	
1290	0.06	64.501	
1291	0.06	64.551	
1292	0.06	64.600	
1293	0.06	64.650	
1294	0.06	64.700	
1295	0.06	64.750	
1296	0.06	64.800	
1297	0.06	64.850	
1298	0.06	64.900	
1299	0.06	64.951	
1300	0.06	65.000	
1301	0.06	65.050	
1302	0.06	65.100	
1303	0.06	65.159	
1304	0.06	65.200	
1305	0.06	65.251	
1306	0.06	65.300	
1307	0.06	65.350	
1308	0.06	65.400	
1309	0.06	65.451	
1310	0.04	65.500	
1311	0.06	65.550	
1312	0.06	65.600	
1313	0.06	65.651	
1314	0.06	65.700	
1315	0.06	65.750	
1316	0.06	65.801	
1317	0.06	65.850	
1318	0.06	65.900	
1319	0.06	65.950	
1320	0.04	66.000	
1321	0.04	66.050	
1322	0.06	66.100	
1323	0.06	66.150	
1324	0.06	66.200	
1325	0.04	66.251	
1326	0.04	66.300	
1327	0.06	66.350	
1328	0.06	66.400	
1329	0.04	66.451	
1330	0.06	66.500	
1331	0.06	66.550	
1332	0.06	66.600	
1333	0.04	66.650	
1334	0.06	66.700	
1335	0.04	66.750	
1336	0.04	66.800	
1337	0.04	66.850	
1338	0.06	66.900	
1339	0.04	66.950	
1340	0.04	67.000	
1341	0.06	67.050	
1342	0.04	67.100	
1343	0.04	67.150	
1344	0.04	67.200	
1345	0.04	67.250	
1346	0.04	67.300	
1347	0.04	67.350	
1348	0.04	67.400	
1349	0.04	67.450	
1350	0.06	67.500	
1351	0.04	67.550	
1352	0.04	67.600	
1353	0.04	67.651	
1354	0.04	67.700	
1355	0.04	67.750	
1356	0.06	67.805	
1357	0.04	67.851	
1358	0.04	67.901	
1359	0.04	67.951	
1360	0.04	68.000	
1361	0.04	68.050	
1362	0.06	68.100	
1363	0.06	68.150	
1364	0.08	68.200	
1365	0.08	68.250	
1366	0.14	68.300	
1367	0.30	68.350	
1368	0.44	68.400	
1369	0.62	68.450	
1370	0.94	68.500	
1371	1.28	68.550	
1372	1.70	68.600	
1373	2.10	68.650	
1374	2.50	68.700	
1375	2.86	68.750	
1376	3.12	68.800	
1377	3.24	68.850	
1378	3.24	68.900	
1379	3.24	68.950	
1380	3.22	69.000	
1381	3.22	69.050	
1382	3.22	69.100	
1383	3.22	69.150	
1384	3.22	69.200	
1385	3.20	69.250	
1386	3.20	69.300	
1387	3.20	69.350	
1388	3.20	69.400	
1389	3.20	69.450	
1390	3.20	69.500	
1391	3.20	69.550	
1392	3.20	69.600	
1393	3.20	69.650	
1394	3.18	69.700	
1395	3.20	69.750	
1396	3.18	69.800	
1397	3.18	69.851	
1398	3.18	69.900	
1399	3.18	69.950	
1400	3.18	70.000	
1401	3.18	70.050	
1402	3.18	70.100	
1403	3.18	70.159	
1404	3.18	70.200	
1405	3.18	70.250	
1406	3.18	70.300	
1407	3.18	70.350	
1408	3.18	70.400	
1409	3.18	70.450	
1410	3.18	70.500	
1411	3.18	70.550	
1412	3.16	70.600	
1413	3.18	70.650	
1414	3.16	70.700	
1415	3.16	70.750	
1416	3.16	70.800	
1417	3.16	70.850	
1418	3.16	70.900	
1419	3.16	70.950	
1420	3.16	71.000	
1421	3.16	71.050	
1422	3.16	71.100	
1423	3.16	71.150	
1424	3.16	71.200	
1425	3.16	71.254	
1426	3.16	71.300	
1427	3.16	71.350	
1428	3.16	71.400	
1429	3.16	71.450	
1430	3.16	71.500	
1431	3.16	71.550	
1432	3.04	71.600	
1433	2.66	71.650	
1434	2.22	71.700	
1435	1.78	71.750	
1436	1.30	71.800	
1437	0.86	71.850	
1438	0.50	71.900	
1439	0.26	71.950	
1440	0.14	72.000	
1441	0.10	72.050	
1442	0.10	72.100	
1443	0.08	72.150	
1444	0.08	72.200	
1445	0.08	72.250	
1446	0.08	72.300	
1447	0.06	72.350	
1448	0.06	72.400	
1449	0.06	72.450	
1450	0.06	72.500	
1451	0.06	72.550	
1452	0.06	72.600	
1453	0.06	72.650	
1454	0.06	72.700	
1455	0.06	72.750	
1456	0.06	72.800	
1457	0.06	72.850	
1458	0.06	72.900	
1459	0.06	72.950	
1460	0.06	73.001	
1461	0.06	73.050	
1462	0.06	73.100	
1463	0.06	73.151	
1464	0.06	73.200	
1465	0.06	73.250	
1466	0.06	73.300	
1467	0.06	73.350	
1468	0.06	73.400	
1469	0.06	73.450	
1470	0.06	73.500	
1471	0.06	73.550	
1472	0.06	73.601	
1473	0.06	73.650	
1474	0.06	73.700	
1475	0.06	73.751	
1476	0.06	73.800	
1477	0.06	73.850	
1478	0.06	73.900	
1479	0.06	73.951	
1480	0.06	74.000	
1481	0.06	74.050	
1482	0.06	74.100	
1483	0.06	74.150	
1484	0.06	74.200	
1485	0.06	74.251	
1486	0.06	74.300	
1487	0.06	74.350	
1488	0.06	74.400	
1489	0.06	74.450	
1490	0.06	74.500	
1491	0.06	74.551	
1492	0.06	74.600	
1493	0.06	74.650	
1494	0.06	74.700	
1495	0.06	74.750	
1496	0.06	74.800	
1497	0.06	74.850	
1498	0.06	74.900	
1499	0.04	74.950	
1500	0.06	75.000	
1501	0.04	75.050	
1502	0.06	75.100	
1503	0.06	75.150	
1504	0.04	75.200	
1505	0.06	75.250	
1506	0.06	75.300	
1507	0.06	75.350	
1508	0.06	75.400	
1509	0.06	75.450	
1510	0.04	75.500	
1511	0.04	75.550	
1512	0.04	75.600	
1513	0.06	75.650	
1514	0.06	75.701	
1515	0.04	75.750	
1516	0.04	75.800	
1517	0.04	75.850	
1518	0.04	75.900	
1519	0.04	75.950	
1520	0.04	76.001	
1521	0.04	76.057	
1522	0.04	76.101	
1523	0.04	76.150	
1524	0.04	76.200	
1525	0.04	76.250	
1526	0.04	76.300	
1527	0.06	76.350	
1528	0.06	76.400	
1529	0.06	76.450	
1530	0.08	76.500	
1531	0.08	76.550	
1532	0.16	76.600	
1533	0.32	76.650	
1534	0.48	76.700	
1535	0.68	76.750	
1536	1.04	76.800	
1537	1.36	76.850	
1538	1.78	76.900	
1539	2.18	76.950	
1540	2.56	77.000	
1541	2.90	77.050	
1542	3.14	77.100	
1543	3.24	77.150	
1544	3.24	77.201	
1545	3.22	77.251	
1546	3.22	77.300	
1547	3.22	77.351	
1548	3.20	77.401	
1549	3.20	77.450	
1550	3.20	77.500	
1551	3.20	77.550	
1552	3.20	77.600	
1553	3.18	77.650	
1554	3.20	77.700	
1555	3.18	77.750	
1556	3.18	77.800	
1557	3.18	77.850	
1558	3.18	77.900	
1559	3.18	77.950	
1560	3.18	78.000	
1561	3.18	78.051	
1562	3.18	78.101	
1563	3.18	78.150	
1564	3.18	78.201	
1565	3.16	78.251	
1566	3.16	78.300	
1567	3.16	78.350	
1568	3.16	78.400	
1569	3.16	78.450	
1570	3.16	78.501	
1571	3.16	78.551	
1572	3.16	78.600	
1573	3.16	78.650	
1574	3.16	78.700	
1575	3.16	78.750	
1576	3.16	78.800	
1577	3.16	78.851	
1578	3.16	78.900	
1579	3.16	78.951	
1580	3.16	79.001	
1581	3.16	79.050	
1582	3.16	79.100	
1583	3.16	79.150	
1584	3.16	79.200	
1585	3.16	79.250	
1586	3.16	79.300	
1587	3.16	79.350	
1588	3.16	79.400	
1589	3.16	79.450	
1590	3.16	79.501	
1591	3.16	79.551	
1592	3.16	79.600	
1593	3.16	79.651	
1594	3.16	79.700	
1595	3.16	79.750	
1596	3.16	79.800	
1597	3.16	79.850	
1598	3.16	79.900	
1599	3.14	79.950	
1600	3.16	80.000	
1601	3.16	80.050	
1602	3.16	80.100	
1603	3.20	80.163	
1604	3.12	80.200	
1605	2.56	80.253	
1606	2.40	80.300	
1607	2.00	80.350	
1608	1.54	80.400	
1609	1.06	80.450	
1610	0.66	80.500	
1611	0.36	80.550	
1612	0.18	80.600	
1613	0.12	80.650	
1614	0.10	80.700	
1615	0.10	80.750	
1616	0.08	80.800	
1617	0.08	80.859	
1618	0.08	80.900	
1619	0.08	80.950	
1620	0.06	81.000	
1621	0.06	81.050	
1622	0.06	81.100	
1623	0.06	81.150	
1624	0.06	81.200	
1625	0.06	81.250	
1626	0.06	81.300	
1627	0.06	81.350	
1628	0.06	81.400	
1629	0.06	81.450	
1630	0.06	81.500	
1631	0.06	81.550	
1632	0.06	81.601	
1633	0.06	81.650	
1634	0.06	81.700	
1635	0.06	81.750	
1636	0.06	81.800	
1637	0.06	81.850	
1638	0.06	81.900	
1639	0.06	81.950	
1640	0.06	82.000	
1641	0.06	82.050	
1642	0.06	82.101	
1643	0.06	82.150	
1644	0.06	82.200	
1645	0.06	82.250	
1646	0.06	82.300	
1647	0.06	82.350	
1648	0.06	82.400	
1649	0.06	82.451	
1650	0.06	82.500	
1651	0.06	82.550	
1652	0.06	82.600	
1653	0.06	82.650	
1654	0.06	82.700	
1655	0.06	82.750	
1656	0.06	82.800	
1657	0.06	82.850	
1658	0.06	82.909	
1659	0.06	82.950	
1660	0.06	83.000	
1661	0.06	83.051	
1662	0.06	83.100	
1663	0.06	83.150	
1664	0.06	83.200	
1665	0.06	83.250	
1666	0.06	83.300	
1667	0.06	83.350	
1668	0.06	83.400	
1669	0.06	83.450	
1670	0.06	83.500	
1671	0.06	83.550	
1672	0.06	83.600	
1673	0.06	83.650	
1674	0.06	83.700	
1675	0.06	83.750	
1676	0.06	83.801	
1677	0.06	83.850	
1678	0.06	83.900	
1679	0.06	83.950	
1680	0.04	84.000	
1681	0.06	84.050	
1682	0.06	84.100	
1683	0.04	84.150	
1684	0.06	84.200	
1685	0.06	84.250	
1686	0.06	84.300	
1687	0.06	84.350	
1688	0.06	84.400	
1689	0.06	84.450	
1690	0.06	84.500	
1691	0.06	84.550	
1692	0.06	84.600	
1693	0.06	84.650	
1694	0.06	84.700	
1695	0.08	84.751	
1696	0.08	84.800	
1697	0.08	84.850	
1698	0.20	84.900	
1699	0.36	84.950	
1700	0.50	85.001	
1701	0.74	85.050	
1702	1.06	85.100	
1703	1.44	85.150	
1704	1.84	85.200	
1705	2.24	85.250	
1706	2.62	85.300	
1707	2.92	85.350	
1708	3.12	85.400	
1709	3.14	85.450	
1710	3.14	85.500	
1711	3.14	85.550	
1712	3.12	85.600	
1713	3.12	85.650	
1714	3.12	85.700	
1715	3.12	85.750	
1716	3.10	85.800	
1717	3.10	85.850	
1718	3.10	85.901	
1719	3.10	85.950	
1720	3.10	86.000	
1721	3.10	86.050	
1722	3.10	86.100	
1723	3.10	86.150	
1724	3.10	86.201	
1725	3.10	86.250	
1726	3.10	86.300	
1727	3.10	86.350	
1728	3.10	86.400	
1729	3.08	86.450	
1730	3.10	86.501	
1731	3.08	86.550	
1732	3.08	86.600	
1733	3.08	86.650	
1734	3.08	86.700	
1735	3.08	86.750	
1736	3.08	86.801	
1737	3.08	86.850	
1738	3.08	86.900	
1739	3.08	86.950	
1740	3.08	87.000	
1741	3.08	87.050	
1742	3.08	87.100	
1743	3.08	87.150	
1744	3.08	87.200	
1745	3.08	87.250	
1746	3.08	87.300	
1747	3.08	87.350	
1748	3.08	87.400	
1749	3.08	87.450	
1750	3.08	87.500	
1751	3.08	87.551	
1752	3.08	87.600	
1753	3.08	87.650	
1754	3.08	87.700	
1755	3.08	87.750	
1756	3.06	87.801	
1757	3.08	87.850	
1758	3.08	87.900	
1759	3.08	87.950	
1760	3.08	88.000	
1761	3.06	88.050	
1762	3.06	88.100	
1763	3.08	88.150	
1764	3.08	88.200	
1765	3.06	88.250	
1766	3.08	88.300	
1767	3.06	88.361	
1768	3.08	88.400	
1769	3.06	88.456	
1770	3.06	88.500	
1771	3.08	88.550	
1772	2.88	88.600	
1773	2.52	88.650	
1774	2.08	88.700	
1775	1.66	88.750	
1776	0.82	88.812	
1777	0.68	88.850	
1778	0.26	88.907	
1779	0.20	88.951	
1780	0.14	89.000	
1781	0.10	89.050	
1782	0.10	89.100	
1783	0.10	89.150	
1784	0.08	89.200	
1785	0.08	89.250	
1786	0.08	89.300	
1787	0.08	89.350	
1788	0.06	89.400	
1789	0.06	89.450	
1790	0.06	89.500	
1791	0.06	89.550	
1792	0.06	89.600	
1793	0.06	89.650	
1794	0.06	89.700	
1795	0.06	89.750	
1796	0.06	89.800	
1797	0.06	89.850	
1798	0.06	89.900	
1799	0.06	89.950	
1800	0.06	90.000	
1801	0.06	90.050	
1802	0.06	90.100	
1803	0.06	90.200	
1804	0.06	90.250	
1805	0.06	90.306	
1806	0.06	90.350	
1807	0.06	90.400	
1808	0.06	90.450	
1809	0.06	90.500	
1810	0.06	90.550	
1811	0.06	90.613	
1812	0.06	90.651	
1813	0.06	90.704	
1814	0.06	90.750	
1815	0.06	90.800	
1816	0.06	90.850	
1817	0.06	90.900	
1818	0.06	90.950	
1819	0.06	91.000	
1820	0.06	91.050	
1821	0.06	91.100	
1822	0.06	91.151	
1823	0.06	91.200	
1824	0.06	91.250	
1825	0.06	91.301	
1826	0.06	91.350	
1827	0.06	91.400	
1828	0.06	91.450	
1829	0.06	91.500	
1830	0.06	91.551	
1831	0.06	91.600	
1832	0.06	91.650	
1833	0.06	91.700	
1834	0.06	91.750	
1835	0.06	91.800	
1836	0.06	91.850	
1837	0.06	91.900	
1838	0.06	91.951	
1839	0.06	92.000	
1840	0.06	92.050	
1841	0.06	92.100	
1842	0.06	92.150	
1843	0.06	92.200	
1844	0.06	92.250	
1845	0.06	92.300	
1846	0.06	92.350	
1847	0.06	92.400	
1848	0.06	92.450	
1849	0.06	92.500	
1850	0.06	92.550	
1851	0.06	92.600	
1852	0.06	92.650	
1853	0.06	92.700	
1854	0.06	92.750	
1855	0.06	92.800	
1856	0.06	92.850	
1857	0.06	92.900	
1858	0.06	92.950	
1859	0.06	93.000	
1860	0.06	93.050	
1861	0.04	93.100	
1862	0.06	93.150	
1863	0.06	93.200	
1864	0.04	93.250	
1865	0.04	93.300	
1866	0.04	93.350	
1867	0.06	93.400	
1868	0.06	93.450	
1869	0.04	93.500	
1870	0.04	93.550	
1871	0.04	93.600	
1872	0.04	93.650	
1873	0.04	93.701	
1874	0.06	93.750	
1875	0.06	93.800	
1876	0.04	93.850	
1877	0.06	93.900	
1878	0.06	93.950	
1879	0.06	94.000	
1880	0.04	94.050	
1881	0.04	94.100	
1882	0.06	94.150	
1883	0.04	94.200	
1884	0.04	94.250	
1885	0.06	94.300	
1886	0.08	94.350	
1887	0.08	94.400	
1888	0.08	94.450	
1889	0.20	94.500	
1890	0.36	94.550	
1891	0.52	94.600	
1892	0.74	94.650	
1893	1.06	94.700	
1894	1.46	94.750	
1895	1.86	94.800	
1896	2.26	94.850	
1897	2.64	94.901	
1898	2.96	94.950	
1899	3.16	95.000	
1900	3.20	95.050	
1901	3.20	95.100	
1902	3.20	95.150	
1903	3.18	95.200	
1904	3.18	95.250	
1905	3.18	95.300	
1906	3.18	95.350	
1907	3.16	95.400	
1908	3.16	95.450	
1909	3.16	95.500	
1910	3.16	95.551	
1911	3.16	95.600	
1912	3.16	95.650	
1913	3.16	95.700	
1914	3.16	95.750	
1915	3.16	95.801	
1916	3.16	95.851	
1917	3.16	95.900	
1918	3.16	95.950	
1919	3.16	96.000	
1920	3.14	96.051	
1921	3.14	96.100	
1922	3.14	96.150	
1923	3.14	96.200	
1924	3.14	96.250	
1925	3.14	96.300	
1926	3.14	96.350	
1927	3.14	96.400	
1928	3.14	96.450	
1929	3.14	96.500	
1930	3.14	96.551	
1931	3.14	96.600	
1932	3.14	96.650	
1933	3.14	96.700	
1934	3.14	96.750	
1935	3.14	96.800	
1936	3.14	96.851	
1937	3.14	96.901	
1938	3.14	96.950	
1939	3.14	97.000	
1940	3.14	97.050	
1941	3.14	97.100	
1942	3.12	97.151	
1943	3.14	97.200	
1944	3.14	97.250	
1945	3.12	97.300	
1946	3.14	97.350	
1947	3.12	97.400	
1948	3.12	97.450	
1949	3.12	97.500	
1950	3.14	97.550	
1951	3.12	97.600	
1952	3.12	97.650	
1953	3.12	97.700	
1954	3.12	97.750	
1955	3.12	97.800	
1956	3.12	97.850	
1957	3.12	97.900	
1958	3.12	97.951	
1959	3.16	98.000	
1960	2.84	98.050	
1961	2.48	98.100	
1962	2.04	98.150	
1963	1.62	98.200	
1964	1.14	98.250	
1965	0.72	98.300	
1966	0.40	98.350	
1967	0.20	98.400	
1968	0.14	98.450	
1969	0.10	98.500	
1970	0.10	98.551	
1971	0.08	98.600	
1972	0.08	98.650	
1973	0.08	98.701	
1974	0.08	98.751	
1975	0.08	98.800	
1976	0.06	98.850	
1977	0.06	98.900	
1978	0.06	98.950	
1979	0.06	99.000	
1980	0.06	99.050	
1981	0.08	99.100	
1982	0.06	99.150	
1983	0.06	99.200	
1984	0.06	99.250	
1985	0.06	99.300	
1986	0.06	99.350	
1987	0.06	99.400	
1988	0.06	99.450	
1989	0.06	99.501	
1990	0.06	99.550	
1991	0.06	99.600	
1992	0.06	99.651	
1993	0.06	99.700	
1994	0.06	99.750	
1995	0.06	99.801	
1996	0.06	99.851	
1997	0.06	99.900	
1998	0.06	99.950	
1999	0.06	100.000	
2000	0.06	100.050	
2001	0.06	100.101	
2002	0.06	100.200	
2003	0.06	100.250	
2004	0.06	100.300	
2005	0.06	100.350	
2006	0.06	100.400	
2007	0.06	100.450	
2008	0.06	100.500	
2009	0.06	100.550	
2010	0.06	100.600	
2011	0.06	100.650	
2012	0.06	100.700	
2013	0.06	100.750	
2014	0.06	100.800	
2015	0.06	100.850	
2016	0.06	100.900	
2017	0.06	100.950	
2018	0.06	101.000	
2019	0.06	101.050	
2020	0.06	101.100	
2021	0.06	101.150	
2022	0.06	101.200	
2023	0.06	101.250	
2024	0.06	101.301	
2025	0.06	101.350	
2026	0.06	101.400	
2027	0.06	101.451	
2028	0.06	101.500	
2029	0.06	101.550	
2030	0.06	101.600	
2031	0.06	101.650	
2032	0.06	101.700	
2033	0.06	101.750	
2034	0.06	101.801	
2035	0.06	101.850	
2036	0.06	101.900	
2037	0.06	101.950	
2038	0.06	102.000	
2039	0.06	102.050	
2040	0.06	102.100	
2041	0.06	102.151	
2042	0.06	102.200	
2043	0.06	102.250	
2044	0.06	102.300	
2045	0.06	102.350	
2046	0.06	102.400	
2047	0.06	102.450	
2048	0.06	102.500	
2049	0.06	102.550	
2050	0.06	102.600	
2051	0.06	102.650	
2052	0.06	102.701	
2053	0.06	102.750	
2054	0.06	102.800	
2055	0.06	102.850	
2056	0.06	102.900	
2057	0.06	102.950	
2058	0.06	103.000	
2059	0.06	103.050	
2060	0.06	103.100	
2061	0.06	103.150	
2062	0.06	103.200	
2063	0.06	103.250	
2064	0.06	103.300	
2065	0.06	103.350	
2066	0.06	103.400	
2067	0.06	103.451	
2068	0.06	103.500	
2069	0.06	103.550	
2070	0.04	103.600	
2071	0.06	103.650	
2072	0.06	103.700	
2073	0.06	103.750	
2074	0.06	103.800	
2075	0.06	103.850	
2076	0.06	103.900	
2077	0.06	103.950	
2078	0.06	104.001	
2079	0.08	104.051	
2080	0.08	104.100	
2081	0.08	104.150	
2082	0.24	104.200	
2083	0.40	104.251	
2084	0.56	104.300	
2085	0.84	104.351	
2086	1.16	104.400	
2087	1.56	104.450	
2088	1.96	104.500	
2089	2.36	104.550	
2090	2.72	104.600	
2091	2.98	104.650	
2092	3.12	104.700	
2093	3.12	104.750	
2094	3.12	104.800	
2095	3.12	104.850	
2096	3.10	104.900	
2097	3.10	104.950	
2098	3.10	105.000	
2099	3.10	105.050	
2100	3.10	105.100	
2101	3.10	105.150	
2102	3.10	105.200	
2103	3.10	105.250	
2104	3.08	105.300	
2105	3.08	105.350	
2106	3.08	105.400	
2107	3.08	105.450	
2108	3.08	105.500	
2109	3.08	105.550	
2110	3.08	105.600	
2111	3.08	105.650	
2112	3.08	105.700	
2113	3.08	105.750	
2114	3.08	105.800	
2115	3.08	105.850	
2116	3.06	105.900	
2117	3.06	105.950	
2118	3.06	106.000	
2119	3.06	106.050	
2120	3.06	106.100	
2121	3.06	106.150	
2122	3.06	106.200	
2123	3.06	106.250	
2124	3.06	106.300	
2125	3.06	106.350	
2126	3.06	106.400	
2127	3.06	106.450	
2128	3.06	106.500	
2129	3.06	106.550	
2130	3.06	106.613	
2131	3.06	106.650	
2132	3.06	106.713	
2133	3.06	106.750	
2134	3.06	106.809	
2135	3.06	106.850	
2136	3.06	106.906	
2137	3.06	106.950	
2138	3.06	107.000	
2139	3.06	107.050	
2140	3.06	107.100	
2141	3.06	107.150	
2142	3.06	107.200	
2143	3.06	107.250	
2144	3.06	107.300	
2145	3.06	107.350	
2146	3.06	107.400	
2147	3.06	107.450	
2148	3.06	107.500	
2149	3.10	107.550	
2150	2.82	107.600	
2151	2.44	107.650	
2152	2.02	107.700	
2153	1.60	107.750	
2154	1.12	107.800	
2155	0.72	107.850	
2156	0.40	107.900	
2157	0.20	107.950	
2158	0.14	108.000	
2159	0.10	108.050	
2160	0.10	108.100	
2161	0.10	108.150	
2162	0.10	108.200	
2163	0.08	108.250	
2164	0.08	108.300	
2165	0.06	108.350	
2166	0.06	108.400	
2167	0.06	108.451	
2168	0.06	108.500	
2169	0.06	108.550	
2170	0.06	108.600	
2171	0.06	108.650	
2172	0.06	108.700	
2173	0.06	108.750	
2174	0.06	108.801	
2175	0.06	108.851	
2176	0.06	108.900	
2177	0.06	108.950	
2178	0.06	109.000	
2179	0.06	109.050	
2180	0.06	109.100	
2181	0.06	109.150	
2182	0.06	109.200	
2183	0.06	109.250	
2184	0.06	109.301	
2185	0.06	109.350	
2186	0.06	109.400	
2187	0.06	109.450	
2188	0.06	109.500	
