7/24/2024  4:33 PM
Units: N
Readings: Continuous
X-Axis: Time

Reading	Load	Time	
1	0.04	0.000	
2	0.04	0.099	
3	0.04	0.149	
4	0.04	0.199	
5	0.04	0.249	
6	0.04	0.299	
7	0.04	0.349	
8	0.04	0.400	
9	0.04	0.449	
10	0.04	0.499	
11	0.04	0.549	
12	0.04	0.599	
13	0.04	0.650	
14	0.04	0.699	
15	0.04	0.749	
16	0.04	0.799	
17	0.04	0.849	
18	0.04	0.899	
19	0.04	0.950	
20	0.04	0.999	
21	0.04	1.049	
22	0.04	1.100	
23	0.04	1.149	
24	0.04	1.199	
25	0.04	1.249	
26	0.04	1.299	
27	0.04	1.350	
28	0.04	1.399	
29	0.04	1.449	
30	0.04	1.499	
31	0.04	1.550	
32	0.04	1.600	
33	0.04	1.649	
34	0.04	1.699	
35	0.04	1.749	
36	0.02	1.799	
37	0.04	1.849	
38	0.04	1.899	
39	0.04	1.950	
40	0.04	1.999	
41	0.04	2.050	
42	0.04	2.099	
43	0.04	2.149	
44	0.04	2.200	
45	0.04	2.249	
46	0.04	2.299	
47	0.04	2.349	
48	0.04	2.399	
49	0.04	2.449	
50	0.04	2.499	
51	0.04	2.549	
52	0.02	2.600	
53	0.04	2.649	
54	0.04	2.700	
55	0.04	2.750	
56	0.04	2.799	
57	0.04	2.849	
58	0.04	2.900	
59	0.04	2.949	
60	0.04	2.999	
61	0.04	3.049	
62	0.04	3.099	
63	0.04	3.149	
64	0.04	3.199	
65	0.04	3.249	
66	0.04	3.300	
67	0.04	3.349	
68	0.04	3.399	
69	0.04	3.449	
70	0.04	3.499	
71	0.04	3.550	
72	0.04	3.599	
73	0.04	3.650	
74	0.04	3.699	
75	0.04	3.749	
76	0.02	3.799	
77	0.04	3.849	
78	0.04	3.899	
79	0.02	3.949	
80	0.04	3.999	
81	0.04	4.049	
82	0.04	4.100	
83	0.04	4.149	
84	0.04	4.199	
85	0.04	4.249	
86	0.04	4.300	
87	0.04	4.349	
88	0.02	4.399	
89	0.04	4.450	
90	0.04	4.499	
91	0.04	4.550	
92	0.04	4.600	
93	0.04	4.650	
94	0.04	4.699	
95	0.02	4.749	
96	0.04	4.800	
97	0.04	4.849	
98	0.04	4.899	
99	0.04	4.949	
100	0.02	4.999	
101	0.04	5.049	
102	0.04	5.100	
103	0.04	5.149	
104	0.02	5.200	
105	0.04	5.249	
106	0.04	5.300	
107	0.02	5.349	
108	0.04	5.400	
109	0.02	5.449	
110	0.04	5.499	
111	0.04	5.549	
112	0.04	5.600	
113	0.02	5.649	
114	0.04	5.699	
115	0.02	5.750	
116	0.04	5.799	
117	0.02	5.849	
118	0.02	5.899	
119	0.02	5.949	
120	0.02	5.999	
121	0.02	6.049	
122	0.02	6.099	
123	0.02	6.149	
124	0.02	6.199	
125	0.04	6.249	
126	0.04	6.299	
127	0.02	6.349	
128	0.04	6.399	
129	0.02	6.449	
130	0.02	6.499	
131	0.04	6.549	
132	0.04	6.599	
133	0.04	6.649	
134	0.04	6.699	
135	0.02	6.749	
136	0.04	6.800	
137	0.02	6.849	
138	0.02	6.899	
139	0.02	6.949	
140	0.02	6.999	
141	0.02	7.049	
142	0.02	7.099	
143	0.04	7.149	
144	0.02	7.199	
145	0.02	7.250	
146	0.04	7.299	
147	0.04	7.349	
148	0.02	7.399	
149	0.02	7.449	
150	0.02	7.499	
151	0.02	7.550	
152	0.02	7.599	
153	0.02	7.649	
154	0.04	7.700	
155	0.02	7.749	
156	0.02	7.799	
157	0.02	7.849	
158	0.02	7.899	
159	0.04	7.949	
160	0.02	7.999	
161	0.02	8.049	
162	0.04	8.099	
163	0.04	8.149	
164	0.04	8.200	
165	0.02	8.249	
166	0.02	8.299	
167	0.00	8.349	
168	0.00	8.399	
169	0.04	8.449	
170	0.18	8.499	
171	0.36	8.549	
172	0.56	8.599	
173	0.72	8.649	
174	0.92	8.699	
175	1.14	8.749	
176	1.30	8.799	
177	1.40	8.849	
178	1.40	8.899	
179	1.40	8.949	
180	1.40	8.999	
181	1.40	9.050	
182	1.40	9.099	
183	1.38	9.150	
184	1.38	9.199	
185	1.38	9.249	
186	1.38	9.299	
187	1.38	9.349	
188	1.38	9.399	
189	1.38	9.449	
190	1.38	9.499	
191	1.38	9.549	
192	1.38	9.599	
193	1.38	9.649	
194	1.38	9.699	
195	1.38	9.750	
196	1.38	9.799	
197	1.38	9.849	
198	1.38	9.899	
199	1.38	9.949	
200	1.38	9.999	
201	1.38	10.049	
202	1.38	10.099	
203	1.38	10.149	
204	1.38	10.199	
205	1.38	10.249	
206	1.38	10.299	
207	1.38	10.349	
208	1.38	10.399	
209	1.38	10.449	
210	1.38	10.499	
211	1.38	10.549	
212	1.38	10.599	
213	1.38	10.649	
214	1.38	10.699	
215	1.38	10.750	
216	1.38	10.799	
217	1.38	10.849	
218	1.38	10.899	
219	1.38	10.949	
220	1.38	10.999	
221	1.38	11.049	
222	1.38	11.099	
223	1.38	11.149	
224	1.38	11.199	
225	1.38	11.249	
226	1.38	11.300	
227	1.38	11.349	
228	1.38	11.399	
229	1.38	11.450	
230	1.38	11.499	
231	1.38	11.550	
232	1.38	11.599	
233	1.38	11.649	
234	1.38	11.700	
235	1.10	11.750	
236	0.66	11.799	
237	0.38	11.850	
238	0.24	11.899	
239	0.14	11.949	
240	0.10	11.999	
241	0.12	12.049	
242	0.12	12.100	
243	0.12	12.149	
244	0.12	12.199	
245	0.12	12.249	
246	0.10	12.299	
247	0.08	12.349	
248	0.08	12.399	
249	0.08	12.449	
250	0.08	12.499	
251	0.08	12.549	
252	0.08	12.599	
253	0.08	12.650	
254	0.08	12.699	
255	0.06	12.749	
256	0.08	12.800	
257	0.06	12.849	
258	0.06	12.899	
259	0.06	12.949	
260	0.06	12.999	
261	0.06	13.049	
262	0.06	13.099	
263	0.06	13.150	
264	0.06	13.199	
265	0.06	13.249	
266	0.06	13.299	
267	0.06	13.349	
268	0.06	13.399	
269	0.06	13.449	
270	0.06	13.499	
271	0.06	13.549	
272	0.06	13.599	
273	0.06	13.649	
274	0.06	13.700	
275	0.06	13.749	
276	0.06	13.799	
277	0.06	13.849	
278	0.06	13.899	
279	0.06	13.949	
280	0.06	13.999	
281	0.06	14.049	
282	0.06	14.099	
283	0.06	14.149	
284	0.06	14.199	
285	0.06	14.249	
286	0.06	14.299	
287	0.06	14.349	
288	0.06	14.399	
289	0.06	14.449	
290	0.06	14.499	
291	0.06	14.550	
292	0.06	14.599	
293	0.06	14.650	
294	0.06	14.699	
295	0.06	14.750	
296	0.06	14.799	
297	0.06	14.850	
298	0.06	14.900	
299	0.06	14.949	
300	0.06	14.999	
301	0.06	15.049	
302	0.06	15.099	
303	0.06	15.149	
304	0.06	15.199	
305	0.06	15.249	
306	0.06	15.300	
307	0.06	15.349	
308	0.06	15.399	
309	0.06	15.449	
310	0.06	15.499	
311	0.06	15.549	
312	0.06	15.600	
313	0.06	15.649	
314	0.06	15.699	
315	0.06	15.749	
316	0.06	15.799	
317	0.06	15.849	
318	0.06	15.900	
319	0.06	15.949	
320	0.06	16.000	
321	0.06	16.049	
322	0.06	16.099	
323	0.06	16.149	
324	0.04	16.199	
325	0.06	16.249	
326	0.04	16.299	
327	0.06	16.349	
328	0.06	16.399	
329	0.06	16.449	
330	0.06	16.499	
331	0.06	16.550	
332	0.06	16.600	
333	0.06	16.649	
334	0.06	16.700	
335	0.06	16.749	
336	0.06	16.799	
337	0.06	16.849	
338	0.04	16.899	
339	0.06	16.949	
340	0.06	16.999	
341	0.04	17.049	
342	0.04	17.099	
343	0.06	17.149	
344	0.06	17.199	
345	0.06	17.250	
346	0.06	17.299	
347	0.06	17.350	
348	0.06	17.399	
349	0.04	17.449	
350	0.06	17.499	
351	0.04	17.549	
352	0.04	17.599	
353	0.04	17.649	
354	0.04	17.699	
355	0.06	17.749	
356	0.06	17.799	
357	0.04	17.850	
358	0.04	17.899	
359	0.04	17.949	
360	0.02	17.999	
361	0.02	18.049	
362	0.02	18.099	
363	0.02	18.149	
364	0.08	18.199	
365	0.22	18.249	
366	0.40	18.299	
367	0.60	18.349	
368	0.76	18.399	
369	0.98	18.449	
370	1.18	18.499	
371	1.32	18.550	
372	1.38	18.599	
373	1.38	18.649	
374	1.38	18.699	
375	1.38	18.750	
376	1.38	18.802	
377	1.38	18.850	
378	1.38	18.899	
379	1.38	18.949	
380	1.38	18.999	
381	1.36	19.049	
382	1.36	19.099	
383	1.36	19.149	
384	1.38	19.199	
385	1.36	19.249	
386	1.36	19.299	
387	1.36	19.350	
388	1.36	19.399	
389	1.36	19.449	
390	1.36	19.499	
391	1.36	19.549	
392	1.36	19.599	
393	1.36	19.649	
394	1.36	19.699	
395	1.36	19.749	
396	1.36	19.799	
397	1.36	19.849	
398	1.36	19.899	
399	1.36	19.949	
400	1.36	19.999	
401	1.36	20.049	
402	1.36	20.099	
403	1.36	20.149	
404	1.36	20.199	
405	1.36	20.250	
406	1.36	20.299	
407	1.36	20.349	
408	1.36	20.399	
409	1.36	20.449	
410	1.36	20.499	
411	1.36	20.550	
412	1.36	20.600	
413	1.36	20.649	
414	1.36	20.699	
415	1.36	20.750	
416	1.36	20.799	
417	1.36	20.849	
418	1.38	20.899	
419	1.36	20.949	
420	1.36	20.999	
421	1.36	21.049	
422	1.36	21.099	
423	1.38	21.149	
424	1.36	21.199	
425	1.36	21.249	
426	1.36	21.299	
427	1.36	21.349	
428	1.18	21.399	
429	0.72	21.449	
430	0.42	21.499	
431	0.26	21.549	
432	0.16	21.599	
433	0.12	21.649	
434	0.12	21.699	
435	0.12	21.749	
436	0.12	21.799	
437	0.14	21.849	
438	0.12	21.899	
439	0.10	21.949	
440	0.10	21.999	
441	0.08	22.049	
442	0.08	22.099	
443	0.08	22.149	
444	0.08	22.200	
445	0.08	22.249	
446	0.08	22.299	
447	0.08	22.349	
448	0.08	22.399	
449	0.08	22.449	
450	0.08	22.499	
451	0.08	22.549	
452	0.08	22.599	
453	0.08	22.649	
454	0.08	22.699	
455	0.08	22.749	
456	0.08	22.799	
457	0.08	22.849	
458	0.06	22.899	
459	0.06	22.949	
460	0.06	22.999	
461	0.06	23.049	
462	0.06	23.099	
463	0.06	23.149	
464	0.06	23.199	
465	0.08	23.249	
466	0.06	23.299	
467	0.06	23.349	
468	0.06	23.399	
469	0.06	23.449	
470	0.06	23.499	
471	0.06	23.549	
472	0.06	23.599	
473	0.06	23.649	
474	0.06	23.699	
475	0.06	23.749	
476	0.06	23.800	
477	0.06	23.849	
478	0.06	23.899	
479	0.06	23.949	
480	0.06	23.999	
481	0.06	24.049	
482	0.06	24.099	
483	0.06	24.149	
484	0.06	24.199	
485	0.06	24.249	
486	0.06	24.299	
487	0.06	24.349	
488	0.06	24.399	
489	0.06	24.449	
490	0.06	24.499	
491	0.06	24.549	
492	0.06	24.599	
493	0.06	24.649	
494	0.06	24.699	
495	0.06	24.749	
496	0.06	24.799	
497	0.06	24.849	
498	0.06	24.899	
499	0.06	24.949	
500	0.06	24.999	
501	0.06	25.049	
502	0.06	25.099	
503	0.06	25.149	
504	0.06	25.199	
505	0.06	25.249	
506	0.06	25.300	
507	0.06	25.349	
508	0.06	25.399	
509	0.06	25.450	
510	0.06	25.500	
511	0.06	25.549	
512	0.06	25.600	
513	0.06	25.649	
514	0.06	25.699	
515	0.06	25.749	
516	0.06	25.799	
517	0.06	25.849	
518	0.06	25.899	
519	0.06	25.949	
520	0.06	25.999	
521	0.06	26.049	
522	0.06	26.099	
523	0.06	26.149	
524	0.06	26.199	
525	0.06	26.249	
526	0.06	26.299	
527	0.06	26.349	
528	0.06	26.399	
529	0.06	26.449	
530	0.06	26.499	
531	0.04	26.549	
532	0.04	26.599	
533	0.04	26.649	
534	0.04	26.699	
535	0.04	26.749	
536	0.12	26.799	
537	0.28	26.849	
538	0.46	26.899	
539	0.62	26.950	
540	0.84	26.999	
541	1.06	27.050	
542	1.24	27.100	
543	1.36	27.149	
544	1.40	27.199	
545	1.40	27.249	
546	1.38	27.299	
547	1.38	27.349	
548	1.38	27.399	
549	1.38	27.450	
550	1.38	27.500	
551	1.38	27.549	
552	1.38	27.600	
553	1.38	27.649	
554	1.38	27.699	
555	1.38	27.749	
556	1.38	27.799	
557	1.38	27.849	
558	1.38	27.899	
559	1.38	27.949	
560	1.38	27.999	
561	1.38	28.049	
562	1.38	28.100	
563	1.38	28.149	
564	1.38	28.199	
565	1.38	28.249	
566	1.38	28.299	
567	1.38	28.349	
568	1.38	28.399	
569	1.38	28.449	
570	1.38	28.499	
571	1.38	28.549	
572	1.38	28.599	
573	1.38	28.649	
574	1.38	28.699	
575	1.38	28.750	
576	1.38	28.799	
577	1.38	28.849	
578	1.38	28.899	
579	1.38	28.949	
580	1.38	28.999	
581	1.38	29.049	
582	1.38	29.099	
583	1.38	29.149	
584	1.38	29.199	
585	1.38	29.249	
586	1.38	29.299	
587	1.38	29.349	
588	1.38	29.399	
589	1.38	29.449	
590	1.38	29.499	
591	1.38	29.549	
592	1.38	29.599	
593	1.38	29.649	
594	1.38	29.699	
595	1.38	29.750	
596	1.38	29.799	
597	1.38	29.849	
598	1.38	29.899	
599	1.38	29.950	
600	1.38	30.000	
601	1.38	30.049	
602	1.38	30.099	
603	1.30	30.149	
604	1.12	30.199	
605	0.68	30.249	
606	0.38	30.299	
607	0.24	30.349	
608	0.16	30.399	
609	0.14	30.449	
610	0.14	30.499	
611	0.14	30.549	
612	0.14	30.599	
613	0.14	30.649	
614	0.14	30.699	
615	0.10	30.749	
616	0.10	30.799	
617	0.10	30.849	
618	0.10	30.899	
619	0.10	30.949	
620	0.08	30.999	
621	0.10	31.049	
622	0.10	31.099	
623	0.08	31.149	
624	0.10	31.199	
625	0.10	31.249	
626	0.08	31.299	
627	0.08	31.349	
628	0.08	31.399	
629	0.08	31.449	
630	0.08	31.499	
631	0.08	31.549	
632	0.08	31.599	
633	0.08	31.649	
634	0.08	31.699	
635	0.08	31.749	
636	0.08	31.799	
637	0.08	31.849	
638	0.08	31.899	
639	0.08	31.949	
640	0.08	31.999	
641	0.08	32.049	
642	0.08	32.099	
643	0.08	32.149	
644	0.08	32.199	
645	0.08	32.249	
646	0.08	32.299	
647	0.08	32.349	
648	0.08	32.399	
649	0.08	32.449	
650	0.08	32.499	
651	0.08	32.549	
652	0.08	32.599	
653	0.08	32.649	
654	0.08	32.699	
655	0.08	32.749	
656	0.08	32.799	
657	0.08	32.850	
658	0.08	32.899	
659	0.08	32.949	
660	0.08	32.999	
661	0.08	33.049	
662	0.08	33.099	
663	0.08	33.149	
664	0.08	33.199	
665	0.08	33.249	
666	0.08	33.299	
667	0.08	33.349	
668	0.08	33.399	
669	0.08	33.449	
670	0.08	33.499	
671	0.08	33.549	
672	0.08	33.599	
673	0.08	33.649	
674	0.06	33.699	
675	0.08	33.749	
676	0.08	33.799	
677	0.06	33.849	
678	0.06	33.899	
679	0.06	33.949	
680	0.08	33.999	
681	0.08	34.049	
682	0.08	34.099	
683	0.06	34.149	
684	0.08	34.199	
685	0.08	34.249	
686	0.06	34.299	
687	0.06	34.350	
688	0.06	34.399	
689	0.08	34.450	
690	0.06	34.499	
691	0.06	34.549	
692	0.06	34.599	
693	0.06	34.649	
694	0.06	34.699	
695	0.08	34.749	
696	0.06	34.799	
697	0.06	34.849	
698	0.06	34.899	
699	0.06	34.949	
700	0.06	34.999	
701	0.06	35.049	
702	0.06	35.099	
703	0.06	35.149	
704	0.06	35.199	
705	0.06	35.249	
706	0.06	35.299	
707	0.06	35.349	
708	0.06	35.399	
709	0.06	35.449	
710	0.06	35.499	
711	0.06	35.549	
712	0.06	35.599	
713	0.06	35.649	
714	0.06	35.699	
715	0.06	35.749	
716	0.06	35.799	
717	0.06	35.849	
718	0.06	35.899	
719	0.06	35.949	
720	0.06	35.999	
721	0.06	36.049	
722	0.06	36.099	
723	0.06	36.149	
724	0.06	36.199	
725	0.06	36.249	
726	0.06	36.299	
727	0.06	36.350	
728	0.06	36.400	
729	0.06	36.449	
730	0.06	36.499	
731	0.06	36.549	
732	0.06	36.599	
733	0.06	36.649	
734	0.06	36.699	
735	0.06	36.749	
736	0.06	36.799	
737	0.06	36.849	
738	0.06	36.899	
739	0.06	36.949	
740	0.06	36.999	
741	0.06	37.049	
742	0.06	37.099	
743	0.06	37.149	
744	0.04	37.199	
745	0.04	37.249	
746	0.04	37.299	
747	0.04	37.349	
748	0.06	37.400	
749	0.16	37.449	
750	0.46	37.500	
751	0.52	37.549	
752	0.68	37.599	
753	0.88	37.649	
754	1.10	37.699	
755	1.26	37.749	
756	1.36	37.799	
757	1.38	37.850	
758	1.38	37.899	
759	1.38	37.949	
760	1.38	37.999	
761	1.38	38.049	
762	1.38	38.099	
763	1.38	38.150	
764	1.38	38.199	
765	1.36	38.249	
766	1.36	38.299	
767	1.36	38.349	
768	1.36	38.399	
769	1.36	38.449	
770	1.36	38.499	
771	1.36	38.549	
772	1.36	38.599	
773	1.36	38.649	
774	1.36	38.699	
775	1.36	38.749	
776	1.36	38.800	
777	1.36	38.849	
778	1.36	38.899	
779	1.36	38.949	
780	1.36	38.999	
781	1.36	39.049	
782	1.36	39.099	
783	1.36	39.149	
784	1.36	39.199	
785	1.36	39.249	
786	1.36	39.299	
787	1.36	39.349	
788	1.36	39.399	
789	1.36	39.449	
790	1.36	39.499	
791	1.36	39.550	
792	1.36	39.599	
793	1.36	39.649	
794	1.36	39.699	
795	1.36	39.749	
796	1.36	39.799	
797	1.36	39.849	
798	1.36	39.899	
799	1.36	39.949	
800	1.36	40.000	
801	1.36	40.050	
802	1.36	40.099	
803	1.36	40.150	
804	1.36	40.199	
805	1.36	40.249	
806	1.36	40.299	
807	1.36	40.349	
808	1.36	40.399	
809	1.36	40.449	
810	1.36	40.500	
811	1.36	40.549	
812	1.36	40.599	
813	1.36	40.649	
814	1.36	40.699	
815	1.36	40.749	
816	1.36	40.800	
817	1.36	40.849	
818	1.36	40.899	
819	1.24	40.949	
820	0.76	40.999	
821	0.44	41.049	
822	0.26	41.099	
823	0.18	41.149	
824	0.14	41.199	
825	0.14	41.250	
826	0.14	41.299	
827	0.14	41.350	
828	0.14	41.399	
829	0.14	41.449	
830	0.12	41.499	
831	0.10	41.550	
832	0.10	41.599	
833	0.10	41.649	
834	0.10	41.699	
835	0.10	41.749	
836	0.10	41.799	
837	0.10	41.849	
838	0.10	41.899	
839	0.10	41.949	
840	0.10	41.999	
841	0.10	42.049	
842	0.08	42.099	
843	0.08	42.149	
844	0.08	42.199	
845	0.08	42.249	
846	0.08	42.299	
847	0.08	42.349	
848	0.08	42.399	
849	0.08	42.449	
850	0.08	42.499	
851	0.08	42.549	
852	0.08	42.599	
853	0.08	42.650	
854	0.08	42.699	
855	0.08	42.749	
856	0.08	42.799	
857	0.08	42.849	
858	0.08	42.899	
859	0.08	42.949	
860	0.08	42.999	
861	0.08	43.049	
862	0.08	43.099	
863	0.08	43.149	
864	0.08	43.199	
865	0.08	43.249	
866	0.08	43.299	
867	0.08	43.349	
868	0.08	43.399	
869	0.08	43.449	
870	0.08	43.499	
871	0.08	43.549	
872	0.08	43.599	
873	0.08	43.649	
874	0.08	43.699	
875	0.08	43.749	
876	0.08	43.799	
877	0.08	43.849	
878	0.08	43.899	
879	0.08	43.949	
880	0.08	43.999	
881	0.08	44.049	
882	0.08	44.099	
883	0.08	44.150	
884	0.08	44.199	
885	0.08	44.249	
886	0.08	44.299	
887	0.08	44.349	
888	0.08	44.399	
889	0.08	44.449	
890	0.08	44.499	
891	0.08	44.550	
892	0.08	44.599	
893	0.08	44.649	
894	0.08	44.699	
895	0.08	44.749	
896	0.08	44.799	
897	0.08	44.849	
898	0.08	44.899	
899	0.06	44.949	
900	0.08	44.999	
901	0.06	45.049	
902	0.08	45.099	
903	0.06	45.152	
904	0.08	45.199	
905	0.06	45.249	
906	0.08	45.299	
907	0.06	45.349	
908	0.08	45.399	
909	0.08	45.450	
910	0.08	45.499	
911	0.06	45.549	
912	0.06	45.599	
913	0.06	45.649	
914	0.08	45.699	
915	0.06	45.750	
916	0.08	45.799	
917	0.06	45.849	
918	0.06	45.899	
919	0.06	45.949	
920	0.08	45.999	
921	0.08	46.049	
922	0.06	46.099	
923	0.06	46.149	
924	0.06	46.199	
925	0.04	46.249	
926	0.04	46.299	
927	0.08	46.349	
928	0.16	46.399	
929	0.34	46.449	
930	0.52	46.499	
931	0.70	46.550	
932	0.92	46.599	
933	1.12	46.649	
934	1.28	46.699	
935	1.38	46.749	
936	1.40	46.799	
937	1.38	46.849	
938	1.38	46.900	
939	1.38	46.949	
940	1.38	46.999	
941	1.38	47.049	
942	1.38	47.099	
943	1.38	47.149	
944	1.38	47.200	
945	1.38	47.249	
946	1.38	47.299	
947	1.38	47.349	
948	1.38	47.399	
949	1.38	47.449	
950	1.38	47.499	
951	1.38	47.549	
952	1.38	47.599	
953	1.38	47.649	
954	1.38	47.699	
955	1.38	47.749	
956	1.38	47.799	
957	1.38	47.849	
958	1.38	47.899	
959	1.38	47.949	
960	1.38	47.999	
961	1.38	48.050	
962	1.38	48.099	
963	1.38	48.149	
964	1.38	48.199	
965	1.38	48.249	
966	1.38	48.299	
967	1.38	48.349	
968	1.38	48.399	
969	1.38	48.449	
970	1.38	48.499	
971	1.38	48.550	
972	1.38	48.599	
973	1.38	48.649	
974	1.38	48.699	
975	1.38	48.749	
976	1.38	48.799	
977	1.38	48.849	
978	1.38	48.899	
979	1.38	48.949	
980	1.38	48.999	
981	1.38	49.049	
982	1.38	49.100	
983	1.38	49.149	
984	1.38	49.199	
985	1.38	49.249	
986	1.38	49.299	
987	1.38	49.349	
988	1.38	49.399	
989	1.14	49.450	
990	0.68	49.499	
991	0.40	49.549	
992	0.26	49.600	
993	0.18	49.649	
994	0.14	49.699	
995	0.14	49.749	
996	0.14	49.799	
997	0.14	49.849	
998	0.14	49.899	
999	0.14	49.949	
1000	0.12	49.999	
1001	0.12	50.049	
1002	0.12	50.099	
1003	0.10	50.152	
1004	0.10	50.199	
1005	0.10	50.249	
1006	0.10	50.299	
1007	0.10	50.349	
1008	0.10	50.399	
1009	0.10	50.449	
1010	0.10	50.499	
1011	0.10	50.549	
1012	0.10	50.600	
1013	0.10	50.649	
1014	0.10	50.700	
1015	0.10	50.749	
1016	0.10	50.799	
1017	0.10	50.849	
1018	0.10	50.899	
1019	0.10	50.950	
1020	0.10	50.999	
1021	0.10	51.049	
1022	0.10	51.099	
1023	0.10	51.149	
1024	0.10	51.199	
1025	0.08	51.249	
1026	0.10	51.299	
1027	0.10	51.349	
1028	0.08	51.399	
1029	0.08	51.449	
1030	0.08	51.499	
1031	0.08	51.549	
1032	0.08	51.599	
1033	0.08	51.649	
1034	0.08	51.699	
1035	0.08	51.749	
1036	0.08	51.799	
1037	0.08	51.849	
1038	0.08	51.899	
1039	0.08	51.949	
1040	0.08	51.999	
1041	0.08	52.049	
1042	0.08	52.099	
1043	0.08	52.150	
1044	0.08	52.199	
1045	0.08	52.249	
1046	0.08	52.299	
1047	0.08	52.349	
1048	0.08	52.399	
1049	0.08	52.449	
1050	0.08	52.499	
1051	0.08	52.549	
1052	0.08	52.599	
1053	0.08	52.649	
1054	0.08	52.699	
1055	0.08	52.749	
1056	0.08	52.799	
1057	0.08	52.849	
1058	0.08	52.900	
1059	0.08	52.949	
1060	0.08	52.999	
1061	0.08	53.050	
1062	0.08	53.099	
1063	0.08	53.149	
1064	0.08	53.199	
1065	0.08	53.249	
1066	0.08	53.299	
1067	0.08	53.349	
1068	0.08	53.399	
1069	0.08	53.449	
1070	0.08	53.499	
1071	0.08	53.549	
1072	0.08	53.599	
1073	0.08	53.649	
1074	0.08	53.699	
1075	0.08	53.749	
1076	0.08	53.799	
1077	0.08	53.849	
1078	0.08	53.899	
1079	0.08	53.949	
1080	0.08	53.999	
1081	0.08	54.049	
1082	0.08	54.099	
1083	0.08	54.155	
1084	0.08	54.199	
1085	0.08	54.249	
1086	0.08	54.299	
1087	0.08	54.349	
1088	0.08	54.399	
1089	0.08	54.449	
1090	0.08	54.499	
1091	0.08	54.549	
1092	0.08	54.599	
1093	0.08	54.649	
1094	0.08	54.699	
1095	0.08	54.749	
1096	0.08	54.800	
1097	0.08	54.849	
1098	0.08	54.899	
1099	0.08	54.949	
1100	0.08	54.999	
1101	0.08	55.049	
1102	0.08	55.099	
1103	0.08	55.153	
1104	0.08	55.199	
1105	0.06	55.249	
1106	0.08	55.299	
1107	0.08	55.349	
1108	0.06	55.399	
1109	0.06	55.449	
1110	0.06	55.499	
1111	0.04	55.549	
1112	0.06	55.599	
1113	0.12	55.650	
1114	0.28	55.699	
1115	0.46	55.749	
1116	0.62	55.799	
1117	0.84	55.849	
1118	1.08	55.899	
1119	1.24	55.949	
1120	1.36	55.999	
1121	1.40	56.049	
1122	1.40	56.099	
1123	1.38	56.149	
1124	1.38	56.199	
1125	1.38	56.250	
1126	1.38	56.299	
1127	1.38	56.349	
1128	1.38	56.399	
1129	1.38	56.449	
1130	1.38	56.499	
1131	1.38	56.549	
1132	1.38	56.599	
1133	1.38	56.649	
1134	1.38	56.699	
1135	1.38	56.749	
1136	1.38	56.799	
1137	1.38	56.849	
1138	1.38	56.899	
1139	1.38	56.949	
1140	1.38	56.999	
1141	1.38	57.049	
1142	1.38	57.099	
1143	1.38	57.149	
1144	1.38	57.199	
1145	1.38	57.249	
1146	1.38	57.299	
1147	1.38	57.349	
1148	1.38	57.399	
1149	1.38	57.449	
1150	1.38	57.500	
1151	1.38	57.549	
1152	1.38	57.599	
1153	1.38	57.649	
1154	1.38	57.699	
1155	1.38	57.749	
1156	1.38	57.799	
1157	1.38	57.849	
1158	1.38	57.899	
1159	1.38	57.949	
1160	1.38	57.999	
1161	1.38	58.049	
1162	1.38	58.099	
1163	1.38	58.149	
1164	1.38	58.199	
1165	1.38	58.250	
1166	1.38	58.299	
1167	1.38	58.349	
1168	1.38	58.399	
1169	1.38	58.449	
1170	1.38	58.499	
1171	1.38	58.549	
1172	1.34	58.599	
1173	0.90	58.649	
1174	0.52	58.699	
1175	0.30	58.749	
1176	0.20	58.799	
1177	0.14	58.849	
1178	0.14	58.899	
1179	0.14	58.949	
1180	0.14	58.999	
1181	0.14	59.049	
1182	0.14	59.100	
1183	0.12	59.149	
1184	0.12	59.199	
1185	0.10	59.250	
1186	0.12	59.299	
1187	0.10	59.349	
1188	0.10	59.399	
1189	0.10	59.449	
1190	0.10	59.499	
1191	0.10	59.549	
1192	0.10	59.599	
1193	0.10	59.649	
1194	0.10	59.699	
1195	0.10	59.749	
1196	0.10	59.800	
1197	0.10	59.849	
1198	0.10	59.899	
1199	0.10	59.949	
1200	0.10	59.999	
1201	0.08	60.049	
1202	0.10	60.099	
1203	0.08	60.156	
1204	0.10	60.199	
1205	0.10	60.250	
1206	0.08	60.299	
1207	0.08	60.350	
1208	0.08	60.399	
1209	0.08	60.449	
1210	0.08	60.500	
1211	0.08	60.549	
1212	0.08	60.599	
1213	0.08	60.649	
1214	0.08	60.699	
1215	0.08	60.750	
1216	0.08	60.799	
1217	0.08	60.849	
1218	0.08	60.903	
1219	0.08	60.949	
1220	0.08	61.000	
1221	0.08	61.049	
1222	0.08	61.099	
1223	0.08	61.149	
1224	0.08	61.199	
1225	0.08	61.249	
1226	0.08	61.299	
1227	0.08	61.349	
1228	0.08	61.399	
1229	0.08	61.449	
1230	0.08	61.500	
1231	0.08	61.549	
1232	0.08	61.599	
1233	0.08	61.649	
1234	0.08	61.699	
1235	0.08	61.749	
1236	0.08	61.799	
1237	0.08	61.849	
1238	0.08	61.900	
1239	0.08	61.949	
1240	0.08	62.000	
1241	0.08	62.049	
1242	0.08	62.099	
1243	0.08	62.149	
1244	0.08	62.199	
1245	0.08	62.250	
1246	0.08	62.299	
1247	0.08	62.349	
1248	0.08	62.399	
1249	0.08	62.449	
1250	0.08	62.500	
1251	0.08	62.549	
1252	0.08	62.599	
1253	0.08	62.649	
1254	0.08	62.699	
1255	0.08	62.750	
1256	0.08	62.799	
1257	0.08	62.849	
1258	0.08	62.899	
1259	0.08	62.949	
1260	0.08	62.999	
1261	0.08	63.050	
1262	0.08	63.099	
1263	0.08	63.149	
1264	0.08	63.199	
1265	0.08	63.250	
1266	0.08	63.300	
1267	0.08	63.349	
1268	0.08	63.399	
1269	0.08	63.449	
1270	0.08	63.499	
1271	0.06	63.549	
1272	0.08	63.599	
1273	0.08	63.649	
1274	0.08	63.699	
1275	0.06	63.749	
1276	0.08	63.799	
1277	0.08	63.849	
1278	0.08	63.899	
1279	0.06	63.949	
1280	0.06	63.999	
1281	0.08	64.050	
1282	0.06	64.099	
1283	0.08	64.149	
1284	0.08	64.199	
1285	0.06	64.249	
1286	0.08	64.299	
1287	0.06	64.349	
1288	0.08	64.400	
1289	0.06	64.449	
1290	0.06	64.499	
1291	0.06	64.549	
1292	0.06	64.599	
1293	0.04	64.649	
1294	0.06	64.699	
1295	0.08	64.750	
1296	0.20	64.799	
1297	0.36	64.850	
1298	0.54	64.899	
1299	0.70	64.949	
1300	0.90	64.999	
1301	1.12	65.049	
1302	1.26	65.099	
1303	1.36	65.161	
1304	1.36	65.201	
1305	1.34	65.249	
1306	1.34	65.299	
1307	1.34	65.349	
1308	1.34	65.399	
1309	1.34	65.449	
1310	1.34	65.499	
1311	1.34	65.549	
1312	1.34	65.599	
1313	1.34	65.649	
1314	1.34	65.699	
1315	1.34	65.749	
1316	1.34	65.799	
1317	1.34	65.849	
1318	1.34	65.899	
1319	1.32	65.949	
1320	1.34	65.999	
1321	1.32	66.049	
1322	1.34	66.099	
1323	1.34	66.149	
1324	1.34	66.199	
1325	1.32	66.249	
1326	1.34	66.299	
1327	1.32	66.349	
1328	1.32	66.399	
1329	1.34	66.450	
1330	1.32	66.499	
1331	1.34	66.549	
1332	1.32	66.599	
1333	1.32	66.649	
1334	1.34	66.699	
1335	1.34	66.749	
1336	1.32	66.799	
1337	1.32	66.849	
1338	1.34	66.899	
1339	1.34	66.949	
1340	1.32	66.999	
1341	1.32	67.049	
1342	1.32	67.099	
1343	1.32	67.149	
1344	1.34	67.199	
1345	1.32	67.249	
1346	1.34	67.299	
1347	1.34	67.349	
1348	1.32	67.399	
1349	1.32	67.449	
1350	1.32	67.499	
1351	1.32	67.549	
1352	1.34	67.599	
1353	1.34	67.649	
1354	1.34	67.699	
1355	1.34	67.749	
1356	1.32	67.799	
1357	1.32	67.850	
1358	1.34	67.899	
1359	1.34	67.950	
1360	1.34	67.999	
1361	1.34	68.049	
1362	1.34	68.100	
1363	1.34	68.149	
1364	1.32	68.199	
1365	1.32	68.249	
1366	1.34	68.299	
1367	1.32	68.349	
1368	1.32	68.399	
1369	1.34	68.449	
1370	1.30	68.499	
1371	0.86	68.549	
1372	0.48	68.599	
1373	0.28	68.649	
1374	0.20	68.699	
1375	0.14	68.749	
1376	0.14	68.799	
1377	0.14	68.849	
1378	0.14	68.899	
1379	0.16	68.949	
1380	0.14	68.999	
1381	0.12	69.049	
1382	0.12	69.099	
1383	0.12	69.149	
1384	0.12	69.199	
1385	0.10	69.249	
1386	0.10	69.299	
1387	0.10	69.349	
1388	0.10	69.399	
1389	0.10	69.449	
1390	0.10	69.499	
1391	0.10	69.549	
1392	0.10	69.599	
1393	0.10	69.649	
1394	0.10	69.699	
1395	0.10	69.749	
1396	0.10	69.799	
1397	0.10	69.849	
1398	0.10	69.899	
1399	0.10	69.949	
1400	0.10	69.999	
1401	0.10	70.058	
1402	0.10	70.099	
1403	0.10	70.199	
1404	0.10	70.250	
1405	0.10	70.299	
1406	0.10	70.349	
1407	0.10	70.399	
1408	0.10	70.450	
1409	0.10	70.499	
1410	0.08	70.549	
1411	0.08	70.599	
1412	0.08	70.649	
1413	0.08	70.699	
1414	0.08	70.749	
1415	0.08	70.799	
1416	0.08	70.849	
1417	0.08	70.899	
1418	0.08	70.949	
1419	0.08	71.000	
1420	0.08	71.049	
1421	0.08	71.099	
1422	0.08	71.150	
1423	0.08	71.199	
1424	0.08	71.249	
1425	0.08	71.299	
1426	0.08	71.349	
1427	0.08	71.399	
1428	0.08	71.449	
1429	0.08	71.499	
1430	0.08	71.549	
1431	0.08	71.599	
1432	0.08	71.649	
1433	0.08	71.699	
1434	0.08	71.749	
1435	0.08	71.799	
1436	0.08	71.849	
1437	0.08	71.899	
1438	0.08	71.949	
1439	0.08	71.999	
1440	0.08	72.049	
1441	0.08	72.099	
1442	0.08	72.149	
1443	0.08	72.199	
1444	0.08	72.249	
1445	0.08	72.299	
1446	0.08	72.349	
1447	0.08	72.399	
1448	0.08	72.449	
1449	0.08	72.500	
1450	0.08	72.549	
1451	0.08	72.599	
1452	0.08	72.649	
1453	0.08	72.699	
1454	0.08	72.749	
1455	0.08	72.800	
1456	0.08	72.849	
1457	0.08	72.899	
1458	0.08	72.949	
1459	0.08	72.999	
1460	0.08	73.049	
1461	0.08	73.099	
1462	0.08	73.149	
1463	0.08	73.199	
1464	0.08	73.249	
1465	0.08	73.299	
1466	0.08	73.349	
1467	0.08	73.399	
1468	0.06	73.449	
1469	0.04	73.507	
1470	0.04	73.549	
1471	0.06	73.599	
1472	0.10	73.649	
1473	0.24	73.699	
1474	0.42	73.749	
1475	0.60	73.799	
1476	0.78	73.849	
1477	1.00	73.900	
1478	1.18	73.949	
1479	1.32	74.000	
1480	1.38	74.049	
1481	1.38	74.099	
1482	1.36	74.149	
1483	1.36	74.199	
1484	1.36	74.249	
1485	1.36	74.299	
1486	1.36	74.349	
1487	1.36	74.399	
1488	1.36	74.449	
1489	1.36	74.499	
1490	1.36	74.549	
1491	1.34	74.599	
1492	1.36	74.649	
1493	1.36	74.699	
1494	1.36	74.749	
1495	1.36	74.799	
1496	1.36	74.849	
1497	1.36	74.900	
1498	1.36	74.950	
1499	1.36	74.999	
1500	1.34	75.049	
1501	1.36	75.100	
1502	1.34	75.149	
1503	1.36	75.199	
1504	1.36	75.249	
1505	1.36	75.299	
1506	1.36	75.349	
1507	1.34	75.399	
1508	1.36	75.449	
1509	1.36	75.499	
1510	1.36	75.549	
1511	1.36	75.599	
1512	1.36	75.650	
1513	1.34	75.699	
1514	1.34	75.749	
1515	1.36	75.799	
1516	1.34	75.849	
1517	1.36	75.899	
1518	1.34	75.950	
1519	1.34	75.999	
1520	1.36	76.049	
1521	1.34	76.099	
1522	1.34	76.149	
1523	1.36	76.199	
1524	1.34	76.249	
1525	1.36	76.299	
1526	1.36	76.349	
1527	1.36	76.399	
1528	1.36	76.449	
1529	1.36	76.499	
1530	1.36	76.549	
1531	1.36	76.599	
1532	1.36	76.649	
1533	1.36	76.699	
1534	1.34	76.749	
1535	1.36	76.799	
1536	1.34	76.849	
1537	1.36	76.900	
1538	1.34	76.949	
1539	1.34	76.999	
1540	1.36	77.049	
1541	1.36	77.099	
1542	1.34	77.149	
1543	1.34	77.199	
1544	1.36	77.249	
1545	1.36	77.300	
1546	1.36	77.349	
1547	1.36	77.399	
1548	1.18	77.449	
1549	0.70	77.500	
1550	0.40	77.549	
1551	0.26	77.599	
1552	0.18	77.649	
1553	0.14	77.699	
1554	0.14	77.749	
1555	0.14	77.799	
1556	0.14	77.849	
1557	0.14	77.899	
1558	0.14	77.949	
1559	0.12	77.999	
1560	0.12	78.049	
1561	0.12	78.099	
1562	0.10	78.149	
1563	0.10	78.199	
1564	0.10	78.249	
1565	0.10	78.299	
1566	0.10	78.349	
1567	0.10	78.399	
1568	0.10	78.449	
1569	0.10	78.499	
1570	0.10	78.549	
1571	0.10	78.599	
1572	0.10	78.649	
1573	0.10	78.699	
1574	0.10	78.749	
1575	0.10	78.799	
1576	0.10	78.849	
1577	0.10	78.899	
1578	0.10	78.949	
1579	0.10	79.000	
1580	0.10	79.050	
1581	0.10	79.099	
1582	0.08	79.150	
1583	0.08	79.199	
1584	0.10	79.249	
1585	0.08	79.299	
1586	0.10	79.349	
1587	0.08	79.399	
1588	0.08	79.449	
1589	0.08	79.499	
1590	0.08	79.549	
1591	0.08	79.599	
1592	0.08	79.650	
1593	0.08	79.699	
1594	0.08	79.749	
1595	0.08	79.799	
1596	0.08	79.849	
1597	0.08	79.899	
1598	0.08	79.949	
1599	0.08	79.999	
1600	0.08	80.049	
1601	0.08	80.099	
1602	0.08	80.162	
1603	0.08	80.199	
1604	0.08	80.251	
1605	0.08	80.299	
1606	0.08	80.349	
1607	0.08	80.399	
1608	0.08	80.449	
1609	0.08	80.499	
1610	0.08	80.549	
1611	0.08	80.599	
1612	0.08	80.649	
1613	0.08	80.699	
1614	0.08	80.750	
1615	0.08	80.799	
1616	0.08	80.849	
1617	0.08	80.899	
1618	0.08	80.950	
1619	0.08	80.999	
1620	0.08	81.049	
1621	0.08	81.099	
1622	0.08	81.149	
1623	0.08	81.199	
1624	0.08	81.250	
1625	0.08	81.299	
1626	0.08	81.349	
1627	0.08	81.399	
1628	0.08	81.459	
1629	0.08	81.499	
1630	0.08	81.553	
1631	0.06	81.599	
1632	0.08	81.649	
1633	0.08	81.699	
1634	0.06	81.749	
1635	0.08	81.799	
1636	0.08	81.849	
1637	0.08	81.899	
1638	0.08	81.949	
1639	0.08	81.999	
1640	0.08	82.049	
1641	0.08	82.099	
1642	0.08	82.149	
1643	0.08	82.199	
1644	0.06	82.250	
1645	0.06	82.299	
1646	0.06	82.349	
1647	0.06	82.399	
1648	0.06	82.449	
1649	0.06	82.499	
1650	0.06	82.549	
1651	0.04	82.600	
1652	0.04	82.649	
1653	0.06	82.699	
1654	0.14	82.749	
1655	0.30	82.799	
1656	0.48	82.849	
1657	0.62	82.899	
1658	0.84	82.949	
1659	1.04	82.999	
1660	1.24	83.049	
1661	1.32	83.099	
1662	1.36	83.149	
1663	1.34	83.199	
1664	1.34	83.249	
1665	1.34	83.299	
1666	1.34	83.349	
1667	1.34	83.399	
1668	1.34	83.450	
1669	1.34	83.499	
1670	1.34	83.549	
1671	1.34	83.599	
1672	1.34	83.649	
1673	1.34	83.699	
1674	1.32	83.749	
1675	1.34	83.799	
1676	1.32	83.850	
1677	1.32	83.900	
1678	1.32	83.949	
1679	1.34	83.999	
1680	1.34	84.049	
1681	1.34	84.100	
1682	1.34	84.149	
1683	1.32	84.199	
1684	1.34	84.249	
1685	1.32	84.299	
1686	1.32	84.349	
1687	1.32	84.399	
1688	1.32	84.449	
1689	1.34	84.499	
1690	1.32	84.549	
1691	1.32	84.599	
1692	1.32	84.649	
1693	1.34	84.700	
1694	1.32	84.750	
1695	1.32	84.799	
1696	1.32	84.849	
1697	1.34	84.899	
1698	1.34	84.949	
1699	1.32	84.999	
1700	1.32	85.049	
1701	1.34	85.099	
1702	1.34	85.149	
1703	1.34	85.199	
1704	1.32	85.249	
1705	1.34	85.299	
1706	1.34	85.349	
1707	1.34	85.399	
1708	1.32	85.449	
1709	1.32	85.499	
1710	1.32	85.550	
1711	1.32	85.599	
1712	1.34	85.649	
1713	1.34	85.699	
1714	1.34	85.749	
1715	1.34	85.799	
1716	1.34	85.849	
1717	1.34	85.899	
1718	1.34	85.949	
1719	1.34	85.999	
1720	1.32	86.049	
1721	1.34	86.099	
1722	1.12	86.149	
1723	0.66	86.199	
1724	0.36	86.249	
1725	0.24	86.299	
1726	0.16	86.349	
1727	0.14	86.399	
1728	0.14	86.449	
1729	0.14	86.500	
1730	0.14	86.549	
1731	0.14	86.599	
1732	0.14	86.649	
1733	0.12	86.699	
1734	0.10	86.749	
1735	0.10	86.799	
1736	0.10	86.849	
1737	0.10	86.899	
1738	0.10	86.949	
1739	0.10	86.999	
1740	0.10	87.049	
1741	0.10	87.099	
1742	0.10	87.149	
1743	0.10	87.199	
1744	0.10	87.249	
1745	0.10	87.299	
1746	0.10	87.349	
1747	0.10	87.399	
1748	0.10	87.449	
1749	0.10	87.499	
1750	0.08	87.550	
1751	0.10	87.599	
1752	0.08	87.649	
1753	0.08	87.699	
1754	0.08	87.749	
1755	0.08	87.799	
1756	0.08	87.849	
1757	0.08	87.899	
1758	0.08	87.949	
1759	0.08	87.999	
1760	0.08	88.049	
1761	0.08	88.099	
1762	0.08	88.150	
1763	0.08	88.199	
1764	0.08	88.249	
1765	0.08	88.299	
1766	0.08	88.349	
1767	0.08	88.399	
1768	0.08	88.449	
1769	0.08	88.499	
1770	0.08	88.549	
1771	0.08	88.599	
1772	0.08	88.649	
1773	0.08	88.699	
1774	0.08	88.749	
1775	0.08	88.799	
1776	0.08	88.849	
1777	0.08	88.899	
1778	0.08	88.949	
1779	0.08	88.999	
1780	0.08	89.050	
1781	0.08	89.099	
1782	0.08	89.149	
1783	0.08	89.199	
1784	0.08	89.249	
1785	0.08	89.299	
1786	0.08	89.349	
1787	0.08	89.399	
1788	0.08	89.449	
1789	0.08	89.499	
1790	0.08	89.549	
1791	0.08	89.600	
1792	0.08	89.649	
1793	0.08	89.699	
1794	0.08	89.749	
1795	0.06	89.800	
1796	0.06	89.849	
1797	0.04	89.900	
1798	0.06	89.950	
1799	0.10	90.000	
1800	0.24	90.049	
1801	0.40	90.099	
1802	0.78	90.199	
1803	1.00	90.249	
1804	1.30	90.305	
1805	1.34	90.349	
1806	1.38	90.399	
1807	1.38	90.449	
1808	1.38	90.499	
1809	1.38	90.549	
1810	1.38	90.599	
1811	1.38	90.649	
1812	1.38	90.699	
1813	1.38	90.749	
1814	1.38	90.799	
1815	1.38	90.850	
1816	1.38	90.899	
1817	1.38	90.949	
1818	1.38	90.999	
1819	1.38	91.049	
1820	1.36	91.099	
1821	1.38	91.150	
1822	1.36	91.199	
1823	1.38	91.249	
1824	1.38	91.299	
1825	1.36	91.349	
1826	1.36	91.399	
1827	1.36	91.450	
1828	1.36	91.500	
1829	1.36	91.549	
1830	1.38	91.600	
1831	1.36	91.649	
1832	1.36	91.700	
1833	1.38	91.749	
1834	1.36	91.800	
1835	1.36	91.850	
1836	1.38	91.899	
1837	1.36	91.949	
1838	1.38	91.999	
1839	1.36	92.049	
1840	1.36	92.099	
1841	1.38	92.150	
1842	1.36	92.200	
1843	1.36	92.249	
1844	1.38	92.299	
1845	1.36	92.350	
1846	1.36	92.399	
1847	1.36	92.449	
1848	1.36	92.499	
1849	1.36	92.549	
1850	1.36	92.599	
1851	1.36	92.649	
1852	1.38	92.699	
1853	1.36	92.749	
1854	1.36	92.799	
1855	1.36	92.849	
1856	1.36	92.899	
1857	1.38	92.949	
1858	1.36	92.999	
1859	1.38	93.049	
1860	1.36	93.099	
1861	1.36	93.149	
1862	1.38	93.199	
1863	1.36	93.249	
1864	1.36	93.299	
1865	1.38	93.349	
1866	1.38	93.400	
1867	1.38	93.449	
1868	1.18	93.499	
1869	0.72	93.549	
1870	0.40	93.599	
1871	0.26	93.649	
1872	0.18	93.699	
1873	0.14	93.749	
1874	0.14	93.799	
1875	0.14	93.849	
1876	0.14	93.899	
1877	0.14	93.949	
1878	0.14	93.999	
1879	0.12	94.049	
1880	0.12	94.099	
1881	0.12	94.149	
1882	0.12	94.199	
1883	0.10	94.249	
1884	0.10	94.299	
1885	0.10	94.349	
1886	0.10	94.399	
1887	0.10	94.449	
1888	0.10	94.499	
1889	0.10	94.549	
1890	0.10	94.599	
1891	0.10	94.649	
1892	0.10	94.699	
1893	0.10	94.749	
1894	0.10	94.799	
1895	0.10	94.849	
1896	0.10	94.949	
