7/24/2024  4:40 PM
Units: N
Readings: Continuous
X-Axis: Time

Reading	Load	Time	
1	0.00	0.000	
2	0.00	0.139	
3	0.00	0.189	
4	0.00	0.239	
5	0.00	0.290	
6	0.00	0.339	
7	0.00	0.389	
8	0.00	0.440	
9	0.00	0.489	
10	0.00	0.539	
11	0.00	0.589	
12	0.00	0.639	
13	0.00	0.690	
14	0.00	0.739	
15	0.00	0.789	
16	0.00	0.840	
17	0.00	0.889	
18	0.00	0.939	
19	0.00	0.989	
20	0.00	1.039	
21	0.00	1.089	
22	0.00	1.139	
23	0.00	1.189	
24	0.00	1.239	
25	0.00	1.289	
26	0.00	1.339	
27	0.00	1.389	
28	0.00	1.439	
29	0.00	1.489	
30	0.00	1.539	
31	0.00	1.589	
32	0.00	1.639	
33	0.00	1.690	
34	0.00	1.739	
35	0.00	1.790	
36	0.00	1.839	
37	0.00	1.890	
38	0.00	1.939	
39	0.00	1.989	
40	0.00	2.039	
41	0.00	2.089	
42	0.00	2.140	
43	0.00	2.189	
44	0.00	2.239	
45	0.00	2.289	
46	0.00	2.339	
47	0.00	2.389	
48	0.00	2.439	
49	0.00	2.489	
50	0.00	2.539	
51	0.00	2.589	
52	0.00	2.639	
53	0.00	2.689	
54	0.00	2.739	
55	0.00	2.790	
56	0.00	2.839	
57	0.00	2.890	
58	0.00	2.939	
59	0.00	2.990	
60	0.00	3.039	
61	0.00	3.089	
62	0.00	3.139	
63	0.00	3.190	
64	0.00	3.239	
65	0.00	3.290	
66	0.00	3.340	
67	0.00	3.389	
68	0.00	3.439	
69	0.00	3.489	
70	0.00	3.539	
71	0.00	3.589	
72	0.00	3.639	
73	0.00	3.689	
74	0.00	3.739	
75	0.00	3.789	
76	0.00	3.839	
77	0.00	3.889	
78	0.00	3.939	
79	0.00	3.989	
80	0.00	4.039	
81	0.00	4.089	
82	0.00	4.139	
83	0.00	4.189	
84	0.04	4.239	
85	0.14	4.289	
86	0.22	4.339	
87	0.30	4.389	
88	0.40	4.439	
89	0.48	4.489	
90	0.58	4.539	
91	0.72	4.589	
92	0.82	4.639	
93	0.90	4.689	
94	0.98	4.739	
95	1.04	4.789	
96	1.04	4.840	
97	1.02	4.889	
98	1.02	4.939	
99	1.02	4.989	
100	1.02	5.039	
101	1.02	5.089	
102	1.02	5.139	
103	1.02	5.190	
104	1.02	5.239	
105	1.02	5.290	
106	1.00	5.339	
107	1.00	5.390	
108	1.02	5.439	
109	1.00	5.489	
110	1.02	5.539	
111	1.02	5.589	
112	1.00	5.639	
113	1.00	5.689	
114	1.00	5.739	
115	1.00	5.789	
116	1.00	5.839	
117	1.00	5.889	
118	1.00	5.939	
119	1.00	5.990	
120	1.00	6.039	
121	1.00	6.089	
122	1.00	6.139	
123	1.00	6.190	
124	1.00	6.239	
125	1.00	6.290	
126	1.00	6.339	
127	1.00	6.390	
128	1.00	6.439	
129	1.00	6.489	
130	1.00	6.540	
131	1.00	6.589	
132	1.00	6.639	
133	1.00	6.689	
134	1.00	6.740	
135	1.00	6.789	
136	1.00	6.840	
137	1.00	6.889	
138	1.00	6.939	
139	1.00	6.989	
140	1.00	7.039	
141	1.00	7.089	
142	1.00	7.139	
143	1.00	7.189	
144	1.00	7.240	
145	1.00	7.289	
146	1.00	7.339	
147	1.00	7.389	
148	0.90	7.439	
149	0.68	7.489	
150	0.48	7.540	
151	0.30	7.589	
152	0.18	7.639	
153	0.10	7.689	
154	0.08	7.739	
155	0.08	7.789	
156	0.06	7.839	
157	0.06	7.889	
158	0.08	7.940	
159	0.06	7.990	
160	0.04	8.039	
161	0.02	8.089	
162	0.02	8.139	
163	0.02	8.189	
164	0.02	8.239	
165	0.02	8.289	
166	0.02	8.339	
167	0.02	8.389	
168	0.02	8.439	
169	0.02	8.489	
170	0.02	8.539	
171	0.02	8.590	
172	0.02	8.639	
173	0.02	8.689	
174	0.02	8.740	
175	0.02	8.790	
176	0.02	8.839	
177	0.00	8.889	
178	0.00	8.939	
179	0.02	8.989	
180	0.00	9.039	
181	0.02	9.090	
182	0.02	9.139	
183	0.02	9.189	
184	0.00	9.240	
185	0.02	9.289	
186	0.00	9.340	
187	0.02	9.389	
188	0.02	9.439	
189	0.02	9.490	
190	0.00	9.539	
191	0.02	9.589	
192	0.00	9.639	
193	0.02	9.689	
194	0.02	9.739	
195	0.00	9.789	
196	0.00	9.840	
197	0.00	9.889	
198	0.00	9.939	
199	0.00	9.990	
200	0.02	10.039	
201	0.00	10.089	
202	0.02	10.139	
203	0.00	10.189	
204	0.00	10.239	
205	0.00	10.289	
206	0.00	10.339	
207	0.00	10.389	
208	0.00	10.440	
209	0.00	10.489	
210	0.00	10.539	
211	0.00	10.589	
212	0.00	10.640	
213	0.00	10.689	
214	0.00	10.739	
215	0.00	10.789	
216	0.00	10.839	
217	0.00	10.889	
218	0.00	10.939	
219	0.00	10.989	
220	0.00	11.039	
221	0.00	11.089	
222	0.00	11.139	
223	0.00	11.189	
224	0.00	11.240	
225	0.00	11.290	
226	0.00	11.339	
227	0.00	11.389	
228	0.00	11.439	
229	0.00	11.489	
230	0.00	11.539	
231	0.00	11.589	
232	0.00	11.639	
233	0.00	11.690	
234	0.00	11.739	
235	0.00	11.789	
236	0.00	11.839	
237	0.00	11.889	
238	0.00	11.939	
239	0.00	11.989	
240	0.00	12.039	
241	0.00	12.089	
242	0.00	12.139	
243	0.00	12.189	
244	0.00	12.239	
245	0.00	12.289	
246	0.00	12.339	
247	0.00	12.389	
248	0.00	12.439	
249	0.02	12.489	
250	0.04	12.539	
251	0.10	12.589	
252	0.16	12.639	
253	0.26	12.689	
254	0.36	12.740	
255	0.48	12.790	
256	0.62	12.839	
257	0.78	12.889	
258	0.90	12.939	
259	1.02	12.989	
260	1.06	13.039	
261	1.06	13.089	
262	1.06	13.139	
263	1.04	13.189	
264	1.04	13.239	
265	1.04	13.289	
266	1.04	13.339	
267	1.04	13.389	
268	1.04	13.439	
269	1.04	13.489	
270	1.04	13.539	
271	1.04	13.589	
272	1.04	13.639	
273	1.04	13.690	
274	1.04	13.739	
275	1.04	13.789	
276	1.04	13.839	
277	1.04	13.890	
278	1.04	13.940	
279	1.04	13.990	
280	1.04	14.039	
281	1.02	14.089	
282	1.04	14.139	
283	1.04	14.189	
284	1.02	14.239	
285	1.04	14.289	
286	1.04	14.339	
287	1.04	14.389	
288	1.04	14.439	
289	1.04	14.489	
290	1.04	14.539	
291	1.02	14.589	
292	1.04	14.639	
293	1.02	14.689	
294	1.04	14.739	
295	1.04	14.789	
296	1.04	14.839	
297	1.04	14.889	
298	1.02	14.939	
299	1.04	14.989	
300	1.02	15.039	
301	1.04	15.089	
302	1.04	15.139	
303	1.02	15.189	
304	1.04	15.239	
305	1.04	15.290	
306	1.04	15.339	
307	1.04	15.389	
308	1.02	15.439	
309	1.02	15.489	
310	0.94	15.539	
311	0.72	15.589	
312	0.50	15.639	
313	0.32	15.689	
314	0.20	15.739	
315	0.10	15.789	
316	0.08	15.839	
317	0.08	15.889	
318	0.08	15.939	
319	0.08	15.989	
320	0.08	16.039	
321	0.08	16.089	
322	0.04	16.139	
323	0.04	16.189	
324	0.02	16.240	
325	0.02	16.289	
326	0.02	16.339	
327	0.02	16.389	
328	0.02	16.439	
329	0.02	16.490	
330	0.02	16.539	
331	0.02	16.590	
332	0.02	16.639	
333	0.02	16.689	
334	0.02	16.739	
335	0.02	16.789	
336	0.02	16.839	
337	0.02	16.889	
338	0.02	16.939	
339	0.02	16.989	
340	0.02	17.039	
341	0.02	17.089	
342	0.02	17.139	
343	0.02	17.189	
344	0.02	17.239	
345	0.02	17.289	
346	0.02	17.339	
347	0.02	17.389	
348	0.02	17.440	
349	0.02	17.489	
350	0.02	17.539	
351	0.02	17.589	
352	0.02	17.639	
353	0.02	17.690	
354	0.02	17.739	
355	0.02	17.789	
356	0.02	17.839	
357	0.02	17.889	
358	0.02	17.940	
359	0.02	17.989	
360	0.02	18.039	
361	0.02	18.089	
362	0.02	18.139	
363	0.02	18.190	
364	0.02	18.239	
365	0.02	18.289	
366	0.02	18.340	
367	0.02	18.389	
368	0.02	18.439	
369	0.02	18.489	
370	0.02	18.539	
371	0.02	18.589	
372	0.02	18.639	
373	0.02	18.689	
374	0.02	18.739	
375	0.02	18.789	
376	0.00	18.839	
377	0.02	18.889	
378	0.02	18.939	
379	0.02	18.990	
380	0.00	19.039	
381	0.00	19.089	
382	0.02	19.139	
383	0.00	19.189	
384	0.00	19.239	
385	0.00	19.289	
386	0.02	19.339	
387	0.02	19.389	
388	0.02	19.439	
389	0.02	19.489	
390	0.02	19.539	
391	0.00	19.589	
392	0.00	19.639	
393	0.02	19.689	
394	0.00	19.740	
395	0.02	19.789	
396	0.00	19.839	
397	0.02	19.889	
398	0.02	19.939	
399	0.02	19.989	
400	0.02	20.039	
401	0.00	20.089	
402	0.00	20.139	
403	0.02	20.189	
404	0.00	20.239	
405	0.00	20.289	
406	0.02	20.339	
407	0.02	20.389	
408	0.02	20.439	
409	0.00	20.489	
410	0.00	20.539	
411	0.00	20.590	
412	0.00	20.639	
413	0.02	20.689	
414	0.02	20.739	
415	0.06	20.789	
416	0.14	20.839	
417	0.20	20.890	
418	0.30	20.939	
419	0.40	20.989	
420	0.54	21.039	
421	0.68	21.089	
422	0.82	21.139	
423	0.96	21.189	
424	1.04	21.239	
425	1.06	21.289	
426	1.06	21.339	
427	1.06	21.389	
428	1.06	21.439	
429	1.04	21.489	
430	1.04	21.539	
431	1.04	21.589	
432	1.04	21.639	
433	1.04	21.689	
434	1.04	21.739	
435	1.04	21.789	
436	1.04	21.840	
437	1.04	21.889	
438	1.04	21.940	
439	1.04	21.989	
440	1.04	22.039	
441	1.04	22.089	
442	1.04	22.139	
443	1.04	22.189	
444	1.04	22.239	
445	1.04	22.289	
446	1.04	22.339	
447	1.04	22.389	
448	1.04	22.439	
449	1.04	22.490	
450	1.04	22.539	
451	1.04	22.589	
452	1.04	22.639	
453	1.04	22.690	
454	1.04	22.739	
455	1.04	22.789	
456	1.04	22.839	
457	1.04	22.890	
458	1.04	22.940	
459	1.04	22.989	
460	1.04	23.040	
461	1.04	23.089	
462	1.04	23.139	
463	1.04	23.190	
464	1.04	23.239	
465	1.04	23.289	
466	1.04	23.339	
467	1.04	23.389	
468	1.04	23.439	
469	1.04	23.489	
470	1.04	23.539	
471	1.04	23.589	
472	1.04	23.639	
473	1.04	23.689	
474	1.04	23.739	
475	1.04	23.789	
476	1.04	23.839	
477	1.04	23.889	
478	1.04	23.939	
479	1.04	23.989	
480	1.04	24.040	
481	1.04	24.089	
482	1.04	24.140	
483	1.04	24.189	
484	1.04	24.239	
485	0.98	24.289	
486	0.76	24.339	
487	0.56	24.389	
488	0.38	24.439	
489	0.22	24.489	
490	0.12	24.539	
491	0.08	24.589	
492	0.08	24.639	
493	0.08	24.689	
494	0.08	24.739	
495	0.08	24.789	
496	0.08	24.840	
497	0.06	24.889	
498	0.04	24.940	
499	0.02	24.989	
500	0.02	25.040	
501	0.04	25.089	
502	0.04	25.139	
503	0.04	25.189	
504	0.02	25.239	
505	0.04	25.289	
506	0.04	25.339	
507	0.02	25.389	
508	0.02	25.440	
509	0.02	25.489	
510	0.04	25.539	
511	0.02	25.589	
512	0.02	25.639	
513	0.02	25.689	
514	0.02	25.739	
515	0.02	25.789	
516	0.02	25.839	
517	0.02	25.889	
518	0.02	25.939	
519	0.02	25.989	
520	0.02	26.039	
521	0.02	26.089	
522	0.02	26.139	
523	0.02	26.190	
524	0.02	26.239	
525	0.02	26.289	
526	0.02	26.339	
527	0.02	26.390	
528	0.02	26.439	
529	0.02	26.489	
530	0.02	26.539	
531	0.02	26.589	
532	0.02	26.639	
533	0.02	26.689	
534	0.02	26.739	
535	0.02	26.789	
536	0.02	26.839	
537	0.02	26.889	
538	0.02	26.939	
539	0.02	26.989	
540	0.02	27.039	
541	0.02	27.089	
542	0.02	27.140	
543	0.02	27.189	
544	0.02	27.239	
545	0.02	27.289	
546	0.02	27.339	
547	0.02	27.389	
548	0.02	27.439	
549	0.02	27.489	
550	0.02	27.539	
551	0.02	27.590	
552	0.02	27.639	
553	0.02	27.689	
554	0.02	27.739	
555	0.02	27.789	
556	0.02	27.839	
557	0.02	27.889	
558	0.02	27.939	
559	0.02	27.989	
560	0.02	28.039	
561	0.02	28.090	
562	0.02	28.139	
563	0.02	28.189	
564	0.02	28.239	
565	0.02	28.289	
566	0.02	28.339	
567	0.00	28.389	
568	0.02	28.440	
569	0.02	28.490	
570	0.00	28.539	
571	0.02	28.590	
572	0.02	28.639	
573	0.02	28.690	
574	0.02	28.739	
575	0.02	28.789	
576	0.04	28.839	
577	0.08	28.889	
578	0.16	28.939	
579	0.26	28.989	
580	0.36	29.039	
581	0.46	29.089	
582	0.60	29.139	
583	0.76	29.189	
584	0.90	29.239	
585	1.00	29.289	
586	1.06	29.339	
587	1.08	29.389	
588	1.06	29.439	
589	1.06	29.489	
590	1.06	29.539	
591	1.06	29.589	
592	1.06	29.639	
593	1.06	29.689	
594	1.06	29.739	
595	1.06	29.789	
596	1.06	29.839	
597	1.06	29.889	
598	1.04	29.939	
599	1.04	29.989	
600	1.06	30.039	
601	1.04	30.089	
602	1.04	30.139	
603	1.04	30.189	
604	1.04	30.239	
605	1.04	30.289	
606	1.04	30.339	
607	1.04	30.389	
608	1.04	30.439	
609	1.04	30.490	
610	1.04	30.539	
611	1.04	30.589	
612	1.04	30.639	
613	1.04	30.689	
614	1.04	30.739	
615	1.04	30.789	
616	1.04	30.839	
617	1.04	30.889	
618	1.04	30.939	
619	1.04	30.989	
620	1.04	31.039	
621	1.04	31.089	
622	1.04	31.139	
623	1.04	31.189	
624	1.04	31.239	
625	1.04	31.289	
626	1.04	31.340	
627	1.04	31.389	
628	1.04	31.439	
629	1.04	31.489	
630	1.04	31.539	
631	1.04	31.589	
632	1.04	31.639	
633	1.04	31.689	
634	1.04	31.739	
635	1.04	31.789	
636	1.04	31.839	
637	1.04	31.889	
638	1.04	31.939	
639	1.04	31.989	
640	1.04	32.039	
641	1.04	32.089	
642	1.04	32.139	
643	1.04	32.190	
644	1.04	32.239	
645	1.04	32.289	
646	1.04	32.339	
647	1.04	32.389	
648	1.04	32.439	
649	0.94	32.489	
650	0.74	32.539	
651	0.52	32.589	
652	0.24	32.639	
653	0.20	32.689	
654	0.12	32.739	
655	0.10	32.789	
656	0.08	32.839	
657	0.08	32.889	
658	0.08	32.939	
659	0.08	32.989	
660	0.08	33.039	
661	0.04	33.089	
662	0.04	33.139	
663	0.02	33.189	
664	0.04	33.239	
665	0.04	33.289	
666	0.04	33.339	
667	0.04	33.389	
668	0.02	33.439	
669	0.04	33.489	
670	0.04	33.539	
671	0.02	33.589	
672	0.04	33.639	
673	0.04	33.689	
674	0.02	33.739	
675	0.02	33.789	
676	0.02	33.839	
677	0.02	33.889	
678	0.02	33.939	
679	0.02	33.990	
680	0.02	34.039	
681	0.02	34.089	
682	0.02	34.139	
683	0.02	34.190	
684	0.02	34.239	
685	0.02	34.289	
686	0.02	34.339	
687	0.02	34.389	
688	0.02	34.439	
689	0.02	34.489	
690	0.02	34.540	
691	0.02	34.589	
692	0.02	34.639	
693	0.02	34.689	
694	0.02	34.739	
695	0.02	34.789	
696	0.02	34.839	
697	0.02	34.889	
698	0.02	34.939	
699	0.02	34.990	
700	0.02	35.039	
701	0.02	35.090	
702	0.02	35.139	
703	0.02	35.189	
704	0.02	35.239	
705	0.02	35.289	
706	0.02	35.339	
707	0.02	35.389	
708	0.02	35.439	
709	0.02	35.489	
710	0.02	35.539	
711	0.02	35.589	
712	0.02	35.639	
713	0.02	35.689	
714	0.02	35.739	
715	0.02	35.789	
716	0.02	35.839	
717	0.02	35.889	
718	0.02	35.939	
719	0.02	35.989	
720	0.02	36.039	
721	0.02	36.089	
722	0.02	36.139	
723	0.02	36.189	
724	0.02	36.239	
725	0.02	36.289	
726	0.02	36.339	
727	0.02	36.389	
728	0.02	36.439	
729	0.02	36.490	
730	0.02	36.539	
731	0.02	36.589	
732	0.04	36.639	
733	0.04	36.689	
734	0.08	36.739	
735	0.16	36.789	
736	0.26	36.839	
737	0.34	36.889	
738	0.46	36.939	
739	0.60	36.989	
740	0.76	37.039	
741	0.90	37.089	
742	1.00	37.139	
743	1.08	37.189	
744	1.10	37.240	
745	1.08	37.289	
746	1.08	37.339	
747	1.08	37.390	
748	1.08	37.439	
749	1.08	37.490	
750	1.08	37.540	
751	1.08	37.589	
752	1.08	37.640	
753	1.08	37.689	
754	1.06	37.739	
755	1.06	37.789	
756	1.06	37.839	
757	1.06	37.889	
758	1.06	37.939	
759	1.06	37.989	
760	1.06	38.039	
761	1.06	38.089	
762	1.06	38.139	
763	1.06	38.189	
764	1.06	38.239	
765	1.06	38.289	
766	1.06	38.339	
767	1.06	38.389	
768	1.06	38.440	
769	1.06	38.489	
770	1.06	38.539	
771	1.06	38.589	
772	1.06	38.639	
773	1.06	38.689	
774	1.06	38.739	
775	1.06	38.789	
776	1.06	38.840	
777	1.06	38.889	
778	1.06	38.939	
779	1.06	38.989	
780	1.06	39.039	
781	1.06	39.089	
782	1.06	39.140	
783	1.06	39.189	
784	1.06	39.239	
785	1.06	39.289	
786	1.06	39.340	
787	1.06	39.389	
788	1.06	39.439	
789	1.06	39.489	
790	1.06	39.539	
791	1.06	39.589	
792	1.06	39.639	
793	1.06	39.689	
794	1.06	39.740	
795	1.06	39.790	
796	1.06	39.839	
797	1.06	39.889	
798	1.06	39.939	
799	1.06	39.989	
800	1.06	40.039	
801	1.06	40.089	
802	1.06	40.139	
803	1.06	40.189	
804	1.06	40.239	
805	1.06	40.289	
806	1.06	40.339	
807	1.06	40.389	
808	0.96	40.440	
809	0.76	40.489	
810	0.54	40.539	
811	0.36	40.589	
812	0.22	40.639	
813	0.12	40.689	
814	0.08	40.739	
815	0.10	40.789	
816	0.08	40.839	
817	0.08	40.889	
818	0.08	40.939	
819	0.08	40.989	
820	0.06	41.039	
821	0.04	41.089	
822	0.04	41.139	
823	0.04	41.189	
824	0.04	41.239	
825	0.04	41.289	
826	0.04	41.339	
827	0.04	41.389	
828	0.04	41.439	
829	0.04	41.489	
830	0.04	41.539	
831	0.02	41.589	
832	0.04	41.639	
833	0.02	41.689	
834	0.02	41.739	
835	0.02	41.789	
836	0.04	41.839	
837	0.02	41.889	
838	0.02	41.939	
839	0.02	41.989	
840	0.02	42.039	
841	0.02	42.089	
842	0.02	42.139	
843	0.02	42.189	
844	0.02	42.239	
845	0.02	42.289	
846	0.02	42.339	
847	0.02	42.389	
848	0.02	42.439	
849	0.02	42.489	
850	0.02	42.539	
851	0.02	42.589	
852	0.02	42.639	
853	0.02	42.689	
854	0.02	42.739	
855	0.02	42.789	
856	0.02	42.839	
857	0.02	42.890	
858	0.02	42.939	
859	0.02	42.989	
860	0.02	43.040	
861	0.02	43.090	
862	0.02	43.139	
863	0.02	43.189	
864	0.02	43.239	
865	0.02	43.289	
866	0.02	43.339	
867	0.02	43.389	
868	0.02	43.439	
869	0.02	43.490	
870	0.02	43.539	
871	0.02	43.589	
872	0.02	43.639	
873	0.02	43.689	
874	0.02	43.739	
875	0.02	43.789	
876	0.02	43.839	
877	0.02	43.889	
878	0.02	43.939	
879	0.02	43.989	
880	0.02	44.039	
881	0.02	44.089	
882	0.02	44.140	
883	0.02	44.189	
884	0.02	44.239	
885	0.02	44.289	
886	0.02	44.339	
887	0.02	44.389	
888	0.02	44.439	
889	0.02	44.489	
890	0.04	44.539	
891	0.14	44.597	
892	0.16	44.639	
893	0.22	44.689	
894	0.32	44.739	
895	0.44	44.789	
896	0.56	44.839	
897	0.72	44.890	
898	0.86	44.939	
899	0.98	44.989	
900	1.04	45.039	
901	1.08	45.089	
902	1.06	45.151	
903	1.06	45.190	
904	1.06	45.239	
905	1.06	45.289	
906	1.04	45.339	
907	1.04	45.389	
908	1.04	45.439	
909	1.04	45.489	
910	1.04	45.539	
911	1.04	45.589	
912	1.04	45.639	
913	1.04	45.689	
914	1.04	45.739	
915	1.04	45.789	
916	1.04	45.839	
917	1.04	45.889	
918	1.04	45.939	
919	1.04	45.989	
920	1.04	46.039	
921	1.04	46.089	
922	1.04	46.139	
923	1.04	46.189	
924	1.04	46.239	
925	1.04	46.289	
926	1.04	46.339	
927	1.04	46.389	
928	1.04	46.441	
929	1.04	46.489	
930	1.04	46.539	
931	1.04	46.589	
932	1.04	46.639	
933	1.04	46.689	
934	1.04	46.739	
935	1.04	46.789	
936	1.04	46.839	
937	1.04	46.889	
938	1.04	46.939	
939	1.04	46.989	
940	1.04	47.039	
941	1.04	47.089	
942	1.04	47.139	
943	1.04	47.189	
944	1.04	47.239	
945	1.04	47.289	
946	1.04	47.339	
947	1.04	47.389	
948	1.04	47.439	
949	1.04	47.489	
950	1.04	47.539	
951	1.04	47.589	
952	1.04	47.639	
953	1.04	47.689	
954	1.04	47.740	
955	1.04	47.789	
956	1.04	47.839	
957	1.04	47.889	
958	1.04	47.939	
959	1.04	47.989	
960	1.04	48.039	
961	1.04	48.089	
962	1.04	48.139	
963	1.04	48.189	
964	1.04	48.239	
965	1.04	48.289	
966	1.04	48.339	
967	1.04	48.389	
968	1.04	48.439	
969	1.04	48.489	
970	1.04	48.539	
971	0.96	48.589	
972	0.76	48.639	
973	0.54	48.689	
974	0.36	48.739	
975	0.22	48.789	
976	0.12	48.839	
977	0.08	48.889	
978	0.08	48.939	
979	0.08	48.989	
980	0.08	49.039	
981	0.08	49.089	
982	0.08	49.139	
983	0.06	49.189	
984	0.04	49.239	
985	0.04	49.289	
986	0.04	49.339	
987	0.04	49.389	
988	0.04	49.439	
989	0.04	49.489	
990	0.04	49.539	
991	0.04	49.589	
992	0.04	49.639	
993	0.04	49.689	
994	0.04	49.739	
995	0.04	49.789	
996	0.04	49.839	
997	0.04	49.889	
998	0.04	49.939	
999	0.04	49.989	
1000	0.02	50.039	
1001	0.02	50.089	
1002	0.02	50.144	
1003	0.02	50.189	
1004	0.04	50.239	
1005	0.02	50.289	
1006	0.02	50.339	
1007	0.02	50.389	
1008	0.02	50.439	
1009	0.02	50.489	
1010	0.02	50.539	
1011	0.02	50.589	
1012	0.02	50.639	
1013	0.02	50.689	
1014	0.02	50.739	
1015	0.02	50.789	
1016	0.02	50.839	
1017	0.02	50.889	
1018	0.02	50.939	
1019	0.02	50.989	
1020	0.02	51.039	
1021	0.02	51.089	
1022	0.02	51.139	
1023	0.02	51.189	
1024	0.02	51.239	
1025	0.02	51.289	
1026	0.02	51.339	
1027	0.02	51.389	
1028	0.02	51.439	
1029	0.02	51.489	
1030	0.02	51.539	
1031	0.02	51.589	
1032	0.02	51.639	
1033	0.02	51.689	
1034	0.02	51.739	
1035	0.02	51.790	
1036	0.02	51.839	
1037	0.02	51.889	
1038	0.02	51.939	
1039	0.02	51.989	
1040	0.02	52.039	
1041	0.02	52.089	
1042	0.02	52.139	
1043	0.02	52.189	
1044	0.02	52.240	
1045	0.02	52.289	
1046	0.02	52.339	
1047	0.02	52.389	
1048	0.02	52.439	
1049	0.02	52.489	
1050	0.02	52.539	
1051	0.02	52.589	
1052	0.02	52.639	
1053	0.02	52.689	
1054	0.02	52.739	
1055	0.02	52.789	
1056	0.02	52.839	
1057	0.02	52.889	
1058	0.02	52.939	
1059	0.02	52.989	
1060	0.02	53.039	
1061	0.02	53.089	
1062	0.02	53.139	
1063	0.02	53.189	
1064	0.04	53.239	
1065	0.08	53.289	
1066	0.16	53.339	
1067	0.26	53.389	
1068	0.36	53.439	
1069	0.48	53.489	
1070	0.62	53.539	
1071	0.78	53.589	
1072	0.92	53.639	
1073	1.00	53.689	
1074	1.06	53.740	
1075	1.08	53.789	
1076	1.06	53.839	
1077	1.06	53.889	
1078	1.06	53.939	
1079	1.06	53.989	
1080	1.06	54.040	
1081	1.04	54.090	
1082	1.04	54.139	
1083	1.04	54.189	
1084	1.04	54.239	
1085	1.04	54.289	
1086	1.04	54.339	
1087	1.04	54.389	
1088	1.04	54.440	
1089	1.04	54.489	
1090	1.04	54.539	
1091	1.04	54.589	
1092	1.04	54.639	
1093	1.04	54.689	
1094	1.04	54.740	
1095	1.04	54.789	
1096	1.04	54.839	
1097	1.04	54.889	
1098	1.04	54.939	
1099	1.04	54.989	
1100	1.04	55.039	
1101	1.04	55.089	
1102	1.04	55.146	
1103	1.04	55.189	
1104	1.04	55.239	
1105	1.04	55.290	
1106	1.04	55.339	
1107	1.04	55.389	
1108	1.04	55.439	
1109	1.04	55.489	
1110	1.04	55.539	
1111	1.04	55.589	
1112	1.04	55.639	
1113	1.04	55.689	
1114	1.04	55.739	
1115	1.04	55.789	
1116	1.04	55.839	
1117	1.04	55.889	
1118	1.04	55.939	
1119	1.04	55.989	
1120	1.04	56.039	
1121	1.04	56.089	
1122	1.04	56.140	
1123	1.04	56.189	
1124	1.04	56.240	
1125	1.04	56.289	
1126	1.04	56.339	
1127	1.04	56.389	
1128	1.04	56.439	
1129	1.04	56.489	
1130	1.04	56.540	
1131	1.04	56.589	
1132	1.04	56.639	
1133	1.04	56.689	
1134	1.04	56.740	
1135	1.04	56.789	
1136	1.04	56.839	
1137	1.00	56.889	
1138	0.78	56.939	
1139	0.56	56.989	
1140	0.38	57.040	
1141	0.24	57.089	
1142	0.12	57.139	
1143	0.10	57.189	
1144	0.10	57.239	
1145	0.08	57.289	
1146	0.08	57.339	
1147	0.08	57.389	
1148	0.08	57.439	
1149	0.06	57.489	
1150	0.04	57.539	
1151	0.04	57.589	
1152	0.04	57.639	
1153	0.04	57.689	
1154	0.04	57.740	
1155	0.04	57.789	
1156	0.04	57.839	
1157	0.04	57.889	
1158	0.04	57.939	
1159	0.04	57.990	
1160	0.04	58.039	
1161	0.04	58.089	
1162	0.04	58.139	
1163	0.04	58.189	
1164	0.04	58.240	
1165	0.04	58.289	
1166	0.04	58.339	
1167	0.02	58.390	
1168	0.04	58.439	
1169	0.04	58.489	
1170	0.04	58.539	
1171	0.02	58.589	
1172	0.02	58.640	
1173	0.02	58.689	
1174	0.02	58.739	
1175	0.02	58.790	
1176	0.02	58.839	
1177	0.02	58.889	
1178	0.02	58.939	
1179	0.02	58.989	
1180	0.02	59.039	
1181	0.02	59.089	
1182	0.02	59.140	
1183	0.02	59.189	
1184	0.02	59.239	
1185	0.02	59.289	
1186	0.02	59.339	
1187	0.02	59.389	
1188	0.02	59.439	
1189	0.02	59.489	
1190	0.02	59.539	
1191	0.02	59.589	
1192	0.02	59.639	
1193	0.02	59.689	
1194	0.02	59.739	
1195	0.02	59.789	
1196	0.02	59.839	
1197	0.02	59.890	
1198	0.02	59.939	
1199	0.02	59.989	
1200	0.02	60.039	
1201	0.02	60.089	
1202	0.02	60.145	
1203	0.02	60.189	
1204	0.02	60.239	
1205	0.02	60.289	
1206	0.02	60.339	
1207	0.02	60.390	
1208	0.02	60.439	
1209	0.02	60.489	
1210	0.02	60.539	
1211	0.02	60.589	
1212	0.02	60.640	
1213	0.04	60.689	
1214	0.04	60.739	
1215	0.08	60.789	
1216	0.14	60.839	
1217	0.22	60.889	
1218	0.32	60.939	
1219	0.42	60.989	
1220	0.56	61.039	
1221	0.70	61.089	
1222	0.86	61.139	
1223	0.96	61.189	
1224	1.04	61.239	
1225	1.06	61.290	
1226	1.06	61.339	
1227	1.04	61.389	
1228	1.04	61.439	
1229	1.04	61.490	
1230	1.04	61.540	
1231	1.04	61.594	
1232	1.04	61.640	
1233	1.04	61.689	
1234	1.04	61.739	
1235	1.04	61.789	
1236	1.04	61.839	
1237	1.04	61.889	
1238	1.04	61.939	
1239	1.04	61.989	
1240	1.04	62.039	
1241	1.04	62.089	
1242	1.04	62.139	
1243	1.04	62.189	
1244	1.04	62.239	
1245	1.02	62.289	
1246	1.04	62.344	
1247	1.02	62.389	
1248	1.02	62.439	
1249	1.04	62.489	
1250	1.02	62.539	
1251	1.04	62.589	
1252	1.04	62.639	
1253	1.02	62.689	
1254	1.04	62.739	
1255	1.02	62.789	
1256	1.02	62.839	
1257	1.04	62.890	
1258	1.04	62.939	
1259	1.02	62.990	
1260	1.02	63.039	
1261	1.02	63.089	
1262	1.02	63.139	
1263	1.04	63.189	
1264	1.02	63.239	
1265	1.02	63.289	
1266	1.02	63.339	
1267	1.02	63.389	
1268	1.02	63.439	
1269	1.02	63.490	
1270	1.02	63.539	
1271	1.02	63.589	
1272	1.02	63.639	
1273	1.02	63.689	
1274	1.02	63.740	
1275	1.02	63.789	
1276	1.02	63.839	
1277	1.02	63.889	
1278	1.02	63.939	
1279	1.02	63.989	
1280	1.02	64.039	
1281	1.02	64.089	
1282	1.02	64.139	
1283	1.02	64.189	
1284	1.02	64.239	
1285	1.02	64.289	
1286	0.88	64.339	
1287	0.66	64.389	
1288	0.46	64.439	
1289	0.28	64.489	
1290	0.16	64.539	
1291	0.08	64.596	
1292	0.08	64.639	
1293	0.10	64.689	
1294	0.08	64.739	
1295	0.08	64.789	
1296	0.08	64.839	
1297	0.08	64.889	
1298	0.04	64.939	
1299	0.04	64.989	
1300	0.04	65.039	
1301	0.04	65.089	
1302	0.04	65.150	
1303	0.04	65.190	
1304	0.04	65.239	
1305	0.04	65.289	
1306	0.04	65.339	
1307	0.04	65.389	
1308	0.04	65.439	
1309	0.04	65.489	
1310	0.04	65.539	
1311	0.04	65.589	
1312	0.04	65.639	
1313	0.04	65.689	
1314	0.04	65.739	
1315	0.04	65.789	
1316	0.04	65.839	
1317	0.02	65.889	
1318	0.04	65.939	
1319	0.04	65.989	
1320	0.04	66.039	
1321	0.02	66.089	
1322	0.04	66.139	
1323	0.02	66.189	
1324	0.04	66.239	
1325	0.02	66.289	
1326	0.02	66.339	
1327	0.02	66.389	
1328	0.02	66.439	
1329	0.02	66.489	
1330	0.02	66.539	
1331	0.02	66.589	
1332	0.02	66.639	
1333	0.02	66.690	
1334	0.02	66.739	
1335	0.02	66.789	
1336	0.02	66.839	
1337	0.02	66.889	
1338	0.02	66.939	
1339	0.02	66.990	
1340	0.02	67.039	
1341	0.02	67.089	
1342	0.02	67.139	
1343	0.02	67.189	
1344	0.02	67.239	
1345	0.02	67.289	
1346	0.02	67.339	
1347	0.02	67.389	
1348	0.02	67.439	
1349	0.02	67.489	
1350	0.02	67.539	
1351	0.02	67.589	
1352	0.02	67.639	
1353	0.02	67.689	
1354	0.02	67.739	
1355	0.02	67.789	
1356	0.02	67.839	
1357	0.02	67.889	
1358	0.02	67.939	
1359	0.02	67.989	
1360	0.02	68.039	
1361	0.02	68.089	
1362	0.02	68.139	
1363	0.02	68.189	
1364	0.02	68.239	
1365	0.02	68.289	
1366	0.02	68.339	
1367	0.02	68.389	
1368	0.02	68.439	
1369	0.02	68.489	
1370	0.02	68.539	
1371	0.02	68.589	
1372	0.02	68.639	
1373	0.02	68.689	
1374	0.02	68.739	
1375	0.02	68.789	
1376	0.02	68.839	
1377	0.02	68.889	
1378	0.02	68.948	
1379	0.02	68.989	
1380	0.02	69.039	
1381	0.02	69.089	
1382	0.02	69.139	
1383	0.02	69.189	
1384	0.02	69.239	
1385	0.02	69.289	
1386	0.02	69.339	
1387	0.02	69.389	
1388	0.02	69.439	
1389	0.02	69.489	
1390	0.04	69.539	
1391	0.08	69.589	
1392	0.14	69.639	
1393	0.22	69.689	
1394	0.30	69.739	
1395	0.42	69.789	
1396	0.54	69.840	
1397	0.70	69.889	
1398	0.84	69.939	
1399	0.96	69.990	
1400	1.02	70.040	
1401	1.06	70.090	
1402	1.04	70.150	
1403	1.04	70.189	
1404	1.04	70.239	
1405	1.04	70.289	
1406	1.04	70.339	
1407	1.04	70.389	
1408	1.04	70.439	
1409	1.02	70.489	
1410	1.02	70.539	
1411	1.02	70.589	
1412	1.02	70.640	
1413	1.02	70.689	
1414	1.02	70.739	
1415	1.02	70.789	
1416	1.02	70.839	
1417	1.02	70.889	
1418	1.02	70.939	
1419	1.02	70.989	
1420	1.02	71.039	
1421	1.02	71.089	
1422	1.02	71.139	
1423	1.02	71.189	
1424	1.02	71.239	
1425	1.02	71.289	
1426	1.02	71.339	
1427	1.02	71.389	
1428	1.02	71.439	
1429	1.02	71.489	
1430	1.02	71.540	
1431	1.02	71.589	
1432	1.02	71.639	
1433	1.02	71.689	
1434	1.02	71.739	
1435	1.02	71.789	
1436	1.02	71.839	
1437	1.02	71.889	
1438	1.02	71.940	
1439	1.02	71.989	
1440	1.02	72.039	
1441	1.02	72.089	
1442	1.02	72.139	
1443	1.02	72.189	
1444	1.02	72.239	
1445	1.02	72.289	
1446	1.02	72.339	
1447	1.02	72.389	
1448	1.02	72.439	
1449	1.02	72.489	
1450	1.02	72.539	
1451	1.02	72.589	
1452	1.02	72.639	
1453	1.02	72.689	
1454	1.02	72.739	
1455	1.02	72.789	
1456	1.02	72.839	
1457	0.82	72.889	
1458	0.62	72.939	
1459	0.42	72.989	
1460	0.26	73.039	
1461	0.14	73.089	
1462	0.08	73.139	
1463	0.08	73.189	
1464	0.08	73.239	
1465	0.08	73.289	
1466	0.08	73.339	
1467	0.08	73.389	
1468	0.06	73.439	
1469	0.04	73.489	
1470	0.04	73.539	
1471	0.04	73.589	
1472	0.02	73.639	
1473	0.04	73.689	
1474	0.04	73.739	
1475	0.02	73.790	
1476	0.04	73.839	
1477	0.04	73.889	
1478	0.04	73.939	
1479	0.02	73.989	
1480	0.02	74.039	
1481	0.02	74.090	
1482	0.02	74.139	
1483	0.02	74.189	
1484	0.02	74.239	
1485	0.04	74.289	
1486	0.02	74.339	
1487	0.02	74.389	
1488	0.02	74.439	
1489	0.02	74.489	
1490	0.02	74.539	
1491	0.02	74.589	
1492	0.02	74.639	
1493	0.02	74.689	
1494	0.02	74.740	
1495	0.02	74.790	
1496	0.02	74.839	
1497	0.02	74.889	
1498	0.02	74.939	
1499	0.02	74.989	
1500	0.02	75.039	
1501	0.02	75.089	
1502	0.02	75.139	
1503	0.02	75.189	
1504	0.02	75.239	
1505	0.02	75.289	
1506	0.02	75.339	
1507	0.02	75.389	
1508	0.02	75.439	
1509	0.02	75.489	
1510	0.02	75.539	
1511	0.02	75.589	
1512	0.02	75.639	
1513	0.02	75.689	
1514	0.02	75.739	
1515	0.02	75.789	
1516	0.02	75.840	
1517	0.02	75.889	
1518	0.02	75.939	
1519	0.02	75.989	
1520	0.02	76.039	
1521	0.02	76.089	
1522	0.02	76.139	
1523	0.02	76.189	
1524	0.02	76.239	
1525	0.02	76.289	
1526	0.02	76.339	
1527	0.02	76.389	
1528	0.02	76.439	
1529	0.02	76.490	
1530	0.02	76.539	
1531	0.02	76.589	
1532	0.02	76.639	
1533	0.02	76.689	
1534	0.02	76.739	
1535	0.02	76.789	
1536	0.02	76.839	
1537	0.02	76.889	
1538	0.02	76.939	
1539	0.02	76.990	
1540	0.02	77.039	
1541	0.02	77.089	
1542	0.02	77.139	
1543	0.02	77.189	
1544	0.02	77.239	
1545	0.02	77.290	
1546	0.02	77.340	
1547	0.02	77.389	
1548	0.02	77.439	
1549	0.02	77.489	
1550	0.02	77.539	
1551	0.02	77.590	
1552	0.02	77.639	
1553	0.02	77.689	
1554	0.02	77.739	
1555	0.02	77.789	
1556	0.02	77.839	
1557	0.02	77.889	
1558	0.02	77.939	
1559	0.02	77.989	
1560	0.02	78.039	
1561	0.02	78.089	
1562	0.02	78.139	
1563	0.02	78.189	
1564	0.02	78.239	
1565	0.02	78.289	
1566	0.02	78.339	
1567	0.02	78.389	
1568	0.02	78.439	
1569	0.02	78.489	
1570	0.02	78.539	
1571	0.02	78.590	
1572	0.06	78.639	
1573	0.12	78.689	
1574	0.20	78.739	
1575	0.28	78.789	
1576	0.40	78.839	
1577	0.52	78.889	
1578	0.66	78.939	
1579	0.82	78.989	
1580	0.94	79.039	
1581	1.02	79.089	
1582	1.06	79.139	
1583	1.06	79.189	
1584	1.06	79.239	
1585	1.06	79.289	
1586	1.06	79.339	
1587	1.06	79.389	
1588	1.06	79.439	
1589	1.04	79.489	
1590	1.04	79.539	
1591	1.04	79.589	
1592	1.04	79.639	
1593	1.04	79.689	
1594	1.04	79.739	
1595	1.04	79.790	
1596	1.04	79.839	
1597	1.04	79.889	
1598	1.04	79.940	
1599	1.04	79.989	
1600	1.04	80.039	
1601	1.04	80.089	
1602	1.04	80.148	
1603	1.04	80.189	
1604	1.04	80.240	
1605	1.04	80.289	
1606	1.04	80.339	
1607	1.04	80.389	
1608	1.04	80.439	
1609	1.04	80.490	
1610	1.04	80.540	
1611	1.04	80.590	
1612	1.04	80.639	
1613	1.04	80.689	
1614	1.04	80.739	
1615	1.04	80.789	
1616	1.04	80.839	
1617	1.04	80.889	
1618	1.04	80.939	
1619	1.04	80.989	
1620	1.04	81.039	
1621	1.04	81.090	
1622	1.04	81.139	
1623	1.04	81.189	
1624	1.04	81.239	
1625	1.04	81.289	
1626	1.04	81.339	
1627	1.04	81.389	
1628	1.04	81.439	
1629	1.04	81.489	
1630	1.04	81.539	
1631	1.04	81.589	
1632	1.04	81.639	
1633	1.04	81.689	
1634	1.04	81.739	
1635	1.04	81.789	
1636	1.04	81.839	
1637	1.04	81.889	
1638	1.04	81.939	
1639	1.04	81.990	
1640	1.04	82.039	
1641	1.04	82.089	
1642	1.04	82.139	
1643	1.04	82.189	
1644	1.04	82.239	
1645	1.04	82.290	
1646	1.04	82.339	
1647	1.04	82.389	
1648	1.04	82.439	
1649	1.04	82.489	
1650	0.88	82.540	
1651	0.68	82.589	
1652	0.46	82.639	
1653	0.30	82.689	
1654	0.18	82.739	
1655	0.10	82.789	
1656	0.08	82.839	
1657	0.08	82.889	
1658	0.08	82.939	
1659	0.08	82.990	
1660	0.08	83.039	
1661	0.08	83.089	
1662	0.04	83.139	
1663	0.04	83.189	
1664	0.04	83.239	
1665	0.04	83.289	
1666	0.04	83.339	
1667	0.04	83.389	
1668	0.02	83.439	
1669	0.02	83.489	
1670	0.04	83.539	
1671	0.04	83.589	
1672	0.02	83.639	
1673	0.04	83.690	
1674	0.04	83.739	
1675	0.02	83.789	
1676	0.02	83.839	
1677	0.02	83.889	
1678	0.02	83.939	
1679	0.02	83.989	
1680	0.02	84.039	
1681	0.02	84.089	
1682	0.02	84.139	
1683	0.02	84.189	
1684	0.02	84.239	
1685	0.02	84.289	
1686	0.02	84.340	
1687	0.02	84.389	
1688	0.02	84.439	
1689	0.02	84.489	
1690	0.02	84.539	
1691	0.02	84.589	
1692	0.02	84.639	
1693	0.02	84.689	
1694	0.02	84.739	
1695	0.02	84.790	
1696	0.02	84.839	
1697	0.02	84.889	
1698	0.02	84.939	
1699	0.02	84.989	
1700	0.02	85.039	
1701	0.02	85.089	
1702	0.02	85.150	
1703	0.02	85.189	
1704	0.02	85.246	
1705	0.02	85.289	
1706	0.02	85.342	
1707	0.02	85.389	
1708	0.02	85.439	
1709	0.02	85.489	
1710	0.02	85.539	
1711	0.02	85.589	
1712	0.02	85.639	
1713	0.02	85.689	
1714	0.02	85.739	
1715	0.02	85.790	
1716	0.02	85.839	
1717	0.02	85.889	
1718	0.02	85.939	
1719	0.02	85.989	
1720	0.02	86.039	
1721	0.02	86.090	
1722	0.02	86.139	
1723	0.02	86.189	
1724	0.02	86.239	
1725	0.02	86.290	
1726	0.02	86.339	
1727	0.02	86.389	
1728	0.02	86.439	
1729	0.02	86.490	
1730	0.02	86.539	
1731	0.02	86.589	
1732	0.02	86.639	
1733	0.02	86.689	
1734	0.02	86.739	
1735	0.02	86.789	
1736	0.02	86.839	
1737	0.02	86.889	
1738	0.02	86.939	
1739	0.02	86.989	
1740	0.02	87.039	
1741	0.02	87.089	
1742	0.02	87.139	
1743	0.02	87.189	
1744	0.02	87.239	
1745	0.02	87.290	
1746	0.02	87.339	
1747	0.02	87.440	
1748	0.02	87.489	
1749	0.02	87.539	
1750	0.02	87.590	
1751	0.02	87.639	
1752	0.02	87.689	
1753	0.02	87.739	
1754	0.02	87.789	
1755	0.02	87.839	
1756	0.02	87.889	
1757	0.02	87.939	
1758	0.00	87.989	
1759	0.02	88.040	
1760	0.00	88.089	
1761	0.02	88.139	
