7/24/2024  4:44 PM
Units: N
Readings: Continuous
X-Axis: Time

Reading	Load	Time	
1	0.00	0.000	
2	0.00	0.100	
3	0.00	0.150	
4	0.00	0.200	
5	0.00	0.250	
6	0.00	0.300	
7	0.00	0.350	
8	0.00	0.400	
9	0.00	0.450	
10	0.00	0.500	
11	0.00	0.550	
12	0.00	0.601	
13	0.00	0.650	
14	0.00	0.700	
15	0.00	0.750	
16	0.00	0.801	
17	0.00	0.850	
18	0.00	0.901	
19	0.00	0.950	
20	0.00	1.000	
21	0.00	1.050	
22	0.00	1.100	
23	0.00	1.150	
24	0.00	1.200	
25	0.00	1.251	
26	0.00	1.300	
27	0.00	1.350	
28	0.00	1.400	
29	0.00	1.450	
30	0.00	1.500	
31	0.00	1.550	
32	0.00	1.600	
33	0.00	1.650	
34	0.00	1.700	
35	0.00	1.750	
36	0.00	1.800	
37	0.00	1.851	
38	0.00	1.900	
39	0.00	1.950	
40	0.00	2.000	
41	0.00	2.051	
42	0.00	2.100	
43	0.00	2.150	
44	0.00	2.201	
45	0.00	2.251	
46	0.00	2.300	
47	0.00	2.350	
48	0.00	2.400	
49	0.00	2.450	
50	0.00	2.500	
51	0.00	2.550	
52	0.00	2.600	
53	0.00	2.650	
54	0.00	2.700	
55	0.00	2.750	
56	0.00	2.800	
57	0.00	2.851	
58	0.00	2.901	
59	0.00	2.950	
60	0.00	3.000	
61	0.00	3.050	
62	0.00	3.101	
63	0.00	3.150	
64	0.00	3.200	
65	0.00	3.250	
66	0.00	3.301	
67	0.00	3.350	
68	0.00	3.400	
69	0.00	3.450	
70	0.00	3.500	
71	0.00	3.550	
72	0.00	3.600	
73	0.00	3.650	
74	0.00	3.701	
75	0.00	3.750	
76	0.00	3.800	
77	0.00	3.850	
78	0.00	3.900	
79	0.00	3.950	
80	0.00	4.000	
81	0.00	4.050	
82	0.00	4.100	
83	0.00	4.150	
84	0.00	4.200	
85	0.00	4.250	
86	0.00	4.300	
87	0.00	4.350	
88	0.00	4.400	
89	0.00	4.450	
90	0.02	4.501	
91	0.00	4.550	
92	0.02	4.600	
93	0.06	4.650	
94	0.16	4.700	
95	0.36	4.750	
96	0.64	4.800	
97	0.96	4.850	
98	1.28	4.900	
99	1.58	4.950	
100	1.82	5.000	
101	1.92	5.050	
102	1.96	5.100	
103	1.94	5.150	
104	1.94	5.200	
105	1.94	5.250	
106	1.94	5.300	
107	1.94	5.350	
108	1.94	5.400	
109	1.94	5.450	
110	1.92	5.500	
111	1.94	5.550	
112	1.92	5.600	
113	1.92	5.651	
114	1.92	5.700	
115	1.92	5.750	
116	1.92	5.800	
117	1.92	5.851	
118	1.92	5.900	
119	1.92	5.950	
120	1.92	6.000	
121	1.92	6.050	
122	1.92	6.101	
123	1.92	6.150	
124	1.92	6.200	
125	1.92	6.251	
126	1.92	6.300	
127	1.92	6.350	
128	1.92	6.400	
129	1.92	6.450	
130	1.92	6.500	
131	1.92	6.551	
132	1.92	6.600	
133	1.92	6.650	
134	1.92	6.700	
135	1.92	6.750	
136	1.92	6.800	
137	1.92	6.850	
138	1.92	6.900	
139	1.92	6.950	
140	1.92	7.000	
141	1.92	7.050	
142	1.92	7.100	
143	1.92	7.150	
144	1.92	7.201	
145	1.92	7.250	
146	1.92	7.300	
147	1.92	7.350	
148	1.92	7.400	
149	1.92	7.450	
150	1.92	7.500	
151	1.92	7.550	
152	1.92	7.600	
153	1.92	7.651	
154	1.92	7.701	
155	1.92	7.751	
156	1.88	7.801	
157	1.38	7.850	
158	1.00	7.900	
159	0.64	7.950	
160	0.40	8.001	
161	0.26	8.050	
162	0.16	8.101	
163	0.12	8.150	
164	0.10	8.200	
165	0.10	8.250	
166	0.10	8.301	
167	0.10	8.350	
168	0.08	8.400	
169	0.06	8.450	
170	0.06	8.500	
171	0.06	8.551	
172	0.04	8.600	
173	0.04	8.651	
174	0.04	8.700	
175	0.04	8.751	
176	0.04	8.800	
177	0.04	8.850	
178	0.04	8.900	
179	0.04	8.950	
180	0.04	9.000	
181	0.04	9.051	
182	0.04	9.100	
183	0.04	9.150	
184	0.04	9.200	
185	0.04	9.250	
186	0.04	9.301	
187	0.02	9.350	
188	0.02	9.400	
189	0.02	9.450	
190	0.02	9.500	
191	0.02	9.550	
192	0.02	9.600	
193	0.02	9.651	
194	0.02	9.700	
195	0.02	9.751	
196	0.02	9.800	
197	0.02	9.850	
198	0.02	9.901	
199	0.02	9.950	
200	0.02	10.000	
201	0.02	10.050	
202	0.02	10.101	
203	0.02	10.150	
204	0.02	10.200	
205	0.02	10.250	
206	0.02	10.300	
207	0.02	10.350	
208	0.02	10.400	
209	0.02	10.450	
210	0.02	10.500	
211	0.02	10.550	
212	0.02	10.600	
213	0.02	10.650	
214	0.02	10.700	
215	0.02	10.750	
216	0.02	10.800	
217	0.02	10.850	
218	0.02	10.900	
219	0.02	10.950	
220	0.02	11.000	
221	0.02	11.051	
222	0.02	11.100	
223	0.02	11.150	
224	0.02	11.200	
225	0.02	11.250	
226	0.02	11.300	
227	0.02	11.350	
228	0.02	11.401	
229	0.02	11.450	
230	0.02	11.500	
231	0.02	11.550	
232	0.02	11.601	
233	0.02	11.650	
234	0.02	11.700	
235	0.02	11.750	
236	0.02	11.801	
237	0.02	11.851	
238	0.02	11.900	
239	0.02	11.950	
240	0.02	12.000	
241	0.02	12.050	
242	0.02	12.101	
243	0.02	12.150	
244	0.02	12.200	
245	0.02	12.250	
246	0.02	12.300	
247	0.04	12.350	
248	0.10	12.401	
249	0.24	12.450	
250	0.48	12.500	
251	0.78	12.551	
252	1.12	12.600	
253	1.42	12.651	
254	1.72	12.700	
255	1.86	12.750	
256	1.94	12.800	
257	1.96	12.851	
258	1.96	12.900	
259	1.94	12.950	
260	1.94	13.000	
261	1.94	13.050	
262	1.94	13.101	
263	1.94	13.150	
264	1.94	13.200	
265	1.94	13.250	
266	1.94	13.300	
267	1.94	13.350	
268	1.94	13.400	
269	1.94	13.451	
270	1.94	13.500	
271	1.92	13.551	
272	1.94	13.600	
273	1.94	13.650	
274	1.92	13.700	
275	1.92	13.750	
276	1.92	13.800	
277	1.92	13.850	
278	1.92	13.900	
279	1.92	13.950	
280	1.92	14.000	
281	1.92	14.050	
282	1.92	14.100	
283	1.92	14.150	
284	1.92	14.200	
285	1.92	14.250	
286	1.92	14.300	
287	1.92	14.350	
288	1.92	14.400	
289	1.92	14.450	
290	1.92	14.501	
291	1.92	14.550	
292	1.92	14.600	
293	1.92	14.650	
294	1.92	14.700	
295	1.92	14.750	
296	1.92	14.800	
297	1.92	14.850	
298	1.92	14.900	
299	1.92	14.950	
300	1.92	15.000	
301	1.92	15.050	
302	1.92	15.101	
303	1.92	15.150	
304	1.92	15.200	
305	1.92	15.250	
306	1.92	15.300	
307	1.92	15.350	
308	1.92	15.400	
309	1.92	15.451	
310	1.92	15.500	
311	1.46	15.550	
312	1.02	15.601	
313	0.68	15.650	
314	0.44	15.700	
315	0.28	15.750	
316	0.16	15.800	
317	0.14	15.851	
318	0.12	15.901	
319	0.10	15.950	
320	0.12	16.000	
321	0.12	16.050	
322	0.08	16.100	
323	0.08	16.150	
324	0.06	16.200	
325	0.06	16.250	
326	0.06	16.300	
327	0.04	16.350	
328	0.06	16.400	
329	0.06	16.450	
330	0.06	16.500	
331	0.04	16.551	
332	0.04	16.600	
333	0.04	16.650	
334	0.04	16.701	
335	0.04	16.750	
336	0.04	16.800	
337	0.04	16.850	
338	0.04	16.900	
339	0.04	16.950	
340	0.04	17.000	
341	0.04	17.050	
342	0.04	17.100	
343	0.04	17.150	
344	0.04	17.200	
345	0.04	17.250	
346	0.04	17.300	
347	0.04	17.350	
348	0.04	17.400	
349	0.04	17.450	
350	0.04	17.501	
351	0.04	17.550	
352	0.04	17.600	
353	0.04	17.650	
354	0.04	17.700	
355	0.04	17.750	
356	0.04	17.800	
357	0.02	17.850	
358	0.04	17.900	
359	0.04	17.950	
360	0.04	18.000	
361	0.04	18.051	
362	0.04	18.100	
363	0.04	18.150	
364	0.04	18.200	
365	0.04	18.250	
366	0.02	18.300	
367	0.02	18.350	
368	0.02	18.400	
369	0.02	18.450	
370	0.02	18.500	
371	0.02	18.551	
372	0.04	18.600	
373	0.02	18.650	
374	0.02	18.700	
375	0.02	18.750	
376	0.02	18.800	
377	0.02	18.850	
378	0.02	18.901	
379	0.02	18.950	
380	0.02	19.000	
381	0.02	19.050	
382	0.04	19.100	
383	0.02	19.150	
384	0.04	19.200	
385	0.06	19.250	
386	0.14	19.300	
387	0.32	19.350	
388	0.62	19.400	
389	0.92	19.450	
390	1.26	19.500	
391	1.56	19.550	
392	1.80	19.600	
393	1.94	19.650	
394	2.00	19.700	
395	2.00	19.750	
396	2.00	19.800	
397	2.00	19.850	
398	2.00	19.900	
399	2.00	19.950	
400	2.00	20.000	
401	2.00	20.050	
402	2.00	20.100	
403	2.00	20.150	
404	2.00	20.200	
405	1.98	20.250	
406	1.98	20.301	
407	1.98	20.350	
408	1.98	20.400	
409	1.98	20.451	
410	1.98	20.500	
411	1.98	20.550	
412	1.98	20.600	
413	1.98	20.650	
414	1.98	20.701	
415	1.98	20.750	
416	1.98	20.800	
417	1.98	20.850	
418	1.98	20.900	
419	1.98	20.950	
420	1.98	21.000	
421	1.98	21.050	
422	1.98	21.100	
423	1.98	21.150	
424	1.98	21.200	
425	1.98	21.250	
426	1.98	21.300	
427	1.98	21.350	
428	1.98	21.401	
429	1.98	21.451	
430	1.98	21.500	
431	1.98	21.550	
432	1.98	21.600	
433	1.98	21.650	
434	1.98	21.700	
435	1.98	21.750	
436	1.98	21.800	
437	1.98	21.850	
438	1.98	21.900	
439	1.98	21.950	
440	1.98	22.000	
441	1.98	22.050	
442	1.98	22.100	
443	1.98	22.150	
444	1.98	22.200	
445	1.98	22.250	
446	1.98	22.300	
447	1.98	22.350	
448	1.98	22.400	
449	1.98	22.450	
450	1.98	22.500	
451	1.98	22.550	
452	1.98	22.600	
453	1.98	22.650	
454	1.68	22.700	
455	1.20	22.750	
456	0.82	22.800	
457	0.54	22.850	
458	0.34	22.900	
459	0.22	22.950	
460	0.14	23.000	
461	0.14	23.050	
462	0.12	23.100	
463	0.12	23.150	
464	0.12	23.200	
465	0.12	23.250	
466	0.08	23.300	
467	0.08	23.350	
468	0.06	23.400	
469	0.06	23.450	
470	0.06	23.500	
471	0.06	23.550	
472	0.06	23.600	
473	0.06	23.650	
474	0.06	23.700	
475	0.06	23.750	
476	0.06	23.800	
477	0.06	23.850	
478	0.06	23.900	
479	0.06	23.950	
480	0.06	24.000	
481	0.06	24.050	
482	0.06	24.100	
483	0.06	24.150	
484	0.06	24.200	
485	0.04	24.250	
486	0.06	24.300	
487	0.04	24.350	
488	0.04	24.400	
489	0.04	24.450	
490	0.04	24.501	
491	0.04	24.550	
492	0.04	24.600	
493	0.04	24.650	
494	0.06	24.700	
495	0.04	24.750	
496	0.04	24.800	
497	0.04	24.850	
498	0.04	24.900	
499	0.04	24.950	
500	0.04	25.000	
501	0.04	25.050	
502	0.04	25.100	
503	0.04	25.150	
504	0.04	25.200	
505	0.04	25.250	
506	0.04	25.301	
507	0.04	25.350	
508	0.04	25.400	
509	0.04	25.450	
510	0.04	25.500	
511	0.04	25.550	
512	0.04	25.600	
513	0.04	25.650	
514	0.04	25.700	
515	0.04	25.750	
516	0.04	25.800	
517	0.04	25.850	
518	0.04	25.900	
519	0.04	25.950	
520	0.04	26.000	
521	0.04	26.050	
522	0.04	26.100	
523	0.04	26.150	
524	0.04	26.200	
525	0.04	26.250	
526	0.04	26.300	
527	0.04	26.350	
528	0.04	26.400	
529	0.04	26.450	
530	0.04	26.501	
531	0.06	26.550	
532	0.16	26.600	
533	0.32	26.650	
534	0.60	26.700	
535	0.92	26.750	
536	1.24	26.800	
537	1.56	26.850	
538	1.80	26.900	
539	1.92	26.950	
540	1.96	27.000	
541	1.96	27.050	
542	1.96	27.101	
543	1.96	27.150	
544	1.96	27.200	
545	1.96	27.250	
546	1.94	27.300	
547	1.94	27.350	
548	1.94	27.400	
549	1.94	27.450	
550	1.94	27.500	
551	1.94	27.550	
552	1.94	27.600	
553	1.94	27.650	
554	1.94	27.700	
555	1.94	27.750	
556	1.94	27.800	
557	1.94	27.850	
558	1.94	27.900	
559	1.94	27.950	
560	1.94	28.000	
561	1.94	28.050	
562	1.94	28.100	
563	1.94	28.150	
564	1.94	28.200	
565	1.94	28.250	
566	1.94	28.300	
567	1.94	28.351	
568	1.94	28.400	
569	1.94	28.450	
570	1.94	28.500	
571	1.94	28.550	
572	1.94	28.600	
573	1.94	28.651	
574	1.94	28.701	
575	1.94	28.750	
576	1.94	28.800	
577	1.94	28.850	
578	1.92	28.900	
579	1.94	28.950	
580	1.94	29.000	
581	1.94	29.050	
582	1.94	29.100	
583	1.94	29.150	
584	1.94	29.200	
585	1.94	29.250	
586	1.94	29.300	
587	1.94	29.350	
588	1.94	29.400	
589	1.94	29.450	
590	1.92	29.500	
591	1.94	29.550	
592	1.94	29.600	
593	1.56	29.650	
594	1.10	29.700	
595	0.76	29.750	
596	0.48	29.800	
597	0.30	29.850	
598	0.20	29.900	
599	0.14	29.950	
600	0.14	30.000	
601	0.12	30.050	
602	0.12	30.100	
603	0.12	30.150	
604	0.12	30.200	
605	0.08	30.250	
606	0.08	30.300	
607	0.08	30.350	
608	0.08	30.400	
609	0.06	30.450	
610	0.06	30.500	
611	0.06	30.550	
612	0.06	30.600	
613	0.06	30.650	
614	0.06	30.700	
615	0.06	30.750	
616	0.06	30.800	
617	0.06	30.850	
618	0.06	30.900	
619	0.06	30.950	
620	0.06	31.000	
621	0.06	31.050	
622	0.06	31.100	
623	0.06	31.150	
624	0.06	31.200	
625	0.06	31.251	
626	0.06	31.300	
627	0.06	31.350	
628	0.06	31.400	
629	0.06	31.450	
630	0.06	31.500	
631	0.06	31.550	
632	0.06	31.600	
633	0.06	31.650	
634	0.06	31.700	
635	0.04	31.750	
636	0.06	31.800	
637	0.06	31.850	
638	0.04	31.900	
639	0.04	31.950	
640	0.06	32.000	
641	0.06	32.051	
642	0.06	32.100	
643	0.04	32.150	
644	0.04	32.200	
645	0.04	32.250	
646	0.04	32.300	
647	0.06	32.350	
648	0.04	32.400	
649	0.04	32.451	
650	0.04	32.501	
651	0.04	32.550	
652	0.04	32.600	
653	0.04	32.650	
654	0.04	32.701	
655	0.04	32.750	
656	0.04	32.800	
657	0.04	32.850	
658	0.04	32.900	
659	0.04	32.950	
660	0.04	33.000	
661	0.04	33.050	
662	0.04	33.111	
663	0.04	33.150	
664	0.04	33.200	
665	0.04	33.250	
666	0.06	33.300	
667	0.04	33.350	
668	0.06	33.400	
669	0.06	33.451	
670	0.16	33.500	
671	0.32	33.551	
672	0.60	33.600	
673	0.90	33.650	
674	1.24	33.700	
675	1.54	33.750	
676	1.80	33.800	
677	1.94	33.850	
678	2.00	33.900	
679	2.00	33.950	
680	2.00	34.001	
681	2.00	34.050	
682	2.00	34.101	
683	2.00	34.151	
684	2.00	34.201	
685	2.00	34.250	
686	2.00	34.301	
687	2.00	34.350	
688	2.00	34.400	
689	1.98	34.450	
690	1.98	34.500	
691	2.00	34.550	
692	2.00	34.600	
693	1.98	34.650	
694	2.00	34.701	
695	1.98	34.750	
696	1.98	34.800	
697	1.98	34.850	
698	1.98	34.900	
699	1.98	34.950	
700	1.98	35.000	
701	1.98	35.050	
702	1.98	35.100	
703	1.98	35.150	
704	1.98	35.200	
705	1.98	35.251	
706	1.98	35.300	
707	1.98	35.350	
708	1.98	35.400	
709	1.98	35.450	
710	1.98	35.500	
711	1.98	35.550	
712	1.98	35.600	
713	1.98	35.650	
714	1.98	35.700	
715	1.98	35.750	
716	1.98	35.800	
717	1.98	35.850	
718	1.98	35.900	
719	1.98	35.950	
720	1.98	36.000	
721	1.98	36.050	
722	1.98	36.100	
723	1.98	36.150	
724	1.98	36.200	
725	1.98	36.250	
726	1.98	36.300	
727	1.98	36.350	
728	1.98	36.400	
729	1.98	36.450	
730	1.98	36.500	
731	1.74	36.550	
732	1.24	36.600	
733	0.86	36.650	
734	0.58	36.700	
735	0.38	36.750	
736	0.24	36.800	
737	0.16	36.850	
738	0.14	36.900	
739	0.14	36.950	
740	0.12	37.000	
741	0.12	37.050	
742	0.12	37.100	
743	0.10	37.150	
744	0.08	37.200	
745	0.08	37.250	
746	0.08	37.300	
747	0.06	37.350	
748	0.08	37.400	
749	0.06	37.450	
750	0.06	37.500	
751	0.06	37.550	
752	0.06	37.600	
753	0.06	37.650	
754	0.06	37.701	
755	0.06	37.750	
756	0.06	37.800	
757	0.06	37.850	
758	0.06	37.900	
759	0.06	37.951	
760	0.06	38.000	
761	0.06	38.050	
762	0.06	38.100	
763	0.06	38.150	
764	0.06	38.200	
765	0.06	38.250	
766	0.06	38.300	
767	0.06	38.350	
768	0.06	38.400	
769	0.06	38.450	
770	0.06	38.500	
771	0.06	38.550	
772	0.06	38.600	
773	0.06	38.650	
774	0.06	38.700	
775	0.06	38.750	
776	0.06	38.800	
777	0.06	38.850	
778	0.06	38.900	
779	0.06	38.950	
780	0.04	39.000	
781	0.04	39.050	
782	0.06	39.100	
783	0.06	39.150	
784	0.06	39.201	
785	0.04	39.250	
786	0.04	39.300	
787	0.06	39.350	
788	0.06	39.400	
789	0.04	39.450	
790	0.06	39.500	
791	0.06	39.551	
792	0.04	39.600	
793	0.04	39.651	
794	0.06	39.700	
795	0.04	39.750	
796	0.04	39.800	
797	0.04	39.850	
798	0.04	39.900	
799	0.04	39.950	
800	0.04	40.000	
801	0.04	40.050	
802	0.04	40.100	
803	0.06	40.150	
804	0.04	40.200	
805	0.06	40.250	
806	0.10	40.301	
807	0.20	40.350	
808	0.40	40.400	
809	0.70	40.450	
810	1.02	40.500	
811	1.34	40.550	
812	1.62	40.600	
813	1.82	40.651	
814	1.92	40.700	
815	1.94	40.752	
816	1.94	40.801	
817	1.94	40.851	
818	1.94	40.900	
819	1.94	40.950	
820	1.92	41.000	
821	1.92	41.050	
822	1.92	41.100	
823	1.92	41.150	
824	1.92	41.201	
825	1.92	41.250	
826	1.92	41.300	
827	1.92	41.350	
828	1.92	41.400	
829	1.92	41.451	
830	1.92	41.500	
831	1.92	41.550	
832	1.92	41.600	
833	1.92	41.650	
834	1.92	41.700	
835	1.92	41.750	
836	1.92	41.800	
837	1.92	41.850	
838	1.92	41.900	
839	1.92	41.951	
840	1.92	42.000	
841	1.92	42.051	
842	1.92	42.100	
843	1.92	42.160	
844	1.92	42.200	
845	1.92	42.250	
846	1.92	42.300	
847	1.92	42.350	
848	1.92	42.400	
849	1.92	42.450	
850	1.92	42.500	
851	1.92	42.550	
852	1.92	42.600	
853	1.92	42.650	
854	1.92	42.700	
855	1.92	42.750	
856	1.92	42.800	
857	1.92	42.850	
858	1.92	42.900	
859	1.92	42.950	
860	1.92	43.000	
861	1.92	43.050	
862	1.92	43.100	
863	1.92	43.150	
864	1.92	43.200	
865	1.92	43.250	
866	1.92	43.300	
867	1.92	43.350	
868	1.92	43.401	
869	1.92	43.451	
870	1.92	43.501	
871	1.92	43.550	
872	1.92	43.600	
873	1.92	43.650	
874	1.92	43.700	
875	1.92	43.750	
876	1.92	43.800	
877	1.92	43.850	
878	1.84	43.900	
879	1.36	43.950	
880	0.96	44.001	
881	0.64	44.050	
882	0.42	44.100	
883	0.26	44.150	
884	0.18	44.200	
885	0.16	44.250	
886	0.14	44.300	
887	0.14	44.350	
888	0.14	44.403	
889	0.12	44.450	
890	0.10	44.501	
891	0.10	44.550	
892	0.08	44.600	
893	0.08	44.650	
894	0.08	44.700	
895	0.08	44.751	
896	0.08	44.800	
897	0.08	44.850	
898	0.08	44.900	
899	0.08	44.950	
900	0.08	45.000	
901	0.08	45.050	
902	0.08	45.100	
903	0.06	45.154	
904	0.06	45.200	
905	0.06	45.250	
906	0.06	45.300	
907	0.06	45.350	
908	0.06	45.400	
909	0.06	45.450	
910	0.06	45.500	
911	0.06	45.550	
912	0.06	45.600	
913	0.06	45.650	
914	0.06	45.700	
915	0.06	45.750	
916	0.06	45.800	
917	0.06	45.850	
918	0.06	45.900	
919	0.06	45.950	
920	0.06	46.000	
921	0.06	46.050	
922	0.06	46.100	
923	0.06	46.150	
924	0.06	46.200	
925	0.06	46.250	
926	0.06	46.300	
927	0.06	46.350	
928	0.06	46.400	
929	0.06	46.450	
930	0.06	46.500	
931	0.06	46.550	
932	0.06	46.600	
933	0.06	46.651	
934	0.06	46.700	
935	0.06	46.750	
936	0.06	46.800	
937	0.06	46.850	
938	0.06	46.900	
939	0.06	46.950	
940	0.06	47.000	
941	0.06	47.050	
942	0.06	47.100	
943	0.06	47.150	
944	0.06	47.200	
945	0.06	47.250	
946	0.06	47.300	
947	0.06	47.350	
948	0.06	47.400	
949	0.06	47.450	
950	0.06	47.500	
951	0.06	47.550	
952	0.06	47.600	
953	0.06	47.650	
954	0.06	47.700	
955	0.06	47.750	
956	0.06	47.800	
957	0.06	47.850	
958	0.06	47.900	
959	0.06	47.950	
960	0.10	48.000	
961	0.20	48.050	
962	0.40	48.100	
963	0.70	48.150	
964	1.02	48.200	
965	1.36	48.250	
966	1.66	48.300	
967	1.86	48.350	
968	2.00	48.401	
969	2.02	48.450	
970	2.02	48.500	
971	2.02	48.550	
972	2.02	48.600	
973	2.02	48.650	
974	2.02	48.701	
975	2.00	48.750	
976	2.00	48.800	
977	2.00	48.850	
978	2.00	48.900	
979	2.00	48.950	
980	2.00	49.000	
981	2.00	49.050	
982	2.00	49.100	
983	2.00	49.150	
984	2.00	49.200	
985	2.00	49.250	
986	2.00	49.300	
987	2.00	49.350	
988	2.00	49.400	
989	2.00	49.451	
990	2.00	49.500	
991	2.00	49.550	
992	2.00	49.601	
993	2.00	49.650	
994	2.00	49.700	
995	2.00	49.750	
996	2.00	49.800	
997	2.00	49.850	
998	2.00	49.900	
999	2.00	49.950	
1000	2.00	50.000	
1001	2.00	50.050	
1002	2.00	50.101	
1003	2.00	50.154	
1004	2.00	50.200	
1005	2.00	50.250	
1006	2.00	50.300	
1007	2.00	50.350	
1008	2.00	50.400	
1009	2.00	50.450	
1010	2.00	50.500	
1011	2.00	50.562	
1012	2.00	50.601	
1013	2.00	50.650	
1014	2.00	50.700	
1015	2.00	50.750	
1016	2.00	50.800	
1017	2.00	50.851	
1018	2.00	50.900	
1019	2.00	50.950	
1020	2.00	51.000	
1021	2.00	51.050	
1022	2.00	51.100	
1023	2.00	51.150	
1024	2.00	51.200	
1025	2.00	51.251	
1026	2.00	51.300	
1027	2.00	51.350	
1028	2.00	51.400	
1029	2.00	51.450	
1030	2.00	51.500	
1031	2.00	51.550	
1032	2.00	51.600	
1033	1.86	51.650	
1034	1.36	51.700	
1035	0.96	51.750	
1036	0.62	51.801	
1037	0.40	51.850	
1038	0.26	51.900	
1039	0.18	51.950	
1040	0.16	52.000	
1041	0.14	52.050	
1042	0.14	52.100	
1043	0.14	52.150	
1044	0.12	52.200	
1045	0.12	52.250	
1046	0.10	52.300	
1047	0.10	52.350	
1048	0.10	52.400	
1049	0.10	52.450	
1050	0.08	52.500	
1051	0.08	52.550	
1052	0.08	52.600	
1053	0.08	52.650	
1054	0.08	52.700	
1055	0.08	52.750	
1056	0.08	52.800	
1057	0.08	52.850	
1058	0.08	52.900	
1059	0.08	52.951	
1060	0.08	53.000	
1061	0.08	53.051	
1062	0.08	53.100	
1063	0.08	53.150	
1064	0.08	53.200	
1065	0.08	53.250	
1066	0.08	53.301	
1067	0.08	53.350	
1068	0.08	53.400	
1069	0.08	53.451	
1070	0.06	53.500	
1071	0.06	53.551	
1072	0.06	53.600	
1073	0.06	53.650	
1074	0.06	53.700	
1075	0.06	53.750	
1076	0.08	53.801	
1077	0.06	53.850	
1078	0.06	53.900	
1079	0.06	53.951	
1080	0.06	54.001	
1081	0.06	54.050	
1082	0.06	54.100	
1083	0.06	54.150	
1084	0.06	54.201	
1085	0.06	54.250	
1086	0.06	54.300	
1087	0.06	54.350	
1088	0.06	54.400	
1089	0.06	54.450	
1090	0.06	54.500	
1091	0.06	54.550	
1092	0.06	54.600	
1093	0.06	54.650	
1094	0.06	54.700	
1095	0.06	54.750	
1096	0.06	54.800	
1097	0.06	54.850	
1098	0.06	54.900	
1099	0.06	54.950	
1100	0.06	55.000	
1101	0.06	55.050	
1102	0.06	55.100	
1103	0.06	55.155	
1104	0.06	55.200	
1105	0.06	55.250	
1106	0.06	55.300	
1107	0.06	55.350	
1108	0.06	55.400	
1109	0.06	55.450	
1110	0.06	55.500	
1111	0.06	55.550	
1112	0.06	55.601	
1113	0.06	55.650	
1114	0.06	55.700	
1115	0.06	55.751	
1116	0.06	55.800	
1117	0.06	55.850	
1118	0.06	55.900	
1119	0.06	55.950	
1120	0.06	56.001	
1121	0.08	56.050	
1122	0.14	56.100	
1123	0.28	56.150	
1124	0.48	56.200	
1125	0.78	56.250	
1126	1.10	56.300	
1127	1.42	56.350	
1128	1.72	56.400	
1129	1.86	56.450	
1130	1.98	56.500	
1131	1.98	56.550	
1132	1.98	56.600	
1133	1.98	56.650	
1134	1.98	56.701	
1135	1.98	56.750	
1136	1.98	56.800	
1137	1.98	56.850	
1138	1.98	56.900	
1139	1.96	56.950	
1140	1.96	57.000	
1141	1.96	57.050	
1142	1.96	57.100	
1143	1.96	57.150	
1144	1.96	57.200	
1145	1.96	57.250	
1146	1.96	57.300	
1147	1.96	57.350	
1148	1.96	57.400	
1149	1.96	57.450	
1150	1.96	57.500	
1151	1.96	57.550	
1152	1.96	57.600	
1153	1.96	57.650	
1154	1.96	57.700	
1155	1.96	57.750	
1156	1.96	57.800	
1157	1.96	57.850	
1158	1.96	57.900	
1159	1.96	57.950	
1160	1.96	58.000	
1161	1.96	58.050	
1162	1.96	58.101	
1163	1.96	58.150	
1164	1.96	58.200	
1165	1.96	58.250	
1166	1.96	58.300	
1167	1.96	58.350	
1168	1.96	58.400	
1169	1.96	58.450	
1170	1.96	58.500	
1171	1.96	58.550	
1172	1.96	58.601	
1173	1.96	58.651	
1174	1.96	58.700	
1175	1.96	58.750	
1176	1.96	58.800	
1177	1.96	58.850	
1178	1.96	58.900	
1179	1.96	58.950	
1180	1.96	59.000	
1181	1.96	59.050	
1182	1.96	59.100	
1183	1.96	59.151	
1184	1.96	59.200	
1185	1.96	59.250	
1186	1.96	59.300	
1187	1.96	59.350	
1188	1.96	59.400	
1189	1.96	59.450	
1190	1.64	59.500	
1191	1.18	59.550	
1192	0.82	59.600	
1193	0.54	59.651	
1194	0.36	59.700	
1195	0.24	59.750	
1196	0.18	59.800	
1197	0.16	59.850	
1198	0.16	59.900	
1199	0.14	59.950	
1200	0.14	60.000	
1201	0.14	60.050	
1202	0.12	60.100	
1203	0.10	60.158	
1204	0.10	60.200	
1205	0.10	60.251	
1206	0.08	60.300	
1207	0.10	60.350	
1208	0.10	60.400	
1209	0.10	60.450	
1210	0.08	60.501	
1211	0.08	60.550	
1212	0.08	60.600	
1213	0.08	60.650	
1214	0.08	60.700	
1215	0.08	60.750	
1216	0.08	60.800	
1217	0.08	60.850	
1218	0.08	60.900	
1219	0.08	60.951	
1220	0.08	61.000	
1221	0.08	61.050	
1222	0.08	61.100	
1223	0.08	61.150	
1224	0.08	61.200	
1225	0.08	61.250	
1226	0.08	61.300	
1227	0.08	61.350	
1228	0.08	61.400	
1229	0.08	61.451	
1230	0.08	61.501	
1231	0.08	61.550	
1232	0.08	61.600	
1233	0.08	61.650	
1234	0.08	61.700	
1235	0.08	61.751	
1236	0.08	61.800	
1237	0.08	61.850	
1238	0.06	61.901	
1239	0.06	61.950	
1240	0.06	62.000	
1241	0.06	62.050	
1242	0.06	62.101	
1243	0.06	62.150	
1244	0.06	62.200	
1245	0.06	62.250	
1246	0.06	62.300	
1247	0.06	62.350	
1248	0.06	62.400	
1249	0.06	62.450	
1250	0.06	62.500	
1251	0.06	62.550	
1252	0.06	62.601	
1253	0.06	62.650	
1254	0.06	62.700	
1255	0.06	62.751	
1256	0.06	62.800	
1257	0.06	62.850	
1258	0.06	62.900	
1259	0.06	62.950	
1260	0.06	63.001	
1261	0.06	63.050	
1262	0.06	63.100	
1263	0.06	63.150	
1264	0.06	63.201	
1265	0.06	63.250	
1266	0.06	63.300	
1267	0.06	63.350	
1268	0.06	63.400	
1269	0.06	63.450	
1270	0.06	63.500	
1271	0.06	63.550	
1272	0.06	63.600	
1273	0.06	63.650	
1274	0.06	63.700	
1275	0.06	63.751	
1276	0.06	63.800	
1277	0.06	63.850	
1278	0.08	63.900	
1279	0.06	63.950	
1280	0.08	64.000	
1281	0.12	64.050	
1282	0.26	64.100	
1283	0.48	64.150	
1284	0.76	64.200	
1285	1.08	64.250	
1286	1.40	64.300	
1287	1.70	64.351	
1288	1.88	64.400	
1289	2.00	64.450	
1290	2.02	64.500	
1291	2.02	64.550	
1292	2.02	64.600	
1293	2.02	64.650	
1294	2.02	64.700	
1295	2.02	64.751	
1296	2.00	64.800	
1297	2.00	64.851	
1298	2.00	64.900	
1299	2.00	64.950	
1300	2.00	65.000	
1301	2.00	65.050	
1302	2.00	65.100	
1303	2.00	65.158	
1304	2.00	65.200	
1305	2.00	65.250	
1306	2.00	65.300	
1307	2.00	65.350	
1308	2.00	65.400	
1309	2.00	65.450	
1310	2.00	65.500	
1311	2.00	65.550	
1312	2.00	65.600	
1313	2.00	65.650	
1314	2.00	65.700	
1315	2.00	65.750	
1316	2.00	65.800	
1317	2.00	65.850	
1318	2.00	65.900	
1319	2.00	65.950	
1320	2.00	66.000	
1321	2.00	66.050	
1322	2.00	66.101	
1323	2.00	66.150	
1324	2.00	66.200	
1325	2.00	66.250	
1326	2.00	66.300	
1327	2.00	66.350	
1328	2.00	66.401	
1329	2.00	66.450	
1330	2.00	66.500	
1331	2.00	66.550	
1332	2.00	66.600	
1333	2.00	66.650	
1334	2.00	66.700	
1335	2.00	66.750	
1336	2.00	66.800	
1337	2.00	66.850	
1338	2.00	66.900	
1339	2.00	66.950	
1340	2.00	67.000	
1341	2.00	67.050	
1342	2.00	67.100	
1343	2.00	67.150	
1344	2.00	67.200	
1345	2.00	67.250	
1346	2.00	67.300	
1347	2.00	67.350	
1348	1.72	67.400	
1349	1.24	67.450	
1350	0.88	67.500	
1351	0.58	67.550	
1352	0.40	67.600	
1353	0.26	67.650	
1354	0.18	67.700	
1355	0.16	67.750	
1356	0.16	67.800	
1357	0.16	67.850	
1358	0.14	67.900	
1359	0.14	67.951	
1360	0.12	68.000	
1361	0.12	68.050	
1362	0.10	68.101	
1363	0.10	68.150	
1364	0.10	68.208	
1365	0.10	68.250	
1366	0.10	68.300	
1367	0.10	68.350	
1368	0.08	68.400	
1369	0.08	68.450	
1370	0.08	68.500	
1371	0.08	68.550	
1372	0.08	68.600	
1373	0.08	68.651	
1374	0.08	68.700	
1375	0.08	68.750	
1376	0.08	68.800	
1377	0.08	68.850	
1378	0.08	68.900	
1379	0.08	68.950	
1380	0.08	69.000	
1381	0.08	69.050	
1382	0.08	69.100	
1383	0.08	69.150	
1384	0.08	69.200	
1385	0.08	69.250	
1386	0.08	69.300	
1387	0.08	69.350	
1388	0.08	69.400	
1389	0.08	69.450	
1390	0.08	69.500	
1391	0.08	69.550	
1392	0.08	69.600	
1393	0.08	69.651	
1394	0.08	69.700	
1395	0.08	69.751	
1396	0.08	69.800	
1397	0.08	69.850	
1398	0.08	69.900	
1399	0.08	69.950	
1400	0.06	70.000	
1401	0.08	70.050	
1402	0.06	70.100	
1403	0.08	70.159	
1404	0.06	70.200	
1405	0.06	70.250	
1406	0.06	70.300	
1407	0.06	70.350	
1408	0.08	70.400	
1409	0.06	70.450	
1410	0.06	70.501	
1411	0.06	70.550	
1412	0.06	70.600	
1413	0.06	70.650	
1414	0.06	70.700	
1415	0.06	70.750	
1416	0.06	70.800	
1417	0.06	70.850	
1418	0.06	70.900	
1419	0.06	70.950	
1420	0.06	71.000	
1421	0.06	71.050	
1422	0.06	71.100	
1423	0.06	71.150	
1424	0.06	71.200	
1425	0.06	71.250	
1426	0.06	71.300	
1427	0.06	71.350	
1428	0.06	71.400	
1429	0.06	71.450	
1430	0.06	71.500	
1431	0.06	71.550	
1432	0.08	71.600	
1433	0.12	71.650	
1434	0.20	71.700	
1435	0.42	71.751	
1436	0.70	71.800	
1437	1.00	71.850	
1438	1.32	71.900	
1439	1.64	71.950	
1440	1.84	72.000	
1441	1.96	72.050	
1442	2.00	72.100	
1443	2.00	72.150	
1444	2.00	72.200	
1445	2.00	72.250	
1446	2.00	72.300	
1447	1.98	72.350	
1448	1.98	72.400	
1449	1.98	72.450	
1450	1.98	72.500	
1451	1.98	72.550	
1452	1.98	72.600	
1453	1.98	72.650	
1454	1.98	72.701	
1455	1.98	72.750	
1456	1.98	72.800	
1457	1.98	72.850	
1458	1.98	72.900	
1459	1.98	72.950	
1460	1.98	73.000	
1461	1.98	73.050	
1462	1.98	73.100	
1463	1.98	73.150	
1464	1.98	73.200	
1465	1.98	73.251	
1466	1.98	73.300	
1467	1.98	73.350	
1468	1.98	73.400	
1469	1.98	73.450	
1470	1.98	73.500	
1471	1.98	73.550	
1472	1.98	73.600	
1473	1.98	73.650	
1474	1.98	73.700	
1475	1.98	73.762	
1476	1.96	73.800	
1477	1.96	73.900	
1478	1.98	73.950	
1479	1.98	74.000	
1480	1.98	74.050	
1481	1.98	74.100	
1482	1.98	74.150	
1483	1.98	74.200	
1484	1.98	74.250	
1485	1.98	74.301	
1486	1.98	74.350	
1487	1.98	74.450	
1488	1.98	74.500	
1489	1.96	74.554	
1490	1.96	74.600	
1491	1.98	74.650	
1492	1.96	74.700	
1493	1.98	74.750	
1494	1.96	74.800	
1495	1.96	74.850	
1496	1.98	74.900	
1497	1.96	74.950	
1498	1.98	75.000	
1499	1.98	75.050	
1500	1.98	75.101	
1501	1.98	75.150	
1502	1.96	75.200	
1503	1.96	75.250	
1504	1.98	75.300	
1505	1.62	75.350	
1506	1.16	75.400	
1507	0.82	75.450	
1508	0.54	75.500	
1509	0.34	75.550	
1510	0.24	75.600	
1511	0.18	75.650	
1512	0.16	75.700	
1513	0.16	75.750	
1514	0.14	75.800	
1515	0.14	75.850	
1516	0.14	75.900	
1517	0.12	75.950	
1518	0.12	76.000	
1519	0.10	76.050	
1520	0.10	76.100	
1521	0.10	76.150	
1522	0.10	76.200	
1523	0.10	76.250	
1524	0.10	76.300	
1525	0.10	76.351	
1526	0.08	76.401	
1527	0.08	76.450	
1528	0.10	76.500	
1529	0.08	76.550	
1530	0.08	76.600	
1531	0.08	76.650	
1532	0.08	76.700	
1533	0.08	76.750	
1534	0.08	76.800	
1535	0.08	76.850	
1536	0.08	76.900	
1537	0.08	76.950	
1538	0.08	77.000	
1539	0.08	77.050	
1540	0.08	77.100	
1541	0.08	77.150	
1542	0.08	77.200	
