7/24/2024  4:46 PM
Units: N
Readings: Continuous
X-Axis: Time

Reading	Load	Time	
1	0.02	0.000	
2	0.04	0.142	
3	0.04	0.192	
4	0.04	0.242	
5	0.04	0.292	
6	0.02	0.343	
7	0.02	0.392	
8	0.02	0.443	
9	0.04	0.492	
10	0.02	0.542	
11	0.04	0.592	
12	0.04	0.643	
13	0.04	0.692	
14	0.04	0.742	
15	0.02	0.792	
16	0.02	0.842	
17	0.04	0.892	
18	0.02	0.942	
19	0.02	0.992	
20	0.04	1.042	
21	0.04	1.092	
22	0.02	1.142	
23	0.02	1.192	
24	0.04	1.242	
25	0.02	1.292	
26	0.02	1.342	
27	0.02	1.392	
28	0.04	1.442	
29	0.04	1.492	
30	0.02	1.543	
31	0.04	1.592	
32	0.02	1.642	
33	0.04	1.692	
34	0.02	1.743	
35	0.04	1.792	
36	0.02	1.842	
37	0.02	1.892	
38	0.02	1.942	
39	0.02	1.992	
40	0.02	2.043	
41	0.02	2.092	
42	0.02	2.142	
43	0.02	2.192	
44	0.04	2.242	
45	0.04	2.292	
46	0.02	2.342	
47	0.04	2.392	
48	0.02	2.442	
49	0.02	2.492	
50	0.04	2.542	
51	0.04	2.592	
52	0.02	2.643	
53	0.02	2.692	
54	0.02	2.743	
55	0.02	2.793	
56	0.02	2.842	
57	0.02	2.893	
58	0.02	2.942	
59	0.02	2.992	
60	0.02	3.042	
61	0.02	3.092	
62	0.04	3.142	
63	0.04	3.192	
64	0.02	3.243	
65	0.02	3.292	
66	0.02	3.342	
67	0.02	3.392	
68	0.02	3.442	
69	0.02	3.492	
70	0.02	3.542	
71	0.02	3.592	
72	0.02	3.642	
73	0.02	3.692	
74	0.02	3.742	
75	0.02	3.793	
76	0.02	3.842	
77	0.02	3.892	
78	0.02	3.942	
79	0.04	3.992	
80	0.02	4.042	
81	0.02	4.092	
82	0.04	4.142	
83	0.02	4.192	
84	0.02	4.242	
85	0.02	4.292	
86	0.02	4.342	
87	0.02	4.393	
88	0.04	4.442	
89	0.04	4.492	
90	0.04	4.543	
91	0.04	4.593	
92	0.06	4.642	
93	0.12	4.692	
94	0.30	4.742	
95	0.52	4.792	
96	0.84	4.842	
97	1.30	4.892	
98	1.46	4.942	
99	1.88	4.992	
100	2.06	5.042	
101	2.34	5.092	
102	2.50	5.142	
103	2.56	5.192	
104	2.56	5.242	
105	2.58	5.292	
106	2.58	5.342	
107	2.58	5.392	
108	2.58	5.442	
109	2.58	5.492	
110	2.58	5.542	
111	2.58	5.592	
112	2.58	5.642	
113	2.56	5.692	
114	2.58	5.742	
115	2.58	5.792	
116	2.56	5.842	
117	2.56	5.892	
118	2.56	5.942	
119	2.56	5.993	
120	2.56	6.042	
121	2.56	6.092	
122	2.56	6.143	
123	2.56	6.192	
124	2.56	6.243	
125	2.56	6.292	
126	2.56	6.342	
127	2.56	6.392	
128	2.56	6.442	
129	2.56	6.493	
130	2.56	6.542	
131	2.56	6.593	
132	2.56	6.642	
133	2.56	6.692	
134	2.56	6.743	
135	2.56	6.792	
136	2.56	6.842	
137	2.56	6.892	
138	2.56	6.942	
139	2.56	6.992	
140	2.56	7.042	
141	2.56	7.092	
142	2.56	7.143	
143	2.56	7.192	
144	2.56	7.243	
145	2.56	7.292	
146	2.56	7.342	
147	2.56	7.392	
148	2.54	7.442	
149	2.56	7.493	
150	2.56	7.542	
151	2.56	7.592	
152	2.56	7.642	
153	2.56	7.692	
154	2.56	7.742	
155	2.56	7.792	
156	2.56	7.842	
157	2.56	7.893	
158	2.56	7.942	
159	2.54	7.992	
160	2.56	8.042	
161	2.56	8.092	
162	2.56	8.142	
163	2.54	8.192	
164	2.00	8.242	
165	1.50	8.292	
166	1.10	8.342	
167	0.76	8.392	
168	0.52	8.442	
169	0.34	8.492	
170	0.24	8.542	
171	0.22	8.592	
172	0.18	8.642	
173	0.18	8.692	
174	0.18	8.742	
175	0.16	8.792	
176	0.14	8.842	
177	0.14	8.892	
178	0.12	8.942	
179	0.12	8.992	
180	0.12	9.042	
181	0.10	9.092	
182	0.10	9.142	
183	0.10	9.192	
184	0.10	9.242	
185	0.10	9.292	
186	0.10	9.342	
187	0.10	9.393	
188	0.10	9.442	
189	0.10	9.492	
190	0.10	9.542	
191	0.10	9.592	
192	0.08	9.642	
193	0.08	9.693	
194	0.08	9.742	
195	0.08	9.792	
196	0.08	9.842	
197	0.08	9.892	
198	0.08	9.942	
199	0.08	9.992	
200	0.08	10.042	
201	0.08	10.092	
202	0.08	10.142	
203	0.08	10.192	
204	0.08	10.242	
205	0.08	10.292	
206	0.08	10.342	
207	0.08	10.392	
208	0.08	10.442	
209	0.08	10.492	
210	0.08	10.543	
211	0.08	10.592	
212	0.08	10.642	
213	0.08	10.692	
214	0.08	10.743	
215	0.08	10.792	
216	0.08	10.842	
217	0.06	10.893	
218	0.06	10.942	
219	0.08	10.992	
220	0.08	11.042	
221	0.08	11.092	
222	0.06	11.142	
223	0.08	11.192	
224	0.08	11.242	
225	0.06	11.292	
226	0.08	11.342	
227	0.06	11.392	
228	0.06	11.442	
229	0.06	11.492	
230	0.06	11.542	
231	0.06	11.592	
232	0.06	11.642	
233	0.06	11.692	
234	0.06	11.742	
235	0.06	11.792	
236	0.06	11.842	
237	0.06	11.892	
238	0.06	11.942	
239	0.06	11.992	
240	0.06	12.042	
241	0.06	12.092	
242	0.06	12.142	
243	0.06	12.192	
244	0.06	12.242	
245	0.06	12.292	
246	0.06	12.342	
247	0.06	12.392	
248	0.08	12.442	
249	0.10	12.492	
250	0.22	12.542	
251	0.42	12.592	
252	0.72	12.642	
253	1.04	12.692	
254	1.38	12.742	
255	1.76	12.792	
256	2.06	12.842	
257	2.36	12.893	
258	2.58	12.942	
259	2.66	12.992	
260	2.68	13.042	
261	2.68	13.092	
262	2.66	13.143	
263	2.66	13.192	
264	2.66	13.242	
265	2.66	13.293	
266	2.66	13.342	
267	2.66	13.392	
268	2.66	13.442	
269	2.66	13.492	
270	2.66	13.543	
271	2.66	13.592	
272	2.66	13.642	
273	2.66	13.693	
274	2.64	13.742	
275	2.64	13.792	
276	2.66	13.843	
277	2.66	13.893	
278	2.66	13.943	
279	2.64	13.992	
280	2.64	14.042	
281	2.64	14.092	
282	2.64	14.142	
283	2.64	14.192	
284	2.64	14.242	
285	2.64	14.292	
286	2.64	14.342	
287	2.64	14.392	
288	2.64	14.442	
289	2.64	14.492	
290	2.64	14.542	
291	2.64	14.592	
292	2.64	14.642	
293	2.64	14.692	
294	2.64	14.742	
295	2.64	14.792	
296	2.64	14.842	
297	2.64	14.892	
298	2.64	14.942	
299	2.64	14.992	
300	2.64	15.042	
301	2.64	15.093	
302	2.64	15.142	
303	2.64	15.192	
304	2.64	15.242	
305	2.64	15.292	
306	2.64	15.342	
307	2.64	15.392	
308	2.64	15.442	
309	2.64	15.492	
310	2.64	15.542	
311	2.64	15.592	
312	2.64	15.642	
313	2.64	15.692	
314	2.64	15.742	
315	2.64	15.792	
316	2.64	15.842	
317	2.64	15.892	
318	2.64	15.942	
319	2.64	15.992	
320	2.54	16.042	
321	1.98	16.093	
322	1.50	16.142	
323	1.12	16.192	
324	0.80	16.242	
325	0.56	16.292	
326	0.38	16.343	
327	0.26	16.393	
328	0.22	16.442	
329	0.20	16.492	
330	0.18	16.542	
331	0.18	16.592	
332	0.18	16.642	
333	0.16	16.692	
334	0.14	16.742	
335	0.12	16.792	
336	0.12	16.842	
337	0.12	16.892	
338	0.12	16.942	
339	0.12	16.992	
340	0.12	17.042	
341	0.12	17.092	
342	0.10	17.142	
343	0.10	17.192	
344	0.10	17.242	
345	0.10	17.292	
346	0.10	17.342	
347	0.10	17.392	
348	0.10	17.442	
349	0.10	17.492	
350	0.10	17.543	
351	0.10	17.592	
352	0.08	17.642	
353	0.08	17.692	
354	0.08	17.742	
355	0.08	17.793	
356	0.08	17.842	
357	0.08	17.892	
358	0.08	17.942	
359	0.08	17.992	
360	0.08	18.042	
361	0.08	18.092	
362	0.08	18.142	
363	0.08	18.192	
364	0.08	18.242	
365	0.08	18.293	
366	0.08	18.342	
367	0.08	18.392	
368	0.08	18.442	
369	0.08	18.493	
370	0.08	18.543	
371	0.08	18.592	
372	0.08	18.642	
373	0.08	18.693	
374	0.08	18.742	
375	0.08	18.792	
376	0.08	18.842	
377	0.08	18.892	
378	0.06	18.942	
379	0.08	18.993	
380	0.06	19.042	
381	0.08	19.092	
382	0.06	19.143	
383	0.06	19.192	
384	0.08	19.242	
385	0.06	19.292	
386	0.06	19.343	
387	0.06	19.392	
388	0.06	19.443	
389	0.06	19.492	
390	0.06	19.542	
391	0.06	19.592	
392	0.06	19.643	
393	0.06	19.692	
394	0.06	19.742	
395	0.06	19.792	
396	0.06	19.842	
397	0.06	19.892	
398	0.06	19.942	
399	0.06	19.992	
400	0.08	20.042	
401	0.08	20.092	
402	0.08	20.142	
403	0.10	20.192	
404	0.18	20.242	
405	0.40	20.292	
406	0.64	20.342	
407	0.96	20.392	
408	1.30	20.443	
409	1.66	20.492	
410	1.96	20.542	
411	2.28	20.592	
412	2.50	20.642	
413	2.60	20.692	
414	2.60	20.742	
415	2.60	20.792	
416	2.60	20.842	
417	2.60	20.892	
418	2.60	20.942	
419	2.60	20.992	
420	2.60	21.042	
421	2.60	21.092	
422	2.58	21.142	
423	2.60	21.192	
424	2.60	21.242	
425	2.58	21.292	
426	2.58	21.342	
427	2.58	21.392	
428	2.58	21.442	
429	2.58	21.493	
430	2.58	21.542	
431	2.58	21.592	
432	2.58	21.642	
433	2.58	21.692	
434	2.58	21.742	
435	2.58	21.792	
436	2.58	21.842	
437	2.58	21.892	
438	2.58	21.942	
439	2.58	21.992	
440	2.58	22.042	
441	2.58	22.093	
442	2.58	22.142	
443	2.58	22.192	
444	2.58	22.242	
445	2.58	22.292	
446	2.58	22.342	
447	2.58	22.392	
448	2.58	22.442	
449	2.58	22.492	
450	2.58	22.542	
451	2.58	22.592	
452	2.58	22.642	
453	2.58	22.692	
454	2.58	22.742	
455	2.58	22.792	
456	2.58	22.842	
457	2.58	22.892	
458	2.56	22.942	
459	2.56	22.992	
460	2.58	23.042	
461	2.58	23.092	
462	2.58	23.142	
463	2.58	23.192	
464	2.56	23.242	
465	2.58	23.292	
466	2.56	23.342	
467	2.56	23.392	
468	2.56	23.442	
469	2.58	23.492	
470	2.58	23.542	
471	2.58	23.592	
472	2.58	23.642	
473	2.58	23.692	
474	2.58	23.742	
475	2.58	23.792	
476	2.56	23.842	
477	2.58	23.892	
478	2.28	23.942	
479	1.72	23.992	
480	1.32	24.042	
481	0.96	24.092	
482	0.68	24.142	
483	0.46	24.192	
484	0.32	24.242	
485	0.24	24.292	
486	0.22	24.342	
487	0.20	24.392	
488	0.20	24.443	
489	0.20	24.493	
490	0.18	24.542	
491	0.14	24.592	
492	0.14	24.642	
493	0.14	24.693	
494	0.12	24.742	
495	0.12	24.792	
496	0.12	24.842	
497	0.12	24.892	
498	0.12	24.942	
499	0.12	24.992	
500	0.10	25.042	
501	0.10	25.092	
502	0.10	25.142	
503	0.10	25.192	
504	0.10	25.242	
505	0.10	25.292	
506	0.10	25.342	
507	0.10	25.392	
508	0.10	25.443	
509	0.10	25.492	
510	0.10	25.542	
511	0.10	25.592	
512	0.10	25.642	
513	0.10	25.692	
514	0.10	25.742	
515	0.10	25.792	
516	0.08	25.842	
517	0.08	25.892	
518	0.08	25.942	
519	0.08	25.992	
520	0.08	26.042	
521	0.10	26.092	
522	0.08	26.142	
523	0.08	26.192	
524	0.08	26.242	
525	0.08	26.292	
526	0.08	26.342	
527	0.08	26.392	
528	0.08	26.442	
529	0.08	26.492	
530	0.08	26.543	
531	0.08	26.592	
532	0.08	26.642	
533	0.08	26.692	
534	0.08	26.742	
535	0.08	26.792	
536	0.08	26.842	
537	0.08	26.892	
538	0.08	26.942	
539	0.08	26.992	
540	0.08	27.042	
541	0.08	27.092	
542	0.08	27.142	
543	0.08	27.192	
544	0.08	27.242	
545	0.08	27.292	
546	0.08	27.343	
547	0.08	27.392	
548	0.08	27.442	
549	0.08	27.492	
550	0.08	27.542	
551	0.08	27.592	
552	0.08	27.642	
553	0.08	27.692	
554	0.08	27.742	
555	0.08	27.792	
556	0.08	27.842	
557	0.08	27.892	
558	0.08	27.942	
559	0.10	27.993	
560	0.18	28.042	
561	0.38	28.092	
562	0.82	28.142	
563	0.94	28.192	
564	1.28	28.242	
565	1.66	28.292	
566	1.96	28.343	
567	2.28	28.392	
568	2.54	28.442	
569	2.68	28.492	
570	2.70	28.542	
571	2.70	28.592	
572	2.68	28.642	
573	2.68	28.692	
574	2.68	28.742	
575	2.68	28.792	
576	2.68	28.842	
577	2.68	28.893	
578	2.68	28.942	
579	2.68	28.992	
580	2.68	29.042	
581	2.68	29.092	
582	2.68	29.142	
583	2.68	29.192	
584	2.68	29.242	
585	2.68	29.292	
586	2.68	29.342	
587	2.66	29.392	
588	2.66	29.442	
589	2.66	29.492	
590	2.66	29.542	
591	2.66	29.592	
592	2.66	29.642	
593	2.66	29.692	
594	2.66	29.742	
595	2.66	29.792	
596	2.66	29.842	
597	2.66	29.892	
598	2.66	29.942	
599	2.66	29.992	
600	2.66	30.042	
601	2.66	30.092	
602	2.66	30.142	
603	2.66	30.192	
604	2.66	30.242	
605	2.66	30.292	
606	2.66	30.342	
607	2.66	30.392	
608	2.66	30.442	
609	2.66	30.492	
610	2.66	30.542	
611	2.66	30.592	
612	2.66	30.642	
613	2.66	30.692	
614	2.66	30.742	
615	2.66	30.792	
616	2.66	30.842	
617	2.66	30.892	
618	2.66	30.942	
619	2.66	30.992	
620	2.66	31.042	
621	2.66	31.092	
622	2.66	31.142	
623	2.66	31.192	
624	2.66	31.242	
625	2.66	31.292	
626	2.66	31.342	
627	2.66	31.393	
628	2.66	31.442	
629	2.66	31.492	
630	2.20	31.542	
631	1.68	31.592	
632	1.30	31.643	
633	0.94	31.692	
634	0.66	31.742	
635	0.44	31.792	
636	0.32	31.843	
637	0.26	31.892	
638	0.22	31.942	
639	0.20	31.992	
640	0.20	32.042	
641	0.18	32.092	
642	0.18	32.143	
643	0.14	32.192	
644	0.14	32.242	
645	0.12	32.292	
646	0.12	32.342	
647	0.12	32.392	
648	0.12	32.443	
649	0.12	32.492	
650	0.12	32.542	
651	0.10	32.592	
652	0.10	32.645	
653	0.10	32.693	
654	0.10	32.743	
655	0.10	32.792	
656	0.10	32.842	
657	0.10	32.892	
658	0.10	32.943	
659	0.10	32.992	
660	0.10	33.042	
661	0.10	33.092	
662	0.10	33.142	
663	0.10	33.192	
664	0.10	33.242	
665	0.10	33.292	
666	0.10	33.342	
667	0.10	33.392	
668	0.08	33.442	
669	0.10	33.492	
670	0.10	33.542	
671	0.08	33.592	
672	0.08	33.642	
673	0.08	33.692	
674	0.08	33.742	
675	0.08	33.792	
676	0.08	33.842	
677	0.08	33.892	
678	0.08	33.942	
679	0.08	33.992	
680	0.08	34.042	
681	0.08	34.092	
682	0.08	34.142	
683	0.08	34.192	
684	0.08	34.242	
685	0.08	34.292	
686	0.08	34.342	
687	0.08	34.393	
688	0.08	34.443	
689	0.08	34.493	
690	0.08	34.543	
691	0.08	34.592	
692	0.08	34.642	
693	0.08	34.693	
694	0.08	34.743	
695	0.08	34.793	
696	0.08	34.842	
697	0.08	34.892	
698	0.08	34.942	
699	0.08	34.992	
700	0.06	35.042	
701	0.08	35.092	
702	0.08	35.142	
703	0.08	35.192	
704	0.10	35.242	
705	0.20	35.292	
706	0.40	35.342	
707	0.68	35.392	
708	1.00	35.442	
709	1.34	35.492	
710	1.72	35.542	
711	2.00	35.592	
712	2.30	35.642	
713	2.52	35.692	
714	2.58	35.742	
715	2.58	35.792	
716	2.58	35.842	
717	2.58	35.892	
718	2.58	35.942	
719	2.58	35.992	
720	2.58	36.042	
721	2.56	36.092	
722	2.56	36.142	
723	2.56	36.192	
724	2.56	36.242	
725	2.56	36.292	
726	2.56	36.342	
727	2.56	36.392	
728	2.56	36.442	
729	2.56	36.492	
730	2.56	36.542	
731	2.56	36.592	
732	2.56	36.642	
733	2.56	36.692	
734	2.56	36.742	
735	2.56	36.792	
736	2.56	36.842	
737	2.56	36.892	
738	2.56	36.942	
739	2.56	36.992	
740	2.56	37.042	
741	2.56	37.092	
742	2.56	37.142	
743	2.56	37.192	
744	2.56	37.242	
745	2.56	37.292	
746	2.56	37.343	
747	2.56	37.392	
748	2.56	37.442	
749	2.56	37.492	
750	2.56	37.543	
751	2.56	37.592	
752	2.56	37.642	
753	2.56	37.692	
754	2.56	37.742	
755	2.56	37.792	
756	2.56	37.842	
757	2.56	37.892	
758	2.56	37.942	
759	2.54	37.992	
760	2.54	38.042	
761	2.54	38.092	
762	2.54	38.142	
763	2.56	38.192	
764	2.56	38.242	
765	2.54	38.292	
766	2.56	38.342	
767	2.54	38.392	
768	2.56	38.442	
769	2.54	38.492	
770	2.54	38.542	
771	2.54	38.592	
772	2.54	38.642	
773	2.54	38.692	
774	2.54	38.742	
775	2.56	38.793	
776	2.54	38.842	
777	2.54	38.892	
778	2.54	38.942	
779	2.54	38.992	
780	2.54	39.042	
781	2.54	39.092	
782	2.54	39.142	
783	2.54	39.192	
784	2.54	39.242	
785	2.54	39.292	
786	2.56	39.342	
787	2.48	39.392	
788	1.92	39.442	
789	1.46	39.492	
790	1.10	39.542	
791	0.78	39.592	
792	0.54	39.642	
793	0.36	39.692	
794	0.28	39.742	
795	0.24	39.792	
796	0.22	39.842	
797	0.20	39.892	
798	0.20	39.942	
799	0.20	39.993	
800	0.16	40.042	
801	0.14	40.092	
802	0.14	40.146	
803	0.14	40.192	
804	0.14	40.242	
805	0.12	40.292	
806	0.12	40.343	
807	0.12	40.392	
808	0.12	40.442	
809	0.12	40.492	
810	0.12	40.542	
811	0.12	40.592	
812	0.12	40.642	
813	0.12	40.692	
814	0.12	40.742	
815	0.12	40.792	
816	0.10	40.842	
817	0.10	40.892	
818	0.10	40.942	
819	0.10	40.993	
820	0.10	41.042	
821	0.10	41.092	
822	0.10	41.142	
823	0.10	41.192	
824	0.10	41.242	
825	0.10	41.292	
826	0.10	41.342	
827	0.10	41.392	
828	0.10	41.442	
829	0.10	41.492	
830	0.10	41.543	
831	0.10	41.592	
832	0.10	41.643	
833	0.10	41.692	
834	0.10	41.742	
835	0.10	41.792	
836	0.10	41.843	
837	0.10	41.892	
838	0.08	41.942	
839	0.08	41.992	
840	0.10	42.042	
841	0.08	42.092	
842	0.08	42.142	
843	0.08	42.192	
844	0.08	42.242	
845	0.08	42.292	
846	0.08	42.342	
847	0.08	42.392	
848	0.08	42.442	
849	0.08	42.492	
850	0.08	42.542	
851	0.08	42.593	
852	0.08	42.642	
853	0.08	42.693	
854	0.08	42.742	
855	0.08	42.792	
856	0.08	42.843	
857	0.08	42.892	
858	0.08	42.942	
859	0.08	42.992	
860	0.08	43.042	
861	0.08	43.092	
862	0.08	43.142	
863	0.08	43.192	
864	0.08	43.243	
865	0.08	43.292	
866	0.08	43.342	
867	0.10	43.392	
868	0.20	43.442	
869	0.36	43.492	
870	0.64	43.542	
871	0.96	43.592	
872	1.30	43.642	
873	1.66	43.692	
874	1.98	43.743	
875	2.28	43.792	
876	2.54	43.843	
877	2.64	43.892	
878	2.64	43.942	
879	2.64	43.992	
880	2.64	44.042	
881	2.64	44.092	
882	2.64	44.142	
883	2.64	44.192	
884	2.64	44.242	
885	2.64	44.293	
886	2.62	44.342	
887	2.62	44.392	
888	2.62	44.442	
889	2.62	44.492	
890	2.62	44.542	
891	2.62	44.592	
892	2.62	44.642	
893	2.62	44.692	
894	2.62	44.742	
895	2.62	44.793	
896	2.62	44.842	
897	2.62	44.892	
898	2.62	44.942	
899	2.62	44.992	
900	2.62	45.042	
901	2.62	45.092	
902	2.62	45.147	
903	2.62	45.192	
904	2.62	45.242	
905	2.62	45.293	
906	2.62	45.342	
907	2.62	45.393	
908	2.62	45.442	
909	2.62	45.492	
910	2.62	45.542	
911	2.62	45.593	
912	2.62	45.642	
913	2.62	45.692	
914	2.62	45.742	
915	2.62	45.792	
916	2.62	45.842	
917	2.62	45.892	
918	2.62	45.942	
919	2.62	45.992	
920	2.62	46.042	
921	2.62	46.092	
922	2.62	46.142	
923	2.62	46.192	
924	2.62	46.242	
925	2.62	46.292	
926	2.62	46.342	
927	2.62	46.392	
928	2.62	46.442	
929	2.62	46.492	
930	2.62	46.542	
931	2.62	46.592	
932	2.62	46.642	
933	2.62	46.692	
934	2.62	46.742	
935	2.62	46.792	
936	2.62	46.842	
937	2.62	46.892	
938	2.62	46.942	
939	2.62	46.992	
940	2.26	47.042	
941	1.74	47.092	
942	1.32	47.142	
943	0.98	47.192	
944	0.68	47.242	
945	0.48	47.292	
946	0.34	47.342	
947	0.26	47.393	
948	0.22	47.442	
949	0.20	47.492	
950	0.20	47.542	
951	0.20	47.592	
952	0.18	47.643	
953	0.16	47.693	
954	0.14	47.742	
955	0.14	47.792	
956	0.14	47.842	
957	0.14	47.892	
958	0.12	47.942	
959	0.14	47.993	
960	0.12	48.043	
961	0.12	48.092	
962	0.12	48.143	
963	0.12	48.192	
964	0.12	48.242	
965	0.12	48.292	
966	0.12	48.342	
967	0.10	48.392	
968	0.12	48.442	
969	0.10	48.492	
970	0.12	48.542	
971	0.12	48.592	
972	0.10	48.642	
973	0.10	48.692	
974	0.10	48.742	
975	0.10	48.792	
976	0.10	48.842	
977	0.10	48.893	
978	0.10	48.942	
979	0.10	48.996	
980	0.10	49.042	
981	0.10	49.092	
982	0.10	49.142	
983	0.10	49.192	
984	0.10	49.242	
985	0.10	49.292	
986	0.10	49.342	
987	0.10	49.392	
988	0.10	49.442	
989	0.10	49.492	
990	0.10	49.542	
991	0.10	49.592	
992	0.10	49.642	
993	0.10	49.692	
994	0.08	49.742	
995	0.08	49.792	
996	0.10	49.842	
997	0.08	49.892	
998	0.10	49.942	
999	0.08	49.993	
1000	0.08	50.042	
1001	0.08	50.092	
1002	0.08	50.149	
1003	0.08	50.192	
1004	0.08	50.242	
1005	0.08	50.292	
1006	0.08	50.342	
1007	0.08	50.392	
1008	0.08	50.442	
1009	0.08	50.492	
1010	0.08	50.542	
1011	0.08	50.592	
1012	0.08	50.642	
1013	0.08	50.692	
1014	0.08	50.742	
1015	0.08	50.792	
1016	0.08	50.842	
1017	0.08	50.892	
1018	0.08	50.942	
1019	0.08	50.992	
1020	0.08	51.043	
1021	0.08	51.092	
1022	0.08	51.143	
1023	0.08	51.192	
1024	0.08	51.242	
1025	0.08	51.292	
1026	0.10	51.342	
1027	0.16	51.392	
1028	0.30	51.442	
1029	0.52	51.492	
1030	0.82	51.542	
1031	1.16	51.592	
1032	1.52	51.642	
1033	1.86	51.692	
1034	2.14	51.742	
1035	2.42	51.792	
1036	2.56	51.842	
1037	2.58	51.892	
1038	2.58	51.943	
1039	2.56	51.992	
1040	2.56	52.042	
1041	2.56	52.092	
1042	2.56	52.142	
1043	2.56	52.192	
1044	2.56	52.242	
1045	2.56	52.292	
1046	2.56	52.342	
1047	2.56	52.392	
1048	2.56	52.442	
1049	2.56	52.492	
1050	2.56	52.542	
1051	2.56	52.592	
1052	2.56	52.642	
1053	2.56	52.692	
1054	2.56	52.742	
1055	2.54	52.792	
1056	2.54	52.842	
1057	2.54	52.892	
1058	2.54	52.942	
1059	2.54	52.993	
1060	2.54	53.043	
1061	2.54	53.092	
1062	2.54	53.142	
1063	2.54	53.192	
1064	2.54	53.242	
1065	2.54	53.292	
1066	2.54	53.342	
1067	2.54	53.392	
1068	2.54	53.443	
1069	2.54	53.492	
1070	2.54	53.542	
1071	2.54	53.593	
1072	2.54	53.642	
1073	2.54	53.692	
1074	2.54	53.742	
1075	2.54	53.792	
1076	2.54	53.842	
1077	2.54	53.892	
1078	2.54	53.943	
1079	2.54	53.992	
1080	2.54	54.043	
1081	2.54	54.092	
1082	2.54	54.143	
1083	2.54	54.192	
1084	2.54	54.242	
1085	2.54	54.293	
1086	2.54	54.342	
1087	2.54	54.393	
1088	2.54	54.442	
1089	2.54	54.492	
1090	2.54	54.542	
1091	2.54	54.592	
1092	2.54	54.642	
1093	2.54	54.692	
1094	2.54	54.742	
1095	2.54	54.792	
1096	2.54	54.842	
1097	2.54	54.892	
1098	2.54	54.942	
1099	2.54	54.992	
1100	2.54	55.042	
1101	2.54	55.092	
1102	2.54	55.150	
1103	2.54	55.193	
1104	2.54	55.242	
1105	2.54	55.292	
1106	2.54	55.342	
1107	2.54	55.393	
1108	2.54	55.442	
1109	2.54	55.492	
1110	2.54	55.542	
1111	2.54	55.592	
1112	2.26	55.642	
1113	1.72	55.692	
1114	1.32	55.742	
1115	0.96	55.792	
1116	0.68	55.842	
1117	0.46	55.892	
1118	0.34	55.942	
1119	0.26	55.992	
1120	0.24	56.042	
1121	0.22	56.092	
1122	0.20	56.142	
1123	0.20	56.192	
1124	0.20	56.243	
1125	0.16	56.292	
1126	0.16	56.342	
1127	0.14	56.393	
1128	0.14	56.442	
1129	0.14	56.492	
1130	0.14	56.542	
1131	0.14	56.592	
1132	0.14	56.642	
1133	0.12	56.692	
1134	0.12	56.742	
1135	0.12	56.792	
1136	0.12	56.842	
1137	0.12	56.892	
1138	0.12	56.943	
1139	0.12	56.993	
1140	0.12	57.042	
1141	0.12	57.092	
1142	0.12	57.142	
1143	0.12	57.192	
1144	0.12	57.242	
1145	0.12	57.292	
1146	0.12	57.342	
1147	0.12	57.392	
1148	0.10	57.442	
1149	0.12	57.492	
1150	0.10	57.542	
1151	0.10	57.592	
1152	0.10	57.643	
1153	0.10	57.692	
1154	0.10	57.742	
1155	0.10	57.792	
1156	0.10	57.842	
1157	0.10	57.892	
1158	0.10	57.942	
1159	0.10	57.992	
1160	0.10	58.042	
1161	0.10	58.092	
1162	0.10	58.142	
1163	0.10	58.192	
1164	0.10	58.242	
1165	0.10	58.292	
1166	0.10	58.342	
1167	0.10	58.393	
1168	0.10	58.442	
1169	0.10	58.492	
1170	0.10	58.542	
1171	0.10	58.592	
1172	0.10	58.643	
1173	0.10	58.692	
1174	0.10	58.747	
1175	0.10	58.792	
1176	0.10	58.842	
1177	0.10	58.892	
1178	0.10	58.942	
1179	0.10	58.992	
1180	0.08	59.042	
1181	0.08	59.092	
1182	0.08	59.142	
1183	0.10	59.193	
1184	0.08	59.242	
1185	0.08	59.292	
1186	0.08	59.342	
1187	0.08	59.392	
1188	0.08	59.442	
1189	0.08	59.492	
1190	0.08	59.542	
1191	0.10	59.592	
1192	0.08	59.642	
1193	0.08	59.692	
1194	0.08	59.743	
1195	0.08	59.792	
1196	0.08	59.842	
1197	0.08	59.892	
1198	0.08	59.942	
1199	0.08	59.993	
1200	0.08	60.042	
1201	0.08	60.093	
1202	0.10	60.150	
1203	0.10	60.192	
1204	0.10	60.243	
1205	0.10	60.292	
1206	0.18	60.342	
1207	0.36	60.392	
1208	0.60	60.442	
1209	0.90	60.492	
1210	1.24	60.542	
1211	1.60	60.592	
1212	1.90	60.642	
1213	2.44	60.697	
1214	2.50	60.742	
1215	2.62	60.792	
1216	2.64	60.842	
1217	2.64	60.892	
1218	2.62	60.942	
1219	2.62	60.992	
1220	2.62	61.042	
1221	2.62	61.092	
1222	2.62	61.142	
1223	2.62	61.192	
1224	2.62	61.242	
1225	2.62	61.292	
1226	2.62	61.343	
1227	2.62	61.392	
1228	2.62	61.442	
1229	2.62	61.492	
1230	2.62	61.542	
1231	2.62	61.592	
1232	2.62	61.642	
1233	2.62	61.692	
1234	2.62	61.743	
1235	2.62	61.792	
1236	2.62	61.843	
1237	2.62	61.892	
1238	2.62	61.942	
1239	2.62	61.993	
1240	2.62	62.042	
1241	2.60	62.092	
1242	2.62	62.142	
1243	2.62	62.192	
1244	2.60	62.242	
1245	2.62	62.292	
1246	2.60	62.351	
1247	2.60	62.392	
1248	2.60	62.442	
1249	2.60	62.492	
1250	2.62	62.542	
1251	2.60	62.592	
1252	2.60	62.642	
1253	2.60	62.692	
1254	2.60	62.743	
1255	2.60	62.792	
1256	2.62	62.842	
1257	2.60	62.893	
1258	2.60	62.942	
1259	2.60	62.992	
1260	2.60	63.042	
1261	2.60	63.092	
1262	2.60	63.142	
1263	2.60	63.192	
1264	2.60	63.242	
1265	2.60	63.292	
1266	2.60	63.342	
1267	2.60	63.392	
1268	2.60	63.442	
1269	2.60	63.492	
1270	2.60	63.542	
1271	2.60	63.592	
1272	2.60	63.642	
1273	2.60	63.692	
1274	2.60	63.742	
1275	2.60	63.792	
1276	2.60	63.842	
1277	2.60	63.892	
1278	2.60	63.942	
1279	2.62	63.992	
1280	2.18	64.042	
1281	1.64	64.092	
1282	1.26	64.142	
1283	0.92	64.192	
1284	0.64	64.242	
1285	0.44	64.292	
1286	0.32	64.342	
1287	0.26	64.392	
1288	0.22	64.442	
1289	0.22	64.492	
1290	0.20	64.542	
1291	0.20	64.592	
1292	0.18	64.642	
1293	0.16	64.693	
1294	0.16	64.742	
1295	0.14	64.792	
1296	0.14	64.842	
1297	0.14	64.892	
1298	0.14	64.942	
1299	0.14	64.992	
1300	0.12	65.042	
1301	0.12	65.093	
1302	0.12	65.154	
1303	0.12	65.192	
1304	0.12	65.243	
1305	0.12	65.292	
1306	0.12	65.342	
1307	0.12	65.392	
1308	0.12	65.442	
1309	0.12	65.492	
1310	0.12	65.542	
1311	0.12	65.592	
1312	0.12	65.642	
1313	0.12	65.692	
1314	0.12	65.742	
1315	0.10	65.792	
1316	0.10	65.842	
1317	0.10	65.892	
1318	0.10	65.942	
1319	0.10	65.992	
1320	0.10	66.042	
1321	0.10	66.092	
1322	0.10	66.142	
1323	0.10	66.192	
1324	0.10	66.242	
1325	0.10	66.292	
1326	0.10	66.342	
1327	0.10	66.392	
1328	0.10	66.442	
1329	0.10	66.492	
1330	0.10	66.542	
1331	0.10	66.592	
1332	0.10	66.642	
1333	0.10	66.692	
1334	0.10	66.742	
1335	0.10	66.792	
1336	0.10	66.842	
1337	0.10	66.892	
1338	0.10	66.942	
1339	0.10	67.001	
1340	0.10	67.042	
1341	0.10	67.092	
1342	0.10	67.142	
1343	0.10	67.192	
1344	0.10	67.242	
1345	0.10	67.292	
1346	0.10	67.343	
1347	0.10	67.393	
1348	0.10	67.442	
1349	0.08	67.492	
1350	0.08	67.542	
1351	0.08	67.593	
1352	0.08	67.642	
1353	0.08	67.692	
1354	0.08	67.742	
1355	0.10	67.793	
1356	0.08	67.843	
1357	0.08	67.892	
1358	0.08	67.942	
1359	0.08	67.992	
1360	0.08	68.043	
1361	0.08	68.092	
1362	0.08	68.142	
1363	0.08	68.192	
1364	0.08	68.242	
1365	0.08	68.292	
1366	0.08	68.342	
1367	0.08	68.392	
1368	0.08	68.442	
1369	0.08	68.493	
1370	0.08	68.542	
1371	0.08	68.592	
1372	0.08	68.642	
1373	0.08	68.692	
1374	0.08	68.742	
1375	0.10	68.792	
1376	0.08	68.842	
1377	0.10	68.892	
1378	0.16	68.942	
1379	0.32	68.992	
1380	0.54	69.042	
1381	0.84	69.092	
1382	1.18	69.142	
1383	1.54	69.192	
1384	1.86	69.243	
1385	2.16	69.292	
1386	2.40	69.342	
1387	2.54	69.392	
1388	2.56	69.442	
1389	2.56	69.492	
1390	2.56	69.542	
1391	2.56	69.592	
1392	2.54	69.642	
1393	2.56	69.701	
1394	2.54	69.743	
1395	2.54	69.793	
1396	2.54	69.842	
1397	2.54	69.892	
1398	2.54	69.942	
1399	2.54	69.992	
1400	2.54	70.042	
1401	2.54	70.092	
1402	2.54	70.152	
1403	2.54	70.192	
1404	2.54	70.242	
1405	2.54	70.292	
1406	2.54	70.342	
1407	2.54	70.393	
1408	2.54	70.442	
1409	2.54	70.492	
1410	2.54	70.542	
1411	2.54	70.592	
1412	2.54	70.642	
1413	2.54	70.692	
1414	2.54	70.742	
1415	2.54	70.792	
1416	2.54	70.842	
1417	2.54	70.893	
1418	2.54	70.942	
1419	2.54	70.992	
1420	2.54	71.042	
1421	2.54	71.092	
1422	2.54	71.142	
1423	2.54	71.192	
1424	2.54	71.242	
1425	2.54	71.292	
1426	2.54	71.342	
1427	2.54	71.392	
1428	2.54	71.442	
1429	2.54	71.500	
1430	2.54	71.542	
1431	2.54	71.592	
1432	2.54	71.642	
1433	2.52	71.692	
1434	2.54	71.742	
1435	2.52	71.792	
1436	2.54	71.854	
1437	2.54	71.892	
1438	2.52	71.946	
1439	2.52	71.992	
1440	2.52	72.042	
1441	2.54	72.092	
1442	2.52	72.142	
1443	2.52	72.192	
1444	2.52	72.242	
1445	2.54	72.292	
1446	2.52	72.342	
1447	2.52	72.392	
1448	2.52	72.442	
1449	2.54	72.492	
1450	2.48	72.542	
1451	1.92	72.592	
1452	1.46	72.642	
1453	1.10	72.692	
1454	0.80	72.742	
1455	0.54	72.792	
1456	0.38	72.843	
1457	0.28	72.892	
1458	0.22	72.953	
1459	0.22	72.992	
1460	0.20	73.043	
1461	0.20	73.092	
1462	0.20	73.142	
1463	0.18	73.192	
1464	0.16	73.242	
1465	0.14	73.292	
1466	0.14	73.342	
1467	0.14	73.392	
1468	0.14	73.442	
1469	0.14	73.492	
1470	0.14	73.542	
1471	0.14	73.592	
1472	0.12	73.642	
1473	0.12	73.692	
1474	0.12	73.742	
1475	0.12	73.792	
1476	0.12	73.842	
1477	0.12	73.892	
1478	0.12	73.942	
1479	0.12	73.992	
1480	0.12	74.042	
1481	0.12	74.092	
1482	0.12	74.143	
1483	0.12	74.192	
1484	0.12	74.242	
1485	0.12	74.292	
1486	0.10	74.342	
1487	0.10	74.392	
1488	0.10	74.442	
1489	0.10	74.492	
1490	0.10	74.542	
1491	0.10	74.592	
1492	0.10	74.642	
1493	0.10	74.692	
1494	0.10	74.743	
1495	0.10	74.792	
1496	0.10	74.842	
1497	0.10	74.892	
1498	0.10	74.942	
1499	0.10	74.992	
1500	0.10	75.042	
1501	0.10	75.093	
1502	0.10	75.142	
1503	0.10	75.192	
1504	0.10	75.243	
1505	0.10	75.292	
1506	0.10	75.343	
1507	0.10	75.392	
1508	0.10	75.442	
1509	0.10	75.492	
1510	0.10	75.542	
1511	0.10	75.592	
1512	0.10	75.642	
1513	0.10	75.692	
1514	0.10	75.742	
1515	0.10	75.793	
1516	0.10	75.842	
1517	0.10	75.892	
1518	0.10	75.942	
1519	0.10	75.992	
1520	0.10	76.042	
1521	0.08	76.092	
1522	0.10	76.142	
1523	0.10	76.192	
1524	0.10	76.242	
1525	0.08	76.292	
1526	0.10	76.342	
1527	0.08	76.392	
1528	0.10	76.442	
1529	0.08	76.492	
1530	0.08	76.542	
1531	0.08	76.592	
1532	0.08	76.642	
1533	0.08	76.692	
1534	0.08	76.742	
1535	0.08	76.792	
1536	0.08	76.842	
1537	0.08	76.892	
1538	0.08	76.942	
1539	0.08	76.992	
1540	0.08	77.042	
1541	0.08	77.093	
1542	0.08	77.142	
1543	0.08	77.193	
1544	0.08	77.243	
1545	0.08	77.292	
1546	0.08	77.342	
1547	0.08	77.392	
1548	0.08	77.442	
1549	0.08	77.492	
1550	0.08	77.542	
1551	0.08	77.593	
1552	0.08	77.642	
1553	0.08	77.692	
1554	0.08	77.742	
1555	0.08	77.792	
1556	0.08	77.843	
1557	0.08	77.892	
1558	0.08	77.942	
1559	0.08	77.992	
1560	0.08	78.043	
1561	0.10	78.092	
1562	0.16	78.142	
1563	0.30	78.192	
1564	0.56	78.242	
1565	0.88	78.292	
1566	1.20	78.342	
1567	1.56	78.392	
1568	1.88	78.442	
1569	2.18	78.492	
1570	2.46	78.542	
1571	2.60	78.592	
1572	2.62	78.643	
1573	2.62	78.692	
1574	2.62	78.742	
1575	2.62	78.792	
1576	2.62	78.842	
1577	2.62	78.892	
1578	2.62	78.942	
1579	2.62	78.992	
1580	2.62	79.042	
1581	2.62	79.092	
1582	2.60	79.143	
1583	2.62	79.192	
1584	2.60	79.242	
1585	2.60	79.293	
1586	2.60	79.342	
1587	2.60	79.392	
1588	2.60	79.442	
1589	2.60	79.492	
1590	2.60	79.542	
1591	2.60	79.592	
1592	2.60	79.642	
1593	2.60	79.692	
1594	2.60	79.742	
1595	2.60	79.792	
1596	2.60	79.842	
1597	2.60	79.892	
1598	2.60	79.942	
1599	2.60	79.992	
1600	2.60	80.042	
1601	2.60	80.092	
1602	2.60	80.192	
1603	2.60	80.242	
1604	2.60	80.303	
1605	2.60	80.342	
1606	2.60	80.395	
1607	2.60	80.442	
1608	2.60	80.492	
1609	2.60	80.542	
1610	2.60	80.592	
1611	2.60	80.642	
1612	2.60	80.692	
1613	2.60	80.742	
1614	2.60	80.792	
1615	2.60	80.842	
1616	2.60	80.892	
1617	2.60	80.942	
1618	2.60	80.992	
1619	2.60	81.042	
1620	2.60	81.092	
1621	2.58	81.142	
1622	2.60	81.192	
1623	2.60	81.242	
1624	2.60	81.292	
1625	2.60	81.343	
1626	2.60	81.392	
1627	2.60	81.442	
1628	2.60	81.492	
1629	2.58	81.542	
1630	2.60	81.592	
1631	2.60	81.642	
1632	2.60	81.692	
1633	2.60	81.743	
1634	2.58	81.792	
1635	2.60	81.842	
1636	2.60	81.893	
1637	2.60	81.942	
1638	2.60	81.992	
1639	2.60	82.042	
1640	2.60	82.092	
1641	2.60	82.142	
1642	2.60	82.192	
1643	2.34	82.242	
1644	1.78	82.292	
1645	1.38	82.342	
1646	1.04	82.392	
1647	0.74	82.442	
1648	0.50	82.492	
1649	0.36	82.542	
1650	0.26	82.592	
1651	0.24	82.642	
1652	0.22	82.692	
1653	0.20	82.742	
1654	0.20	82.792	
1655	0.20	82.842	
1656	0.18	82.892	
1657	0.16	82.942	
1658	0.14	82.992	
1659	0.14	83.042	
1660	0.14	83.092	
1661	0.14	83.142	
1662	0.14	83.192	
1663	0.14	83.242	
1664	0.14	83.292	
1665	0.12	83.342	
1666	0.12	83.392	
1667	0.12	83.442	
1668	0.12	83.492	
1669	0.12	83.542	
1670	0.12	83.592	
1671	0.12	83.642	
1672	0.12	83.693	
1673	0.12	83.742	
1674	0.12	83.792	
1675	0.12	83.842	
1676	0.12	83.892	
1677	0.12	83.943	
1678	0.12	83.992	
1679	0.10	84.042	
1680	0.10	84.092	
1681	0.10	84.142	
1682	0.12	84.192	
1683	0.12	84.242	
1684	0.10	84.292	
1685	0.10	84.342	
1686	0.10	84.392	
1687	0.10	84.442	
1688	0.10	84.492	
1689	0.10	84.542	
1690	0.10	84.592	
1691	0.10	84.642	
1692	0.10	84.692	
1693	0.10	84.742	
1694	0.10	84.792	
1695	0.10	84.842	
1696	0.10	84.892	
1697	0.10	84.942	
1698	0.10	84.992	
1699	0.10	85.043	
1700	0.10	85.092	
1701	0.10	85.142	
1702	0.10	85.192	
1703	0.10	85.242	
1704	0.10	85.292	
1705	0.10	85.342	
1706	0.10	85.392	
1707	0.10	85.442	
1708	0.10	85.492	
1709	0.10	85.542	
1710	0.10	85.592	
1711	0.10	85.642	
1712	0.10	85.692	
1713	0.10	85.742	
1714	0.10	85.792	
1715	0.08	85.842	
1716	0.10	85.892	
1717	0.10	85.942	
1718	0.08	85.992	
1719	0.08	86.042	
1720	0.08	86.092	
1721	0.08	86.142	
1722	0.08	86.192	
1723	0.10	86.242	
1724	0.08	86.292	
1725	0.10	86.342	
1726	0.08	86.392	
1727	0.08	86.442	
1728	0.08	86.492	
1729	0.08	86.542	
1730	0.08	86.592	
1731	0.08	86.643	
1732	0.08	86.692	
1733	0.10	86.742	
1734	0.08	86.792	
1735	0.08	86.842	
1736	0.08	86.892	
1737	0.08	86.942	
1738	0.08	86.992	
1739	0.08	87.042	
1740	0.08	87.092	
1741	0.08	87.142	
1742	0.08	87.192	
1743	0.08	87.242	
1744	0.08	87.292	
1745	0.08	87.342	
1746	0.08	87.392	
1747	0.08	87.442	
1748	0.08	87.492	
1749	0.08	87.542	
1750	0.08	87.592	
1751	0.08	87.643	
1752	0.08	87.692	
1753	0.08	87.742	
1754	0.08	87.792	
1755	0.08	87.843	
1756	0.08	87.892	
1757	0.08	87.942	
1758	0.08	87.992	
1759	0.08	88.042	
1760	0.08	88.092	
1761	0.08	88.142	
1762	0.08	88.192	
1763	0.08	88.242	
