7/24/2024  4:55 PM
Units: N
Readings: Continuous
X-Axis: Time

Reading	Load	Time	
1	0.00	0.000	
2	0.00	0.101	
3	0.00	0.150	
4	0.00	0.200	
5	0.00	0.251	
6	0.00	0.300	
7	0.00	0.350	
8	0.00	0.400	
9	0.00	0.450	
10	0.00	0.501	
11	0.00	0.551	
12	0.00	0.600	
13	0.00	0.650	
14	0.00	0.701	
15	0.00	0.750	
16	0.00	0.800	
17	0.00	0.850	
18	0.00	0.900	
19	0.00	0.950	
20	0.00	1.000	
21	0.00	1.050	
22	0.00	1.100	
23	0.00	1.151	
24	0.00	1.200	
25	0.00	1.251	
26	0.00	1.300	
27	0.00	1.350	
28	0.00	1.400	
29	0.00	1.450	
30	0.00	1.500	
31	0.00	1.551	
32	0.00	1.600	
33	0.00	1.651	
34	0.00	1.700	
35	0.00	1.750	
36	0.00	1.800	
37	0.00	1.851	
38	0.00	1.900	
39	0.00	1.950	
40	0.00	2.000	
41	0.00	2.050	
42	0.00	2.100	
43	0.00	2.150	
44	0.00	2.200	
45	0.00	2.251	
46	0.00	2.300	
47	0.00	2.351	
48	0.00	2.400	
49	0.00	2.450	
50	0.00	2.500	
51	0.00	2.550	
52	0.00	2.600	
53	0.00	2.650	
54	0.00	2.700	
55	0.00	2.750	
56	0.00	2.800	
57	0.00	2.850	
58	0.00	2.900	
59	0.00	2.950	
60	0.00	3.000	
61	0.00	3.051	
62	0.00	3.101	
63	0.00	3.150	
64	0.00	3.200	
65	0.00	3.250	
66	0.00	3.300	
67	0.00	3.351	
68	0.00	3.400	
69	0.00	3.450	
70	0.00	3.500	
71	0.00	3.550	
72	0.00	3.600	
73	0.00	3.650	
74	0.00	3.700	
75	0.00	3.750	
76	0.00	3.800	
77	0.00	3.851	
78	0.00	3.900	
79	0.00	3.951	
80	0.00	4.000	
81	0.00	4.050	
82	0.00	4.100	
83	0.00	4.151	
84	0.00	4.200	
85	0.00	4.251	
86	0.00	4.300	
87	0.00	4.350	
88	0.00	4.401	
89	0.00	4.450	
90	0.00	4.500	
91	0.00	4.550	
92	0.00	4.600	
93	0.00	4.650	
94	0.02	4.700	
95	0.02	4.750	
96	0.08	4.800	
97	0.18	4.850	
98	0.26	4.900	
99	0.36	4.950	
100	0.48	5.000	
101	0.64	5.050	
102	0.80	5.100	
103	0.98	5.150	
104	1.18	5.200	
105	1.30	5.250	
106	1.44	5.300	
107	1.50	5.350	
108	1.50	5.400	
109	1.48	5.450	
110	1.48	5.500	
111	1.48	5.550	
112	1.48	5.600	
113	1.48	5.650	
114	1.48	5.700	
115	1.46	5.751	
116	1.48	5.800	
117	1.46	5.851	
118	1.46	5.900	
119	1.46	5.951	
120	1.46	6.000	
121	1.46	6.050	
122	1.46	6.100	
123	1.46	6.150	
124	1.46	6.200	
125	1.46	6.250	
126	1.46	6.300	
127	1.46	6.350	
128	1.46	6.400	
129	1.46	6.450	
130	1.46	6.501	
131	1.46	6.550	
132	1.46	6.600	
133	1.46	6.650	
134	1.46	6.701	
135	1.46	6.750	
136	1.46	6.800	
137	1.46	6.850	
138	1.46	6.901	
139	1.46	6.950	
140	1.46	7.000	
141	1.46	7.050	
142	1.46	7.101	
143	1.46	7.151	
144	1.46	7.200	
145	1.46	7.250	
146	1.46	7.300	
147	1.46	7.350	
148	1.46	7.401	
149	1.46	7.450	
150	1.46	7.500	
151	1.46	7.550	
152	1.46	7.600	
153	1.28	7.650	
154	1.02	7.701	
155	0.76	7.750	
156	0.56	7.800	
157	0.38	7.850	
158	0.26	7.900	
159	0.14	7.950	
160	0.10	8.001	
161	0.08	8.050	
162	0.08	8.100	
163	0.08	8.150	
164	0.08	8.200	
165	0.06	8.250	
166	0.06	8.300	
167	0.06	8.351	
168	0.04	8.400	
169	0.04	8.450	
170	0.04	8.501	
171	0.04	8.550	
172	0.04	8.600	
173	0.04	8.650	
174	0.04	8.701	
175	0.04	8.750	
176	0.04	8.800	
177	0.04	8.851	
178	0.04	8.900	
179	0.04	8.950	
180	0.04	9.001	
181	0.04	9.050	
182	0.04	9.100	
183	0.04	9.151	
184	0.04	9.201	
185	0.04	9.250	
186	0.04	9.300	
187	0.04	9.350	
188	0.04	9.400	
189	0.04	9.450	
190	0.04	9.500	
191	0.04	9.550	
192	0.04	9.600	
193	0.04	9.650	
194	0.04	9.700	
195	0.04	9.750	
196	0.02	9.801	
197	0.04	9.850	
198	0.04	9.900	
199	0.04	9.950	
200	0.04	10.000	
201	0.04	10.051	
202	0.04	10.100	
203	0.02	10.150	
204	0.02	10.200	
205	0.04	10.250	
206	0.02	10.300	
207	0.04	10.350	
208	0.04	10.400	
209	0.02	10.450	
210	0.04	10.500	
211	0.02	10.550	
212	0.02	10.600	
213	0.02	10.650	
214	0.02	10.700	
215	0.02	10.751	
216	0.02	10.800	
217	0.02	10.850	
218	0.02	10.900	
219	0.02	10.950	
220	0.02	11.000	
221	0.02	11.050	
222	0.02	11.100	
223	0.02	11.150	
224	0.04	11.200	
225	0.02	11.250	
226	0.02	11.300	
227	0.02	11.350	
228	0.02	11.400	
229	0.02	11.451	
230	0.02	11.500	
231	0.04	11.550	
232	0.04	11.600	
233	0.10	11.650	
234	0.18	11.700	
235	0.26	11.750	
236	0.36	11.800	
237	0.48	11.850	
238	0.62	11.900	
239	0.78	11.950	
240	0.96	12.000	
241	1.14	12.050	
242	1.30	12.100	
243	1.42	12.150	
244	1.52	12.200	
245	1.52	12.250	
246	1.52	12.300	
247	1.50	12.350	
248	1.50	12.400	
249	1.50	12.450	
250	1.50	12.501	
251	1.50	12.550	
252	1.50	12.601	
253	1.50	12.650	
254	1.50	12.700	
255	1.50	12.751	
256	1.50	12.800	
257	1.48	12.850	
258	1.48	12.900	
259	1.48	12.950	
260	1.50	13.000	
261	1.48	13.050	
262	1.48	13.100	
263	1.48	13.150	
264	1.48	13.200	
265	1.48	13.250	
266	1.48	13.300	
267	1.48	13.350	
268	1.48	13.400	
269	1.48	13.451	
270	1.48	13.500	
271	1.48	13.550	
272	1.48	13.600	
273	1.48	13.650	
274	1.48	13.700	
275	1.48	13.750	
276	1.48	13.800	
277	1.48	13.850	
278	1.48	13.900	
279	1.48	13.950	
280	1.48	14.001	
281	1.48	14.050	
282	1.48	14.100	
283	1.48	14.150	
284	1.48	14.200	
285	1.48	14.250	
286	1.48	14.301	
287	1.48	14.350	
288	1.48	14.400	
289	1.48	14.451	
290	1.48	14.500	
291	1.48	14.551	
292	1.48	14.601	
293	1.48	14.650	
294	1.48	14.700	
295	1.48	14.750	
296	1.48	14.800	
297	1.48	14.850	
298	1.48	14.900	
299	1.48	14.951	
300	1.48	15.000	
301	1.48	15.051	
302	1.48	15.100	
303	1.28	15.150	
304	1.02	15.200	
305	0.76	15.250	
306	0.56	15.300	
307	0.40	15.350	
308	0.26	15.400	
309	0.16	15.451	
310	0.12	15.500	
311	0.12	15.550	
312	0.12	15.601	
313	0.12	15.650	
314	0.12	15.700	
315	0.08	15.750	
316	0.08	15.801	
317	0.06	15.850	
318	0.06	15.900	
319	0.06	15.950	
320	0.06	16.001	
321	0.06	16.050	
322	0.06	16.100	
323	0.06	16.150	
324	0.06	16.201	
325	0.06	16.250	
326	0.06	16.300	
327	0.06	16.350	
328	0.06	16.400	
329	0.06	16.450	
330	0.06	16.500	
331	0.06	16.550	
332	0.06	16.600	
333	0.06	16.650	
334	0.06	16.700	
335	0.06	16.750	
336	0.06	16.800	
337	0.06	16.850	
338	0.06	16.900	
339	0.04	16.950	
340	0.04	17.000	
341	0.06	17.050	
342	0.04	17.100	
343	0.04	17.151	
344	0.06	17.200	
345	0.04	17.250	
346	0.04	17.300	
347	0.06	17.350	
348	0.06	17.400	
349	0.06	17.450	
350	0.06	17.500	
351	0.04	17.550	
352	0.04	17.601	
353	0.04	17.650	
354	0.06	17.700	
355	0.04	17.750	
356	0.04	17.800	
357	0.04	17.850	
358	0.04	17.900	
359	0.04	17.950	
360	0.04	18.000	
361	0.04	18.050	
362	0.04	18.100	
363	0.04	18.150	
364	0.04	18.200	
365	0.06	18.251	
366	0.04	18.300	
367	0.04	18.350	
368	0.04	18.400	
369	0.04	18.451	
370	0.04	18.501	
371	0.04	18.550	
372	0.04	18.600	
373	0.04	18.651	
374	0.04	18.700	
375	0.04	18.750	
376	0.04	18.800	
377	0.04	18.851	
378	0.04	18.900	
379	0.04	18.950	
380	0.04	19.000	
381	0.04	19.051	
382	0.04	19.100	
383	0.04	19.150	
384	0.04	19.200	
385	0.04	19.250	
386	0.04	19.300	
387	0.04	19.350	
388	0.06	19.401	
389	0.06	19.450	
390	0.12	19.500	
391	0.18	19.550	
392	0.28	19.600	
393	0.38	19.650	
394	0.50	19.700	
395	0.64	19.750	
396	0.82	19.800	
397	0.98	19.850	
398	1.16	19.900	
399	1.30	19.950	
400	1.40	20.000	
401	1.44	20.050	
402	1.44	20.100	
403	1.42	20.150	
404	1.42	20.200	
405	1.42	20.250	
406	1.42	20.300	
407	1.42	20.350	
408	1.40	20.400	
409	1.40	20.450	
410	1.42	20.500	
411	1.40	20.550	
412	1.40	20.600	
413	1.40	20.650	
414	1.40	20.700	
415	1.40	20.750	
416	1.40	20.800	
417	1.40	20.850	
418	1.40	20.900	
419	1.40	20.950	
420	1.40	21.000	
421	1.40	21.050	
422	1.40	21.100	
423	1.40	21.150	
424	1.40	21.200	
425	1.40	21.250	
426	1.40	21.301	
427	1.40	21.350	
428	1.40	21.400	
429	1.40	21.450	
430	1.40	21.500	
431	1.40	21.550	
432	1.40	21.600	
433	1.40	21.650	
434	1.40	21.700	
435	1.40	21.750	
436	1.40	21.800	
437	1.40	21.850	
438	1.40	21.900	
439	1.40	21.950	
440	1.40	22.000	
441	1.40	22.050	
442	1.40	22.100	
443	1.40	22.150	
444	1.40	22.201	
445	1.40	22.251	
446	1.40	22.300	
447	1.40	22.350	
448	1.40	22.400	
449	1.40	22.450	
450	1.40	22.500	
451	1.40	22.550	
452	1.40	22.600	
453	1.40	22.651	
454	1.40	22.700	
455	1.40	22.750	
456	1.40	22.800	
457	1.40	22.850	
458	1.40	22.900	
459	1.40	22.950	
460	1.40	23.000	
461	1.40	23.050	
462	1.40	23.100	
463	1.40	23.150	
464	1.40	23.200	
465	1.40	23.250	
466	1.40	23.300	
467	1.30	23.350	
468	1.02	23.400	
469	0.78	23.450	
470	0.58	23.500	
471	0.40	23.550	
472	0.26	23.600	
473	0.16	23.650	
474	0.14	23.700	
475	0.12	23.750	
476	0.12	23.800	
477	0.12	23.850	
478	0.14	23.900	
479	0.10	23.950	
480	0.10	24.000	
481	0.08	24.050	
482	0.08	24.100	
483	0.08	24.150	
484	0.08	24.200	
485	0.08	24.250	
486	0.06	24.300	
487	0.08	24.350	
488	0.08	24.400	
489	0.08	24.450	
490	0.06	24.500	
491	0.06	24.550	
492	0.06	24.600	
493	0.08	24.650	
494	0.08	24.700	
495	0.06	24.751	
496	0.06	24.800	
497	0.06	24.850	
498	0.06	24.900	
499	0.06	24.950	
500	0.06	25.000	
501	0.06	25.050	
502	0.06	25.100	
503	0.06	25.150	
504	0.06	25.201	
505	0.06	25.250	
506	0.06	25.300	
507	0.06	25.350	
508	0.06	25.400	
509	0.06	25.450	
510	0.06	25.500	
511	0.06	25.550	
512	0.06	25.600	
513	0.06	25.650	
514	0.06	25.700	
515	0.06	25.750	
516	0.06	25.800	
517	0.06	25.850	
518	0.06	25.900	
519	0.06	25.950	
520	0.06	26.001	
521	0.06	26.050	
522	0.06	26.100	
523	0.06	26.151	
524	0.06	26.200	
525	0.06	26.250	
526	0.06	26.300	
527	0.06	26.350	
528	0.06	26.400	
529	0.06	26.450	
530	0.06	26.500	
531	0.06	26.551	
532	0.06	26.600	
533	0.06	26.650	
534	0.06	26.700	
535	0.06	26.750	
536	0.06	26.800	
537	0.06	26.850	
538	0.06	26.900	
539	0.06	26.950	
540	0.06	27.000	
541	0.06	27.050	
542	0.06	27.100	
543	0.06	27.150	
544	0.06	27.200	
545	0.06	27.250	
546	0.06	27.300	
547	0.06	27.351	
548	0.06	27.400	
549	0.06	27.450	
550	0.06	27.500	
551	0.06	27.550	
552	0.06	27.600	
553	0.06	27.650	
554	0.06	27.700	
555	0.06	27.751	
556	0.08	27.800	
557	0.14	27.850	
558	0.22	27.900	
559	0.32	27.951	
560	0.44	28.000	
561	0.56	28.050	
562	0.72	28.100	
563	0.98	28.150	
564	1.04	28.200	
565	1.22	28.250	
566	1.38	28.300	
567	1.46	28.350	
568	1.48	28.400	
569	1.48	28.451	
570	1.46	28.500	
571	1.46	28.551	
572	1.46	28.600	
573	1.46	28.650	
574	1.46	28.700	
575	1.46	28.750	
576	1.46	28.800	
577	1.46	28.851	
578	1.46	28.900	
579	1.44	28.951	
580	1.44	29.000	
581	1.44	29.051	
582	1.44	29.100	
583	1.44	29.151	
584	1.44	29.201	
585	1.44	29.250	
586	1.44	29.300	
587	1.44	29.351	
588	1.44	29.400	
589	1.44	29.451	
590	1.44	29.500	
591	1.44	29.550	
592	1.44	29.600	
593	1.44	29.650	
594	1.44	29.701	
595	1.44	29.750	
596	1.44	29.800	
597	1.44	29.850	
598	1.44	29.900	
599	1.44	29.951	
600	1.44	30.000	
601	1.44	30.050	
602	1.44	30.100	
603	1.44	30.150	
604	1.44	30.200	
605	1.44	30.250	
606	1.44	30.300	
607	1.44	30.350	
608	1.44	30.400	
609	1.44	30.450	
610	1.44	30.500	
611	1.44	30.550	
612	1.44	30.600	
613	1.44	30.650	
614	1.44	30.700	
615	1.44	30.750	
616	1.44	30.800	
617	1.44	30.850	
618	1.44	30.900	
619	1.44	30.951	
620	1.44	31.001	
621	1.44	31.050	
622	1.44	31.100	
623	1.44	31.150	
624	1.44	31.200	
625	1.40	31.250	
626	1.10	31.301	
627	0.86	31.350	
628	0.66	31.400	
629	0.48	31.450	
630	0.32	31.500	
631	0.20	31.550	
632	0.14	31.600	
633	0.14	31.651	
634	0.14	31.701	
635	0.14	31.750	
636	0.14	31.800	
637	0.14	31.850	
638	0.10	31.900	
639	0.08	31.950	
640	0.08	32.000	
641	0.08	32.050	
642	0.08	32.100	
643	0.08	32.151	
644	0.08	32.200	
645	0.08	32.250	
646	0.08	32.300	
647	0.08	32.350	
648	0.08	32.400	
649	0.08	32.450	
650	0.08	32.500	
651	0.08	32.550	
652	0.08	32.600	
653	0.08	32.650	
654	0.08	32.700	
655	0.08	32.750	
656	0.08	32.800	
657	0.08	32.850	
658	0.08	32.900	
659	0.08	32.951	
660	0.08	33.000	
661	0.06	33.050	
662	0.08	33.101	
663	0.06	33.151	
664	0.06	33.200	
665	0.06	33.250	
666	0.08	33.300	
667	0.06	33.350	
668	0.08	33.400	
669	0.08	33.450	
670	0.06	33.500	
671	0.06	33.550	
672	0.06	33.600	
673	0.06	33.650	
674	0.06	33.700	
675	0.06	33.750	
676	0.06	33.800	
677	0.06	33.850	
678	0.06	33.901	
679	0.06	33.951	
680	0.06	34.000	
681	0.06	34.050	
682	0.06	34.100	
683	0.06	34.150	
684	0.06	34.200	
685	0.06	34.250	
686	0.06	34.300	
687	0.06	34.350	
688	0.06	34.400	
689	0.06	34.450	
690	0.06	34.500	
691	0.06	34.550	
692	0.06	34.600	
693	0.06	34.650	
694	0.06	34.700	
695	0.06	34.750	
696	0.06	34.800	
697	0.06	34.850	
698	0.06	34.900	
699	0.06	34.950	
700	0.06	35.000	
701	0.06	35.050	
702	0.06	35.100	
703	0.06	35.150	
704	0.06	35.200	
705	0.06	35.250	
706	0.06	35.300	
707	0.06	35.350	
708	0.06	35.400	
709	0.06	35.450	
710	0.06	35.500	
711	0.06	35.550	
712	0.06	35.601	
713	0.06	35.650	
714	0.06	35.700	
715	0.06	35.750	
716	0.06	35.800	
717	0.08	35.850	
718	0.08	35.900	
719	0.16	35.950	
720	0.26	36.000	
721	0.32	36.050	
722	0.46	36.100	
723	0.58	36.150	
724	0.76	36.200	
725	0.92	36.250	
726	1.10	36.300	
727	1.26	36.350	
728	1.38	36.400	
729	1.46	36.450	
730	1.46	36.500	
731	1.44	36.550	
732	1.44	36.600	
733	1.44	36.650	
734	1.44	36.700	
735	1.44	36.751	
736	1.44	36.800	
737	1.44	36.850	
738	1.44	36.900	
739	1.44	36.950	
740	1.44	37.000	
741	1.44	37.050	
742	1.44	37.100	
743	1.44	37.150	
744	1.42	37.200	
745	1.42	37.250	
746	1.42	37.300	
747	1.42	37.350	
748	1.42	37.400	
749	1.42	37.450	
750	1.42	37.500	
751	1.42	37.550	
752	1.42	37.600	
753	1.42	37.650	
754	1.42	37.700	
755	1.42	37.750	
756	1.42	37.800	
757	1.42	37.850	
758	1.42	37.901	
759	1.42	37.950	
760	1.42	38.001	
761	1.42	38.050	
762	1.42	38.101	
763	1.42	38.150	
764	1.42	38.200	
765	1.42	38.250	
766	1.42	38.300	
767	1.42	38.350	
768	1.42	38.400	
769	1.42	38.450	
770	1.42	38.501	
771	1.42	38.550	
772	1.42	38.600	
773	1.42	38.650	
774	1.42	38.700	
775	1.42	38.750	
776	1.42	38.800	
777	1.42	38.850	
778	1.42	38.900	
779	1.42	38.950	
780	1.42	39.000	
781	1.42	39.050	
782	1.42	39.100	
783	1.42	39.150	
784	1.42	39.201	
785	1.42	39.250	
786	1.42	39.300	
787	1.42	39.350	
788	1.42	39.400	
789	1.42	39.450	
790	1.18	39.500	
791	0.94	39.550	
792	0.70	39.600	
793	0.52	39.650	
794	0.36	39.700	
795	0.24	39.750	
796	0.16	39.800	
797	0.14	39.850	
798	0.14	39.900	
799	0.14	39.950	
800	0.14	40.000	
801	0.14	40.050	
802	0.12	40.100	
803	0.10	40.151	
804	0.10	40.200	
805	0.08	40.250	
806	0.10	40.300	
807	0.10	40.350	
808	0.10	40.400	
809	0.08	40.450	
810	0.08	40.500	
811	0.10	40.550	
812	0.10	40.600	
813	0.08	40.651	
814	0.08	40.700	
815	0.08	40.750	
816	0.08	40.800	
817	0.08	40.850	
818	0.08	40.900	
819	0.08	40.950	
820	0.08	41.000	
821	0.08	41.050	
822	0.08	41.100	
823	0.08	41.150	
824	0.08	41.200	
825	0.08	41.250	
826	0.08	41.300	
827	0.08	41.350	
828	0.08	41.400	
829	0.08	41.450	
830	0.08	41.500	
831	0.08	41.550	
832	0.08	41.600	
833	0.08	41.650	
834	0.08	41.700	
835	0.08	41.750	
836	0.08	41.800	
837	0.08	41.851	
838	0.08	41.900	
839	0.08	41.950	
840	0.08	42.000	
841	0.08	42.050	
842	0.08	42.100	
843	0.08	42.150	
844	0.08	42.200	
845	0.08	42.250	
846	0.08	42.301	
847	0.08	42.350	
848	0.08	42.400	
849	0.08	42.450	
850	0.08	42.500	
851	0.08	42.550	
852	0.08	42.600	
853	0.08	42.651	
854	0.08	42.700	
855	0.08	42.750	
856	0.08	42.800	
857	0.08	42.850	
858	0.08	42.900	
859	0.08	42.950	
860	0.08	43.000	
861	0.08	43.050	
862	0.08	43.100	
863	0.08	43.150	
864	0.08	43.200	
865	0.08	43.252	
866	0.08	43.300	
867	0.08	43.350	
868	0.08	43.400	
869	0.08	43.450	
870	0.08	43.500	
871	0.08	43.550	
872	0.08	43.600	
873	0.08	43.650	
874	0.08	43.700	
875	0.08	43.750	
876	0.08	43.800	
877	0.08	43.850	
878	0.10	43.900	
879	0.18	43.950	
880	0.28	44.000	
881	0.34	44.050	
882	0.46	44.100	
883	0.62	44.150	
884	0.78	44.200	
885	0.94	44.250	
886	1.12	44.300	
887	1.28	44.350	
888	1.38	44.400	
889	1.46	44.450	
890	1.48	44.500	
891	1.46	44.550	
892	1.46	44.601	
893	1.46	44.650	
894	1.46	44.700	
895	1.44	44.750	
896	1.44	44.800	
897	1.44	44.850	
898	1.44	44.900	
899	1.44	44.950	
900	1.44	45.000	
901	1.44	45.050	
902	1.44	45.100	
903	1.44	45.152	
904	1.44	45.200	
905	1.44	45.250	
906	1.44	45.300	
907	1.44	45.350	
908	1.44	45.400	
909	1.44	45.450	
910	1.44	45.500	
911	1.44	45.550	
912	1.44	45.601	
913	1.44	45.650	
914	1.44	45.700	
915	1.44	45.750	
916	1.44	45.800	
917	1.44	45.850	
918	1.44	45.900	
919	1.44	45.950	
920	1.44	46.000	
921	1.44	46.050	
922	1.44	46.100	
923	1.44	46.150	
924	1.44	46.200	
925	1.44	46.251	
926	1.44	46.301	
927	1.44	46.350	
928	1.44	46.400	
929	1.44	46.450	
930	1.44	46.500	
931	1.44	46.550	
932	1.44	46.601	
933	1.44	46.650	
934	1.44	46.700	
935	1.44	46.750	
936	1.44	46.800	
937	1.44	46.850	
938	1.44	46.900	
939	1.44	46.950	
940	1.44	47.000	
941	1.44	47.050	
942	1.44	47.100	
943	1.44	47.150	
944	1.44	47.200	
945	1.44	47.250	
946	1.44	47.300	
947	1.44	47.350	
948	1.44	47.400	
949	1.44	47.450	
950	1.44	47.500	
951	1.44	47.550	
952	1.28	47.601	
953	1.00	47.650	
954	0.78	47.700	
955	0.58	47.750	
956	0.42	47.800	
957	0.28	47.850	
958	0.18	47.901	
959	0.14	47.950	
960	0.16	48.000	
961	0.14	48.051	
962	0.16	48.100	
963	0.16	48.150	
964	0.14	48.200	
965	0.12	48.250	
966	0.12	48.300	
967	0.10	48.350	
968	0.10	48.400	
969	0.10	48.450	
970	0.10	48.500	
971	0.10	48.550	
972	0.10	48.600	
973	0.10	48.650	
974	0.10	48.700	
975	0.10	48.750	
976	0.10	48.800	
977	0.10	48.850	
978	0.10	48.900	
979	0.10	48.950	
980	0.10	49.000	
981	0.10	49.050	
982	0.10	49.100	
983	0.10	49.151	
984	0.10	49.200	
985	0.10	49.250	
986	0.10	49.300	
987	0.10	49.350	
988	0.10	49.400	
989	0.08	49.452	
990	0.10	49.500	
991	0.10	49.550	
992	0.08	49.600	
993	0.10	49.650	
994	0.08	49.700	
995	0.08	49.751	
996	0.08	49.800	
997	0.10	49.850	
998	0.08	49.900	
999	0.08	49.950	
1000	0.10	50.000	
1001	0.08	50.050	
1002	0.08	50.100	
1003	0.08	50.154	
1004	0.08	50.200	
1005	0.08	50.250	
1006	0.08	50.300	
1007	0.08	50.350	
1008	0.08	50.400	
1009	0.08	50.450	
1010	0.08	50.500	
1011	0.08	50.551	
1012	0.08	50.600	
1013	0.08	50.650	
1014	0.08	50.700	
1015	0.08	50.751	
1016	0.08	50.800	
1017	0.08	50.850	
1018	0.08	50.900	
1019	0.08	50.950	
1020	0.08	51.000	
1021	0.08	51.050	
1022	0.08	51.100	
1023	0.08	51.150	
1024	0.08	51.200	
1025	0.08	51.250	
1026	0.08	51.300	
1027	0.08	51.351	
1028	0.08	51.400	
1029	0.08	51.450	
1030	0.08	51.500	
1031	0.08	51.550	
1032	0.08	51.600	
1033	0.08	51.651	
1034	0.08	51.701	
1035	0.08	51.750	
1036	0.08	51.800	
1037	0.08	51.850	
1038	0.08	51.900	
1039	0.08	51.950	
1040	0.08	52.000	
1041	0.10	52.050	
1042	0.10	52.100	
1043	0.16	52.150	
1044	0.24	52.200	
1045	0.34	52.250	
1046	0.46	52.300	
1047	0.58	52.350	
1048	0.76	52.400	
1049	0.92	52.450	
1050	1.10	52.500	
1051	1.28	52.550	
1052	1.38	52.600	
1053	1.48	52.651	
1054	1.48	52.701	
1055	1.48	52.750	
1056	1.48	52.800	
1057	1.48	52.850	
1058	1.46	52.900	
1059	1.46	52.950	
1060	1.46	53.000	
1061	1.46	53.050	
1062	1.46	53.100	
1063	1.46	53.150	
1064	1.46	53.200	
1065	1.46	53.250	
1066	1.46	53.300	
1067	1.46	53.350	
1068	1.46	53.400	
1069	1.46	53.450	
1070	1.44	53.500	
1071	1.44	53.550	
1072	1.44	53.600	
1073	1.44	53.650	
1074	1.44	53.700	
1075	1.44	53.750	
1076	1.44	53.800	
1077	1.44	53.850	
1078	1.44	53.900	
1079	1.44	53.950	
1080	1.44	54.000	
1081	1.44	54.050	
1082	1.44	54.100	
1083	1.44	54.150	
1084	1.44	54.200	
1085	1.44	54.250	
1086	1.44	54.300	
1087	1.44	54.350	
1088	1.44	54.400	
1089	1.44	54.450	
1090	1.44	54.500	
1091	1.44	54.550	
1092	1.44	54.600	
1093	1.44	54.650	
1094	1.44	54.700	
1095	1.44	54.750	
1096	1.44	54.800	
1097	1.44	54.850	
1098	1.44	54.900	
1099	1.44	54.951	
1100	1.44	55.000	
1101	1.44	55.050	
1102	1.44	55.100	
1103	1.44	55.158	
1104	1.44	55.200	
1105	1.44	55.250	
1106	1.44	55.300	
1107	1.44	55.350	
1108	1.44	55.400	
1109	1.44	55.450	
1110	1.44	55.500	
1111	1.44	55.551	
1112	1.30	55.600	
1113	1.04	55.650	
1114	0.80	55.700	
1115	0.60	55.750	
1116	0.42	55.800	
1117	0.28	55.850	
1118	0.18	55.900	
1119	0.16	55.950	
1120	0.16	56.001	
1121	0.16	56.054	
1122	0.16	56.100	
1123	0.16	56.150	
1124	0.14	56.200	
1125	0.12	56.250	
1126	0.12	56.300	
1127	0.10	56.350	
1128	0.12	56.400	
1129	0.12	56.450	
1130	0.12	56.501	
1131	0.10	56.550	
1132	0.10	56.600	
1133	0.10	56.650	
1134	0.10	56.700	
1135	0.10	56.750	
1136	0.10	56.800	
1137	0.10	56.850	
1138	0.10	56.900	
1139	0.10	56.950	
1140	0.10	57.000	
1141	0.10	57.050	
1142	0.10	57.100	
1143	0.10	57.150	
1144	0.10	57.201	
1145	0.10	57.250	
1146	0.10	57.300	
1147	0.10	57.350	
1148	0.10	57.400	
1149	0.10	57.450	
1150	0.10	57.500	
1151	0.10	57.550	
1152	0.10	57.600	
1153	0.10	57.651	
1154	0.10	57.700	
1155	0.10	57.750	
1156	0.10	57.800	
1157	0.10	57.850	
1158	0.10	57.900	
1159	0.10	57.950	
1160	0.10	58.001	
1161	0.10	58.050	
1162	0.10	58.100	
1163	0.10	58.150	
1164	0.10	58.200	
1165	0.10	58.250	
1166	0.10	58.300	
1167	0.10	58.350	
1168	0.10	58.400	
1169	0.10	58.450	
1170	0.10	58.500	
1171	0.10	58.550	
1172	0.10	58.601	
1173	0.10	58.650	
1174	0.08	58.700	
1175	0.10	58.750	
1176	0.08	58.800	
1177	0.10	58.851	
1178	0.08	58.900	
1179	0.08	58.950	
1180	0.08	59.001	
1181	0.10	59.051	
1182	0.08	59.100	
1183	0.10	59.151	
1184	0.10	59.200	
1185	0.08	59.250	
1186	0.08	59.300	
1187	0.08	59.350	
1188	0.08	59.400	
1189	0.08	59.450	
1190	0.08	59.500	
1191	0.08	59.550	
1192	0.08	59.600	
1193	0.08	59.650	
1194	0.08	59.701	
1195	0.08	59.750	
1196	0.08	59.800	
1197	0.10	59.850	
1198	0.08	59.900	
1199	0.08	59.950	
1200	0.08	60.000	
1201	0.08	60.050	
1202	0.08	60.100	
1203	0.08	60.157	
1204	0.08	60.200	
1205	0.08	60.250	
1206	0.08	60.300	
1207	0.08	60.351	
1208	0.10	60.400	
1209	0.10	60.450	
1210	0.20	60.500	
1211	0.28	60.550	
1212	0.36	60.600	
1213	0.50	60.650	
1214	0.64	60.700	
1215	0.80	60.750	
1216	0.96	60.801	
1217	1.14	60.850	
1218	1.28	60.900	
1219	1.40	60.950	
1220	1.48	61.000	
1221	1.50	61.050	
1222	1.48	61.100	
1223	1.48	61.151	
1224	1.46	61.200	
1225	1.46	61.250	
1226	1.46	61.300	
1227	1.46	61.350	
1228	1.46	61.400	
1229	1.46	61.450	
1230	1.46	61.501	
1231	1.46	61.550	
1232	1.46	61.600	
1233	1.46	61.651	
1234	1.46	61.700	
1235	1.46	61.751	
1236	1.46	61.800	
1237	1.44	61.850	
1238	1.46	61.900	
1239	1.44	61.950	
1240	1.44	62.001	
1241	1.44	62.050	
1242	1.44	62.100	
1243	1.44	62.151	
1244	1.44	62.200	
1245	1.44	62.251	
1246	1.44	62.300	
1247	1.44	62.350	
1248	1.44	62.400	
1249	1.44	62.450	
1250	1.44	62.501	
1251	1.44	62.550	
1252	1.44	62.600	
1253	1.44	62.650	
1254	1.44	62.700	
1255	1.44	62.750	
1256	1.44	62.806	
1257	1.44	62.850	
1258	1.44	62.900	
1259	1.44	62.950	
1260	1.44	63.000	
1261	1.44	63.050	
1262	1.44	63.100	
1263	1.44	63.150	
1264	1.44	63.200	
1265	1.44	63.251	
1266	1.44	63.300	
1267	1.44	63.350	
1268	1.44	63.400	
1269	1.44	63.450	
1270	1.44	63.500	
1271	1.44	63.550	
1272	1.44	63.600	
1273	1.44	63.650	
1274	1.44	63.700	
1275	1.44	63.750	
1276	1.44	63.800	
1277	1.44	63.850	
1278	1.44	63.900	
1279	1.44	63.950	
1280	1.44	64.000	
1281	1.44	64.050	
1282	1.44	64.100	
1283	1.44	64.150	
1284	1.44	64.200	
1285	1.44	64.250	
1286	1.44	64.300	
1287	1.44	64.350	
1288	1.44	64.401	
1289	1.44	64.450	
1290	1.44	64.500	
1291	1.44	64.550	
1292	1.44	64.600	
1293	1.40	64.650	
1294	1.12	64.700	
1295	0.88	64.750	
1296	0.66	64.800	
1297	0.48	64.850	
1298	0.34	64.900	
1299	0.22	64.950	
1300	0.18	65.001	
1301	0.16	65.050	
1302	0.16	65.109	
1303	0.16	65.150	
1304	0.16	65.200	
1305	0.16	65.250	
1306	0.14	65.300	
1307	0.12	65.350	
1308	0.12	65.400	
1309	0.12	65.450	
1310	0.12	65.500	
1311	0.12	65.550	
1312	0.12	65.600	
1313	0.12	65.650	
1314	0.12	65.700	
1315	0.12	65.750	
1316	0.12	65.800	
1317	0.10	65.850	
1318	0.10	65.901	
1319	0.10	65.950	
1320	0.10	66.000	
1321	0.12	66.050	
1322	0.12	66.100	
1323	0.10	66.150	
1324	0.12	66.200	
1325	0.10	66.250	
1326	0.10	66.300	
1327	0.10	66.350	
1328	0.10	66.400	
1329	0.10	66.450	
1330	0.10	66.500	
1331	0.10	66.550	
1332	0.10	66.600	
1333	0.10	66.650	
1334	0.10	66.700	
1335	0.10	66.750	
1336	0.10	66.800	
1337	0.10	66.850	
1338	0.10	66.900	
1339	0.10	66.950	
1340	0.10	67.000	
1341	0.10	67.050	
1342	0.10	67.100	
1343	0.10	67.150	
1344	0.10	67.200	
1345	0.10	67.251	
1346	0.10	67.300	
1347	0.10	67.350	
1348	0.10	67.400	
1349	0.10	67.450	
1350	0.10	67.500	
1351	0.10	67.551	
1352	0.10	67.600	
1353	0.10	67.650	
1354	0.10	67.701	
1355	0.10	67.750	
1356	0.10	67.800	
1357	0.10	67.850	
1358	0.10	67.900	
1359	0.10	67.950	
1360	0.10	68.000	
1361	0.10	68.050	
1362	0.10	68.100	
1363	0.10	68.150	
1364	0.10	68.200	
1365	0.10	68.250	
1366	0.10	68.300	
1367	0.10	68.350	
1368	0.10	68.400	
1369	0.10	68.450	
1370	0.10	68.500	
1371	0.10	68.550	
1372	0.10	68.600	
1373	0.10	68.650	
1374	0.10	68.700	
1375	0.10	68.751	
1376	0.10	68.800	
1377	0.10	68.850	
1378	0.10	68.900	
1379	0.10	68.950	
1380	0.10	69.000	
1381	0.10	69.050	
1382	0.10	69.100	
1383	0.10	69.150	
1384	0.10	69.200	
1385	0.10	69.250	
1386	0.10	69.300	
1387	0.10	69.350	
1388	0.10	69.400	
1389	0.12	69.450	
1390	0.18	69.500	
1391	0.28	69.550	
1392	0.36	69.601	
1393	0.48	69.650	
1394	0.64	69.700	
1395	0.80	69.750	
1396	0.96	69.800	
1397	1.16	69.850	
1398	1.30	69.900	
1399	1.42	69.951	
1400	1.48	70.000	
1401	1.48	70.050	
1402	1.46	70.100	
1403	1.46	70.161	
1404	1.46	70.200	
1405	1.46	70.250	
1406	1.46	70.300	
1407	1.46	70.350	
1408	1.46	70.400	
1409	1.46	70.450	
1410	1.44	70.500	
1411	1.44	70.550	
1412	1.44	70.601	
1413	1.44	70.650	
1414	1.44	70.700	
1415	1.44	70.750	
1416	1.44	70.800	
1417	1.44	70.850	
1418	1.44	70.900	
1419	1.44	70.950	
1420	1.44	71.001	
1421	1.44	71.050	
1422	1.44	71.100	
1423	1.44	71.151	
1424	1.44	71.201	
1425	1.44	71.250	
1426	1.44	71.300	
1427	1.44	71.350	
1428	1.44	71.400	
1429	1.44	71.450	
1430	1.44	71.500	
1431	1.44	71.550	
1432	1.44	71.600	
1433	1.44	71.650	
1434	1.44	71.700	
1435	1.44	71.750	
1436	1.44	71.800	
1437	1.44	71.850	
1438	1.44	71.900	
1439	1.44	71.951	
1440	1.44	72.000	
1441	1.44	72.050	
1442	1.44	72.100	
1443	1.44	72.150	
1444	1.44	72.201	
1445	1.44	72.250	
1446	1.44	72.300	
1447	1.44	72.350	
1448	1.44	72.401	
1449	1.44	72.450	
1450	1.44	72.500	
1451	1.44	72.550	
1452	1.44	72.600	
1453	1.44	72.650	
1454	1.44	72.700	
1455	1.44	72.750	
1456	1.44	72.800	
1457	1.44	72.850	
1458	1.16	72.900	
1459	0.94	72.950	
1460	0.70	73.000	
1461	0.52	73.050	
1462	0.36	73.100	
1463	0.24	73.150	
1464	0.18	73.200	
1465	0.16	73.250	
1466	0.16	73.300	
1467	0.16	73.350	
1468	0.18	73.400	
1469	0.16	73.450	
1470	0.14	73.501	
1471	0.12	73.550	
1472	0.12	73.600	
1473	0.12	73.650	
1474	0.12	73.700	
1475	0.12	73.750	
1476	0.12	73.800	
1477	0.12	73.850	
1478	0.12	73.900	
1479	0.12	73.950	
1480	0.12	74.000	
1481	0.12	74.050	
1482	0.12	74.100	
1483	0.12	74.150	
1484	0.12	74.200	
1485	0.12	74.250	
1486	0.12	74.300	
1487	0.12	74.350	
1488	0.12	74.400	
1489	0.12	74.450	
1490	0.12	74.500	
1491	0.12	74.550	
1492	0.10	74.600	
1493	0.10	74.650	
1494	0.12	74.700	
1495	0.10	74.750	
1496	0.10	74.800	
1497	0.10	74.850	
1498	0.10	74.900	
1499	0.10	74.950	
1500	0.10	75.000	
1501	0.10	75.050	
1502	0.10	75.100	
1503	0.10	75.150	
1504	0.10	75.200	
1505	0.10	75.250	
1506	0.10	75.300	
1507	0.10	75.350	
1508	0.10	75.400	
1509	0.10	75.450	
1510	0.10	75.500	
1511	0.10	75.550	
1512	0.10	75.600	
1513	0.10	75.650	
1514	0.10	75.700	
1515	0.10	75.750	
1516	0.10	75.800	
1517	0.10	75.850	
1518	0.10	75.900	
1519	0.10	75.950	
1520	0.10	76.000	
1521	0.10	76.050	
1522	0.10	76.100	
1523	0.10	76.150	
1524	0.10	76.200	
1525	0.10	76.250	
1526	0.10	76.300	
1527	0.10	76.350	
1528	0.10	76.400	
1529	0.10	76.450	
1530	0.10	76.500	
1531	0.10	76.550	
1532	0.10	76.601	
1533	0.10	76.650	
1534	0.10	76.700	
1535	0.10	76.750	
1536	0.10	76.800	
1537	0.10	76.850	
1538	0.10	76.900	
1539	0.10	76.950	
1540	0.10	77.000	
1541	0.10	77.050	
1542	0.10	77.100	
1543	0.10	77.150	
1544	0.10	77.200	
1545	0.10	77.250	
1546	0.10	77.300	
1547	0.12	77.350	
1548	0.12	77.400	
1549	0.16	77.450	
1550	0.24	77.500	
1551	0.32	77.550	
1552	0.44	77.600	
1553	0.58	77.650	
1554	0.72	77.700	
1555	0.90	77.750	
1556	1.06	77.800	
1557	1.24	77.850	
1558	1.36	77.900	
1559	1.44	77.950	
1560	1.48	78.000	
1561	1.48	78.050	
1562	1.46	78.100	
1563	1.46	78.150	
1564	1.46	78.200	
1565	1.46	78.250	
1566	1.46	78.300	
1567	1.44	78.350	
1568	1.46	78.400	
1569	1.44	78.450	
1570	1.44	78.500	
1571	1.44	78.550	
1572	1.44	78.600	
1573	1.44	78.650	
1574	1.44	78.700	
1575	1.44	78.751	
1576	1.44	78.800	
1577	1.44	78.850	
1578	1.44	78.900	
1579	1.44	78.951	
1580	1.44	79.000	
1581	1.44	79.051	
1582	1.44	79.101	
1583	1.44	79.150	
1584	1.44	79.200	
1585	1.44	79.250	
1586	1.44	79.300	
1587	1.44	79.350	
1588	1.44	79.400	
1589	1.44	79.450	
1590	1.44	79.500	
1591	1.44	79.550	
1592	1.44	79.600	
1593	1.44	79.650	
1594	1.44	79.700	
1595	1.44	79.750	
1596	1.44	79.800	
1597	1.44	79.850	
1598	1.44	79.900	
1599	1.44	79.950	
1600	1.44	80.000	
1601	1.44	80.050	
1602	1.44	80.100	
1603	1.44	80.160	
1604	1.44	80.200	
1605	1.44	80.250	
1606	1.44	80.300	
1607	1.44	80.350	
1608	1.44	80.400	
1609	1.44	80.450	
1610	1.44	80.500	
1611	1.44	80.550	
1612	1.44	80.600	
1613	1.44	80.651	
1614	1.44	80.701	
1615	1.44	80.750	
1616	1.44	80.800	
1617	1.44	80.850	
1618	1.44	80.900	
1619	1.44	80.951	
1620	1.44	81.001	
1621	1.44	81.050	
1622	1.44	81.100	
1623	1.44	81.150	
1624	1.44	81.200	
1625	1.44	81.250	
1626	1.44	81.300	
1627	1.44	81.350	
1628	1.44	81.400	
1629	1.44	81.450	
1630	1.44	81.500	
1631	1.44	81.550	
1632	1.44	81.600	
1633	1.44	81.650	
1634	1.44	81.710	
1635	1.44	81.750	
1636	1.28	81.801	
1637	1.18	81.850	
1638	0.94	81.900	
1639	0.72	81.950	
1640	0.52	82.000	
1641	0.36	82.051	
1642	0.24	82.100	
1643	0.18	82.150	
1644	0.18	82.200	
1645	0.18	82.250	
1646	0.18	82.300	
1647	0.18	82.350	
1648	0.18	82.400	
1649	0.14	82.450	
1650	0.14	82.500	
1651	0.12	82.550	
1652	0.12	82.600	
1653	0.12	82.650	
1654	0.12	82.700	
1655	0.12	82.750	
1656	0.12	82.800	
1657	0.12	82.850	
1658	0.12	82.900	
1659	0.12	82.950	
1660	0.12	83.000	
1661	0.12	83.050	
1662	0.12	83.100	
1663	0.12	83.150	
1664	0.12	83.200	
1665	0.12	83.250	
1666	0.12	83.300	
1667	0.12	83.350	
1668	0.12	83.400	
1669	0.12	83.450	
1670	0.12	83.500	
1671	0.12	83.550	
1672	0.12	83.600	
1673	0.12	83.650	
1674	0.12	83.700	
1675	0.12	83.750	
1676	0.12	83.800	
1677	0.12	83.850	
1678	0.12	83.900	
1679	0.12	83.950	
1680	0.12	84.000	
1681	0.12	84.050	
1682	0.12	84.100	
1683	0.12	84.150	
1684	0.12	84.200	
1685	0.12	84.250	
1686	0.12	84.300	
1687	0.12	84.350	
1688	0.12	84.400	
1689	0.12	84.450	
1690	0.12	84.500	
1691	0.12	84.550	
1692	0.12	84.600	
1693	0.12	84.650	
1694	0.12	84.712	
1695	0.12	84.750	
1696	0.12	84.802	
1697	0.12	84.850	
1698	0.12	84.900	
1699	0.10	84.951	
1700	0.10	85.000	
1701	0.12	85.050	
1702	0.10	85.100	
1703	0.12	85.150	
1704	0.10	85.201	
1705	0.10	85.251	
1706	0.10	85.300	
1707	0.12	85.350	
1708	0.12	85.400	
1709	0.10	85.450	
1710	0.10	85.500	
1711	0.10	85.550	
1712	0.10	85.600	
1713	0.12	85.650	
1714	0.10	85.700	
1715	0.10	85.765	
1716	0.10	85.800	
1717	0.10	85.862	
1718	0.10	85.900	
1719	0.12	85.957	
1720	0.10	86.000	
1721	0.10	86.050	
1722	0.10	86.100	
1723	0.10	86.150	
1724	0.10	86.200	
1725	0.10	86.250	
