7/24/2024  5:05 PM
Units: N
Readings: Continuous
X-Axis: Time

Reading	Load	Time	
1	0.00	0.000	
2	0.00	0.100	
3	0.00	0.150	
4	0.00	0.200	
5	0.00	0.250	
6	0.00	0.301	
7	0.00	0.350	
8	0.00	0.400	
9	0.00	0.451	
10	0.00	0.500	
11	0.00	0.550	
12	0.00	0.600	
13	0.00	0.650	
14	0.00	0.700	
15	0.00	0.750	
16	0.00	0.800	
17	0.00	0.850	
18	0.00	0.900	
19	0.00	0.950	
20	0.00	1.000	
21	0.00	1.050	
22	0.00	1.100	
23	0.00	1.150	
24	0.00	1.200	
25	0.00	1.251	
26	0.04	1.300	
27	0.02	1.350	
28	0.10	1.400	
29	0.16	1.450	
30	0.40	1.501	
31	0.84	1.550	
32	1.40	1.600	
33	2.00	1.650	
34	2.74	1.700	
35	3.42	1.750	
36	4.24	1.800	
37	4.98	1.850	
38	5.58	1.900	
39	5.98	1.950	
40	6.08	2.000	
41	6.06	2.050	
42	6.04	2.100	
43	6.02	2.150	
44	6.02	2.200	
45	6.00	2.250	
46	6.00	2.300	
47	5.98	2.350	
48	5.98	2.401	
49	5.98	2.450	
50	5.98	2.500	
51	5.96	2.550	
52	5.96	2.600	
53	5.96	2.650	
54	5.96	2.700	
55	5.96	2.751	
56	5.94	2.800	
57	5.94	2.850	
58	5.94	2.901	
59	5.94	2.950	
60	5.94	3.000	
61	5.94	3.050	
62	5.92	3.100	
63	5.92	3.150	
64	5.92	3.201	
65	5.92	3.250	
66	5.92	3.300	
67	5.92	3.350	
68	5.92	3.400	
69	5.92	3.451	
70	5.92	3.500	
71	5.92	3.550	
72	5.90	3.600	
73	5.90	3.650	
74	5.90	3.700	
75	5.90	3.751	
76	5.90	3.800	
77	5.90	3.850	
78	5.90	3.900	
79	5.90	3.950	
80	5.90	4.000	
81	5.90	4.050	
82	5.90	4.100	
83	5.90	4.150	
84	5.88	4.200	
85	5.88	4.250	
86	5.88	4.301	
87	5.90	4.350	
88	5.72	4.400	
89	4.86	4.450	
90	3.84	4.500	
91	2.84	4.550	
92	1.96	4.600	
93	1.02	4.650	
94	0.72	4.700	
95	0.42	4.750	
96	0.32	4.800	
97	0.28	4.850	
98	0.24	4.900	
99	0.24	4.950	
100	0.22	5.000	
101	0.20	5.050	
102	0.10	5.101	
103	0.00	5.150	
104	-0.02	5.200	
105	0.00	5.250	
106	0.00	5.300	
107	0.00	5.350	
108	0.00	5.400	
109	0.00	5.450	
110	0.00	5.500	
111	0.00	5.550	
112	0.00	5.600	
113	0.00	5.650	
114	0.00	5.701	
115	0.00	5.750	
116	0.00	5.800	
117	0.00	5.850	
118	0.00	5.900	
119	0.00	5.950	
120	0.00	6.000	
121	0.00	6.050	
122	0.00	6.100	
123	0.00	6.151	
124	0.00	6.200	
125	0.00	6.250	
126	0.00	6.300	
127	0.00	6.350	
128	0.00	6.401	
129	0.00	6.450	
130	0.00	6.501	
131	0.00	6.550	
132	0.00	6.600	
133	0.00	6.650	
134	0.00	6.700	
135	0.00	6.750	
136	0.00	6.800	
137	0.00	6.850	
138	0.00	6.900	
139	0.00	6.950	
140	0.00	7.000	
141	0.00	7.050	
142	0.00	7.100	
143	0.00	7.150	
144	0.00	7.201	
145	0.00	7.250	
146	0.00	7.300	
147	0.00	7.351	
148	0.00	7.400	
149	0.00	7.451	
150	0.00	7.500	
151	0.00	7.551	
152	0.00	7.600	
153	0.00	7.650	
154	0.00	7.700	
155	0.00	7.750	
156	0.00	7.800	
157	0.00	7.850	
158	0.00	7.900	
159	0.00	7.951	
160	0.00	8.000	
161	0.00	8.051	
162	0.00	8.100	
163	0.00	8.150	
164	0.00	8.200	
165	0.00	8.250	
166	0.00	8.300	
167	0.00	8.350	
168	0.00	8.401	
169	0.00	8.450	
170	0.00	8.501	
171	0.00	8.550	
172	0.00	8.600	
173	0.00	8.651	
174	0.00	8.700	
175	0.00	8.751	
176	0.00	8.800	
177	0.00	8.850	
178	0.00	8.900	
179	0.00	8.950	
180	0.00	9.000	
181	0.00	9.050	
182	0.00	9.100	
183	0.00	9.150	
184	0.00	9.200	
185	0.00	9.250	
186	0.00	9.300	
187	0.00	9.351	
188	0.00	9.400	
189	0.00	9.450	
190	0.00	9.500	
191	0.00	9.550	
192	0.00	9.600	
193	0.00	9.650	
194	0.00	9.700	
195	0.00	9.751	
196	0.00	9.800	
197	0.00	9.851	
198	0.00	9.900	
199	0.00	9.950	
200	0.00	10.000	
201	0.00	10.050	
202	0.00	10.100	
203	0.00	10.150	
204	0.00	10.200	
205	0.00	10.250	
206	0.00	10.300	
207	0.00	10.350	
208	0.00	10.400	
209	0.00	10.451	
210	0.00	10.500	
211	0.00	10.550	
212	0.00	10.601	
213	0.00	10.650	
214	0.00	10.701	
215	0.00	10.750	
216	0.00	10.800	
217	0.00	10.851	
218	0.00	10.901	
219	0.00	10.950	
220	0.00	11.000	
221	0.00	11.050	
222	0.00	11.100	
223	0.00	11.150	
224	0.00	11.201	
225	0.00	11.250	
226	0.04	11.300	
227	0.04	11.350	
228	0.10	11.400	
229	0.18	11.450	
230	0.46	11.500	
231	1.00	11.550	
232	1.48	11.600	
233	2.06	11.650	
234	2.84	11.700	
235	3.52	11.750	
236	4.36	11.800	
237	5.08	11.850	
238	5.64	11.901	
239	5.94	11.950	
240	5.98	12.000	
241	5.96	12.050	
242	5.94	12.100	
243	5.92	12.150	
244	5.92	12.200	
245	5.90	12.250	
246	5.90	12.300	
247	5.88	12.350	
248	5.88	12.401	
249	5.88	12.450	
250	5.88	12.500	
251	5.86	12.550	
252	5.86	12.600	
253	5.86	12.650	
254	5.84	12.700	
255	5.84	12.750	
256	5.84	12.800	
257	5.84	12.851	
258	5.84	12.900	
259	5.84	12.950	
260	5.84	13.000	
261	5.84	13.050	
262	5.82	13.100	
263	5.82	13.150	
264	5.82	13.200	
265	5.82	13.251	
266	5.82	13.300	
267	5.82	13.350	
268	5.82	13.401	
269	5.82	13.450	
270	5.82	13.501	
271	5.82	13.550	
272	5.80	13.601	
273	5.80	13.650	
274	5.80	13.700	
275	5.80	13.750	
276	5.80	13.800	
277	5.80	13.850	
278	5.80	13.901	
279	5.80	13.950	
280	5.80	14.000	
281	5.80	14.050	
282	5.80	14.100	
283	5.80	14.150	
284	5.78	14.200	
285	5.80	14.250	
286	5.78	14.301	
287	5.78	14.350	
288	5.78	14.400	
289	5.78	14.450	
290	5.78	14.500	
291	5.78	14.551	
292	5.78	14.600	
293	5.78	14.650	
294	5.20	14.700	
295	4.20	14.751	
296	3.18	14.800	
297	2.24	14.851	
298	1.46	14.901	
299	0.86	14.951	
300	0.48	15.000	
301	0.32	15.050	
302	0.28	15.101	
303	0.24	15.150	
304	0.22	15.201	
305	0.20	15.250	
306	0.20	15.300	
307	0.14	15.350	
308	0.02	15.401	
309	0.00	15.450	
310	-0.02	15.500	
311	0.00	15.551	
312	0.00	15.600	
313	0.00	15.650	
314	0.00	15.700	
315	0.00	15.750	
316	0.00	15.800	
317	0.00	15.851	
318	0.00	15.900	
319	0.00	15.950	
320	0.00	16.000	
321	0.00	16.050	
322	0.00	16.100	
323	0.00	16.150	
324	0.00	16.200	
325	0.00	16.250	
326	0.00	16.300	
327	0.00	16.350	
328	0.00	16.400	
329	0.00	16.450	
330	0.00	16.500	
331	0.00	16.550	
332	0.00	16.600	
333	0.00	16.650	
334	0.00	16.700	
335	0.00	16.750	
336	0.00	16.801	
337	0.00	16.850	
338	0.00	16.900	
339	0.00	16.950	
340	0.00	17.000	
341	0.00	17.050	
342	0.00	17.100	
343	0.00	17.151	
344	0.00	17.200	
345	0.00	17.250	
346	0.00	17.300	
347	0.00	17.350	
348	0.00	17.401	
349	0.00	17.450	
350	0.00	17.500	
351	0.00	17.550	
352	0.00	17.600	
353	0.00	17.650	
354	0.00	17.700	
355	0.00	17.751	
356	0.00	17.800	
357	0.00	17.850	
358	0.00	17.901	
359	0.00	17.950	
360	0.00	18.000	
361	0.00	18.051	
362	0.00	18.100	
363	0.00	18.150	
364	0.00	18.200	
365	0.00	18.250	
366	0.00	18.300	
367	0.00	18.351	
368	0.00	18.400	
369	0.00	18.450	
370	0.00	18.500	
371	0.00	18.550	
372	0.00	18.600	
373	0.00	18.651	
374	0.00	18.701	
375	0.00	18.750	
376	0.00	18.800	
377	0.00	18.850	
378	0.00	18.900	
379	0.00	18.950	
380	0.00	19.000	
381	0.00	19.050	
382	0.00	19.101	
383	0.00	19.150	
384	0.00	19.200	
385	0.00	19.251	
386	0.00	19.300	
387	0.00	19.351	
388	0.00	19.400	
389	0.00	19.450	
390	0.00	19.500	
391	0.00	19.550	
392	0.00	19.600	
393	0.00	19.650	
394	0.00	19.700	
395	0.00	19.750	
396	0.00	19.801	
397	0.00	19.850	
398	0.00	19.900	
399	0.00	19.950	
400	0.00	20.000	
401	0.00	20.050	
402	0.00	20.100	
403	0.00	20.150	
404	0.00	20.200	
405	0.00	20.250	
406	0.00	20.300	
407	0.00	20.350	
408	0.00	20.400	
409	0.00	20.450	
410	0.00	20.500	
411	0.00	20.550	
412	0.00	20.600	
413	0.00	20.650	
414	0.02	20.700	
415	0.02	20.750	
416	0.08	20.800	
417	0.12	20.850	
418	0.34	20.900	
419	0.72	20.951	
420	1.32	21.000	
421	1.88	21.050	
422	2.62	21.101	
423	3.34	21.151	
424	4.10	21.200	
425	4.88	21.250	
426	5.50	21.300	
427	5.92	21.350	
428	6.04	21.400	
429	6.02	21.450	
430	6.00	21.500	
431	5.98	21.550	
432	5.98	21.600	
433	5.96	21.650	
434	5.96	21.700	
435	5.96	21.750	
436	5.94	21.800	
437	5.94	21.850	
438	5.94	21.900	
439	5.92	21.950	
440	5.92	22.000	
441	5.92	22.050	
442	5.92	22.100	
443	5.92	22.150	
444	5.92	22.200	
445	5.90	22.250	
446	5.90	22.300	
447	5.90	22.351	
448	5.90	22.400	
449	5.90	22.450	
450	5.90	22.500	
451	5.88	22.550	
452	5.90	22.600	
453	5.88	22.651	
454	5.88	22.700	
455	5.88	22.750	
456	5.88	22.800	
457	5.88	22.850	
458	5.88	22.901	
459	5.88	22.950	
460	5.88	23.000	
461	5.86	23.050	
462	5.88	23.100	
463	5.86	23.150	
464	5.86	23.200	
465	5.86	23.250	
466	5.86	23.300	
467	5.86	23.350	
468	5.86	23.400	
469	5.86	23.450	
470	5.86	23.500	
471	5.86	23.550	
472	5.86	23.600	
473	5.86	23.650	
474	5.86	23.700	
475	5.86	23.750	
476	5.86	23.800	
477	5.86	23.850	
478	5.84	23.900	
479	5.86	23.950	
480	5.84	24.000	
481	5.84	24.050	
482	5.28	24.100	
483	3.66	24.150	
484	3.22	24.201	
485	2.20	24.250	
486	1.48	24.301	
487	0.88	24.350	
488	0.50	24.400	
489	0.34	24.450	
490	0.30	24.500	
491	0.26	24.550	
492	0.24	24.600	
493	0.24	24.650	
494	0.24	24.700	
495	0.14	24.750	
496	0.00	24.800	
497	-0.06	24.851	
498	-0.06	24.900	
499	-0.06	24.950	
500	-0.04	25.000	
501	-0.04	25.050	
502	-0.04	25.100	
503	-0.04	25.150	
504	-0.04	25.200	
505	-0.04	25.250	
506	-0.04	25.300	
507	-0.04	25.350	
508	-0.04	25.401	
509	-0.04	25.450	
510	-0.04	25.500	
511	-0.04	25.550	
512	-0.04	25.600	
513	-0.04	25.650	
514	-0.02	25.700	
515	-0.04	25.750	
516	-0.02	25.800	
517	-0.04	25.850	
518	-0.04	25.900	
519	-0.04	25.950	
520	-0.02	26.000	
521	-0.04	26.050	
522	-0.02	26.100	
523	-0.02	26.150	
524	-0.02	26.200	
525	-0.02	26.250	
526	-0.04	26.300	
527	-0.02	26.350	
528	-0.02	26.400	
529	-0.02	26.450	
530	-0.02	26.500	
531	-0.02	26.550	
532	-0.02	26.600	
533	-0.02	26.650	
534	-0.02	26.700	
535	-0.02	26.750	
536	-0.02	26.800	
537	-0.02	26.850	
538	-0.02	26.900	
539	-0.02	26.950	
540	-0.02	27.000	
541	-0.02	27.050	
542	-0.02	27.100	
543	-0.02	27.150	
544	-0.02	27.201	
545	-0.02	27.250	
546	-0.02	27.300	
547	-0.02	27.351	
548	-0.02	27.400	
549	-0.02	27.450	
550	-0.02	27.500	
551	-0.02	27.550	
552	-0.02	27.600	
553	-0.02	27.650	
554	-0.02	27.700	
555	-0.02	27.750	
556	-0.02	27.800	
557	-0.02	27.850	
558	-0.02	27.900	
559	-0.02	27.950	
560	-0.02	28.000	
561	-0.02	28.050	
562	-0.02	28.100	
563	-0.02	28.150	
564	-0.02	28.200	
565	-0.02	28.250	
566	-0.02	28.300	
567	-0.02	28.350	
568	-0.02	28.400	
569	-0.02	28.450	
570	-0.02	28.501	
571	-0.02	28.550	
572	-0.02	28.601	
573	-0.02	28.650	
574	-0.02	28.700	
575	-0.02	28.750	
576	-0.02	28.800	
577	-0.02	28.850	
578	-0.02	28.900	
579	-0.02	28.950	
580	-0.02	29.000	
581	0.00	29.050	
582	0.02	29.100	
583	0.04	29.150	
584	0.12	29.200	
585	0.30	29.250	
586	0.76	29.300	
587	1.24	29.350	
588	1.84	29.400	
589	2.56	29.450	
590	3.28	29.500	
591	4.00	29.550	
592	4.78	29.600	
593	5.40	29.650	
594	5.80	29.700	
595	5.92	29.750	
596	5.92	29.800	
597	5.90	29.850	
598	5.88	29.900	
599	5.86	29.950	
600	5.86	30.000	
601	5.84	30.050	
602	5.84	30.100	
603	5.84	30.150	
604	5.84	30.200	
605	5.82	30.250	
606	5.82	30.300	
607	5.82	30.350	
608	5.80	30.400	
609	5.80	30.450	
610	5.80	30.501	
611	5.80	30.550	
612	5.80	30.600	
613	5.80	30.650	
614	5.80	30.700	
615	5.80	30.750	
616	5.78	30.800	
617	5.78	30.850	
618	5.78	30.900	
619	5.78	30.950	
620	5.78	31.000	
621	5.78	31.051	
622	5.78	31.100	
623	5.78	31.150	
624	5.78	31.200	
625	5.78	31.250	
626	5.76	31.300	
627	5.76	31.350	
628	5.76	31.400	
629	5.76	31.450	
630	5.76	31.500	
631	5.76	31.550	
632	5.76	31.601	
633	5.76	31.651	
634	5.76	31.700	
635	5.76	31.750	
636	5.76	31.800	
637	5.76	31.850	
638	5.76	31.900	
639	5.76	31.950	
640	5.74	32.000	
641	5.74	32.050	
642	5.76	32.100	
643	5.76	32.151	
644	5.74	32.200	
645	5.74	32.250	
646	5.74	32.300	
647	5.68	32.350	
648	4.94	32.400	
649	3.92	32.450	
650	2.92	32.500	
651	2.00	32.551	
652	1.28	32.600	
653	0.48	32.650	
654	0.40	32.700	
655	0.32	32.750	
656	0.28	32.800	
657	0.24	32.850	
658	0.24	32.900	
659	0.22	32.950	
660	0.20	33.000	
661	0.12	33.050	
662	-0.02	33.100	
663	-0.02	33.150	
664	-0.02	33.200	
665	0.00	33.250	
666	-0.02	33.300	
667	-0.02	33.350	
668	0.00	33.400	
669	0.00	33.450	
670	0.00	33.500	
671	0.00	33.550	
672	0.00	33.600	
673	0.00	33.650	
674	0.00	33.700	
675	0.00	33.750	
676	0.00	33.800	
677	0.00	33.850	
678	0.00	33.900	
679	0.00	33.950	
680	0.00	34.000	
681	0.00	34.050	
682	0.00	34.100	
683	0.00	34.150	
684	0.00	34.200	
685	0.00	34.250	
686	0.00	34.300	
687	0.00	34.350	
688	0.00	34.400	
689	0.00	34.450	
690	0.00	34.500	
691	0.00	34.550	
692	0.00	34.600	
693	0.00	34.650	
694	0.00	34.700	
695	0.00	34.750	
696	0.00	34.800	
697	0.00	34.851	
698	0.00	34.901	
699	0.00	34.950	
700	0.00	35.000	
701	0.00	35.050	
702	0.00	35.100	
703	0.00	35.150	
704	0.00	35.200	
705	0.00	35.251	
706	0.00	35.300	
707	0.00	35.350	
708	0.00	35.400	
709	0.00	35.451	
710	0.00	35.501	
711	0.00	35.550	
712	0.00	35.600	
713	0.00	35.650	
714	0.00	35.700	
715	0.00	35.750	
716	0.00	35.800	
717	0.00	35.850	
718	0.00	35.900	
719	0.00	35.950	
720	0.00	36.000	
721	0.00	36.050	
722	0.00	36.100	
723	0.00	36.150	
724	0.00	36.201	
725	0.00	36.251	
726	0.00	36.300	
727	0.00	36.350	
728	0.00	36.400	
729	0.00	36.450	
730	0.00	36.500	
731	0.00	36.550	
732	0.00	36.600	
733	0.00	36.650	
734	0.00	36.700	
735	0.00	36.750	
736	0.00	36.800	
737	0.00	36.850	
738	0.00	36.900	
739	0.02	36.950	
740	0.02	37.000	
741	0.06	37.050	
742	0.18	37.101	
743	0.48	37.150	
744	1.00	37.200	
745	1.40	37.250	
746	2.00	37.300	
747	2.76	37.350	
748	3.48	37.401	
749	4.20	37.450	
750	4.92	37.501	
751	5.52	37.550	
752	5.88	37.600	
753	5.96	37.650	
754	5.94	37.700	
755	5.92	37.750	
756	5.90	37.800	
757	5.90	37.850	
758	5.88	37.900	
759	5.88	37.950	
760	5.86	38.000	
761	5.86	38.050	
762	5.86	38.100	
763	5.84	38.150	
764	5.84	38.200	
765	5.84	38.250	
766	5.84	38.300	
767	5.84	38.351	
768	5.84	38.400	
769	5.82	38.450	
770	5.82	38.500	
771	5.82	38.550	
772	5.82	38.600	
773	5.82	38.650	
774	5.82	38.700	
775	5.82	38.750	
776	5.80	38.800	
777	5.80	38.850	
778	5.80	38.900	
779	5.80	38.950	
780	5.80	39.000	
781	5.80	39.050	
782	5.80	39.100	
783	5.80	39.151	
784	5.78	39.200	
785	5.78	39.250	
786	5.78	39.300	
787	5.78	39.350	
788	5.78	39.401	
789	5.78	39.450	
790	5.78	39.500	
791	5.78	39.550	
792	5.78	39.600	
793	5.78	39.650	
794	5.78	39.700	
795	5.78	39.751	
796	5.78	39.801	
797	5.78	39.850	
798	5.78	39.900	
799	5.78	39.950	
800	5.78	40.000	
801	5.78	40.050	
802	5.78	40.100	
803	5.78	40.150	
804	5.78	40.200	
805	5.78	40.250	
806	5.76	40.300	
807	5.76	40.350	
808	5.76	40.400	
809	5.72	40.450	
810	5.02	40.501	
811	3.98	40.550	
812	2.98	40.600	
813	2.12	40.650	
814	1.38	40.700	
815	0.78	40.750	
816	0.42	40.800	
817	0.32	40.850	
818	0.30	40.900	
819	0.26	40.950	
820	0.24	41.000	
821	0.24	41.050	
822	0.22	41.100	
823	0.14	41.151	
824	-0.02	41.200	
825	-0.02	41.250	
826	-0.02	41.300	
827	-0.02	41.350	
828	-0.02	41.400	
829	-0.02	41.450	
830	-0.02	41.500	
831	-0.02	41.550	
832	-0.02	41.600	
833	-0.02	41.650	
834	-0.02	41.700	
835	-0.02	41.750	
836	-0.02	41.801	
837	0.00	41.850	
838	-0.02	41.900	
839	0.00	41.950	
840	-0.02	42.000	
841	0.00	42.050	
842	0.00	42.100	
843	0.00	42.150	
844	-0.02	42.200	
845	0.00	42.250	
846	0.00	42.300	
847	0.00	42.350	
848	0.00	42.400	
849	-0.02	42.450	
850	0.00	42.500	
851	0.00	42.550	
852	0.00	42.600	
853	0.00	42.650	
854	0.00	42.700	
855	0.00	42.750	
856	0.00	42.800	
857	0.00	42.850	
858	0.00	42.900	
859	0.00	42.950	
860	0.00	43.001	
861	0.00	43.051	
862	0.00	43.100	
863	0.00	43.150	
864	0.00	43.200	
865	0.00	43.250	
866	0.00	43.300	
867	0.00	43.350	
868	0.00	43.400	
869	0.00	43.451	
870	0.00	43.500	
871	0.00	43.550	
872	0.00	43.600	
873	0.00	43.651	
874	0.00	43.700	
875	0.00	43.750	
876	0.00	43.800	
877	0.00	43.850	
878	0.00	43.900	
879	0.00	43.950	
880	0.00	44.000	
881	0.00	44.050	
882	0.00	44.100	
883	0.00	44.150	
884	0.00	44.200	
885	0.00	44.250	
886	0.00	44.300	
887	0.00	44.350	
888	0.00	44.400	
889	0.00	44.450	
890	0.00	44.500	
891	0.00	44.550	
892	0.00	44.600	
893	0.00	44.650	
894	0.00	44.700	
895	0.00	44.750	
896	0.00	44.800	
897	0.00	44.850	
898	0.00	44.900	
899	0.00	44.951	
900	0.00	45.000	
901	0.00	45.050	
902	0.00	45.101	
903	0.00	45.154	
904	0.00	45.200	
905	0.00	45.250	
906	0.00	45.300	
907	0.00	45.350	
908	0.00	45.400	
909	0.00	45.450	
910	0.00	45.500	
911	0.00	45.551	
912	0.00	45.600	
913	0.02	45.650	
914	0.06	45.700	
915	0.14	45.750	
916	0.42	45.800	
917	0.90	45.850	
918	1.42	45.900	
919	2.00	45.950	
920	2.76	46.000	
921	3.48	46.050	
922	4.26	46.100	
923	4.98	46.150	
924	5.56	46.200	
925	5.90	46.251	
926	5.98	46.300	
927	5.96	46.351	
928	5.94	46.400	
929	5.92	46.450	
930	5.92	46.500	
931	5.90	46.551	
932	5.90	46.600	
933	5.88	46.651	
934	5.88	46.701	
935	5.88	46.750	
936	5.86	46.800	
937	5.86	46.850	
938	5.86	46.900	
939	5.86	46.950	
940	5.86	47.000	
941	5.84	47.050	
942	5.84	47.100	
943	5.84	47.150	
944	5.84	47.200	
945	5.84	47.250	
946	5.84	47.300	
947	5.84	47.351	
948	5.84	47.400	
949	5.82	47.450	
950	5.82	47.500	
951	5.82	47.550	
952	5.82	47.600	
953	5.82	47.650	
954	5.82	47.700	
955	5.82	47.750	
956	5.82	47.800	
957	5.82	47.850	
958	5.82	47.900	
959	5.80	47.950	
960	5.80	48.000	
961	5.80	48.050	
962	5.80	48.100	
963	5.80	48.150	
964	5.80	48.201	
965	5.80	48.250	
966	5.80	48.300	
967	5.80	48.351	
968	5.80	48.400	
969	5.80	48.451	
970	5.80	48.500	
971	5.80	48.550	
972	5.80	48.600	
973	5.78	48.650	
974	5.78	48.700	
975	5.78	48.750	
976	5.78	48.800	
977	5.78	48.850	
978	5.78	48.900	
979	5.78	48.950	
980	5.72	49.000	
981	4.98	49.050	
982	3.94	49.100	
983	2.94	49.150	
984	2.04	49.200	
985	1.32	49.250	
986	0.72	49.300	
987	0.40	49.350	
988	0.32	49.400	
989	0.30	49.450	
990	0.24	49.500	
991	0.24	49.550	
992	0.24	49.600	
993	0.20	49.650	
994	0.10	49.701	
995	0.00	49.751	
996	-0.02	49.800	
997	-0.02	49.850	
998	-0.02	49.900	
999	-0.02	49.950	
1000	-0.02	50.000	
1001	-0.02	50.050	
1002	-0.02	50.100	
1003	-0.02	50.155	
1004	-0.02	50.200	
1005	-0.02	50.251	
1006	-0.02	50.300	
1007	-0.02	50.350	
1008	-0.02	50.400	
1009	-0.02	50.450	
1010	-0.02	50.500	
1011	-0.02	50.550	
1012	-0.02	50.600	
1013	-0.02	50.650	
1014	-0.02	50.700	
1015	-0.02	50.750	
1016	-0.02	50.800	
1017	-0.02	50.850	
1018	-0.02	50.900	
1019	-0.02	50.951	
1020	-0.02	51.000	
1021	-0.02	51.050	
1022	-0.02	51.100	
1023	-0.02	51.150	
1024	-0.02	51.200	
1025	-0.02	51.250	
1026	-0.02	51.300	
1027	-0.02	51.350	
1028	-0.02	51.400	
1029	-0.02	51.450	
1030	-0.02	51.500	
1031	-0.02	51.550	
1032	-0.02	51.600	
1033	-0.02	51.651	
1034	-0.02	51.700	
1035	-0.02	51.750	
1036	-0.02	51.800	
1037	-0.02	51.850	
1038	-0.02	51.901	
1039	-0.02	51.950	
1040	-0.02	52.000	
1041	-0.02	52.050	
1042	-0.02	52.100	
1043	-0.02	52.150	
1044	-0.02	52.200	
1045	-0.02	52.250	
1046	-0.02	52.300	
1047	-0.02	52.350	
1048	-0.02	52.400	
1049	-0.02	52.451	
1050	-0.02	52.500	
1051	-0.02	52.550	
1052	-0.02	52.600	
1053	-0.02	52.650	
1054	-0.02	52.700	
1055	-0.02	52.751	
1056	-0.02	52.800	
1057	-0.02	52.850	
1058	-0.02	52.900	
1059	-0.02	52.950	
1060	-0.02	53.000	
1061	-0.02	53.050	
1062	-0.02	53.100	
1063	-0.02	53.151	
1064	-0.02	53.200	
1065	-0.02	53.250	
1066	-0.02	53.300	
1067	-0.02	53.350	
1068	-0.02	53.400	
1069	-0.02	53.450	
1070	-0.02	53.500	
1071	-0.02	53.550	
1072	-0.02	53.600	
1073	-0.02	53.650	
1074	-0.02	53.700	
1075	-0.02	53.750	
1076	0.02	53.800	
1077	0.00	53.850	
1078	0.08	53.900	
1079	0.22	53.950	
1080	0.56	54.000	
1081	1.12	54.050	
1082	1.62	54.100	
1083	2.28	54.150	
1084	3.06	54.200	
1085	3.76	54.250	
1086	4.56	54.300	
1087	5.26	54.350	
1088	5.80	54.400	
1089	6.08	54.451	
1090	6.12	54.500	
1091	6.10	54.550	
1092	6.08	54.600	
1093	6.06	54.650	
1094	6.06	54.700	
1095	6.04	54.750	
1096	6.04	54.800	
1097	6.02	54.850	
1098	6.02	54.900	
1099	6.02	54.950	
1100	6.02	55.000	
1101	6.00	55.050	
1102	6.00	55.100	
1103	6.00	55.158	
1104	6.00	55.201	
1105	6.00	55.250	
1106	5.98	55.300	
1107	5.98	55.350	
1108	5.98	55.400	
1109	5.98	55.450	
1110	5.98	55.500	
1111	5.98	55.551	
1112	5.98	55.600	
1113	5.98	55.650	
1114	5.98	55.700	
1115	5.96	55.750	
1116	5.96	55.800	
1117	5.96	55.850	
1118	5.96	55.900	
1119	5.96	55.950	
1120	5.96	56.000	
1121	5.96	56.050	
1122	5.96	56.100	
1123	5.96	56.150	
1124	5.96	56.201	
1125	5.96	56.250	
1126	5.94	56.300	
1127	5.94	56.350	
1128	5.94	56.400	
1129	5.94	56.450	
1130	5.94	56.500	
1131	5.94	56.550	
1132	5.94	56.600	
1133	5.94	56.650	
1134	5.94	56.700	
1135	5.94	56.750	
1136	5.94	56.800	
1137	5.94	56.850	
1138	5.94	56.900	
1139	5.94	56.950	
1140	5.94	57.000	
1141	5.94	57.050	
1142	5.92	57.101	
1143	5.92	57.150	
1144	5.92	57.200	
1145	5.92	57.250	
1146	5.94	57.300	
1147	5.94	57.350	
1148	5.92	57.400	
1149	5.92	57.450	
1150	5.92	57.500	
1151	5.92	57.550	
1152	5.92	57.600	
1153	5.24	57.655	
1154	4.92	57.700	
1155	3.08	57.761	
1156	2.76	57.800	
1157	2.08	57.851	
1158	1.36	57.901	
1159	0.76	57.950	
1160	0.42	58.000	
1161	0.30	58.050	
1162	0.30	58.100	
1163	0.24	58.150	
1164	0.24	58.200	
1165	0.22	58.250	
1166	0.22	58.300	
1167	0.12	58.350	
1168	-0.02	58.400	
1169	-0.02	58.450	
1170	-0.02	58.500	
1171	-0.02	58.550	
1172	-0.02	58.600	
1173	-0.02	58.650	
1174	-0.02	58.701	
1175	-0.02	58.750	
1176	-0.02	58.800	
1177	-0.02	58.850	
1178	-0.02	58.900	
1179	-0.02	58.950	
1180	-0.02	59.000	
1181	-0.02	59.050	
1182	-0.02	59.100	
1183	-0.02	59.151	
1184	-0.02	59.200	
1185	-0.02	59.251	
1186	-0.02	59.300	
1187	-0.02	59.350	
1188	-0.02	59.400	
1189	-0.02	59.450	
1190	-0.02	59.500	
1191	-0.02	59.551	
1192	-0.02	59.600	
1193	-0.02	59.650	
1194	-0.02	59.701	
1195	-0.02	59.750	
1196	-0.02	59.800	
1197	-0.02	59.850	
1198	-0.02	59.900	
1199	-0.02	59.950	
1200	-0.02	60.001	
1201	-0.02	60.050	
1202	-0.02	60.109	
1203	-0.02	60.150	
1204	-0.02	60.201	
1205	-0.02	60.250	
1206	-0.02	60.300	
1207	-0.02	60.351	
1208	-0.02	60.400	
1209	-0.02	60.450	
1210	-0.02	60.500	
1211	-0.02	60.550	
1212	-0.02	60.600	
1213	-0.02	60.650	
1214	-0.02	60.700	
1215	-0.02	60.750	
1216	-0.02	60.801	
1217	-0.02	60.850	
1218	-0.02	60.900	
1219	-0.02	60.950	
1220	-0.02	61.000	
1221	-0.02	61.050	
1222	-0.02	61.100	
1223	-0.02	61.150	
1224	-0.02	61.200	
1225	-0.02	61.250	
1226	-0.02	61.300	
1227	-0.02	61.350	
1228	-0.02	61.400	
1229	-0.02	61.451	
1230	-0.02	61.500	
1231	-0.02	61.550	
1232	-0.02	61.601	
1233	-0.02	61.651	
1234	-0.02	61.701	
1235	-0.02	61.750	
1236	-0.02	61.800	
1237	-0.02	61.850	
1238	-0.02	61.900	
1239	-0.02	61.950	
1240	-0.02	62.000	
1241	-0.02	62.050	
1242	0.02	62.100	
1243	0.02	62.150	
1244	0.08	62.200	
1245	0.20	62.250	
1246	0.54	62.300	
1247	1.08	62.350	
1248	1.62	62.400	
1249	2.20	62.450	
1250	2.96	62.501	
1251	3.66	62.551	
1252	4.44	62.600	
1253	5.12	62.650	
1254	5.64	62.700	
1255	5.92	62.750	
1256	5.94	62.800	
1257	5.92	62.850	
1258	5.90	62.900	
1259	5.90	62.950	
1260	5.88	63.000	
1261	5.88	63.050	
1262	5.88	63.100	
1263	5.86	63.150	
1264	5.86	63.200	
1265	5.86	63.250	
1266	5.84	63.300	
1267	5.84	63.350	
1268	5.84	63.400	
1269	5.84	63.451	
1270	5.84	63.500	
1271	5.82	63.550	
1272	5.82	63.600	
1273	5.82	63.650	
1274	5.82	63.700	
1275	5.82	63.750	
1276	5.82	63.800	
1277	5.82	63.850	
1278	5.82	63.900	
1279	5.82	63.950	
1280	5.80	64.000	
1281	5.82	64.050	
1282	5.80	64.100	
1283	5.80	64.150	
1284	5.80	64.200	
1285	5.80	64.250	
1286	5.80	64.300	
1287	5.80	64.350	
1288	5.80	64.400	
1289	5.80	64.450	
1290	5.80	64.500	
1291	5.78	64.550	
1292	5.80	64.600	
1293	5.78	64.650	
1294	5.78	64.700	
1295	5.78	64.750	
1296	5.78	64.800	
1297	5.78	64.850	
1298	5.78	64.900	
1299	5.78	64.950	
1300	5.78	65.000	
1301	5.78	65.050	
1302	5.78	65.100	
1303	5.78	65.159	
1304	5.78	65.200	
1305	5.78	65.250	
1306	5.78	65.300	
1307	5.78	65.350	
1308	5.78	65.400	
1309	5.66	65.451	
1310	4.88	65.501	
1311	3.86	65.550	
1312	2.86	65.601	
1313	1.96	65.650	
1314	1.28	65.700	
1315	0.70	65.750	
1316	0.38	65.800	
1317	0.30	65.850	
1318	0.28	65.900	
1319	0.24	65.950	
1320	0.24	66.000	
1321	0.24	66.050	
1322	0.22	66.100	
1323	0.10	66.150	
1324	-0.02	66.200	
1325	-0.02	66.250	
1326	-0.02	66.300	
1327	-0.02	66.351	
1328	-0.02	66.400	
1329	-0.02	66.450	
1330	-0.02	66.500	
1331	-0.02	66.550	
1332	-0.02	66.600	
1333	-0.02	66.650	
1334	-0.02	66.700	
1335	-0.02	66.750	
1336	-0.02	66.800	
1337	0.00	66.850	
1338	-0.02	66.900	
1339	-0.02	66.950	
1340	-0.02	67.000	
1341	0.00	67.050	
1342	-0.02	67.100	
1343	0.00	67.150	
1344	0.00	67.200	
1345	-0.02	67.250	
1346	0.00	67.300	
1347	0.00	67.350	
1348	-0.02	67.400	
1349	-0.02	67.450	
1350	-0.02	67.500	
1351	0.00	67.551	
1352	0.00	67.600	
1353	-0.02	67.650	
1354	0.00	67.701	
1355	0.00	67.750	
1356	-0.02	67.800	
1357	-0.02	67.850	
1358	-0.02	67.901	
1359	-0.02	67.950	
1360	0.00	68.000	
1361	-0.02	68.051	
1362	-0.02	68.100	
1363	-0.02	68.150	
1364	-0.02	68.200	
1365	-0.02	68.251	
1366	-0.02	68.300	
1367	-0.02	68.350	
1368	-0.02	68.400	
1369	0.00	68.451	
1370	-0.02	68.500	
1371	0.00	68.551	
1372	-0.02	68.600	
1373	-0.02	68.650	
1374	-0.02	68.700	
1375	-0.02	68.750	
1376	-0.02	68.800	
1377	-0.02	68.850	
1378	-0.02	68.900	
1379	-0.02	68.950	
1380	0.00	69.000	
1381	-0.02	69.050	
1382	-0.02	69.100	
1383	-0.02	69.150	
1384	-0.02	69.200	
1385	-0.02	69.250	
1386	-0.02	69.300	
1387	0.00	69.350	
1388	-0.02	69.400	
1389	0.00	69.450	
1390	0.00	69.500	
1391	-0.02	69.550	
1392	-0.02	69.600	
1393	-0.02	69.650	
1394	0.00	69.700	
1395	-0.02	69.750	
1396	-0.02	69.800	
1397	-0.02	69.850	
1398	-0.02	69.900	
1399	-0.02	69.950	
1400	-0.02	70.000	
1401	0.00	70.050	
1402	-0.02	70.100	
1403	-0.02	70.162	
1404	-0.02	70.200	
1405	-0.02	70.253	
1406	-0.02	70.300	
1407	-0.02	70.350	
1408	-0.02	70.401	
1409	-0.02	70.450	
1410	-0.02	70.500	
1411	0.00	70.550	
1412	-0.02	70.600	
1413	-0.02	70.650	
1414	0.00	70.707	
1415	0.02	70.750	
1416	0.02	70.800	
1417	0.06	70.850	
1418	0.12	70.900	
1419	0.36	70.950	
1420	0.82	71.000	
1421	1.34	71.050	
1422	1.92	71.101	
1423	2.68	71.150	
1424	3.40	71.200	
1425	4.12	71.250	
1426	4.86	71.300	
1427	5.44	71.350	
1428	5.80	71.400	
1429	5.88	71.450	
1430	5.88	71.500	
1431	5.86	71.550	
1432	5.84	71.600	
1433	5.84	71.650	
1434	5.82	71.700	
1435	5.82	71.750	
1436	5.80	71.800	
1437	5.80	71.850	
1438	5.80	71.900	
1439	5.80	71.950	
1440	5.78	72.000	
1441	5.78	72.050	
1442	5.78	72.100	
1443	5.78	72.151	
1444	5.78	72.200	
1445	5.78	72.250	
1446	5.76	72.300	
1447	5.76	72.350	
1448	5.76	72.400	
1449	5.76	72.450	
1450	5.76	72.500	
1451	5.76	72.550	
1452	5.76	72.600	
1453	5.74	72.651	
1454	5.76	72.700	
1455	5.74	72.750	
1456	5.74	72.800	
1457	5.74	72.850	
1458	5.74	72.900	
1459	5.74	72.950	
1460	5.74	73.000	
1461	5.74	73.050	
1462	5.74	73.100	
1463	5.74	73.150	
1464	5.74	73.201	
1465	5.72	73.250	
1466	5.72	73.300	
1467	5.72	73.350	
1468	5.76	73.400	
1469	5.36	73.450	
1470	4.44	73.501	
1471	3.36	73.551	
1472	2.42	73.601	
1473	1.60	73.650	
1474	0.98	73.700	
1475	0.52	73.750	
1476	0.34	73.800	
1477	0.32	73.850	
1478	0.28	73.900	
1479	0.24	73.950	
1480	0.24	74.000	
1481	0.24	74.050	
1482	0.16	74.100	
1483	0.02	74.150	
1484	-0.02	74.200	
1485	-0.02	74.250	
1486	-0.02	74.300	
1487	-0.02	74.350	
1488	-0.02	74.400	
1489	-0.02	74.450	
1490	-0.02	74.500	
1491	-0.02	74.550	
1492	-0.02	74.600	
1493	-0.02	74.650	
1494	-0.02	74.700	
1495	-0.02	74.750	
1496	-0.02	74.800	
1497	-0.02	74.850	
1498	-0.02	74.900	
1499	-0.02	74.950	
1500	-0.02	75.000	
1501	-0.02	75.050	
1502	-0.02	75.100	
1503	-0.02	75.150	
1504	-0.02	75.200	
1505	-0.02	75.250	
1506	-0.02	75.300	
1507	-0.02	75.350	
1508	-0.02	75.400	
1509	-0.02	75.450	
1510	-0.02	75.500	
1511	-0.02	75.550	
1512	-0.02	75.600	
1513	-0.02	75.650	
1514	-0.02	75.701	
1515	-0.02	75.762	
1516	-0.02	75.800	
1517	-0.02	75.855	
1518	-0.02	75.900	
1519	-0.02	75.950	
1520	-0.02	76.000	
1521	-0.02	76.050	
1522	-0.02	76.101	
1523	-0.02	76.150	
1524	-0.02	76.200	
1525	-0.02	76.250	
1526	-0.02	76.300	
1527	-0.02	76.350	
1528	-0.02	76.400	
1529	-0.02	76.450	
1530	-0.02	76.500	
1531	-0.02	76.562	
1532	-0.02	76.600	
1533	-0.02	76.656	
1534	-0.02	76.700	
1535	-0.02	76.750	
1536	-0.02	76.800	
1537	-0.02	76.850	
1538	0.00	76.900	
1539	-0.02	76.950	
1540	-0.02	77.000	
1541	-0.02	77.051	
1542	-0.02	77.101	
1543	-0.02	77.150	
1544	0.00	77.200	
1545	-0.02	77.250	
1546	-0.02	77.301	
1547	-0.02	77.350	
1548	-0.02	77.400	
1549	-0.02	77.450	
1550	-0.02	77.500	
1551	0.00	77.550	
1552	-0.02	77.600	
1553	-0.02	77.650	
1554	-0.02	77.700	
1555	-0.02	77.750	
1556	-0.02	77.800	
1557	-0.02	77.850	
1558	-0.02	77.900	
1559	-0.02	77.950	
1560	-0.02	78.000	
1561	-0.02	78.050	
1562	0.00	78.100	
1563	-0.02	78.150	
1564	-0.02	78.200	
1565	0.00	78.250	
1566	-0.02	78.300	
1567	-0.02	78.350	
1568	0.00	78.400	
1569	0.00	78.450	
1570	-0.02	78.500	
1571	-0.02	78.550	
1572	0.00	78.600	
1573	-0.02	78.650	
1574	-0.02	78.700	
1575	0.00	78.750	
1576	-0.02	78.800	
1577	0.00	78.850	
1578	-0.02	78.900	
1579	0.00	78.950	
1580	0.04	79.001	
1581	0.02	79.050	
1582	0.12	79.100	
1583	0.26	79.150	
1584	0.64	79.200	
1585	1.24	79.250	
1586	1.70	79.300	
1587	2.40	79.350	
1588	3.18	79.400	
1589	3.86	79.450	
1590	4.62	79.501	
1591	5.28	79.550	
1592	5.72	79.600	
1593	5.88	79.650	
1594	5.88	79.700	
1595	5.86	79.750	
1596	5.84	79.800	
1597	5.84	79.850	
1598	5.84	79.900	
1599	5.82	79.950	
1600	5.82	80.000	
1601	5.80	80.050	
1602	5.80	80.100	
1603	5.80	80.200	
1604	5.78	80.250	
1605	5.78	80.312	
1606	5.78	80.350	
1607	5.78	80.406	
1608	5.78	80.450	
1609	5.78	80.500	
1610	5.78	80.550	
1611	5.78	80.600	
1612	5.76	80.650	
1613	5.76	80.701	
1614	5.76	80.750	
1615	5.76	80.800	
1616	5.76	80.850	
1617	5.76	80.900	
1618	5.76	80.950	
1619	5.76	81.000	
1620	5.76	81.050	
1621	5.74	81.100	
1622	5.74	81.150	
1623	5.74	81.200	
1624	5.74	81.250	
1625	5.74	81.301	
1626	5.74	81.350	
1627	5.74	81.400	
1628	5.74	81.450	
1629	5.74	81.500	
1630	5.74	81.550	
1631	5.72	81.600	
1632	5.74	81.650	
1633	5.74	81.700	
1634	5.74	81.751	
1635	5.72	81.800	
1636	5.72	81.850	
1637	5.72	81.900	
1638	5.72	81.950	
1639	5.72	82.000	
1640	5.72	82.050	
1641	5.72	82.100	
1642	5.72	82.150	
1643	5.72	82.200	
1644	5.70	82.250	
1645	5.00	82.300	
1646	3.96	82.350	
1647	2.96	82.401	
1648	2.06	82.450	
1649	1.34	82.500	
1650	0.76	82.550	
1651	0.42	82.601	
1652	0.32	82.650	
1653	0.32	82.700	
1654	0.26	82.750	
1655	0.26	82.800	
1656	0.24	82.850	
1657	0.22	82.900	
1658	0.12	82.950	
1659	0.00	83.000	
1660	-0.02	83.050	
1661	-0.02	83.101	
1662	-0.02	83.150	
1663	-0.02	83.200	
1664	-0.02	83.250	
1665	-0.02	83.300	
1666	-0.02	83.350	
1667	-0.02	83.400	
1668	-0.02	83.450	
1669	-0.02	83.500	
1670	-0.02	83.550	
1671	0.00	83.600	
1672	0.00	83.650	
1673	-0.02	83.700	
1674	-0.02	83.750	
1675	-0.02	83.800	
1676	0.00	83.850	
1677	0.00	83.900	
1678	-0.02	83.950	
1679	0.00	84.001	
1680	-0.02	84.050	
1681	-0.02	84.100	
1682	-0.02	84.150	
1683	0.00	84.200	
1684	-0.02	84.250	
1685	-0.02	84.300	
1686	-0.02	84.350	
1687	-0.02	84.400	
1688	-0.02	84.451	
1689	-0.02	84.500	
1690	-0.02	84.550	
1691	0.00	84.615	
1692	-0.02	84.650	
1693	0.00	84.750	
1694	-0.02	84.800	
1695	-0.02	84.900	
1696	-0.02	84.950	
1697	-0.02	85.050	
1698	-0.02	85.100	
1699	-0.02	85.200	
1700	-0.02	85.251	
1701	-0.02	85.350	
1702	-0.02	85.400	
1703	-0.02	85.500	
