7/24/2024  5:08 PM
Units: N
Readings: Continuous
X-Axis: Time

Reading	Load	Time	
1	0.00	0.000	
2	0.00	0.101	
3	0.00	0.150	
4	0.00	0.200	
5	0.00	0.250	
6	0.00	0.300	
7	0.00	0.350	
8	0.00	0.400	
9	0.00	0.450	
10	0.00	0.500	
11	0.00	0.550	
12	0.00	0.600	
13	0.00	0.650	
14	0.00	0.700	
15	0.00	0.750	
16	0.00	0.800	
17	0.00	0.850	
18	0.00	0.900	
19	0.00	0.950	
20	0.00	1.000	
21	0.00	1.050	
22	0.00	1.100	
23	0.00	1.150	
24	0.00	1.201	
25	0.00	1.250	
26	0.00	1.300	
27	0.00	1.350	
28	0.00	1.400	
29	0.00	1.450	
30	0.00	1.500	
31	0.00	1.551	
32	0.00	1.600	
33	0.00	1.650	
34	0.00	1.700	
35	0.00	1.750	
36	0.00	1.800	
37	0.00	1.850	
38	0.00	1.900	
39	0.00	1.950	
40	0.00	2.000	
41	0.00	2.050	
42	0.00	2.100	
43	0.00	2.151	
44	0.00	2.200	
45	0.00	2.250	
46	0.00	2.300	
47	0.00	2.350	
48	0.00	2.400	
49	0.00	2.450	
50	0.00	2.500	
51	0.00	2.550	
52	0.00	2.600	
53	0.00	2.650	
54	0.00	2.700	
55	0.00	2.750	
56	0.00	2.800	
57	0.00	2.851	
58	0.00	2.900	
59	0.00	2.950	
60	0.00	3.000	
61	0.00	3.050	
62	0.00	3.100	
63	0.00	3.151	
64	0.00	3.200	
65	0.00	3.250	
66	0.00	3.301	
67	0.00	3.350	
68	0.00	3.400	
69	0.00	3.450	
70	0.00	3.501	
71	0.00	3.550	
72	0.00	3.600	
73	0.00	3.650	
74	0.00	3.701	
75	0.00	3.751	
76	0.00	3.802	
77	0.00	3.850	
78	0.00	3.900	
79	0.00	3.950	
80	0.00	4.000	
81	0.00	4.050	
82	0.00	4.100	
83	0.00	4.150	
84	0.00	4.201	
85	0.00	4.250	
86	0.00	4.300	
87	0.00	4.350	
88	0.00	4.401	
89	0.00	4.450	
90	0.00	4.500	
91	0.00	4.550	
92	0.00	4.601	
93	0.00	4.650	
94	-0.02	4.700	
95	0.00	4.751	
96	0.00	4.800	
97	0.00	4.850	
98	0.00	4.900	
99	0.00	4.950	
100	0.00	5.000	
101	0.00	5.051	
102	0.00	5.100	
103	-0.02	5.150	
104	0.00	5.200	
105	0.00	5.250	
106	-0.02	5.301	
107	0.00	5.351	
108	0.00	5.400	
109	0.00	5.450	
110	0.00	5.500	
111	0.00	5.551	
112	0.00	5.600	
113	-0.02	5.650	
114	-0.02	5.701	
115	0.00	5.750	
116	0.00	5.800	
117	0.00	5.850	
118	0.00	5.900	
119	-0.02	5.950	
120	-0.02	6.000	
121	-0.02	6.050	
122	-0.02	6.100	
123	0.00	6.150	
124	-0.02	6.201	
125	-0.02	6.250	
126	0.00	6.300	
127	-0.02	6.351	
128	-0.02	6.400	
129	-0.02	6.450	
130	0.00	6.501	
131	-0.02	6.550	
132	-0.02	6.601	
133	0.00	6.650	
134	0.00	6.700	
135	0.00	6.750	
136	0.00	6.800	
137	0.00	6.850	
138	-0.02	6.900	
139	-0.02	6.950	
140	-0.02	7.000	
141	-0.02	7.050	
142	0.00	7.100	
143	-0.02	7.150	
144	-0.02	7.200	
145	-0.02	7.251	
146	-0.02	7.300	
147	-0.02	7.350	
148	0.00	7.400	
149	-0.02	7.450	
150	-0.02	7.500	
151	-0.02	7.550	
152	-0.02	7.600	
153	-0.02	7.650	
154	-0.02	7.700	
155	-0.02	7.750	
156	-0.02	7.800	
157	-0.02	7.850	
158	-0.02	7.900	
159	0.00	7.950	
160	0.00	8.000	
161	0.00	8.050	
162	0.14	8.100	
163	0.38	8.150	
164	0.92	8.200	
165	1.60	8.250	
166	2.40	8.300	
167	3.18	8.350	
168	3.86	8.400	
169	4.70	8.450	
170	5.42	8.500	
171	5.92	8.550	
172	6.24	8.600	
173	6.32	8.650	
174	6.32	8.700	
175	6.32	8.750	
176	6.32	8.800	
177	6.30	8.850	
178	6.30	8.900	
179	6.28	8.951	
180	6.28	9.000	
181	6.28	9.050	
182	6.26	9.100	
183	6.26	9.150	
184	6.26	9.201	
185	6.26	9.250	
186	6.26	9.300	
187	6.24	9.350	
188	6.24	9.401	
189	6.24	9.451	
190	6.24	9.500	
191	6.24	9.550	
192	6.24	9.600	
193	6.22	9.650	
194	6.22	9.700	
195	6.22	9.750	
196	6.22	9.801	
197	6.22	9.850	
198	6.22	9.900	
199	6.22	9.950	
200	6.22	10.000	
201	6.20	10.050	
202	6.20	10.100	
203	6.20	10.150	
204	6.20	10.200	
205	6.20	10.250	
206	6.20	10.300	
207	6.20	10.350	
208	6.20	10.400	
209	6.20	10.450	
210	6.20	10.500	
211	6.20	10.550	
212	6.20	10.601	
213	6.20	10.650	
214	6.18	10.700	
215	6.18	10.750	
216	6.18	10.801	
217	6.18	10.850	
218	6.18	10.900	
219	6.18	10.951	
220	6.18	11.000	
221	6.18	11.050	
222	6.18	11.100	
223	6.18	11.150	
224	6.18	11.201	
225	6.18	11.250	
226	6.18	11.300	
227	6.18	11.350	
228	6.16	11.400	
229	6.16	11.451	
230	5.02	11.500	
231	3.84	11.550	
232	2.96	11.600	
233	2.26	11.650	
234	1.64	11.700	
235	1.06	11.750	
236	0.60	11.800	
237	0.38	11.850	
238	0.32	11.900	
239	0.28	11.950	
240	0.28	12.000	
241	0.26	12.051	
242	0.26	12.100	
243	0.24	12.150	
244	0.18	12.200	
245	0.06	12.250	
246	0.06	12.300	
247	0.04	12.350	
248	0.04	12.400	
249	0.04	12.450	
250	0.04	12.500	
251	0.04	12.550	
252	0.04	12.600	
253	0.04	12.650	
254	0.04	12.700	
255	0.04	12.750	
256	0.04	12.801	
257	0.04	12.850	
258	0.04	12.900	
259	0.04	12.950	
260	0.04	13.000	
261	0.04	13.050	
262	0.04	13.100	
263	0.04	13.151	
264	0.04	13.200	
265	0.04	13.250	
266	0.04	13.300	
267	0.04	13.350	
268	0.04	13.400	
269	0.04	13.450	
270	0.04	13.500	
271	0.04	13.550	
272	0.04	13.600	
273	0.04	13.650	
274	0.04	13.700	
275	0.04	13.750	
276	0.04	13.801	
277	0.04	13.850	
278	0.04	13.900	
279	0.04	13.950	
280	0.04	14.000	
281	0.04	14.050	
282	0.04	14.101	
283	0.04	14.150	
284	0.04	14.200	
285	0.04	14.250	
286	0.04	14.300	
287	0.04	14.350	
288	0.04	14.400	
289	0.04	14.450	
290	0.04	14.500	
291	0.04	14.550	
292	0.04	14.601	
293	0.04	14.650	
294	0.04	14.700	
295	0.04	14.750	
296	0.04	14.800	
297	0.04	14.850	
298	0.04	14.900	
299	0.04	14.951	
300	0.04	15.000	
301	0.04	15.050	
302	0.04	15.100	
303	0.04	15.150	
304	0.04	15.200	
305	0.04	15.251	
306	0.04	15.300	
307	0.04	15.350	
308	0.04	15.400	
309	0.04	15.450	
310	0.04	15.500	
311	0.02	15.550	
312	0.04	15.600	
313	0.04	15.650	
314	0.04	15.700	
315	0.04	15.750	
316	0.04	15.800	
317	0.04	15.850	
318	0.04	15.900	
319	0.04	15.951	
320	0.04	16.000	
321	0.04	16.050	
322	0.04	16.100	
323	0.04	16.150	
324	0.04	16.200	
325	0.04	16.250	
326	0.04	16.300	
327	0.08	16.350	
328	0.24	16.400	
329	0.64	16.451	
330	1.24	16.500	
331	1.96	16.550	
332	2.74	16.601	
333	3.50	16.650	
334	4.18	16.700	
335	5.02	16.750	
336	5.64	16.800	
337	6.06	16.850	
338	6.26	16.900	
339	6.26	16.950	
340	6.26	17.000	
341	6.26	17.050	
342	6.24	17.100	
343	6.22	17.150	
344	6.22	17.201	
345	6.22	17.250	
346	6.22	17.300	
347	6.20	17.350	
348	6.20	17.401	
349	6.20	17.450	
350	6.20	17.500	
351	6.20	17.551	
352	6.18	17.600	
353	6.18	17.650	
354	6.18	17.700	
355	6.18	17.750	
356	6.18	17.800	
357	6.18	17.850	
358	6.18	17.900	
359	6.18	17.950	
360	6.16	18.001	
361	6.16	18.050	
362	6.16	18.100	
363	6.16	18.150	
364	6.16	18.200	
365	6.16	18.250	
366	6.16	18.300	
367	6.16	18.350	
368	6.16	18.400	
369	6.14	18.450	
370	6.14	18.500	
371	6.14	18.550	
372	6.14	18.600	
373	6.14	18.650	
374	6.14	18.700	
375	6.14	18.750	
376	6.14	18.800	
377	6.14	18.850	
378	6.14	18.900	
379	6.14	18.950	
380	6.14	19.000	
381	6.12	19.051	
382	6.12	19.100	
383	6.12	19.150	
384	6.12	19.200	
385	6.12	19.250	
386	6.12	19.301	
387	6.12	19.350	
388	6.12	19.401	
389	6.12	19.450	
390	6.12	19.500	
391	6.12	19.550	
392	6.12	19.601	
393	6.12	19.650	
394	6.12	19.700	
395	6.12	19.750	
396	6.12	19.800	
397	6.12	19.850	
398	6.12	19.900	
399	6.12	19.950	
400	6.12	20.000	
401	6.12	20.051	
402	6.12	20.100	
403	5.64	20.150	
404	4.20	20.200	
405	3.24	20.250	
406	2.50	20.300	
407	1.84	20.351	
408	1.30	20.400	
409	0.76	20.450	
410	0.44	20.501	
411	0.32	20.550	
412	0.28	20.600	
413	0.28	20.650	
414	0.28	20.700	
415	0.26	20.751	
416	0.26	20.800	
417	0.22	20.850	
418	0.10	20.900	
419	0.08	20.950	
420	0.08	21.000	
421	0.08	21.050	
422	0.08	21.100	
423	0.08	21.150	
424	0.08	21.200	
425	0.08	21.251	
426	0.08	21.301	
427	0.08	21.350	
428	0.08	21.401	
429	0.08	21.450	
430	0.08	21.500	
431	0.08	21.550	
432	0.08	21.600	
433	0.08	21.650	
434	0.08	21.700	
435	0.08	21.750	
436	0.08	21.800	
437	0.08	21.850	
438	0.08	21.900	
439	0.08	21.950	
440	0.08	22.000	
441	0.06	22.050	
442	0.08	22.100	
443	0.06	22.150	
444	0.08	22.200	
445	0.06	22.250	
446	0.06	22.300	
447	0.06	22.351	
448	0.06	22.400	
449	0.06	22.450	
450	0.08	22.500	
451	0.06	22.550	
452	0.06	22.600	
453	0.06	22.650	
454	0.06	22.701	
455	0.06	22.750	
456	0.06	22.800	
457	0.06	22.850	
458	0.06	22.900	
459	0.06	22.950	
460	0.06	23.001	
461	0.06	23.050	
462	0.06	23.100	
463	0.06	23.151	
464	0.06	23.200	
465	0.06	23.250	
466	0.06	23.300	
467	0.06	23.350	
468	0.06	23.401	
469	0.06	23.450	
470	0.06	23.500	
471	0.06	23.550	
472	0.06	23.600	
473	0.06	23.650	
474	0.06	23.700	
475	0.06	23.750	
476	0.06	23.800	
477	0.06	23.850	
478	0.06	23.900	
479	0.06	23.950	
480	0.06	24.000	
481	0.06	24.050	
482	0.06	24.100	
483	0.06	24.151	
484	0.06	24.200	
485	0.06	24.250	
486	0.06	24.301	
487	0.06	24.350	
488	0.06	24.400	
489	0.06	24.450	
490	0.06	24.500	
491	0.06	24.551	
492	0.06	24.600	
493	0.06	24.650	
494	0.06	24.700	
495	0.06	24.751	
496	0.06	24.800	
497	0.06	24.850	
498	0.06	24.900	
499	0.06	24.950	
500	0.06	25.000	
501	0.06	25.050	
502	0.06	25.100	
503	0.06	25.150	
504	0.06	25.200	
505	0.06	25.250	
506	0.06	25.300	
507	0.06	25.350	
508	0.06	25.400	
509	0.06	25.450	
510	0.06	25.500	
511	0.06	25.550	
512	0.06	25.600	
513	0.06	25.650	
514	0.06	25.700	
515	0.06	25.750	
516	0.06	25.801	
517	0.06	25.851	
518	0.06	25.900	
519	0.06	25.950	
520	0.06	26.000	
521	0.06	26.050	
522	0.06	26.100	
523	0.06	26.150	
524	0.06	26.200	
525	0.06	26.250	
526	0.06	26.300	
527	0.06	26.350	
528	0.06	26.401	
529	0.06	26.450	
530	0.06	26.500	
531	0.06	26.550	
532	0.06	26.600	
533	0.06	26.650	
534	0.06	26.700	
535	0.06	26.750	
536	0.06	26.801	
537	0.06	26.850	
538	0.06	26.900	
539	0.06	26.950	
540	0.06	27.000	
541	0.06	27.050	
542	0.06	27.101	
543	0.14	27.150	
544	0.34	27.200	
545	0.76	27.250	
546	1.40	27.301	
547	2.16	27.350	
548	2.90	27.400	
549	3.62	27.450	
550	4.40	27.500	
551	5.18	27.550	
552	5.72	27.600	
553	6.04	27.650	
554	6.14	27.700	
555	6.14	27.750	
556	6.12	27.800	
557	6.12	27.850	
558	6.10	27.900	
559	6.10	27.950	
560	6.08	28.000	
561	6.08	28.050	
562	6.08	28.100	
563	6.06	28.150	
564	6.06	28.200	
565	6.06	28.250	
566	6.06	28.300	
567	6.06	28.350	
568	6.06	28.400	
569	6.06	28.450	
570	6.04	28.500	
571	6.04	28.550	
572	6.04	28.600	
573	6.04	28.651	
574	6.04	28.700	
575	6.04	28.750	
576	6.04	28.800	
577	6.02	28.850	
578	6.02	28.900	
579	6.02	28.950	
580	6.02	29.000	
581	6.02	29.050	
582	6.02	29.100	
583	6.02	29.151	
584	6.02	29.200	
585	6.02	29.250	
586	6.02	29.300	
587	6.02	29.350	
588	6.02	29.401	
589	6.00	29.450	
590	6.00	29.500	
591	6.00	29.550	
592	6.00	29.600	
593	6.00	29.650	
594	6.00	29.700	
595	6.00	29.750	
596	6.00	29.800	
597	6.00	29.850	
598	6.02	29.900	
599	5.02	29.950	
600	3.72	30.000	
601	2.88	30.050	
602	2.18	30.101	
603	1.22	30.150	
604	1.04	30.200	
605	0.56	30.250	
606	0.34	30.300	
607	0.26	30.350	
608	0.24	30.400	
609	0.24	30.450	
610	0.22	30.500	
611	0.22	30.550	
612	0.20	30.600	
613	0.16	30.650	
614	0.08	30.700	
615	0.06	30.750	
616	0.06	30.800	
617	0.06	30.850	
618	0.06	30.900	
619	0.06	30.950	
620	0.06	31.000	
621	0.06	31.050	
622	0.06	31.100	
623	0.06	31.150	
624	0.06	31.200	
625	0.06	31.250	
626	0.06	31.300	
627	0.06	31.351	
628	0.06	31.400	
629	0.06	31.450	
630	0.06	31.501	
631	0.06	31.550	
632	0.06	31.600	
633	0.06	31.651	
634	0.06	31.700	
635	0.06	31.750	
636	0.06	31.801	
637	0.06	31.850	
638	0.06	31.900	
639	0.06	31.950	
640	0.06	32.001	
641	0.06	32.051	
642	0.06	32.100	
643	0.06	32.150	
644	0.06	32.201	
645	0.06	32.250	
646	0.06	32.301	
647	0.06	32.350	
648	0.06	32.400	
649	0.06	32.450	
650	0.06	32.500	
651	0.06	32.550	
652	0.06	32.600	
653	0.06	32.650	
654	0.06	32.700	
655	0.06	32.750	
656	0.06	32.800	
657	0.06	32.850	
658	0.06	32.900	
659	0.06	32.950	
660	0.06	33.000	
661	0.06	33.050	
662	0.06	33.100	
663	0.06	33.150	
664	0.06	33.200	
665	0.06	33.250	
666	0.06	33.300	
667	0.06	33.350	
668	0.06	33.400	
669	0.06	33.450	
670	0.06	33.500	
671	0.06	33.550	
672	0.06	33.600	
673	0.06	33.650	
674	0.06	33.700	
675	0.06	33.750	
676	0.06	33.800	
677	0.06	33.850	
678	0.06	33.900	
679	0.10	33.950	
680	0.26	34.000	
681	0.60	34.050	
682	1.22	34.100	
683	1.92	34.150	
684	2.70	34.200	
685	3.44	34.250	
686	4.12	34.300	
687	4.92	34.350	
688	5.52	34.400	
689	5.92	34.450	
690	6.06	34.500	
691	6.06	34.550	
692	6.06	34.600	
693	6.04	34.650	
694	6.04	34.700	
695	6.02	34.750	
696	6.02	34.800	
697	6.00	34.851	
698	6.00	34.900	
699	6.00	34.950	
700	5.98	35.000	
701	5.98	35.050	
702	5.98	35.101	
703	5.98	35.150	
704	5.98	35.200	
705	5.98	35.251	
706	5.98	35.300	
707	5.96	35.350	
708	5.96	35.400	
709	5.96	35.450	
710	5.96	35.500	
711	5.96	35.550	
712	5.96	35.600	
713	5.96	35.651	
714	5.94	35.700	
715	5.94	35.750	
716	5.94	35.800	
717	5.94	35.851	
718	5.94	35.900	
719	5.94	35.950	
720	5.94	36.000	
721	5.94	36.050	
722	5.94	36.100	
723	5.94	36.151	
724	5.94	36.200	
725	5.94	36.251	
726	5.92	36.300	
727	5.94	36.350	
728	5.92	36.400	
729	5.92	36.450	
730	5.92	36.500	
731	5.92	36.550	
732	5.92	36.601	
733	5.92	36.650	
734	5.92	36.700	
735	5.92	36.750	
736	5.92	36.800	
737	5.92	36.851	
738	5.92	36.900	
739	5.92	36.950	
740	5.92	37.000	
741	5.92	37.050	
742	5.92	37.101	
743	5.76	37.150	
744	4.42	37.200	
745	3.36	37.250	
746	2.58	37.300	
747	1.92	37.350	
748	1.34	37.400	
749	0.82	37.450	
750	0.44	37.500	
751	0.28	37.550	
752	0.24	37.601	
753	0.22	37.650	
754	0.22	37.701	
755	0.20	37.751	
756	0.20	37.800	
757	0.18	37.850	
758	0.10	37.900	
759	0.08	37.950	
760	0.06	38.000	
761	0.06	38.050	
762	0.06	38.101	
763	0.06	38.151	
764	0.06	38.200	
765	0.06	38.250	
766	0.06	38.300	
767	0.06	38.351	
768	0.06	38.400	
769	0.06	38.450	
770	0.06	38.500	
771	0.06	38.550	
772	0.06	38.600	
773	0.06	38.650	
774	0.06	38.700	
775	0.06	38.750	
776	0.06	38.800	
777	0.06	38.850	
778	0.06	38.900	
779	0.06	38.950	
780	0.06	39.000	
781	0.06	39.050	
782	0.06	39.100	
783	0.06	39.150	
784	0.06	39.201	
785	0.06	39.250	
786	0.06	39.301	
787	0.06	39.350	
788	0.06	39.400	
789	0.06	39.450	
790	0.06	39.500	
791	0.06	39.550	
792	0.06	39.601	
793	0.06	39.650	
794	0.06	39.700	
795	0.06	39.750	
796	0.06	39.800	
797	0.06	39.850	
798	0.06	39.900	
799	0.06	39.950	
800	0.06	40.000	
801	0.06	40.050	
802	0.06	40.100	
803	0.06	40.150	
804	0.06	40.200	
805	0.06	40.250	
806	0.06	40.300	
807	0.06	40.350	
808	0.06	40.400	
809	0.06	40.450	
810	0.06	40.500	
811	0.06	40.550	
812	0.06	40.600	
813	0.06	40.650	
814	0.06	40.700	
815	0.06	40.750	
816	0.06	40.800	
817	0.06	40.850	
818	0.14	40.900	
819	0.40	40.950	
820	0.84	41.000	
821	1.50	41.050	
822	2.26	41.100	
823	3.00	41.150	
824	3.68	41.200	
825	4.50	41.250	
826	5.24	41.300	
827	5.78	41.350	
828	6.12	41.400	
829	6.18	41.450	
830	6.18	41.500	
831	6.16	41.550	
832	6.14	41.600	
833	6.14	41.650	
834	6.12	41.700	
835	6.12	41.750	
836	6.12	41.800	
837	6.12	41.850	
838	6.10	41.900	
839	6.10	41.950	
840	6.10	42.000	
841	6.10	42.050	
842	6.10	42.100	
843	6.08	42.150	
844	6.08	42.200	
845	6.08	42.250	
846	6.08	42.300	
847	6.08	42.350	
848	6.08	42.400	
849	6.06	42.450	
850	6.06	42.500	
851	6.06	42.550	
852	6.06	42.600	
853	6.06	42.650	
854	6.06	42.700	
855	6.06	42.750	
856	6.06	42.800	
857	6.06	42.850	
858	6.06	42.900	
859	6.06	42.951	
860	6.06	43.001	
861	6.04	43.050	
862	6.04	43.100	
863	6.04	43.150	
864	6.04	43.200	
865	6.04	43.250	
866	6.04	43.300	
867	6.04	43.350	
868	6.04	43.400	
869	6.04	43.450	
870	6.04	43.500	
871	6.04	43.550	
872	6.04	43.600	
873	6.04	43.650	
874	6.04	43.700	
875	6.02	43.750	
876	6.04	43.800	
877	6.02	43.850	
878	6.04	43.900	
879	6.02	43.950	
880	5.98	44.000	
881	4.70	44.050	
882	3.56	44.100	
883	2.76	44.150	
884	2.06	44.200	
885	1.46	44.250	
886	0.94	44.300	
887	0.52	44.350	
888	0.32	44.400	
889	0.26	44.450	
890	0.24	44.500	
891	0.24	44.550	
892	0.22	44.600	
893	0.22	44.650	
894	0.20	44.700	
895	0.14	44.750	
896	0.06	44.800	
897	0.06	44.850	
898	0.06	44.900	
899	0.06	44.950	
900	0.06	45.000	
901	0.06	45.050	
902	0.06	45.100	
903	0.06	45.153	
904	0.06	45.200	
905	0.06	45.250	
906	0.06	45.300	
907	0.06	45.350	
908	0.06	45.400	
909	0.06	45.450	
910	0.06	45.500	
911	0.06	45.550	
912	0.06	45.600	
913	0.06	45.650	
914	0.06	45.700	
915	0.06	45.750	
916	0.06	45.800	
917	0.06	45.850	
918	0.06	45.900	
919	0.06	45.951	
920	0.04	46.001	
921	0.04	46.050	
922	0.06	46.100	
923	0.04	46.150	
924	0.04	46.200	
925	0.06	46.250	
926	0.04	46.300	
927	0.04	46.350	
928	0.04	46.400	
929	0.04	46.451	
930	0.06	46.500	
931	0.06	46.550	
932	0.06	46.600	
933	0.06	46.650	
934	0.06	46.700	
935	0.04	46.750	
936	0.04	46.801	
937	0.06	46.850	
938	0.06	46.900	
939	0.06	46.950	
940	0.06	47.000	
941	0.04	47.050	
942	0.04	47.100	
943	0.04	47.150	
944	0.04	47.200	
945	0.06	47.250	
946	0.04	47.300	
947	0.04	47.350	
948	0.06	47.400	
949	0.04	47.450	
950	0.04	47.500	
951	0.04	47.550	
952	0.04	47.600	
953	0.04	47.650	
954	0.04	47.700	
955	0.04	47.750	
956	0.04	47.800	
957	0.04	47.850	
958	0.04	47.900	
959	0.04	47.950	
960	0.04	48.000	
961	0.04	48.050	
962	0.04	48.101	
963	0.04	48.150	
964	0.04	48.200	
965	0.04	48.250	
966	0.04	48.300	
967	0.04	48.350	
968	0.04	48.400	
969	0.06	48.450	
970	0.04	48.500	
971	0.12	48.550	
972	0.42	48.600	
973	0.86	48.650	
974	1.52	48.700	
975	2.26	48.750	
976	3.02	48.800	
977	3.70	48.850	
978	4.46	48.900	
979	5.18	48.950	
980	5.66	49.000	
981	5.98	49.050	
982	6.04	49.100	
983	6.02	49.150	
984	6.00	49.200	
985	6.00	49.250	
986	5.98	49.300	
987	5.98	49.350	
988	5.98	49.400	
989	5.96	49.450	
990	5.96	49.500	
991	5.96	49.550	
992	5.94	49.600	
993	5.94	49.650	
994	5.94	49.700	
995	5.94	49.750	
996	5.94	49.800	
997	5.92	49.851	
998	5.92	49.900	
999	5.92	49.951	
1000	5.92	50.001	
1001	5.92	50.050	
1002	5.92	50.105	
1003	5.92	50.150	
1004	5.92	50.200	
1005	5.90	50.250	
1006	5.90	50.301	
1007	5.90	50.351	
1008	5.90	50.400	
1009	5.90	50.450	
1010	5.90	50.500	
1011	5.90	50.550	
1012	5.90	50.600	
1013	5.90	50.650	
1014	5.90	50.700	
1015	5.90	50.750	
1016	5.90	50.800	
1017	5.90	50.850	
1018	5.88	50.900	
1019	5.88	50.950	
1020	5.88	51.000	
1021	5.88	51.050	
1022	5.88	51.101	
1023	5.88	51.150	
1024	5.88	51.200	
1025	5.88	51.250	
1026	5.88	51.300	
1027	5.88	51.350	
1028	5.88	51.400	
1029	5.30	51.450	
1030	3.96	51.500	
1031	3.06	51.550	
1032	2.32	51.600	
1033	1.66	51.650	
1034	1.16	51.700	
1035	0.66	51.750	
1036	0.36	51.800	
1037	0.26	51.850	
1038	0.24	51.900	
1039	0.22	51.950	
1040	0.22	52.000	
1041	0.22	52.050	
1042	0.22	52.100	
1043	0.18	52.150	
1044	0.06	52.201	
1045	0.04	52.250	
1046	0.04	52.300	
1047	0.04	52.350	
1048	0.06	52.400	
1049	0.06	52.450	
1050	0.04	52.500	
1051	0.04	52.550	
1052	0.06	52.600	
1053	0.06	52.650	
1054	0.04	52.700	
1055	0.04	52.750	
1056	0.04	52.800	
1057	0.04	52.850	
1058	0.04	52.901	
1059	0.04	52.951	
1060	0.04	53.000	
1061	0.04	53.050	
1062	0.04	53.100	
1063	0.04	53.150	
1064	0.04	53.200	
1065	0.04	53.250	
1066	0.04	53.300	
1067	0.04	53.350	
1068	0.04	53.400	
1069	0.04	53.450	
1070	0.04	53.500	
1071	0.04	53.550	
1072	0.04	53.600	
1073	0.04	53.651	
1074	0.04	53.700	
1075	0.04	53.751	
1076	0.04	53.800	
1077	0.04	53.850	
1078	0.04	53.900	
1079	0.04	53.950	
1080	0.04	54.000	
1081	0.04	54.050	
1082	0.04	54.100	
1083	0.04	54.150	
1084	0.04	54.200	
1085	0.04	54.250	
1086	0.04	54.300	
1087	0.04	54.350	
1088	0.04	54.400	
1089	0.04	54.451	
1090	0.04	54.500	
1091	0.04	54.550	
1092	0.04	54.600	
1093	0.04	54.650	
1094	0.04	54.700	
1095	0.04	54.750	
1096	0.04	54.800	
1097	0.04	54.850	
1098	0.04	54.900	
1099	0.04	54.950	
1100	0.04	55.000	
1101	0.04	55.050	
1102	0.04	55.100	
1103	0.04	55.158	
1104	0.04	55.200	
1105	0.04	55.250	
1106	0.04	55.300	
1107	0.04	55.350	
1108	0.04	55.400	
1109	0.04	55.450	
1110	0.04	55.500	
1111	0.04	55.550	
1112	0.04	55.600	
1113	0.04	55.650	
1114	0.04	55.700	
1115	0.06	55.750	
1116	0.04	55.800	
1117	0.06	55.850	
1118	0.18	55.900	
1119	0.48	55.950	
1120	1.02	56.000	
1121	1.74	56.050	
1122	2.50	56.100	
1123	3.24	56.150	
1124	3.90	56.200	
1125	4.72	56.250	
1126	5.38	56.300	
1127	5.84	56.350	
1128	6.06	56.400	
1129	6.08	56.450	
1130	6.08	56.500	
1131	6.06	56.550	
1132	6.06	56.600	
1133	6.04	56.650	
1134	6.04	56.700	
1135	6.02	56.750	
1136	6.02	56.800	
1137	6.02	56.851	
1138	6.00	56.900	
1139	6.00	56.950	
1140	6.00	57.000	
1141	6.00	57.051	
1142	5.98	57.100	
1143	5.98	57.150	
1144	5.98	57.200	
1145	5.98	57.250	
1146	5.98	57.300	
1147	5.98	57.351	
1148	5.98	57.400	
1149	5.98	57.450	
1150	5.98	57.500	
1151	5.98	57.550	
1152	5.96	57.600	
1153	5.96	57.650	
1154	5.96	57.700	
1155	5.96	57.750	
1156	5.96	57.800	
1157	5.96	57.850	
1158	5.96	57.901	
1159	5.96	57.950	
1160	5.96	58.000	
1161	5.96	58.050	
1162	5.94	58.100	
1163	5.94	58.150	
1164	5.94	58.200	
1165	5.94	58.250	
1166	5.94	58.300	
1167	5.94	58.350	
1168	5.94	58.400	
1169	5.94	58.450	
1170	5.94	58.500	
1171	5.94	58.555	
1172	5.94	58.600	
1173	5.94	58.650	
1174	5.94	58.700	
1175	5.92	58.750	
1176	5.94	58.801	
1177	5.92	58.850	
1178	5.94	58.900	
1179	5.00	58.950	
1180	3.74	59.000	
1181	2.86	59.050	
1182	2.14	59.100	
1183	1.54	59.150	
1184	1.04	59.200	
1185	0.56	59.250	
1186	0.34	59.300	
1187	0.26	59.350	
1188	0.24	59.401	
1189	0.22	59.465	
1190	0.22	59.500	
1191	0.22	59.555	
1192	0.20	59.600	
1193	0.14	59.650	
1194	0.06	59.700	
1195	0.04	59.750	
1196	0.04	59.800	
1197	0.04	59.850	
1198	0.06	59.900	
1199	0.04	59.950	
1200	0.04	60.000	
1201	0.04	60.050	
1202	0.04	60.100	
1203	0.04	60.158	
1204	0.04	60.200	
1205	0.04	60.250	
1206	0.04	60.300	
1207	0.04	60.350	
1208	0.04	60.400	
1209	0.04	60.450	
1210	0.04	60.500	
1211	0.04	60.550	
1212	0.04	60.600	
1213	0.04	60.651	
1214	0.04	60.700	
1215	0.04	60.750	
1216	0.04	60.800	
1217	0.04	60.850	
1218	0.04	60.900	
1219	0.04	60.950	
1220	0.04	61.000	
1221	0.04	61.050	
1222	0.04	61.100	
1223	0.04	61.150	
1224	0.04	61.200	
1225	0.04	61.250	
1226	0.04	61.300	
1227	0.04	61.350	
1228	0.04	61.400	
1229	0.04	61.450	
1230	0.04	61.500	
1231	0.04	61.550	
1232	0.04	61.600	
1233	0.04	61.650	
1234	0.04	61.700	
1235	0.04	61.750	
1236	0.04	61.800	
1237	0.04	61.850	
1238	0.04	61.900	
1239	0.04	61.950	
1240	0.04	62.000	
1241	0.04	62.050	
1242	0.04	62.100	
1243	0.04	62.150	
1244	0.04	62.200	
1245	0.04	62.250	
1246	0.04	62.300	
1247	0.04	62.350	
1248	0.04	62.400	
1249	0.04	62.451	
1250	0.04	62.500	
1251	0.04	62.550	
1252	0.04	62.601	
1253	0.04	62.650	
1254	0.04	62.700	
1255	0.04	62.750	
1256	0.04	62.801	
1257	0.04	62.850	
1258	0.04	62.900	
1259	0.04	62.950	
1260	0.04	63.001	
1261	0.04	63.050	
1262	0.04	63.100	
1263	0.04	63.150	
1264	0.04	63.200	
1265	0.04	63.250	
1266	0.04	63.300	
1267	0.04	63.350	
1268	0.04	63.400	
1269	0.12	63.450	
1270	0.30	63.500	
1271	0.72	63.550	
1272	1.38	63.600	
1273	2.14	63.650	
1274	2.90	63.700	
1275	3.60	63.750	
1276	4.38	63.800	
1277	5.14	63.850	
1278	5.70	63.900	
1279	6.04	63.950	
1280	6.14	64.000	
1281	6.12	64.050	
1282	6.12	64.100	
1283	6.10	64.150	
1284	6.10	64.200	
1285	6.08	64.250	
1286	6.08	64.300	
1287	6.06	64.350	
1288	6.06	64.400	
1289	6.06	64.450	
1290	6.06	64.500	
1291	6.04	64.550	
1292	6.04	64.600	
1293	6.04	64.651	
1294	6.04	64.700	
1295	6.04	64.750	
1296	6.02	64.800	
1297	6.02	64.850	
1298	6.02	64.901	
1299	6.02	64.951	
1300	6.02	65.000	
1301	6.02	65.050	
1302	6.00	65.100	
1303	6.00	65.161	
1304	6.02	65.200	
1305	6.00	65.250	
1306	6.00	65.300	
1307	6.00	65.350	
1308	6.00	65.401	
1309	6.00	65.450	
1310	6.00	65.500	
1311	6.00	65.550	
1312	6.00	65.600	
1313	6.00	65.650	
1314	5.98	65.700	
1315	6.00	65.750	
1316	5.98	65.800	
1317	5.98	65.850	
1318	5.98	65.901	
1319	5.98	65.950	
1320	5.98	66.000	
1321	5.98	66.050	
1322	5.98	66.101	
1323	5.98	66.150	
1324	5.98	66.200	
1325	5.98	66.250	
1326	5.98	66.300	
1327	5.98	66.351	
1328	5.98	66.400	
1329	5.98	66.450	
1330	5.98	66.500	
1331	5.98	66.550	
1332	5.98	66.600	
1333	5.96	66.650	
1334	4.84	66.700	
1335	3.62	66.750	
1336	2.76	66.800	
1337	2.04	66.851	
1338	1.44	66.900	
1339	0.92	66.950	
1340	0.50	67.000	
1341	0.32	67.050	
1342	0.26	67.100	
1343	0.24	67.150	
1344	0.22	67.200	
1345	0.22	67.250	
1346	0.22	67.300	
1347	0.20	67.351	
1348	0.06	67.408	
1349	0.06	67.450	
1350	0.06	67.500	
1351	0.06	67.550	
1352	0.06	67.600	
1353	0.06	67.650	
1354	0.06	67.700	
1355	0.06	67.751	
1356	0.06	67.800	
1357	0.06	67.850	
1358	0.04	67.900	
1359	0.06	67.950	
1360	0.06	68.000	
1361	0.06	68.050	
1362	0.04	68.100	
1363	0.06	68.150	
1364	0.06	68.200	
1365	0.06	68.251	
1366	0.06	68.300	
1367	0.06	68.350	
1368	0.04	68.400	
1369	0.06	68.450	
1370	0.06	68.500	
1371	0.06	68.550	
1372	0.04	68.600	
1373	0.06	68.651	
1374	0.04	68.700	
1375	0.04	68.750	
1376	0.06	68.800	
1377	0.06	68.850	
1378	0.06	68.900	
1379	0.04	68.950	
1380	0.04	69.000	
1381	0.04	69.050	
1382	0.04	69.100	
1383	0.04	69.150	
1384	0.04	69.200	
1385	0.04	69.250	
1386	0.06	69.300	
1387	0.04	69.350	
1388	0.04	69.400	
1389	0.04	69.450	
1390	0.04	69.500	
1391	0.04	69.550	
1392	0.04	69.600	
1393	0.04	69.650	
1394	0.04	69.700	
1395	0.04	69.750	
1396	0.04	69.800	
1397	0.04	69.850	
1398	0.04	69.900	
1399	0.04	69.950	
1400	0.04	70.000	
1401	0.04	70.050	
1402	0.04	70.100	
1403	0.04	70.161	
1404	0.04	70.200	
1405	0.04	70.250	
1406	0.04	70.300	
1407	0.04	70.350	
1408	0.04	70.400	
1409	0.04	70.450	
1410	0.04	70.500	
1411	0.04	70.550	
1412	0.04	70.600	
1413	0.04	70.651	
1414	0.04	70.700	
1415	0.04	70.751	
1416	0.04	70.800	
1417	0.04	70.850	
1418	0.04	70.901	
1419	0.04	70.950	
1420	0.04	71.000	
1421	0.04	71.050	
1422	0.04	71.100	
1423	0.04	71.151	
1424	0.04	71.200	
1425	0.04	71.250	
1426	0.04	71.300	
1427	0.04	71.350	
1428	0.04	71.400	
1429	0.04	71.450	
1430	0.04	71.500	
1431	0.04	71.550	
1432	0.04	71.601	
1433	0.04	71.650	
1434	0.04	71.701	
1435	0.04	71.750	
1436	0.04	71.800	
1437	0.04	71.850	
1438	0.04	71.900	
1439	0.04	71.951	
1440	0.04	72.000	
1441	0.04	72.050	
1442	0.04	72.100	
1443	0.04	72.150	
1444	0.04	72.200	
1445	0.04	72.250	
1446	0.04	72.300	
1447	0.12	72.351	
1448	0.36	72.401	
1449	0.84	72.450	
1450	1.50	72.500	
1451	2.28	72.550	
1452	3.02	72.600	
1453	3.68	72.650	
1454	4.48	72.700	
1455	5.20	72.750	
1456	5.70	72.800	
1457	5.98	72.850	
1458	6.06	72.900	
1459	6.04	72.950	
1460	6.02	73.000	
1461	6.00	73.050	
1462	6.00	73.100	
1463	6.00	73.150	
1464	5.98	73.200	
1465	5.98	73.251	
1466	5.98	73.300	
1467	5.96	73.350	
1468	5.96	73.400	
1469	5.96	73.450	
1470	5.96	73.500	
1471	5.96	73.550	
1472	5.94	73.600	
1473	5.94	73.650	
1474	5.94	73.700	
1475	5.94	73.750	
1476	5.94	73.800	
1477	5.94	73.850	
1478	5.92	73.900	
1479	5.94	73.950	
1480	5.92	74.000	
1481	5.92	74.050	
1482	5.92	74.100	
1483	5.92	74.151	
1484	5.92	74.200	
1485	5.92	74.250	
1486	5.92	74.300	
1487	5.92	74.350	
1488	5.92	74.401	
1489	5.92	74.450	
1490	5.90	74.501	
1491	5.90	74.550	
1492	5.90	74.600	
1493	5.90	74.651	
1494	5.90	74.700	
1495	5.90	74.750	
1496	5.90	74.800	
1497	5.90	74.850	
1498	5.90	74.900	
1499	5.90	74.950	
1500	5.90	75.000	
1501	5.90	75.050	
1502	5.90	75.100	
1503	5.90	75.150	
1504	5.90	75.200	
1505	5.90	75.250	
1506	5.90	75.300	
1507	5.88	75.350	
1508	5.88	75.400	
1509	5.88	75.451	
1510	5.88	75.500	
1511	5.88	75.550	
1512	5.88	75.600	
1513	5.88	75.650	
1514	5.88	75.700	
1515	5.88	75.750	
1516	5.88	75.800	
1517	5.88	75.850	
1518	4.82	75.900	
1519	3.60	75.950	
1520	2.74	76.001	
1521	2.02	76.050	
1522	1.44	76.100	
1523	0.92	76.150	
1524	0.50	76.200	
1525	0.32	76.250	
1526	0.26	76.300	
1527	0.24	76.350	
1528	0.22	76.401	
1529	0.22	76.450	
1530	0.20	76.500	
1531	0.18	76.551	
1532	0.12	76.600	
1533	0.06	76.650	
1534	0.06	76.700	
1535	0.06	76.750	
1536	0.06	76.800	
1537	0.06	76.850	
1538	0.06	76.900	
1539	0.06	76.950	
1540	0.06	77.000	
1541	0.04	77.050	
1542	0.06	77.100	
1543	0.06	77.150	
1544	0.06	77.200	
1545	0.04	77.250	
1546	0.06	77.301	
1547	0.06	77.350	
1548	0.06	77.400	
1549	0.04	77.450	
1550	0.06	77.500	
1551	0.06	77.550	
1552	0.06	77.600	
1553	0.04	77.650	
1554	0.04	77.700	
1555	0.04	77.750	
1556	0.04	77.800	
1557	0.04	77.850	
1558	0.04	77.900	
1559	0.04	77.950	
1560	0.04	78.000	
1561	0.04	78.062	
1562	0.04	78.100	
1563	0.04	78.156	
1564	0.04	78.200	
1565	0.04	78.250	
1566	0.04	78.300	
1567	0.04	78.350	
1568	0.04	78.400	
1569	0.04	78.450	
1570	0.04	78.500	
1571	0.04	78.550	
1572	0.04	78.601	
1573	0.04	78.650	
1574	0.04	78.700	
1575	0.04	78.750	
1576	0.04	78.811	
1577	0.04	78.850	
1578	0.04	78.906	
1579	0.04	78.950	
1580	0.04	79.000	
1581	0.04	79.050	
1582	0.04	79.100	
1583	0.04	79.150	
1584	0.04	79.212	
1585	0.04	79.251	
1586	0.04	79.306	
1587	0.04	79.350	
1588	0.04	79.400	
1589	0.04	79.450	
1590	0.04	79.500	
1591	0.04	79.550	
1592	0.04	79.600	
1593	0.04	79.650	
1594	0.04	79.700	
1595	0.04	79.750	
1596	0.04	79.800	
1597	0.04	79.850	
1598	0.04	79.900	
1599	0.04	79.950	
1600	0.04	80.000	
1601	0.04	80.050	
1602	0.04	80.100	
1603	0.04	80.164	
1604	0.04	80.200	
1605	0.04	80.258	
1606	0.04	80.300	
1607	0.04	80.350	
1608	0.04	80.400	
1609	0.04	80.450	
1610	0.04	80.500	
1611	0.04	80.550	
1612	0.04	80.600	
1613	0.04	80.650	
1614	0.04	80.700	
1615	0.04	80.750	
1616	0.04	80.800	
1617	0.04	80.850	
1618	0.04	80.900	
1619	0.04	80.950	
1620	0.04	81.000	
1621	0.04	81.050	
1622	0.04	81.100	
1623	0.04	81.151	
1624	0.04	81.200	
1625	0.04	81.260	
1626	0.04	81.300	
1627	0.04	81.351	
1628	0.04	81.400	
1629	0.04	81.450	
1630	0.16	81.500	
1631	0.46	81.550	
1632	0.98	81.600	
1633	1.70	81.650	
1634	2.46	81.700	
1635	3.20	81.750	
1636	3.88	81.800	
1637	4.72	81.850	
1638	5.38	81.901	
1639	5.86	81.950	
1640	6.12	82.000	
1641	6.16	82.050	
1642	6.14	82.100	
1643	6.12	82.150	
1644	6.12	82.200	
1645	6.10	82.250	
1646	6.10	82.300	
1647	6.08	82.350	
1648	6.08	82.400	
1649	6.08	82.450	
1650	6.06	82.500	
1651	6.06	82.550	
1652	6.06	82.600	
1653	6.06	82.650	
1654	6.06	82.700	
1655	6.06	82.750	
1656	6.04	82.800	
1657	6.06	82.850	
1658	6.04	82.900	
1659	6.04	82.950	
1660	6.04	83.001	
1661	6.04	83.050	
1662	6.04	83.100	
1663	6.04	83.150	
1664	6.04	83.200	
1665	6.02	83.250	
1666	6.02	83.300	
1667	6.02	83.350	
1668	6.02	83.400	
1669	6.02	83.450	
1670	6.02	83.500	
1671	6.02	83.550	
1672	6.02	83.600	
1673	6.02	83.650	
1674	6.02	83.700	
1675	6.00	83.751	
1676	6.00	83.800	
1677	6.00	83.850	
1678	6.00	83.900	
1679	6.00	83.950	
1680	6.00	84.000	
1681	6.00	84.050	
1682	6.00	84.100	
1683	6.00	84.151	
1684	6.00	84.200	
1685	6.00	84.251	
1686	6.00	84.300	
1687	6.00	84.350	
1688	6.00	84.400	
1689	6.00	84.450	
1690	6.00	84.500	
1691	6.00	84.550	
1692	6.00	84.600	
1693	5.98	84.650	
1694	6.00	84.700	
1695	5.88	84.750	
1696	4.58	84.800	
1697	3.44	84.850	
1698	2.62	84.900	
1699	1.92	84.950	
1700	1.36	85.000	
1701	0.84	85.051	
1702	0.46	85.100	
1703	0.30	85.150	
1704	0.26	85.200	
1705	0.22	85.250	
1706	0.22	85.300	
1707	0.22	85.350	
1708	0.22	85.400	
1709	0.18	85.450	
1710	0.10	85.500	
1711	0.06	85.550	
1712	0.06	85.601	
1713	0.06	85.650	
1714	0.06	85.700	
1715	0.06	85.750	
1716	0.06	85.800	
1717	0.06	85.850	
1718	0.06	85.900	
1719	0.06	85.950	
1720	0.04	86.000	
1721	0.06	86.050	
1722	0.04	86.100	
1723	0.04	86.150	
1724	0.06	86.200	
1725	0.04	86.250	
1726	0.04	86.300	
1727	0.06	86.350	
1728	0.06	86.400	
1729	0.04	86.450	
1730	0.04	86.500	
1731	0.04	86.550	
1732	0.04	86.600	
1733	0.04	86.650	
1734	0.04	86.700	
1735	0.04	86.750	
1736	0.04	86.800	
1737	0.04	86.850	
1738	0.04	86.900	
1739	0.04	86.950	
1740	0.04	87.000	
1741	0.04	87.050	
1742	0.04	87.100	
1743	0.04	87.150	
1744	0.04	87.201	
1745	0.04	87.251	
1746	0.04	87.300	
1747	0.04	87.350	
1748	0.04	87.400	
1749	0.04	87.450	
1750	0.04	87.500	
1751	0.04	87.550	
1752	0.04	87.600	
1753	0.04	87.651	
1754	0.04	87.700	
1755	0.04	87.750	
1756	0.04	87.800	
1757	0.04	87.850	
1758	0.04	87.900	
1759	0.04	87.950	
1760	0.04	88.000	
1761	0.04	88.050	
1762	0.04	88.100	
1763	0.04	88.150	
1764	0.04	88.200	
1765	0.04	88.250	
1766	0.04	88.300	
1767	0.04	88.350	
1768	0.04	88.413	
1769	0.04	88.450	
1770	0.04	88.514	
1771	0.04	88.550	
1772	0.04	88.611	
1773	0.04	88.650	
1774	0.04	88.708	
1775	0.04	88.750	
1776	0.04	88.806	
1777	0.04	88.850	
1778	0.04	88.900	
1779	0.04	88.950	
1780	0.04	89.000	
1781	0.04	89.051	
