7/24/2024  5:03 PM
Units: N
Readings: Continuous
X-Axis: Time

Reading	Load	Time	
1	0.02	0.000	
2	0.02	0.100	
3	0.02	0.150	
4	0.02	0.200	
5	0.02	0.250	
6	0.02	0.300	
7	0.02	0.350	
8	0.02	0.400	
9	0.02	0.450	
10	0.02	0.500	
11	0.02	0.550	
12	0.02	0.601	
13	0.02	0.650	
14	0.02	0.701	
15	0.02	0.750	
16	0.02	0.801	
17	0.02	0.850	
18	0.02	0.900	
19	0.02	0.950	
20	0.02	1.000	
21	0.02	1.050	
22	0.02	1.100	
23	0.02	1.150	
24	0.02	1.201	
25	0.02	1.250	
26	0.02	1.300	
27	0.02	1.350	
28	0.02	1.400	
29	0.02	1.450	
30	0.00	1.500	
31	0.02	1.550	
32	0.02	1.600	
33	0.02	1.650	
34	0.02	1.701	
35	0.02	1.750	
36	0.02	1.800	
37	0.02	1.850	
38	0.00	1.900	
39	0.02	1.950	
40	0.02	2.000	
41	0.02	2.050	
42	0.02	2.100	
43	0.02	2.151	
44	0.02	2.200	
45	0.02	2.250	
46	0.00	2.300	
47	0.02	2.351	
48	0.00	2.400	
49	0.02	2.450	
50	0.02	2.501	
51	0.02	2.551	
52	0.02	2.601	
53	0.00	2.650	
54	0.00	2.700	
55	0.00	2.751	
56	0.02	2.800	
57	0.02	2.851	
58	0.02	2.900	
59	0.02	2.950	
60	0.02	3.000	
61	0.00	3.051	
62	0.02	3.100	
63	0.02	3.151	
64	0.02	3.200	
65	0.00	3.251	
66	0.00	3.300	
67	0.02	3.350	
68	0.00	3.400	
69	0.02	3.450	
70	0.02	3.501	
71	0.00	3.550	
72	0.00	3.601	
73	0.00	3.650	
74	0.00	3.701	
75	0.00	3.750	
76	0.00	3.801	
77	0.00	3.851	
78	0.00	3.900	
79	0.02	3.950	
80	0.02	4.000	
81	0.00	4.051	
82	0.00	4.100	
83	0.00	4.150	
84	0.02	4.200	
85	0.00	4.250	
86	0.02	4.300	
87	0.00	4.350	
88	0.00	4.400	
89	0.02	4.450	
90	0.00	4.500	
91	0.00	4.550	
92	0.02	4.600	
93	0.02	4.650	
94	0.04	4.700	
95	0.06	4.750	
96	0.06	4.800	
97	0.06	4.850	
98	0.18	4.900	
99	0.34	4.950	
100	0.58	5.000	
101	0.88	5.050	
102	1.24	5.100	
103	1.94	5.150	
104	2.16	5.200	
105	2.52	5.250	
106	2.82	5.300	
107	3.02	5.351	
108	3.04	5.400	
109	3.04	5.450	
110	3.02	5.500	
111	3.02	5.550	
112	3.02	5.600	
113	3.02	5.650	
114	3.02	5.700	
115	3.02	5.750	
116	3.02	5.800	
117	3.00	5.850	
118	3.00	5.901	
119	3.00	5.950	
120	3.00	6.000	
121	3.00	6.050	
122	3.00	6.100	
123	3.00	6.151	
124	3.00	6.200	
125	3.00	6.250	
126	3.00	6.300	
127	3.00	6.350	
128	3.00	6.400	
129	3.00	6.450	
130	3.00	6.500	
131	3.00	6.550	
132	2.98	6.600	
133	3.00	6.650	
134	3.00	6.700	
135	3.00	6.750	
136	3.00	6.800	
137	2.98	6.850	
138	2.98	6.900	
139	2.98	6.950	
140	2.98	7.001	
141	2.98	7.050	
142	2.98	7.100	
143	2.98	7.150	
144	2.98	7.200	
145	2.98	7.250	
146	2.98	7.300	
147	2.98	7.350	
148	2.98	7.400	
149	2.98	7.450	
150	2.98	7.500	
151	2.98	7.550	
152	2.98	7.600	
153	2.98	7.650	
154	2.98	7.700	
155	2.98	7.750	
156	2.98	7.800	
157	2.98	7.850	
158	2.98	7.900	
159	2.98	7.950	
160	2.98	8.000	
161	2.98	8.050	
162	2.98	8.100	
163	2.98	8.150	
164	2.98	8.200	
165	2.98	8.250	
166	2.98	8.300	
167	2.98	8.351	
168	2.98	8.400	
169	2.98	8.450	
170	2.98	8.500	
171	2.98	8.550	
172	2.98	8.601	
173	2.98	8.650	
174	2.98	8.701	
175	2.98	8.750	
176	2.98	8.801	
177	2.98	8.850	
178	2.98	8.900	
179	2.98	8.951	
180	2.98	9.000	
181	3.00	9.050	
182	2.74	9.100	
183	2.10	9.150	
184	1.88	9.200	
185	1.38	9.250	
186	0.88	9.300	
187	0.48	9.351	
188	0.24	9.400	
189	0.12	9.450	
190	0.10	9.500	
191	0.08	9.550	
192	0.08	9.601	
193	0.06	9.650	
194	0.06	9.700	
195	0.06	9.750	
196	0.06	9.801	
197	0.04	9.850	
198	0.04	9.901	
199	0.04	9.951	
200	0.04	10.000	
201	0.04	10.050	
202	0.04	10.100	
203	0.04	10.151	
204	0.04	10.200	
205	0.04	10.250	
206	0.04	10.301	
207	0.04	10.350	
208	0.04	10.400	
209	0.04	10.450	
210	0.04	10.500	
211	0.04	10.551	
212	0.04	10.600	
213	0.02	10.650	
214	0.02	10.700	
215	0.04	10.750	
216	0.02	10.800	
217	0.02	10.850	
218	0.04	10.900	
219	0.02	10.950	
220	0.04	11.000	
221	0.02	11.050	
222	0.02	11.100	
223	0.02	11.150	
224	0.02	11.200	
225	0.02	11.250	
226	0.02	11.300	
227	0.02	11.350	
228	0.02	11.400	
229	0.02	11.450	
230	0.02	11.500	
231	0.02	11.550	
232	0.02	11.600	
233	0.02	11.650	
234	0.02	11.700	
235	0.02	11.751	
236	0.02	11.800	
237	0.02	11.850	
238	0.02	11.900	
239	0.02	11.951	
240	0.02	12.000	
241	0.02	12.050	
242	0.02	12.100	
243	0.02	12.151	
244	0.02	12.200	
245	0.02	12.250	
246	0.02	12.300	
247	0.02	12.351	
248	0.02	12.400	
249	0.02	12.450	
250	0.02	12.500	
251	0.02	12.550	
252	0.02	12.601	
253	0.02	12.650	
254	0.02	12.700	
255	0.02	12.750	
256	0.02	12.800	
257	0.02	12.850	
258	0.02	12.900	
259	0.02	12.951	
260	0.02	13.000	
261	0.02	13.050	
262	0.02	13.100	
263	0.02	13.150	
264	0.02	13.200	
265	0.02	13.250	
266	0.02	13.300	
267	0.02	13.350	
268	0.02	13.400	
269	0.02	13.451	
270	0.02	13.500	
271	0.02	13.550	
272	0.02	13.600	
273	0.02	13.650	
274	0.02	13.700	
275	0.02	13.750	
276	0.02	13.800	
277	0.02	13.851	
278	0.02	13.900	
279	0.02	13.950	
280	0.02	14.000	
281	0.02	14.051	
282	0.02	14.100	
283	0.02	14.150	
284	0.02	14.200	
285	0.02	14.250	
286	0.02	14.300	
287	0.02	14.350	
288	0.02	14.400	
289	0.02	14.451	
290	0.02	14.501	
291	0.02	14.551	
292	0.02	14.600	
293	0.02	14.650	
294	0.02	14.700	
295	0.02	14.750	
296	0.02	14.800	
297	0.02	14.850	
298	0.02	14.901	
299	0.02	14.950	
300	0.02	15.001	
301	0.02	15.050	
302	0.02	15.100	
303	0.02	15.150	
304	0.02	15.200	
305	0.02	15.250	
306	0.02	15.300	
307	0.02	15.350	
308	0.02	15.400	
309	0.02	15.450	
310	0.02	15.501	
311	0.02	15.550	
312	0.02	15.600	
313	0.04	15.650	
314	0.04	15.700	
315	0.06	15.750	
316	0.06	15.800	
317	0.06	15.850	
318	0.18	15.900	
319	0.34	15.950	
320	0.58	16.000	
321	0.88	16.050	
322	1.24	16.100	
323	1.74	16.150	
324	2.16	16.201	
325	2.54	16.250	
326	2.86	16.301	
327	3.12	16.351	
328	3.18	16.400	
329	3.18	16.450	
330	3.18	16.500	
331	3.16	16.551	
332	3.16	16.600	
333	3.16	16.650	
334	3.16	16.700	
335	3.16	16.751	
336	3.16	16.800	
337	3.16	16.850	
338	3.16	16.901	
339	3.16	16.950	
340	3.14	17.000	
341	3.14	17.051	
342	3.14	17.100	
343	3.14	17.150	
344	3.14	17.200	
345	3.14	17.250	
346	3.14	17.300	
347	3.14	17.350	
348	3.14	17.400	
349	3.14	17.450	
350	3.14	17.501	
351	3.14	17.550	
352	3.14	17.600	
353	3.14	17.650	
354	3.14	17.700	
355	3.14	17.750	
356	3.12	17.800	
357	3.12	17.850	
358	3.12	17.901	
359	3.12	17.950	
360	3.12	18.000	
361	3.12	18.050	
362	3.12	18.101	
363	3.12	18.150	
364	3.12	18.200	
365	3.12	18.250	
366	3.12	18.300	
367	3.12	18.350	
368	3.12	18.400	
369	3.12	18.450	
370	3.12	18.500	
371	3.12	18.550	
372	3.12	18.601	
373	3.12	18.650	
374	3.12	18.700	
375	3.12	18.750	
376	3.12	18.801	
377	3.12	18.850	
378	3.12	18.900	
379	3.12	18.951	
380	3.12	19.000	
381	3.12	19.050	
382	3.12	19.100	
383	3.12	19.150	
384	3.12	19.200	
385	3.12	19.250	
386	2.72	19.300	
387	2.28	19.350	
388	1.82	19.401	
389	1.28	19.450	
390	0.82	19.500	
391	0.46	19.551	
392	0.22	19.600	
393	0.12	19.650	
394	0.10	19.700	
395	0.08	19.750	
396	0.08	19.800	
397	0.06	19.850	
398	0.06	19.900	
399	0.06	19.951	
400	0.06	20.000	
401	0.04	20.050	
402	0.04	20.100	
403	0.04	20.150	
404	0.04	20.200	
405	0.04	20.250	
406	0.04	20.300	
407	0.04	20.350	
408	0.04	20.400	
409	0.04	20.450	
410	0.04	20.500	
411	0.04	20.550	
412	0.04	20.600	
413	0.04	20.650	
414	0.04	20.700	
415	0.04	20.750	
416	0.04	20.800	
417	0.04	20.850	
418	0.04	20.900	
419	0.04	20.950	
420	0.04	21.000	
421	0.04	21.050	
422	0.04	21.100	
423	0.04	21.150	
424	0.04	21.200	
425	0.04	21.250	
426	0.02	21.300	
427	0.04	21.351	
428	0.04	21.400	
429	0.04	21.450	
430	0.02	21.500	
431	0.02	21.550	
432	0.02	21.600	
433	0.02	21.650	
434	0.02	21.700	
435	0.02	21.750	
436	0.02	21.800	
437	0.02	21.851	
438	0.02	21.900	
439	0.02	21.950	
440	0.02	22.000	
441	0.02	22.050	
442	0.02	22.100	
443	0.02	22.150	
444	0.02	22.200	
445	0.02	22.250	
446	0.02	22.300	
447	0.02	22.350	
448	0.02	22.400	
449	0.02	22.450	
450	0.02	22.501	
451	0.02	22.550	
452	0.02	22.600	
453	0.02	22.651	
454	0.02	22.700	
455	0.02	22.750	
456	0.02	22.800	
457	0.02	22.850	
458	0.02	22.900	
459	0.02	22.951	
460	0.02	23.000	
461	0.02	23.050	
462	0.02	23.100	
463	0.02	23.150	
464	0.02	23.200	
465	0.02	23.250	
466	0.02	23.300	
467	0.02	23.350	
468	0.02	23.400	
469	0.02	23.450	
470	0.02	23.500	
471	0.02	23.550	
472	0.02	23.600	
473	0.02	23.650	
474	0.02	23.700	
475	0.02	23.750	
476	0.02	23.800	
477	0.02	23.851	
478	0.02	23.900	
479	0.02	23.951	
480	0.02	24.000	
481	0.02	24.050	
482	0.02	24.100	
483	0.02	24.150	
484	0.02	24.201	
485	0.02	24.250	
486	0.02	24.300	
487	0.02	24.350	
488	0.02	24.400	
489	0.02	24.451	
490	0.02	24.500	
491	0.02	24.550	
492	0.02	24.600	
493	0.02	24.650	
494	0.02	24.701	
495	0.02	24.750	
496	0.02	24.800	
497	0.04	24.850	
498	0.04	24.900	
499	0.06	24.950	
500	0.06	25.000	
501	0.06	25.051	
502	0.14	25.100	
503	0.30	25.150	
504	0.52	25.201	
505	0.80	25.250	
506	1.12	25.300	
507	1.60	25.350	
508	2.02	25.400	
509	2.42	25.450	
510	2.76	25.501	
511	3.06	25.551	
512	3.18	25.600	
513	3.18	25.650	
514	3.18	25.700	
515	3.16	25.750	
516	3.16	25.800	
517	3.16	25.850	
518	3.16	25.900	
519	3.16	25.950	
520	3.16	26.000	
521	3.16	26.050	
522	3.16	26.100	
523	3.14	26.150	
524	3.14	26.200	
525	3.14	26.250	
526	3.14	26.300	
527	3.14	26.350	
528	3.14	26.400	
529	3.14	26.450	
530	3.14	26.500	
531	3.14	26.550	
532	3.14	26.600	
533	3.14	26.650	
534	3.14	26.700	
535	3.14	26.750	
536	3.14	26.800	
537	3.14	26.850	
538	3.12	26.900	
539	3.12	26.950	
540	3.12	27.000	
541	3.12	27.050	
542	3.14	27.100	
543	3.12	27.150	
544	3.12	27.200	
545	3.12	27.250	
546	3.12	27.301	
547	3.12	27.350	
548	3.12	27.401	
549	3.12	27.451	
550	3.12	27.500	
551	3.12	27.551	
552	3.12	27.600	
553	3.12	27.650	
554	3.12	27.701	
555	3.12	27.750	
556	3.12	27.800	
557	3.12	27.850	
558	3.12	27.900	
559	3.12	27.951	
560	3.12	28.000	
561	3.12	28.050	
562	3.12	28.100	
563	3.10	28.150	
564	2.96	28.201	
565	2.54	28.250	
566	2.08	28.300	
567	1.60	28.350	
568	1.08	28.401	
569	0.66	28.450	
570	0.36	28.500	
571	0.16	28.550	
572	0.12	28.600	
573	0.10	28.650	
574	0.08	28.701	
575	0.08	28.750	
576	0.06	28.800	
577	0.06	28.850	
578	0.06	28.900	
579	0.06	28.951	
580	0.04	29.001	
581	0.04	29.050	
582	0.04	29.100	
583	0.06	29.150	
584	0.04	29.201	
585	0.04	29.250	
586	0.04	29.300	
587	0.04	29.350	
588	0.04	29.401	
589	0.04	29.450	
590	0.04	29.500	
591	0.04	29.550	
592	0.04	29.600	
593	0.04	29.650	
594	0.04	29.700	
595	0.04	29.750	
596	0.04	29.800	
597	0.04	29.850	
598	0.04	29.900	
599	0.04	29.950	
600	0.04	30.001	
601	0.04	30.050	
602	0.04	30.101	
603	0.04	30.150	
604	0.04	30.201	
605	0.04	30.250	
606	0.04	30.300	
607	0.04	30.350	
608	0.02	30.400	
609	0.04	30.450	
610	0.02	30.500	
611	0.02	30.551	
612	0.04	30.600	
613	0.04	30.650	
614	0.04	30.700	
615	0.04	30.750	
616	0.04	30.800	
617	0.04	30.850	
618	0.02	30.900	
619	0.04	30.951	
620	0.04	31.000	
621	0.04	31.050	
622	0.04	31.100	
623	0.02	31.150	
624	0.02	31.200	
625	0.02	31.250	
626	0.02	31.300	
627	0.02	31.350	
628	0.02	31.405	
629	0.02	31.450	
630	0.02	31.500	
631	0.02	31.550	
632	0.02	31.601	
633	0.02	31.650	
634	0.04	31.700	
635	0.02	31.750	
636	0.02	31.800	
637	0.02	31.850	
638	0.02	31.900	
639	0.02	31.950	
640	0.02	32.000	
641	0.02	32.050	
642	0.02	32.100	
643	0.02	32.150	
644	0.02	32.200	
645	0.02	32.250	
646	0.02	32.300	
647	0.02	32.350	
648	0.02	32.400	
649	0.02	32.450	
650	0.02	32.500	
651	0.02	32.550	
652	0.02	32.600	
653	0.02	32.650	
654	0.02	32.700	
655	0.02	32.750	
656	0.02	32.800	
657	0.02	32.851	
658	0.02	32.900	
659	0.02	32.950	
660	0.04	33.001	
661	0.06	33.050	
662	0.06	33.100	
663	0.06	33.150	
664	0.08	33.200	
665	0.20	33.250	
666	0.38	33.300	
667	0.64	33.350	
668	0.92	33.400	
669	1.28	33.450	
670	1.74	33.500	
671	2.16	33.550	
672	2.52	33.600	
673	2.84	33.650	
674	3.06	33.700	
675	3.10	33.750	
676	3.10	33.800	
677	3.10	33.851	
678	3.08	33.900	
679	3.08	33.950	
680	3.08	34.001	
681	3.08	34.050	
682	3.08	34.100	
683	3.08	34.151	
684	3.06	34.201	
685	3.06	34.250	
686	3.06	34.300	
687	3.06	34.350	
688	3.06	34.400	
689	3.06	34.450	
690	3.06	34.500	
691	3.06	34.550	
692	3.06	34.600	
693	3.06	34.650	
694	3.06	34.700	
695	3.06	34.750	
696	3.06	34.800	
697	3.06	34.850	
698	3.06	34.900	
699	3.06	34.950	
700	3.06	35.000	
701	3.06	35.050	
702	3.06	35.100	
703	3.06	35.150	
704	3.06	35.200	
705	3.04	35.250	
706	3.04	35.300	
707	3.04	35.350	
708	3.04	35.400	
709	3.06	35.450	
710	3.04	35.500	
711	3.04	35.550	
712	3.04	35.601	
713	3.04	35.650	
714	3.04	35.700	
715	3.04	35.750	
716	3.04	35.800	
717	3.04	35.850	
718	3.04	35.900	
719	3.04	35.951	
720	3.04	36.000	
721	3.04	36.050	
722	3.04	36.100	
723	3.04	36.150	
724	3.04	36.201	
725	3.04	36.250	
726	3.04	36.300	
727	3.04	36.350	
728	3.04	36.400	
729	3.04	36.450	
730	3.04	36.500	
731	3.04	36.550	
732	3.04	36.600	
733	3.04	36.651	
734	3.06	36.700	
735	2.82	36.750	
736	2.42	36.800	
737	2.00	36.850	
738	1.52	36.900	
739	1.00	36.951	
740	0.60	37.000	
741	0.34	37.051	
742	0.16	37.100	
743	0.14	37.150	
744	0.12	37.200	
745	0.10	37.250	
746	0.10	37.300	
747	0.08	37.350	
748	0.08	37.400	
749	0.08	37.450	
750	0.06	37.500	
751	0.06	37.550	
752	0.06	37.600	
753	0.06	37.650	
754	0.06	37.700	
755	0.06	37.750	
756	0.06	37.800	
757	0.06	37.850	
758	0.06	37.900	
759	0.06	37.950	
760	0.06	38.000	
761	0.06	38.050	
762	0.06	38.100	
763	0.06	38.150	
764	0.06	38.200	
765	0.06	38.250	
766	0.06	38.300	
767	0.06	38.350	
768	0.06	38.400	
769	0.06	38.450	
770	0.06	38.500	
771	0.06	38.550	
772	0.04	38.600	
773	0.06	38.650	
774	0.04	38.700	
775	0.06	38.751	
776	0.06	38.800	
777	0.04	38.850	
778	0.04	38.900	
779	0.04	38.950	
780	0.04	39.000	
781	0.06	39.050	
782	0.04	39.100	
783	0.04	39.150	
784	0.04	39.200	
785	0.04	39.250	
786	0.04	39.300	
787	0.04	39.350	
788	0.04	39.400	
789	0.04	39.450	
790	0.04	39.500	
791	0.04	39.550	
792	0.04	39.601	
793	0.04	39.650	
794	0.04	39.700	
795	0.04	39.750	
796	0.04	39.800	
797	0.04	39.850	
798	0.04	39.900	
799	0.04	39.950	
800	0.04	40.000	
801	0.04	40.050	
802	0.04	40.150	
803	0.04	40.200	
804	0.04	40.259	
805	0.04	40.300	
806	0.04	40.350	
807	0.04	40.400	
808	0.04	40.450	
809	0.04	40.500	
810	0.04	40.550	
811	0.04	40.600	
812	0.04	40.650	
813	0.04	40.700	
814	0.04	40.750	
815	0.04	40.800	
816	0.04	40.850	
817	0.04	40.900	
818	0.04	40.950	
819	0.04	41.000	
820	0.04	41.050	
821	0.04	41.100	
822	0.04	41.150	
823	0.04	41.200	
824	0.06	41.250	
825	0.06	41.300	
826	0.08	41.350	
827	0.08	41.400	
828	0.10	41.450	
829	0.20	41.500	
830	0.38	41.550	
831	0.86	41.610	
832	0.96	41.650	
833	1.20	41.700	
834	1.66	41.750	
835	2.40	41.814	
836	2.52	41.850	
837	2.74	41.900	
838	2.98	41.950	
839	3.04	42.000	
840	3.04	42.050	
841	3.02	42.100	
842	3.02	42.150	
843	3.02	42.200	
844	3.02	42.250	
845	3.02	42.300	
846	3.02	42.350	
847	3.02	42.400	
848	3.00	42.450	
849	3.00	42.500	
850	3.00	42.550	
851	3.00	42.600	
852	3.00	42.650	
853	3.00	42.700	
854	3.00	42.750	
855	3.00	42.800	
856	3.00	42.850	
857	3.00	42.900	
858	3.00	42.950	
859	3.00	43.000	
860	3.00	43.050	
861	3.00	43.100	
862	3.00	43.151	
863	3.00	43.200	
864	3.00	43.250	
865	3.00	43.301	
866	2.98	43.350	
867	2.98	43.400	
868	2.98	43.450	
869	2.98	43.500	
870	2.98	43.550	
871	2.98	43.600	
872	2.98	43.650	
873	2.98	43.700	
874	2.98	43.750	
875	2.98	43.800	
876	2.98	43.850	
877	2.98	43.900	
878	2.98	43.950	
879	2.98	44.000	
880	2.98	44.050	
881	2.98	44.100	
882	2.98	44.150	
883	2.98	44.200	
884	2.98	44.250	
885	2.98	44.300	
886	2.98	44.350	
887	2.98	44.400	
888	2.98	44.450	
889	2.98	44.500	
890	2.98	44.550	
891	2.98	44.600	
892	2.98	44.650	
893	2.98	44.700	
894	2.98	44.751	
895	2.98	44.800	
896	2.94	44.850	
897	2.52	44.900	
898	2.10	44.950	
899	1.66	45.000	
900	1.16	45.050	
901	0.72	45.100	
902	0.22	45.156	
903	0.18	45.200	
904	0.14	45.250	
905	0.12	45.300	
906	0.10	45.350	
907	0.10	45.400	
908	0.10	45.450	
909	0.08	45.500	
910	0.08	45.550	
911	0.08	45.600	
912	0.06	45.650	
913	0.06	45.700	
914	0.06	45.750	
915	0.06	45.800	
916	0.06	45.850	
917	0.06	45.900	
918	0.06	45.950	
919	0.06	46.000	
920	0.06	46.050	
921	0.06	46.100	
922	0.06	46.150	
923	0.06	46.200	
924	0.06	46.250	
925	0.06	46.300	
926	0.06	46.350	
927	0.06	46.400	
928	0.06	46.450	
929	0.06	46.500	
930	0.06	46.550	
931	0.06	46.600	
932	0.06	46.650	
933	0.06	46.700	
934	0.06	46.750	
935	0.06	46.800	
936	0.06	46.850	
937	0.06	46.900	
938	0.06	46.950	
939	0.06	47.000	
940	0.06	47.050	
941	0.06	47.100	
942	0.06	47.150	
943	0.04	47.200	
944	0.04	47.250	
945	0.04	47.300	
946	0.04	47.350	
947	0.04	47.400	
948	0.04	47.450	
949	0.04	47.500	
950	0.04	47.550	
951	0.04	47.600	
952	0.04	47.650	
953	0.04	47.701	
954	0.04	47.750	
955	0.04	47.800	
956	0.04	47.850	
957	0.04	47.900	
958	0.04	47.950	
959	0.04	48.000	
960	0.04	48.050	
961	0.04	48.100	
962	0.04	48.150	
963	0.04	48.200	
964	0.04	48.250	
965	0.04	48.300	
966	0.04	48.350	
967	0.04	48.400	
968	0.04	48.450	
969	0.04	48.500	
970	0.04	48.550	
971	0.04	48.600	
972	0.04	48.650	
973	0.04	48.701	
974	0.04	48.750	
975	0.04	48.800	
976	0.04	48.850	
977	0.04	48.900	
978	0.04	48.950	
979	0.04	49.000	
980	0.04	49.051	
981	0.04	49.100	
982	0.04	49.150	
983	0.04	49.200	
984	0.04	49.250	
985	0.04	49.300	
986	0.04	49.351	
987	0.04	49.401	
988	0.04	49.450	
989	0.04	49.500	
990	0.04	49.550	
991	0.04	49.600	
992	0.04	49.650	
993	0.04	49.700	
994	0.04	49.751	
995	0.04	49.800	
996	0.04	49.851	
997	0.04	49.900	
998	0.04	49.950	
999	0.04	50.000	
1000	0.04	50.050	
1001	0.04	50.101	
1002	0.04	50.155	
1003	0.04	50.200	
1004	0.04	50.251	
1005	0.04	50.300	
1006	0.04	50.350	
1007	0.04	50.400	
1008	0.04	50.450	
1009	0.04	50.500	
1010	0.04	50.550	
1011	0.04	50.600	
1012	0.04	50.650	
1013	0.04	50.700	
1014	0.04	50.750	
1015	0.04	50.800	
1016	0.06	50.850	
1017	0.06	50.900	
1018	0.08	50.950	
1019	0.08	51.000	
1020	0.10	51.050	
1021	0.22	51.100	
1022	0.40	51.150	
1023	0.64	51.200	
1024	0.90	51.251	
1025	1.24	51.300	
1026	1.66	51.350	
1027	2.06	51.400	
1028	2.42	51.450	
1029	2.72	51.500	
1030	2.94	51.550	
1031	2.96	51.600	
1032	2.96	51.650	
1033	2.96	51.700	
1034	2.96	51.750	
1035	2.96	51.800	
1036	2.96	51.850	
1037	2.94	51.900	
1038	2.94	51.950	
1039	2.94	52.000	
1040	2.94	52.050	
1041	2.94	52.100	
1042	2.94	52.150	
1043	2.94	52.200	
1044	2.94	52.250	
1045	2.94	52.300	
1046	2.94	52.350	
1047	2.94	52.400	
1048	2.94	52.450	
1049	2.94	52.500	
1050	2.94	52.550	
1051	2.94	52.600	
1052	2.94	52.650	
1053	2.92	52.700	
1054	2.94	52.750	
1055	2.92	52.801	
1056	2.94	52.850	
1057	2.92	52.900	
1058	2.94	52.950	
1059	2.92	53.001	
1060	2.92	53.050	
1061	2.92	53.100	
1062	2.92	53.150	
1063	2.92	53.200	
1064	2.92	53.250	
1065	2.92	53.300	
1066	2.92	53.350	
1067	2.92	53.400	
1068	2.92	53.450	
1069	2.92	53.500	
1070	2.92	53.550	
1071	2.92	53.600	
1072	2.92	53.650	
1073	2.92	53.701	
1074	2.92	53.750	
1075	2.92	53.800	
1076	2.92	53.850	
1077	2.92	53.900	
1078	2.92	53.950	
1079	2.92	54.001	
1080	2.92	54.050	
1081	2.92	54.100	
1082	2.92	54.151	
1083	2.92	54.201	
1084	2.94	54.250	
1085	2.66	54.300	
1086	2.28	54.350	
1087	1.86	54.400	
1088	1.40	54.450	
1089	0.94	54.500	
1090	0.54	54.550	
1091	0.28	54.600	
1092	0.14	54.650	
1093	0.14	54.700	
1094	0.12	54.750	
1095	0.12	54.800	
1096	0.10	54.850	
1097	0.10	54.900	
1098	0.10	54.950	
1099	0.10	55.001	
1100	0.08	55.050	
1101	0.08	55.109	
1102	0.08	55.150	
1103	0.08	55.200	
1104	0.08	55.250	
1105	0.08	55.300	
1106	0.06	55.350	
1107	0.08	55.400	
1108	0.06	55.451	
1109	0.06	55.501	
1110	0.06	55.550	
1111	0.06	55.600	
1112	0.06	55.650	
1113	0.08	55.700	
1114	0.06	55.750	
1115	0.06	55.801	
1116	0.06	55.850	
1117	0.06	55.900	
1118	0.06	55.950	
1119	0.06	56.001	
1120	0.06	56.050	
1121	0.06	56.100	
1122	0.06	56.150	
1123	0.06	56.200	
1124	0.06	56.250	
1125	0.06	56.300	
1126	0.06	56.350	
1127	0.06	56.400	
1128	0.06	56.450	
1129	0.06	56.500	
1130	0.06	56.550	
1131	0.06	56.600	
1132	0.06	56.650	
1133	0.06	56.700	
1134	0.06	56.750	
1135	0.06	56.800	
1136	0.06	56.851	
1137	0.06	56.900	
1138	0.06	56.951	
1139	0.06	57.000	
1140	0.06	57.050	
1141	0.06	57.100	
1142	0.06	57.150	
1143	0.06	57.200	
1144	0.06	57.251	
1145	0.06	57.300	
1146	0.06	57.350	
1147	0.06	57.400	
1148	0.06	57.450	
1149	0.06	57.501	
1150	0.06	57.551	
1151	0.06	57.600	
1152	0.06	57.650	
1153	0.06	57.700	
1154	0.06	57.750	
1155	0.06	57.800	
1156	0.06	57.850	
1157	0.06	57.900	
1158	0.06	57.950	
1159	0.06	58.000	
1160	0.06	58.050	
1161	0.06	58.100	
1162	0.06	58.150	
1163	0.06	58.200	
1164	0.06	58.250	
1165	0.06	58.300	
1166	0.06	58.350	
1167	0.06	58.400	
1168	0.06	58.450	
1169	0.06	58.500	
1170	0.06	58.551	
1171	0.06	58.600	
1172	0.06	58.650	
1173	0.04	58.700	
1174	0.06	58.750	
1175	0.04	58.800	
1176	0.06	58.850	
1177	0.06	58.900	
1178	0.04	58.950	
1179	0.06	59.000	
1180	0.06	59.050	
1181	0.04	59.100	
1182	0.06	59.150	
1183	0.06	59.201	
1184	0.06	59.250	
1185	0.08	59.300	
1186	0.08	59.350	
1187	0.10	59.400	
1188	0.10	59.450	
1189	0.24	59.501	
1190	0.42	59.550	
1191	0.66	59.600	
1192	0.94	59.650	
1193	1.28	59.701	
1194	1.72	59.751	
1195	2.12	59.800	
1196	2.46	59.851	
1197	2.74	59.900	
1198	2.86	59.950	
1199	2.88	60.001	
1200	2.86	60.100	
1201	2.86	60.150	
1202	2.86	60.201	
1203	2.86	60.250	
1204	2.86	60.300	
1205	2.86	60.350	
1206	2.84	60.400	
1207	2.84	60.450	
1208	2.84	60.500	
1209	2.86	60.550	
1210	2.84	60.600	
1211	2.84	60.650	
1212	2.84	60.700	
1213	2.84	60.751	
1214	2.84	60.806	
1215	2.84	60.850	
1216	2.84	60.900	
1217	2.84	60.951	
1218	2.84	61.000	
1219	2.84	61.050	
1220	2.84	61.100	
1221	2.84	61.150	
1222	2.84	61.200	
1223	2.84	61.250	
1224	2.84	61.300	
1225	2.82	61.350	
1226	2.82	61.400	
1227	2.84	61.450	
1228	2.84	61.500	
1229	2.84	61.550	
1230	2.82	61.600	
1231	2.82	61.650	
1232	2.82	61.700	
1233	2.82	61.750	
1234	2.82	61.800	
1235	2.82	61.850	
1236	2.82	61.900	
1237	2.82	61.950	
1238	2.82	62.000	
1239	2.82	62.050	
1240	2.82	62.100	
1241	2.82	62.150	
1242	2.82	62.200	
1243	2.82	62.250	
1244	2.82	62.300	
1245	2.70	62.350	
1246	2.30	62.400	
1247	1.88	62.450	
1248	1.46	62.500	
1249	1.02	62.550	
1250	0.38	62.606	
1251	0.30	62.650	
1252	0.16	62.700	
1253	0.14	62.750	
1254	0.12	62.800	
1255	0.12	62.850	
1256	0.12	62.900	
1257	0.10	62.950	
1258	0.10	63.000	
1259	0.10	63.050	
1260	0.08	63.100	
1261	0.08	63.150	
1262	0.08	63.200	
1263	0.08	63.250	
1264	0.08	63.300	
1265	0.08	63.350	
1266	0.08	63.400	
1267	0.08	63.458	
1268	0.08	63.500	
1269	0.08	63.551	
1270	0.08	63.600	
1271	0.08	63.650	
1272	0.06	63.700	
1273	0.08	63.750	
1274	0.08	63.800	
1275	0.08	63.850	
1276	0.06	63.900	
1277	0.06	63.951	
1278	0.06	64.000	
1279	0.06	64.050	
1280	0.06	64.100	
1281	0.06	64.150	
1282	0.06	64.200	
1283	0.06	64.250	
1284	0.06	64.300	
1285	0.06	64.350	
1286	0.06	64.400	
1287	0.06	64.450	
1288	0.06	64.501	
1289	0.06	64.550	
1290	0.06	64.600	
1291	0.06	64.650	
1292	0.06	64.700	
1293	0.06	64.750	
1294	0.06	64.800	
1295	0.06	64.850	
1296	0.06	64.901	
1297	0.06	64.950	
1298	0.06	65.000	
1299	0.06	65.050	
1300	0.06	65.100	
1301	0.06	65.161	
1302	0.06	65.200	
1303	0.06	65.250	
1304	0.06	65.300	
1305	0.06	65.350	
1306	0.06	65.400	
1307	0.06	65.450	
1308	0.06	65.501	
1309	0.06	65.550	
1310	0.06	65.600	
1311	0.06	65.650	
1312	0.06	65.700	
1313	0.06	65.750	
1314	0.06	65.800	
1315	0.06	65.850	
1316	0.06	65.901	
1317	0.06	65.950	
1318	0.06	66.000	
1319	0.06	66.050	
1320	0.06	66.100	
1321	0.06	66.150	
1322	0.06	66.200	
1323	0.06	66.250	
1324	0.06	66.300	
1325	0.06	66.350	
1326	0.06	66.400	
1327	0.06	66.450	
1328	0.06	66.500	
1329	0.06	66.550	
1330	0.06	66.600	
1331	0.06	66.650	
1332	0.06	66.700	
1333	0.06	66.750	
1334	0.06	66.800	
1335	0.06	66.850	
1336	0.06	66.900	
1337	0.06	66.950	
1338	0.06	67.000	
1339	0.06	67.050	
1340	0.06	67.100	
1341	0.06	67.150	
1342	0.06	67.200	
1343	0.06	67.250	
1344	0.06	67.300	
1345	0.06	67.350	
1346	0.06	67.400	
1347	0.06	67.450	
1348	0.06	67.500	
1349	0.08	67.550	
1350	0.08	67.600	
1351	0.10	67.650	
1352	0.10	67.700	
1353	0.14	67.750	
1354	0.28	67.800	
1355	0.46	67.850	
1356	0.72	67.900	
1357	1.00	67.951	
1358	1.34	68.001	
1359	1.78	68.050	
1360	2.16	68.100	
1361	2.50	68.151	
1362	2.78	68.200	
1363	2.90	68.250	
1364	2.90	68.300	
1365	2.90	68.351	
1366	2.90	68.400	
1367	2.88	68.450	
1368	2.88	68.500	
1369	2.88	68.550	
1370	2.88	68.600	
1371	2.88	68.650	
1372	2.88	68.700	
1373	2.88	68.750	
1374	2.88	68.800	
1375	2.88	68.850	
1376	2.88	68.900	
1377	2.88	68.950	
1378	2.86	69.001	
1379	2.86	69.050	
1380	2.86	69.100	
1381	2.86	69.150	
1382	2.86	69.200	
1383	2.86	69.250	
1384	2.86	69.300	
1385	2.86	69.350	
1386	2.86	69.400	
1387	2.86	69.450	
1388	2.86	69.500	
1389	2.86	69.551	
1390	2.86	69.600	
1391	2.86	69.650	
1392	2.86	69.700	
1393	2.86	69.750	
1394	2.86	69.800	
1395	2.86	69.850	
1396	2.86	69.900	
1397	2.86	69.950	
1398	2.86	70.000	
1399	2.86	70.050	
1400	2.86	70.100	
1401	2.86	70.160	
1402	2.86	70.200	
1403	2.86	70.250	
1404	2.86	70.301	
1405	2.86	70.351	
1406	2.86	70.400	
1407	2.86	70.450	
1408	2.86	70.500	
1409	2.86	70.550	
1410	2.86	70.601	
1411	2.86	70.651	
1412	2.78	70.700	
1413	2.40	70.750	
1414	2.00	70.800	
1415	1.58	70.850	
1416	1.14	70.900	
1417	0.68	70.950	
1418	0.40	71.000	
1419	0.18	71.050	
1420	0.16	71.100	
1421	0.12	71.150	
1422	0.12	71.201	
1423	0.12	71.250	
1424	0.10	71.300	
1425	0.10	71.350	
1426	0.10	71.400	
1427	0.08	71.450	
1428	0.08	71.501	
1429	0.08	71.550	
1430	0.08	71.600	
1431	0.08	71.650	
1432	0.08	71.700	
1433	0.08	71.750	
1434	0.08	71.800	
1435	0.08	71.850	
1436	0.08	71.900	
1437	0.08	71.950	
1438	0.08	72.000	
1439	0.08	72.050	
1440	0.08	72.101	
1441	0.08	72.150	
1442	0.08	72.200	
1443	0.08	72.250	
1444	0.08	72.300	
1445	0.08	72.350	
1446	0.08	72.400	
1447	0.08	72.450	
1448	0.08	72.500	
1449	0.08	72.550	
1450	0.06	72.601	
1451	0.06	72.651	
1452	0.06	72.700	
1453	0.08	72.750	
1454	0.06	72.800	
1455	0.06	72.850	
1456	0.06	72.900	
1457	0.06	72.950	
1458	0.06	73.000	
1459	0.06	73.050	
1460	0.06	73.101	
1461	0.06	73.150	
1462	0.06	73.200	
1463	0.06	73.250	
1464	0.06	73.300	
1465	0.06	73.350	
1466	0.06	73.400	
1467	0.06	73.450	
1468	0.06	73.500	
1469	0.06	73.551	
1470	0.06	73.600	
1471	0.06	73.650	
1472	0.06	73.700	
1473	0.06	73.750	
1474	0.06	73.800	
1475	0.06	73.850	
1476	0.06	73.900	
1477	0.06	73.950	
1478	0.06	74.000	
1479	0.06	74.050	
1480	0.06	74.100	
1481	0.06	74.150	
1482	0.06	74.200	
1483	0.06	74.250	
1484	0.06	74.300	
1485	0.06	74.350	
1486	0.06	74.400	
1487	0.06	74.450	
1488	0.06	74.500	
1489	0.06	74.550	
1490	0.06	74.600	
1491	0.06	74.651	
1492	0.06	74.700	
1493	0.06	74.750	
1494	0.06	74.800	
1495	0.06	74.850	
1496	0.06	74.900	
1497	0.06	74.950	
1498	0.06	75.000	
1499	0.06	75.050	
1500	0.06	75.100	
1501	0.06	75.150	
1502	0.06	75.200	
1503	0.06	75.250	
1504	0.06	75.300	
1505	0.06	75.350	
1506	0.06	75.400	
1507	0.06	75.450	
1508	0.06	75.500	
1509	0.06	75.550	
1510	0.06	75.600	
1511	0.06	75.650	
1512	0.06	75.700	
1513	0.06	75.750	
1514	0.06	75.801	
1515	0.06	75.850	
1516	0.06	75.900	
1517	0.06	75.950	
1518	0.06	76.000	
1519	0.08	76.050	
1520	0.10	76.100	
1521	0.10	76.150	
1522	0.10	76.200	
1523	0.14	76.250	
1524	0.28	76.300	
1525	0.48	76.350	
1526	0.72	76.400	
1527	1.00	76.450	
1528	1.34	76.500	
1529	1.76	76.550	
1530	2.16	76.600	
1531	2.50	76.651	
1532	2.76	76.701	
1533	2.86	76.750	
1534	2.86	76.801	
1535	2.86	76.850	
1536	2.84	76.900	
1537	2.84	76.950	
1538	2.84	77.000	
1539	2.84	77.050	
1540	2.84	77.100	
1541	2.84	77.150	
1542	2.82	77.200	
1543	2.84	77.250	
1544	2.82	77.300	
1545	2.82	77.350	
1546	2.82	77.400	
1547	2.82	77.450	
1548	2.82	77.500	
1549	2.82	77.550	
1550	2.82	77.600	
1551	2.82	77.650	
1552	2.82	77.700	
1553	2.82	77.750	
1554	2.82	77.800	
1555	2.82	77.850	
1556	2.82	77.900	
1557	2.82	77.951	
1558	2.82	78.000	
1559	2.82	78.050	
1560	2.82	78.100	
1561	2.82	78.150	
1562	2.82	78.200	
1563	2.82	78.250	
1564	2.82	78.300	
1565	2.82	78.350	
1566	2.82	78.400	
1567	2.82	78.450	
1568	2.82	78.500	
1569	2.82	78.550	
1570	2.82	78.600	
1571	2.82	78.650	
1572	2.82	78.701	
1573	2.82	78.750	
1574	2.82	78.800	
1575	2.78	78.850	
1576	2.40	78.900	
1577	2.00	78.950	
1578	1.58	79.000	
1579	1.16	79.050	
1580	0.72	79.100	
1581	0.42	79.151	
1582	0.20	79.200	
1583	0.16	79.250	
1584	0.14	79.300	
1585	0.12	79.350	
1586	0.12	79.400	
1587	0.12	79.450	
1588	0.12	79.500	
1589	0.10	79.550	
1590	0.10	79.600	
1591	0.08	79.651	
1592	0.08	79.700	
1593	0.08	79.750	
1594	0.08	79.800	
1595	0.08	79.850	
1596	0.08	79.900	
1597	0.08	79.950	
1598	0.08	80.000	
1599	0.08	80.050	
1600	0.08	80.100	
1601	0.08	80.163	
1602	0.08	80.200	
1603	0.08	80.254	
1604	0.08	80.300	
1605	0.08	80.350	
1606	0.08	80.400	
1607	0.08	80.450	
1608	0.08	80.500	
1609	0.08	80.550	
1610	0.08	80.600	
1611	0.08	80.650	
1612	0.08	80.700	
1613	0.08	80.750	
1614	0.08	80.800	
1615	0.08	80.850	
1616	0.08	80.900	
1617	0.08	80.951	
1618	0.08	81.000	
1619	0.08	81.050	
1620	0.08	81.100	
1621	0.08	81.150	
1622	0.08	81.200	
1623	0.08	81.250	
1624	0.08	81.300	
1625	0.08	81.350	
1626	0.08	81.400	
1627	0.06	81.450	
1628	0.08	81.500	
1629	0.08	81.550	
1630	0.08	81.600	
1631	0.08	81.650	
1632	0.08	81.700	
1633	0.08	81.750	
1634	0.06	81.800	
1635	0.08	81.850	
1636	0.08	81.900	
1637	0.08	81.950	
1638	0.08	82.000	
1639	0.06	82.050	
1640	0.06	82.100	
1641	0.06	82.150	
1642	0.06	82.200	
1643	0.06	82.250	
1644	0.06	82.300	
1645	0.06	82.350	
1646	0.06	82.400	
1647	0.06	82.450	
1648	0.06	82.500	
1649	0.06	82.550	
1650	0.06	82.600	
1651	0.06	82.650	
1652	0.06	82.700	
1653	0.06	82.750	
1654	0.06	82.801	
1655	0.06	82.850	
1656	0.06	82.900	
1657	0.06	82.950	
1658	0.06	83.000	
1659	0.06	83.050	
1660	0.08	83.100	
1661	0.10	83.150	
1662	0.10	83.200	
1663	0.12	83.250	
1664	0.12	83.300	
1665	0.22	83.350	
1666	0.38	83.400	
1667	0.62	83.450	
1668	0.86	83.500	
1669	1.18	83.550	
1670	1.56	83.600	
1671	1.96	83.650	
1672	2.32	83.700	
1673	2.64	83.750	
1674	2.84	83.800	
1675	2.88	83.850	
1676	2.88	83.900	
1677	2.88	83.950	
1678	2.86	84.000	
1679	2.86	84.051	
1680	2.86	84.100	
1681	2.86	84.150	
1682	2.86	84.200	
1683	2.86	84.250	
1684	2.86	84.300	
1685	2.86	84.350	
1686	2.84	84.400	
1687	2.84	84.450	
1688	2.84	84.500	
1689	2.84	84.551	
1690	2.84	84.600	
1691	2.84	84.650	
1692	2.84	84.700	
1693	2.84	84.750	
1694	2.84	84.801	
1695	2.84	84.850	
1696	2.84	84.900	
1697	2.84	84.950	
1698	2.84	85.000	
1699	2.84	85.051	
1700	2.84	85.100	
1701	2.84	85.150	
1702	2.84	85.200	
1703	2.84	85.250	
1704	2.84	85.300	
1705	2.84	85.351	
1706	2.84	85.400	
1707	2.84	85.450	
1708	2.84	85.500	
1709	2.84	85.551	
1710	2.82	85.600	
1711	2.84	85.651	
1712	2.84	85.700	
1713	2.84	85.750	
1714	2.84	85.800	
1715	2.84	85.850	
1716	2.84	85.900	
1717	2.82	85.950	
1718	2.82	86.000	
1719	2.78	86.050	
1720	2.40	86.100	
1721	2.00	86.150	
1722	1.58	86.200	
1723	1.18	86.250	
1724	0.72	86.300	
1725	0.42	86.350	
1726	0.20	86.401	
1727	0.16	86.450	
1728	0.14	86.500	
1729	0.12	86.551	
1730	0.12	86.600	
1731	0.12	86.650	
1732	0.10	86.700	
1733	0.10	86.750	
1734	0.10	86.801	
1735	0.08	86.900	
1736	0.08	86.950	
1737	0.08	87.012	
1738	0.08	87.050	
1739	0.08	87.107	
1740	0.08	87.151	
1741	0.08	87.200	
1742	0.08	87.250	
1743	0.08	87.312	
1744	0.08	87.351	
1745	0.08	87.410	
1746	0.08	87.450	
1747	0.08	87.509	
1748	0.08	87.551	
1749	0.08	87.610	
1750	0.08	87.650	
1751	0.08	87.710	
1752	0.08	87.750	
1753	0.08	87.806	
1754	0.08	87.850	
1755	0.08	87.900	
1756	0.08	87.950	
1757	0.08	88.000	
1758	0.08	88.050	
1759	0.08	88.100	
1760	0.08	88.151	
1761	0.08	88.200	
1762	0.08	88.251	
1763	0.08	88.300	
1764	0.08	88.350	
1765	0.08	88.400	
1766	0.08	88.450	
1767	0.08	88.500	
1768	0.08	88.550	
1769	0.08	88.600	
1770	0.08	88.650	
1771	0.06	88.700	
1772	0.08	88.750	
1773	0.08	88.800	
1774	0.08	88.850	
1775	0.08	88.900	
1776	0.08	88.950	
1777	0.08	89.001	
1778	0.06	89.050	
1779	0.06	89.100	
1780	0.08	89.150	
1781	0.06	89.201	
