7/24/2024  5:12 PM
Units: N
Readings: Continuous
X-Axis: Time

Reading	Load	Time	
1	0.00	0.000	
2	0.00	0.100	
3	0.00	0.150	
4	0.00	0.201	
5	0.00	0.250	
6	0.00	0.300	
7	0.00	0.351	
8	0.00	0.400	
9	0.00	0.450	
10	0.00	0.501	
11	0.00	0.550	
12	0.00	0.601	
13	0.00	0.650	
14	0.00	0.700	
15	0.00	0.750	
16	0.00	0.801	
17	0.00	0.850	
18	0.00	0.900	
19	0.00	0.951	
20	0.00	1.000	
21	0.00	1.050	
22	0.00	1.100	
23	0.00	1.150	
24	0.00	1.200	
25	0.00	1.251	
26	0.00	1.300	
27	0.00	1.350	
28	0.00	1.400	
29	0.00	1.450	
30	0.00	1.500	
31	0.00	1.550	
32	0.00	1.601	
33	0.00	1.650	
34	0.00	1.700	
35	0.00	1.750	
36	0.00	1.800	
37	0.00	1.850	
38	0.00	1.900	
39	0.00	1.950	
40	0.00	2.000	
41	0.00	2.050	
42	0.00	2.100	
43	0.00	2.150	
44	0.00	2.200	
45	0.00	2.250	
46	0.00	2.300	
47	0.00	2.351	
48	0.00	2.400	
49	0.00	2.450	
50	0.00	2.500	
51	0.00	2.550	
52	0.00	2.600	
53	0.00	2.650	
54	0.00	2.700	
55	0.00	2.750	
56	0.00	2.800	
57	0.00	2.851	
58	0.00	2.900	
59	0.00	2.950	
60	0.00	3.000	
61	0.00	3.050	
62	0.00	3.100	
63	0.00	3.150	
64	0.00	3.200	
65	0.00	3.251	
66	0.00	3.300	
67	0.00	3.350	
68	0.00	3.400	
69	0.00	3.450	
70	0.00	3.500	
71	0.00	3.550	
72	0.00	3.600	
73	0.00	3.651	
74	0.00	3.700	
75	0.00	3.750	
76	0.00	3.800	
77	0.00	3.850	
78	0.00	3.900	
79	0.00	3.950	
80	0.00	4.000	
81	0.00	4.051	
82	0.00	4.100	
83	0.00	4.150	
84	0.00	4.200	
85	0.00	4.250	
86	0.00	4.300	
87	0.00	4.350	
88	0.00	4.400	
89	0.00	4.450	
90	0.00	4.500	
91	0.00	4.550	
92	0.00	4.600	
93	0.00	4.650	
94	0.00	4.701	
95	0.02	4.751	
96	0.04	4.801	
97	0.08	4.850	
98	0.14	4.900	
99	0.36	4.950	
100	0.86	5.000	
101	1.32	5.050	
102	1.92	5.100	
103	2.58	5.151	
104	3.42	5.200	
105	4.12	5.250	
106	5.06	5.300	
107	5.92	5.350	
108	6.76	5.401	
109	7.36	5.450	
110	7.54	5.501	
111	7.52	5.551	
112	7.48	5.600	
113	7.46	5.650	
114	7.44	5.700	
115	7.42	5.751	
116	7.42	5.801	
117	7.40	5.850	
118	7.38	5.900	
119	7.38	5.950	
120	7.36	6.000	
121	7.36	6.051	
122	7.36	6.100	
123	7.36	6.150	
124	7.34	6.200	
125	7.34	6.250	
126	7.34	6.300	
127	7.32	6.350	
128	7.32	6.400	
129	7.32	6.450	
130	7.32	6.500	
131	7.30	6.550	
132	7.30	6.600	
133	7.30	6.651	
134	7.30	6.700	
135	7.30	6.750	
136	7.30	6.800	
137	7.30	6.851	
138	7.28	6.900	
139	7.28	6.950	
140	7.28	7.001	
141	7.28	7.050	
142	7.28	7.100	
143	7.28	7.150	
144	7.28	7.200	
145	7.28	7.250	
146	7.26	7.300	
147	7.26	7.350	
148	7.26	7.400	
149	7.26	7.450	
150	7.26	7.501	
151	7.26	7.550	
152	7.26	7.600	
153	7.26	7.650	
154	7.26	7.700	
155	7.26	7.750	
156	7.24	7.800	
157	7.24	7.850	
158	7.24	7.900	
159	7.24	7.950	
160	7.24	8.000	
161	7.24	8.051	
162	7.24	8.100	
163	7.24	8.150	
164	7.24	8.200	
165	7.18	8.250	
166	6.24	8.300	
167	5.10	8.350	
168	4.08	8.400	
169	3.12	8.450	
170	2.24	8.500	
171	1.54	8.551	
172	0.96	8.600	
173	0.64	8.650	
174	0.48	8.701	
175	0.46	8.750	
176	0.42	8.800	
177	0.42	8.851	
178	0.40	8.901	
179	0.38	8.950	
180	0.32	9.000	
181	0.18	9.050	
182	0.16	9.100	
183	0.16	9.150	
184	0.14	9.201	
185	0.14	9.250	
186	0.16	9.300	
187	0.14	9.351	
188	0.16	9.400	
189	0.14	9.450	
190	0.14	9.501	
191	0.14	9.550	
192	0.14	9.600	
193	0.14	9.650	
194	0.14	9.700	
195	0.14	9.750	
196	0.14	9.800	
197	0.14	9.850	
198	0.14	9.900	
199	0.14	9.951	
200	0.14	10.000	
201	0.14	10.051	
202	0.14	10.100	
203	0.14	10.150	
204	0.14	10.200	
205	0.14	10.250	
206	0.14	10.300	
207	0.14	10.350	
208	0.14	10.401	
209	0.14	10.450	
210	0.14	10.501	
211	0.14	10.550	
212	0.14	10.600	
213	0.14	10.650	
214	0.14	10.700	
215	0.14	10.750	
216	0.14	10.800	
217	0.14	10.850	
218	0.14	10.900	
219	0.14	10.950	
220	0.14	11.000	
221	0.14	11.050	
222	0.14	11.100	
223	0.14	11.150	
224	0.14	11.200	
225	0.14	11.250	
226	0.14	11.300	
227	0.14	11.351	
228	0.14	11.400	
229	0.14	11.451	
230	0.14	11.500	
231	0.14	11.550	
232	0.14	11.600	
233	0.14	11.650	
234	0.14	11.700	
235	0.14	11.750	
236	0.14	11.800	
237	0.14	11.851	
238	0.14	11.900	
239	0.14	11.950	
240	0.14	12.001	
241	0.14	12.050	
242	0.14	12.100	
243	0.14	12.150	
244	0.14	12.200	
245	0.14	12.250	
246	0.14	12.300	
247	0.14	12.350	
248	0.14	12.400	
249	0.14	12.450	
250	0.14	12.500	
251	0.14	12.550	
252	0.14	12.600	
253	0.14	12.650	
254	0.14	12.700	
255	0.18	12.750	
256	0.16	12.800	
257	0.24	12.851	
258	0.28	12.900	
259	0.56	12.950	
260	1.10	13.000	
261	1.72	13.050	
262	2.28	13.101	
263	2.98	13.150	
264	3.74	13.200	
265	4.50	13.250	
266	5.40	13.300	
267	6.26	13.351	
268	7.04	13.400	
269	7.58	13.450	
270	7.72	13.500	
271	7.70	13.550	
272	7.68	13.600	
273	7.66	13.650	
274	7.64	13.700	
275	7.64	13.751	
276	7.62	13.800	
277	7.60	13.850	
278	7.60	13.901	
279	7.60	13.950	
280	7.58	14.001	
281	7.58	14.050	
282	7.56	14.100	
283	7.56	14.150	
284	7.56	14.200	
285	7.56	14.250	
286	7.54	14.300	
287	7.54	14.350	
288	7.54	14.400	
289	7.54	14.450	
290	7.54	14.500	
291	7.52	14.550	
292	7.52	14.600	
293	7.52	14.650	
294	7.52	14.700	
295	7.52	14.750	
296	7.52	14.800	
297	7.50	14.850	
298	7.50	14.900	
299	7.50	14.950	
300	7.50	15.001	
301	7.50	15.050	
302	7.50	15.100	
303	7.50	15.150	
304	7.50	15.201	
305	7.50	15.250	
306	7.50	15.300	
307	7.50	15.350	
308	7.48	15.400	
309	7.48	15.450	
310	7.48	15.500	
311	7.48	15.550	
312	7.48	15.600	
313	7.48	15.650	
314	7.48	15.700	
315	7.48	15.750	
316	7.48	15.800	
317	7.48	15.850	
318	7.48	15.901	
319	7.48	15.951	
320	7.46	16.000	
321	7.46	16.050	
322	7.50	16.100	
323	6.74	16.150	
324	5.52	16.200	
325	4.44	16.250	
326	3.46	16.300	
327	2.56	16.350	
328	1.78	16.400	
329	1.12	16.450	
330	0.66	16.500	
331	0.46	16.550	
332	0.44	16.600	
333	0.40	16.650	
334	0.38	16.701	
335	0.36	16.750	
336	0.36	16.800	
337	0.28	16.850	
338	0.18	16.900	
339	0.12	16.950	
340	0.10	17.000	
341	0.10	17.050	
342	0.10	17.100	
343	0.10	17.150	
344	0.10	17.200	
345	0.10	17.250	
346	0.10	17.300	
347	0.10	17.351	
348	0.10	17.400	
349	0.10	17.450	
350	0.10	17.500	
351	0.10	17.550	
352	0.10	17.601	
353	0.10	17.650	
354	0.10	17.700	
355	0.10	17.751	
356	0.10	17.800	
357	0.08	17.850	
358	0.10	17.900	
359	0.10	17.950	
360	0.10	18.001	
361	0.08	18.050	
362	0.08	18.100	
363	0.08	18.150	
364	0.08	18.200	
365	0.10	18.250	
366	0.08	18.300	
367	0.10	18.350	
368	0.08	18.400	
369	0.08	18.450	
370	0.08	18.501	
371	0.08	18.550	
372	0.08	18.600	
373	0.08	18.650	
374	0.08	18.700	
375	0.08	18.750	
376	0.08	18.800	
377	0.08	18.850	
378	0.08	18.900	
379	0.08	18.950	
380	0.08	19.000	
381	0.08	19.050	
382	0.08	19.101	
383	0.08	19.150	
384	0.08	19.201	
385	0.08	19.251	
386	0.08	19.300	
387	0.08	19.350	
388	0.08	19.400	
389	0.08	19.450	
390	0.08	19.500	
391	0.08	19.550	
392	0.08	19.600	
393	0.08	19.650	
394	0.08	19.700	
395	0.08	19.750	
396	0.08	19.800	
397	0.08	19.851	
398	0.08	19.900	
399	0.08	19.950	
400	0.08	20.000	
401	0.08	20.050	
402	0.08	20.100	
403	0.08	20.150	
404	0.08	20.200	
405	0.08	20.250	
406	0.08	20.300	
407	0.08	20.350	
408	0.08	20.400	
409	0.08	20.450	
410	0.08	20.501	
411	0.08	20.550	
412	0.08	20.600	
413	0.08	20.651	
414	0.08	20.700	
415	0.08	20.750	
416	0.08	20.800	
417	0.14	20.850	
418	0.16	20.900	
419	0.20	20.950	
420	0.30	21.000	
421	0.72	21.050	
422	1.30	21.100	
423	1.80	21.150	
424	2.44	21.200	
425	3.22	21.250	
426	3.92	21.300	
427	4.74	21.350	
428	5.62	21.400	
429	6.42	21.450	
430	7.10	21.500	
431	7.48	21.550	
432	7.50	21.600	
433	7.48	21.651	
434	7.46	21.700	
435	7.44	21.750	
436	7.44	21.800	
437	7.42	21.850	
438	7.40	21.900	
439	7.40	21.950	
440	7.40	22.000	
441	7.38	22.050	
442	7.38	22.100	
443	7.38	22.150	
444	7.36	22.200	
445	7.36	22.250	
446	7.36	22.300	
447	7.36	22.350	
448	7.36	22.400	
449	7.36	22.450	
450	7.34	22.500	
451	7.34	22.550	
452	7.34	22.600	
453	7.34	22.650	
454	7.34	22.700	
455	7.32	22.750	
456	7.32	22.800	
457	7.32	22.850	
458	7.32	22.900	
459	7.32	22.950	
460	7.32	23.000	
461	7.32	23.050	
462	7.32	23.100	
463	7.32	23.150	
464	7.30	23.200	
465	7.30	23.250	
466	7.30	23.301	
467	7.30	23.350	
468	7.30	23.400	
469	7.30	23.450	
470	7.30	23.500	
471	7.30	23.550	
472	7.30	23.600	
473	7.30	23.650	
474	7.30	23.700	
475	7.28	23.750	
476	7.28	23.800	
477	7.28	23.850	
478	7.28	23.900	
479	7.28	23.950	
480	7.30	24.000	
481	6.54	24.050	
482	5.40	24.102	
483	4.28	24.150	
484	3.36	24.200	
485	2.42	24.250	
486	1.66	24.300	
487	1.04	24.350	
488	0.62	24.401	
489	0.44	24.451	
490	0.42	24.501	
491	0.38	24.550	
492	0.38	24.600	
493	0.34	24.650	
494	0.34	24.700	
495	0.28	24.751	
496	0.14	24.800	
497	0.10	24.850	
498	0.10	24.900	
499	0.10	24.950	
500	0.08	25.000	
501	0.08	25.050	
502	0.10	25.100	
503	0.08	25.150	
504	0.08	25.200	
505	0.08	25.250	
506	0.08	25.300	
507	0.08	25.350	
508	0.08	25.400	
509	0.08	25.450	
510	0.08	25.500	
511	0.08	25.550	
512	0.08	25.600	
513	0.08	25.650	
514	0.08	25.700	
515	0.08	25.750	
516	0.08	25.800	
517	0.08	25.850	
518	0.08	25.901	
519	0.08	25.950	
520	0.08	26.000	
521	0.08	26.050	
522	0.08	26.100	
523	0.08	26.150	
524	0.08	26.200	
525	0.08	26.250	
526	0.08	26.301	
527	0.08	26.350	
528	0.08	26.400	
529	0.08	26.450	
530	0.08	26.500	
531	0.08	26.550	
532	0.08	26.600	
533	0.08	26.650	
534	0.08	26.700	
535	0.08	26.750	
536	0.08	26.800	
537	0.08	26.850	
538	0.08	26.900	
539	0.08	26.950	
540	0.08	27.000	
541	0.08	27.050	
542	0.08	27.100	
543	0.08	27.150	
544	0.08	27.200	
545	0.08	27.250	
546	0.08	27.300	
547	0.08	27.350	
548	0.08	27.400	
549	0.08	27.451	
550	0.06	27.500	
551	0.06	27.550	
552	0.06	27.600	
553	0.06	27.650	
554	0.06	27.700	
555	0.08	27.750	
556	0.06	27.801	
557	0.08	27.851	
558	0.08	27.900	
559	0.10	27.950	
560	0.12	28.000	
561	0.14	28.050	
562	0.24	28.100	
563	0.94	28.150	
564	1.12	28.200	
565	1.64	28.250	
566	2.20	28.300	
567	2.92	28.350	
568	3.68	28.400	
569	4.44	28.450	
570	5.34	28.500	
571	6.14	28.550	
572	6.92	28.600	
573	7.46	28.650	
574	7.62	28.700	
575	7.58	28.750	
576	7.56	28.801	
577	7.54	28.850	
578	7.54	28.900	
579	7.52	28.950	
580	7.50	29.000	
581	7.50	29.050	
582	7.50	29.100	
583	7.48	29.150	
584	7.48	29.200	
585	7.48	29.250	
586	7.46	29.300	
587	7.46	29.350	
588	7.46	29.400	
589	7.46	29.450	
590	7.44	29.500	
591	7.44	29.550	
592	7.44	29.600	
593	7.44	29.650	
594	7.44	29.700	
595	7.44	29.750	
596	7.44	29.801	
597	7.44	29.850	
598	7.42	29.900	
599	7.42	29.950	
600	7.42	30.000	
601	7.42	30.050	
602	7.42	30.100	
603	7.42	30.150	
604	7.42	30.200	
605	7.40	30.250	
606	7.40	30.300	
607	7.40	30.350	
608	7.40	30.400	
609	7.40	30.450	
610	7.40	30.500	
611	7.40	30.550	
612	7.40	30.600	
613	7.38	30.650	
614	7.38	30.700	
615	7.38	30.750	
616	7.38	30.800	
617	7.38	30.850	
618	7.38	30.900	
619	7.38	30.950	
620	7.38	31.000	
621	7.38	31.051	
622	7.38	31.101	
623	7.38	31.150	
624	7.38	31.200	
625	7.38	31.250	
626	7.38	31.300	
627	7.38	31.351	
628	7.40	31.400	
629	6.68	31.450	
630	5.56	31.500	
631	4.48	31.550	
632	3.46	31.600	
633	2.50	31.650	
634	1.74	31.700	
635	1.10	31.750	
636	0.66	31.800	
637	0.46	31.850	
638	0.42	31.900	
639	0.40	31.950	
640	0.38	32.000	
641	0.36	32.050	
642	0.34	32.101	
643	0.28	32.150	
644	0.16	32.200	
645	0.10	32.250	
646	0.08	32.301	
647	0.08	32.350	
648	0.08	32.400	
649	0.08	32.450	
650	0.08	32.500	
651	0.08	32.550	
652	0.08	32.600	
653	0.08	32.650	
654	0.08	32.700	
655	0.08	32.750	
656	0.08	32.800	
657	0.08	32.850	
658	0.08	32.900	
659	0.08	32.950	
660	0.08	33.000	
661	0.08	33.050	
662	0.08	33.101	
663	0.08	33.151	
664	0.08	33.200	
665	0.08	33.250	
666	0.08	33.300	
667	0.08	33.350	
668	0.06	33.400	
669	0.08	33.450	
670	0.08	33.501	
671	0.06	33.550	
672	0.06	33.600	
673	0.08	33.650	
674	0.06	33.700	
675	0.08	33.750	
676	0.06	33.800	
677	0.08	33.850	
678	0.06	33.900	
679	0.08	33.950	
680	0.06	34.000	
681	0.06	34.050	
682	0.06	34.100	
683	0.06	34.150	
684	0.06	34.200	
685	0.06	34.250	
686	0.06	34.300	
687	0.06	34.350	
688	0.06	34.400	
689	0.06	34.450	
690	0.06	34.500	
691	0.06	34.551	
692	0.06	34.600	
693	0.06	34.650	
694	0.06	34.700	
695	0.06	34.750	
696	0.06	34.800	
697	0.06	34.850	
698	0.06	34.900	
699	0.06	34.950	
700	0.06	35.000	
701	0.06	35.051	
702	0.06	35.101	
703	0.06	35.150	
704	0.06	35.200	
705	0.06	35.250	
706	0.06	35.300	
707	0.08	35.350	
708	0.14	35.400	
709	0.12	35.450	
710	0.22	35.500	
711	0.48	35.550	
712	1.00	35.600	
713	1.54	35.650	
714	2.08	35.700	
715	2.78	35.751	
716	3.58	35.801	
717	4.28	35.850	
718	5.14	35.900	
719	5.98	35.950	
720	6.72	36.000	
721	7.28	36.051	
722	7.48	36.100	
723	7.46	36.150	
724	7.44	36.200	
725	7.42	36.250	
726	7.40	36.300	
727	7.38	36.350	
728	7.38	36.400	
729	7.36	36.450	
730	7.36	36.500	
731	7.36	36.550	
732	7.34	36.600	
733	7.34	36.650	
734	7.34	36.700	
735	7.32	36.750	
736	7.32	36.800	
737	7.32	36.850	
738	7.32	36.900	
739	7.30	36.950	
740	7.30	37.000	
741	7.30	37.050	
742	7.30	37.100	
743	7.30	37.150	
744	7.30	37.200	
745	7.28	37.250	
746	7.28	37.300	
747	7.28	37.350	
748	7.28	37.400	
749	7.28	37.450	
750	7.28	37.500	
751	7.28	37.550	
752	7.28	37.601	
753	7.28	37.650	
754	7.28	37.700	
755	7.26	37.750	
756	7.26	37.800	
757	7.26	37.850	
758	7.26	37.900	
759	7.26	37.950	
760	7.26	38.000	
761	7.26	38.050	
762	7.26	38.101	
763	7.26	38.150	
764	7.26	38.201	
765	7.24	38.250	
766	7.24	38.300	
767	7.24	38.350	
768	7.24	38.400	
769	7.24	38.450	
770	7.24	38.500	
771	7.24	38.550	
772	7.24	38.600	
773	7.24	38.651	
774	7.24	38.700	
775	7.24	38.750	
776	7.24	38.800	
777	7.24	38.850	
778	7.24	38.900	
779	7.24	38.950	
780	7.24	39.000	
781	7.22	39.050	
782	7.24	39.100	
783	6.74	39.150	
784	5.70	39.200	
785	4.56	39.250	
786	3.56	39.300	
787	2.58	39.350	
788	1.78	39.400	
789	1.14	39.450	
790	0.68	39.500	
791	0.44	39.550	
792	0.42	39.600	
793	0.38	39.650	
794	0.36	39.700	
795	0.34	39.751	
796	0.34	39.800	
797	0.28	39.850	
798	0.16	39.900	
799	0.08	39.950	
800	0.08	40.000	
801	0.08	40.050	
802	0.08	40.100	
803	0.06	40.153	
804	0.08	40.200	
805	0.06	40.250	
806	0.06	40.300	
807	0.06	40.350	
808	0.06	40.400	
809	0.06	40.450	
810	0.06	40.500	
811	0.06	40.550	
812	0.06	40.600	
813	0.06	40.650	
814	0.06	40.700	
815	0.06	40.750	
816	0.06	40.800	
817	0.06	40.850	
818	0.06	40.900	
819	0.06	40.950	
820	0.06	41.001	
821	0.06	41.050	
822	0.06	41.100	
823	0.06	41.150	
824	0.06	41.201	
825	0.06	41.250	
826	0.06	41.300	
827	0.06	41.350	
828	0.06	41.401	
829	0.06	41.450	
830	0.06	41.500	
831	0.06	41.550	
832	0.06	41.600	
833	0.06	41.650	
834	0.06	41.701	
835	0.06	41.750	
836	0.06	41.800	
837	0.06	41.850	
838	0.06	41.900	
839	0.06	41.950	
840	0.06	42.000	
841	0.06	42.050	
842	0.06	42.101	
843	0.06	42.151	
844	0.06	42.200	
845	0.06	42.251	
846	0.06	42.300	
847	0.06	42.350	
848	0.06	42.400	
849	0.06	42.450	
850	0.06	42.500	
851	0.06	42.550	
852	0.06	42.600	
853	0.06	42.650	
854	0.06	42.700	
855	0.06	42.750	
856	0.06	42.800	
857	0.06	42.850	
858	0.04	42.900	
859	0.06	42.950	
860	0.06	43.000	
861	0.04	43.050	
862	0.04	43.100	
863	0.06	43.151	
864	0.04	43.200	
865	0.06	43.257	
866	0.04	43.300	
867	0.06	43.350	
868	0.06	43.400	
869	0.04	43.450	
870	0.04	43.500	
871	0.04	43.550	
872	0.04	43.600	
873	0.04	43.650	
874	0.04	43.701	
875	0.04	43.750	
876	0.04	43.800	
877	0.04	43.850	
878	0.04	43.900	
879	0.04	43.951	
880	0.04	44.000	
881	0.04	44.050	
882	0.10	44.100	
883	0.10	44.150	
884	0.16	44.200	
885	0.28	44.250	
886	0.72	44.300	
887	1.24	44.350	
888	1.78	44.400	
889	2.38	44.450	
890	3.14	44.500	
891	3.84	44.550	
892	4.68	44.600	
893	5.54	44.650	
894	6.36	44.700	
895	7.06	44.750	
896	7.50	44.800	
897	7.56	44.850	
898	7.54	44.900	
899	7.50	44.950	
900	7.50	45.000	
901	7.48	45.050	
902	7.46	45.100	
903	7.44	45.154	
904	7.44	45.200	
905	7.44	45.250	
906	7.44	45.300	
907	7.42	45.350	
908	7.42	45.401	
909	7.42	45.450	
910	7.42	45.500	
911	7.40	45.551	
912	7.40	45.600	
913	7.40	45.650	
914	7.40	45.701	
915	7.40	45.750	
916	7.38	45.800	
917	7.38	45.850	
918	7.38	45.900	
919	7.38	45.950	
920	7.38	46.000	
921	7.38	46.050	
922	7.36	46.100	
923	7.36	46.150	
924	7.36	46.200	
925	7.36	46.250	
926	7.36	46.300	
927	7.36	46.350	
928	7.36	46.400	
929	7.36	46.450	
930	7.36	46.500	
931	7.36	46.550	
932	7.34	46.600	
933	7.34	46.650	
934	7.34	46.700	
935	7.34	46.750	
936	7.34	46.801	
937	7.34	46.850	
938	7.34	46.900	
939	7.34	46.950	
940	7.34	47.000	
941	7.34	47.050	
942	7.34	47.100	
943	7.34	47.150	
944	7.32	47.200	
945	7.32	47.250	
946	7.32	47.300	
947	7.32	47.350	
948	7.32	47.400	
949	7.32	47.450	
950	7.32	47.500	
951	7.32	47.551	
952	7.32	47.600	
953	7.20	47.650	
954	6.26	47.700	
955	5.10	47.751	
956	4.00	47.800	
957	3.06	47.850	
958	2.16	47.900	
959	1.44	47.950	
960	0.88	48.000	
961	0.52	48.050	
962	0.42	48.101	
963	0.38	48.150	
964	0.34	48.200	
965	0.36	48.250	
966	0.34	48.300	
967	0.32	48.350	
968	0.20	48.400	
969	0.08	48.450	
970	0.06	48.500	
971	0.06	48.550	
972	0.06	48.600	
973	0.06	48.650	
974	0.06	48.700	
975	0.06	48.750	
976	0.06	48.800	
977	0.06	48.850	
978	0.06	48.900	
979	0.06	48.950	
980	0.06	49.000	
981	0.06	49.050	
982	0.06	49.100	
983	0.06	49.150	
984	0.06	49.200	
985	0.06	49.250	
986	0.06	49.301	
987	0.06	49.350	
988	0.04	49.400	
989	0.06	49.450	
990	0.04	49.500	
991	0.04	49.550	
992	0.06	49.600	
993	0.04	49.651	
994	0.04	49.700	
995	0.04	49.750	
996	0.04	49.800	
997	0.04	49.850	
998	0.04	49.900	
999	0.04	49.950	
1000	0.04	50.000	
1001	0.04	50.050	
1002	0.04	50.100	
1003	0.04	50.156	
1004	0.04	50.200	
1005	0.04	50.250	
1006	0.04	50.300	
1007	0.04	50.350	
1008	0.04	50.400	
1009	0.04	50.450	
1010	0.04	50.500	
1011	0.04	50.550	
1012	0.04	50.600	
1013	0.04	50.650	
1014	0.04	50.700	
1015	0.04	50.750	
1016	0.04	50.800	
1017	0.04	50.850	
1018	0.04	50.900	
1019	0.04	50.950	
1020	0.04	51.000	
1021	0.04	51.050	
1022	0.04	51.101	
1023	0.04	51.150	
1024	0.04	51.200	
1025	0.04	51.250	
1026	0.04	51.300	
1027	0.04	51.350	
1028	0.04	51.401	
1029	0.04	51.450	
1030	0.04	51.500	
1031	0.04	51.550	
1032	0.04	51.600	
1033	0.04	51.650	
1034	0.04	51.700	
1035	0.04	51.750	
1036	0.10	51.800	
1037	0.08	51.851	
1038	0.20	51.900	
1039	0.40	51.950	
1040	0.84	52.000	
1041	1.46	52.050	
1042	2.04	52.100	
1043	2.72	52.150	
1044	3.48	52.200	
1045	4.18	52.250	
1046	5.08	52.301	
1047	5.96	52.350	
1048	6.68	52.400	
1049	7.24	52.450	
1050	7.44	52.500	
1051	7.42	52.550	
1052	7.38	52.600	
1053	7.38	52.650	
1054	7.36	52.700	
1055	7.34	52.751	
1056	7.34	52.800	
1057	7.32	52.850	
1058	7.32	52.900	
1059	7.30	52.950	
1060	7.30	53.000	
1061	7.30	53.050	
1062	7.30	53.100	
1063	7.30	53.150	
1064	7.28	53.201	
1065	7.28	53.250	
1066	7.28	53.300	
1067	7.28	53.350	
1068	7.28	53.400	
1069	7.26	53.450	
1070	7.26	53.500	
1071	7.26	53.550	
1072	7.26	53.600	
1073	7.26	53.650	
1074	7.24	53.700	
1075	7.24	53.750	
1076	7.24	53.800	
1077	7.24	53.850	
1078	7.24	53.900	
1079	7.24	53.950	
1080	7.24	54.000	
1081	7.24	54.050	
1082	7.24	54.100	
1083	7.22	54.150	
1084	7.22	54.200	
1085	7.22	54.250	
1086	7.22	54.300	
1087	7.22	54.350	
1088	7.22	54.400	
1089	7.22	54.450	
1090	7.22	54.500	
1091	7.22	54.550	
1092	7.22	54.600	
1093	7.22	54.650	
1094	7.22	54.700	
1095	7.22	54.750	
1096	7.24	54.800	
1097	6.66	54.850	
1098	5.42	54.900	
1099	4.30	54.950	
1100	3.36	55.000	
1101	2.42	55.050	
1102	1.66	55.100	
1103	0.68	55.161	
1104	0.56	55.200	
1105	0.42	55.250	
1106	0.40	55.300	
1107	0.36	55.350	
1108	0.36	55.401	
1109	0.34	55.451	
1110	0.32	55.500	
1111	0.24	55.550	
1112	0.12	55.600	
1113	0.06	55.650	
1114	0.06	55.700	
1115	0.06	55.750	
1116	0.06	55.800	
1117	0.06	55.850	
1118	0.06	55.900	
1119	0.06	55.950	
1120	0.06	56.000	
1121	0.06	56.050	
1122	0.06	56.100	
1123	0.04	56.150	
1124	0.04	56.200	
1125	0.04	56.251	
1126	0.06	56.301	
1127	0.04	56.350	
1128	0.06	56.400	
1129	0.04	56.450	
1130	0.04	56.500	
1131	0.04	56.550	
1132	0.04	56.600	
1133	0.04	56.650	
1134	0.04	56.700	
1135	0.04	56.751	
1136	0.04	56.800	
1137	0.04	56.850	
1138	0.04	56.900	
1139	0.04	56.950	
1140	0.04	57.001	
1141	0.04	57.050	
1142	0.04	57.100	
1143	0.04	57.150	
1144	0.04	57.200	
1145	0.04	57.250	
1146	0.04	57.300	
1147	0.04	57.350	
1148	0.04	57.400	
1149	0.04	57.450	
1150	0.04	57.500	
1151	0.04	57.550	
1152	0.04	57.600	
1153	0.04	57.650	
1154	0.04	57.700	
1155	0.04	57.750	
1156	0.04	57.800	
1157	0.04	57.850	
1158	0.04	57.900	
1159	0.04	57.950	
1160	0.04	58.000	
1161	0.04	58.050	
1162	0.04	58.101	
1163	0.04	58.151	
1164	0.04	58.200	
1165	0.04	58.250	
1166	0.04	58.300	
1167	0.04	58.350	
1168	0.04	58.400	
1169	0.04	58.450	
1170	0.04	58.501	
1171	0.04	58.550	
1172	0.04	58.600	
1173	0.04	58.651	
1174	0.02	58.700	
1175	0.04	58.750	
1176	0.02	58.800	
1177	0.04	58.850	
1178	0.04	58.900	
1179	0.02	58.950	
1180	0.04	59.000	
1181	0.04	59.050	
1182	0.04	59.100	
1183	0.04	59.150	
1184	0.04	59.200	
1185	0.04	59.250	
1186	0.04	59.300	
1187	0.02	59.350	
1188	0.04	59.400	
1189	0.10	59.450	
1190	0.08	59.500	
1191	0.18	59.550	
1192	0.40	59.600	
1193	0.94	59.650	
1194	1.46	59.700	
1195	2.00	59.750	
1196	2.68	59.800	
1197	3.48	59.850	
1198	4.20	59.900	
1199	5.06	59.950	
1200	5.92	60.000	
1201	6.70	60.051	
1202	7.32	60.101	
1203	7.56	60.160	
1204	7.56	60.200	
1205	7.54	60.250	
1206	7.52	60.300	
1207	7.50	60.350	
1208	7.50	60.400	
1209	7.48	60.450	
1210	7.48	60.500	
1211	7.46	60.551	
1212	7.46	60.600	
1213	7.46	60.650	
1214	7.44	60.700	
1215	7.44	60.750	
1216	7.44	60.800	
1217	7.44	60.850	
1218	7.42	60.900	
1219	7.42	60.950	
1220	7.42	61.000	
1221	7.42	61.050	
1222	7.40	61.100	
1223	7.40	61.150	
1224	7.40	61.200	
1225	7.40	61.250	
1226	7.40	61.300	
1227	7.40	61.350	
1228	7.40	61.400	
1229	7.40	61.450	
1230	7.38	61.500	
1231	7.38	61.550	
1232	7.38	61.600	
1233	7.38	61.650	
1234	7.38	61.700	
1235	7.38	61.750	
1236	7.38	61.800	
1237	7.38	61.850	
1238	7.38	61.900	
1239	7.38	61.950	
1240	7.36	62.000	
1241	7.36	62.050	
1242	7.36	62.100	
1243	7.36	62.150	
1244	7.36	62.200	
1245	7.36	62.250	
1246	7.36	62.300	
1247	7.36	62.350	
1248	7.36	62.401	
1249	7.36	62.450	
1250	7.36	62.500	
1251	7.36	62.550	
1252	7.36	62.600	
1253	7.36	62.650	
1254	7.36	62.700	
1255	7.36	62.750	
1256	7.34	62.800	
1257	7.34	62.850	
1258	7.34	62.900	
1259	7.34	62.950	
1260	7.34	63.000	
1261	7.34	63.050	
1262	7.34	63.100	
1263	7.34	63.150	
1264	7.34	63.200	
1265	7.34	63.250	
1266	7.34	63.300	
1267	7.34	63.350	
1268	6.54	63.400	
1269	5.30	63.450	
1270	4.20	63.500	
1271	3.26	63.550	
1272	2.34	63.600	
1273	1.62	63.650	
1274	1.00	63.700	
1275	0.58	63.750	
1276	0.42	63.800	
1277	0.40	63.850	
1278	0.36	63.900	
1279	0.36	63.950	
1280	0.34	64.000	
1281	0.34	64.050	
1282	0.24	64.100	
1283	0.10	64.150	
1284	0.06	64.200	
1285	0.06	64.250	
1286	0.06	64.300	
1287	0.06	64.350	
1288	0.06	64.400	
1289	0.06	64.450	
1290	0.06	64.500	
1291	0.06	64.550	
1292	0.06	64.601	
1293	0.06	64.650	
1294	0.06	64.700	
1295	0.06	64.750	
1296	0.04	64.801	
1297	0.04	64.850	
1298	0.04	64.900	
1299	0.06	64.951	
1300	0.04	65.000	
1301	0.04	65.050	
1302	0.04	65.100	
1303	0.04	65.160	
1304	0.04	65.200	
1305	0.04	65.251	
1306	0.04	65.300	
1307	0.04	65.350	
1308	0.04	65.400	
1309	0.04	65.450	
1310	0.04	65.500	
1311	0.04	65.550	
1312	0.04	65.600	
1313	0.04	65.650	
1314	0.04	65.700	
1315	0.04	65.750	
1316	0.04	65.800	
1317	0.04	65.850	
1318	0.04	65.900	
1319	0.04	65.950	
1320	0.04	66.000	
1321	0.04	66.050	
1322	0.04	66.100	
1323	0.04	66.150	
1324	0.04	66.200	
1325	0.04	66.250	
1326	0.04	66.300	
1327	0.04	66.350	
1328	0.04	66.400	
1329	0.04	66.450	
1330	0.04	66.500	
1331	0.04	66.550	
1332	0.04	66.600	
1333	0.04	66.650	
1334	0.04	66.700	
1335	0.04	66.750	
1336	0.04	66.800	
1337	0.04	66.850	
1338	0.04	66.900	
1339	0.04	66.950	
1340	0.04	67.001	
1341	0.04	67.050	
1342	0.04	67.100	
1343	0.04	67.150	
1344	0.04	67.200	
1345	0.02	67.250	
1346	0.04	67.301	
1347	0.04	67.350	
1348	0.04	67.400	
1349	0.04	67.450	
1350	0.04	67.500	
1351	0.02	67.550	
1352	0.02	67.601	
1353	0.04	67.650	
1354	0.02	67.700	
1355	0.06	67.750	
1356	0.08	67.800	
1357	0.14	67.850	
1358	0.26	67.900	
1359	0.68	67.951	
1360	1.24	68.000	
1361	1.82	68.051	
1362	2.46	68.100	
1363	3.20	68.151	
1364	3.92	68.200	
1365	4.78	68.250	
1366	5.64	68.301	
1367	6.46	68.350	
1368	7.10	68.400	
1369	7.46	68.450	
1370	7.48	68.500	
1371	7.44	68.563	
1372	7.42	68.600	
1373	7.40	68.655	
1374	7.40	68.700	
1375	7.40	68.750	
1376	7.38	68.800	
1377	7.38	68.851	
1378	7.36	68.900	
1379	7.36	68.950	
1380	7.36	69.000	
1381	7.34	69.050	
1382	7.34	69.100	
1383	7.34	69.150	
1384	7.34	69.200	
1385	7.34	69.250	
1386	7.32	69.300	
1387	7.32	69.350	
1388	7.32	69.400	
1389	7.32	69.450	
1390	7.32	69.500	
1391	7.30	69.550	
1392	7.30	69.600	
1393	7.30	69.650	
1394	7.30	69.700	
1395	7.30	69.750	
1396	7.30	69.800	
1397	7.30	69.850	
1398	7.30	69.900	
1399	7.30	69.950	
1400	7.30	70.000	
1401	7.28	70.050	
1402	7.28	70.100	
1403	7.28	70.161	
1404	7.28	70.200	
1405	7.28	70.251	
1406	7.28	70.300	
1407	7.28	70.350	
1408	7.28	70.400	
1409	7.28	70.450	
1410	7.28	70.500	
1411	7.28	70.550	
1412	7.26	70.600	
1413	7.26	70.650	
1414	7.26	70.700	
1415	7.26	70.751	
1416	7.26	70.800	
1417	7.26	70.850	
1418	7.26	70.900	
1419	7.26	70.950	
1420	7.26	71.000	
1421	7.28	71.050	
1422	6.70	71.100	
1423	5.46	71.151	
1424	4.30	71.200	
1425	3.40	71.250	
1426	2.48	71.300	
1427	1.70	71.350	
1428	1.04	71.400	
1429	0.64	71.450	
1430	0.44	71.500	
1431	0.40	71.550	
1432	0.38	71.600	
1433	0.36	71.650	
1434	0.36	71.700	
1435	0.34	71.751	
1436	0.24	71.800	
1437	0.12	71.850	
1438	0.06	71.900	
1439	0.06	71.950	
1440	0.06	72.000	
1441	0.06	72.050	
1442	0.06	72.100	
1443	0.06	72.150	
1444	0.06	72.200	
1445	0.04	72.250	
1446	0.06	72.300	
1447	0.04	72.350	
1448	0.04	72.400	
1449	0.04	72.450	
1450	0.04	72.500	
1451	0.04	72.551	
1452	0.04	72.600	
1453	0.04	72.650	
1454	0.04	72.700	
1455	0.04	72.750	
1456	0.04	72.801	
1457	0.04	72.850	
1458	0.04	72.900	
1459	0.04	72.950	
1460	0.04	73.000	
1461	0.04	73.051	
1462	0.04	73.100	
1463	0.04	73.150	
1464	0.04	73.200	
1465	0.04	73.250	
1466	0.04	73.301	
1467	0.04	73.351	
1468	0.04	73.400	
1469	0.04	73.450	
1470	0.04	73.500	
1471	0.04	73.551	
1472	0.04	73.600	
1473	0.04	73.650	
1474	0.04	73.700	
1475	0.04	73.750	
1476	0.04	73.800	
1477	0.04	73.850	
1478	0.04	73.900	
1479	0.04	73.950	
1480	0.04	74.000	
1481	0.04	74.051	
1482	0.04	74.100	
1483	0.02	74.150	
1484	0.02	74.201	
1485	0.04	74.250	
1486	0.02	74.300	
1487	0.04	74.350	
1488	0.02	74.400	
1489	0.02	74.450	
1490	0.02	74.501	
1491	0.02	74.550	
1492	0.02	74.600	
1493	0.02	74.650	
1494	0.02	74.700	
1495	0.02	74.750	
1496	0.02	74.801	
1497	0.02	74.850	
1498	0.02	74.901	
1499	0.02	74.950	
1500	0.02	75.000	
1501	0.02	75.050	
1502	0.02	75.100	
1503	0.02	75.151	
1504	0.06	75.200	
1505	0.08	75.250	
1506	0.12	75.301	
1507	0.26	75.350	
1508	0.72	75.400	
1509	1.26	75.450	
1510	1.74	75.500	
1511	2.36	75.550	
1512	3.10	75.600	
1513	3.82	75.650	
1514	4.62	75.701	
1515	5.50	75.750	
1516	6.30	75.800	
1517	7.02	75.850	
1518	7.48	75.900	
1519	7.54	75.950	
1520	7.52	76.000	
1521	7.50	76.050	
1522	7.48	76.100	
1523	7.46	76.150	
1524	7.46	76.200	
1525	7.44	76.251	
1526	7.44	76.301	
1527	7.42	76.350	
1528	7.42	76.400	
1529	7.42	76.450	
1530	7.40	76.500	
1531	7.40	76.550	
1532	7.40	76.601	
1533	7.40	76.650	
1534	7.38	76.700	
1535	7.38	76.750	
1536	7.38	76.800	
1537	7.38	76.850	
1538	7.36	76.900	
1539	7.36	76.950	
1540	7.36	77.000	
1541	7.36	77.051	
1542	7.36	77.100	
1543	7.36	77.151	
1544	7.36	77.200	
1545	7.36	77.250	
1546	7.34	77.300	
1547	7.34	77.350	
1548	7.34	77.400	
1549	7.34	77.450	
1550	7.34	77.500	
1551	7.34	77.551	
1552	7.34	77.600	
1553	7.34	77.650	
1554	7.34	77.700	
1555	7.32	77.750	
1556	7.32	77.800	
1557	7.32	77.850	
1558	7.32	77.900	
1559	7.32	77.951	
1560	7.32	78.000	
1561	7.32	78.050	
1562	7.32	78.100	
1563	7.32	78.150	
1564	7.32	78.200	
1565	7.32	78.250	
1566	7.30	78.301	
1567	7.30	78.350	
1568	7.30	78.401	
1569	7.30	78.450	
1570	7.30	78.500	
1571	7.30	78.563	
1572	7.30	78.600	
1573	7.30	78.657	
1574	7.30	78.700	
1575	7.30	78.750	
1576	7.30	78.801	
1577	7.30	78.850	
1578	7.30	78.900	
1579	7.30	78.950	
1580	7.30	79.001	
1581	7.30	79.050	
1582	7.22	79.100	
1583	6.30	79.150	
1584	5.10	79.200	
1585	4.02	79.251	
1586	3.06	79.300	
1587	2.16	79.350	
1588	1.46	79.400	
1589	0.90	79.450	
1590	0.54	79.500	
1591	0.42	79.550	
1592	0.42	79.600	
1593	0.38	79.650	
1594	0.38	79.700	
1595	0.36	79.750	
1596	0.32	79.801	
1597	0.22	79.850	
1598	0.08	79.900	
1599	0.06	79.950	
1600	0.06	80.000	
1601	0.06	80.051	
1602	0.06	80.100	
1603	0.06	80.200	
1604	0.06	80.250	
1605	0.04	80.350	
1606	0.04	80.400	
1607	0.04	80.450	
1608	0.04	80.500	
1609	0.04	80.550	
1610	0.04	80.600	
1611	0.04	80.650	
1612	0.04	80.700	
1613	0.04	80.750	
1614	0.04	80.800	
1615	0.04	80.850	
1616	0.04	80.900	
1617	0.04	80.951	
1618	0.04	81.000	
1619	0.04	81.050	
1620	0.04	81.100	
1621	0.04	81.150	
1622	0.04	81.200	
1623	0.04	81.251	
1624	0.04	81.300	
1625	0.04	81.350	
1626	0.04	81.400	
1627	0.04	81.450	
1628	0.04	81.501	
1629	0.04	81.550	
1630	0.04	81.600	
