7/25/2024  4:50 PM
Units: N
Readings: Continuous
X-Axis: Time

Reading	Load	Time	
1	0.00	0.000	
2	0.00	0.100	
3	0.00	0.150	
4	0.00	0.200	
5	0.00	0.251	
6	0.00	0.301	
7	0.00	0.351	
8	0.00	0.401	
9	0.00	0.451	
10	0.00	0.500	
11	0.00	0.551	
12	0.00	0.601	
13	0.00	0.651	
14	0.00	0.700	
15	0.00	0.751	
16	0.00	0.800	
17	0.00	0.851	
18	0.00	0.900	
19	0.00	0.951	
20	0.00	1.001	
21	0.00	1.051	
22	0.00	1.100	
23	0.00	1.151	
24	0.00	1.200	
25	0.00	1.250	
26	0.00	1.301	
27	0.00	1.350	
28	0.00	1.400	
29	0.00	1.451	
30	0.00	1.500	
31	0.00	1.550	
32	0.00	1.601	
33	0.00	1.651	
34	0.00	1.700	
35	0.00	1.751	
36	0.00	1.801	
37	0.00	1.851	
38	0.00	1.900	
39	0.00	1.950	
40	0.00	2.001	
41	0.00	2.050	
42	0.00	2.100	
43	0.00	2.151	
44	0.00	2.200	
45	0.00	2.251	
46	0.00	2.300	
47	0.00	2.352	
48	0.00	2.401	
49	0.00	2.451	
50	0.00	2.500	
51	0.00	2.550	
52	0.00	2.600	
53	0.00	2.651	
54	0.00	2.700	
55	0.00	2.751	
56	0.00	2.800	
57	0.00	2.851	
58	0.00	2.901	
59	0.00	2.950	
60	0.00	3.001	
61	0.08	3.050	
62	0.52	3.101	
63	1.18	3.150	
64	1.76	3.202	
65	2.60	3.251	
66	3.56	3.300	
67	4.64	3.350	
68	5.94	3.400	
69	7.16	3.450	
70	8.50	3.501	
71	9.90	3.551	
72	11.16	3.601	
73	12.28	3.650	
74	13.12	3.700	
75	13.66	3.751	
76	13.74	3.800	
77	13.68	3.850	
78	13.62	3.900	
79	13.58	3.950	
80	13.56	4.001	
81	13.54	4.050	
82	13.52	4.101	
83	13.48	4.151	
84	13.48	4.201	
85	13.46	4.250	
86	13.44	4.301	
87	13.42	4.351	
88	13.42	4.400	
89	13.40	4.451	
90	13.40	4.501	
91	13.38	4.550	
92	13.38	4.600	
93	13.36	4.650	
94	13.14	4.701	
95	11.24	4.750	
96	9.30	4.800	
97	7.64	4.850	
98	6.18	4.901	
99	4.82	4.950	
100	3.74	5.000	
101	2.80	5.050	
102	2.02	5.101	
103	1.36	5.151	
104	0.82	5.201	
105	0.48	5.251	
106	0.40	5.300	
107	0.40	5.352	
108	0.40	5.400	
109	0.40	5.451	
110	0.38	5.500	
111	0.38	5.550	
