7/24/2024  3:20 PM
Units: N
Readings: Continuous
X-Axis: Time

Reading	Load	Time	
1	0.00	0.000	
2	0.00	0.100	
3	0.00	0.150	
4	0.00	0.200	
5	0.00	0.251	
6	0.00	0.300	
7	0.00	0.351	
8	0.00	0.400	
9	0.00	0.450	
10	0.00	0.500	
11	0.00	0.551	
12	0.00	0.600	
13	0.00	0.651	
14	0.00	0.700	
15	0.00	0.750	
16	0.00	0.801	
17	0.00	0.850	
18	0.00	0.900	
19	0.00	0.950	
20	0.00	1.001	
21	0.00	1.050	
22	0.00	1.100	
23	0.00	1.150	
24	0.00	1.200	
25	0.00	1.250	
26	0.00	1.300	
27	0.00	1.350	
28	0.00	1.400	
29	0.00	1.451	
30	0.00	1.500	
31	0.00	1.550	
32	0.00	1.600	
33	0.00	1.650	
34	0.00	1.700	
35	0.00	1.751	
36	0.00	1.800	
37	0.00	1.850	
38	0.00	1.900	
39	0.00	1.950	
40	0.00	2.000	
41	0.00	2.050	
42	0.00	2.100	
43	0.00	2.150	
44	0.00	2.201	
45	0.00	2.250	
46	0.00	2.300	
47	0.00	2.351	
48	0.00	2.400	
49	0.00	2.450	
50	0.00	2.500	
51	0.00	2.550	
52	0.00	2.600	
53	0.00	2.650	
54	0.00	2.700	
55	0.00	2.750	
56	0.00	2.800	
57	0.00	2.851	
58	0.00	2.900	
59	0.00	2.950	
60	0.00	3.000	
61	0.00	3.051	
62	0.00	3.100	
63	0.00	3.150	
64	0.00	3.200	
65	0.00	3.250	
66	0.00	3.301	
67	0.00	3.350	
68	0.00	3.400	
69	0.00	3.450	
70	0.00	3.500	
71	0.00	3.550	
72	0.00	3.600	
73	0.00	3.650	
74	0.00	3.700	
75	0.00	3.751	
76	0.00	3.802	
77	0.00	3.850	
78	0.06	3.900	
79	0.28	3.950	
80	0.58	4.000	
81	0.94	4.050	
82	1.38	4.100	
83	1.88	4.150	
84	2.48	4.200	
85	2.92	4.251	
86	3.38	4.300	
87	4.02	4.350	
88	4.68	4.401	
89	5.16	4.451	
90	5.40	4.500	
91	5.42	4.550	
92	5.40	4.600	
93	5.38	4.650	
94	5.36	4.700	
95	5.36	4.750	
96	5.34	4.800	
97	5.34	4.850	
98	5.34	4.900	
99	5.32	4.950	
100	5.32	5.001	
101	5.32	5.050	
102	5.30	5.100	
103	5.30	5.150	
104	5.30	5.200	
105	5.30	5.250	
106	5.30	5.300	
107	5.30	5.350	
108	5.30	5.401	
109	5.30	5.450	
110	5.28	5.500	
111	5.28	5.550	
112	5.28	5.600	
113	5.28	5.650	
114	5.28	5.700	
115	5.28	5.750	
116	5.28	5.800	
117	5.28	5.850	
118	5.28	5.900	
119	5.26	5.950	
120	5.28	6.000	
121	5.26	6.051	
122	5.26	6.100	
123	5.26	6.150	
124	5.26	6.200	
125	5.26	6.250	
126	5.26	6.300	
127	5.26	6.350	
128	5.26	6.401	
129	5.26	6.450	
130	5.26	6.500	
131	5.26	6.550	
132	5.26	6.600	
133	5.26	6.650	
134	5.26	6.700	
135	5.26	6.750	
136	5.26	6.800	
137	5.24	6.850	
138	5.24	6.900	
139	5.26	6.950	
140	5.24	7.000	
141	5.24	7.050	
142	5.24	7.100	
143	5.24	7.151	
144	5.24	7.201	
145	5.24	7.250	
146	5.24	7.300	
147	5.24	7.350	
148	5.24	7.400	
149	5.24	7.450	
150	5.24	7.500	
151	5.24	7.550	
152	5.24	7.601	
153	5.24	7.650	
154	5.24	7.700	
155	5.24	7.750	
156	5.24	7.800	
157	4.96	7.850	
158	4.08	7.900	
159	3.16	7.950	
160	2.44	8.000	
161	1.84	8.050	
162	1.20	8.100	
163	0.74	8.150	
164	0.44	8.200	
165	0.30	8.250	
166	0.22	8.300	
167	0.18	8.350	
168	0.14	8.400	
169	0.14	8.450	
170	0.12	8.500	
171	0.12	8.550	
172	0.08	8.600	
173	0.04	8.650	
174	0.04	8.700	
175	0.04	8.751	
176	0.04	8.800	
177	0.04	8.850	
178	0.04	8.900	
179	0.02	8.950	
180	0.02	9.001	
181	0.02	9.050	
182	0.02	9.100	
183	0.02	9.150	
184	0.02	9.200	
185	0.02	9.250	
186	0.02	9.300	
187	0.02	9.350	
188	0.02	9.400	
189	0.02	9.450	
190	0.02	9.500	
191	0.02	9.550	
192	0.02	9.600	
193	0.02	9.650	
194	0.02	9.700	
195	0.02	9.750	
196	0.02	9.800	
197	0.02	9.850	
198	0.02	9.900	
199	0.02	9.950	
200	0.02	10.000	
201	0.02	10.050	
202	0.02	10.100	
203	0.02	10.150	
204	0.02	10.200	
205	0.02	10.251	
206	0.02	10.300	
207	0.02	10.350	
208	0.02	10.400	
209	0.02	10.450	
210	0.02	10.500	
211	0.02	10.550	
212	0.02	10.600	
213	0.02	10.650	
214	0.02	10.701	
215	0.02	10.750	
216	0.02	10.800	
217	0.02	10.850	
218	0.02	10.900	
219	0.02	10.950	
220	0.02	11.001	
221	0.02	11.051	
222	0.02	11.100	
223	0.02	11.150	
224	0.02	11.200	
225	0.02	11.250	
226	0.02	11.300	
227	0.00	11.350	
228	0.00	11.400	
229	0.00	11.450	
230	0.02	11.500	
231	0.02	11.550	
232	0.00	11.600	
233	0.00	11.650	
234	0.00	11.700	
235	0.00	11.750	
236	0.02	11.800	
237	0.02	11.850	
238	0.00	11.900	
239	0.00	11.950	
240	0.00	12.000	
241	0.00	12.051	
242	0.00	12.100	
243	0.00	12.150	
244	0.02	12.200	
245	0.02	12.250	
246	0.00	12.300	
247	0.00	12.350	
248	0.02	12.400	
249	0.16	12.450	
250	0.42	12.500	
251	0.76	12.550	
252	1.14	12.600	
253	1.62	12.651	
254	2.22	12.700	
255	2.72	12.750	
256	3.42	12.800	
257	4.18	12.850	
258	4.78	12.900	
259	5.22	12.950	
260	5.42	13.000	
261	5.44	13.050	
262	5.40	13.100	
263	5.38	13.150	
264	5.38	13.200	
265	5.36	13.250	
266	5.36	13.301	
267	5.36	13.350	
268	5.34	13.400	
269	5.34	13.450	
270	5.34	13.500	
271	5.34	13.550	
272	5.32	13.601	
273	5.32	13.650	
274	5.32	13.700	
275	5.32	13.751	
276	5.32	13.800	
277	5.32	13.850	
278	5.32	13.900	
279	5.30	13.950	
280	5.30	14.000	
281	5.30	14.050	
282	5.30	14.100	
283	5.30	14.150	
284	5.30	14.200	
285	5.30	14.250	
286	5.30	14.300	
287	5.30	14.351	
288	5.30	14.400	
289	5.30	14.450	
290	5.30	14.500	
291	5.30	14.550	
292	5.30	14.600	
293	5.30	14.651	
294	5.28	14.700	
295	5.28	14.750	
296	5.28	14.800	
297	5.28	14.850	
298	5.28	14.900	
299	5.28	14.950	
300	5.28	15.000	
301	5.28	15.050	
302	5.28	15.100	
303	5.28	15.150	
304	5.28	15.200	
305	5.28	15.250	
306	5.28	15.300	
307	5.28	15.350	
308	5.28	15.401	
309	5.28	15.450	
310	5.28	15.500	
311	5.28	15.550	
312	5.28	15.601	
313	5.28	15.650	
314	5.28	15.701	
315	5.28	15.750	
316	5.26	15.800	
317	5.28	15.851	
318	5.26	15.900	
319	5.18	15.950	
320	4.32	16.000	
321	3.40	16.050	
322	2.62	16.100	
323	2.00	16.150	
324	1.34	16.200	
325	0.84	16.250	
326	0.50	16.300	
327	0.36	16.350	
328	0.24	16.400	
329	0.20	16.450	
330	0.18	16.500	
331	0.14	16.550	
332	0.14	16.600	
333	0.14	16.650	
334	0.12	16.700	
335	0.06	16.750	
336	0.04	16.800	
337	0.04	16.850	
338	0.04	16.900	
339	0.04	16.950	
340	0.04	17.000	
341	0.04	17.050	
342	0.04	17.100	
343	0.04	17.150	
344	0.04	17.200	
345	0.04	17.250	
346	0.04	17.301	
347	0.04	17.350	
348	0.04	17.400	
349	0.04	17.450	
350	0.04	17.500	
351	0.04	17.551	
352	0.04	17.600	
353	0.02	17.650	
354	0.02	17.700	
355	0.04	17.750	
356	0.02	17.801	
357	0.02	17.850	
358	0.02	17.900	
359	0.02	17.950	
360	0.02	18.000	
361	0.02	18.050	
362	0.02	18.100	
363	0.02	18.150	
364	0.02	18.200	
365	0.02	18.250	
366	0.02	18.300	
367	0.02	18.350	
368	0.02	18.400	
369	0.02	18.450	
370	0.02	18.500	
371	0.02	18.550	
372	0.02	18.600	
373	0.02	18.650	
374	0.02	18.700	
375	0.02	18.750	
376	0.02	18.800	
377	0.02	18.850	
378	0.02	18.900	
379	0.02	18.950	
380	0.02	19.000	
381	0.02	19.050	
382	0.02	19.100	
383	0.02	19.150	
384	0.02	19.200	
385	0.02	19.250	
386	0.02	19.300	
387	0.02	19.350	
388	0.02	19.400	
389	0.02	19.450	
390	0.02	19.500	
391	0.02	19.550	
392	0.02	19.601	
393	0.02	19.650	
394	0.02	19.700	
395	0.02	19.750	
396	0.02	19.800	
397	0.02	19.851	
398	0.02	19.900	
399	0.02	19.950	
400	0.02	20.000	
401	0.02	20.050	
402	0.02	20.100	
403	0.02	20.150	
404	0.02	20.200	
405	0.02	20.250	
406	0.02	20.300	
407	0.02	20.350	
408	0.02	20.401	
409	0.02	20.450	
410	0.14	20.500	
411	0.38	20.550	
412	0.72	20.600	
413	1.10	20.650	
414	1.58	20.700	
415	2.18	20.750	
416	2.68	20.800	
417	3.38	20.850	
418	4.12	20.900	
419	4.74	20.950	
420	5.18	21.000	
421	5.40	21.050	
422	5.40	21.100	
423	5.38	21.150	
424	5.36	21.200	
425	5.36	21.250	
426	5.34	21.300	
427	5.34	21.350	
428	5.34	21.400	
429	5.32	21.450	
430	5.32	21.501	
431	5.32	21.550	
432	5.30	21.600	
433	5.30	21.650	
434	5.30	21.700	
435	5.30	21.750	
436	5.30	21.800	
437	5.30	21.850	
438	5.30	21.900	
439	5.30	21.950	
440	5.30	22.000	
441	5.28	22.050	
442	5.28	22.100	
443	5.28	22.150	
444	5.28	22.200	
445	5.28	22.250	
446	5.28	22.300	
447	5.28	22.350	
448	5.28	22.400	
449	5.28	22.450	
450	5.28	22.500	
451	5.26	22.550	
452	5.26	22.600	
453	5.26	22.650	
454	5.26	22.700	
455	5.26	22.750	
456	5.26	22.800	
457	5.26	22.850	
458	5.26	22.901	
459	5.26	22.950	
460	5.26	23.000	
461	5.26	23.051	
462	5.26	23.101	
463	5.26	23.150	
464	5.26	23.200	
465	5.26	23.250	
466	5.26	23.300	
467	5.26	23.350	
468	5.26	23.400	
469	5.26	23.450	
470	5.26	23.500	
471	5.26	23.550	
472	5.24	23.600	
473	5.22	23.650	
474	4.42	23.700	
475	3.50	23.750	
476	2.70	23.800	
477	2.10	23.850	
478	1.40	23.900	
479	0.90	23.950	
480	0.54	24.000	
481	0.38	24.050	
482	0.26	24.100	
483	0.20	24.150	
484	0.18	24.200	
485	0.14	24.250	
486	0.14	24.300	
487	0.14	24.350	
488	0.12	24.400	
489	0.08	24.450	
490	0.06	24.500	
491	0.04	24.551	
492	0.04	24.600	
493	0.04	24.650	
494	0.04	24.700	
495	0.04	24.750	
496	0.04	24.800	
497	0.04	24.851	
498	0.04	24.900	
499	0.04	24.950	
500	0.04	25.000	
501	0.04	25.050	
502	0.04	25.101	
503	0.04	25.150	
504	0.04	25.200	
505	0.04	25.250	
506	0.04	25.301	
507	0.04	25.350	
508	0.04	25.400	
509	0.04	25.451	
510	0.04	25.500	
511	0.04	25.550	
512	0.02	25.600	
513	0.02	25.650	
514	0.02	25.700	
515	0.02	25.750	
516	0.02	25.800	
517	0.04	25.850	
518	0.02	25.900	
519	0.04	25.950	
520	0.02	26.000	
521	0.04	26.050	
522	0.02	26.100	
523	0.02	26.150	
524	0.02	26.200	
525	0.02	26.251	
526	0.02	26.300	
527	0.02	26.350	
528	0.02	26.400	
529	0.02	26.451	
530	0.02	26.500	
531	0.02	26.551	
532	0.02	26.600	
533	0.02	26.650	
534	0.02	26.700	
535	0.02	26.750	
536	0.02	26.800	
537	0.02	26.850	
538	0.02	26.900	
539	0.02	26.950	
540	0.02	27.000	
541	0.02	27.050	
542	0.02	27.100	
543	0.02	27.150	
544	0.02	27.200	
545	0.02	27.250	
546	0.02	27.300	
547	0.04	27.350	
548	0.18	27.400	
549	0.44	27.450	
550	0.76	27.500	
551	1.14	27.550	
552	1.62	27.600	
553	2.24	27.650	
554	2.76	27.700	
555	3.50	27.750	
556	4.26	27.800	
557	4.88	27.851	
558	5.32	27.900	
559	5.56	27.951	
560	5.56	28.000	
561	5.54	28.050	
562	5.52	28.100	
563	5.50	28.150	
564	5.50	28.200	
565	5.50	28.250	
566	5.50	28.300	
567	5.48	28.350	
568	5.48	28.400	
569	5.48	28.450	
570	5.48	28.500	
571	5.46	28.550	
572	5.46	28.600	
573	5.46	28.650	
574	5.46	28.700	
575	5.46	28.750	
576	5.46	28.800	
577	5.44	28.850	
578	5.44	28.900	
579	5.44	28.950	
580	5.44	29.000	
581	5.44	29.050	
582	5.44	29.100	
583	5.44	29.150	
584	5.44	29.200	
585	5.44	29.250	
586	5.44	29.300	
587	5.44	29.350	
588	5.44	29.400	
589	5.42	29.450	
590	5.42	29.500	
591	5.42	29.550	
592	5.42	29.600	
593	5.42	29.650	
594	5.42	29.700	
595	5.42	29.750	
596	5.42	29.800	
597	5.42	29.851	
598	5.42	29.900	
599	5.42	29.950	
600	5.42	30.000	
601	5.42	30.050	
602	5.42	30.101	
603	5.40	30.150	
604	5.42	30.200	
605	5.40	30.250	
606	5.42	30.300	
607	5.40	30.350	
608	5.42	30.400	
609	5.40	30.450	
610	5.40	30.500	
611	5.40	30.550	
612	5.40	30.601	
613	5.40	30.650	
614	5.40	30.700	
615	5.40	30.750	
616	5.40	30.801	
617	5.40	30.850	
618	5.40	30.900	
619	5.40	30.950	
620	5.28	31.000	
621	4.40	31.051	
622	3.44	31.100	
623	2.68	31.150	
624	2.04	31.200	
625	1.36	31.250	
626	0.88	31.300	
627	0.54	31.350	
628	0.40	31.400	
629	0.28	31.450	
630	0.22	31.500	
631	0.20	31.550	
632	0.16	31.600	
633	0.16	31.650	
634	0.16	31.700	
635	0.12	31.750	
636	0.08	31.800	
637	0.06	31.850	
638	0.06	31.900	
639	0.06	31.950	
640	0.06	32.000	
641	0.06	32.050	
642	0.06	32.100	
643	0.04	32.150	
644	0.04	32.200	
645	0.04	32.250	
646	0.04	32.300	
647	0.04	32.350	
648	0.04	32.400	
649	0.04	32.450	
650	0.04	32.500	
651	0.04	32.550	
652	0.04	32.600	
653	0.04	32.650	
654	0.04	32.700	
655	0.04	32.751	
656	0.04	32.800	
657	0.04	32.850	
658	0.04	32.900	
659	0.04	32.950	
660	0.04	33.000	
661	0.04	33.050	
662	0.04	33.100	
663	0.04	33.150	
664	0.04	33.200	
665	0.04	33.250	
666	0.04	33.300	
667	0.04	33.350	
668	0.04	33.400	
669	0.04	33.450	
670	0.04	33.500	
671	0.04	33.550	
672	0.04	33.600	
673	0.04	33.650	
674	0.04	33.700	
675	0.04	33.750	
676	0.04	33.800	
677	0.04	33.850	
678	0.04	33.900	
679	0.04	33.951	
680	0.04	34.000	
681	0.04	34.051	
682	0.04	34.100	
683	0.04	34.150	
684	0.04	34.200	
685	0.04	34.250	
686	0.04	34.301	
687	0.04	34.350	
688	0.02	34.401	
689	0.04	34.450	
690	0.04	34.500	
691	0.04	34.551	
692	0.04	34.600	
693	0.02	34.650	
694	0.04	34.700	
695	0.04	34.750	
696	0.04	34.800	
697	0.02	34.850	
698	0.04	34.900	
699	0.02	34.950	
700	0.04	35.000	
701	0.02	35.051	
702	0.02	35.100	
703	0.18	35.153	
704	0.28	35.200	
705	0.54	35.250	
706	0.90	35.301	
707	1.32	35.350	
708	1.84	35.400	
709	2.46	35.450	
710	3.00	35.500	
711	3.78	35.551	
712	4.52	35.601	
713	5.08	35.650	
714	5.46	35.700	
715	5.60	35.750	
716	5.58	35.800	
717	5.56	35.850	
718	5.56	35.900	
719	5.54	35.950	
720	5.54	36.000	
721	5.52	36.050	
722	5.52	36.100	
723	5.52	36.150	
724	5.50	36.200	
725	5.50	36.250	
726	5.50	36.300	
727	5.50	36.350	
728	5.50	36.400	
729	5.50	36.450	
730	5.48	36.500	
731	5.48	36.550	
732	5.48	36.600	
733	5.48	36.650	
734	5.48	36.700	
735	5.48	36.750	
736	5.48	36.800	
737	5.46	36.850	
738	5.46	36.901	
739	5.46	36.950	
740	5.46	37.000	
741	5.46	37.050	
742	5.46	37.100	
743	5.46	37.151	
744	5.46	37.200	
745	5.46	37.250	
746	5.46	37.301	
747	5.46	37.350	
748	5.46	37.400	
749	5.46	37.450	
750	5.46	37.500	
751	5.46	37.551	
752	5.44	37.600	
753	5.44	37.651	
754	5.44	37.700	
755	5.44	37.750	
756	5.44	37.801	
757	5.44	37.850	
758	5.44	37.900	
759	5.44	37.950	
760	5.44	38.000	
761	5.44	38.051	
762	5.44	38.100	
763	5.44	38.150	
764	5.44	38.200	
765	5.44	38.250	
766	5.44	38.300	
767	5.44	38.350	
768	5.44	38.400	
769	5.44	38.450	
770	5.44	38.500	
771	5.44	38.551	
772	5.44	38.600	
773	5.44	38.650	
774	5.44	38.700	
775	5.32	38.750	
776	4.46	38.800	
777	3.50	38.850	
778	2.72	38.900	
779	2.10	38.950	
780	1.40	39.000	
781	0.90	39.051	
782	0.56	39.100	
783	0.40	39.151	
784	0.28	39.200	
785	0.24	39.250	
786	0.20	39.300	
787	0.18	39.351	
788	0.16	39.400	
789	0.16	39.450	
790	0.14	39.500	
791	0.10	39.550	
792	0.06	39.600	
793	0.06	39.650	
794	0.06	39.700	
795	0.06	39.753	
796	0.06	39.800	
797	0.06	39.850	
798	0.06	39.900	
799	0.06	39.950	
800	0.06	40.000	
801	0.06	40.050	
802	0.06	40.100	
803	0.04	40.150	
804	0.06	40.200	
805	0.06	40.250	
806	0.04	40.300	
807	0.04	40.350	
808	0.04	40.400	
809	0.06	40.450	
810	0.04	40.500	
811	0.04	40.550	
812	0.04	40.600	
813	0.04	40.650	
814	0.04	40.700	
815	0.04	40.750	
816	0.04	40.800	
817	0.04	40.850	
818	0.04	40.900	
819	0.04	40.950	
820	0.04	41.000	
821	0.04	41.050	
822	0.04	41.100	
823	0.04	41.150	
824	0.04	41.200	
825	0.04	41.250	
826	0.04	41.300	
827	0.04	41.350	
828	0.04	41.400	
829	0.04	41.450	
830	0.04	41.500	
831	0.04	41.550	
832	0.04	41.600	
833	0.04	41.650	
834	0.04	41.700	
835	0.04	41.750	
836	0.04	41.800	
837	0.04	41.850	
838	0.04	41.900	
839	0.04	41.950	
840	0.04	42.001	
841	0.04	42.050	
842	0.04	42.100	
843	0.04	42.150	
844	0.04	42.200	
845	0.04	42.250	
846	0.04	42.300	
847	0.04	42.350	
848	0.04	42.400	
849	0.04	42.450	
850	0.04	42.500	
851	0.04	42.550	
852	0.12	42.600	
853	0.36	42.650	
854	0.68	42.700	
855	1.06	42.750	
856	1.52	42.800	
857	2.12	42.850	
858	2.66	42.900	
859	3.36	42.950	
860	4.14	43.000	
861	4.82	43.051	
862	5.32	43.100	
863	5.62	43.151	
864	5.66	43.200	
865	5.64	43.250	
866	5.64	43.300	
867	5.62	43.350	
868	5.62	43.400	
869	5.60	43.450	
870	5.60	43.500	
871	5.60	43.550	
872	5.58	43.600	
873	5.58	43.650	
874	5.58	43.700	
875	5.58	43.750	
876	5.56	43.800	
877	5.56	43.850	
878	5.56	43.900	
879	5.56	43.951	
880	5.56	44.000	
881	5.56	44.050	
882	5.56	44.100	
883	5.54	44.150	
884	5.54	44.200	
885	5.54	44.250	
886	5.54	44.300	
887	5.54	44.350	
888	5.54	44.400	
889	5.54	44.450	
890	5.54	44.500	
891	5.54	44.550	
892	5.54	44.600	
893	5.54	44.650	
894	5.52	44.700	
895	5.52	44.750	
896	5.52	44.800	
897	5.52	44.850	
898	5.52	44.901	
899	5.52	44.950	
900	5.52	45.000	
901	5.52	45.050	
902	5.52	45.100	
903	5.52	45.155	
904	5.52	45.200	
905	5.52	45.250	
906	5.52	45.300	
907	5.52	45.350	
908	5.52	45.400	
909	5.52	45.450	
910	5.52	45.500	
911	5.52	45.550	
912	5.52	45.600	
913	5.50	45.650	
914	5.52	45.700	
915	5.50	45.751	
916	5.50	45.800	
917	5.50	45.850	
918	5.50	45.900	
919	5.50	45.950	
920	5.50	46.000	
921	5.50	46.050	
922	5.50	46.100	
923	5.50	46.150	
924	5.50	46.200	
925	5.10	46.250	
926	4.16	46.301	
927	3.22	46.351	
928	2.50	46.401	
929	1.82	46.450	
930	1.24	46.501	
931	0.78	46.550	
932	0.52	46.600	
933	0.38	46.650	
934	0.28	46.700	
935	0.22	46.750	
936	0.20	46.800	
937	0.16	46.850	
938	0.16	46.900	
939	0.16	46.950	
940	0.12	47.000	
941	0.08	47.050	
942	0.06	47.100	
943	0.06	47.150	
944	0.06	47.200	
945	0.06	47.250	
946	0.06	47.300	
947	0.06	47.350	
948	0.06	47.400	
949	0.06	47.450	
950	0.06	47.500	
951	0.06	47.550	
952	0.06	47.600	
953	0.06	47.650	
954	0.06	47.700	
955	0.06	47.751	
956	0.06	47.801	
957	0.06	47.853	
958	0.06	47.900	
959	0.06	47.951	
960	0.06	48.000	
961	0.06	48.051	
962	0.06	48.101	
963	0.06	48.150	
964	0.04	48.200	
965	0.06	48.251	
966	0.06	48.301	
967	0.06	48.350	
968	0.06	48.401	
969	0.06	48.451	
970	0.04	48.501	
971	0.06	48.550	
972	0.06	48.600	
973	0.04	48.650	
974	0.04	48.701	
975	0.06	48.750	
976	0.04	48.800	
977	0.04	48.850	
978	0.04	48.900	
979	0.04	48.950	
980	0.04	49.000	
981	0.04	49.051	
982	0.04	49.101	
983	0.04	49.150	
984	0.04	49.200	
985	0.04	49.250	
986	0.04	49.300	
987	0.04	49.350	
988	0.04	49.400	
989	0.04	49.450	
990	0.04	49.500	
991	0.04	49.550	
992	0.04	49.600	
993	0.04	49.650	
994	0.04	49.700	
995	0.04	49.750	
996	0.04	49.800	
997	0.10	49.850	
998	0.30	49.901	
999	0.58	49.950	
1000	0.92	50.000	
1001	1.34	50.050	
1002	1.90	50.100	
1003	2.94	50.157	
1004	3.16	50.200	
1005	3.84	50.250	
1006	4.54	50.300	
1007	5.06	50.350	
1008	5.42	50.400	
1009	5.50	50.451	
1010	5.50	50.500	
1011	5.48	50.550	
1012	5.46	50.600	
1013	5.46	50.650	
1014	5.44	50.700	
1015	5.44	50.750	
1016	5.44	50.800	
1017	5.42	50.850	
1018	5.42	50.900	
1019	5.42	50.950	
1020	5.42	51.000	
1021	5.40	51.050	
1022	5.40	51.100	
1023	5.40	51.150	
1024	5.40	51.200	
1025	5.40	51.250	
1026	5.40	51.300	
1027	5.38	51.350	
1028	5.40	51.400	
1029	5.38	51.450	
1030	5.38	51.500	
1031	5.38	51.551	
1032	5.38	51.600	
1033	5.38	51.650	
1034	5.38	51.700	
1035	5.38	51.750	
1036	5.38	51.800	
1037	5.38	51.850	
1038	5.38	51.900	
1039	5.36	51.950	
1040	5.36	52.001	
1041	5.36	52.050	
1042	5.36	52.100	
1043	5.36	52.151	
1044	5.36	52.200	
1045	5.36	52.250	
1046	5.36	52.300	
1047	5.36	52.350	
1048	5.36	52.400	
1049	5.36	52.450	
1050	5.36	52.500	
1051	5.36	52.550	
1052	5.36	52.600	
1053	5.36	52.651	
1054	5.36	52.700	
1055	5.36	52.750	
1056	5.36	52.801	
1057	5.36	52.850	
1058	5.36	52.901	
1059	5.36	52.950	
1060	5.36	53.000	
1061	5.36	53.050	
1062	5.36	53.100	
1063	5.34	53.150	
1064	5.10	53.200	
1065	4.20	53.250	
1066	3.26	53.300	
1067	2.52	53.350	
1068	1.90	53.400	
1069	1.24	53.450	
1070	0.80	53.500	
1071	0.52	53.550	
1072	0.38	53.600	
1073	0.28	53.650	
1074	0.24	53.700	
1075	0.20	53.750	
1076	0.18	53.800	
1077	0.16	53.850	
1078	0.16	53.900	
1079	0.14	53.950	
1080	0.08	54.000	
1081	0.06	54.050	
1082	0.06	54.100	
1083	0.08	54.150	
1084	0.06	54.200	
1085	0.06	54.250	
1086	0.06	54.300	
1087	0.06	54.350	
1088	0.06	54.400	
1089	0.06	54.450	
1090	0.06	54.500	
1091	0.06	54.550	
1092	0.06	54.600	
1093	0.06	54.650	
1094	0.06	54.700	
1095	0.06	54.758	
1096	0.06	54.800	
1097	0.06	54.850	
1098	0.06	54.900	
1099	0.06	54.950	
1100	0.06	55.000	
1101	0.06	55.050	
1102	0.06	55.100	
1103	0.06	55.161	
1104	0.06	55.200	
1105	0.06	55.250	
1106	0.06	55.300	
1107	0.06	55.350	
1108	0.06	55.400	
1109	0.06	55.450	
1110	0.06	55.500	
1111	0.06	55.550	
1112	0.06	55.601	
1113	0.06	55.650	
1114	0.06	55.700	
1115	0.06	55.750	
1116	0.06	55.800	
1117	0.04	55.850	
1118	0.06	55.900	
1119	0.06	55.950	
1120	0.06	56.000	
1121	0.04	56.050	
1122	0.04	56.100	
1123	0.04	56.150	
1124	0.04	56.200	
1125	0.04	56.250	
1126	0.04	56.300	
1127	0.04	56.350	
1128	0.04	56.400	
1129	0.04	56.450	
1130	0.16	56.500	
1131	0.42	56.551	
1132	0.76	56.600	
1133	1.12	56.650	
1134	1.58	56.700	
1135	2.18	56.750	
1136	2.70	56.800	
1137	3.38	56.850	
1138	4.12	56.901	
1139	4.72	56.950	
1140	5.16	57.000	
1141	5.36	57.050	
1142	5.38	57.100	
1143	5.36	57.150	
1144	5.34	57.200	
1145	5.32	57.250	
1146	5.32	57.300	
1147	5.32	57.351	
1148	5.30	57.400	
1149	5.30	57.450	
1150	5.30	57.500	
1151	5.30	57.550	
1152	5.28	57.600	
1153	5.28	57.650	
1154	5.28	57.700	
1155	5.28	57.751	
1156	5.28	57.800	
1157	5.28	57.850	
1158	5.28	57.900	
1159	5.26	57.950	
1160	5.26	58.000	
1161	5.26	58.050	
1162	5.26	58.100	
1163	5.26	58.150	
1164	5.26	58.200	
1165	5.26	58.250	
1166	5.26	58.300	
1167	5.24	58.350	
1168	5.26	58.400	
1169	5.24	58.450	
1170	5.24	58.500	
1171	5.24	58.550	
1172	5.24	58.600	
1173	5.24	58.650	
1174	5.24	58.700	
1175	5.24	58.751	
1176	5.24	58.800	
1177	5.24	58.850	
1178	5.24	58.900	
1179	5.24	58.950	
1180	5.24	59.000	
1181	5.24	59.050	
1182	5.24	59.100	
1183	5.24	59.150	
1184	5.24	59.200	
1185	5.24	59.250	
1186	5.22	59.300	
1187	5.22	59.350	
1188	5.22	59.400	
1189	5.22	59.450	
1190	5.22	59.500	
1191	5.22	59.550	
1192	5.22	59.600	
1193	5.22	59.650	
1194	4.66	59.700	
1195	3.74	59.750	
1196	2.88	59.800	
1197	2.22	59.850	
1198	1.56	59.900	
1199	1.02	59.950	
1200	0.62	60.000	
1201	0.44	60.050	
1202	0.32	60.100	
1203	0.22	60.160	
1204	0.20	60.200	
1205	0.20	60.250	
1206	0.18	60.300	
1207	0.18	60.350	
1208	0.16	60.401	
1209	0.12	60.450	
1210	0.08	60.500	
1211	0.08	60.550	
1212	0.08	60.600	
1213	0.08	60.650	
1214	0.06	60.700	
1215	0.06	60.750	
1216	0.06	60.800	
1217	0.06	60.850	
1218	0.06	60.900	
1219	0.06	60.950	
1220	0.06	61.000	
1221	0.06	61.050	
1222	0.06	61.100	
1223	0.06	61.150	
1224	0.06	61.200	
1225	0.06	61.250	
1226	0.06	61.301	
1227	0.06	61.351	
1228	0.06	61.400	
1229	0.06	61.450	
1230	0.06	61.500	
1231	0.06	61.550	
1232	0.06	61.600	
1233	0.06	61.650	
1234	0.06	61.700	
1235	0.06	61.751	
1236	0.06	61.800	
1237	0.06	61.851	
1238	0.06	61.900	
1239	0.06	61.950	
1240	0.06	62.000	
1241	0.06	62.050	
1242	0.06	62.100	
1243	0.06	62.150	
1244	0.06	62.200	
1245	0.06	62.250	
1246	0.06	62.300	
1247	0.06	62.350	
1248	0.06	62.400	
1249	0.06	62.450	
1250	0.06	62.500	
1251	0.06	62.550	
1252	0.06	62.601	
1253	0.06	62.650	
1254	0.06	62.700	
1255	0.06	62.750	
1256	0.06	62.800	
1257	0.06	62.850	
1258	0.06	62.900	
1259	0.06	62.950	
1260	0.06	63.000	
1261	0.06	63.050	
1262	0.04	63.100	
1263	0.06	63.150	
1264	0.20	63.200	
1265	0.44	63.250	
1266	0.78	63.300	
1267	1.16	63.350	
1268	1.64	63.400	
1269	2.24	63.450	
1270	2.76	63.500	
1271	3.46	63.550	
1272	4.20	63.600	
1273	4.80	63.650	
1274	5.22	63.700	
1275	5.42	63.750	
1276	5.42	63.800	
1277	5.38	63.850	
1278	5.38	63.900	
1279	5.36	63.950	
1280	5.36	64.000	
1281	5.34	64.050	
1282	5.34	64.100	
1283	5.34	64.150	
1284	5.34	64.201	
1285	5.32	64.250	
1286	5.32	64.301	
1287	5.32	64.350	
1288	5.32	64.400	
1289	5.32	64.450	
1290	5.32	64.500	
1291	5.30	64.550	
1292	5.30	64.600	
1293	5.30	64.651	
1294	5.30	64.700	
1295	5.30	64.750	
1296	5.30	64.800	
1297	5.30	64.850	
1298	5.30	64.900	
1299	5.30	64.951	
1300	5.30	65.000	
1301	5.30	65.050	
1302	5.30	65.100	
1303	5.28	65.162	
1304	5.28	65.201	
1305	5.28	65.253	
1306	5.28	65.300	
1307	5.28	65.350	
1308	5.28	65.401	
1309	5.28	65.451	
1310	5.28	65.501	
1311	5.28	65.551	
1312	5.28	65.600	
1313	5.28	65.650	
1314	5.28	65.700	
1315	5.28	65.750	
1316	5.28	65.800	
1317	5.28	65.850	
1318	5.28	65.900	
1319	5.26	65.950	
1320	5.28	66.001	
1321	5.28	66.050	
1322	5.26	66.100	
1323	5.26	66.150	
1324	5.26	66.200	
1325	5.28	66.250	
1326	5.26	66.300	
1327	5.26	66.350	
1328	5.26	66.400	
1329	4.90	66.450	
1330	3.98	66.500	
1331	3.08	66.550	
1332	2.38	66.600	
1333	1.74	66.650	
1334	1.14	66.700	
1335	0.72	66.750	
1336	0.48	66.801	
1337	0.36	66.850	
1338	0.28	66.900	
1339	0.24	66.950	
1340	0.20	67.000	
1341	0.18	67.050	
1342	0.18	67.100	
1343	0.18	67.150	
1344	0.14	67.200	
1345	0.10	67.250	
1346	0.08	67.300	
1347	0.08	67.350	
1348	0.08	67.400	
1349	0.08	67.450	
1350	0.08	67.500	
1351	0.08	67.550	
1352	0.08	67.600	
1353	0.08	67.650	
1354	0.06	67.700	
1355	0.06	67.750	
1356	0.08	67.800	
1357	0.06	67.851	
1358	0.06	67.901	
1359	0.06	67.951	
1360	0.06	68.000	
1361	0.06	68.050	
1362	0.06	68.100	
1363	0.06	68.150	
1364	0.06	68.200	
1365	0.06	68.250	
1366	0.06	68.300	
1367	0.06	68.350	
1368	0.06	68.400	
1369	0.06	68.450	
1370	0.06	68.500	
1371	0.06	68.550	
1372	0.06	68.600	
1373	0.06	68.650	
1374	0.06	68.700	
1375	0.06	68.750	
1376	0.06	68.800	
1377	0.06	68.850	
1378	0.06	68.900	
1379	0.06	68.950	
1380	0.06	69.000	
1381	0.06	69.050	
1382	0.06	69.100	
1383	0.06	69.150	
1384	0.06	69.200	
1385	0.06	69.250	
1386	0.06	69.300	
1387	0.06	69.350	
1388	0.06	69.400	
1389	0.06	69.450	
1390	0.06	69.501	
1391	0.06	69.550	
1392	0.06	69.600	
1393	0.06	69.650	
1394	0.06	69.700	
1395	0.06	69.751	
1396	0.06	69.800	
1397	0.06	69.850	
1398	0.06	69.901	
1399	0.06	69.950	
1400	0.06	70.000	
1401	0.06	70.050	
1402	0.06	70.100	
1403	0.06	70.161	
1404	0.10	70.200	
1405	0.40	70.254	
1406	0.52	70.300	
1407	0.84	70.350	
1408	1.24	70.400	
1409	1.72	70.450	
1410	2.36	70.501	
1411	2.88	70.551	
1412	3.64	70.600	
1413	4.36	70.650	
1414	4.96	70.701	
1415	5.38	70.750	
1416	5.56	70.800	
1417	5.56	70.850	
1418	5.54	70.900	
1419	5.52	70.950	
1420	5.52	71.000	
1421	5.50	71.050	
1422	5.50	71.100	
1423	5.50	71.150	
1424	5.48	71.200	
1425	5.48	71.250	
1426	5.48	71.300	
1427	5.48	71.350	
1428	5.46	71.400	
1429	5.46	71.450	
1430	5.46	71.500	
1431	5.46	71.550	
1432	5.46	71.600	
1433	5.46	71.650	
1434	5.46	71.700	
1435	5.44	71.751	
1436	5.44	71.800	
1437	5.44	71.850	
1438	5.44	71.900	
1439	5.44	71.950	
1440	5.44	72.000	
1441	5.44	72.050	
1442	5.44	72.100	
1443	5.44	72.150	
1444	5.44	72.201	
1445	5.44	72.251	
1446	5.44	72.300	
1447	5.44	72.350	
1448	5.44	72.400	
1449	5.42	72.450	
1450	5.44	72.500	
1451	5.42	72.551	
1452	5.42	72.600	
1453	5.42	72.650	
1454	5.42	72.700	
1455	5.42	72.762	
1456	5.42	72.800	
1457	5.42	72.853	
1458	5.42	72.900	
1459	5.42	72.950	
1460	5.42	73.000	
1461	5.42	73.050	
1462	5.42	73.100	
1463	5.42	73.150	
1464	5.42	73.200	
1465	5.42	73.250	
1466	5.42	73.300	
1467	5.42	73.350	
1468	5.42	73.400	
1469	5.42	73.450	
1470	5.42	73.500	
1471	5.40	73.550	
1472	5.40	73.600	
1473	5.42	73.650	
1474	5.40	73.700	
1475	5.40	73.750	
1476	5.40	73.800	
1477	5.40	73.850	
1478	5.40	73.900	
1479	5.40	73.950	
1480	5.40	74.000	
1481	4.74	74.050	
1482	3.78	74.100	
1483	2.94	74.150	
1484	2.28	74.200	
1485	1.60	74.250	
1486	1.04	74.300	
1487	0.66	74.350	
1488	0.48	74.401	
1489	0.36	74.450	
1490	0.28	74.500	
1491	0.24	74.550	
1492	0.22	74.600	
1493	0.20	74.650	
1494	0.20	74.700	
1495	0.18	74.750	
1496	0.14	74.800	
1497	0.10	74.850	
1498	0.08	74.900	
1499	0.08	74.964	
1500	0.08	75.000	
1501	0.08	75.061	
1502	0.08	75.100	
1503	0.08	75.157	
1504	0.08	75.200	
