7/24/2024  3:23 PM
Units: N
Readings: Continuous
X-Axis: Time

Reading	Load	Time	
1	-0.02	0.000	
2	-0.02	0.100	
3	-0.02	0.150	
4	-0.02	0.200	
5	-0.02	0.250	
6	-0.02	0.300	
7	-0.02	0.351	
8	-0.02	0.400	
9	-0.02	0.450	
10	-0.02	0.500	
11	-0.02	0.550	
12	-0.02	0.600	
13	-0.02	0.650	
14	-0.02	0.700	
15	-0.02	0.750	
16	0.00	0.800	
17	-0.02	0.850	
18	0.00	0.900	
19	0.00	0.951	
20	-0.02	1.000	
21	0.00	1.050	
22	0.00	1.100	
23	0.00	1.150	
24	0.00	1.200	
25	0.00	1.251	
26	-0.02	1.300	
27	-0.02	1.351	
28	0.00	1.401	
29	-0.02	1.450	
30	-0.02	1.500	
31	-0.02	1.550	
32	-0.02	1.600	
33	-0.02	1.651	
34	-0.02	1.700	
35	-0.02	1.750	
36	-0.02	1.801	
37	-0.02	1.850	
38	-0.02	1.900	
39	0.00	1.950	
40	-0.02	2.000	
41	-0.02	2.051	
42	-0.02	2.100	
43	-0.02	2.150	
44	0.00	2.200	
45	0.00	2.250	
46	-0.02	2.300	
47	0.00	2.350	
48	-0.02	2.400	
49	-0.02	2.450	
50	0.00	2.500	
51	-0.02	2.550	
52	-0.02	2.600	
53	-0.02	2.651	
54	0.00	2.700	
55	-0.02	2.751	
56	-0.02	2.800	
57	0.00	2.850	
58	-0.02	2.900	
59	-0.02	2.950	
60	0.00	3.000	
61	-0.02	3.050	
62	-0.02	3.100	
63	-0.02	3.151	
64	-0.02	3.200	
65	0.00	3.250	
66	0.00	3.300	
67	0.00	3.350	
68	-0.02	3.400	
69	-0.02	3.450	
70	0.00	3.500	
71	0.00	3.551	
72	-0.02	3.600	
73	-0.02	3.650	
74	0.00	3.700	
75	0.00	3.750	
76	0.00	3.800	
77	0.00	3.850	
78	0.00	3.900	
79	0.00	3.950	
80	-0.02	4.000	
81	0.00	4.051	
82	0.00	4.100	
83	0.00	4.150	
84	0.00	4.200	
85	0.00	4.250	
86	0.00	4.300	
87	0.00	4.350	
88	0.00	4.400	
89	0.00	4.450	
90	0.00	4.501	
91	0.00	4.550	
92	0.00	4.600	
93	-0.02	4.650	
94	0.00	4.700	
95	0.00	4.750	
96	-0.02	4.800	
97	0.00	4.850	
98	-0.02	4.900	
99	-0.02	4.950	
100	0.00	5.000	
101	0.00	5.051	
102	-0.02	5.100	
103	-0.02	5.150	
104	0.00	5.200	
105	-0.02	5.250	
106	-0.02	5.300	
107	0.00	5.350	
108	0.00	5.401	
109	-0.02	5.450	
110	0.00	5.500	
111	-0.02	5.550	
112	0.02	5.600	
113	0.04	5.651	
114	0.08	5.700	
115	0.12	5.750	
116	0.14	5.800	
117	0.18	5.851	
118	0.32	5.900	
119	0.60	5.950	
120	0.98	6.000	
121	1.36	6.051	
122	1.74	6.101	
123	2.26	6.150	
124	2.84	6.200	
125	3.48	6.250	
126	5.48	6.301	
127	6.42	6.350	
128	7.14	6.400	
129	7.58	6.450	
130	7.66	6.500	
131	7.64	6.550	
132	7.60	6.600	
133	7.58	6.650	
134	7.56	6.700	
135	7.56	6.750	
136	7.54	6.800	
137	7.54	6.850	
138	7.52	6.900	
139	7.52	6.950	
140	7.50	7.000	
141	7.50	7.050	
142	7.50	7.100	
143	7.50	7.150	
144	7.48	7.200	
145	7.48	7.250	
146	7.48	7.301	
147	7.48	7.350	
148	7.48	7.400	
149	7.46	7.450	
150	7.46	7.500	
151	7.46	7.550	
152	7.46	7.600	
153	7.46	7.650	
154	7.44	7.700	
155	7.44	7.750	
156	7.44	7.800	
157	7.44	7.850	
158	7.44	7.901	
159	7.44	7.950	
160	7.44	8.000	
161	7.44	8.050	
162	7.44	8.100	
163	7.44	8.150	
164	7.42	8.200	
165	7.42	8.251	
166	7.42	8.300	
167	7.42	8.350	
168	7.42	8.400	
169	7.42	8.450	
170	7.42	8.501	
171	7.42	8.550	
172	7.42	8.600	
173	7.40	8.650	
174	7.40	8.700	
175	7.42	8.750	
176	7.40	8.800	
177	7.40	8.850	
178	7.40	8.900	
179	7.40	8.950	
180	7.40	9.000	
181	7.40	9.050	
182	7.40	9.100	
183	7.40	9.150	
184	7.40	9.200	
185	7.40	9.250	
186	7.40	9.301	
187	7.40	9.350	
188	7.40	9.400	
189	7.38	9.450	
190	7.40	9.500	
191	7.38	9.550	
192	7.38	9.600	
193	7.38	9.650	
194	7.38	9.700	
195	7.38	9.750	
196	7.38	9.800	
197	7.38	9.850	
198	7.38	9.900	
199	7.38	9.951	
200	7.38	10.000	
201	7.38	10.050	
202	7.38	10.100	
203	7.38	10.150	
204	7.38	10.201	
205	7.38	10.250	
206	7.36	10.300	
207	7.30	10.350	
208	6.42	10.400	
209	5.36	10.450	
210	4.02	10.500	
211	2.80	10.551	
212	1.84	10.600	
213	1.16	10.650	
214	0.68	10.700	
215	0.26	10.750	
216	0.08	10.800	
217	0.06	10.850	
218	0.04	10.900	
219	0.02	10.950	
220	0.00	11.000	
221	-0.06	11.051	
222	-0.10	11.100	
223	-0.20	11.150	
224	-0.18	11.200	
225	-0.22	11.250	
226	-0.24	11.300	
227	-0.24	11.350	
228	-0.24	11.400	
229	-0.24	11.450	
230	-0.24	11.500	
231	-0.24	11.551	
232	-0.24	11.600	
233	-0.24	11.650	
234	-0.24	11.700	
235	-0.24	11.750	
236	-0.24	11.801	
237	-0.26	11.850	
238	-0.26	11.900	
239	-0.24	11.950	
240	-0.26	12.000	
241	-0.26	12.050	
242	-0.24	12.100	
243	-0.24	12.150	
244	-0.26	12.200	
245	-0.26	12.250	
246	-0.24	12.300	
247	-0.24	12.350	
248	-0.26	12.400	
249	-0.26	12.450	
250	-0.24	12.500	
251	-0.26	12.550	
252	-0.24	12.600	
253	-0.26	12.650	
254	-0.26	12.700	
255	-0.26	12.751	
256	-0.24	12.801	
257	-0.24	12.850	
258	-0.26	12.900	
259	-0.26	12.950	
260	-0.24	13.001	
261	-0.24	13.050	
262	-0.24	13.100	
263	-0.26	13.150	
264	-0.26	13.200	
265	-0.24	13.251	
266	-0.26	13.301	
267	-0.24	13.350	
268	-0.24	13.400	
269	-0.24	13.450	
270	-0.24	13.500	
271	-0.26	13.550	
272	-0.26	13.600	
273	-0.24	13.650	
274	-0.26	13.700	
275	-0.24	13.750	
276	-0.26	13.801	
277	-0.24	13.850	
278	-0.24	13.900	
279	-0.24	13.950	
280	-0.26	14.000	
281	-0.24	14.050	
282	-0.26	14.100	
283	-0.24	14.150	
284	-0.24	14.200	
285	-0.26	14.251	
286	-0.26	14.300	
287	-0.24	14.350	
288	-0.26	14.400	
289	-0.26	14.450	
290	-0.26	14.500	
291	-0.26	14.550	
292	-0.26	14.600	
293	-0.24	14.650	
294	-0.24	14.700	
295	-0.24	14.750	
296	-0.24	14.800	
297	-0.24	14.850	
298	-0.24	14.900	
299	-0.24	14.950	
300	-0.24	15.000	
301	-0.26	15.050	
302	-0.24	15.100	
303	-0.24	15.150	
304	-0.24	15.200	
305	-0.24	15.250	
306	-0.24	15.301	
307	-0.24	15.351	
308	-0.26	15.401	
309	-0.26	15.450	
310	-0.24	15.500	
311	-0.20	15.550	
312	-0.18	15.600	
313	-0.16	15.650	
314	-0.12	15.700	
315	-0.02	15.750	
316	0.22	15.800	
317	0.56	15.850	
318	0.94	15.901	
319	1.36	15.950	
320	1.80	16.000	
321	2.38	16.050	
322	3.42	16.100	
323	4.54	16.150	
324	5.70	16.200	
325	6.56	16.250	
326	7.14	16.300	
327	7.36	16.350	
328	7.36	16.400	
329	7.34	16.450	
330	7.32	16.500	
331	7.30	16.550	
332	7.28	16.600	
333	7.28	16.650	
334	7.26	16.700	
335	7.26	16.750	
336	7.24	16.801	
337	7.24	16.850	
338	7.24	16.900	
339	7.22	16.950	
340	7.22	17.000	
341	7.22	17.051	
342	7.22	17.100	
343	7.22	17.150	
344	7.22	17.200	
345	7.20	17.250	
346	7.20	17.300	
347	7.20	17.350	
348	7.20	17.400	
349	7.20	17.450	
350	7.20	17.500	
351	7.18	17.550	
352	7.18	17.600	
353	7.18	17.650	
354	7.18	17.700	
355	7.18	17.750	
356	7.18	17.800	
357	7.18	17.850	
358	7.18	17.900	
359	7.18	17.950	
360	7.16	18.000	
361	7.16	18.050	
362	7.16	18.100	
363	7.16	18.150	
364	7.16	18.200	
365	7.16	18.250	
366	7.16	18.300	
367	7.16	18.351	
368	7.16	18.400	
369	7.16	18.450	
370	7.16	18.500	
371	7.16	18.550	
372	7.16	18.600	
373	7.16	18.650	
374	7.16	18.700	
375	7.16	18.750	
376	7.16	18.800	
377	7.16	18.850	
378	7.14	18.901	
379	7.14	18.950	
380	7.14	19.000	
381	7.14	19.050	
382	7.14	19.100	
383	7.14	19.150	
384	7.14	19.200	
385	7.14	19.250	
386	7.14	19.300	
387	7.14	19.350	
388	7.14	19.400	
389	7.14	19.450	
390	7.14	19.500	
391	7.14	19.551	
392	7.14	19.600	
393	7.14	19.650	
394	7.14	19.701	
395	7.08	19.750	
396	6.34	19.800	
397	5.30	19.850	
398	4.14	19.901	
399	2.90	19.950	
400	2.00	20.000	
401	1.30	20.050	
402	0.78	20.100	
403	0.34	20.151	
404	0.12	20.200	
405	0.08	20.250	
406	0.06	20.300	
407	0.04	20.350	
408	0.02	20.400	
409	-0.04	20.450	
410	-0.08	20.500	
411	-0.18	20.550	
412	-0.18	20.600	
413	-0.20	20.650	
414	-0.22	20.700	
415	-0.24	20.750	
416	-0.24	20.800	
417	-0.24	20.850	
418	-0.24	20.900	
419	-0.24	20.950	
420	-0.24	21.000	
421	-0.26	21.050	
422	-0.24	21.101	
423	-0.26	21.151	
424	-0.26	21.201	
425	-0.26	21.250	
426	-0.26	21.300	
427	-0.26	21.350	
428	-0.26	21.400	
429	-0.26	21.450	
430	-0.26	21.500	
431	-0.26	21.550	
432	-0.26	21.600	
433	-0.26	21.650	
434	-0.26	21.700	
435	-0.26	21.750	
436	-0.26	21.800	
437	-0.26	21.850	
438	-0.26	21.900	
439	-0.26	21.950	
440	-0.26	22.000	
441	-0.26	22.050	
442	-0.26	22.100	
443	-0.26	22.150	
444	-0.26	22.200	
445	-0.26	22.250	
446	-0.26	22.300	
447	-0.26	22.350	
448	-0.26	22.400	
449	-0.26	22.450	
450	-0.26	22.500	
451	-0.26	22.550	
452	-0.26	22.600	
453	-0.26	22.650	
454	-0.26	22.700	
455	-0.26	22.750	
456	-0.26	22.800	
457	-0.26	22.850	
458	-0.26	22.900	
459	-0.26	22.950	
460	-0.26	23.000	
461	-0.26	23.050	
462	-0.26	23.101	
463	-0.26	23.150	
464	-0.26	23.200	
465	-0.26	23.250	
466	-0.26	23.300	
467	-0.26	23.350	
468	-0.26	23.400	
469	-0.26	23.450	
470	-0.22	23.500	
471	-0.20	23.550	
472	-0.16	23.600	
473	-0.14	23.651	
474	0.02	23.700	
475	0.28	23.750	
476	0.62	23.800	
477	1.00	23.850	
478	1.42	23.900	
479	1.88	23.950	
480	2.50	24.001	
481	3.64	24.050	
482	5.42	24.100	
483	5.82	24.150	
484	6.62	24.200	
485	7.12	24.251	
486	7.26	24.300	
487	7.24	24.350	
488	7.22	24.400	
489	7.20	24.450	
490	7.20	24.501	
491	7.18	24.550	
492	7.18	24.600	
493	7.16	24.650	
494	7.16	24.700	
495	7.16	24.750	
496	7.16	24.800	
497	7.14	24.850	
498	7.14	24.900	
499	7.14	24.950	
500	7.14	25.001	
501	7.12	25.050	
502	7.12	25.100	
503	7.12	25.150	
504	7.12	25.200	
505	7.12	25.250	
506	7.12	25.301	
507	7.10	25.350	
508	7.10	25.400	
509	7.10	25.450	
510	7.10	25.501	
511	7.10	25.550	
512	7.10	25.600	
513	7.10	25.650	
514	7.10	25.701	
515	7.08	25.750	
516	7.08	25.801	
517	7.08	25.850	
518	7.08	25.900	
519	7.08	25.950	
520	7.08	26.000	
521	7.08	26.050	
522	7.08	26.100	
523	7.08	26.151	
524	7.08	26.200	
525	7.08	26.250	
526	7.08	26.300	
527	7.08	26.350	
528	7.08	26.400	
529	7.06	26.450	
530	7.06	26.500	
531	7.06	26.550	
532	7.06	26.600	
533	7.06	26.650	
534	7.06	26.701	
535	7.06	26.750	
536	7.06	26.801	
537	7.06	26.850	
538	7.06	26.900	
539	7.06	26.950	
540	7.06	27.000	
541	7.06	27.050	
542	7.06	27.100	
543	7.06	27.150	
544	7.06	27.200	
545	7.04	27.250	
546	7.06	27.300	
547	7.06	27.350	
548	7.06	27.400	
549	7.04	27.450	
550	7.06	27.500	
551	7.04	27.551	
552	7.04	27.600	
553	6.72	27.650	
554	5.74	27.700	
555	4.70	27.750	
556	3.40	27.800	
557	2.40	27.850	
558	1.60	27.900	
559	1.00	27.950	
560	0.56	28.000	
561	0.20	28.051	
562	0.10	28.151	
563	0.08	28.201	
564	0.06	28.250	
565	0.04	28.300	
566	-0.02	28.350	
567	-0.12	28.400	
568	-0.18	28.450	
569	-0.18	28.501	
570	-0.20	28.550	
571	-0.22	28.600	
572	-0.22	28.650	
573	-0.24	28.700	
574	-0.24	28.751	
575	-0.24	28.800	
576	-0.24	28.850	
577	-0.24	28.900	
578	-0.24	28.950	
579	-0.24	29.000	
580	-0.24	29.051	
581	-0.24	29.100	
582	-0.24	29.150	
583	-0.24	29.200	
584	-0.24	29.250	
585	-0.24	29.300	
586	-0.24	29.350	
587	-0.26	29.400	
588	-0.24	29.450	
589	-0.26	29.500	
590	-0.26	29.550	
591	-0.26	29.600	
592	-0.26	29.650	
593	-0.26	29.700	
594	-0.26	29.751	
595	-0.26	29.800	
596	-0.26	29.850	
597	-0.26	29.900	
598	-0.26	29.950	
599	-0.26	30.000	
600	-0.26	30.050	
601	-0.26	30.101	
602	-0.26	30.153	
603	-0.26	30.200	
604	-0.26	30.250	
605	-0.26	30.300	
606	-0.26	30.350	
607	-0.24	30.400	
608	-0.26	30.450	
609	-0.26	30.500	
610	-0.26	30.550	
611	-0.26	30.600	
612	-0.26	30.650	
613	-0.26	30.700	
614	-0.26	30.750	
615	-0.26	30.800	
616	-0.26	30.850	
617	-0.26	30.900	
618	-0.24	30.950	
619	-0.26	31.000	
620	-0.26	31.050	
621	-0.26	31.100	
622	-0.26	31.150	
623	-0.26	31.200	
624	-0.26	31.250	
625	-0.26	31.300	
626	-0.24	31.350	
627	-0.22	31.400	
628	-0.20	31.450	
629	-0.14	31.501	
630	-0.12	31.550	
631	0.08	31.600	
632	0.36	31.650	
633	0.72	31.700	
634	1.10	31.750	
635	1.50	31.800	
636	2.02	31.850	
637	2.66	31.900	
638	3.86	31.950	
639	4.96	32.000	
640	6.00	32.050	
641	6.72	32.100	
642	7.16	32.150	
643	7.22	32.200	
644	7.20	32.250	
645	7.20	32.300	
646	7.18	32.350	
647	7.16	32.400	
648	7.16	32.450	
649	7.14	32.500	
650	7.14	32.550	
651	7.12	32.600	
652	7.12	32.653	
653	7.12	32.701	
654	7.12	32.750	
655	7.10	32.800	
656	7.10	32.850	
657	7.10	32.900	
658	7.10	32.950	
659	7.10	33.000	
660	7.08	33.051	
661	7.08	33.100	
662	7.08	33.150	
663	7.08	33.200	
664	7.08	33.250	
665	7.08	33.300	
666	7.08	33.350	
667	7.08	33.400	
668	7.06	33.450	
669	7.06	33.500	
670	7.06	33.550	
671	7.06	33.600	
672	7.06	33.650	
673	7.06	33.700	
674	7.06	33.750	
675	7.06	33.800	
676	7.06	33.850	
677	7.06	33.900	
678	7.06	33.950	
679	7.06	34.000	
680	7.04	34.051	
681	7.04	34.100	
682	7.04	34.150	
683	7.04	34.200	
684	7.04	34.250	
685	7.04	34.300	
686	7.04	34.350	
687	7.04	34.400	
688	7.04	34.450	
689	7.04	34.501	
690	7.04	34.550	
691	7.04	34.600	
692	7.04	34.650	
693	7.04	34.700	
694	7.02	34.751	
695	7.02	34.800	
696	7.02	34.850	
697	7.02	34.900	
698	7.02	34.950	
699	7.02	35.000	
700	7.02	35.050	
701	7.02	35.100	
702	7.02	35.154	
703	7.02	35.200	
704	7.02	35.250	
705	7.02	35.300	
706	7.02	35.350	
707	7.02	35.400	
708	7.02	35.450	
709	7.02	35.500	
710	7.04	35.550	
711	6.56	35.600	
712	5.58	35.650	
713	4.54	35.701	
714	3.24	35.750	
715	2.28	35.800	
716	1.52	35.850	
717	0.96	35.900	
718	0.50	35.950	
719	0.20	36.000	
720	0.12	36.050	
721	0.12	36.100	
722	0.10	36.150	
723	0.06	36.200	
724	0.04	36.250	
725	-0.02	36.300	
726	-0.12	36.350	
727	-0.16	36.400	
728	-0.16	36.450	
729	-0.20	36.500	
730	-0.22	36.550	
731	-0.22	36.600	
732	-0.22	36.650	
733	-0.22	36.700	
734	-0.22	36.750	
735	-0.22	36.801	
736	-0.22	36.850	
737	-0.24	36.900	
738	-0.22	36.950	
739	-0.24	37.000	
740	-0.22	37.050	
741	-0.24	37.100	
742	-0.24	37.150	
743	-0.24	37.203	
744	-0.24	37.251	
745	-0.24	37.300	
746	-0.24	37.350	
747	-0.24	37.400	
748	-0.24	37.450	
749	-0.24	37.501	
750	-0.24	37.550	
751	-0.24	37.600	
752	-0.24	37.650	
753	-0.24	37.700	
754	-0.24	37.750	
755	-0.24	37.800	
756	-0.24	37.850	
757	-0.24	37.900	
758	-0.24	37.950	
759	-0.24	38.000	
760	-0.24	38.050	
761	-0.24	38.100	
762	-0.24	38.150	
763	-0.24	38.200	
764	-0.24	38.250	
765	-0.24	38.301	
766	-0.24	38.350	
767	-0.24	38.400	
768	-0.24	38.450	
769	-0.24	38.500	
770	-0.24	38.551	
771	-0.24	38.600	
772	-0.24	38.650	
773	-0.24	38.700	
774	-0.24	38.750	
775	-0.24	38.800	
776	-0.24	38.850	
777	-0.24	38.900	
778	-0.24	38.950	
779	-0.24	39.000	
780	-0.24	39.050	
781	-0.24	39.100	
782	-0.24	39.150	
783	-0.24	39.200	
784	-0.24	39.250	
785	-0.24	39.300	
786	-0.24	39.350	
787	-0.24	39.400	
788	-0.24	39.450	
789	-0.24	39.500	
790	-0.24	39.550	
791	-0.24	39.600	
792	-0.20	39.650	
793	-0.20	39.700	
794	-0.16	39.750	
795	-0.14	39.800	
796	-0.04	39.850	
797	0.20	39.900	
798	0.52	39.950	
799	0.88	40.000	
800	1.28	40.050	
801	1.74	40.100	
802	2.92	40.156	
803	3.38	40.200	
804	4.38	40.250	
805	5.50	40.300	
806	6.46	40.350	
807	7.10	40.400	
808	7.44	40.450	
809	7.46	40.500	
810	7.46	40.550	
811	7.44	40.600	
812	7.42	40.650	
813	7.42	40.700	
814	7.40	40.750	
815	7.40	40.800	
816	7.38	40.850	
817	7.38	40.900	
818	7.36	40.950	
819	7.36	41.000	
820	7.36	41.050	
821	7.36	41.100	
822	7.36	41.150	
823	7.34	41.200	
824	7.34	41.250	
825	7.34	41.300	
826	7.34	41.350	
827	7.34	41.400	
828	7.32	41.450	
829	7.32	41.500	
830	7.32	41.550	
831	7.32	41.601	
832	7.32	41.650	
833	7.32	41.701	
834	7.32	41.750	
835	7.30	41.800	
836	7.30	41.850	
837	7.30	41.900	
838	7.30	41.950	
839	7.30	42.000	
840	7.30	42.050	
841	7.30	42.100	
842	7.30	42.150	
843	7.30	42.200	
844	7.30	42.250	
845	7.30	42.350	
846	7.30	42.400	
847	7.28	42.451	
848	7.30	42.500	
849	7.28	42.550	
850	7.28	42.600	
851	7.28	42.650	
852	7.28	42.700	
853	7.28	42.750	
854	7.28	42.801	
855	7.28	42.850	
856	7.28	42.900	
857	7.28	42.950	
858	7.28	43.000	
859	7.28	43.050	
860	7.28	43.100	
861	7.28	43.150	
862	7.26	43.200	
863	7.28	43.250	
864	7.26	43.300	
865	7.26	43.350	
866	7.20	43.400	
867	6.38	43.450	
868	5.34	43.500	
869	4.20	43.551	
870	2.92	43.600	
871	2.00	43.650	
872	1.32	43.700	
873	0.82	43.750	
874	0.38	43.800	
875	0.18	43.850	
876	0.12	43.900	
877	0.10	43.950	
878	0.10	44.000	
879	0.06	44.050	
880	0.02	44.100	
881	-0.04	44.150	
882	-0.14	44.200	
883	-0.14	44.250	
884	-0.16	44.300	
885	-0.20	44.350	
886	-0.20	44.400	
887	-0.22	44.450	
888	-0.20	44.500	
889	-0.20	44.550	
890	-0.20	44.600	
891	-0.22	44.650	
892	-0.22	44.700	
893	-0.22	44.750	
894	-0.22	44.800	
895	-0.22	44.850	
896	-0.22	44.900	
897	-0.22	44.950	
898	-0.22	45.000	
899	-0.22	45.050	
900	-0.22	45.100	
901	-0.22	45.157	
902	-0.22	45.200	
903	-0.22	45.250	
904	-0.22	45.300	
905	-0.22	45.350	
906	-0.22	45.401	
907	-0.22	45.450	
908	-0.22	45.500	
909	-0.22	45.550	
910	-0.22	45.601	
911	-0.22	45.650	
912	-0.22	45.700	
913	-0.22	45.750	
914	-0.22	45.800	
915	-0.22	45.851	
916	-0.22	45.900	
917	-0.22	45.950	
918	-0.22	46.000	
919	-0.22	46.050	
920	-0.22	46.100	
921	-0.22	46.150	
922	-0.22	46.200	
923	-0.22	46.250	
924	-0.22	46.300	
925	-0.22	46.350	
926	-0.22	46.400	
927	-0.24	46.450	
928	-0.22	46.500	
929	-0.22	46.550	
930	-0.22	46.600	
931	-0.22	46.650	
932	-0.22	46.701	
933	-0.22	46.750	
934	-0.24	46.801	
935	-0.22	46.850	
936	-0.22	46.900	
937	-0.20	46.950	
938	-0.18	47.000	
939	-0.16	47.050	
940	-0.12	47.101	
941	-0.04	47.150	
942	0.20	47.200	
943	0.50	47.250	
944	0.88	47.300	
945	1.26	47.350	
946	1.72	47.400	
947	2.28	47.450	
948	3.18	47.500	
949	4.26	47.550	
950	5.36	47.600	
951	6.32	47.650	
952	7.02	47.700	
953	7.34	47.751	
954	7.36	47.800	
955	7.36	47.850	
956	7.34	47.900	
957	7.32	47.950	
958	7.32	48.000	
959	7.30	48.050	
960	7.30	48.100	
961	7.28	48.150	
962	7.28	48.200	
963	7.28	48.250	
964	7.26	48.301	
965	7.26	48.350	
966	7.26	48.400	
967	7.26	48.450	
968	7.24	48.500	
969	7.24	48.550	
970	7.24	48.600	
971	7.24	48.650	
972	7.24	48.700	
973	7.24	48.750	
974	7.24	48.800	
975	7.22	48.850	
976	7.22	48.900	
977	7.22	48.950	
978	7.22	49.001	
979	7.22	49.064	
980	7.22	49.100	
981	7.22	49.152	
982	7.22	49.200	
983	7.20	49.250	
984	7.22	49.300	
985	7.20	49.350	
986	7.20	49.400	
987	7.20	49.450	
988	7.20	49.500	
989	7.20	49.550	
990	7.20	49.600	
991	7.20	49.650	
992	7.20	49.700	
993	7.20	49.750	
994	7.20	49.800	
995	7.20	49.850	
996	7.18	49.900	
997	7.18	49.950	
998	7.18	50.000	
999	7.18	50.050	
1000	7.18	50.100	
1001	7.18	50.161	
1002	7.18	50.200	
1003	7.18	50.250	
1004	7.18	50.300	
1005	7.18	50.351	
1006	7.18	50.400	
1007	7.18	50.450	
1008	7.18	50.501	
1009	7.18	50.550	
1010	7.18	50.601	
1011	7.18	50.650	
1012	7.18	50.700	
1013	7.18	50.750	
1014	7.18	50.800	
1015	7.16	50.850	
1016	7.16	50.900	
1017	7.16	50.950	
1018	7.16	51.000	
1019	6.94	51.050	
1020	6.02	51.100	
1021	4.98	51.150	
1022	3.74	51.200	
1023	2.64	51.250	
1024	1.78	51.300	
1025	1.16	51.350	
1026	0.72	51.400	
1027	0.30	51.450	
1028	0.16	51.500	
1029	0.14	51.550	
1030	0.12	51.600	
1031	0.10	51.650	
1032	0.08	51.700	
1033	0.02	51.750	
1034	-0.06	51.800	
1035	-0.14	51.850	
1036	-0.14	51.901	
1037	-0.16	51.950	
1038	-0.20	52.000	
1039	-0.20	52.050	
1040	-0.20	52.100	
1041	-0.20	52.151	
1042	-0.20	52.200	
1043	-0.20	52.250	
1044	-0.20	52.300	
1045	-0.20	52.350	
1046	-0.20	52.400	
1047	-0.20	52.450	
1048	-0.20	52.500	
1049	-0.22	52.550	
1050	-0.22	52.600	
1051	-0.20	52.650	
1052	-0.22	52.700	
1053	-0.22	52.750	
1054	-0.22	52.800	
1055	-0.22	52.851	
1056	-0.20	52.900	
1057	-0.22	52.950	
1058	-0.22	53.000	
1059	-0.22	53.050	
1060	-0.22	53.100	
1061	-0.22	53.150	
1062	-0.22	53.200	
1063	-0.22	53.251	
1064	-0.22	53.300	
1065	-0.22	53.350	
1066	-0.22	53.400	
1067	-0.22	53.450	
1068	-0.22	53.500	
1069	-0.22	53.550	
1070	-0.22	53.600	
1071	-0.22	53.651	
1072	-0.22	53.700	
1073	-0.22	53.750	
1074	-0.22	53.800	
1075	-0.22	53.850	
1076	-0.22	53.900	
1077	-0.22	53.951	
1078	-0.22	54.000	
1079	-0.22	54.050	
1080	-0.22	54.100	
1081	-0.22	54.150	
1082	-0.22	54.201	
1083	-0.22	54.250	
1084	-0.22	54.300	
1085	-0.22	54.350	
1086	-0.20	54.400	
1087	-0.18	54.450	
1088	-0.16	54.500	
1089	-0.10	54.550	
1090	-0.06	54.600	
1091	0.16	54.650	
1092	0.46	54.700	
1093	0.82	54.750	
1094	1.20	54.800	
1095	1.64	54.850	
1096	2.20	54.901	
1097	2.96	54.951	
1098	4.06	55.000	
1099	5.06	55.050	
1100	6.04	55.100	
1101	6.98	55.159	
1102	7.02	55.200	
1103	7.02	55.251	
1104	7.02	55.300	
1105	7.00	55.350	
1106	6.98	55.400	
1107	6.98	55.450	
1108	6.96	55.500	
1109	6.96	55.550	
1110	6.94	55.600	
1111	6.94	55.650	
1112	6.94	55.700	
1113	6.94	55.750	
1114	6.94	55.800	
1115	6.92	55.850	
1116	6.92	55.900	
1117	6.92	55.950	
1118	6.92	56.001	
1119	6.92	56.050	
1120	6.90	56.101	
1121	6.90	56.151	
1122	6.90	56.200	
1123	6.90	56.250	
1124	6.90	56.300	
1125	6.90	56.350	
1126	6.90	56.400	
1127	6.90	56.450	
1128	6.88	56.500	
1129	6.88	56.550	
1130	6.88	56.600	
1131	6.88	56.650	
1132	6.88	56.700	
1133	6.88	56.750	
1134	6.88	56.800	
1135	6.88	56.850	
1136	6.88	56.900	
1137	6.88	56.950	
1138	6.88	57.000	
1139	6.88	57.050	
1140	6.88	57.100	
1141	6.86	57.158	
1142	6.86	57.200	
1143	6.86	57.250	
1144	6.86	57.300	
1145	6.86	57.350	
1146	6.86	57.401	
1147	6.86	57.450	
1148	6.86	57.500	
1149	6.86	57.550	
1150	6.86	57.600	
1151	6.86	57.650	
1152	6.86	57.700	
1153	6.86	57.750	
1154	6.86	57.801	
1155	6.86	57.850	
1156	6.86	57.901	
1157	6.86	57.950	
1158	6.86	58.001	
1159	6.84	58.050	
1160	6.84	58.100	
1161	6.84	58.150	
1162	6.84	58.200	
1163	6.84	58.250	
1164	6.84	58.300	
1165	6.84	58.350	
1166	6.84	58.400	
1167	6.84	58.450	
1168	6.84	58.500	
1169	6.84	58.551	
1170	6.84	58.600	
1171	6.84	58.650	
1172	6.84	58.700	
1173	6.84	58.751	
1174	6.62	58.800	
1175	5.72	58.850	
1176	4.70	58.901	
1177	3.48	58.950	
1178	2.46	59.000	
1179	1.68	59.050	
1180	1.10	59.100	
1181	0.64	59.151	
1182	0.28	59.200	
1183	0.18	59.250	
1184	0.16	59.300	
1185	0.14	59.350	
1186	0.12	59.400	
1187	0.10	59.450	
1188	0.04	59.500	
1189	-0.04	59.550	
1190	-0.12	59.600	
1191	-0.12	59.650	
1192	-0.14	59.700	
1193	-0.16	59.750	
1194	-0.18	59.800	
1195	-0.16	59.850	
1196	-0.18	59.901	
1197	-0.18	59.951	
1198	-0.18	60.000	
1199	-0.18	60.050	
1200	-0.18	60.100	
1201	-0.18	60.166	
1202	-0.18	60.200	
1203	-0.18	60.258	
1204	-0.18	60.300	
1205	-0.18	60.350	
1206	-0.18	60.400	
1207	-0.18	60.450	
1208	-0.18	60.500	
1209	-0.18	60.550	
1210	-0.18	60.600	
1211	-0.20	60.651	
1212	-0.18	60.700	
1213	-0.18	60.750	
1214	-0.18	60.800	
1215	-0.18	60.850	
1216	-0.20	60.900	
1217	-0.20	60.950	
1218	-0.20	61.001	
1219	-0.20	61.050	
1220	-0.20	61.100	
1221	-0.20	61.150	
1222	-0.20	61.200	
1223	-0.20	61.250	
1224	-0.20	61.300	
1225	-0.20	61.350	
1226	-0.20	61.400	
1227	-0.20	61.450	
1228	-0.20	61.500	
1229	-0.20	61.550	
1230	-0.20	61.600	
1231	-0.20	61.650	
1232	-0.20	61.700	
1233	-0.20	61.750	
1234	-0.20	61.801	
1235	-0.20	61.851	
1236	-0.20	61.900	
1237	-0.20	61.950	
1238	-0.20	62.000	
1239	-0.20	62.051	
1240	-0.20	62.100	
1241	-0.20	62.150	
1242	-0.20	62.200	
1243	-0.20	62.250	
1244	-0.20	62.300	
1245	-0.20	62.350	
1246	-0.20	62.400	
1247	-0.20	62.450	
1248	-0.20	62.500	
1249	-0.20	62.551	
1250	-0.20	62.600	
1251	-0.20	62.650	
1252	-0.18	62.700	
1253	-0.16	62.751	
1254	-0.14	62.800	
1255	-0.10	62.850	
1256	-0.06	62.900	
1257	0.12	62.950	
1258	0.40	63.000	
1259	0.74	63.050	
1260	1.12	63.101	
1261	1.54	63.150	
1262	2.04	63.200	
1263	2.66	63.250	
1264	3.78	63.300	
1265	4.80	63.350	
1266	5.80	63.400	
1267	6.54	63.451	
1268	6.94	63.500	
1269	7.02	63.550	
1270	7.00	63.600	
1271	6.98	63.650	
1272	6.96	63.700	
1273	6.94	63.750	
1274	6.94	63.800	
1275	6.94	63.850	
1276	6.94	63.900	
1277	6.92	63.951	
1278	6.92	64.000	
1279	6.92	64.050	
1280	6.90	64.100	
1281	6.90	64.150	
1282	6.90	64.200	
1283	6.90	64.251	
1284	6.88	64.300	
1285	6.88	64.350	
1286	6.88	64.400	
1287	6.88	64.450	
1288	6.88	64.500	
1289	6.88	64.550	
1290	6.88	64.601	
1291	6.88	64.651	
1292	6.86	64.700	
1293	6.88	64.750	
1294	6.86	64.801	
1295	6.86	64.850	
1296	6.86	64.900	
1297	6.86	64.950	
1298	6.86	65.000	
1299	6.86	65.050	
1300	6.86	65.100	
1301	6.86	65.200	
1302	6.84	65.250	
1303	6.84	65.313	
1304	6.84	65.350	
1305	6.84	65.407	
1306	6.84	65.450	
1307	6.84	65.500	
1308	6.84	65.550	
1309	6.84	65.600	
1310	6.84	65.650	
1311	6.84	65.700	
1312	6.84	65.750	
1313	6.84	65.800	
1314	6.84	65.850	
1315	6.84	65.901	
1316	6.84	65.950	
1317	6.84	66.000	
1318	6.82	66.050	
1319	6.82	66.100	
1320	6.82	66.150	
1321	6.84	66.200	
1322	6.34	66.250	
1323	5.34	66.300	
1324	4.32	66.350	
1325	3.06	66.400	
1326	2.12	66.450	
1327	1.44	66.500	
1328	0.96	66.550	
1329	0.50	66.601	
1330	0.22	66.650	
1331	0.16	66.700	
1332	0.16	66.750	
1333	0.14	66.800	
1334	0.12	66.851	
1335	0.08	66.900	
1336	0.02	66.950	
1337	-0.08	67.000	
1338	-0.12	67.050	
1339	-0.12	67.100	
1340	-0.14	67.150	
1341	-0.16	67.201	
1342	-0.16	67.250	
1343	-0.16	67.300	
1344	-0.16	67.350	
1345	-0.16	67.400	
1346	-0.18	67.450	
1347	-0.18	67.500	
1348	-0.18	67.550	
1349	-0.18	67.600	
1350	-0.18	67.650	
1351	-0.18	67.700	
1352	-0.18	67.750	
1353	-0.18	67.800	
1354	-0.18	67.850	
1355	-0.18	67.900	
1356	-0.18	67.950	
1357	-0.18	68.000	
1358	-0.18	68.050	
1359	-0.18	68.100	
1360	-0.18	68.150	
1361	-0.18	68.200	
1362	-0.18	68.250	
1363	-0.18	68.300	
1364	-0.18	68.350	
1365	-0.18	68.400	
1366	-0.18	68.450	
1367	-0.18	68.500	
1368	-0.18	68.550	
1369	-0.18	68.600	
1370	-0.18	68.650	
1371	-0.18	68.700	
1372	-0.18	68.750	
1373	-0.18	68.800	
1374	-0.18	68.850	
1375	-0.18	68.900	
1376	-0.18	68.950	
1377	-0.18	69.000	
1378	-0.18	69.050	
1379	-0.18	69.100	
1380	-0.18	69.150	
1381	-0.18	69.200	
1382	-0.18	69.250	
1383	-0.18	69.300	
1384	-0.18	69.350	
1385	-0.18	69.400	
1386	-0.14	69.450	
1387	-0.14	69.500	
1388	-0.10	69.550	
1389	-0.08	69.600	
1390	0.10	69.650	
1391	0.38	69.700	
1392	0.70	69.750	
1393	1.08	69.800	
1394	1.50	69.850	
1395	1.98	69.900	
1396	2.60	69.950	
1397	3.66	70.000	
1398	4.72	70.050	
1399	5.76	70.100	
1400	7.00	70.200	
1401	7.12	70.250	
1402	7.12	70.300	
1403	7.10	70.350	
1404	7.08	70.400	
1405	7.08	70.450	
1406	7.06	70.500	
1407	7.06	70.550	
1408	7.06	70.600	
1409	7.04	70.650	
1410	7.04	70.700	
1411	7.02	70.750	
1412	7.02	70.800	
1413	7.02	70.850	
1414	7.02	70.900	
1415	7.02	70.950	
1416	7.02	71.000	
1417	7.02	71.050	
1418	7.00	71.100	
1419	7.00	71.150	
1420	7.00	71.201	
1421	7.00	71.250	
1422	7.00	71.301	
1423	7.00	71.350	
1424	6.98	71.400	
1425	7.00	71.450	
1426	6.98	71.500	
1427	6.98	71.550	
1428	6.98	71.600	
1429	6.98	71.650	
1430	6.98	71.700	
1431	6.98	71.750	
1432	6.98	71.800	
1433	6.98	71.850	
1434	6.96	71.900	
1435	6.96	71.950	
1436	6.96	72.000	
1437	6.96	72.050	
1438	6.96	72.100	
1439	6.96	72.150	
1440	6.96	72.200	
1441	6.96	72.250	
1442	6.96	72.301	
1443	6.96	72.350	
1444	6.96	72.400	
1445	6.96	72.450	
1446	6.96	72.500	
1447	6.96	72.550	
1448	6.94	72.600	
1449	6.96	72.650	
1450	6.96	72.700	
1451	6.94	72.750	
1452	6.94	72.800	
1453	6.94	72.850	
1454	6.94	72.900	
1455	6.94	72.950	
1456	6.94	73.000	
1457	6.94	73.051	
1458	6.94	73.100	
1459	6.94	73.150	
1460	6.94	73.200	
1461	6.94	73.250	
1462	6.94	73.301	
1463	6.94	73.350	
1464	6.88	73.400	
1465	6.06	73.450	
1466	5.02	73.501	
1467	3.92	73.550	
1468	2.72	73.600	
1469	1.58	73.650	
1470	1.26	73.700	
1471	0.80	73.750	
1472	0.38	73.800	
1473	0.22	73.851	
1474	0.18	73.900	
1475	0.18	73.950	
1476	0.16	74.000	
1477	0.14	74.050	
1478	0.08	74.100	
1479	0.02	74.150	
1480	-0.08	74.200	
1481	-0.10	74.251	
1482	-0.10	74.300	
1483	-0.14	74.351	
1484	-0.14	74.400	
1485	-0.16	74.450	
1486	-0.16	74.500	
1487	-0.16	74.550	
1488	-0.16	74.600	
1489	-0.16	74.650	
1490	-0.16	74.700	
1491	-0.16	74.750	
1492	-0.16	74.800	
1493	-0.16	74.850	
1494	-0.16	74.900	
1495	-0.16	74.950	
1496	-0.16	75.000	
1497	-0.16	75.050	
1498	-0.16	75.100	
1499	-0.16	75.150	
1500	-0.18	75.200	
1501	-0.16	75.250	
1502	-0.18	75.300	
1503	-0.18	75.350	
1504	-0.18	75.401	
1505	-0.18	75.450	
1506	-0.18	75.501	
1507	-0.18	75.550	
1508	-0.18	75.601	
1509	-0.18	75.650	
1510	-0.18	75.700	
1511	-0.18	75.751	
1512	-0.18	75.800	
1513	-0.18	75.851	
1514	-0.18	75.900	
1515	-0.18	75.950	
1516	-0.18	76.000	
1517	-0.18	76.050	
1518	-0.18	76.100	
1519	-0.18	76.150	
1520	-0.18	76.200	
1521	-0.18	76.250	
1522	-0.18	76.300	
1523	-0.18	76.350	
1524	-0.18	76.400	
1525	-0.18	76.450	
1526	-0.18	76.500	
1527	-0.18	76.550	
1528	-0.18	76.600	
1529	-0.18	76.650	
1530	-0.18	76.700	
1531	-0.18	76.750	
1532	-0.18	76.800	
1533	-0.18	76.850	
1534	-0.18	76.900	
1535	-0.18	76.950	
1536	-0.18	77.000	
1537	-0.18	77.050	
1538	-0.18	77.100	
1539	-0.18	77.150	
1540	-0.14	77.200	
1541	-0.14	77.250	
1542	-0.08	77.300	
1543	-0.06	77.350	
1544	0.08	77.400	
1545	0.34	77.450	
1546	0.64	77.500	
1547	1.02	77.550	
1548	1.44	77.600	
1549	1.92	77.651	
1550	2.54	77.700	
1551	3.50	77.751	
1552	4.60	77.801	
1553	5.64	77.850	
1554	6.50	77.901	
1555	7.04	77.951	
1556	7.20	78.000	
1557	7.20	78.050	
1558	7.18	78.100	
1559	7.18	78.150	
1560	7.16	78.200	
1561	7.16	78.251	
1562	7.14	78.301	
1563	7.14	78.350	
1564	7.12	78.400	
1565	7.12	78.450	
1566	7.12	78.500	
1567	7.10	78.550	
1568	7.10	78.600	
1569	7.10	78.650	
1570	7.10	78.700	
1571	7.08	78.750	
1572	7.08	78.800	
1573	7.08	78.850	
1574	7.08	78.900	
1575	7.08	78.950	
1576	7.08	79.000	
1577	7.08	79.050	
1578	7.08	79.100	
1579	7.08	79.150	
1580	7.06	79.200	
1581	7.06	79.250	
1582	7.06	79.300	
1583	7.06	79.350	
1584	7.06	79.400	
1585	7.06	79.451	
1586	7.06	79.500	
1587	7.06	79.551	
1588	7.06	79.600	
1589	7.06	79.650	
1590	7.06	79.700	
1591	7.04	79.750	
1592	7.04	79.800	
1593	7.04	79.850	
1594	7.04	79.900	
1595	7.04	79.950	
1596	7.04	80.001	
1597	7.04	80.050	
1598	7.04	80.150	
1599	7.04	80.200	
1600	7.04	80.262	
1601	7.04	80.300	
1602	7.02	80.359	
1603	7.02	80.400	
1604	7.02	80.459	
1605	7.02	80.500	
1606	7.02	80.553	
1607	7.02	80.601	
1608	7.02	80.650	
1609	7.02	80.700	
1610	7.02	80.751	
1611	7.02	80.800	
1612	7.02	80.850	
1613	7.02	80.900	
1614	6.46	80.950	
1615	5.42	81.001	
1616	4.38	81.050	
1617	3.10	81.100	
1618	2.18	81.150	
1619	1.50	81.200	
1620	0.96	81.251	
1621	0.54	81.300	
1622	0.28	81.350	
1623	0.20	81.400	
1624	0.18	81.450	
1625	0.18	81.500	
1626	0.14	81.550	
1627	0.12	81.600	
1628	0.06	81.650	
1629	-0.04	81.701	
1630	-0.10	81.750	
1631	-0.10	81.800	
1632	-0.12	81.850	
1633	-0.14	81.900	
1634	-0.14	81.950	
1635	-0.14	82.000	
1636	-0.14	82.050	
1637	-0.16	82.100	
1638	-0.16	82.150	
1639	-0.16	82.200	
1640	-0.16	82.250	
1641	-0.16	82.300	
1642	-0.16	82.350	
1643	-0.16	82.400	
1644	-0.16	82.450	
1645	-0.16	82.500	
1646	-0.16	82.550	
1647	-0.16	82.600	
1648	-0.16	82.650	
1649	-0.16	82.700	
1650	-0.16	82.750	
1651	-0.16	82.800	
1652	-0.18	82.850	
1653	-0.16	82.900	
1654	-0.18	82.950	
1655	-0.16	83.000	
1656	-0.16	83.050	
1657	-0.18	83.100	
1658	-0.18	83.150	
1659	-0.16	83.200	
1660	-0.18	83.250	
1661	-0.18	83.300	
1662	-0.18	83.350	
1663	-0.16	83.401	
1664	-0.16	83.450	
1665	-0.18	83.500	
1666	-0.16	83.550	
1667	-0.18	83.600	
1668	-0.18	83.650	
1669	-0.16	83.700	
1670	-0.18	83.750	
1671	-0.18	83.800	
1672	-0.18	83.851	
1673	-0.18	83.900	
