7/24/2024  3:33 PM
Units: N
Readings: Continuous
X-Axis: Time

Reading	Load	Time	
1	0.00	0.000	
2	0.00	0.100	
3	0.00	0.150	
4	0.00	0.200	
5	0.00	0.250	
6	0.00	0.300	
7	0.00	0.350	
8	0.00	0.400	
9	0.00	0.450	
10	0.00	0.500	
11	0.00	0.550	
12	0.00	0.601	
13	0.00	0.650	
14	0.00	0.700	
15	0.00	0.750	
16	0.00	0.800	
17	0.00	0.850	
18	0.00	0.900	
19	0.00	0.950	
20	0.00	1.000	
21	0.00	1.051	
22	0.00	1.100	
23	0.00	1.150	
24	0.00	1.200	
25	0.00	1.251	
26	0.00	1.300	
27	0.00	1.350	
28	0.02	1.400	
29	0.00	1.453	
30	0.00	1.500	
31	0.00	1.551	
32	0.02	1.600	
33	0.02	1.651	
34	0.00	1.700	
35	0.00	1.750	
36	0.00	1.800	
37	0.02	1.850	
38	0.00	1.900	
39	0.00	1.951	
40	0.02	2.001	
41	0.02	2.050	
42	0.00	2.100	
43	0.02	2.150	
44	0.00	2.200	
45	0.00	2.250	
46	0.00	2.300	
47	0.00	2.351	
48	0.00	2.400	
49	0.02	2.451	
50	0.00	2.500	
51	0.02	2.550	
52	0.00	2.600	
53	0.00	2.650	
54	0.00	2.700	
55	0.02	2.750	
56	0.00	2.800	
57	0.00	2.850	
58	0.00	2.900	
59	0.00	2.950	
60	0.00	3.001	
61	0.00	3.050	
62	0.02	3.101	
63	0.00	3.150	
64	0.00	3.200	
65	0.00	3.250	
66	0.02	3.300	
67	0.00	3.350	
68	0.02	3.401	
69	0.00	3.450	
70	0.00	3.500	
71	0.00	3.550	
72	0.02	3.600	
73	0.02	3.650	
74	0.00	3.700	
75	0.02	3.750	
76	0.02	3.801	
77	0.00	3.850	
78	0.02	3.901	
79	0.00	3.950	
80	0.02	4.000	
81	0.02	4.050	
82	0.02	4.100	
83	0.00	4.150	
84	0.02	4.200	
85	0.02	4.250	
86	0.00	4.300	
87	0.00	4.350	
88	0.00	4.401	
89	0.02	4.450	
90	0.02	4.500	
91	0.02	4.550	
92	0.02	4.600	
93	0.02	4.650	
94	0.02	4.701	
95	0.02	4.750	
96	0.02	4.800	
97	0.02	4.850	
98	0.02	4.900	
99	0.02	4.951	
100	0.00	5.000	
101	0.02	5.051	
102	0.02	5.100	
103	0.02	5.150	
104	0.02	5.201	
105	0.02	5.250	
106	0.02	5.300	
107	0.02	5.351	
108	0.02	5.400	
109	0.02	5.450	
110	0.02	5.500	
111	0.02	5.550	
112	0.02	5.600	
113	0.02	5.650	
114	0.02	5.700	
115	0.02	5.751	
116	0.02	5.800	
117	0.02	5.851	
118	0.02	5.900	
119	0.02	5.950	
120	0.08	6.000	
121	0.28	6.050	
122	0.64	6.100	
123	1.06	6.151	
124	1.52	6.200	
125	2.12	6.250	
126	2.84	6.300	
127	3.52	6.350	
128	4.38	6.400	
129	5.58	6.450	
130	5.76	6.500	
131	6.38	6.550	
132	6.90	6.600	
133	7.28	6.650	
134	7.34	6.700	
135	7.32	6.750	
136	7.32	6.800	
137	7.30	6.850	
138	7.30	6.900	
139	7.28	6.950	
140	7.28	7.000	
141	7.26	7.050	
142	7.26	7.100	
143	7.26	7.150	
144	7.24	7.200	
145	7.24	7.250	
146	7.24	7.300	
147	7.24	7.350	
148	7.22	7.400	
149	7.22	7.450	
150	7.22	7.500	
151	7.22	7.550	
152	7.22	7.600	
153	7.22	7.650	
154	7.22	7.700	
155	7.20	7.750	
156	7.20	7.801	
157	7.20	7.850	
158	7.20	7.900	
159	7.20	7.950	
160	7.20	8.000	
161	7.18	8.050	
162	7.18	8.100	
163	7.18	8.150	
164	7.18	8.200	
165	7.18	8.250	
166	7.18	8.300	
167	7.18	8.350	
168	7.18	8.400	
169	7.18	8.450	
170	7.18	8.500	
171	7.18	8.550	
172	7.18	8.600	
173	7.18	8.650	
174	7.16	8.701	
175	7.16	8.751	
176	7.18	8.800	
177	7.16	8.850	
178	7.16	8.901	
179	7.16	8.950	
180	7.16	9.000	
181	7.16	9.050	
182	7.16	9.100	
183	7.16	9.150	
184	7.16	9.201	
185	7.16	9.250	
186	7.16	9.300	
187	7.16	9.350	
188	7.16	9.401	
189	6.98	9.450	
190	5.98	9.500	
191	4.90	9.550	
192	4.02	9.601	
193	3.16	9.650	
194	2.52	9.700	
195	1.38	9.750	
196	1.06	9.800	
197	0.62	9.850	
198	0.42	9.900	
199	0.28	9.951	
200	0.20	10.000	
201	0.16	10.050	
202	0.14	10.100	
203	0.12	10.150	
204	0.10	10.201	
205	0.10	10.250	
206	0.06	10.300	
207	0.02	10.350	
208	0.00	10.400	
209	0.00	10.451	
210	0.00	10.500	
211	0.00	10.550	
212	0.00	10.601	
213	0.00	10.650	
214	0.00	10.700	
215	0.00	10.750	
216	0.00	10.800	
217	0.00	10.850	
218	0.00	10.901	
219	0.00	10.950	
220	0.00	11.000	
221	0.00	11.050	
222	0.00	11.100	
223	0.00	11.151	
224	0.00	11.200	
225	0.00	11.251	
226	-0.02	11.300	
227	0.00	11.350	
228	-0.02	11.400	
229	-0.02	11.450	
230	0.00	11.500	
231	-0.02	11.550	
232	0.00	11.600	
233	-0.02	11.650	
234	-0.02	11.700	
235	-0.02	11.750	
236	-0.02	11.800	
237	-0.02	11.850	
238	-0.02	11.900	
239	-0.02	11.950	
240	-0.02	12.000	
241	-0.02	12.050	
242	0.00	12.100	
243	-0.02	12.150	
244	-0.02	12.200	
245	-0.02	12.250	
246	-0.02	12.300	
247	-0.02	12.350	
248	-0.02	12.401	
249	-0.02	12.450	
250	-0.02	12.500	
251	-0.02	12.550	
252	-0.02	12.600	
253	-0.02	12.650	
254	-0.02	12.700	
255	-0.02	12.751	
256	-0.02	12.800	
257	-0.02	12.851	
258	-0.02	12.900	
259	-0.02	12.950	
260	-0.02	13.000	
261	-0.02	13.050	
262	-0.02	13.100	
263	-0.02	13.150	
264	-0.02	13.200	
265	-0.02	13.251	
266	-0.02	13.300	
267	-0.02	13.350	
268	-0.02	13.400	
269	-0.02	13.450	
270	-0.02	13.500	
271	-0.02	13.550	
272	-0.02	13.600	
273	-0.02	13.650	
274	-0.02	13.700	
275	-0.02	13.750	
276	-0.02	13.800	
277	0.00	13.850	
278	0.14	13.901	
279	0.42	13.951	
280	0.76	14.000	
281	1.14	14.050	
282	1.66	14.100	
283	2.30	14.150	
284	2.90	14.201	
285	3.64	14.250	
286	4.50	14.300	
287	5.32	14.350	
288	6.06	14.400	
289	6.86	14.450	
290	7.38	14.501	
291	7.48	14.550	
292	7.48	14.601	
293	7.46	14.650	
294	7.44	14.700	
295	7.44	14.750	
296	7.42	14.800	
297	7.40	14.850	
298	7.40	14.900	
299	7.40	14.950	
300	7.38	15.000	
301	7.38	15.050	
302	7.38	15.100	
303	7.36	15.150	
304	7.36	15.200	
305	7.36	15.250	
306	7.36	15.300	
307	7.36	15.350	
308	7.34	15.400	
309	7.34	15.450	
310	7.34	15.500	
311	7.34	15.550	
312	7.34	15.600	
313	7.34	15.650	
314	7.34	15.700	
315	7.34	15.751	
316	7.34	15.800	
317	7.32	15.850	
318	7.32	15.900	
319	7.32	15.950	
320	7.32	16.000	
321	7.32	16.051	
322	7.32	16.101	
323	7.32	16.150	
324	7.32	16.200	
325	7.32	16.250	
326	7.32	16.300	
327	7.30	16.350	
328	7.30	16.400	
329	7.30	16.450	
330	7.30	16.500	
331	7.30	16.550	
332	7.30	16.600	
333	7.30	16.650	
334	7.30	16.700	
335	7.30	16.750	
336	7.30	16.801	
337	7.30	16.850	
338	7.30	16.900	
339	7.30	16.950	
340	7.30	17.000	
341	7.30	17.050	
342	7.30	17.100	
343	7.30	17.150	
344	7.30	17.201	
345	7.30	17.250	
346	7.30	17.300	
347	7.30	17.350	
348	7.28	17.400	
349	7.28	17.450	
350	7.28	17.500	
351	7.30	17.550	
352	6.72	17.601	
353	5.64	17.651	
354	4.64	17.700	
355	3.76	17.750	
356	2.96	17.800	
357	2.32	17.851	
358	1.50	17.901	
359	0.90	17.951	
360	0.54	18.000	
361	0.38	18.050	
362	0.26	18.100	
363	0.20	18.150	
364	0.14	18.200	
365	0.12	18.250	
366	0.12	18.300	
367	0.12	18.351	
368	0.10	18.400	
369	0.06	18.450	
370	0.02	18.500	
371	0.02	18.550	
372	0.02	18.600	
373	0.02	18.651	
374	0.02	18.700	
375	0.02	18.750	
376	0.02	18.800	
377	0.02	18.850	
378	0.02	18.900	
379	0.02	18.950	
380	0.02	19.000	
381	0.02	19.050	
382	0.02	19.101	
383	0.02	19.150	
384	0.02	19.200	
385	0.00	19.250	
386	0.00	19.300	
387	0.02	19.351	
388	0.02	19.400	
389	0.02	19.450	
390	0.00	19.500	
391	0.02	19.551	
392	0.00	19.601	
393	0.00	19.650	
394	0.00	19.700	
395	0.00	19.750	
396	0.00	19.800	
397	0.00	19.850	
398	0.00	19.901	
399	0.00	19.950	
400	0.00	20.001	
401	0.00	20.050	
402	0.00	20.100	
403	0.00	20.150	
404	0.00	20.200	
405	0.00	20.250	
406	0.00	20.300	
407	0.02	20.351	
408	0.00	20.400	
409	0.00	20.450	
410	0.00	20.500	
411	0.00	20.550	
412	0.00	20.600	
413	0.00	20.650	
414	0.00	20.700	
415	0.00	20.750	
416	0.00	20.800	
417	0.00	20.850	
418	0.00	20.900	
419	0.00	20.950	
420	0.00	21.000	
421	0.00	21.050	
422	0.14	21.100	
423	0.42	21.150	
424	0.78	21.200	
425	1.18	21.250	
426	1.70	21.301	
427	2.36	21.351	
428	2.92	21.400	
429	3.64	21.450	
430	4.52	21.500	
431	5.30	21.550	
432	6.02	21.600	
433	6.74	21.650	
434	7.20	21.700	
435	7.28	21.750	
436	7.26	21.800	
437	7.24	21.850	
438	7.22	21.901	
439	7.22	21.950	
440	7.22	22.000	
441	7.20	22.050	
442	7.20	22.100	
443	7.18	22.151	
444	7.18	22.201	
445	7.18	22.251	
446	7.18	22.300	
447	7.16	22.350	
448	7.16	22.400	
449	7.16	22.450	
450	7.16	22.500	
451	7.16	22.551	
452	7.16	22.600	
453	7.14	22.650	
454	7.14	22.700	
455	7.14	22.750	
456	7.14	22.800	
457	7.14	22.850	
458	7.14	22.900	
459	7.14	22.950	
460	7.14	23.000	
461	7.12	23.050	
462	7.12	23.100	
463	7.12	23.150	
464	7.12	23.200	
465	7.12	23.250	
466	7.12	23.300	
467	7.12	23.350	
468	7.12	23.400	
469	7.12	23.450	
470	7.12	23.501	
471	7.12	23.550	
472	7.12	23.600	
473	7.10	23.650	
474	7.12	23.700	
475	7.10	23.750	
476	7.10	23.800	
477	7.10	23.850	
478	7.10	23.900	
479	7.10	23.950	
480	7.10	24.000	
481	7.10	24.051	
482	7.10	24.100	
483	7.10	24.150	
484	7.10	24.200	
485	7.10	24.250	
486	7.10	24.300	
487	7.10	24.350	
488	7.10	24.400	
489	7.08	24.450	
490	6.90	24.500	
491	5.90	24.550	
492	4.86	24.600	
493	3.98	24.650	
494	3.12	24.700	
495	2.50	24.750	
496	1.86	24.800	
497	1.18	24.850	
498	0.70	24.900	
499	0.48	24.950	
500	0.34	25.000	
501	0.28	25.050	
502	0.22	25.100	
503	0.20	25.150	
504	0.18	25.200	
505	0.18	25.250	
506	0.16	25.300	
507	0.12	25.351	
508	0.10	25.400	
509	0.08	25.450	
510	0.08	25.500	
511	0.08	25.550	
512	0.08	25.600	
513	0.06	25.650	
514	0.06	25.700	
515	0.08	25.750	
516	0.06	25.801	
517	0.08	25.850	
518	0.06	25.900	
519	0.06	25.950	
520	0.06	26.000	
521	0.06	26.050	
522	0.06	26.100	
523	0.06	26.150	
524	0.06	26.200	
525	0.06	26.250	
526	0.06	26.300	
527	0.06	26.350	
528	0.06	26.400	
529	0.06	26.450	
530	0.06	26.500	
531	0.06	26.551	
532	0.06	26.600	
533	0.06	26.650	
534	0.06	26.700	
535	0.06	26.750	
536	0.06	26.800	
537	0.06	26.850	
538	0.06	26.900	
539	0.06	26.950	
540	0.06	27.000	
541	0.06	27.050	
542	0.06	27.100	
543	0.06	27.151	
544	0.06	27.200	
545	0.06	27.250	
546	0.06	27.300	
547	0.06	27.350	
548	0.06	27.400	
549	0.06	27.450	
550	0.06	27.500	
551	0.06	27.550	
552	0.06	27.600	
553	0.06	27.650	
554	0.06	27.700	
555	0.06	27.750	
556	0.06	27.800	
557	0.06	27.850	
558	0.06	27.900	
559	0.06	27.950	
560	0.06	28.000	
561	0.06	28.050	
562	0.06	28.100	
563	0.06	28.150	
564	0.06	28.200	
565	0.06	28.250	
566	0.06	28.300	
567	0.06	28.350	
568	0.06	28.400	
569	0.06	28.450	
570	0.06	28.500	
571	0.06	28.550	
572	0.06	28.600	
573	0.12	28.650	
574	0.30	28.700	
575	0.64	28.751	
576	0.96	28.800	
577	1.40	28.850	
578	1.96	28.900	
579	2.64	28.950	
580	3.20	29.000	
581	4.02	29.050	
582	4.86	29.100	
583	5.62	29.150	
584	6.26	29.201	
585	6.80	29.250	
586	7.10	29.300	
587	7.14	29.350	
588	7.12	29.400	
589	7.10	29.450	
590	7.08	29.500	
591	7.08	29.550	
592	7.08	29.600	
593	7.06	29.650	
594	7.06	29.700	
595	7.06	29.751	
596	7.04	29.800	
597	7.04	29.850	
598	7.04	29.900	
599	7.04	29.950	
600	7.04	30.000	
601	7.02	30.050	
602	7.02	30.100	
603	7.02	30.150	
604	7.02	30.201	
605	7.02	30.250	
606	7.02	30.301	
607	7.02	30.350	
608	7.00	30.400	
609	7.00	30.450	
610	7.00	30.500	
611	7.00	30.550	
612	7.00	30.600	
613	7.00	30.650	
614	7.00	30.700	
615	7.00	30.750	
616	7.00	30.801	
617	7.00	30.850	
618	7.00	30.900	
619	7.00	30.951	
620	6.98	31.000	
621	6.98	31.050	
622	6.98	31.100	
623	6.98	31.150	
624	6.98	31.200	
625	6.98	31.250	
626	6.98	31.300	
627	6.98	31.350	
628	6.98	31.400	
629	6.98	31.450	
630	6.98	31.500	
631	6.98	31.550	
632	6.98	31.600	
633	6.98	31.651	
634	6.98	31.700	
635	6.98	31.750	
636	6.96	31.800	
637	6.98	31.850	
638	6.96	31.900	
639	6.96	31.950	
640	6.96	32.000	
641	6.96	32.050	
642	6.96	32.100	
643	6.96	32.150	
644	6.96	32.200	
645	6.62	32.250	
646	5.58	32.300	
647	4.60	32.350	
648	3.76	32.400	
649	2.94	32.450	
650	2.32	32.500	
651	1.70	32.550	
652	1.16	32.600	
653	0.60	32.650	
654	0.54	32.700	
655	0.42	32.750	
656	0.36	32.801	
657	0.30	32.850	
658	0.28	32.900	
659	0.26	32.950	
660	0.26	33.000	
661	0.24	33.050	
662	0.20	33.100	
663	0.16	33.150	
664	0.16	33.200	
665	0.16	33.250	
666	0.16	33.300	
667	0.16	33.350	
668	0.16	33.400	
669	0.16	33.450	
670	0.16	33.500	
671	0.14	33.551	
672	0.14	33.600	
673	0.14	33.650	
674	0.14	33.700	
675	0.16	33.750	
676	0.14	33.800	
677	0.14	33.850	
678	0.14	33.900	
679	0.14	33.950	
680	0.14	34.000	
681	0.14	34.050	
682	0.14	34.100	
683	0.14	34.150	
684	0.14	34.200	
685	0.14	34.250	
686	0.14	34.300	
687	0.14	34.350	
688	0.14	34.400	
689	0.14	34.450	
690	0.14	34.500	
691	0.14	34.550	
692	0.14	34.600	
693	0.14	34.650	
694	0.14	34.700	
695	0.14	34.750	
696	0.14	34.800	
697	0.14	34.850	
698	0.14	34.900	
699	0.14	34.950	
700	0.14	35.000	
701	0.14	35.050	
702	0.14	35.101	
703	0.14	35.150	
704	0.14	35.200	
705	0.14	35.250	
706	0.14	35.300	
707	0.14	35.350	
708	0.14	35.400	
709	0.14	35.450	
710	0.14	35.500	
711	0.14	35.550	
712	0.14	35.600	
713	0.14	35.650	
714	0.14	35.700	
715	0.14	35.751	
716	0.14	35.800	
717	0.14	35.850	
718	0.14	35.900	
719	0.14	35.950	
720	0.14	36.000	
721	0.14	36.050	
722	0.14	36.100	
723	0.14	36.150	
724	0.14	36.200	
725	0.14	36.250	
726	0.14	36.300	
727	0.14	36.350	
728	0.14	36.400	
729	0.14	36.450	
730	0.12	36.500	
731	0.12	36.550	
732	0.14	36.600	
733	0.14	36.650	
734	0.18	36.700	
735	0.36	36.750	
736	0.68	36.800	
737	1.00	36.850	
738	1.44	36.900	
739	1.98	36.950	
740	2.66	37.000	
741	3.24	37.050	
742	4.04	37.100	
743	4.88	37.150	
744	5.64	37.200	
745	6.32	37.250	
746	6.80	37.300	
747	7.04	37.351	
748	7.06	37.400	
749	7.04	37.450	
750	7.02	37.500	
751	7.02	37.550	
752	7.02	37.600	
753	7.00	37.650	
754	7.00	37.700	
755	7.00	37.750	
756	6.98	37.800	
757	6.98	37.850	
758	6.98	37.900	
759	6.98	37.950	
760	6.96	38.000	
761	6.96	38.050	
762	6.96	38.100	
763	6.96	38.150	
764	6.96	38.200	
765	6.96	38.250	
766	6.96	38.300	
767	6.94	38.350	
768	6.94	38.400	
769	6.94	38.450	
770	6.94	38.500	
771	6.94	38.550	
772	6.94	38.600	
773	6.94	38.650	
774	6.94	38.701	
775	6.94	38.750	
776	6.94	38.800	
777	6.94	38.850	
778	6.94	38.900	
779	6.92	38.950	
780	6.92	39.000	
781	6.92	39.050	
782	6.92	39.100	
783	6.92	39.150	
784	6.92	39.200	
785	6.92	39.250	
786	6.92	39.300	
787	6.92	39.350	
788	6.92	39.400	
789	6.92	39.450	
790	6.92	39.500	
791	6.92	39.550	
792	6.92	39.600	
793	6.92	39.651	
794	6.92	39.700	
795	6.92	39.750	
796	6.92	39.800	
797	6.92	39.850	
798	6.90	39.901	
799	6.90	39.950	
800	6.90	40.000	
801	6.74	40.050	
802	5.74	40.100	
803	4.08	40.153	
804	3.82	40.200	
805	3.04	40.250	
806	2.40	40.300	
807	1.76	40.350	
808	1.24	40.400	
809	0.82	40.450	
810	0.58	40.500	
811	0.44	40.550	
812	0.38	40.600	
813	0.34	40.651	
814	0.32	40.700	
815	0.30	40.750	
816	0.30	40.800	
817	0.28	40.850	
818	0.24	40.900	
819	0.22	40.950	
820	0.20	41.000	
821	0.20	41.050	
822	0.20	41.100	
823	0.20	41.150	
824	0.20	41.200	
825	0.20	41.250	
826	0.20	41.300	
827	0.20	41.350	
828	0.20	41.400	
829	0.20	41.451	
830	0.20	41.500	
831	0.20	41.550	
832	0.18	41.600	
833	0.20	41.651	
834	0.20	41.700	
835	0.20	41.750	
836	0.18	41.801	
837	0.18	41.850	
838	0.18	41.900	
839	0.18	41.950	
840	0.18	42.000	
841	0.18	42.050	
842	0.18	42.100	
843	0.18	42.150	
844	0.18	42.200	
845	0.18	42.250	
846	0.18	42.300	
847	0.18	42.350	
848	0.18	42.400	
849	0.18	42.450	
850	0.18	42.500	
851	0.18	42.550	
852	0.18	42.600	
853	0.18	42.650	
854	0.18	42.700	
855	0.18	42.750	
856	0.18	42.800	
857	0.18	42.850	
858	0.18	42.900	
859	0.18	42.950	
860	0.18	43.001	
861	0.18	43.050	
862	0.18	43.100	
863	0.18	43.150	
864	0.18	43.200	
865	0.18	43.250	
866	0.18	43.300	
867	0.18	43.350	
868	0.18	43.400	
869	0.18	43.450	
870	0.18	43.500	
871	0.18	43.550	
872	0.18	43.600	
873	0.18	43.650	
874	0.16	43.700	
875	0.18	43.750	
876	0.18	43.800	
877	0.16	43.850	
878	0.18	43.900	
879	0.18	43.951	
880	0.16	44.000	
881	0.18	44.050	
882	0.18	44.101	
883	0.18	44.150	
884	0.18	44.200	
885	0.18	44.250	
886	0.18	44.300	
887	0.18	44.350	
888	0.16	44.400	
889	0.16	44.450	
890	0.16	44.500	
891	0.16	44.550	
892	0.16	44.601	
893	0.16	44.650	
894	0.16	44.700	
895	0.16	44.750	
896	0.24	44.800	
897	0.42	44.851	
898	0.80	44.900	
899	1.12	44.950	
900	1.56	45.000	
901	2.12	45.050	
902	2.80	45.100	
903	4.02	45.158	
904	4.34	45.200	
905	5.02	45.250	
906	5.78	45.300	
907	6.42	45.350	
908	6.88	45.400	
909	7.06	45.450	
910	7.06	45.500	
911	7.04	45.550	
912	7.04	45.600	
913	7.02	45.650	
914	7.02	45.700	
915	7.00	45.750	
916	7.00	45.800	
917	6.98	45.850	
918	6.98	45.900	
919	6.98	45.950	
920	6.98	46.000	
921	6.96	46.050	
922	6.96	46.100	
923	6.96	46.150	
924	6.96	46.200	
925	6.96	46.250	
926	6.96	46.300	
927	6.94	46.350	
928	6.94	46.400	
929	6.94	46.450	
930	6.94	46.500	
931	6.94	46.550	
932	6.94	46.600	
933	6.94	46.650	
934	6.94	46.700	
935	6.94	46.750	
936	6.94	46.800	
937	6.94	46.851	
938	6.94	46.900	
939	6.94	46.950	
940	6.92	47.000	
941	6.92	47.050	
942	6.92	47.101	
943	6.92	47.150	
944	6.92	47.200	
945	6.92	47.250	
946	6.92	47.300	
947	6.92	47.350	
948	6.92	47.400	
949	6.92	47.450	
950	6.92	47.500	
951	6.92	47.551	
952	6.92	47.600	
953	6.92	47.650	
954	6.90	47.700	
955	6.90	47.750	
956	6.90	47.800	
957	6.90	47.850	
958	6.90	47.900	
959	6.90	47.950	
960	6.90	48.000	
961	6.90	48.050	
962	6.90	48.100	
963	6.90	48.150	
964	6.90	48.200	
965	6.70	48.250	
966	5.72	48.300	
967	4.70	48.350	
968	3.84	48.400	
969	3.00	48.450	
970	1.92	48.504	
971	1.70	48.550	
972	1.22	48.600	
973	0.82	48.650	
974	0.62	48.700	
975	0.48	48.750	
976	0.42	48.800	
977	0.36	48.850	
978	0.32	48.900	
979	0.32	48.950	
980	0.32	49.000	
981	0.30	49.050	
982	0.26	49.101	
983	0.22	49.151	
984	0.22	49.200	
985	0.22	49.250	
986	0.22	49.300	
987	0.22	49.350	
988	0.20	49.400	
989	0.20	49.450	
990	0.20	49.500	
991	0.20	49.550	
992	0.20	49.600	
993	0.20	49.650	
994	0.20	49.700	
995	0.20	49.750	
996	0.20	49.800	
997	0.20	49.850	
998	0.20	49.900	
999	0.20	49.951	
1000	0.20	50.001	
1001	0.20	50.050	
1002	0.20	50.106	
1003	0.20	50.150	
1004	0.20	50.200	
1005	0.20	50.250	
1006	0.20	50.300	
1007	0.20	50.350	
1008	0.20	50.400	
1009	0.20	50.450	
1010	0.20	50.501	
1011	0.20	50.550	
1012	0.20	50.600	
1013	0.20	50.650	
1014	0.20	50.701	
1015	0.20	50.750	
1016	0.20	50.800	
1017	0.20	50.851	
1018	0.18	50.900	
1019	0.18	50.951	
1020	0.20	51.000	
1021	0.20	51.050	
1022	0.20	51.100	
1023	0.20	51.150	
1024	0.18	51.200	
1025	0.20	51.250	
1026	0.18	51.300	
1027	0.18	51.350	
1028	0.18	51.400	
1029	0.18	51.450	
1030	0.18	51.500	
1031	0.20	51.550	
1032	0.18	51.600	
1033	0.18	51.650	
1034	0.18	51.700	
1035	0.18	51.751	
1036	0.18	51.800	
1037	0.18	51.851	
1038	0.18	51.900	
1039	0.18	51.950	
1040	0.18	52.000	
1041	0.18	52.050	
1042	0.18	52.100	
1043	0.18	52.150	
1044	0.18	52.200	
1045	0.18	52.250	
1046	0.20	52.300	
1047	0.20	52.350	
1048	0.36	52.400	
1049	0.66	52.450	
1050	1.02	52.500	
1051	1.40	52.550	
1052	1.94	52.600	
1053	2.58	52.650	
1054	3.16	52.700	
1055	3.94	52.750	
1056	4.80	52.800	
1057	5.56	52.850	
1058	6.20	52.900	
1059	6.72	52.951	
1060	6.98	53.001	
1061	7.02	53.051	
1062	7.00	53.100	
1063	6.98	53.150	
1064	6.96	53.201	
1065	6.96	53.250	
1066	6.94	53.300	
1067	6.94	53.351	
1068	6.94	53.400	
1069	6.94	53.450	
1070	6.92	53.500	
1071	6.92	53.550	
1072	6.92	53.600	
1073	6.90	53.650	
1074	6.90	53.700	
1075	6.90	53.750	
1076	6.90	53.800	
1077	6.90	53.850	
1078	6.90	53.900	
1079	6.88	53.950	
1080	6.88	54.000	
1081	6.88	54.050	
1082	6.88	54.100	
1083	6.88	54.151	
1084	6.88	54.200	
1085	6.88	54.250	
1086	6.88	54.300	
1087	6.88	54.350	
1088	6.88	54.400	
1089	6.88	54.450	
1090	6.88	54.500	
1091	6.86	54.550	
1092	6.86	54.600	
1093	6.86	54.650	
1094	6.86	54.700	
1095	6.86	54.750	
1096	6.86	54.800	
1097	6.86	54.850	
1098	6.86	54.900	
1099	6.86	54.950	
1100	6.86	55.000	
1101	6.86	55.050	
1102	6.86	55.100	
1103	6.86	55.160	
1104	6.86	55.200	
1105	6.86	55.250	
1106	6.86	55.300	
1107	6.84	55.350	
1108	6.84	55.400	
1109	6.86	55.450	
1110	6.84	55.500	
1111	6.84	55.551	
1112	6.84	55.600	
1113	6.84	55.650	
1114	6.84	55.706	
1115	6.84	55.750	
1116	6.84	55.800	
1117	6.84	55.850	
1118	6.84	55.900	
1119	6.84	55.950	
1120	6.84	56.000	
1121	6.84	56.051	
1122	6.84	56.101	
1123	6.36	56.150	
1124	5.34	56.200	
1125	4.36	56.250	
1126	3.56	56.300	
1127	2.76	56.351	
1128	2.14	56.400	
1129	1.56	56.450	
1130	1.06	56.500	
1131	0.72	56.550	
1132	0.54	56.600	
1133	0.44	56.650	
1134	0.40	56.700	
1135	0.34	56.750	
1136	0.32	56.800	
1137	0.30	56.850	
1138	0.32	56.900	
1139	0.30	56.950	
1140	0.26	57.000	
1141	0.24	57.050	
1142	0.22	57.100	
1143	0.22	57.150	
1144	0.22	57.200	
1145	0.22	57.250	
1146	0.22	57.300	
1147	0.22	57.350	
1148	0.22	57.400	
1149	0.22	57.450	
1150	0.22	57.500	
1151	0.22	57.551	
1152	0.22	57.600	
1153	0.22	57.650	
1154	0.22	57.700	
1155	0.20	57.750	
1156	0.20	57.800	
1157	0.20	57.850	
1158	0.20	57.900	
1159	0.20	57.951	
1160	0.20	58.000	
1161	0.20	58.050	
1162	0.20	58.100	
1163	0.20	58.150	
1164	0.20	58.200	
1165	0.20	58.250	
1166	0.20	58.300	
1167	0.20	58.351	
1168	0.20	58.400	
1169	0.20	58.450	
1170	0.20	58.500	
1171	0.20	58.550	
1172	0.20	58.600	
1173	0.20	58.651	
1174	0.20	58.700	
1175	0.20	58.750	
1176	0.20	58.800	
1177	0.20	58.850	
1178	0.20	58.900	
1179	0.20	58.950	
1180	0.20	59.000	
1181	0.20	59.050	
1182	0.20	59.100	
1183	0.20	59.150	
1184	0.20	59.200	
1185	0.20	59.250	
1186	0.20	59.300	
1187	0.20	59.350	
1188	0.20	59.400	
1189	0.20	59.450	
1190	0.20	59.500	
1191	0.20	59.550	
1192	0.20	59.600	
1193	0.20	59.650	
1194	0.20	59.700	
1195	0.20	59.750	
1196	0.20	59.800	
1197	0.20	59.850	
1198	0.20	59.900	
1199	0.20	59.950	
1200	0.20	60.000	
1201	0.20	60.050	
1202	0.20	60.100	
1203	0.20	60.159	
1204	0.20	60.200	
1205	0.20	60.250	
1206	0.20	60.300	
1207	0.20	60.350	
1208	0.20	60.400	
1209	0.20	60.450	
1210	0.20	60.500	
1211	0.20	60.550	
1212	0.20	60.600	
1213	0.20	60.650	
1214	0.20	60.700	
1215	0.20	60.750	
1216	0.20	60.800	
1217	0.20	60.850	
1218	0.20	60.900	
1219	0.20	60.950	
1220	0.18	61.000	
1221	0.20	61.050	
1222	0.20	61.100	
1223	0.18	61.150	
1224	0.18	61.200	
1225	0.20	61.250	
1226	0.20	61.300	
1227	0.20	61.350	
1228	0.34	61.400	
1229	0.60	61.450	
1230	0.98	61.501	
1231	1.40	61.550	
1232	1.92	61.600	
1233	2.58	61.650	
1234	3.14	61.700	
1235	3.88	61.750	
1236	4.74	61.800	
1237	5.50	61.850	
1238	6.18	61.900	
1239	6.72	61.950	
1240	7.02	62.000	
1241	7.08	62.050	
1242	7.06	62.100	
1243	7.04	62.150	
1244	7.02	62.200	
1245	7.02	62.250	
1246	7.02	62.300	
1247	7.00	62.351	
1248	7.00	62.401	
1249	6.98	62.450	
1250	6.98	62.500	
1251	6.98	62.551	
1252	6.96	62.600	
1253	6.98	62.650	
1254	6.96	62.700	
1255	6.96	62.750	
1256	6.96	62.800	
1257	6.96	62.850	
1258	6.94	62.900	
1259	6.94	62.950	
1260	6.94	63.001	
1261	6.94	63.050	
1262	6.94	63.100	
1263	6.94	63.150	
1264	6.94	63.200	
1265	6.94	63.251	
1266	6.94	63.301	
1267	6.92	63.350	
1268	6.92	63.400	
1269	6.92	63.450	
1270	6.92	63.500	
1271	6.92	63.550	
1272	6.92	63.600	
1273	6.92	63.650	
1274	6.92	63.700	
1275	6.92	63.750	
1276	6.92	63.800	
1277	6.92	63.850	
1278	6.92	63.900	
1279	6.92	63.950	
1280	6.92	64.000	
1281	6.92	64.050	
1282	6.92	64.100	
1283	6.90	64.150	
1284	6.92	64.200	
1285	6.90	64.250	
1286	6.92	64.300	
1287	6.90	64.350	
1288	6.90	64.400	
1289	6.90	64.450	
1290	6.90	64.500	
1291	6.90	64.550	
1292	6.90	64.600	
1293	6.90	64.650	
1294	6.90	64.700	
1295	6.90	64.750	
1296	6.90	64.800	
1297	6.90	64.850	
1298	6.90	64.900	
1299	6.90	64.950	
1300	6.90	65.000	
1301	6.72	65.050	
1302	5.74	65.100	
1303	3.64	65.200	
1304	3.06	65.250	
1305	2.42	65.300	
1306	1.78	65.350	
1307	1.26	65.400	
1308	0.88	65.450	
1309	0.66	65.500	
1310	0.52	65.550	
1311	0.44	65.600	
1312	0.38	65.650	
1313	0.34	65.700	
1314	0.34	65.750	
1315	0.34	65.800	
1316	0.34	65.851	
1317	0.28	65.900	
1318	0.26	65.951	
1319	0.24	66.000	
1320	0.24	66.050	
1321	0.24	66.100	
1322	0.24	66.150	
1323	0.24	66.200	
1324	0.24	66.250	
1325	0.24	66.300	
1326	0.22	66.350	
1327	0.22	66.400	
1328	0.22	66.450	
1329	0.22	66.500	
1330	0.22	66.550	
1331	0.22	66.600	
1332	0.22	66.650	
1333	0.22	66.700	
1334	0.22	66.750	
1335	0.22	66.800	
1336	0.22	66.851	
1337	0.22	66.900	
1338	0.22	66.950	
1339	0.22	67.000	
1340	0.22	67.050	
1341	0.22	67.100	
1342	0.22	67.150	
1343	0.22	67.200	
1344	0.22	67.250	
1345	0.22	67.300	
1346	0.22	67.350	
1347	0.22	67.400	
1348	0.22	67.450	
1349	0.20	67.500	
1350	0.20	67.550	
1351	0.22	67.600	
1352	0.20	67.662	
1353	0.20	67.700	
1354	0.20	67.753	
1355	0.20	67.800	
1356	0.20	67.850	
1357	0.20	67.900	
1358	0.20	67.950	
1359	0.20	68.000	
1360	0.20	68.050	
1361	0.20	68.100	
1362	0.20	68.150	
1363	0.20	68.200	
1364	0.20	68.250	
1365	0.20	68.300	
1366	0.20	68.350	
1367	0.20	68.400	
1368	0.20	68.450	
1369	0.20	68.500	
1370	0.20	68.550	
1371	0.20	68.600	
1372	0.20	68.650	
1373	0.20	68.700	
1374	0.20	68.750	
1375	0.20	68.800	
1376	0.20	68.850	
1377	0.20	68.900	
1378	0.20	68.950	
1379	0.20	69.000	
1380	0.20	69.050	
1381	0.20	69.100	
1382	0.20	69.150	
1383	0.20	69.200	
1384	0.20	69.250	
1385	0.20	69.300	
1386	0.20	69.350	
1387	0.20	69.400	
1388	0.20	69.450	
1389	0.20	69.500	
1390	0.30	69.550	
1391	0.50	69.600	
1392	0.86	69.650	
1393	1.20	69.700	
1394	1.68	69.750	
1395	2.28	69.800	
1396	2.96	69.850	
1397	3.54	69.901	
1398	4.40	69.950	
1399	5.18	70.000	
1400	5.90	70.050	
1401	6.48	70.100	
1402	7.00	70.164	
1403	7.00	70.200	
1404	6.96	70.255	
1405	6.96	70.300	
1406	6.94	70.350	
1407	6.94	70.401	
1408	6.92	70.450	
1409	6.92	70.501	
1410	6.92	70.550	
1411	6.90	70.600	
1412	6.90	70.651	
1413	6.90	70.700	
1414	6.88	70.750	
1415	6.88	70.800	
1416	6.88	70.850	
1417	6.88	70.900	
1418	6.88	70.950	
1419	6.88	71.000	
1420	6.88	71.050	
1421	6.86	71.100	
1422	6.86	71.151	
1423	6.86	71.200	
1424	6.86	71.250	
1425	6.86	71.300	
1426	6.86	71.350	
1427	6.86	71.400	
1428	6.86	71.450	
1429	6.84	71.500	
1430	6.84	71.550	
1431	6.84	71.600	
1432	6.84	71.651	
1433	6.84	71.701	
1434	6.84	71.750	
1435	6.84	71.800	
1436	6.84	71.850	
1437	6.84	71.900	
1438	6.84	71.950	
1439	6.84	72.000	
1440	6.84	72.050	
1441	6.84	72.100	
1442	6.84	72.150	
1443	6.82	72.200	
1444	6.82	72.250	
1445	6.82	72.300	
1446	6.82	72.350	
1447	6.82	72.400	
1448	6.82	72.450	
1449	6.82	72.500	
1450	6.82	72.550	
1451	6.82	72.600	
1452	6.82	72.660	
1453	6.82	72.700	
1454	6.82	72.754	
1455	6.82	72.800	
1456	6.82	72.850	
1457	6.82	72.901	
1458	6.82	72.950	
1459	6.82	73.000	
1460	6.82	73.050	
1461	6.82	73.100	
1462	6.82	73.150	
1463	6.82	73.200	
1464	6.82	73.250	
1465	6.82	73.300	
1466	6.82	73.350	
1467	6.82	73.400	
1468	6.82	73.451	
1469	6.80	73.500	
1470	6.82	73.550	
1471	6.82	73.600	
1472	6.80	73.650	
1473	6.82	73.700	
1474	6.70	73.750	
1475	5.78	73.800	
1476	4.76	73.850	
1477	3.90	73.900	
1478	3.08	73.950	
1479	2.44	74.000	
1480	1.80	74.050	
1481	1.26	74.100	
1482	0.86	74.150	
1483	0.64	74.200	
1484	0.50	74.251	
1485	0.44	74.300	
1486	0.38	74.350	
1487	0.34	74.400	
1488	0.34	74.450	
1489	0.32	74.500	
1490	0.32	74.550	
1491	0.28	74.601	
1492	0.26	74.650	
1493	0.24	74.700	
1494	0.24	74.750	
1495	0.24	74.800	
1496	0.24	74.850	
1497	0.24	74.900	
1498	0.24	74.950	
1499	0.24	75.000	
1500	0.24	75.050	
1501	0.24	75.101	
1502	0.24	75.150	
1503	0.22	75.200	
1504	0.24	75.251	
1505	0.22	75.300	
1506	0.24	75.350	
1507	0.22	75.400	
1508	0.22	75.450	
1509	0.22	75.500	
1510	0.22	75.550	
1511	0.22	75.601	
1512	0.22	75.650	
1513	0.22	75.700	
1514	0.22	75.750	
1515	0.22	75.800	
1516	0.22	75.850	
1517	0.22	75.900	
1518	0.22	75.950	
1519	0.22	76.000	
1520	0.22	76.050	
1521	0.22	76.100	
1522	0.22	76.150	
1523	0.22	76.201	
1524	0.22	76.250	
1525	0.22	76.300	
1526	0.22	76.350	
1527	0.22	76.400	
1528	0.22	76.451	
1529	0.22	76.501	
1530	0.22	76.550	
1531	0.22	76.600	
1532	0.22	76.651	
1533	0.22	76.701	
1534	0.22	76.750	
1535	0.20	76.800	
1536	0.20	76.850	
1537	0.22	76.900	
1538	0.22	76.950	
1539	0.20	77.000	
1540	0.20	77.050	
1541	0.20	77.100	
1542	0.20	77.151	
1543	0.22	77.201	
1544	0.20	77.250	
1545	0.20	77.300	
1546	0.20	77.350	
1547	0.20	77.400	
1548	0.20	77.450	
1549	0.20	77.501	
1550	0.20	77.550	
1551	0.20	77.601	
1552	0.20	77.650	
1553	0.20	77.700	
1554	0.20	77.750	
1555	0.20	77.800	
1556	0.20	77.850	
1557	0.20	77.900	
1558	0.20	77.950	
1559	0.20	78.000	
1560	0.20	78.050	
1561	0.20	78.101	
1562	0.20	78.150	
1563	0.20	78.200	
1564	0.20	78.250	
1565	0.20	78.300	
1566	0.20	78.350	
1567	0.20	78.401	
1568	0.20	78.450	
1569	0.20	78.500	
1570	0.20	78.550	
1571	0.20	78.600	
1572	0.20	78.650	
1573	0.20	78.701	
1574	0.20	78.750	
1575	0.28	78.800	
1576	0.48	78.850	
1577	0.82	78.900	
1578	1.16	78.950	
1579	1.60	79.001	
1580	2.18	79.050	
1581	2.86	79.100	
1582	3.42	79.150	
1583	4.26	79.200	
1584	5.08	79.250	
1585	5.82	79.300	
1586	6.44	79.350	
1587	6.86	79.400	
1588	7.04	79.450	
1589	7.02	79.500	
1590	7.02	79.550	
1591	7.00	79.600	
1592	6.98	79.651	
1593	6.96	79.700	
1594	6.96	79.750	
1595	6.96	79.800	
1596	6.94	79.850	
1597	6.94	79.900	
1598	6.94	79.950	
1599	6.94	80.000	
1600	6.92	80.050	
1601	6.92	80.100	
1602	6.92	80.200	
1603	6.92	80.250	
1604	6.90	80.350	
1605	6.90	80.400	
1606	6.90	80.450	
1607	6.90	80.550	
1608	6.90	80.600	
1609	6.90	80.700	
1610	6.88	80.750	
1611	6.88	80.850	
1612	6.88	80.900	
1613	6.88	81.000	
1614	6.88	81.050	
1615	6.88	81.150	
1616	6.88	81.200	
1617	6.88	81.265	
1618	6.88	81.300	
1619	6.88	81.360	
1620	6.88	81.400	
1621	6.88	81.457	
1622	6.88	81.500	
1623	6.86	81.551	
1624	6.86	81.600	
1625	6.86	81.650	
1626	6.86	81.701	
1627	6.86	81.750	
1628	6.86	81.800	
1629	6.86	81.851	
1630	6.86	81.900	
1631	6.86	81.950	
1632	6.86	82.000	
1633	6.86	82.050	
1634	6.86	82.100	
1635	6.86	82.150	
1636	6.86	82.200	
1637	6.86	82.250	
1638	6.86	82.300	
1639	6.86	82.350	
1640	6.86	82.400	
1641	6.86	82.450	
1642	6.86	82.500	
1643	6.86	82.550	
1644	6.84	82.600	
1645	6.84	82.650	
1646	6.84	82.700	
1647	6.84	82.751	
1648	6.84	82.800	
1649	6.86	82.850	
1650	6.20	82.900	
1651	5.16	82.950	
1652	4.22	83.000	
1653	3.42	83.050	
1654	2.68	83.101	
1655	2.04	83.151	
1656	1.46	83.200	
1657	1.02	83.250	
1658	0.72	83.300	
1659	0.56	83.350	
1660	0.46	83.400	
1661	0.42	83.450	
1662	0.36	83.501	
1663	0.34	83.550	
1664	0.34	83.600	
1665	0.32	83.651	
1666	0.32	83.700	
1667	0.28	83.750	
1668	0.26	83.800	
1669	0.26	83.850	
1670	0.24	83.900	
1671	0.24	83.950	
1672	0.24	84.000	
1673	0.24	84.050	
1674	0.24	84.100	
1675	0.24	84.150	
1676	0.24	84.200	
1677	0.24	84.250	
1678	0.24	84.300	
1679	0.24	84.350	
1680	0.24	84.400	
1681	0.22	84.450	
1682	0.24	84.501	
1683	0.24	84.550	
1684	0.22	84.600	
1685	0.22	84.650	
1686	0.22	84.700	
1687	0.22	84.750	
1688	0.22	84.800	
1689	0.22	84.850	
1690	0.22	84.901	
1691	0.22	84.950	
1692	0.22	85.000	
1693	0.22	85.050	
1694	0.22	85.100	
1695	0.22	85.150	
1696	0.22	85.200	
1697	0.22	85.250	
1698	0.22	85.300	
1699	0.22	85.350	
1700	0.22	85.401	
1701	0.22	85.450	
1702	0.22	85.500	
1703	0.22	85.550	
