7/24/2024  3:28 PM
Units: N
Readings: Continuous
X-Axis: Time

Reading	Load	Time	
1	0.04	0.000	
2	0.02	0.101	
3	0.04	0.142	
4	0.02	0.192	
5	0.02	0.242	
6	0.04	0.292	
7	0.04	0.342	
8	0.04	0.392	
9	0.04	0.442	
10	0.04	0.493	
11	0.04	0.542	
12	0.04	0.592	
13	0.04	0.642	
14	0.04	0.692	
15	0.02	0.742	
16	0.04	0.792	
17	0.04	0.842	
18	0.04	0.893	
19	0.04	0.942	
20	0.04	0.992	
21	0.04	1.042	
22	0.04	1.092	
23	0.04	1.142	
24	0.04	1.192	
25	0.04	1.242	
26	0.04	1.292	
27	0.04	1.342	
28	0.04	1.393	
29	0.04	1.443	
30	0.04	1.492	
31	0.04	1.542	
32	0.04	1.592	
33	0.04	1.642	
34	0.04	1.692	
35	0.04	1.742	
36	0.04	1.792	
37	0.04	1.842	
38	0.04	1.892	
39	0.04	1.942	
40	0.04	1.992	
41	0.04	2.042	
42	0.04	2.092	
43	0.04	2.142	
44	0.04	2.192	
45	0.04	2.242	
46	0.04	2.292	
47	0.04	2.342	
48	0.04	2.392	
49	0.04	2.442	
50	0.04	2.492	
51	0.04	2.542	
52	0.04	2.593	
53	0.04	2.642	
54	0.04	2.692	
55	0.04	2.742	
56	0.04	2.793	
57	0.04	2.842	
58	0.04	2.892	
59	0.04	2.942	
60	0.04	2.992	
61	0.04	3.042	
62	0.04	3.092	
63	0.04	3.142	
64	0.04	3.192	
65	0.04	3.242	
66	0.04	3.292	
67	0.04	3.343	
68	0.04	3.392	
69	0.04	3.442	
70	0.04	3.492	
71	0.04	3.542	
72	0.04	3.592	
73	0.04	3.642	
74	0.04	3.692	
75	0.04	3.742	
76	0.04	3.792	
77	0.04	3.842	
78	0.04	3.892	
79	0.04	3.943	
80	0.04	3.992	
81	0.04	4.042	
82	0.04	4.092	
83	0.04	4.142	
84	0.04	4.192	
85	0.06	4.242	
86	0.04	4.292	
87	0.04	4.342	
88	0.04	4.392	
89	0.04	4.442	
90	0.04	4.492	
91	0.04	4.542	
92	0.04	4.592	
93	0.04	4.642	
94	0.04	4.692	
95	0.04	4.742	
96	0.04	4.792	
97	0.04	4.842	
98	0.04	4.892	
99	0.04	4.942	
100	0.06	4.992	
101	0.04	5.043	
102	0.04	5.093	
103	0.06	5.143	
104	0.04	5.192	
105	0.04	5.242	
106	0.04	5.292	
107	0.04	5.342	
108	0.04	5.392	
109	0.04	5.442	
110	0.06	5.492	
111	0.04	5.542	
112	0.04	5.592	
113	0.04	5.642	
114	0.04	5.692	
115	0.06	5.742	
116	0.06	5.792	
117	0.06	5.842	
118	0.06	5.892	
119	0.06	5.942	
120	0.06	5.992	
121	0.04	6.043	
122	0.04	6.092	
123	0.04	6.143	
124	0.04	6.192	
125	0.04	6.242	
126	0.04	6.292	
127	0.04	6.342	
128	0.04	6.393	
129	0.04	6.442	
130	0.04	6.492	
131	0.04	6.542	
132	0.04	6.592	
133	0.04	6.643	
134	0.04	6.692	
135	0.04	6.742	
136	0.06	6.792	
137	0.04	6.842	
138	0.04	6.892	
139	0.04	6.942	
140	0.04	6.992	
141	0.04	7.043	
142	0.04	7.092	
143	0.04	7.142	
144	0.06	7.192	
145	0.04	7.242	
146	0.06	7.292	
147	0.04	7.343	
148	0.04	7.392	
149	0.06	7.442	
150	0.06	7.492	
151	0.04	7.542	
152	0.06	7.592	
153	0.04	7.642	
154	0.04	7.693	
155	0.06	7.742	
156	0.04	7.792	
157	0.06	7.842	
158	0.04	7.892	
159	0.04	7.942	
160	0.06	7.992	
161	0.04	8.043	
162	0.06	8.093	
163	0.04	8.142	
164	0.04	8.192	
165	0.06	8.242	
166	0.06	8.292	
167	0.04	8.343	
168	0.06	8.392	
169	0.04	8.442	
170	0.04	8.492	
171	0.06	8.542	
172	0.06	8.592	
173	0.06	8.642	
174	0.04	8.692	
175	0.04	8.743	
176	0.04	8.793	
177	0.04	8.842	
178	0.04	8.892	
179	0.04	8.942	
180	0.04	8.992	
181	0.04	9.042	
182	0.06	9.092	
183	0.04	9.142	
184	0.06	9.192	
185	0.04	9.242	
186	0.04	9.292	
187	0.06	9.342	
188	0.06	9.392	
189	0.12	9.442	
190	0.46	9.492	
191	0.88	9.543	
192	1.34	9.592	
193	1.88	9.642	
194	2.50	9.692	
195	3.12	9.742	
196	3.74	9.792	
197	4.50	9.842	
198	5.94	9.892	
199	7.10	9.942	
200	8.00	9.992	
201	8.62	10.042	
202	8.90	10.092	
203	8.90	10.142	
204	8.86	10.192	
205	8.84	10.242	
206	8.82	10.292	
207	8.82	10.342	
208	8.80	10.392	
209	8.80	10.442	
210	8.78	10.492	
211	8.78	10.542	
212	8.76	10.592	
213	8.76	10.642	
214	8.74	10.692	
215	8.74	10.742	
216	8.74	10.792	
217	8.74	10.842	
218	8.72	10.892	
219	8.72	10.943	
220	8.72	10.992	
221	8.72	11.042	
222	8.72	11.092	
223	8.70	11.142	
224	8.70	11.192	
225	8.70	11.242	
226	8.70	11.292	
227	8.70	11.342	
228	8.68	11.393	
229	8.68	11.442	
230	8.70	11.492	
231	8.68	11.542	
232	8.68	11.592	
233	8.68	11.642	
234	8.68	11.692	
235	8.68	11.742	
236	8.66	11.792	
237	8.66	11.842	
238	8.66	11.893	
239	8.66	11.942	
240	8.66	11.992	
241	8.66	12.042	
242	8.66	12.093	
243	8.66	12.142	
244	8.66	12.192	
245	8.66	12.242	
246	8.66	12.292	
247	8.66	12.342	
248	8.66	12.392	
249	8.66	12.442	
250	8.64	12.492	
251	8.64	12.542	
252	8.64	12.592	
253	8.64	12.642	
254	8.64	12.692	
255	8.64	12.742	
256	8.64	12.793	
257	8.64	12.842	
258	8.64	12.892	
259	8.64	12.942	
260	8.64	12.992	
261	8.64	13.042	
262	8.62	13.092	
263	8.52	13.142	
264	7.52	13.192	
265	6.52	13.242	
266	5.42	13.292	
267	4.22	13.343	
268	3.22	13.392	
269	2.36	13.442	
270	1.64	13.492	
271	1.12	13.542	
272	0.72	13.592	
273	0.56	13.642	
274	0.54	13.692	
275	0.52	13.743	
276	0.52	13.792	
277	0.50	13.842	
278	0.48	13.893	
279	0.40	13.942	
280	0.24	13.992	
281	0.14	14.042	
282	0.14	14.093	
283	0.12	14.142	
284	0.12	14.192	
285	0.12	14.243	
286	0.10	14.293	
287	0.10	14.342	
288	0.10	14.392	
289	0.10	14.442	
290	0.10	14.492	
291	0.10	14.542	
292	0.10	14.592	
293	0.10	14.642	
294	0.10	14.692	
295	0.10	14.742	
296	0.10	14.793	
297	0.08	14.842	
298	0.10	14.892	
299	0.08	14.942	
300	0.08	14.993	
301	0.08	15.042	
302	0.08	15.092	
303	0.08	15.142	
304	0.10	15.192	
305	0.10	15.242	
306	0.08	15.292	
307	0.08	15.342	
308	0.08	15.392	
309	0.08	15.442	
310	0.08	15.493	
311	0.08	15.542	
312	0.08	15.592	
313	0.08	15.642	
314	0.08	15.692	
315	0.08	15.742	
316	0.08	15.792	
317	0.08	15.842	
318	0.08	15.892	
319	0.08	15.942	
320	0.08	15.992	
321	0.08	16.042	
322	0.08	16.092	
323	0.08	16.143	
324	0.08	16.192	
325	0.08	16.243	
326	0.08	16.292	
327	0.08	16.342	
328	0.08	16.392	
329	0.08	16.442	
330	0.08	16.492	
331	0.08	16.542	
332	0.08	16.592	
333	0.08	16.642	
334	0.08	16.693	
335	0.08	16.742	
336	0.08	16.792	
337	0.08	16.843	
338	0.08	16.892	
339	0.08	16.942	
340	0.08	16.992	
341	0.08	17.042	
342	0.08	17.092	
343	0.08	17.142	
344	0.08	17.192	
345	0.08	17.242	
346	0.08	17.292	
347	0.08	17.342	
348	0.08	17.392	
349	0.08	17.442	
350	0.08	17.492	
351	0.08	17.542	
352	0.08	17.592	
353	0.08	17.642	
354	0.08	17.692	
355	0.08	17.742	
356	0.08	17.792	
357	0.08	17.842	
358	0.08	17.892	
359	0.08	17.942	
360	0.08	17.992	
361	0.08	18.042	
362	0.08	18.092	
363	0.08	18.142	
364	0.08	18.192	
365	0.08	18.242	
366	0.08	18.293	
367	0.08	18.342	
368	0.08	18.392	
369	0.08	18.442	
370	0.08	18.492	
371	0.08	18.542	
372	0.08	18.593	
373	0.14	18.642	
374	0.42	18.692	
375	0.84	18.742	
376	1.28	18.793	
377	1.82	18.842	
378	2.38	18.892	
379	3.02	18.942	
380	3.64	18.992	
381	4.34	19.042	
382	5.70	19.092	
383	6.84	19.142	
384	7.76	19.192	
385	8.40	19.242	
386	8.72	19.293	
387	8.74	19.342	
388	8.72	19.392	
389	8.70	19.442	
390	8.68	19.492	
391	8.66	19.542	
392	8.66	19.592	
393	8.64	19.642	
394	8.64	19.692	
395	8.62	19.742	
396	8.62	19.792	
397	8.62	19.842	
398	8.60	19.892	
399	8.60	19.942	
400	8.60	19.992	
401	8.60	20.042	
402	8.60	20.092	
403	8.58	20.142	
404	8.58	20.192	
405	8.58	20.242	
406	8.58	20.293	
407	8.56	20.343	
408	8.56	20.393	
409	8.56	20.442	
410	8.56	20.492	
411	8.56	20.542	
412	8.56	20.592	
413	8.56	20.642	
414	8.54	20.692	
415	8.54	20.742	
416	8.54	20.792	
417	8.54	20.842	
418	8.54	20.892	
419	8.54	20.942	
420	8.54	20.992	
421	8.54	21.042	
422	8.54	21.092	
423	8.54	21.142	
424	8.52	21.192	
425	8.52	21.242	
426	8.52	21.292	
427	8.52	21.342	
428	8.52	21.392	
429	8.52	21.442	
430	8.52	21.492	
431	8.52	21.542	
432	8.52	21.592	
433	8.52	21.642	
434	8.52	21.692	
435	8.52	21.742	
436	8.50	21.792	
437	8.52	21.842	
438	8.02	21.892	
439	6.96	21.942	
440	5.94	21.992	
441	4.78	22.042	
442	3.78	22.092	
443	2.80	22.143	
444	1.96	22.192	
445	1.40	22.242	
446	0.92	22.292	
447	0.62	22.342	
448	0.56	22.392	
449	0.54	22.442	
450	0.52	22.492	
451	0.52	22.542	
452	0.48	22.593	
453	0.46	22.643	
454	0.34	22.692	
455	0.18	22.742	
456	0.14	22.792	
457	0.14	22.842	
458	0.12	22.892	
459	0.12	22.942	
460	0.12	22.992	
461	0.10	23.042	
462	0.10	23.092	
463	0.10	23.142	
464	0.10	23.192	
465	0.10	23.242	
466	0.10	23.292	
467	0.10	23.342	
468	0.10	23.392	
469	0.10	23.442	
470	0.10	23.492	
471	0.10	23.542	
472	0.10	23.592	
473	0.10	23.642	
474	0.10	23.692	
475	0.10	23.742	
476	0.10	23.792	
477	0.10	23.842	
478	0.10	23.892	
479	0.10	23.942	
480	0.10	23.992	
481	0.08	24.042	
482	0.10	24.092	
483	0.10	24.142	
484	0.08	24.192	
485	0.08	24.242	
486	0.10	24.292	
487	0.08	24.342	
488	0.08	24.392	
489	0.10	24.442	
490	0.10	24.492	
491	0.08	24.542	
492	0.08	24.592	
493	0.08	24.642	
494	0.08	24.692	
495	0.10	24.742	
496	0.08	24.792	
497	0.08	24.842	
498	0.08	24.892	
499	0.08	24.942	
500	0.08	24.992	
501	0.08	25.042	
502	0.08	25.092	
503	0.08	25.142	
504	0.08	25.192	
505	0.08	25.242	
506	0.08	25.292	
507	0.08	25.342	
508	0.08	25.392	
509	0.08	25.442	
510	0.08	25.492	
511	0.08	25.543	
512	0.08	25.592	
513	0.08	25.642	
514	0.08	25.692	
515	0.08	25.742	
516	0.08	25.792	
517	0.08	25.842	
518	0.08	25.892	
519	0.08	25.942	
520	0.08	25.992	
521	0.08	26.042	
522	0.08	26.092	
523	0.08	26.142	
524	0.08	26.192	
525	0.08	26.242	
526	0.08	26.292	
527	0.08	26.343	
528	0.08	26.392	
529	0.08	26.442	
530	0.08	26.493	
531	0.08	26.542	
532	0.08	26.592	
533	0.08	26.642	
534	0.08	26.692	
535	0.10	26.742	
536	0.08	26.792	
537	0.26	26.842	
538	0.66	26.893	
539	1.06	26.942	
540	1.56	26.992	
541	2.12	27.042	
542	2.72	27.092	
543	3.32	27.142	
544	3.98	27.192	
545	5.04	27.242	
546	6.30	27.292	
547	7.34	27.342	
548	8.06	27.392	
549	8.52	27.442	
550	8.66	27.492	
551	8.62	27.542	
552	8.62	27.592	
553	8.60	27.642	
554	8.58	27.692	
555	8.56	27.742	
556	8.56	27.792	
557	8.54	27.842	
558	8.54	27.892	
559	8.54	27.942	
560	8.52	27.992	
561	8.52	28.042	
562	8.52	28.092	
563	8.50	28.142	
564	8.50	28.192	
565	8.50	28.242	
566	8.50	28.292	
567	8.48	28.343	
568	8.48	28.392	
569	8.48	28.442	
570	8.48	28.492	
571	8.48	28.542	
572	8.48	28.592	
573	8.48	28.642	
574	8.46	28.692	
575	8.46	28.743	
576	8.46	28.792	
577	8.46	28.842	
578	8.46	28.892	
579	8.46	28.942	
580	8.46	28.992	
581	8.46	29.042	
582	8.46	29.092	
583	8.44	29.142	
584	8.44	29.193	
585	8.44	29.242	
586	8.44	29.292	
587	8.44	29.342	
588	8.44	29.392	
589	8.44	29.442	
590	8.44	29.492	
591	8.44	29.542	
592	8.42	29.592	
593	8.42	29.642	
594	8.42	29.692	
595	8.42	29.742	
596	8.42	29.792	
597	8.42	29.842	
598	8.42	29.892	
599	8.42	29.943	
600	8.42	29.992	
601	8.42	30.042	
602	8.42	30.092	
603	8.42	30.142	
604	8.42	30.192	
605	8.42	30.242	
606	8.42	30.292	
607	8.42	30.342	
608	8.42	30.392	
609	7.80	30.442	
610	6.12	30.492	
611	5.78	30.542	
612	4.66	30.592	
613	3.66	30.642	
614	2.72	30.692	
615	1.90	30.742	
616	1.32	30.792	
617	0.86	30.842	
618	0.62	30.893	
619	0.58	30.942	
620	0.56	30.992	
621	0.54	31.042	
622	0.54	31.092	
623	0.52	31.142	
624	0.48	31.192	
625	0.34	31.243	
626	0.18	31.292	
627	0.16	31.342	
628	0.14	31.392	
629	0.12	31.442	
630	0.12	31.492	
631	0.12	31.542	
632	0.12	31.593	
633	0.10	31.642	
634	0.10	31.692	
635	0.10	31.742	
636	0.10	31.793	
637	0.10	31.842	
638	0.10	31.892	
639	0.10	31.942	
640	0.10	31.994	
641	0.10	32.042	
642	0.10	32.093	
643	0.10	32.142	
644	0.10	32.192	
645	0.10	32.242	
646	0.10	32.292	
647	0.10	32.342	
648	0.10	32.392	
649	0.10	32.442	
650	0.10	32.492	
651	0.10	32.542	
652	0.08	32.592	
653	0.08	32.642	
654	0.08	32.692	
655	0.10	32.742	
656	0.10	32.792	
657	0.10	32.842	
658	0.10	32.892	
659	0.10	32.942	
660	0.08	32.992	
661	0.10	33.042	
662	0.08	33.092	
663	0.08	33.142	
664	0.08	33.192	
665	0.08	33.242	
666	0.08	33.292	
667	0.08	33.342	
668	0.08	33.392	
669	0.08	33.442	
670	0.08	33.492	
671	0.08	33.542	
672	0.08	33.592	
673	0.08	33.642	
674	0.08	33.692	
675	0.08	33.742	
676	0.08	33.793	
677	0.08	33.842	
678	0.08	33.892	
679	0.08	33.942	
680	0.08	33.992	
681	0.08	34.042	
682	0.08	34.092	
683	0.08	34.142	
684	0.08	34.192	
685	0.08	34.242	
686	0.08	34.292	
687	0.08	34.342	
688	0.08	34.392	
689	0.08	34.442	
690	0.08	34.492	
691	0.08	34.542	
692	0.08	34.592	
693	0.08	34.642	
694	0.08	34.692	
695	0.08	34.742	
696	0.08	34.792	
697	0.08	34.842	
698	0.08	34.892	
699	0.08	34.942	
700	0.08	34.992	
701	0.08	35.042	
702	0.08	35.092	
703	0.08	35.142	
704	0.08	35.192	
705	0.08	35.242	
706	0.08	35.292	
707	0.08	35.343	
708	0.08	35.393	
709	0.08	35.442	
710	0.12	35.492	
711	0.40	35.542	
712	0.80	35.592	
713	1.22	35.642	
714	1.74	35.692	
715	2.34	35.742	
716	2.92	35.792	
717	3.54	35.842	
718	4.20	35.892	
719	5.50	35.943	
720	6.66	35.992	
721	7.56	36.042	
722	8.20	36.092	
723	8.54	36.142	
724	8.56	36.192	
725	8.54	36.243	
726	8.52	36.292	
727	8.50	36.342	
728	8.50	36.392	
729	8.48	36.443	
730	8.48	36.492	
731	8.46	36.542	
732	8.46	36.593	
733	8.46	36.642	
734	8.44	36.692	
735	8.44	36.742	
736	8.44	36.792	
737	8.42	36.842	
738	8.42	36.892	
739	8.42	36.942	
740	8.42	36.992	
741	8.40	37.042	
742	8.40	37.092	
743	8.40	37.142	
744	8.40	37.192	
745	8.40	37.242	
746	8.40	37.292	
747	8.40	37.342	
748	8.40	37.392	
749	8.38	37.442	
750	8.38	37.492	
751	8.38	37.542	
752	8.38	37.592	
753	8.38	37.642	
754	8.38	37.692	
755	8.38	37.743	
756	8.38	37.792	
757	8.36	37.842	
758	8.36	37.892	
759	8.36	37.942	
760	8.36	37.992	
761	8.36	38.042	
762	8.36	38.092	
763	8.36	38.142	
764	8.36	38.192	
765	8.36	38.242	
766	8.34	38.292	
767	8.36	38.342	
768	8.34	38.392	
769	8.34	38.442	
770	8.34	38.492	
771	8.34	38.542	
772	8.34	38.593	
773	8.34	38.642	
774	8.34	38.692	
775	8.34	38.742	
776	8.34	38.792	
777	8.34	38.842	
778	8.34	38.892	
779	8.34	38.942	
780	7.58	38.993	
781	6.54	39.042	
782	5.58	39.092	
783	4.44	39.142	
784	3.52	39.192	
785	2.58	39.243	
786	1.78	39.292	
787	1.26	39.342	
788	0.82	39.392	
789	0.60	39.442	
790	0.58	39.492	
791	0.54	39.542	
792	0.54	39.592	
793	0.54	39.642	
794	0.50	39.692	
795	0.46	39.742	
796	0.32	39.792	
797	0.18	39.843	
798	0.16	39.892	
799	0.14	39.942	
800	0.14	39.992	
801	0.12	40.042	
802	0.12	40.092	
803	0.10	40.145	
804	0.10	40.192	
805	0.10	40.242	
806	0.10	40.292	
807	0.10	40.342	
808	0.10	40.392	
809	0.10	40.442	
810	0.10	40.492	
811	0.10	40.542	
812	0.10	40.592	
813	0.10	40.643	
814	0.10	40.692	
815	0.10	40.742	
816	0.10	40.795	
817	0.10	40.842	
818	0.10	40.892	
819	0.10	40.942	
820	0.10	40.992	
821	0.10	41.042	
822	0.10	41.092	
823	0.10	41.142	
824	0.10	41.192	
825	0.10	41.242	
826	0.10	41.293	
827	0.10	41.342	
828	0.10	41.392	
829	0.10	41.442	
830	0.10	41.492	
831	0.10	41.542	
832	0.10	41.593	
833	0.10	41.642	
834	0.10	41.692	
835	0.10	41.742	
836	0.10	41.792	
837	0.10	41.842	
838	0.08	41.892	
839	0.08	41.942	
840	0.10	41.992	
841	0.08	42.042	
842	0.08	42.092	
843	0.08	42.142	
844	0.10	42.192	
845	0.10	42.243	
846	0.10	42.292	
847	0.08	42.342	
848	0.10	42.392	
849	0.08	42.442	
850	0.10	42.492	
851	0.08	42.542	
852	0.08	42.592	
853	0.10	42.642	
854	0.08	42.692	
855	0.08	42.742	
856	0.08	42.792	
857	0.10	42.842	
858	0.10	42.892	
859	0.10	42.942	
860	0.10	42.992	
861	0.26	43.042	
862	0.66	43.092	
863	1.04	43.142	
864	1.54	43.192	
865	2.08	43.243	
866	2.68	43.292	
867	3.28	43.342	
868	3.92	43.392	
869	4.92	43.442	
870	6.18	43.492	
871	7.20	43.542	
872	7.92	43.593	
873	8.38	43.642	
874	8.48	43.692	
875	8.46	43.742	
876	8.44	43.792	
877	8.42	43.842	
878	8.40	43.892	
879	8.40	43.943	
880	8.38	43.992	
881	8.38	44.042	
882	8.38	44.092	
883	8.36	44.142	
884	8.36	44.192	
885	8.36	44.242	
886	8.34	44.292	
887	8.34	44.342	
888	8.34	44.392	
889	8.34	44.443	
890	8.32	44.492	
891	8.32	44.542	
892	8.32	44.592	
893	8.32	44.642	
894	8.32	44.692	
895	8.32	44.742	
896	8.30	44.792	
897	8.30	44.842	
898	8.30	44.892	
899	8.30	44.942	
900	8.30	44.992	
901	8.30	45.042	
902	8.30	45.092	
903	8.28	45.146	
904	8.28	45.192	
905	8.28	45.242	
906	8.28	45.292	
907	8.28	45.342	
908	8.28	45.392	
909	8.28	45.443	
910	8.28	45.492	
911	8.28	45.542	
912	8.28	45.592	
913	8.28	45.642	
914	8.26	45.693	
915	8.26	45.742	
916	8.26	45.792	
917	8.26	45.842	
918	8.26	45.892	
919	8.26	45.943	
920	8.26	45.992	
921	8.26	46.042	
922	8.26	46.093	
923	8.26	46.142	
924	8.26	46.193	
925	8.26	46.242	
926	8.26	46.293	
927	8.24	46.342	
928	8.26	46.392	
929	8.26	46.442	
930	8.26	46.492	
931	8.24	46.542	
932	7.98	46.592	
933	6.96	46.642	
934	5.94	46.693	
935	4.94	46.742	
936	3.86	46.792	
937	2.96	46.842	
938	2.10	46.892	
939	1.46	46.942	
940	0.96	46.992	
941	0.64	47.042	
942	0.58	47.092	
943	0.56	47.142	
944	0.54	47.192	
945	0.54	47.242	
946	0.52	47.292	
947	0.50	47.342	
948	0.38	47.392	
949	0.20	47.442	
950	0.16	47.492	
951	0.14	47.542	
952	0.14	47.592	
953	0.14	47.642	
954	0.12	47.692	
955	0.12	47.742	
956	0.12	47.793	
957	0.12	47.843	
958	0.12	47.893	
959	0.10	47.942	
960	0.10	47.993	
961	0.10	48.042	
962	0.12	48.092	
963	0.10	48.142	
964	0.10	48.192	
965	0.10	48.242	
966	0.10	48.292	
967	0.10	48.342	
968	0.10	48.392	
969	0.10	48.442	
970	0.10	48.492	
971	0.10	48.543	
972	0.10	48.592	
973	0.10	48.642	
974	0.10	48.692	
975	0.10	48.742	
976	0.10	48.793	
977	0.10	48.842	
978	0.10	48.892	
979	0.10	48.942	
980	0.10	48.992	
981	0.10	49.042	
982	0.10	49.092	
983	0.10	49.142	
984	0.10	49.192	
985	0.10	49.242	
986	0.10	49.292	
987	0.10	49.342	
988	0.10	49.392	
989	0.10	49.442	
990	0.10	49.492	
991	0.10	49.542	
992	0.10	49.592	
993	0.10	49.642	
994	0.10	49.692	
995	0.10	49.742	
996	0.10	49.792	
997	0.10	49.842	
998	0.10	49.893	
999	0.10	49.942	
1000	0.10	49.993	
1001	0.10	50.042	
1002	0.10	50.092	
1003	0.10	50.147	
1004	0.10	50.192	
1005	0.10	50.242	
1006	0.08	50.292	
1007	0.10	50.342	
1008	0.10	50.392	
1009	0.10	50.442	
1010	0.10	50.493	
1011	0.10	50.542	
1012	0.10	50.592	
1013	0.10	50.642	
1014	0.10	50.693	
1015	0.10	50.742	
1016	0.08	50.792	
1017	0.10	50.842	
1018	0.10	50.892	
1019	0.10	50.942	
1020	0.10	50.992	
1021	0.08	51.042	
1022	0.08	51.092	
1023	0.10	51.142	
1024	0.10	51.192	
1025	0.10	51.242	
1026	0.10	51.292	
1027	0.10	51.342	
1028	0.14	51.392	
1029	0.46	51.442	
1030	0.88	51.492	
1031	1.32	51.542	
1032	1.86	51.593	
1033	2.46	51.642	
1034	3.02	51.692	
1035	3.62	51.742	
1036	4.32	51.792	
1037	5.64	51.842	
1038	6.78	51.892	
1039	7.62	51.942	
1040	8.20	51.993	
1041	8.46	52.042	
1042	8.46	52.093	
1043	8.44	52.142	
1044	8.42	52.192	
1045	8.40	52.242	
1046	8.38	52.292	
1047	8.38	52.342	
1048	8.38	52.392	
1049	8.36	52.442	
1050	8.34	52.492	
1051	8.34	52.542	
1052	8.34	52.592	
1053	8.32	52.642	
1054	8.32	52.692	
1055	8.32	52.746	
1056	8.32	52.792	
1057	8.32	52.842	
1058	8.32	52.892	
1059	8.30	52.942	
1060	8.30	52.992	
1061	8.30	53.042	
1062	8.30	53.092	
1063	8.30	53.142	
1064	8.30	53.192	
1065	8.28	53.242	
1066	8.28	53.292	
1067	8.28	53.342	
1068	8.28	53.392	
1069	8.28	53.442	
1070	8.28	53.492	
1071	8.28	53.542	
1072	8.28	53.592	
1073	8.26	53.642	
1074	8.26	53.692	
1075	8.26	53.742	
1076	8.26	53.793	
1077	8.26	53.842	
1078	8.26	53.892	
1079	8.26	53.943	
1080	8.26	53.992	
1081	8.26	54.042	
1082	8.26	54.092	
1083	8.26	54.143	
1084	8.26	54.193	
1085	8.26	54.242	
1086	8.24	54.292	
1087	8.26	54.342	
1088	8.24	54.392	
1089	8.24	54.442	
1090	8.26	54.492	
1091	8.24	54.542	
1092	8.24	54.592	
1093	8.24	54.642	
1094	8.24	54.692	
1095	8.24	54.742	
1096	8.24	54.792	
1097	8.24	54.842	
1098	8.24	54.892	
1099	8.24	54.942	
1100	8.24	54.992	
1101	8.16	55.042	
1102	7.22	55.092	
1103	5.46	55.151	
1104	5.14	55.192	
1105	4.16	55.242	
1106	3.28	55.292	
1107	2.36	55.342	
1108	1.64	55.392	
1109	1.10	55.442	
1110	0.72	55.492	
1111	0.58	55.542	
1112	0.56	55.593	
1113	0.54	55.642	
1114	0.54	55.692	
1115	0.52	55.742	
1116	0.50	55.792	
1117	0.42	55.842	
1118	0.24	55.892	
1119	0.18	55.942	
1120	0.16	55.992	
1121	0.14	56.042	
1122	0.14	56.092	
1123	0.12	56.142	
1124	0.12	56.192	
1125	0.12	56.243	
1126	0.12	56.292	
1127	0.12	56.342	
1128	0.12	56.392	
1129	0.12	56.442	
1130	0.12	56.492	
1131	0.12	56.542	
1132	0.10	56.592	
1133	0.10	56.642	
1134	0.10	56.692	
1135	0.10	56.742	
1136	0.10	56.793	
1137	0.10	56.842	
1138	0.10	56.892	
1139	0.10	56.942	
1140	0.10	56.992	
1141	0.10	57.042	
1142	0.10	57.092	
1143	0.10	57.142	
1144	0.10	57.192	
1145	0.10	57.242	
1146	0.10	57.292	
1147	0.10	57.342	
1148	0.10	57.392	
1149	0.10	57.443	
1150	0.10	57.493	
1151	0.10	57.542	
1152	0.10	57.592	
1153	0.10	57.642	
1154	0.10	57.692	
1155	0.10	57.742	
1156	0.10	57.792	
1157	0.10	57.842	
1158	0.10	57.892	
1159	0.10	57.942	
1160	0.10	57.992	
1161	0.10	58.042	
1162	0.10	58.092	
1163	0.10	58.142	
1164	0.10	58.192	
1165	0.10	58.242	
1166	0.10	58.292	
1167	0.10	58.342	
1168	0.10	58.392	
1169	0.10	58.442	
1170	0.10	58.492	
1171	0.10	58.543	
1172	0.10	58.592	
1173	0.10	58.642	
1174	0.10	58.692	
1175	0.10	58.742	
1176	0.10	58.792	
1177	0.10	58.842	
1178	0.10	58.892	
1179	0.10	58.942	
1180	0.10	58.992	
1181	0.10	59.042	
1182	0.10	59.092	
1183	0.10	59.142	
1184	0.10	59.192	
1185	0.10	59.242	
1186	0.10	59.292	
1187	0.10	59.342	
1188	0.10	59.392	
1189	0.10	59.443	
1190	0.10	59.492	
1191	0.10	59.542	
1192	0.10	59.592	
1193	0.10	59.642	
1194	0.10	59.692	
1195	0.10	59.743	
1196	0.10	59.792	
1197	0.10	59.842	
1198	0.10	59.892	
1199	0.10	59.942	
1200	0.14	59.992	
1201	0.42	60.042	
1202	0.84	60.092	
1203	1.74	60.153	
1204	1.92	60.192	
1205	2.78	60.242	
1206	3.00	60.293	
1207	3.58	60.342	
1208	4.22	60.392	
1209	5.50	60.442	
1210	6.64	60.492	
1211	7.50	60.542	
1212	8.08	60.592	
1213	8.32	60.655	
1214	8.32	60.692	
1215	8.30	60.746	
1216	8.28	60.792	
1217	8.26	60.842	
1218	8.26	60.893	
1219	8.24	60.943	
1220	8.24	60.992	
1221	8.22	61.042	
1222	8.22	61.092	
1223	8.22	61.143	
1224	8.20	61.192	
1225	8.20	61.242	
1226	8.20	61.292	
1227	8.18	61.342	
1228	8.18	61.393	
1229	8.18	61.442	
1230	8.18	61.492	
1231	8.18	61.542	
1232	8.18	61.592	
1233	8.18	61.643	
1234	8.16	61.692	
1235	8.16	61.742	
1236	8.16	61.792	
1237	8.16	61.842	
1238	8.16	61.892	
1239	8.14	61.943	
1240	8.16	61.992	
1241	8.14	62.042	
1242	8.14	62.092	
1243	8.14	62.142	
1244	8.14	62.192	
1245	8.14	62.242	
1246	8.14	62.292	
1247	8.14	62.342	
1248	8.14	62.392	
1249	8.12	62.442	
1250	8.12	62.492	
1251	8.12	62.543	
1252	8.12	62.592	
1253	8.12	62.642	
1254	8.12	62.692	
1255	8.12	62.742	
1256	8.12	62.792	
1257	8.12	62.842	
1258	8.12	62.893	
1259	8.12	62.942	
1260	8.12	62.992	
1261	8.12	63.042	
1262	8.12	63.092	
1263	8.12	63.142	
1264	8.12	63.192	
1265	8.10	63.242	
1266	8.12	63.292	
1267	8.10	63.342	
1268	8.10	63.392	
1269	8.10	63.442	
1270	8.10	63.492	
1271	8.10	63.542	
1272	8.10	63.592	
1273	8.10	63.642	
1274	8.10	63.692	
1275	8.10	63.742	
1276	8.10	63.792	
1277	8.10	63.842	
1278	8.10	63.892	
1279	8.10	63.942	
1280	8.10	63.992	
1281	8.10	64.042	
1282	8.10	64.092	
1283	8.10	64.142	
1284	8.10	64.192	
1285	8.10	64.243	
1286	8.10	64.292	
1287	8.10	64.342	
1288	8.10	64.392	
1289	7.54	64.442	
1290	6.52	64.492	
1291	5.58	64.542	
1292	4.54	64.592	
1293	3.58	64.642	
1294	2.68	64.693	
1295	1.86	64.742	
1296	1.30	64.792	
1297	0.86	64.842	
1298	0.62	64.892	
1299	0.58	64.942	
1300	0.56	64.992	
1301	0.54	65.042	
1302	0.54	65.092	
1303	0.48	65.156	
1304	0.46	65.192	
1305	0.20	65.246	
1306	0.18	65.292	
1307	0.16	65.342	
1308	0.16	65.392	
1309	0.14	65.442	
1310	0.14	65.493	
1311	0.14	65.542	
1312	0.14	65.592	
1313	0.12	65.642	
1314	0.12	65.692	
1315	0.12	65.742	
1316	0.12	65.792	
1317	0.12	65.842	
1318	0.12	65.892	
1319	0.12	65.942	
1320	0.12	65.992	
1321	0.12	66.042	
1322	0.12	66.093	
1323	0.12	66.142	
1324	0.12	66.192	
1325	0.12	66.242	
1326	0.12	66.292	
1327	0.12	66.342	
1328	0.12	66.392	
1329	0.12	66.442	
1330	0.10	66.492	
1331	0.12	66.542	
1332	0.10	66.592	
1333	0.10	66.642	
1334	0.12	66.692	
1335	0.10	66.742	
1336	0.10	66.792	
1337	0.12	66.842	
1338	0.10	66.892	
1339	0.12	66.942	
1340	0.10	66.992	
1341	0.10	67.042	
1342	0.10	67.092	
1343	0.10	67.142	
1344	0.10	67.193	
1345	0.10	67.242	
1346	0.10	67.301	
1347	0.10	67.342	
1348	0.10	67.392	
1349	0.10	67.442	
1350	0.10	67.492	
1351	0.10	67.542	
1352	0.10	67.593	
1353	0.10	67.642	
1354	0.10	67.692	
1355	0.10	67.742	
1356	0.10	67.792	
1357	0.10	67.842	
1358	0.10	67.892	
1359	0.10	67.942	
1360	0.10	67.992	
1361	0.10	68.042	
1362	0.10	68.092	
1363	0.10	68.142	
1364	0.10	68.192	
1365	0.10	68.242	
1366	0.10	68.292	
1367	0.10	68.342	
1368	0.10	68.393	
1369	0.10	68.443	
1370	0.10	68.492	
1371	0.10	68.542	
1372	0.10	68.592	
1373	0.10	68.642	
1374	0.10	68.692	
1375	0.10	68.742	
1376	0.10	68.792	
1377	0.10	68.843	
1378	0.10	68.892	
1379	0.10	68.942	
1380	0.10	68.992	
1381	0.10	69.042	
1382	0.10	69.092	
1383	0.10	69.143	
1384	0.10	69.192	
1385	0.10	69.242	
1386	0.10	69.292	
1387	0.10	69.342	
1388	0.10	69.392	
1389	0.10	69.442	
1390	0.10	69.492	
1391	0.10	69.542	
1392	0.10	69.593	
1393	0.10	69.642	
1394	0.10	69.692	
1395	0.10	69.742	
1396	0.10	69.792	
1397	0.10	69.842	
1398	0.10	69.892	
1399	0.10	69.942	
1400	0.10	69.992	
1401	0.10	70.042	
1402	0.10	70.092	
1403	0.10	70.153	
1404	0.10	70.192	
1405	0.10	70.243	
1406	0.10	70.292	
1407	0.10	70.342	
1408	0.10	70.392	
1409	0.10	70.442	
1410	0.10	70.492	
1411	0.10	70.542	
1412	0.10	70.592	
1413	0.10	70.642	
1414	0.10	70.692	
1415	0.10	70.742	
1416	0.10	70.793	
1417	0.10	70.842	
1418	0.10	70.892	
1419	0.10	70.943	
1420	0.10	70.992	
1421	0.10	71.042	
1422	0.10	71.092	
1423	0.10	71.143	
1424	0.10	71.192	
1425	0.10	71.243	
1426	0.10	71.292	
1427	0.10	71.342	
1428	0.10	71.392	
1429	0.10	71.442	
1430	0.10	71.492	
1431	0.10	71.542	
1432	0.10	71.592	
1433	0.10	71.642	
1434	0.10	71.692	
1435	0.10	71.742	
1436	0.10	71.793	
1437	0.10	71.842	
1438	0.10	71.892	
1439	0.10	71.942	
1440	0.10	71.993	
1441	0.10	72.042	
1442	0.10	72.092	
1443	0.10	72.142	
1444	0.10	72.192	
1445	0.10	72.243	
1446	0.10	72.292	
1447	0.10	72.342	
1448	0.10	72.392	
1449	0.10	72.442	
1450	0.10	72.492	
1451	0.10	72.543	
1452	0.10	72.593	
1453	0.10	72.642	
1454	0.10	72.692	
1455	0.10	72.742	
1456	0.10	72.792	
1457	0.10	72.842	
1458	0.10	72.892	
1459	0.10	72.942	
1460	0.10	72.993	
1461	0.10	73.042	
1462	0.10	73.092	
1463	0.10	73.142	
1464	0.10	73.192	
1465	0.10	73.242	
1466	0.10	73.292	
1467	0.10	73.342	
1468	0.10	73.392	
1469	0.10	73.442	
1470	0.10	73.492	
1471	0.10	73.542	
1472	0.10	73.592	
1473	0.10	73.642	
1474	0.10	73.692	
1475	0.10	73.742	
1476	0.10	73.792	
1477	0.10	73.843	
1478	0.10	73.892	
1479	0.10	73.942	
1480	0.10	73.992	
1481	0.10	74.042	
1482	0.10	74.093	
1483	0.10	74.142	
1484	0.10	74.192	
1485	0.10	74.242	
1486	0.10	74.292	
1487	0.10	74.342	
1488	0.10	74.392	
1489	0.10	74.442	
1490	0.10	74.492	
1491	0.10	74.542	
1492	0.10	74.592	
1493	0.10	74.642	
1494	0.10	74.692	
1495	0.22	74.742	
1496	0.58	74.792	
1497	1.00	74.842	
1498	1.48	74.892	
1499	2.02	74.942	
1500	2.60	74.993	
1501	3.18	75.042	
1502	3.76	75.092	
1503	4.46	75.142	
1504	5.88	75.192	
1505	6.94	75.243	
1506	7.74	75.292	
1507	8.26	75.342	
1508	8.44	75.393	
1509	8.44	75.442	
1510	8.42	75.492	
1511	8.40	75.542	
1512	8.38	75.592	
1513	8.38	75.643	
1514	8.36	75.692	
1515	8.36	75.742	
1516	8.34	75.792	
1517	8.34	75.842	
1518	8.32	75.892	
1519	8.32	75.942	
1520	8.32	75.993	
1521	8.30	76.042	
1522	8.30	76.092	
1523	8.30	76.142	
1524	8.30	76.192	
1525	8.28	76.242	
1526	8.28	76.304	
1527	8.28	76.342	
1528	8.28	76.397	
1529	8.28	76.442	
1530	8.28	76.492	
1531	8.28	76.542	
1532	8.26	76.592	
1533	8.26	76.642	
1534	8.26	76.692	
1535	8.26	76.742	
1536	8.26	76.792	
1537	8.26	76.842	
1538	8.26	76.892	
1539	8.26	76.942	
1540	8.26	76.992	
1541	8.26	77.042	
1542	8.24	77.092	
1543	8.24	77.142	
1544	8.24	77.192	
1545	8.24	77.243	
1546	8.24	77.292	
1547	8.24	77.342	
1548	8.24	77.392	
1549	8.24	77.442	
1550	8.24	77.492	
1551	8.24	77.542	
1552	8.24	77.592	
1553	8.24	77.642	
1554	8.24	77.692	
1555	8.22	77.742	
1556	8.22	77.792	
1557	8.22	77.842	
1558	8.22	77.903	
1559	8.22	77.942	
1560	8.22	77.997	
1561	8.22	78.042	
1562	8.22	78.092	
1563	8.22	78.142	
1564	8.22	78.192	
1565	7.98	78.242	
1566	6.96	78.292	
1567	5.98	78.342	
1568	5.02	78.392	
1569	3.96	78.442	
1570	3.10	78.492	
1571	2.22	78.543	
1572	1.54	78.592	
1573	1.04	78.642	
1574	0.68	78.692	
1575	0.56	78.742	
1576	0.56	78.792	
1577	0.54	78.842	
1578	0.52	78.892	
1579	0.52	78.942	
1580	0.48	78.992	
1581	0.42	79.043	
1582	0.24	79.092	
1583	0.18	79.142	
1584	0.16	79.192	
1585	0.16	79.242	
1586	0.14	79.292	
1587	0.14	79.342	
1588	0.14	79.392	
1589	0.14	79.442	
1590	0.14	79.492	
1591	0.14	79.542	
1592	0.12	79.592	
1593	0.12	79.642	
1594	0.12	79.692	
1595	0.12	79.742	
1596	0.12	79.792	
1597	0.12	79.842	
1598	0.12	79.892	
1599	0.12	79.942	
1600	0.12	79.992	
1601	0.12	80.042	
1602	0.12	80.092	
1603	0.12	80.192	
1604	0.12	80.242	
1605	0.12	80.292	
1606	0.12	80.342	
1607	0.12	80.392	
1608	0.12	80.442	
1609	0.12	80.493	
1610	0.12	80.542	
1611	0.12	80.592	
1612	0.12	80.642	
1613	0.12	80.692	
1614	0.12	80.742	
1615	0.12	80.792	
1616	0.12	80.842	
1617	0.12	80.893	
1618	0.12	80.942	
1619	0.12	80.992	
1620	0.12	81.042	
1621	0.12	81.093	
1622	0.12	81.142	
1623	0.12	81.192	
1624	0.12	81.242	
1625	0.10	81.292	
1626	0.10	81.342	
1627	0.10	81.392	
1628	0.12	81.442	
1629	0.12	81.493	
1630	0.12	81.542	
1631	0.10	81.592	
1632	0.12	81.642	
1633	0.10	81.692	
1634	0.12	81.742	
1635	0.10	81.792	
1636	0.12	81.842	
1637	0.12	81.892	
1638	0.12	81.942	
1639	0.12	81.992	
1640	0.12	82.042	
1641	0.10	82.092	
1642	0.12	82.142	
1643	0.10	82.192	
1644	0.10	82.242	
1645	0.10	82.293	
1646	0.12	82.342	
1647	0.10	82.392	
1648	0.10	82.442	
1649	0.12	82.492	
1650	0.10	82.542	
1651	0.10	82.592	
1652	0.10	82.642	
1653	0.10	82.692	
1654	0.12	82.742	
1655	0.10	82.792	
1656	0.10	82.842	
1657	0.10	82.892	
1658	0.12	82.943	
1659	0.10	82.992	
1660	0.10	83.042	
1661	0.10	83.092	
1662	0.10	83.142	
1663	0.10	83.192	
1664	0.10	83.242	
1665	0.10	83.292	
1666	0.10	83.342	
1667	0.12	83.392	
1668	0.10	83.442	
1669	0.10	83.492	
1670	0.10	83.542	
1671	0.10	83.592	
1672	0.10	83.642	
1673	0.10	83.692	
1674	0.10	83.743	
1675	0.10	83.792	
1676	0.10	83.842	
1677	0.10	83.892	
1678	0.10	83.942	
1679	0.10	83.992	
1680	0.10	84.042	
1681	0.10	84.092	
1682	0.10	84.142	
1683	0.10	84.192	
1684	0.10	84.242	
1685	0.10	84.292	
1686	0.10	84.343	
1687	0.12	84.392	
1688	0.10	84.442	
1689	0.28	84.492	
1690	0.64	84.542	
1691	1.04	84.592	
1692	1.52	84.642	
1693	2.06	84.692	
1694	2.64	84.742	
1695	3.24	84.792	
1696	3.80	84.842	
1697	4.64	84.892	
1698	5.94	84.942	
1699	7.00	84.992	
1700	7.76	85.042	
1701	8.28	85.092	
1702	8.44	85.142	
1703	8.44	85.192	
1704	8.42	85.242	
1705	8.40	85.292	
1706	8.38	85.343	
1707	8.36	85.392	
1708	8.36	85.442	
1709	8.34	85.492	
1710	8.34	85.542	
1711	8.32	85.592	
1712	8.32	85.642	
1713	8.32	85.692	
1714	8.32	85.742	
1715	8.30	85.792	
1716	8.30	85.842	
1717	8.30	85.892	
1718	8.30	85.942	
1719	8.28	85.992	
1720	8.28	86.042	
1721	8.28	86.092	
1722	8.28	86.142	
1723	8.28	86.192	
1724	8.26	86.242	
1725	8.26	86.292	
1726	8.26	86.342	
1727	8.26	86.392	
1728	8.26	86.442	
1729	8.26	86.492	
1730	8.26	86.542	
1731	8.26	86.592	
1732	8.26	86.642	
1733	8.26	86.693	
1734	8.26	86.742	
1735	8.24	86.792	
1736	8.24	86.842	
1737	8.24	86.892	
1738	8.24	86.942	
1739	8.24	86.992	
1740	8.24	87.042	
1741	8.24	87.092	
1742	8.24	87.142	
1743	8.24	87.192	
1744	8.24	87.243	
1745	8.24	87.292	
1746	8.24	87.342	
1747	8.22	87.392	
1748	8.22	87.442	
1749	8.22	87.492	
1750	8.22	87.542	
1751	8.22	87.592	
1752	8.22	87.642	
1753	8.22	87.692	
1754	8.22	87.742	
1755	8.22	87.792	
1756	8.22	87.842	
1757	8.22	87.893	
1758	8.22	87.942	
1759	8.22	87.992	
1760	8.22	88.042	
1761	8.22	88.092	
1762	8.20	88.142	
1763	8.20	88.192	
1764	8.20	88.243	
1765	8.20	88.292	
1766	8.20	88.342	
1767	8.20	88.392	
1768	8.20	88.442	
1769	8.20	88.492	
1770	8.20	88.542	
1771	8.20	88.592	
1772	8.20	88.642	
1773	8.20	88.692	
1774	8.20	88.742	
1775	8.20	88.792	
1776	8.20	88.842	
1777	8.20	88.892	
1778	8.20	88.942	
1779	8.18	88.992	
1780	8.18	89.042	
1781	8.18	89.092	
1782	8.18	89.143	
1783	8.18	89.192	
1784	8.18	89.242	
1785	8.18	89.292	
1786	8.18	89.342	
1787	8.18	89.392	
1788	8.18	89.442	
1789	8.18	89.492	
1790	8.18	89.542	
1791	8.18	89.592	
1792	8.18	89.642	
1793	8.18	89.692	
1794	8.18	89.742	
1795	8.18	89.792	
1796	8.18	89.842	
1797	8.18	89.892	
1798	8.18	89.942	
1799	8.18	89.992	
1800	8.18	90.042	
1801	8.18	90.092	
1802	8.18	90.192	
1803	8.18	90.242	
1804	8.18	90.342	
1805	8.06	90.392	
1806	6.22	90.457	
1807	5.88	90.492	
1808	4.30	90.553	
1809	3.96	90.592	
1810	2.60	90.649	
1811	2.28	90.692	
1812	1.68	90.742	
1813	1.16	90.792	
1814	0.76	90.842	
1815	0.60	90.892	
1816	0.58	90.943	
1817	0.54	90.992	
1818	0.54	91.042	
1819	0.54	91.092	
1820	0.50	91.142	
1821	0.44	91.192	
1822	0.28	91.243	
1823	0.20	91.292	
1824	0.18	91.342	
1825	0.18	91.392	
1826	0.16	91.442	
1827	0.16	91.492	
1828	0.14	91.542	
1829	0.14	91.592	
1830	0.14	91.642	
1831	0.14	91.692	
1832	0.14	91.742	
1833	0.14	91.792	
1834	0.14	91.843	
1835	0.14	91.892	
1836	0.14	91.942	
1837	0.14	91.992	
1838	0.14	92.042	
1839	0.14	92.092	
1840	0.14	92.142	
1841	0.14	92.192	
1842	0.12	92.242	
1843	0.14	92.292	
1844	0.14	92.342	
1845	0.12	92.392	
1846	0.12	92.442	
1847	0.12	92.492	
1848	0.12	92.542	
1849	0.12	92.592	
1850	0.12	92.643	
1851	0.12	92.692	
1852	0.12	92.742	
1853	0.12	92.793	
1854	0.12	92.842	
1855	0.12	92.893	
1856	0.12	92.942	
1857	0.12	92.992	
1858	0.12	93.042	
1859	0.12	93.093	
1860	0.12	93.142	
1861	0.12	93.193	
1862	0.12	93.242	
1863	0.12	93.293	
1864	0.12	93.343	
1865	0.12	93.392	
1866	0.12	93.442	
1867	0.12	93.492	
1868	0.12	93.542	
1869	0.12	93.592	
1870	0.12	93.642	
1871	0.12	93.693	
1872	0.12	93.743	
1873	0.12	93.792	
1874	0.12	93.842	
1875	0.12	93.892	
1876	0.12	93.943	
1877	0.12	93.992	
1878	0.12	94.043	
1879	0.12	94.092	
1880	0.12	94.142	
1881	0.12	94.193	
1882	0.12	94.242	
1883	0.12	94.292	
1884	0.12	94.342	
1885	0.12	94.392	
1886	0.12	94.442	
1887	0.12	94.492	
1888	0.12	94.542	
1889	0.12	94.592	
1890	0.12	94.642	
1891	0.12	94.692	
1892	0.12	94.743	
1893	0.12	94.793	
1894	0.12	94.842	
1895	0.12	94.893	
1896	0.12	94.942	
1897	0.12	94.992	
1898	0.12	95.043	
1899	0.12	95.092	
1900	0.12	95.142	
1901	0.12	95.192	
1902	0.12	95.242	
1903	0.12	95.292	
1904	0.12	95.342	
1905	0.12	95.392	
1906	0.12	95.442	
1907	0.12	95.492	
1908	0.12	95.542	
1909	0.12	95.592	
1910	0.12	95.642	
1911	0.12	95.692	
1912	0.12	95.742	
1913	0.12	95.792	
1914	0.12	95.842	
1915	0.12	95.892	
1916	0.12	95.942	
1917	0.28	95.992	
1918	0.66	96.042	
1919	1.04	96.092	
1920	1.56	96.142	
1921	2.12	96.192	
1922	3.28	96.292	
1923	3.92	96.342	
1924	5.82	96.403	
1925	6.26	96.442	
1926	7.70	96.501	
1927	7.94	96.542	
1928	8.46	96.601	
1929	8.48	96.642	
1930	8.44	96.700	
1931	8.44	96.742	
1932	8.40	96.797	
1933	8.40	96.842	
1934	8.40	96.893	
1935	8.38	96.942	
1936	8.38	96.992	
1937	8.36	97.042	
1938	8.36	97.092	
1939	8.36	97.142	
1940	8.34	97.192	
1941	8.34	97.242	
1942	8.34	97.292	
1943	8.32	97.342	
1944	8.32	97.392	
1945	8.32	97.442	
1946	8.32	97.492	
1947	8.32	97.542	
1948	8.32	97.592	
1949	8.30	97.643	
1950	8.30	97.692	
1951	8.30	97.742	
1952	8.30	97.793	
1953	8.30	97.842	
1954	8.30	97.892	
1955	8.30	97.942	
1956	8.28	97.992	
1957	8.28	98.042	
1958	8.28	98.092	
1959	8.28	98.142	
1960	8.28	98.192	
1961	8.28	98.242	
1962	8.28	98.292	
1963	8.28	98.342	
1964	8.28	98.392	
1965	8.26	98.442	
1966	8.26	98.492	
1967	8.26	98.542	
1968	8.26	98.592	
1969	8.26	98.642	
1970	8.26	98.692	
1971	8.26	98.742	
1972	8.26	98.792	
1973	8.26	98.842	
1974	8.26	98.893	
1975	8.26	98.942	
1976	8.26	98.992	
1977	8.24	99.042	
1978	8.24	99.092	
1979	8.26	99.142	
1980	8.26	99.192	
1981	8.26	99.242	
1982	8.24	99.292	
1983	8.24	99.342	
1984	8.24	99.392	
1985	8.24	99.442	
1986	8.24	99.492	
1987	8.24	99.542	
1988	8.24	99.592	
1989	8.24	99.642	
1990	8.24	99.693	
1991	8.24	99.742	
1992	8.24	99.792	
1993	8.24	99.843	
1994	8.24	99.892	
1995	8.24	99.942	
1996	8.24	99.992	
1997	8.22	100.042	
1998	8.24	100.092	
1999	8.24	100.192	
2000	8.22	100.242	
2001	8.22	100.307	
2002	8.22	100.342	
2003	8.22	100.405	
2004	8.22	100.442	
2005	7.40	100.504	
2006	7.02	100.543	
2007	5.54	100.602	
2008	5.18	100.642	
2009	3.56	100.701	
2010	3.24	100.742	
2011	1.88	100.800	
2012	1.66	100.842	
2013	0.86	100.901	
2014	0.74	100.942	
2015	0.60	101.001	
2016	0.60	101.042	
2017	0.56	101.101	
2018	0.56	101.142	
2019	0.52	101.202	
2020	0.52	101.242	
2021	0.34	101.302	
2022	0.26	101.342	
2023	0.18	101.401	
2024	0.18	101.442	
2025	0.16	101.501	
2026	0.16	101.542	
2027	0.14	101.601	
2028	0.14	101.642	
2029	0.14	101.701	
2030	0.14	101.742	
2031	0.14	101.799	
2032	0.14	101.842	
2033	0.14	101.898	
2034	0.14	101.942	
2035	0.14	101.992	
2036	0.14	102.042	
2037	0.14	102.092	
2038	0.14	102.142	
2039	0.14	102.192	
2040	0.12	102.242	
2041	0.14	102.292	
2042	0.12	102.342	
2043	0.12	102.392	
2044	0.14	102.442	
2045	0.12	102.492	
2046	0.12	102.542	
2047	0.12	102.592	
2048	0.12	102.642	
2049	0.12	102.692	
2050	0.12	102.742	
2051	0.12	102.792	
2052	0.12	102.842	
2053	0.12	102.892	
2054	0.12	102.942	
2055	0.12	102.993	
2056	0.12	103.042	
2057	0.12	103.093	
2058	0.12	103.142	
2059	0.12	103.192	
2060	0.12	103.242	
2061	0.12	103.292	
2062	0.12	103.343	
2063	0.12	103.392	
2064	0.12	103.442	
2065	0.12	103.492	
2066	0.12	103.542	
2067	0.12	103.592	
2068	0.12	103.642	
2069	0.12	103.692	
2070	0.12	103.742	
2071	0.12	103.792	
2072	0.12	103.842	
2073	0.12	103.892	
2074	0.12	103.942	
2075	0.12	103.992	
2076	0.12	104.042	
2077	0.12	104.092	
2078	0.12	104.142	
2079	0.12	104.192	
2080	0.12	104.242	
2081	0.12	104.292	
2082	0.12	104.343	
2083	0.12	104.392	
2084	0.12	104.442	
2085	0.12	104.492	
2086	0.12	104.542	
2087	0.12	104.592	
2088	0.12	104.642	
2089	0.12	104.692	
2090	0.12	104.742	
2091	0.12	104.792	
2092	0.12	104.842	
2093	0.12	104.892	
2094	0.12	104.942	
2095	0.12	104.992	
2096	0.12	105.042	
2097	0.12	105.092	
2098	0.12	105.142	
2099	0.12	105.192	
2100	0.12	105.242	
2101	0.12	105.292	
2102	0.12	105.342	
2103	0.12	105.393	
2104	0.12	105.442	
2105	0.12	105.493	
2106	0.12	105.542	
2107	0.12	105.592	
2108	0.12	105.642	
2109	0.12	105.692	
2110	0.12	105.742	
2111	0.12	105.792	
2112	0.12	105.842	
2113	0.12	105.892	
2114	0.12	105.942	
2115	0.12	105.992	
2116	0.12	106.043	
2117	0.12	106.092	
2118	0.12	106.142	
2119	0.12	106.192	
2120	0.12	106.242	
2121	0.12	106.292	
2122	0.12	106.342	
2123	0.12	106.392	
2124	0.12	106.443	
2125	0.12	106.492	
