7/24/2024  3:44 PM
Units: N
Readings: Continuous
X-Axis: Time

Reading	Load	Time	
1	0.00	0.000	
2	0.00	0.100	
3	0.00	0.150	
4	0.00	0.201	
5	0.00	0.250	
6	0.00	0.300	
7	0.00	0.350	
8	0.00	0.401	
9	0.00	0.450	
10	0.00	0.500	
11	0.00	0.550	
12	0.00	0.600	
13	0.00	0.650	
14	0.00	0.700	
15	0.00	0.750	
16	0.00	0.800	
17	0.00	0.850	
18	0.00	0.900	
19	0.00	0.950	
20	0.00	1.000	
21	0.00	1.050	
22	0.00	1.101	
23	0.00	1.150	
24	0.00	1.200	
25	0.00	1.251	
26	0.00	1.300	
27	0.00	1.350	
28	0.00	1.400	
29	0.00	1.450	
30	0.00	1.501	
31	0.00	1.550	
32	0.00	1.600	
33	0.00	1.650	
34	0.00	1.700	
35	0.00	1.750	
36	0.00	1.800	
37	0.00	1.851	
38	0.00	1.900	
39	0.00	1.950	
40	0.00	2.001	
41	0.00	2.050	
42	0.00	2.100	
43	0.00	2.150	
44	0.00	2.200	
45	0.00	2.250	
46	0.00	2.300	
47	0.00	2.350	
48	0.00	2.400	
49	0.00	2.450	
50	0.00	2.500	
51	0.00	2.550	
52	0.00	2.601	
53	0.00	2.650	
54	0.00	2.700	
55	0.00	2.750	
56	0.00	2.800	
57	0.00	2.850	
58	0.00	2.900	
59	0.00	2.951	
60	0.00	3.000	
61	0.00	3.050	
62	0.00	3.100	
63	0.00	3.150	
64	0.02	3.200	
65	0.26	3.250	
66	0.62	3.300	
67	1.02	3.350	
68	1.46	3.400	
69	2.04	3.450	
70	2.62	3.500	
71	3.10	3.551	
72	3.64	3.601	
73	4.36	3.650	
74	5.02	3.700	
75	5.98	3.750	
76	6.98	3.800	
77	7.72	3.850	
78	8.26	3.900	
79	8.50	3.950	
80	8.50	4.000	
81	8.46	4.051	
82	8.46	4.100	
83	8.44	4.150	
84	8.42	4.200	
85	8.40	4.250	
86	8.40	4.300	
87	8.40	4.350	
88	8.38	4.400	
89	8.38	4.450	
90	8.36	4.500	
91	8.36	4.551	
92	8.36	4.600	
93	8.34	4.651	
94	8.34	4.700	
95	8.34	4.750	
96	8.34	4.800	
97	8.34	4.850	
98	8.32	4.900	
99	8.32	4.950	
100	8.32	5.000	
101	8.32	5.050	
102	8.32	5.100	
103	8.32	5.150	
104	8.32	5.200	
105	8.30	5.250	
106	8.32	5.300	
107	8.30	5.351	
108	8.30	5.400	
109	8.30	5.451	
110	8.30	5.500	
111	8.30	5.551	
112	8.30	5.601	
113	8.28	5.650	
114	8.28	5.700	
115	8.28	5.750	
116	8.28	5.801	
117	8.28	5.850	
118	8.28	5.900	
119	8.28	5.950	
120	8.28	6.001	
121	8.28	6.050	
122	8.28	6.100	
123	8.26	6.150	
124	8.26	6.200	
125	8.26	6.250	
126	8.26	6.300	
127	8.26	6.350	
128	8.26	6.400	
129	8.26	6.450	
130	8.26	6.500	
131	8.26	6.550	
132	8.26	6.600	
133	8.26	6.650	
134	8.26	6.700	
135	8.26	6.750	
136	8.26	6.800	
137	8.26	6.850	
138	8.26	6.900	
139	8.24	6.950	
140	8.24	7.000	
141	8.28	7.050	
142	7.68	7.100	
143	6.68	7.150	
144	5.86	7.200	
145	5.14	7.250	
146	4.20	7.300	
147	3.28	7.351	
148	2.50	7.400	
149	1.86	7.450	
150	1.28	7.500	
151	0.82	7.550	
152	0.48	7.600	
153	0.40	7.650	
154	0.38	7.700	
155	0.38	7.750	
156	0.36	7.800	
157	0.34	7.850	
158	0.32	7.901	
159	0.28	7.950	
160	0.14	8.000	
161	0.10	8.050	
162	0.08	8.100	
163	0.06	8.151	
164	0.06	8.200	
165	0.06	8.250	
166	0.04	8.301	
167	0.04	8.350	
168	0.04	8.400	
169	0.04	8.450	
170	0.04	8.501	
171	0.02	8.550	
172	0.04	8.600	
173	0.04	8.650	
174	0.02	8.700	
175	0.02	8.751	
176	0.02	8.800	
177	0.02	8.850	
178	0.02	8.901	
179	0.02	8.950	
180	0.02	9.001	
181	0.02	9.050	
182	0.02	9.100	
183	0.02	9.150	
184	0.02	9.201	
185	0.02	9.250	
186	0.02	9.300	
187	0.02	9.350	
188	0.02	9.401	
189	0.02	9.450	
190	0.02	9.500	
191	0.02	9.551	
192	0.02	9.600	
193	0.02	9.650	
194	0.02	9.701	
195	0.02	9.750	
196	0.02	9.800	
197	0.02	9.850	
198	0.02	9.900	
199	0.00	9.950	
200	0.02	10.000	
201	0.00	10.051	
202	0.00	10.100	
203	0.02	10.150	
204	0.00	10.200	
205	0.00	10.250	
206	0.00	10.300	
207	0.00	10.350	
208	0.00	10.400	
209	0.00	10.450	
210	0.00	10.500	
211	0.00	10.550	
212	0.00	10.601	
213	0.00	10.651	
214	0.00	10.700	
215	0.00	10.751	
216	0.00	10.800	
217	0.00	10.850	
218	0.00	10.900	
219	0.00	10.950	
220	0.00	11.000	
221	0.00	11.051	
222	0.00	11.100	
223	0.00	11.150	
224	0.00	11.200	
225	0.00	11.251	
226	0.00	11.300	
227	0.00	11.350	
228	0.00	11.400	
229	0.00	11.450	
230	0.00	11.500	
231	0.00	11.551	
232	0.00	11.600	
233	0.00	11.651	
234	0.00	11.700	
235	0.00	11.750	
236	0.00	11.801	
237	0.00	11.851	
238	0.00	11.900	
239	0.00	11.950	
240	0.00	12.000	
241	0.00	12.050	
242	0.00	12.101	
243	0.00	12.150	
244	0.00	12.200	
245	0.00	12.250	
246	0.00	12.300	
247	0.00	12.350	
248	0.00	12.401	
249	0.00	12.450	
250	0.00	12.500	
251	0.00	12.550	
252	0.00	12.601	
253	0.00	12.650	
254	0.00	12.700	
255	0.00	12.750	
256	0.00	12.800	
257	0.00	12.850	
258	0.00	12.900	
259	0.00	12.950	
260	0.00	13.000	
261	0.00	13.051	
262	0.00	13.100	
263	0.00	13.151	
264	0.00	13.200	
265	0.00	13.250	
266	0.00	13.300	
267	0.00	13.350	
268	0.00	13.400	
269	0.00	13.450	
270	0.00	13.500	
271	0.00	13.550	
272	0.00	13.600	
273	0.00	13.650	
274	0.00	13.700	
275	0.00	13.750	
276	0.00	13.800	
277	0.00	13.850	
278	0.00	13.900	
279	0.00	13.950	
280	0.00	14.001	
281	0.00	14.050	
282	0.00	14.100	
283	0.00	14.150	
284	0.00	14.200	
285	0.00	14.250	
286	0.00	14.300	
287	0.00	14.350	
288	0.00	14.400	
289	0.00	14.450	
290	0.00	14.500	
291	0.00	14.550	
292	0.00	14.600	
293	0.00	14.650	
294	0.00	14.701	
295	0.00	14.750	
296	0.00	14.800	
297	0.00	14.850	
298	0.00	14.900	
299	0.00	14.950	
300	0.00	15.000	
301	0.00	15.050	
302	0.00	15.101	
303	0.00	15.150	
304	0.00	15.201	
305	0.00	15.250	
306	0.00	15.300	
307	0.00	15.350	
308	0.00	15.401	
309	0.00	15.450	
310	0.00	15.500	
311	0.00	15.550	
312	0.00	15.600	
313	0.00	15.651	
314	0.00	15.700	
315	0.00	15.750	
316	0.00	15.800	
317	0.00	15.850	
318	0.00	15.900	
319	0.00	15.951	
320	0.00	16.000	
321	0.00	16.050	
322	0.00	16.101	
323	0.00	16.150	
324	0.00	16.200	
325	0.00	16.250	
326	0.00	16.300	
327	0.00	16.350	
328	0.12	16.400	
329	0.46	16.450	
330	0.84	16.500	
331	1.30	16.550	
332	1.80	16.600	
333	2.38	16.650	
334	2.88	16.700	
335	3.40	16.750	
336	4.02	16.800	
337	4.74	16.851	
338	5.48	16.900	
339	6.60	16.950	
340	7.44	17.001	
341	8.12	17.050	
342	8.52	17.100	
343	8.58	17.151	
344	8.56	17.200	
345	8.54	17.250	
346	8.52	17.300	
347	8.52	17.350	
348	8.50	17.400	
349	8.48	17.451	
350	8.48	17.500	
351	8.46	17.550	
352	8.46	17.600	
353	8.46	17.650	
354	8.44	17.700	
355	8.44	17.750	
356	8.44	17.800	
357	8.42	17.850	
358	8.42	17.900	
359	8.42	17.950	
360	8.42	18.000	
361	8.42	18.050	
362	8.40	18.100	
363	8.40	18.150	
364	8.40	18.201	
365	8.40	18.250	
366	8.40	18.300	
367	8.40	18.350	
368	8.40	18.400	
369	8.40	18.450	
370	8.40	18.501	
371	8.38	18.550	
372	8.38	18.600	
373	8.38	18.650	
374	8.38	18.700	
375	8.38	18.751	
376	8.38	18.800	
377	8.38	18.850	
378	8.38	18.900	
379	8.36	18.950	
380	8.36	19.001	
381	8.36	19.050	
382	8.36	19.100	
383	8.36	19.150	
384	8.36	19.200	
385	8.36	19.251	
386	8.36	19.300	
387	8.36	19.350	
388	8.36	19.400	
389	8.34	19.451	
390	8.36	19.500	
391	8.34	19.550	
392	8.34	19.601	
393	8.34	19.651	
394	8.34	19.700	
395	8.34	19.750	
396	8.34	19.800	
397	8.34	19.850	
398	8.34	19.900	
399	8.34	19.950	
400	8.34	20.000	
401	8.36	20.050	
402	7.94	20.100	
403	6.90	20.150	
404	6.06	20.200	
405	5.32	20.250	
406	4.50	20.300	
407	3.54	20.351	
408	2.72	20.400	
409	2.06	20.450	
410	1.44	20.500	
411	0.94	20.550	
412	0.56	20.600	
413	0.42	20.650	
414	0.40	20.700	
415	0.38	20.751	
416	0.36	20.800	
417	0.34	20.851	
418	0.34	20.900	
419	0.30	20.950	
420	0.14	21.000	
421	0.08	21.050	
422	0.08	21.100	
423	0.06	21.150	
424	0.06	21.200	
425	0.06	21.251	
426	0.04	21.301	
427	0.04	21.350	
428	0.04	21.400	
429	0.04	21.450	
430	0.04	21.500	
431	0.04	21.550	
432	0.04	21.600	
433	0.02	21.650	
434	0.02	21.700	
435	0.02	21.750	
436	0.02	21.800	
437	0.02	21.850	
438	0.02	21.900	
439	0.02	21.950	
440	0.02	22.000	
441	0.02	22.050	
442	0.02	22.100	
443	0.02	22.150	
444	0.02	22.200	
445	0.02	22.250	
446	0.02	22.300	
447	0.02	22.350	
448	0.02	22.400	
449	0.02	22.451	
450	0.02	22.500	
451	0.02	22.550	
452	0.02	22.600	
453	0.02	22.651	
454	0.02	22.701	
455	0.02	22.751	
456	0.02	22.800	
457	0.02	22.850	
458	0.02	22.900	
459	0.02	22.950	
460	0.02	23.000	
461	0.02	23.050	
462	0.02	23.101	
463	0.02	23.150	
464	0.02	23.200	
465	0.02	23.250	
466	0.00	23.300	
467	0.02	23.350	
468	0.02	23.400	
469	0.00	23.450	
470	0.00	23.500	
471	0.00	23.550	
472	0.00	23.600	
473	0.00	23.650	
474	0.02	23.700	
475	0.02	23.750	
476	0.00	23.800	
477	0.00	23.850	
478	0.00	23.900	
479	0.00	23.950	
480	0.00	24.000	
481	0.00	24.050	
482	0.00	24.100	
483	0.00	24.150	
484	0.00	24.200	
485	0.00	24.250	
486	0.00	24.300	
487	0.00	24.350	
488	0.00	24.400	
489	0.00	24.450	
490	0.00	24.500	
491	0.02	24.550	
492	0.02	24.601	
493	0.06	24.650	
494	0.36	24.700	
495	0.74	24.750	
496	1.16	24.800	
497	1.66	24.850	
498	2.22	24.900	
499	2.72	24.950	
500	3.28	25.001	
501	3.82	25.051	
502	4.54	25.100	
503	5.20	25.150	
504	6.34	25.200	
505	7.18	25.250	
506	7.82	25.300	
507	8.20	25.351	
508	8.28	25.400	
509	8.26	25.450	
510	8.24	25.500	
511	8.22	25.550	
512	8.20	25.600	
513	8.18	25.650	
514	8.18	25.700	
515	8.18	25.750	
516	8.16	25.800	
517	8.16	25.850	
518	8.16	25.900	
519	8.16	25.950	
520	8.14	26.000	
521	8.14	26.050	
522	8.14	26.100	
523	8.12	26.150	
524	8.12	26.200	
525	8.12	26.250	
526	8.12	26.300	
527	8.12	26.350	
528	8.12	26.400	
529	8.10	26.450	
530	8.10	26.500	
531	8.10	26.550	
532	8.10	26.600	
533	8.10	26.650	
534	8.10	26.700	
535	8.10	26.750	
536	8.10	26.800	
537	8.08	26.850	
538	8.08	26.900	
539	8.08	26.950	
540	8.08	27.000	
541	8.08	27.051	
542	8.08	27.100	
543	8.08	27.150	
544	8.08	27.200	
545	8.08	27.250	
546	8.08	27.300	
547	8.06	27.350	
548	8.06	27.400	
549	8.06	27.450	
550	8.06	27.500	
551	8.06	27.550	
552	8.06	27.600	
553	8.06	27.651	
554	8.06	27.700	
555	8.06	27.750	
556	8.06	27.800	
557	8.06	27.850	
558	8.06	27.900	
559	8.06	27.950	
560	8.06	28.000	
561	8.04	28.050	
562	8.06	28.100	
563	8.04	28.150	
564	8.06	28.200	
565	8.04	28.250	
566	8.04	28.300	
567	8.04	28.350	
568	8.04	28.400	
569	8.04	28.450	
570	8.04	28.500	
571	8.04	28.550	
572	8.04	28.600	
573	8.04	28.650	
574	8.04	28.700	
575	8.04	28.750	
576	8.04	28.801	
577	8.04	28.851	
578	8.04	28.900	
579	8.04	28.950	
580	7.98	29.000	
581	7.02	29.050	
582	6.12	29.100	
583	5.38	29.150	
584	4.68	29.200	
585	3.74	29.250	
586	2.86	29.300	
587	2.14	29.350	
588	1.54	29.400	
589	1.02	29.450	
590	0.62	29.500	
591	0.46	29.550	
592	0.44	29.600	
593	0.40	29.650	
594	0.40	29.700	
595	0.38	29.750	
596	0.36	29.800	
597	0.34	29.850	
598	0.20	29.900	
599	0.12	29.951	
600	0.10	30.000	
601	0.08	30.050	
602	0.06	30.100	
603	0.06	30.150	
604	0.06	30.200	
605	0.06	30.250	
606	0.06	30.300	
607	0.06	30.350	
608	0.04	30.400	
609	0.04	30.450	
610	0.04	30.500	
611	0.04	30.550	
612	0.04	30.600	
613	0.04	30.650	
614	0.04	30.700	
615	0.04	30.751	
616	0.04	30.800	
617	0.04	30.850	
618	0.04	30.900	
619	0.04	30.950	
620	0.02	31.000	
621	0.02	31.050	
622	0.02	31.100	
623	0.02	31.150	
624	0.04	31.200	
625	0.02	31.250	
626	0.02	31.300	
627	0.02	31.351	
628	0.02	31.400	
629	0.02	31.450	
630	0.02	31.500	
631	0.02	31.550	
632	0.02	31.600	
633	0.02	31.650	
634	0.02	31.700	
635	0.02	31.750	
636	0.02	31.800	
637	0.02	31.850	
638	0.02	31.900	
639	0.02	31.950	
640	0.02	32.000	
641	0.02	32.050	
642	0.02	32.100	
643	0.02	32.150	
644	0.02	32.201	
645	0.02	32.250	
646	0.02	32.300	
647	0.02	32.350	
648	0.02	32.400	
649	0.02	32.450	
650	0.02	32.500	
651	0.02	32.550	
652	0.02	32.600	
653	0.02	32.650	
654	0.02	32.700	
655	0.02	32.750	
656	0.02	32.800	
657	0.02	32.850	
658	0.02	32.900	
659	0.02	32.950	
660	0.02	33.000	
661	0.02	33.050	
662	0.02	33.100	
663	0.02	33.150	
664	0.02	33.200	
665	0.02	33.250	
666	0.02	33.301	
667	0.00	33.350	
668	0.02	33.400	
669	0.02	33.450	
670	0.02	33.500	
671	0.02	33.550	
672	0.02	33.600	
673	0.02	33.650	
674	0.02	33.700	
675	0.02	33.750	
676	0.02	33.800	
677	0.02	33.850	
678	0.00	33.900	
679	0.02	33.950	
680	0.02	34.000	
681	0.00	34.050	
682	0.02	34.100	
683	0.00	34.150	
684	0.02	34.200	
685	0.00	34.250	
686	0.00	34.300	
687	0.02	34.350	
688	0.02	34.400	
689	0.00	34.450	
690	0.00	34.500	
691	0.02	34.550	
692	0.00	34.600	
693	0.00	34.650	
694	0.00	34.700	
695	0.02	34.750	
696	0.00	34.800	
697	0.00	34.851	
698	0.00	34.900	
699	0.02	34.950	
700	0.00	35.000	
701	0.00	35.050	
702	0.00	35.100	
703	0.02	35.150	
704	0.02	35.200	
705	0.02	35.250	
706	0.02	35.300	
707	0.16	35.350	
708	0.52	35.400	
709	0.90	35.450	
710	1.36	35.500	
711	1.88	35.550	
712	2.44	35.600	
713	2.96	35.650	
714	3.46	35.700	
715	4.10	35.750	
716	4.80	35.800	
717	5.70	35.850	
718	6.70	35.900	
719	7.52	35.950	
720	8.14	36.000	
721	8.48	36.051	
722	8.50	36.100	
723	8.48	36.151	
724	8.46	36.200	
725	8.44	36.250	
726	8.44	36.300	
727	8.42	36.350	
728	8.42	36.400	
729	8.40	36.450	
730	8.40	36.500	
731	8.40	36.550	
732	8.38	36.600	
733	8.38	36.650	
734	8.36	36.700	
735	8.36	36.750	
736	8.36	36.800	
737	8.36	36.850	
738	8.36	36.900	
739	8.34	36.950	
740	8.34	37.000	
741	8.34	37.051	
742	8.34	37.100	
743	8.32	37.150	
744	8.32	37.200	
745	8.32	37.250	
746	8.32	37.300	
747	8.32	37.350	
748	8.32	37.400	
749	8.32	37.450	
750	8.32	37.500	
751	8.32	37.550	
752	8.32	37.600	
753	8.32	37.650	
754	8.32	37.700	
755	8.32	37.750	
756	8.30	37.800	
757	8.30	37.850	
758	8.30	37.900	
759	8.30	37.950	
760	8.30	38.000	
761	8.30	38.050	
762	8.30	38.100	
763	8.30	38.150	
764	8.30	38.200	
765	8.30	38.250	
766	8.30	38.300	
767	8.28	38.350	
768	8.28	38.400	
769	8.28	38.450	
770	8.28	38.500	
771	8.28	38.550	
772	8.28	38.600	
773	8.28	38.650	
774	8.28	38.700	
775	8.28	38.750	
776	8.28	38.800	
777	8.28	38.850	
778	8.28	38.900	
779	8.26	38.950	
780	8.28	39.000	
781	8.28	39.050	
782	8.28	39.100	
783	8.26	39.150	
784	8.26	39.200	
785	8.26	39.250	
786	8.18	39.300	
787	7.16	39.350	
788	6.26	39.400	
789	5.50	39.450	
790	4.78	39.500	
791	3.78	39.550	
792	2.92	39.600	
793	2.24	39.650	
794	1.60	39.701	
795	1.06	39.750	
796	0.66	39.800	
797	0.46	39.850	
798	0.44	39.900	
799	0.40	39.950	
800	0.40	40.000	
801	0.38	40.050	
802	0.38	40.100	
803	0.26	40.151	
804	0.20	40.200	
805	0.12	40.250	
806	0.10	40.300	
807	0.08	40.350	
808	0.06	40.400	
809	0.06	40.450	
810	0.06	40.500	
811	0.06	40.550	
812	0.06	40.600	
813	0.04	40.650	
814	0.04	40.700	
815	0.04	40.750	
816	0.04	40.800	
817	0.04	40.850	
818	0.04	40.900	
819	0.04	40.950	
820	0.04	41.000	
821	0.04	41.050	
822	0.04	41.100	
823	0.04	41.150	
824	0.04	41.200	
825	0.04	41.250	
826	0.04	41.300	
827	0.02	41.350	
828	0.04	41.400	
829	0.02	41.450	
830	0.02	41.500	
831	0.02	41.550	
832	0.02	41.600	
833	0.02	41.650	
834	0.02	41.700	
835	0.02	41.750	
836	0.02	41.800	
837	0.02	41.850	
838	0.02	41.900	
839	0.02	41.950	
840	0.02	42.000	
841	0.02	42.051	
842	0.02	42.100	
843	0.02	42.150	
844	0.02	42.200	
845	0.02	42.250	
846	0.02	42.300	
847	0.02	42.350	
848	0.02	42.400	
849	0.02	42.450	
850	0.02	42.500	
851	0.02	42.550	
852	0.02	42.600	
853	0.02	42.650	
854	0.02	42.700	
855	0.02	42.751	
856	0.02	42.800	
857	0.02	42.850	
858	0.02	42.900	
859	0.02	42.950	
860	0.02	43.000	
861	0.02	43.050	
862	0.02	43.100	
863	0.02	43.150	
864	0.02	43.201	
865	0.02	43.250	
866	0.02	43.300	
867	0.02	43.350	
868	0.02	43.400	
869	0.02	43.450	
870	0.02	43.500	
871	0.02	43.550	
872	0.02	43.600	
873	0.02	43.650	
874	0.00	43.700	
875	0.00	43.750	
876	0.00	43.800	
877	0.02	43.850	
878	0.00	43.900	
879	0.02	43.950	
880	0.00	44.000	
881	0.02	44.050	
882	0.02	44.100	
883	0.02	44.150	
884	0.00	44.200	
885	0.00	44.251	
886	0.00	44.300	
887	0.00	44.350	
888	0.02	44.400	
889	0.02	44.451	
890	0.02	44.500	
891	0.00	44.550	
892	0.00	44.600	
893	0.00	44.650	
894	0.00	44.700	
895	0.00	44.750	
896	0.00	44.800	
897	0.00	44.850	
898	0.00	44.900	
899	0.00	44.951	
900	0.00	45.001	
901	0.00	45.050	
902	0.00	45.105	
903	0.00	45.150	
904	0.00	45.200	
905	0.00	45.250	
906	0.00	45.300	
907	0.00	45.350	
908	0.00	45.400	
909	0.00	45.450	
910	0.00	45.500	
911	0.00	45.550	
912	0.00	45.600	
913	0.02	45.650	
914	0.02	45.700	
915	0.08	45.750	
916	0.40	45.800	
917	0.80	45.850	
918	1.22	45.900	
919	1.72	45.950	
920	2.28	46.000	
921	2.80	46.050	
922	3.32	46.100	
923	3.88	46.151	
924	4.62	46.200	
925	5.30	46.250	
926	6.44	46.300	
927	7.24	46.351	
928	7.90	46.400	
929	8.26	46.450	
930	8.32	46.500	
931	8.30	46.550	
932	8.28	46.600	
933	8.26	46.650	
934	8.24	46.700	
935	8.24	46.751	
936	8.22	46.800	
937	8.22	46.850	
938	8.22	46.900	
939	8.20	46.950	
940	8.20	47.000	
941	8.18	47.050	
942	8.18	47.100	
943	8.18	47.150	
944	8.18	47.200	
945	8.18	47.250	
946	8.16	47.300	
947	8.16	47.350	
948	8.16	47.400	
949	8.16	47.451	
950	8.16	47.500	
951	8.16	47.550	
952	8.14	47.601	
953	8.14	47.650	
954	8.14	47.701	
955	8.14	47.750	
956	8.14	47.800	
957	8.14	47.850	
958	8.12	47.900	
959	8.12	47.950	
960	8.12	48.000	
961	8.12	48.050	
962	8.12	48.100	
963	8.12	48.150	
964	8.12	48.200	
965	8.12	48.251	
966	8.12	48.300	
967	8.12	48.350	
968	8.12	48.400	
969	8.12	48.450	
970	8.12	48.500	
971	8.10	48.550	
972	8.12	48.600	
973	8.10	48.650	
974	8.10	48.700	
975	8.10	48.750	
976	8.10	48.800	
977	8.10	48.850	
978	8.10	48.900	
979	8.10	48.950	
980	8.10	49.000	
981	8.10	49.050	
982	8.10	49.100	
983	8.10	49.150	
984	8.10	49.200	
985	8.10	49.250	
986	8.10	49.300	
987	8.10	49.350	
988	8.10	49.400	
989	8.08	49.450	
990	8.08	49.500	
991	8.08	49.550	
992	8.08	49.600	
993	8.08	49.650	
994	8.08	49.700	
995	8.08	49.750	
996	8.08	49.800	
997	8.08	49.850	
998	8.08	49.900	
999	8.08	49.950	
1000	8.08	50.000	
1001	8.08	50.050	
1002	8.08	50.100	
1003	8.08	50.156	
1004	8.08	50.201	
1005	8.08	50.250	
1006	8.08	50.300	
1007	8.08	50.350	
1008	8.08	50.401	
1009	8.08	50.450	
1010	8.08	50.500	
1011	8.08	50.550	
1012	8.06	50.600	
1013	8.06	50.650	
1014	8.06	50.700	
1015	8.06	50.750	
1016	8.06	50.800	
1017	8.06	50.850	
1018	8.06	50.900	
1019	8.06	50.950	
1020	8.06	51.000	
1021	8.06	51.050	
1022	8.06	51.100	
1023	8.06	51.151	
1024	7.76	51.200	
1025	6.76	51.250	
1026	5.90	51.300	
1027	5.16	51.350	
1028	4.48	51.400	
1029	3.48	51.450	
1030	2.66	51.500	
1031	2.00	51.550	
1032	1.38	51.600	
1033	0.90	51.650	
1034	0.56	51.700	
1035	0.44	51.750	
1036	0.42	51.800	
1037	0.40	51.850	
1038	0.40	51.900	
1039	0.38	51.950	
1040	0.34	52.000	
1041	0.30	52.050	
1042	0.16	52.100	
1043	0.10	52.151	
1044	0.10	52.200	
1045	0.08	52.250	
1046	0.06	52.300	
1047	0.06	52.350	
1048	0.06	52.400	
1049	0.06	52.450	
1050	0.04	52.500	
1051	0.06	52.550	
1052	0.04	52.600	
1053	0.04	52.650	
1054	0.04	52.700	
1055	0.04	52.750	
1056	0.04	52.800	
1057	0.04	52.850	
1058	0.04	52.900	
1059	0.04	52.950	
1060	0.04	53.000	
1061	0.04	53.050	
1062	0.04	53.100	
1063	0.04	53.150	
1064	0.02	53.200	
1065	0.04	53.250	
1066	0.04	53.300	
1067	0.02	53.350	
1068	0.04	53.400	
1069	0.02	53.450	
1070	0.02	53.500	
1071	0.02	53.550	
1072	0.02	53.600	
1073	0.02	53.650	
1074	0.02	53.700	
1075	0.02	53.750	
1076	0.02	53.800	
1077	0.02	53.850	
1078	0.02	53.900	
1079	0.02	53.950	
1080	0.02	54.000	
1081	0.02	54.050	
1082	0.02	54.100	
1083	0.02	54.150	
1084	0.02	54.200	
1085	0.02	54.250	
1086	0.02	54.300	
1087	0.02	54.351	
1088	0.02	54.400	
1089	0.02	54.450	
1090	0.02	54.500	
1091	0.02	54.550	
1092	0.02	54.600	
1093	0.02	54.650	
1094	0.02	54.700	
1095	0.02	54.750	
1096	0.02	54.800	
1097	0.02	54.850	
1098	0.02	54.900	
1099	0.02	54.950	
1100	0.02	55.000	
1101	0.02	55.050	
1102	0.02	55.100	
1103	0.02	55.159	
1104	0.02	55.200	
1105	0.02	55.250	
1106	0.02	55.300	
1107	0.02	55.350	
1108	0.02	55.400	
1109	0.02	55.450	
1110	0.02	55.500	
1111	0.02	55.550	
1112	0.02	55.600	
1113	0.02	55.650	
1114	0.02	55.700	
1115	0.02	55.750	
1116	0.02	55.800	
1117	0.02	55.850	
1118	0.02	55.900	
1119	0.02	55.950	
1120	0.06	56.000	
1121	0.34	56.051	
1122	0.72	56.100	
1123	1.12	56.150	
1124	1.60	56.200	
1125	2.14	56.250	
1126	2.66	56.300	
1127	3.22	56.350	
1128	3.72	56.400	
1129	4.40	56.450	
1130	5.10	56.500	
1131	6.22	56.550	
1132	7.06	56.600	
1133	7.76	56.650	
1134	8.20	56.700	
1135	8.32	56.750	
1136	8.30	56.800	
1137	8.28	56.850	
1138	8.26	56.900	
1139	8.24	56.950	
1140	8.24	57.000	
1141	8.22	57.051	
1142	8.22	57.100	
1143	8.22	57.150	
1144	8.20	57.200	
1145	8.20	57.250	
1146	8.18	57.300	
1147	8.18	57.350	
1148	8.18	57.400	
1149	8.18	57.450	
1150	8.18	57.500	
1151	8.16	57.550	
1152	8.16	57.600	
1153	8.16	57.650	
1154	8.16	57.700	
1155	8.14	57.750	
1156	8.16	57.800	
1157	8.16	57.850	
1158	8.14	57.900	
1159	8.14	57.950	
1160	8.14	58.000	
1161	8.14	58.050	
1162	8.14	58.100	
1163	8.14	58.150	
1164	8.14	58.200	
1165	8.12	58.250	
1166	8.12	58.301	
1167	8.12	58.350	
1168	8.12	58.400	
1169	8.12	58.450	
1170	8.12	58.500	
1171	8.12	58.550	
1172	8.12	58.600	
1173	8.12	58.650	
1174	8.12	58.700	
1175	8.12	58.750	
1176	8.12	58.801	
1177	8.12	58.850	
1178	8.12	58.900	
1179	8.10	58.950	
1180	8.12	59.000	
1181	8.10	59.051	
1182	8.10	59.101	
1183	8.10	59.150	
1184	8.10	59.200	
1185	8.10	59.250	
1186	8.10	59.301	
1187	8.10	59.350	
1188	8.10	59.400	
1189	8.10	59.450	
1190	8.10	59.500	
1191	8.10	59.551	
1192	8.10	59.601	
1193	8.10	59.650	
1194	8.10	59.700	
1195	8.10	59.750	
1196	8.10	59.800	
1197	8.08	59.850	
1198	8.08	59.900	
1199	8.10	59.950	
1200	8.08	60.000	
1201	8.08	60.050	
1202	8.08	60.100	
1203	8.08	60.161	
1204	8.08	60.200	
1205	8.08	60.250	
1206	8.08	60.300	
1207	8.08	60.350	
1208	8.08	60.400	
1209	7.16	60.450	
1210	6.24	60.500	
1211	5.48	60.550	
1212	4.80	60.600	
1213	3.90	60.650	
1214	3.02	60.700	
1215	2.28	60.750	
1216	1.66	60.800	
1217	1.10	60.850	
1218	0.68	60.900	
1219	0.46	60.950	
1220	0.44	61.000	
1221	0.40	61.056	
1222	0.40	61.100	
1223	0.40	61.150	
1224	0.38	61.200	
1225	0.34	61.251	
1226	0.22	61.300	
1227	0.12	61.350	
1228	0.10	61.400	
1229	0.08	61.450	
1230	0.08	61.500	
1231	0.06	61.550	
1232	0.06	61.600	
1233	0.06	61.650	
1234	0.06	61.700	
1235	0.06	61.750	
1236	0.06	61.800	
1237	0.04	61.850	
1238	0.04	61.901	
1239	0.04	61.951	
1240	0.04	62.000	
1241	0.04	62.050	
1242	0.04	62.101	
1243	0.04	62.151	
1244	0.04	62.200	
1245	0.04	62.250	
1246	0.04	62.300	
1247	0.04	62.350	
1248	0.04	62.400	
1249	0.04	62.450	
1250	0.04	62.500	
1251	0.04	62.550	
1252	0.04	62.600	
1253	0.04	62.650	
1254	0.04	62.700	
1255	0.04	62.750	
1256	0.04	62.800	
1257	0.04	62.850	
1258	0.04	62.900	
1259	0.04	62.951	
1260	0.02	63.000	
1261	0.04	63.050	
1262	0.02	63.100	
1263	0.02	63.150	
1264	0.02	63.201	
1265	0.04	63.250	
1266	0.02	63.300	
1267	0.02	63.350	
1268	0.02	63.400	
1269	0.04	63.450	
1270	0.04	63.500	
1271	0.02	63.550	
1272	0.02	63.600	
1273	0.02	63.650	
1274	0.02	63.700	
1275	0.02	63.750	
1276	0.02	63.800	
1277	0.02	63.850	
1278	0.02	63.900	
1279	0.02	63.950	
1280	0.02	64.000	
1281	0.02	64.050	
1282	0.02	64.100	
1283	0.02	64.150	
1284	0.02	64.200	
1285	0.02	64.250	
1286	0.02	64.300	
1287	0.02	64.350	
1288	0.02	64.400	
1289	0.02	64.450	
1290	0.02	64.500	
1291	0.02	64.550	
1292	0.02	64.600	
1293	0.02	64.651	
1294	0.02	64.700	
1295	0.02	64.750	
1296	0.02	64.800	
1297	0.02	64.850	
1298	0.02	64.900	
1299	0.02	64.950	
1300	0.02	65.000	
1301	0.02	65.050	
1302	0.02	65.100	
1303	0.02	65.159	
1304	0.02	65.200	
1305	0.02	65.250	
1306	0.02	65.300	
1307	0.02	65.350	
1308	0.02	65.400	
1309	0.02	65.450	
1310	0.02	65.500	
1311	0.02	65.550	
1312	0.02	65.601	
1313	0.02	65.651	
1314	0.02	65.700	
1315	0.02	65.750	
1316	0.02	65.800	
1317	0.02	65.850	
1318	0.02	65.900	
1319	0.02	65.950	
1320	0.02	66.000	
1321	0.02	66.050	
1322	0.02	66.100	
1323	0.02	66.150	
1324	0.02	66.200	
1325	0.02	66.250	
1326	0.02	66.300	
1327	0.10	66.350	
1328	0.44	66.400	
1329	0.82	66.450	
1330	1.24	66.500	
1331	1.74	66.551	
1332	2.30	66.600	
1333	2.80	66.650	
1334	3.30	66.700	
1335	3.86	66.750	
1336	4.58	66.800	
1337	5.28	66.850	
1338	6.40	66.900	
1339	7.18	66.950	
1340	7.82	67.001	
1341	8.16	67.050	
1342	8.20	67.100	
1343	8.18	67.150	
1344	8.16	67.200	
1345	8.16	67.250	
1346	8.14	67.300	
1347	8.12	67.350	
1348	8.12	67.400	
1349	8.10	67.450	
1350	8.10	67.501	
1351	8.10	67.550	
1352	8.08	67.601	
1353	8.08	67.650	
1354	8.08	67.701	
1355	8.08	67.751	
1356	8.06	67.801	
1357	8.06	67.850	
1358	8.06	67.900	
1359	8.06	67.950	
1360	8.06	68.000	
1361	8.04	68.050	
1362	8.04	68.101	
1363	8.04	68.150	
1364	8.04	68.200	
1365	8.04	68.250	
1366	8.04	68.300	
1367	8.04	68.350	
1368	8.02	68.400	
1369	8.02	68.450	
1370	8.02	68.500	
1371	8.02	68.550	
1372	8.02	68.600	
1373	8.02	68.650	
1374	8.02	68.700	
1375	8.02	68.751	
1376	8.02	68.801	
1377	8.02	68.851	
1378	8.02	68.901	
1379	8.02	68.950	
1380	8.02	69.000	
1381	8.00	69.050	
1382	8.00	69.101	
1383	8.00	69.150	
1384	8.00	69.200	
1385	8.00	69.250	
1386	8.00	69.301	
1387	8.00	69.350	
1388	8.00	69.400	
1389	8.00	69.451	
1390	8.00	69.500	
1391	8.00	69.550	
1392	8.00	69.600	
1393	8.00	69.650	
1394	8.00	69.700	
1395	7.98	69.750	
1396	7.98	69.800	
1397	7.98	69.850	
1398	7.98	69.900	
1399	7.98	69.950	
1400	7.98	70.000	
1401	7.98	70.050	
1402	7.98	70.100	
1403	7.98	70.160	
1404	7.98	70.200	
1405	7.36	70.266	
1406	6.94	70.300	
1407	5.72	70.355	
1408	5.46	70.400	
1409	4.84	70.450	
1410	4.00	70.500	
1411	3.10	70.550	
1412	2.34	70.600	
1413	1.72	70.650	
1414	1.16	70.700	
1415	0.76	70.750	
1416	0.48	70.801	
1417	0.42	70.850	
1418	0.38	70.900	
1419	0.38	70.950	
1420	0.38	71.001	
1421	0.36	71.050	
1422	0.34	71.100	
1423	0.24	71.150	
1424	0.14	71.200	
1425	0.10	71.250	
1426	0.10	71.300	
1427	0.08	71.350	
1428	0.08	71.400	
1429	0.06	71.450	
1430	0.06	71.500	
1431	0.06	71.550	
1432	0.06	71.600	
1433	0.06	71.650	
1434	0.06	71.700	
1435	0.06	71.750	
1436	0.06	71.800	
1437	0.06	71.850	
1438	0.06	71.900	
1439	0.04	71.950	
1440	0.04	72.000	
1441	0.04	72.050	
1442	0.04	72.100	
1443	0.04	72.150	
1444	0.04	72.201	
1445	0.04	72.250	
1446	0.04	72.300	
1447	0.04	72.350	
1448	0.04	72.400	
1449	0.04	72.450	
1450	0.04	72.500	
1451	0.04	72.550	
1452	0.04	72.600	
1453	0.04	72.650	
1454	0.04	72.700	
1455	0.04	72.750	
1456	0.04	72.800	
1457	0.04	72.850	
1458	0.04	72.900	
1459	0.04	72.950	
1460	0.04	73.000	
1461	0.04	73.050	
1462	0.04	73.100	
1463	0.04	73.150	
1464	0.04	73.200	
1465	0.04	73.250	
1466	0.04	73.300	
1467	0.04	73.350	
1468	0.04	73.400	
1469	0.04	73.450	
1470	0.04	73.500	
1471	0.02	73.550	
1472	0.04	73.600	
1473	0.02	73.650	
1474	0.02	73.700	
1475	0.02	73.750	
1476	0.02	73.800	
1477	0.02	73.850	
1478	0.02	73.900	
1479	0.02	73.950	
1480	0.02	74.000	
1481	0.02	74.050	
1482	0.02	74.100	
1483	0.02	74.151	
1484	0.02	74.200	
1485	0.02	74.250	
1486	0.02	74.300	
1487	0.02	74.350	
1488	0.02	74.400	
1489	0.02	74.450	
1490	0.02	74.500	
1491	0.02	74.550	
1492	0.02	74.600	
1493	0.02	74.650	
1494	0.02	74.700	
1495	0.02	74.750	
1496	0.02	74.800	
1497	0.02	74.850	
1498	0.02	74.901	
1499	0.02	74.950	
1500	0.02	75.000	
1501	0.02	75.050	
1502	0.02	75.101	
1503	0.02	75.150	
1504	0.02	75.200	
1505	0.02	75.250	
1506	0.02	75.301	
1507	0.02	75.350	
1508	0.02	75.400	
1509	0.02	75.450	
1510	0.02	75.500	
1511	0.02	75.550	
1512	0.02	75.600	
1513	0.02	75.651	
1514	0.02	75.700	
1515	0.02	75.750	
1516	0.02	75.801	
1517	0.02	75.850	
1518	0.02	75.900	
1519	0.02	75.950	
1520	0.02	76.000	
1521	0.02	76.050	
1522	0.02	76.100	
1523	0.02	76.150	
1524	0.02	76.200	
1525	0.02	76.250	
1526	0.02	76.300	
1527	0.02	76.350	
1528	0.02	76.400	
1529	0.02	76.450	
1530	0.02	76.500	
1531	0.02	76.551	
1532	0.02	76.600	
1533	0.04	76.650	
1534	0.22	76.700	
1535	0.58	76.750	
1536	0.98	76.800	
1537	1.40	76.850	
1538	1.94	76.900	
1539	2.46	76.950	
1540	3.02	77.000	
1541	3.50	77.050	
1542	4.12	77.100	
1543	4.82	77.150	
1544	5.74	77.200	
1545	6.68	77.250	
1546	7.44	77.300	
1547	7.98	77.350	
1548	8.20	77.400	
1549	8.20	77.450	
1550	8.18	77.500	
1551	8.16	77.550	
1552	8.16	77.600	
1553	8.14	77.650	
1554	8.12	77.700	
1555	8.12	77.750	
1556	8.12	77.800	
1557	8.10	77.850	
1558	8.10	77.900	
1559	8.10	77.950	
1560	8.08	78.000	
1561	8.08	78.050	
1562	8.08	78.100	
1563	8.08	78.150	
1564	8.06	78.200	
1565	8.06	78.250	
1566	8.06	78.300	
1567	8.06	78.350	
1568	8.06	78.400	
1569	8.04	78.450	
1570	8.04	78.500	
1571	8.04	78.550	
1572	8.04	78.600	
1573	8.04	78.650	
1574	8.04	78.700	
1575	8.04	78.750	
1576	8.04	78.800	
1577	8.02	78.850	
1578	8.02	78.900	
1579	8.02	78.950	
1580	8.02	79.000	
1581	8.02	79.050	
1582	8.02	79.100	
1583	8.02	79.151	
1584	8.02	79.201	
1585	8.02	79.250	
1586	8.02	79.300	
1587	8.02	79.350	
1588	8.02	79.400	
1589	8.00	79.450	
1590	8.00	79.500	
1591	8.00	79.550	
1592	8.00	79.600	
1593	8.00	79.650	
1594	8.00	79.700	
1595	8.00	79.750	
1596	8.00	79.800	
1597	8.00	79.850	
1598	8.00	79.901	
1599	8.00	79.950	
1600	7.98	80.000	
1601	8.00	80.050	
1602	7.98	80.100	
1603	7.28	80.166	
1604	6.88	80.200	
1605	5.64	80.258	
1606	5.38	80.300	
1607	4.82	80.350	
1608	3.92	80.400	
1609	3.02	80.450	
1610	2.30	80.500	
1611	1.68	80.550	
1612	1.14	80.600	
1613	0.74	80.650	
1614	0.46	80.701	
1615	0.42	80.750	
1616	0.40	80.800	
1617	0.38	80.850	
1618	0.38	80.900	
1619	0.36	80.951	
1620	0.32	81.000	
1621	0.22	81.050	
1622	0.12	81.100	
1623	0.10	81.150	
1624	0.10	81.201	
1625	0.08	81.250	
1626	0.08	81.300	
1627	0.06	81.350	
1628	0.06	81.401	
1629	0.06	81.450	
1630	0.06	81.500	
1631	0.06	81.550	
1632	0.06	81.601	
1633	0.06	81.650	
1634	0.06	81.700	
1635	0.06	81.750	
1636	0.04	81.800	
1637	0.04	81.851	
1638	0.04	81.900	
1639	0.04	81.950	
1640	0.04	82.000	
1641	0.04	82.050	
1642	0.04	82.100	
1643	0.04	82.150	
1644	0.04	82.200	
1645	0.04	82.250	
1646	0.04	82.300	
1647	0.04	82.350	
1648	0.04	82.400	
1649	0.04	82.450	
1650	0.04	82.500	
1651	0.04	82.550	
1652	0.04	82.600	
1653	0.04	82.650	
1654	0.04	82.700	
1655	0.04	82.750	
1656	0.04	82.800	
1657	0.04	82.850	
1658	0.04	82.900	
1659	0.04	82.950	
1660	0.04	83.000	
1661	0.04	83.050	
1662	0.04	83.100	
1663	0.04	83.150	
1664	0.04	83.200	
1665	0.04	83.250	
1666	0.02	83.300	
1667	0.04	83.350	
1668	0.02	83.400	
1669	0.04	83.450	
1670	0.04	83.500	
1671	0.04	83.550	
1672	0.02	83.600	
1673	0.02	83.650	
1674	0.04	83.700	
1675	0.04	83.750	
1676	0.04	83.800	
1677	0.04	83.850	
1678	0.04	83.900	
1679	0.02	83.950	
1680	0.04	84.000	
1681	0.02	84.051	
1682	0.02	84.100	
1683	0.02	84.150	
1684	0.02	84.200	
1685	0.02	84.250	
1686	0.02	84.300	
1687	0.04	84.350	
1688	0.02	84.400	
1689	0.02	84.450	
1690	0.02	84.500	
1691	0.02	84.550	
1692	0.02	84.600	
1693	0.02	84.651	
1694	0.02	84.700	
1695	0.02	84.750	
1696	0.02	84.800	
1697	0.02	84.850	
1698	0.02	84.900	
1699	0.02	84.951	
1700	0.02	85.001	
1701	0.02	85.050	
1702	0.02	85.100	
1703	0.02	85.150	
1704	0.02	85.200	
1705	0.02	85.250	
1706	0.02	85.300	
1707	0.02	85.350	
1708	0.02	85.400	
1709	0.02	85.450	
1710	0.02	85.500	
1711	0.02	85.551	
1712	0.02	85.600	
1713	0.02	85.650	
1714	0.02	85.700	
1715	0.02	85.750	
1716	0.02	85.800	
1717	0.02	85.850	
1718	0.02	85.900	
1719	0.02	85.950	
1720	0.02	86.000	
1721	0.02	86.050	
1722	0.02	86.100	
1723	0.02	86.150	
1724	0.02	86.200	
1725	0.02	86.250	
1726	0.02	86.300	
1727	0.02	86.350	
1728	0.02	86.400	
1729	0.02	86.450	
1730	0.02	86.500	
1731	0.02	86.551	
1732	0.02	86.600	
1733	0.02	86.650	
1734	0.02	86.701	
1735	0.02	86.750	
1736	0.02	86.800	
1737	0.02	86.850	
1738	0.02	86.900	
1739	0.02	86.950	
1740	0.02	87.001	
1741	0.02	87.050	
1742	0.02	87.100	
1743	0.02	87.150	
1744	0.02	87.200	
1745	0.02	87.250	
1746	0.02	87.300	
1747	0.02	87.351	
1748	0.02	87.401	
1749	0.02	87.450	
1750	0.02	87.501	
1751	0.02	87.550	
1752	0.02	87.600	
1753	0.02	87.650	
1754	0.02	87.700	
1755	0.02	87.750	
1756	0.08	87.800	
1757	0.38	87.850	
1758	0.76	87.900	
1759	1.16	87.950	
1760	1.64	88.000	
1761	2.12	88.050	
1762	2.68	88.100	
1763	3.22	88.150	
1764	3.72	88.201	
1765	4.42	88.250	
1766	5.10	88.300	
1767	6.24	88.350	
1768	7.06	88.400	
1769	7.78	88.450	
1770	8.22	88.500	
1771	8.32	88.550	
1772	8.30	88.600	
1773	8.28	88.650	
1774	8.26	88.700	
1775	8.24	88.750	
1776	8.24	88.800	
1777	8.22	88.850	
1778	8.22	88.900	
1779	8.20	88.950	
1780	8.20	89.000	
1781	8.18	89.050	
1782	8.18	89.100	
1783	8.18	89.151	
1784	8.18	89.200	
1785	8.18	89.250	
1786	8.16	89.300	
1787	8.16	89.350	
1788	8.16	89.400	
1789	8.16	89.451	
1790	8.16	89.501	
1791	8.14	89.550	
1792	8.14	89.600	
1793	8.14	89.651	
1794	8.14	89.700	
1795	8.14	89.750	
1796	8.12	89.800	
1797	8.12	89.850	
1798	8.12	89.901	
1799	8.12	89.950	
1800	8.12	90.000	
1801	8.12	90.050	
1802	8.12	90.100	
1803	8.12	90.200	
1804	8.12	90.250	
1805	8.12	90.307	
1806	8.12	90.351	
1807	8.12	90.400	
1808	8.10	90.450	
1809	8.10	90.501	
1810	8.10	90.550	
1811	8.10	90.600	
1812	8.10	90.650	
1813	8.10	90.700	
1814	8.10	90.750	
1815	8.10	90.800	
1816	8.10	90.851	
1817	8.10	90.900	
1818	8.10	90.950	
1819	8.10	91.000	
1820	8.10	91.050	
1821	8.10	91.100	
1822	8.08	91.150	
1823	8.10	91.200	
1824	8.08	91.250	
1825	8.08	91.300	
1826	8.08	91.350	
1827	8.08	91.400	
1828	8.08	91.450	
1829	8.08	91.500	
1830	8.08	91.550	
1831	8.08	91.600	
1832	8.10	91.650	
1833	7.68	91.700	
1834	6.64	91.750	
1835	5.82	91.800	
1836	5.10	91.850	
1837	4.32	91.900	
1838	3.40	91.950	
1839	2.62	92.000	
1840	1.96	92.050	
1841	1.38	92.100	
1842	0.90	92.150	
1843	0.56	92.200	
1844	0.44	92.250	
1845	0.42	92.300	
1846	0.40	92.350	
1847	0.40	92.400	
1848	0.38	92.450	
1849	0.34	92.500	
1850	0.28	92.550	
1851	0.18	92.600	
1852	0.12	92.650	
1853	0.10	92.700	
1854	0.10	92.750	
1855	0.08	92.800	
1856	0.08	92.850	
1857	0.08	92.900	
1858	0.06	92.950	
1859	0.06	93.000	
1860	0.06	93.050	
1861	0.06	93.100	
1862	0.06	93.150	
1863	0.06	93.200	
1864	0.06	93.250	
1865	0.06	93.300	
1866	0.06	93.350	
1867	0.06	93.400	
1868	0.06	93.451	
1869	0.04	93.500	
1870	0.04	93.550	
1871	0.04	93.600	
1872	0.06	93.651	
1873	0.06	93.700	
1874	0.04	93.750	
1875	0.04	93.800	
1876	0.04	93.850	
1877	0.04	93.900	
1878	0.04	93.950	
1879	0.04	94.000	
1880	0.04	94.050	
1881	0.04	94.100	
1882	0.04	94.150	
1883	0.04	94.200	
1884	0.04	94.250	
1885	0.04	94.300	
1886	0.04	94.350	
1887	0.04	94.400	
1888	0.04	94.450	
1889	0.04	94.500	
1890	0.04	94.550	
1891	0.04	94.600	
1892	0.04	94.650	
1893	0.04	94.700	
1894	0.04	94.750	
1895	0.04	94.800	
1896	0.04	94.850	
1897	0.04	94.900	
1898	0.04	94.950	
1899	0.04	95.000	
1900	0.04	95.050	
1901	0.04	95.100	
1902	0.04	95.150	
1903	0.04	95.200	
1904	0.04	95.250	
1905	0.04	95.300	
1906	0.04	95.350	
1907	0.04	95.400	
1908	0.04	95.450	
1909	0.04	95.500	
1910	0.04	95.550	
1911	0.04	95.600	
1912	0.04	95.650	
1913	0.04	95.701	
1914	0.04	95.750	
1915	0.04	95.800	
1916	0.04	95.850	
1917	0.04	95.900	
1918	0.04	95.950	
1919	0.04	96.000	
1920	0.04	96.050	
1921	0.02	96.100	
1922	0.04	96.150	
1923	0.04	96.201	
1924	0.02	96.250	
1925	0.04	96.300	
1926	0.04	96.350	
1927	0.02	96.400	
1928	0.04	96.450	
1929	0.02	96.500	
1930	0.04	96.550	
1931	0.04	96.600	
1932	0.04	96.650	
1933	0.04	96.700	
1934	0.02	96.750	
1935	0.02	96.801	
1936	0.02	96.850	
1937	0.02	96.900	
1938	0.02	96.950	
1939	0.02	97.000	
1940	0.04	97.050	
1941	0.02	97.100	
1942	0.02	97.151	
1943	0.02	97.200	
1944	0.02	97.250	
1945	0.02	97.301	
1946	0.02	97.350	
1947	0.02	97.400	
1948	0.02	97.450	
1949	0.02	97.500	
1950	0.02	97.550	
1951	0.02	97.600	
1952	0.02	97.650	
1953	0.02	97.700	
1954	0.02	97.750	
1955	0.02	97.800	
1956	0.02	97.850	
1957	0.02	97.900	
1958	0.02	97.950	
1959	0.02	98.000	
1960	0.02	98.050	
1961	0.02	98.100	
1962	0.02	98.150	
1963	0.02	98.200	
1964	0.02	98.250	
1965	0.02	98.301	
1966	0.02	98.351	
1967	0.02	98.400	
1968	0.02	98.450	
1969	0.02	98.500	
1970	0.02	98.550	
1971	0.02	98.600	
1972	0.02	98.650	
1973	0.02	98.700	
1974	0.02	98.750	
1975	0.02	98.800	
1976	0.02	98.850	
1977	0.02	98.900	
1978	0.02	98.950	
1979	0.02	99.000	
1980	0.02	99.050	
1981	0.02	99.100	
1982	0.02	99.150	
1983	0.02	99.200	
1984	0.02	99.250	
1985	0.02	99.300	
1986	0.02	99.350	
1987	0.02	99.400	
1988	0.02	99.450	
1989	0.02	99.500	
1990	0.02	99.550	
1991	0.02	99.600	
1992	0.02	99.651	
1993	0.02	99.700	
1994	0.02	99.750	
1995	0.02	99.800	
1996	0.02	99.850	
1997	0.02	99.900	
1998	0.04	99.950	
1999	0.04	100.000	
2000	0.06	100.050	
2001	0.32	100.100	
2002	1.10	100.200	
2003	1.54	100.250	
2004	2.54	100.313	
2005	2.72	100.350	
2006	3.52	100.409	
2007	3.72	100.450	
2008	4.80	100.508	
2009	5.06	100.550	
2010	6.64	100.606	
2011	6.94	100.650	
2012	7.84	100.700	
2013	8.08	100.750	
2014	8.26	100.800	
2015	8.24	100.850	
2016	8.22	100.900	
2017	8.20	100.950	
2018	8.18	101.000	
2019	8.18	101.050	
2020	8.16	101.100	
2021	8.16	101.150	
2022	8.14	101.200	
2023	8.14	101.251	
2024	8.14	101.300	
2025	8.12	101.350	
2026	8.12	101.400	
2027	8.12	101.450	
2028	8.12	101.500	
2029	8.12	101.550	
2030	8.10	101.600	
2031	8.10	101.650	
2032	8.10	101.700	
2033	8.10	101.750	
2034	8.08	101.801	
2035	8.08	101.850	
2036	8.08	101.901	
2037	8.08	101.950	
2038	8.08	102.000	
2039	8.08	102.050	
2040	8.08	102.101	
2041	8.06	102.150	
2042	8.06	102.200	
2043	8.06	102.250	
2044	8.06	102.300	
2045	8.06	102.350	
2046	8.06	102.401	
2047	8.06	102.450	
2048	8.06	102.500	
2049	8.06	102.551	
2050	8.06	102.600	
2051	8.04	102.650	
2052	8.04	102.700	
2053	8.04	102.750	
2054	8.04	102.801	
2055	8.04	102.850	
2056	8.04	102.900	
2057	8.04	102.950	
2058	8.04	103.000	
2059	8.04	103.050	
2060	8.04	103.100	
2061	8.04	103.150	
2062	8.04	103.200	
2063	8.04	103.250	
2064	8.04	103.300	
2065	8.02	103.350	
2066	8.04	103.400	
2067	8.04	103.450	
2068	8.02	103.500	
2069	8.02	103.550	
2070	8.02	103.601	
2071	8.02	103.650	
2072	8.02	103.700	
2073	8.02	103.750	
2074	8.02	103.800	
2075	8.02	103.850	
2076	8.02	103.900	
2077	8.02	103.950	
2078	8.02	104.000	
2079	8.02	104.050	
2080	8.02	104.101	
2081	8.00	104.150	
2082	8.00	104.200	
2083	8.02	104.250	
2084	8.02	104.300	
2085	8.00	104.350	
2086	8.00	104.400	
2087	8.00	104.450	
2088	8.00	104.501	
2089	8.00	104.550	
2090	8.00	104.601	
2091	8.00	104.651	
2092	8.00	104.700	
2093	8.00	104.750	
2094	8.00	104.800	
2095	8.04	104.850	
2096	7.54	104.900	
2097	6.54	104.950	
2098	5.72	105.000	
2099	5.02	105.050	
2100	4.24	105.100	
2101	3.28	105.150	
2102	2.52	105.200	
2103	1.86	105.250	
2104	1.30	105.300	
2105	0.84	105.350	
2106	0.52	105.400	
2107	0.44	105.450	
2108	0.42	105.500	
2109	0.40	105.550	
2110	0.40	105.601	
2111	0.38	105.650	
2112	0.34	105.700	
2113	0.28	105.750	
2114	0.16	105.800	
2115	0.12	105.850	
2116	0.10	105.900	
2117	0.10	105.950	
2118	0.08	106.000	
2119	0.08	106.050	
2120	0.06	106.100	
2121	0.06	106.150	
2122	0.06	106.200	
2123	0.06	106.250	
2124	0.06	106.301	
2125	0.06	106.350	
2126	0.06	106.400	
2127	0.06	106.450	
2128	0.06	106.500	
2129	0.06	106.550	
2130	0.04	106.600	
2131	0.06	106.650	
2132	0.04	106.700	
2133	0.04	106.750	
2134	0.04	106.800	
2135	0.04	106.850	
2136	0.04	106.900	
2137	0.04	106.950	
2138	0.04	107.000	
2139	0.04	107.050	
2140	0.04	107.100	
2141	0.04	107.150	
2142	0.04	107.200	
2143	0.04	107.250	
2144	0.04	107.300	
2145	0.04	107.350	
2146	0.04	107.400	
2147	0.04	107.450	
2148	0.04	107.500	
2149	0.04	107.550	
2150	0.04	107.600	
2151	0.04	107.650	
2152	0.04	107.700	
2153	0.04	107.750	
2154	0.04	107.800	
2155	0.04	107.850	
2156	0.04	107.900	
2157	0.04	107.950	
2158	0.04	108.000	
2159	0.04	108.050	
2160	0.04	108.101	
2161	0.04	108.150	
2162	0.04	108.200	
2163	0.04	108.251	
2164	0.04	108.300	
2165	0.04	108.350	
2166	0.04	108.400	
2167	0.04	108.450	
2168	0.04	108.500	
2169	0.04	108.550	
2170	0.02	108.600	
2171	0.04	108.650	
2172	0.04	108.701	
2173	0.04	108.750	
2174	0.04	108.800	
2175	0.04	108.851	
2176	0.02	108.900	
2177	0.04	108.951	
2178	0.04	109.000	
2179	0.04	109.050	
2180	0.02	109.100	
2181	0.02	109.150	
2182	0.02	109.200	
2183	0.04	109.250	
2184	0.02	109.300	
2185	0.02	109.350	
2186	0.02	109.400	
2187	0.04	109.450	
2188	0.02	109.500	
2189	0.02	109.550	
2190	0.02	109.601	
