7/24/2024  3:36 PM
Units: N
Readings: Continuous
X-Axis: Time

Reading	Load	Time	
1	-0.02	0.000	
2	-0.02	0.100	
3	-0.02	0.150	
4	-0.02	0.200	
5	-0.02	0.250	
6	-0.02	0.300	
7	-0.02	0.350	
8	-0.02	0.400	
9	-0.02	0.450	
10	-0.02	0.500	
11	-0.02	0.550	
12	-0.02	0.600	
13	-0.02	0.650	
14	-0.02	0.700	
15	-0.02	0.751	
16	-0.02	0.800	
17	-0.02	0.850	
18	-0.02	0.900	
19	-0.02	0.950	
20	-0.02	1.000	
21	-0.02	1.051	
22	-0.02	1.100	
23	-0.02	1.150	
24	-0.02	1.200	
25	-0.02	1.250	
26	-0.02	1.300	
27	-0.02	1.350	
28	-0.02	1.400	
29	-0.02	1.450	
30	-0.02	1.500	
31	-0.02	1.551	
32	-0.02	1.600	
33	-0.02	1.650	
34	-0.02	1.700	
35	-0.02	1.751	
36	-0.02	1.800	
37	-0.02	1.850	
38	-0.02	1.900	
39	-0.02	1.950	
40	-0.02	2.001	
41	-0.02	2.050	
42	-0.02	2.100	
43	-0.02	2.151	
44	-0.02	2.200	
45	-0.02	2.250	
46	-0.02	2.300	
47	-0.02	2.350	
48	-0.02	2.400	
49	-0.02	2.450	
50	-0.02	2.500	
51	-0.02	2.550	
52	-0.02	2.601	
53	-0.02	2.650	
54	-0.02	2.700	
55	-0.02	2.750	
56	-0.02	2.800	
57	-0.02	2.850	
58	-0.02	2.900	
59	-0.02	2.950	
60	-0.02	3.000	
61	-0.02	3.050	
62	-0.02	3.100	
63	-0.02	3.150	
64	-0.02	3.200	
65	-0.02	3.250	
66	-0.02	3.300	
67	-0.02	3.350	
68	-0.02	3.401	
69	-0.02	3.451	
70	-0.02	3.500	
71	-0.02	3.550	
72	-0.02	3.601	
73	-0.02	3.650	
74	-0.02	3.700	
75	-0.02	3.750	
76	-0.02	3.800	
77	-0.02	3.850	
78	-0.02	3.900	
79	-0.02	3.950	
80	-0.02	4.000	
81	-0.02	4.051	
82	-0.02	4.100	
83	-0.02	4.150	
84	-0.02	4.201	
85	-0.02	4.250	
86	-0.02	4.300	
87	-0.02	4.350	
88	-0.02	4.400	
89	-0.02	4.451	
90	-0.02	4.500	
91	-0.02	4.550	
92	-0.02	4.601	
93	-0.02	4.651	
94	-0.02	4.700	
95	-0.02	4.750	
96	-0.02	4.800	
97	-0.02	4.850	
98	-0.02	4.900	
99	-0.02	4.950	
100	-0.02	5.000	
101	-0.02	5.050	
102	-0.02	5.100	
103	-0.02	5.150	
104	-0.02	5.200	
105	-0.02	5.250	
106	-0.02	5.300	
107	-0.02	5.350	
108	-0.02	5.400	
109	-0.02	5.450	
110	-0.02	5.501	
111	-0.02	5.551	
112	-0.02	5.600	
113	0.04	5.651	
114	0.26	5.701	
115	0.58	5.750	
116	0.94	5.800	
117	1.40	5.851	
118	1.96	5.900	
119	2.62	5.950	
120	3.16	6.000	
121	3.92	6.050	
122	4.62	6.100	
123	6.02	6.150	
124	6.36	6.200	
125	7.20	6.250	
126	8.52	6.300	
127	9.38	6.350	
128	9.68	6.400	
129	9.70	6.451	
130	9.66	6.500	
131	9.64	6.550	
132	9.62	6.600	
133	9.58	6.651	
134	9.58	6.700	
135	9.56	6.750	
136	9.56	6.800	
137	9.54	6.850	
138	9.54	6.900	
139	9.52	6.950	
140	9.52	7.001	
141	9.50	7.050	
142	9.50	7.100	
143	9.50	7.150	
144	9.48	7.201	
145	9.48	7.250	
146	9.48	7.300	
147	9.46	7.350	
148	9.46	7.401	
149	9.46	7.451	
150	9.46	7.500	
151	9.44	7.550	
152	9.44	7.601	
153	9.44	7.650	
154	9.44	7.700	
155	9.42	7.750	
156	9.42	7.800	
157	9.42	7.850	
158	9.42	7.901	
159	9.42	7.951	
160	9.42	8.000	
161	9.42	8.050	
162	9.42	8.100	
163	9.40	8.151	
164	9.40	8.201	
165	9.40	8.250	
166	9.40	8.301	
167	9.40	8.351	
168	9.38	8.400	
169	9.38	8.450	
170	9.38	8.500	
171	9.38	8.550	
172	9.38	8.600	
173	9.38	8.650	
174	9.38	8.700	
175	9.36	8.750	
176	9.38	8.800	
177	9.36	8.850	
178	9.36	8.900	
179	9.36	8.950	
180	9.36	9.000	
181	9.36	9.050	
182	9.36	9.100	
183	9.36	9.151	
184	9.36	9.200	
185	8.70	9.251	
186	7.50	9.300	
187	6.30	9.350	
188	5.22	9.400	
189	3.88	9.450	
190	2.92	9.500	
191	2.20	9.550	
192	1.48	9.600	
193	0.94	9.651	
194	0.52	9.700	
195	0.30	9.750	
196	0.14	9.800	
197	0.08	9.850	
198	0.02	9.900	
199	0.00	9.950	
200	-0.02	10.000	
201	-0.02	10.050	
202	-0.02	10.100	
203	-0.08	10.150	
204	-0.10	10.200	
205	-0.12	10.250	
206	-0.12	10.300	
207	-0.12	10.351	
208	-0.12	10.400	
209	-0.12	10.450	
210	-0.12	10.501	
211	-0.12	10.550	
212	-0.12	10.600	
213	-0.12	10.650	
214	-0.12	10.700	
215	-0.14	10.750	
216	-0.12	10.800	
217	-0.14	10.850	
218	-0.14	10.900	
219	-0.12	10.950	
220	-0.14	11.000	
221	-0.14	11.050	
222	-0.14	11.100	
223	-0.14	11.150	
224	-0.14	11.201	
225	-0.14	11.251	
226	-0.14	11.300	
227	-0.14	11.350	
228	-0.14	11.400	
229	-0.14	11.450	
230	-0.14	11.500	
231	-0.14	11.550	
232	-0.14	11.600	
233	-0.14	11.650	
234	-0.14	11.701	
235	-0.14	11.750	
236	-0.14	11.800	
237	-0.14	11.850	
238	-0.14	11.900	
239	-0.14	11.950	
240	-0.14	12.000	
241	-0.14	12.050	
242	-0.14	12.100	
243	-0.14	12.150	
244	-0.14	12.200	
245	-0.14	12.250	
246	-0.14	12.300	
247	-0.14	12.350	
248	-0.14	12.400	
249	-0.14	12.451	
250	-0.14	12.500	
251	-0.14	12.550	
252	-0.14	12.600	
253	-0.14	12.650	
254	-0.14	12.701	
255	-0.14	12.750	
256	-0.14	12.801	
257	-0.14	12.850	
258	-0.14	12.900	
259	-0.14	12.950	
260	-0.14	13.000	
261	-0.14	13.050	
262	-0.14	13.100	
263	-0.14	13.151	
264	-0.14	13.200	
265	-0.14	13.250	
266	-0.14	13.300	
267	-0.14	13.350	
268	-0.14	13.400	
269	-0.14	13.450	
270	-0.14	13.500	
271	-0.14	13.550	
272	-0.14	13.600	
273	-0.14	13.650	
274	-0.14	13.700	
275	-0.14	13.750	
276	-0.14	13.800	
277	-0.14	13.850	
278	-0.14	13.900	
279	-0.14	13.950	
280	-0.14	14.000	
281	-0.14	14.050	
282	-0.14	14.100	
283	-0.14	14.150	
284	-0.10	14.200	
285	0.08	14.250	
286	0.36	14.300	
287	0.74	14.350	
288	1.18	14.400	
289	1.74	14.450	
290	2.40	14.501	
291	2.96	14.550	
292	3.72	14.600	
293	4.62	14.650	
294	5.52	14.700	
295	6.62	14.750	
296	7.72	14.801	
297	8.64	14.850	
298	9.22	14.900	
299	9.40	14.950	
300	9.38	15.001	
301	9.36	15.050	
302	9.34	15.100	
303	9.30	15.150	
304	9.30	15.200	
305	9.28	15.250	
306	9.28	15.301	
307	9.26	15.350	
308	9.26	15.400	
309	9.24	15.450	
310	9.24	15.500	
311	9.22	15.550	
312	9.22	15.600	
313	9.22	15.650	
314	9.22	15.700	
315	9.20	15.751	
316	9.20	15.800	
317	9.20	15.850	
318	9.20	15.900	
319	9.18	15.950	
320	9.18	16.000	
321	9.18	16.050	
322	9.18	16.100	
323	9.16	16.150	
324	9.16	16.200	
325	9.16	16.250	
326	9.16	16.300	
327	9.16	16.350	
328	9.16	16.400	
329	9.14	16.450	
330	9.14	16.501	
331	9.14	16.550	
332	9.14	16.600	
333	9.14	16.650	
334	9.14	16.701	
335	9.12	16.750	
336	9.12	16.800	
337	9.12	16.850	
338	9.12	16.900	
339	9.12	16.950	
340	9.12	17.000	
341	9.12	17.051	
342	9.12	17.100	
343	9.12	17.150	
344	9.12	17.200	
345	9.12	17.251	
346	9.12	17.300	
347	9.10	17.350	
348	9.10	17.401	
349	9.10	17.450	
350	9.10	17.500	
351	9.10	17.550	
352	9.10	17.600	
353	9.10	17.650	
354	9.08	17.701	
355	8.16	17.750	
356	6.96	17.800	
357	5.78	17.851	
358	4.76	17.900	
359	3.54	17.950	
360	2.68	18.001	
361	1.90	18.050	
362	1.24	18.100	
363	0.74	18.150	
364	0.40	18.200	
365	0.24	18.250	
366	0.10	18.300	
367	0.04	18.350	
368	0.00	18.401	
369	-0.02	18.450	
370	-0.04	18.500	
371	-0.04	18.551	
372	-0.06	18.600	
373	-0.10	18.650	
374	-0.12	18.701	
375	-0.12	18.751	
376	-0.12	18.801	
377	-0.14	18.851	
378	-0.14	18.900	
379	-0.14	18.950	
380	-0.14	19.000	
381	-0.14	19.050	
382	-0.14	19.101	
383	-0.14	19.150	
384	-0.14	19.200	
385	-0.14	19.251	
386	-0.14	19.300	
387	-0.14	19.350	
388	-0.14	19.400	
389	-0.14	19.450	
390	-0.14	19.500	
391	-0.14	19.551	
392	-0.14	19.600	
393	-0.14	19.650	
394	-0.14	19.700	
395	-0.14	19.750	
396	-0.14	19.801	
397	-0.14	19.850	
398	-0.14	19.900	
399	-0.14	19.950	
400	-0.14	20.000	
401	-0.14	20.050	
402	-0.14	20.100	
403	-0.14	20.150	
404	-0.14	20.201	
405	-0.14	20.250	
406	-0.14	20.300	
407	-0.14	20.350	
408	-0.14	20.400	
409	-0.14	20.450	
410	-0.14	20.500	
411	-0.14	20.550	
412	-0.14	20.601	
413	-0.14	20.650	
414	-0.14	20.700	
415	-0.14	20.750	
416	-0.14	20.800	
417	-0.14	20.850	
418	-0.14	20.900	
419	-0.14	20.951	
420	-0.14	21.000	
421	-0.14	21.050	
422	-0.14	21.100	
423	-0.14	21.150	
424	-0.14	21.201	
425	-0.14	21.250	
426	-0.14	21.300	
427	-0.14	21.350	
428	-0.14	21.400	
429	-0.14	21.450	
430	-0.06	21.500	
431	0.40	21.550	
432	0.52	21.600	
433	1.64	21.700	
434	2.00	21.750	
435	2.68	21.801	
436	3.26	21.850	
437	4.12	21.900	
438	4.98	21.950	
439	5.92	22.000	
440	7.12	22.050	
441	8.98	22.150	
442	9.20	22.200	
443	9.22	22.250	
444	9.20	22.300	
445	9.18	22.350	
446	9.16	22.400	
447	9.14	22.450	
448	9.12	22.501	
449	9.12	22.551	
450	9.10	22.600	
451	9.10	22.650	
452	9.08	22.701	
453	9.08	22.750	
454	9.08	22.800	
455	9.06	22.853	
456	9.06	22.900	
457	9.06	22.950	
458	9.04	23.050	
459	9.04	23.100	
460	9.04	23.200	
461	9.04	23.250	
462	9.02	23.304	
463	9.02	23.350	
464	9.02	23.400	
465	9.02	23.450	
466	9.02	23.500	
467	9.02	23.550	
468	9.00	23.600	
469	9.00	23.650	
470	9.00	23.700	
471	9.00	23.750	
472	9.00	23.800	
473	8.98	23.850	
474	8.98	23.900	
475	8.98	23.950	
476	8.98	24.000	
477	8.98	24.050	
478	8.98	24.100	
479	8.96	24.150	
480	8.96	24.200	
481	8.96	24.250	
482	8.96	24.300	
483	8.96	24.350	
484	8.96	24.400	
485	8.96	24.450	
486	8.96	24.500	
487	8.96	24.550	
488	8.96	24.600	
489	8.96	24.650	
490	8.96	24.700	
491	8.94	24.750	
492	8.94	24.800	
493	7.68	24.853	
494	7.24	24.900	
495	6.12	24.950	
496	5.08	25.000	
497	4.04	25.051	
498	2.94	25.101	
499	2.20	25.151	
500	1.44	25.201	
501	0.90	25.250	
502	0.48	25.300	
503	0.28	25.350	
504	0.14	25.400	
505	0.04	25.450	
506	0.00	25.501	
507	-0.02	25.550	
508	-0.04	25.601	
509	-0.04	25.650	
510	-0.04	25.700	
511	-0.08	25.750	
512	-0.12	25.801	
513	-0.14	25.850	
514	-0.14	25.901	
515	-0.14	25.950	
516	-0.14	26.000	
517	-0.14	26.050	
518	-0.14	26.100	
519	-0.14	26.154	
520	-0.14	26.200	
521	-0.14	26.250	
522	-0.14	26.300	
523	-0.14	26.350	
524	-0.14	26.400	
525	-0.14	26.500	
526	-0.14	26.550	
527	-0.14	26.600	
528	-0.14	26.650	
529	-0.14	26.701	
530	-0.14	26.750	
531	-0.14	26.804	
532	-0.14	26.850	
533	-0.14	26.900	
534	-0.14	26.950	
535	-0.14	27.014	
536	-0.14	27.050	
537	-0.14	27.106	
538	-0.14	27.150	
539	-0.14	27.200	
540	-0.14	27.250	
541	-0.14	27.300	
542	-0.14	27.351	
543	-0.14	27.400	
544	-0.14	27.450	
545	-0.14	27.500	
546	-0.14	27.550	
547	-0.14	27.600	
548	-0.14	27.650	
549	-0.14	27.700	
550	-0.14	27.750	
551	-0.14	27.800	
552	-0.14	27.850	
553	-0.14	27.900	
554	-0.14	27.950	
555	-0.14	28.000	
556	-0.16	28.050	
557	-0.14	28.100	
558	-0.14	28.155	
559	-0.14	28.201	
560	-0.14	28.300	
561	-0.14	28.350	
562	-0.14	28.400	
563	-0.14	28.450	
564	-0.14	28.500	
565	-0.14	28.550	
566	-0.14	28.601	
567	-0.14	28.650	
568	-0.06	28.700	
569	0.14	28.750	
570	0.48	28.800	
571	0.86	28.850	
572	1.32	28.900	
573	1.92	28.951	
574	2.62	29.000	
575	4.60	29.101	
576	4.92	29.150	
577	6.80	29.210	
578	7.16	29.251	
579	7.96	29.300	
580	8.68	29.350	
581	9.06	29.400	
582	9.08	29.450	
583	9.06	29.500	
584	9.04	29.550	
585	9.02	29.600	
586	9.00	29.651	
587	9.00	29.700	
588	8.98	29.801	
589	8.96	29.850	
590	8.96	29.900	
591	8.94	29.950	
592	8.94	30.000	
593	8.94	30.051	
594	8.94	30.100	
595	8.92	30.155	
596	8.92	30.200	
597	8.92	30.250	
598	8.92	30.300	
599	8.92	30.350	
600	8.90	30.400	
601	8.90	30.451	
602	8.90	30.500	
603	8.90	30.550	
604	8.88	30.601	
605	8.88	30.650	
606	8.88	30.700	
607	8.88	30.751	
608	8.88	30.800	
609	8.88	30.850	
610	8.88	30.901	
611	8.88	30.950	
612	8.86	31.000	
613	8.86	31.050	
614	8.86	31.100	
615	8.86	31.150	
616	8.86	31.204	
617	8.86	31.250	
618	8.86	31.301	
619	8.86	31.350	
620	8.84	31.401	
621	8.84	31.450	
622	8.84	31.500	
623	8.84	31.550	
624	8.84	31.600	
625	8.84	31.650	
626	8.84	31.701	
627	8.84	31.750	
628	8.82	31.800	
629	8.82	31.850	
630	8.82	31.901	
631	8.82	31.950	
632	8.82	32.000	
633	8.82	32.050	
634	8.82	32.100	
635	8.82	32.150	
636	8.82	32.201	
637	8.82	32.251	
638	8.82	32.300	
639	8.82	32.350	
640	8.82	32.400	
641	8.82	32.450	
642	8.80	32.500	
643	8.82	32.550	
644	8.82	32.600	
645	8.80	32.650	
646	8.80	32.700	
647	8.80	32.750	
648	8.82	32.800	
649	8.18	32.851	
650	6.96	32.900	
651	5.84	32.950	
652	4.82	33.000	
653	3.04	33.050	
654	2.78	33.100	
655	2.00	33.151	
656	1.28	33.200	
657	0.76	33.250	
658	0.42	33.300	
659	0.26	33.350	
660	0.12	33.400	
661	0.04	33.450	
662	0.00	33.500	
663	-0.04	33.550	
664	-0.04	33.600	
665	-0.04	33.650	
666	-0.06	33.700	
667	-0.10	33.750	
668	-0.12	33.800	
669	-0.14	33.850	
670	-0.14	33.900	
671	-0.14	33.950	
672	-0.14	34.001	
673	-0.14	34.051	
674	-0.14	34.100	
675	-0.14	34.150	
676	-0.14	34.200	
677	-0.14	34.250	
678	-0.14	34.300	
679	-0.14	34.350	
680	-0.14	34.400	
681	-0.14	34.450	
682	-0.14	34.501	
683	-0.14	34.550	
684	-0.14	34.600	
685	-0.14	34.650	
686	-0.14	34.700	
687	-0.14	34.750	
688	-0.14	34.800	
689	-0.14	34.850	
690	-0.14	34.900	
691	-0.14	34.950	
692	-0.14	35.000	
693	-0.14	35.050	
694	-0.14	35.100	
695	-0.14	35.150	
696	-0.14	35.200	
697	-0.14	35.250	
698	-0.14	35.300	
699	-0.14	35.351	
700	-0.14	35.400	
701	-0.14	35.450	
702	-0.14	35.500	
703	-0.14	35.551	
704	-0.16	35.600	
705	-0.14	35.650	
706	-0.14	35.700	
707	-0.14	35.751	
708	-0.14	35.800	
709	-0.16	35.850	
710	-0.14	35.900	
711	-0.14	35.950	
712	-0.16	36.000	
713	-0.16	36.050	
714	-0.14	36.101	
715	-0.14	36.150	
716	-0.16	36.200	
717	-0.16	36.250	
718	-0.16	36.300	
719	-0.14	36.350	
720	-0.16	36.400	
721	-0.14	36.450	
722	-0.16	36.500	
723	-0.16	36.550	
724	-0.14	36.601	
725	-0.14	36.650	
726	-0.14	36.700	
727	0.00	36.750	
728	0.26	36.800	
729	0.60	36.850	
730	1.04	36.900	
731	1.54	36.950	
732	2.18	37.000	
733	2.80	37.050	
734	3.48	37.100	
735	4.34	37.150	
736	5.20	37.200	
737	6.24	37.250	
738	7.32	37.300	
739	8.22	37.351	
740	8.80	37.400	
741	8.96	37.450	
742	8.96	37.500	
743	8.94	37.550	
744	8.92	37.600	
745	8.90	37.650	
746	8.88	37.700	
747	8.88	37.750	
748	8.86	37.800	
749	8.86	37.850	
750	8.84	37.900	
751	8.84	37.951	
752	8.84	38.000	
753	8.82	38.050	
754	8.82	38.100	
755	8.82	38.150	
756	8.80	38.200	
757	8.80	38.250	
758	8.80	38.301	
759	8.80	38.351	
760	8.80	38.401	
761	8.78	38.450	
762	8.78	38.500	
763	8.78	38.550	
764	8.78	38.600	
765	8.78	38.650	
766	8.78	38.700	
767	8.76	38.750	
768	8.76	38.800	
769	8.76	38.850	
770	8.76	38.900	
771	8.76	38.950	
772	8.76	39.000	
773	8.76	39.050	
774	8.74	39.100	
775	8.74	39.150	
776	8.74	39.200	
777	8.74	39.250	
778	8.74	39.300	
779	8.74	39.350	
780	8.74	39.400	
781	8.74	39.450	
782	8.74	39.500	
783	8.72	39.550	
784	8.72	39.600	
785	8.72	39.651	
786	8.72	39.700	
787	8.72	39.750	
788	8.72	39.800	
789	8.72	39.850	
790	8.72	39.900	
791	8.72	39.950	
792	8.72	40.000	
793	8.72	40.050	
794	8.72	40.100	
795	8.72	40.150	
796	8.70	40.200	
797	8.70	40.250	
798	8.70	40.301	
799	8.70	40.350	
800	8.70	40.400	
801	8.70	40.450	
802	8.70	40.500	
803	8.70	40.550	
804	8.70	40.600	
805	8.70	40.650	
806	8.70	40.700	
807	8.60	40.750	
808	7.54	40.800	
809	6.36	40.851	
810	5.30	40.900	
811	4.32	40.950	
812	3.16	41.000	
813	2.42	41.050	
814	1.62	41.100	
815	1.00	41.150	
816	0.56	41.200	
817	0.32	41.250	
818	0.18	41.301	
819	0.06	41.350	
820	0.02	41.400	
821	0.00	41.450	
822	-0.04	41.500	
823	-0.04	41.550	
824	-0.04	41.600	
825	-0.06	41.650	
826	-0.10	41.700	
827	-0.12	41.750	
828	-0.14	41.800	
829	-0.12	41.850	
830	-0.12	41.900	
831	-0.14	41.950	
832	-0.14	42.000	
833	-0.14	42.050	
834	-0.14	42.100	
835	-0.14	42.150	
836	-0.14	42.200	
837	-0.14	42.250	
838	-0.14	42.300	
839	-0.14	42.350	
840	-0.14	42.400	
841	-0.14	42.450	
842	-0.14	42.500	
843	-0.14	42.550	
844	-0.14	42.600	
845	-0.14	42.650	
846	-0.14	42.700	
847	-0.14	42.750	
848	-0.14	42.800	
849	-0.14	42.850	
850	-0.14	42.900	
851	-0.14	42.950	
852	-0.14	43.000	
853	-0.14	43.050	
854	-0.14	43.100	
855	-0.14	43.150	
856	-0.14	43.200	
857	-0.14	43.250	
858	-0.14	43.301	
859	-0.14	43.350	
860	-0.14	43.400	
861	-0.14	43.451	
862	-0.14	43.500	
863	-0.14	43.551	
864	-0.14	43.600	
865	-0.14	43.650	
866	-0.14	43.700	
867	-0.14	43.750	
868	-0.14	43.800	
869	-0.14	43.850	
870	-0.14	43.900	
871	-0.14	43.950	
872	-0.14	44.000	
873	-0.14	44.050	
874	-0.14	44.101	
875	-0.14	44.150	
876	-0.14	44.200	
877	-0.14	44.250	
878	-0.14	44.300	
879	-0.14	44.350	
880	-0.14	44.400	
881	-0.14	44.450	
882	-0.14	44.500	
883	-0.14	44.550	
884	-0.06	44.600	
885	0.16	44.650	
886	0.50	44.700	
887	0.88	44.750	
888	1.34	44.800	
889	1.94	44.850	
890	2.98	44.903	
891	3.22	44.950	
892	4.00	45.000	
893	4.88	45.050	
894	5.80	45.100	
895	7.74	45.154	
896	8.04	45.200	
897	8.68	45.250	
898	9.00	45.300	
899	9.02	45.350	
900	9.00	45.400	
901	8.98	45.450	
902	8.96	45.500	
903	8.94	45.550	
904	8.94	45.600	
905	8.92	45.650	
906	8.92	45.700	
907	8.90	45.750	
908	8.90	45.800	
909	8.88	45.850	
910	8.88	45.901	
911	8.88	45.950	
912	8.88	46.000	
913	8.86	46.051	
914	8.86	46.100	
915	8.86	46.150	
916	8.86	46.200	
917	8.86	46.250	
918	8.84	46.300	
919	8.84	46.351	
920	8.84	46.401	
921	8.84	46.450	
922	8.84	46.500	
923	8.82	46.550	
924	8.82	46.600	
925	8.82	46.650	
926	8.82	46.700	
927	8.82	46.750	
928	8.82	46.800	
929	8.82	46.850	
930	8.80	46.900	
931	8.80	46.950	
932	8.80	47.000	
933	8.80	47.050	
934	8.80	47.100	
935	8.80	47.150	
936	8.80	47.200	
937	8.80	47.250	
938	8.80	47.300	
939	8.80	47.350	
940	8.78	47.400	
941	8.78	47.450	
942	8.78	47.500	
943	8.78	47.550	
944	8.78	47.600	
945	8.78	47.650	
946	8.78	47.700	
947	8.78	47.750	
948	8.78	47.800	
949	8.78	47.850	
950	8.76	47.900	
951	8.76	47.950	
952	8.76	48.000	
953	8.76	48.050	
954	8.76	48.100	
955	8.76	48.150	
956	8.76	48.200	
957	8.76	48.250	
958	8.76	48.300	
959	8.76	48.350	
960	8.76	48.400	
961	8.76	48.450	
962	8.76	48.500	
963	8.76	48.551	
964	8.76	48.600	
965	8.16	48.650	
966	6.98	48.700	
967	5.84	48.750	
968	4.82	48.800	
969	3.74	48.850	
970	2.76	48.900	
971	2.00	48.950	
972	1.28	49.000	
973	0.78	49.050	
974	0.42	49.100	
975	0.26	49.150	
976	0.14	49.200	
977	0.06	49.250	
978	0.02	49.300	
979	0.00	49.350	
980	-0.02	49.400	
981	0.00	49.450	
982	-0.02	49.500	
983	-0.08	49.550	
984	-0.10	49.601	
985	-0.10	49.650	
986	-0.12	49.700	
987	-0.12	49.750	
988	-0.12	49.800	
989	-0.12	49.850	
990	-0.12	49.901	
991	-0.12	49.950	
992	-0.12	50.000	
993	-0.12	50.050	
994	-0.12	50.100	
995	-0.12	50.158	
996	-0.12	50.200	
997	-0.12	50.250	
998	-0.12	50.300	
999	-0.12	50.350	
1000	-0.12	50.400	
1001	-0.12	50.450	
1002	-0.12	50.500	
1003	-0.12	50.550	
1004	-0.12	50.600	
1005	-0.12	50.650	
1006	-0.12	50.700	
1007	-0.14	50.750	
1008	-0.12	50.800	
1009	-0.14	50.850	
1010	-0.14	50.900	
1011	-0.14	50.951	
1012	-0.12	51.000	
1013	-0.12	51.050	
1014	-0.14	51.100	
1015	-0.12	51.150	
1016	-0.14	51.200	
1017	-0.14	51.250	
1018	-0.12	51.300	
1019	-0.12	51.350	
1020	-0.14	51.400	
1021	-0.14	51.450	
1022	-0.14	51.500	
1023	-0.14	51.550	
1024	-0.14	51.600	
1025	-0.14	51.650	
1026	-0.14	51.700	
1027	-0.14	51.750	
1028	-0.14	51.800	
1029	-0.14	51.850	
1030	-0.14	51.900	
1031	-0.14	51.951	
1032	-0.14	52.000	
1033	-0.14	52.050	
1034	-0.14	52.100	
1035	-0.14	52.150	
1036	-0.14	52.200	
1037	-0.14	52.250	
1038	-0.14	52.300	
1039	-0.14	52.350	
1040	-0.14	52.400	
1041	-0.14	52.450	
1042	-0.14	52.500	
1043	-0.14	52.550	
1044	-0.14	52.600	
1045	-0.14	52.650	
1046	-0.14	52.700	
1047	-0.14	52.750	
1048	-0.14	52.800	
1049	-0.14	52.850	
1050	-0.14	52.900	
1051	-0.14	52.950	
1052	-0.14	53.000	
1053	-0.14	53.051	
1054	-0.14	53.101	
1055	-0.14	53.150	
1056	-0.14	53.200	
1057	-0.14	53.250	
1058	-0.14	53.300	
1059	-0.14	53.350	
1060	-0.14	53.400	
1061	-0.14	53.450	
1062	-0.14	53.500	
1063	-0.14	53.551	
1064	-0.14	53.601	
1065	-0.14	53.650	
1066	-0.14	53.701	
1067	-0.14	53.750	
1068	-0.14	53.800	
1069	-0.14	53.850	
1070	-0.14	53.900	
1071	-0.14	53.950	
1072	-0.14	54.000	
1073	-0.14	54.050	
1074	-0.14	54.100	
1075	-0.14	54.150	
1076	-0.14	54.200	
1077	-0.14	54.250	
1078	-0.14	54.301	
1079	-0.14	54.350	
1080	-0.14	54.401	
1081	-0.14	54.450	
1082	-0.14	54.500	
1083	-0.14	54.550	
1084	-0.14	54.600	
1085	-0.14	54.650	
1086	-0.14	54.700	
1087	-0.14	54.750	
1088	-0.14	54.800	
1089	-0.14	54.850	
1090	-0.14	54.900	
1091	-0.14	54.950	
1092	-0.14	55.000	
1093	-0.12	55.050	
1094	0.02	55.100	
1095	0.62	55.159	
1096	0.76	55.201	
1097	1.10	55.250	
1098	1.64	55.300	
1099	2.28	55.350	
1100	2.86	55.401	
1101	3.54	55.450	
1102	4.40	55.501	
1103	5.30	55.551	
1104	6.42	55.600	
1105	7.50	55.650	
1106	8.36	55.701	
1107	8.94	55.750	
1108	9.08	55.800	
1109	9.08	55.850	
1110	9.06	55.900	
1111	9.04	55.950	
1112	9.02	56.000	
1113	9.00	56.050	
1114	9.00	56.100	
1115	8.98	56.150	
1116	8.98	56.201	
1117	8.96	56.250	
1118	8.96	56.300	
1119	8.96	56.350	
1120	8.94	56.401	
1121	8.94	56.450	
1122	8.94	56.501	
1123	8.94	56.550	
1124	8.92	56.600	
1125	8.92	56.650	
1126	8.92	56.700	
1127	8.92	56.750	
1128	8.90	56.801	
1129	8.90	56.850	
1130	8.90	56.900	
1131	8.90	56.950	
1132	8.90	57.001	
1133	8.88	57.050	
1134	8.88	57.100	
1135	8.88	57.150	
1136	8.88	57.200	
1137	8.88	57.250	
1138	8.88	57.300	
1139	8.88	57.350	
1140	8.88	57.400	
1141	8.88	57.450	
1142	8.86	57.500	
1143	8.86	57.550	
1144	8.86	57.600	
1145	8.86	57.650	
1146	8.86	57.700	
1147	8.86	57.750	
1148	8.86	57.800	
1149	8.84	57.850	
1150	8.84	57.900	
1151	8.84	57.950	
1152	8.84	58.000	
1153	8.84	58.050	
1154	8.84	58.100	
1155	8.84	58.150	
1156	8.84	58.200	
1157	8.84	58.251	
1158	8.82	58.300	
1159	8.82	58.350	
1160	8.82	58.400	
1161	8.82	58.451	
1162	8.82	58.500	
1163	8.82	58.550	
1164	8.82	58.600	
1165	8.82	58.650	
1166	8.82	58.701	
1167	8.82	58.750	
1168	8.82	58.800	
1169	8.82	58.850	
1170	8.62	58.900	
1171	8.54	58.950	
1172	8.64	59.000	
1173	8.66	59.050	
1174	8.66	59.100	
1175	8.66	59.150	
1176	8.66	59.200	
1177	8.66	59.250	
1178	8.66	59.301	
1179	8.66	59.350	
1180	8.66	59.400	
1181	8.66	59.450	
1182	8.66	59.500	
1183	8.66	59.550	
1184	8.66	59.600	
1185	8.66	59.651	
1186	8.66	59.700	
1187	8.66	59.750	
1188	8.66	59.800	
1189	8.66	59.850	
1190	8.66	59.900	
1191	8.66	59.950	
1192	8.66	60.001	
1193	8.66	60.050	
1194	8.66	60.109	
1195	8.66	60.150	
1196	8.64	60.201	
1197	8.64	60.250	
1198	8.66	60.300	
1199	8.64	60.350	
1200	8.64	60.400	
1201	8.64	60.450	
1202	8.64	60.500	
1203	8.64	60.551	
1204	8.64	60.600	
1205	8.64	60.656	
1206	8.64	60.700	
1207	8.64	60.750	
1208	8.64	60.800	
1209	8.64	60.850	
1210	8.64	60.900	
1211	8.64	60.950	
1212	8.64	61.001	
1213	8.64	61.050	
1214	8.64	61.100	
1215	8.64	61.150	
1216	8.64	61.200	
1217	8.64	61.250	
1218	8.64	61.300	
1219	8.64	61.350	
1220	8.64	61.400	
1221	8.64	61.450	
1222	8.64	61.500	
1223	8.64	61.550	
1224	8.64	61.600	
1225	8.64	61.650	
1226	8.64	61.700	
1227	8.64	61.750	
1228	8.64	61.800	
1229	8.64	61.850	
1230	8.64	61.900	
1231	8.64	61.950	
1232	8.64	62.000	
1233	8.64	62.050	
1234	8.28	62.100	
1235	7.16	62.150	
1236	6.00	62.200	
1237	4.92	62.250	
1238	3.98	62.300	
1239	2.84	62.350	
1240	2.12	62.400	
1241	1.38	62.450	
1242	0.84	62.500	
1243	0.46	62.550	
1244	0.30	62.600	
1245	0.16	62.650	
1246	0.08	62.700	
1247	0.04	62.750	
1248	0.02	62.800	
1249	0.00	62.851	
1250	0.00	62.900	
1251	0.00	62.950	
1252	-0.06	63.000	
1253	-0.08	63.050	
1254	-0.08	63.100	
1255	-0.10	63.150	
1256	-0.10	63.200	
1257	-0.10	63.250	
1258	-0.10	63.300	
1259	-0.10	63.350	
1260	-0.10	63.400	
1261	-0.10	63.450	
1262	-0.10	63.500	
1263	-0.10	63.550	
1264	-0.10	63.600	
1265	-0.10	63.650	
1266	-0.10	63.700	
1267	-0.10	63.750	
1268	-0.10	63.800	
1269	-0.10	63.851	
1270	-0.10	63.900	
1271	-0.10	63.950	
1272	-0.10	64.001	
1273	-0.10	64.050	
1274	-0.10	64.100	
1275	-0.10	64.150	
1276	-0.10	64.200	
1277	-0.10	64.250	
1278	-0.10	64.300	
1279	-0.10	64.350	
1280	-0.10	64.400	
1281	-0.10	64.450	
1282	-0.10	64.500	
1283	-0.10	64.550	
1284	-0.12	64.601	
1285	-0.10	64.650	
1286	-0.10	64.700	
1287	-0.12	64.750	
1288	-0.12	64.800	
1289	-0.12	64.850	
1290	-0.10	64.900	
1291	-0.10	64.950	
1292	-0.12	65.000	
1293	-0.12	65.050	
1294	-0.12	65.100	
1295	-0.12	65.161	
1296	-0.12	65.200	
1297	-0.12	65.250	
1298	-0.12	65.300	
1299	-0.12	65.350	
1300	-0.12	65.400	
1301	-0.12	65.450	
1302	-0.10	65.500	
1303	-0.12	65.550	
1304	-0.12	65.600	
1305	-0.12	65.651	
1306	-0.12	65.700	
1307	-0.12	65.750	
1308	-0.12	65.800	
1309	-0.12	65.850	
1310	-0.12	65.900	
1311	-0.12	65.950	
1312	-0.12	66.000	
1313	-0.12	66.050	
1314	-0.12	66.100	
1315	-0.12	66.150	
1316	-0.12	66.200	
1317	-0.12	66.250	
1318	-0.12	66.300	
1319	-0.12	66.350	
1320	-0.12	66.401	
1321	-0.12	66.450	
1322	-0.12	66.500	
1323	-0.12	66.550	
1324	-0.12	66.600	
1325	-0.12	66.650	
1326	-0.12	66.700	
1327	-0.12	66.750	
1328	-0.12	66.800	
1329	-0.12	66.850	
1330	-0.12	66.900	
1331	-0.12	66.950	
1332	-0.12	67.000	
1333	-0.12	67.050	
1334	-0.12	67.100	
1335	-0.12	67.150	
1336	-0.12	67.200	
1337	-0.12	67.250	
1338	-0.12	67.300	
1339	-0.12	67.350	
1340	-0.12	67.400	
1341	-0.12	67.450	
1342	-0.12	67.500	
1343	-0.12	67.550	
1344	-0.12	67.600	
1345	-0.12	67.650	
1346	-0.12	67.700	
1347	-0.12	67.750	
1348	-0.12	67.800	
1349	-0.12	67.850	
1350	-0.12	67.900	
1351	-0.12	67.950	
1352	-0.12	68.000	
1353	-0.12	68.050	
1354	-0.12	68.100	
1355	-0.12	68.150	
1356	-0.12	68.200	
1357	-0.12	68.250	
1358	-0.12	68.300	
1359	-0.12	68.350	
1360	-0.12	68.400	
1361	-0.12	68.450	
1362	-0.12	68.500	
1363	-0.12	68.550	
1364	-0.12	68.600	
1365	-0.12	68.650	
1366	-0.12	68.700	
1367	-0.12	68.750	
1368	-0.12	68.800	
1369	-0.06	68.850	
1370	0.12	68.900	
1371	0.40	68.950	
1372	0.76	69.000	
1373	1.22	69.050	
1374	1.76	69.100	
1375	2.40	69.150	
1376	2.96	69.200	
1377	3.72	69.250	
1378	4.60	69.300	
1379	5.48	69.350	
1380	6.58	69.400	
1381	7.74	69.450	
1382	8.64	69.500	
1383	9.20	69.550	
1384	9.38	69.600	
1385	9.36	69.650	
1386	9.34	69.700	
1387	9.32	69.750	
1388	9.32	69.800	
1389	9.30	69.850	
1390	9.28	69.900	
1391	9.28	69.950	
1392	9.26	70.000	
1393	9.26	70.050	
1394	9.24	70.100	
1395	9.24	70.162	
1396	9.24	70.200	
1397	9.22	70.250	
1398	9.22	70.300	
1399	9.22	70.350	
1400	9.22	70.400	
1401	9.20	70.450	
1402	9.20	70.500	
1403	9.20	70.550	
1404	9.18	70.600	
1405	9.18	70.650	
1406	9.18	70.700	
1407	9.18	70.750	
1408	9.16	70.800	
1409	9.16	70.850	
1410	9.16	70.900	
1411	9.16	70.950	
1412	9.16	71.000	
1413	9.16	71.050	
1414	9.16	71.100	
1415	9.16	71.150	
1416	9.16	71.200	
1417	9.14	71.250	
1418	9.14	71.300	
1419	9.14	71.350	
1420	9.14	71.400	
1421	9.14	71.450	
1422	9.14	71.500	
1423	9.14	71.550	
1424	9.12	71.600	
1425	9.12	71.651	
1426	9.12	71.700	
1427	9.12	71.750	
1428	9.12	71.800	
1429	9.12	71.850	
1430	9.12	71.900	
1431	9.12	71.950	
1432	9.12	72.000	
1433	9.12	72.050	
1434	9.12	72.100	
1435	9.12	72.150	
1436	9.10	72.200	
1437	9.10	72.251	
1438	9.10	72.300	
1439	9.10	72.350	
1440	9.10	72.400	
1441	9.10	72.450	
1442	9.10	72.500	
1443	9.10	72.550	
1444	9.10	72.600	
1445	9.10	72.650	
1446	9.10	72.701	
1447	9.10	72.750	
1448	9.10	72.801	
1449	9.10	72.850	
1450	9.08	72.900	
1451	9.08	72.950	
1452	9.08	73.000	
1453	9.08	73.050	
1454	9.08	73.100	
1455	9.08	73.150	
1456	9.08	73.201	
1457	9.08	73.250	
1458	9.08	73.300	
1459	9.08	73.350	
1460	9.08	73.400	
1461	8.94	73.450	
1462	7.88	73.500	
1463	6.66	73.550	
1464	5.50	73.600	
1465	4.52	73.650	
1466	3.30	73.700	
1467	2.54	73.750	
1468	1.74	73.800	
1469	1.10	73.851	
1470	0.64	73.900	
1471	0.38	73.950	
1472	0.24	74.000	
1473	0.12	74.050	
1474	0.06	74.100	
1475	0.02	74.150	
1476	0.00	74.201	
1477	0.00	74.250	
1478	0.00	74.300	
1479	-0.04	74.350	
1480	-0.08	74.400	
1481	-0.10	74.450	
1482	-0.10	74.500	
1483	-0.10	74.550	
1484	-0.10	74.600	
1485	-0.12	74.650	
1486	-0.12	74.701	
1487	-0.12	74.750	
1488	-0.12	74.800	
1489	-0.12	74.850	
1490	-0.12	74.900	
1491	-0.12	74.950	
1492	-0.12	75.001	
1493	-0.12	75.050	
1494	-0.12	75.100	
1495	-0.12	75.150	
1496	-0.12	75.201	
1497	-0.12	75.250	
1498	-0.12	75.300	
1499	-0.12	75.350	
1500	-0.12	75.400	
1501	-0.12	75.450	
1502	-0.12	75.500	
1503	-0.12	75.550	
1504	-0.12	75.601	
1505	-0.12	75.650	
1506	-0.12	75.701	
1507	-0.12	75.750	
1508	-0.12	75.800	
1509	-0.12	75.850	
1510	-0.12	75.900	
1511	-0.12	75.950	
1512	-0.12	76.000	
1513	-0.12	76.050	
1514	-0.12	76.100	
1515	-0.12	76.151	
1516	-0.12	76.200	
1517	-0.12	76.250	
1518	-0.14	76.300	
1519	-0.12	76.350	
1520	-0.12	76.400	
1521	-0.14	76.450	
1522	-0.14	76.500	
1523	-0.12	76.550	
1524	-0.14	76.601	
1525	-0.14	76.650	
1526	-0.14	76.700	
1527	-0.12	76.750	
1528	-0.12	76.800	
1529	-0.14	76.850	
1530	-0.14	76.900	
1531	-0.12	76.951	
1532	-0.12	77.000	
1533	-0.14	77.050	
1534	-0.14	77.100	
1535	-0.14	77.150	
1536	-0.14	77.200	
1537	-0.14	77.251	
1538	-0.14	77.300	
1539	-0.14	77.350	
1540	-0.14	77.400	
1541	-0.14	77.450	
1542	-0.14	77.500	
1543	-0.14	77.551	
1544	-0.14	77.601	
1545	-0.14	77.650	
1546	-0.14	77.700	
1547	-0.14	77.751	
1548	-0.14	77.800	
1549	-0.14	77.851	
1550	-0.14	77.900	
1551	-0.14	77.950	
1552	-0.14	78.000	
1553	-0.14	78.050	
1554	-0.14	78.100	
1555	-0.14	78.150	
1556	-0.14	78.200	
1557	-0.14	78.250	
1558	-0.14	78.300	
1559	-0.14	78.350	
1560	-0.14	78.400	
1561	-0.14	78.450	
1562	-0.14	78.500	
1563	-0.14	78.550	
1564	-0.14	78.600	
1565	-0.14	78.650	
1566	-0.14	78.700	
1567	-0.14	78.751	
1568	-0.14	78.800	
1569	-0.14	78.850	
1570	-0.14	78.900	
1571	-0.14	78.950	
1572	-0.14	79.000	
1573	-0.14	79.051	
1574	-0.14	79.100	
1575	-0.14	79.151	
1576	-0.14	79.200	
1577	-0.14	79.251	
1578	-0.14	79.300	
1579	-0.14	79.350	
1580	-0.14	79.400	
1581	-0.14	79.450	
1582	-0.14	79.500	
1583	-0.14	79.550	
1584	-0.14	79.601	
1585	-0.14	79.650	
1586	-0.14	79.700	
1587	-0.14	79.750	
1588	-0.14	79.801	
1589	-0.14	79.850	
1590	-0.14	79.900	
1591	-0.14	79.950	
1592	-0.14	80.000	
1593	-0.14	80.050	
1594	-0.14	80.101	
1595	-0.14	80.164	
1596	-0.14	80.200	
1597	-0.14	80.257	
1598	-0.14	80.300	
1599	-0.14	80.350	
1600	-0.14	80.400	
1601	-0.14	80.464	
1602	-0.14	80.500	
1603	-0.14	80.557	
1604	-0.14	80.600	
1605	-0.14	80.650	
1606	-0.14	80.700	
1607	-0.14	80.750	
1608	-0.14	80.800	
1609	-0.14	80.850	
1610	-0.14	80.900	
1611	-0.14	80.950	
1612	-0.10	81.000	
1613	0.06	81.051	
1614	0.34	81.100	
1615	0.68	81.150	
1616	1.10	81.200	
1617	1.66	81.250	
1618	2.28	81.300	
1619	2.88	81.350	
1620	3.58	81.400	
1621	4.46	81.450	
1622	5.34	81.500	
1623	6.36	81.550	
1624	7.50	81.600	
1625	8.44	81.650	
1626	9.04	81.700	
1627	9.26	81.750	
1628	9.24	81.850	
1629	9.22	81.900	
1630	9.18	81.961	
1631	9.18	82.000	
1632	9.16	82.056	
1633	9.16	82.100	
1634	9.16	82.150	
1635	9.14	82.200	
1636	9.14	82.250	
1637	9.12	82.301	
1638	9.12	82.350	
1639	9.12	82.400	
1640	9.10	82.450	
1641	9.10	82.500	
1642	9.10	82.550	
1643	9.08	82.600	
1644	9.08	82.650	
1645	9.08	82.714	
1646	9.08	82.750	
1647	9.06	82.807	
1648	9.06	82.850	
1649	9.06	82.900	
1650	9.06	82.950	
1651	9.06	83.000	
1652	9.06	83.050	
1653	9.04	83.100	
1654	9.04	83.151	
1655	9.04	83.200	
1656	9.04	83.250	
1657	9.04	83.300	
1658	9.04	83.350	
1659	9.02	83.400	
1660	9.02	83.450	
1661	9.02	83.501	
1662	9.02	83.550	
1663	9.02	83.600	
1664	9.02	83.650	
1665	9.02	83.700	
1666	9.02	83.750	
1667	9.02	83.800	
1668	9.02	83.850	
1669	9.00	83.900	
1670	9.00	83.950	
1671	9.00	84.000	
1672	9.00	84.050	
1673	9.00	84.100	
1674	9.00	84.150	
1675	9.00	84.200	
1676	9.00	84.250	
1677	9.00	84.301	
1678	9.00	84.351	
1679	9.00	84.400	
1680	9.00	84.451	
1681	9.00	84.500	
1682	8.98	84.550	
1683	8.98	84.600	
1684	8.98	84.650	
1685	8.98	84.700	
1686	8.98	84.750	
1687	8.98	84.800	
1688	8.98	84.850	
1689	8.98	84.900	
1690	8.98	84.950	
1691	8.98	85.000	
1692	8.98	85.050	
1693	8.98	85.100	
1694	8.98	85.150	
1695	8.98	85.200	
1696	8.98	85.250	
1697	8.98	85.300	
1698	8.98	85.350	
1699	8.98	85.400	
1700	8.96	85.450	
1701	8.96	85.500	
1702	8.96	85.551	
1703	8.96	85.600	
1704	8.96	85.650	
1705	8.96	85.700	
1706	8.96	85.750	
1707	8.96	85.800	
1708	8.96	85.850	
1709	8.96	85.900	
1710	8.96	85.950	
1711	8.96	86.000	
1712	8.96	86.050	
1713	8.96	86.100	
1714	8.96	86.150	
1715	8.96	86.200	
1716	8.96	86.250	
1717	8.96	86.300	
1718	8.96	86.364	
1719	8.96	86.400	
1720	8.96	86.457	
1721	8.96	86.500	
1722	8.96	86.550	
1723	8.96	86.600	
1724	8.94	86.651	
1725	8.94	86.701	
1726	8.94	86.750	
1727	8.94	86.800	
1728	8.94	86.850	
1729	8.94	86.900	
1730	8.94	86.950	
1731	8.94	87.000	
1732	8.94	87.050	
1733	8.94	87.100	
1734	8.94	87.150	
1735	8.82	87.200	
1736	7.76	87.250	
1737	6.60	87.300	
1738	5.48	87.350	
1739	4.48	87.400	
1740	3.20	87.450	
1741	2.48	87.500	
1742	1.68	87.550	
1743	1.04	87.600	
1744	0.60	87.650	
1745	0.36	87.700	
1746	0.22	87.750	
1747	0.10	87.800	
1748	0.04	87.850	
1749	0.02	87.900	
1750	-0.02	87.950	
1751	-0.04	88.000	
1752	-0.02	88.050	
1753	-0.04	88.100	
1754	-0.08	88.150	
1755	-0.12	88.200	
1756	-0.12	88.250	
1757	-0.12	88.300	
1758	-0.12	88.350	
1759	-0.12	88.400	
1760	-0.12	88.450	
1761	-0.12	88.500	
1762	-0.12	88.550	
1763	-0.12	88.600	
1764	-0.12	88.650	
1765	-0.12	88.700	
1766	-0.12	88.750	
1767	-0.12	88.800	
1768	-0.12	88.850	
1769	-0.14	88.900	
1770	-0.12	88.951	
1771	-0.12	89.000	
1772	-0.14	89.050	
1773	-0.14	89.100	
1774	-0.14	89.150	
1775	-0.14	89.200	
1776	-0.14	89.250	
1777	-0.14	89.301	
1778	-0.14	89.351	
1779	-0.14	89.400	
1780	-0.14	89.450	
1781	-0.14	89.500	
1782	-0.12	89.550	
1783	-0.14	89.600	
1784	-0.14	89.650	
1785	-0.14	89.701	
1786	-0.14	89.750	
1787	-0.14	89.801	
1788	-0.14	89.850	
1789	-0.14	89.900	
1790	-0.14	89.951	
1791	-0.14	90.000	
1792	-0.14	90.051	
1793	-0.14	90.100	
1794	-0.14	90.201	
1795	-0.14	90.250	
1796	-0.14	90.301	
1797	-0.14	90.350	
1798	-0.14	90.401	
1799	-0.14	90.450	
1800	-0.14	90.500	
1801	-0.14	90.550	
1802	-0.14	90.600	
1803	-0.14	90.650	
1804	-0.14	90.700	
1805	-0.14	90.750	
1806	-0.14	90.800	
1807	-0.14	90.850	
1808	-0.14	90.900	
1809	-0.14	90.950	
1810	-0.14	91.000	
1811	-0.14	91.050	
1812	-0.14	91.100	
1813	-0.14	91.150	
1814	-0.14	91.200	
1815	-0.14	91.250	
1816	-0.14	91.300	
1817	-0.14	91.350	
1818	-0.14	91.400	
1819	-0.14	91.450	
1820	-0.14	91.500	
1821	-0.14	91.550	
1822	-0.14	91.600	
1823	-0.14	91.651	
1824	-0.14	91.700	
1825	-0.14	91.750	
1826	-0.14	91.800	
1827	-0.14	91.850	
1828	-0.14	91.900	
1829	-0.14	91.950	
1830	-0.14	92.000	
1831	-0.14	92.050	
1832	-0.14	92.100	
1833	-0.14	92.150	
1834	-0.14	92.200	
1835	-0.14	92.250	
1836	-0.14	92.300	
1837	-0.14	92.350	
1838	-0.14	92.400	
1839	-0.14	92.450	
1840	-0.14	92.501	
1841	-0.14	92.550	
1842	-0.14	92.600	
1843	-0.14	92.650	
1844	-0.14	92.700	
1845	-0.14	92.750	
1846	-0.14	92.801	
1847	-0.14	92.850	
1848	-0.14	92.901	
1849	-0.14	92.950	
1850	-0.14	93.000	
1851	-0.14	93.050	
1852	-0.14	93.100	
1853	-0.14	93.150	
1854	-0.14	93.200	
1855	-0.14	93.250	
1856	-0.14	93.301	
1857	-0.14	93.350	
1858	-0.14	93.400	
1859	-0.14	93.450	
1860	-0.14	93.500	
1861	-0.14	93.550	
1862	-0.14	93.600	
1863	-0.14	93.650	
1864	-0.14	93.700	
1865	-0.14	93.750	
1866	-0.14	93.800	
1867	-0.14	93.850	
1868	-0.14	93.900	
1869	-0.14	93.950	
1870	-0.14	94.000	
1871	-0.14	94.050	
1872	-0.14	94.101	
1873	-0.14	94.150	
1874	-0.14	94.200	
1875	-0.14	94.250	
1876	-0.16	94.300	
1877	-0.14	94.350	
1878	-0.14	94.400	
1879	-0.14	94.450	
1880	-0.14	94.500	
1881	-0.14	94.550	
1882	-0.14	94.600	
1883	-0.14	94.650	
1884	-0.14	94.700	
1885	-0.14	94.750	
1886	-0.14	94.800	
1887	-0.14	94.850	
1888	-0.14	94.900	
1889	-0.16	94.950	
1890	-0.14	95.000	
1891	-0.16	95.050	
1892	-0.16	95.101	
1893	-0.14	95.150	
1894	-0.16	95.200	
1895	-0.14	95.250	
1896	-0.14	95.300	
1897	-0.14	95.351	
1898	-0.16	95.400	
1899	-0.16	95.450	
1900	-0.14	95.500	
1901	-0.14	95.551	
1902	-0.14	95.600	
1903	-0.16	95.650	
1904	-0.14	95.700	
1905	-0.16	95.750	
1906	-0.16	95.800	
1907	-0.14	95.850	
1908	-0.16	95.900	
1909	-0.16	95.950	
1910	-0.16	96.000	
1911	-0.16	96.050	
1912	-0.14	96.100	
1913	-0.16	96.150	
1914	-0.16	96.200	
1915	-0.14	96.250	
1916	-0.14	96.300	
1917	-0.16	96.351	
1918	-0.16	96.401	
1919	-0.16	96.450	
1920	-0.16	96.500	
1921	-0.16	96.550	
1922	-0.16	96.600	
1923	-0.16	96.650	
1924	-0.16	96.700	
1925	-0.16	96.750	
1926	-0.16	96.800	
1927	-0.16	96.850	
1928	-0.16	96.900	
1929	-0.16	96.950	
1930	-0.16	97.000	
1931	-0.16	97.050	
1932	-0.14	97.100	
1933	-0.16	97.150	
1934	-0.16	97.200	
1935	-0.16	97.250	
1936	-0.16	97.300	
1937	-0.16	97.351	
1938	-0.16	97.400	
1939	-0.16	97.450	
1940	-0.16	97.500	
1941	-0.16	97.550	
1942	-0.16	97.600	
1943	-0.16	97.651	
1944	-0.16	97.700	
1945	-0.16	97.750	
1946	-0.16	97.800	
1947	-0.14	97.850	
1948	-0.16	97.900	
1949	-0.10	97.950	
1950	0.10	98.000	
1951	0.40	98.050	
1952	0.72	98.100	
1953	1.16	98.150	
1954	1.72	98.200	
1955	2.34	98.250	
1956	2.92	98.300	
1957	3.66	98.351	
1958	4.54	98.401	
1959	5.46	98.450	
1960	6.56	98.500	
1961	7.68	98.550	
1962	8.54	98.600	
1963	9.10	98.650	
1964	9.26	98.700	
1965	9.24	98.750	
1966	9.22	98.800	
1967	9.20	98.850	
1968	9.18	98.901	
1969	9.16	98.950	
1970	9.16	99.001	
1971	9.14	99.050	
1972	9.14	99.101	
1973	9.12	99.151	
1974	9.12	99.201	
1975	9.12	99.251	
1976	9.10	99.301	
1977	9.10	99.351	
1978	9.10	99.400	
1979	9.08	99.451	
1980	9.08	99.501	
1981	9.08	99.550	
1982	9.08	99.600	
1983	9.08	99.650	
1984	9.06	99.700	
1985	9.06	99.750	
1986	9.06	99.800	
1987	9.06	99.851	
1988	9.04	99.900	
1989	9.04	99.950	
1990	9.04	100.000	
1991	9.04	100.050	
1992	9.04	100.100	
1993	9.02	100.200	
1994	9.02	100.250	
1995	9.02	100.350	
1996	9.02	100.400	
1997	9.02	100.500	
1998	9.02	100.551	
1999	9.00	100.650	
2000	9.00	100.700	
2001	9.00	100.800	
2002	9.00	100.850	
2003	9.00	100.950	
2004	8.98	101.000	
2005	9.00	101.058	
2006	9.00	101.100	
2007	8.98	101.158	
2008	8.98	101.200	
2009	8.98	101.258	
2010	8.98	101.300	
2011	8.98	101.359	
2012	8.98	101.400	
2013	8.98	101.457	
2014	8.98	101.500	
2015	8.98	101.556	
2016	8.98	101.600	
2017	8.98	101.650	
2018	8.98	101.700	
2019	8.98	101.750	
2020	8.96	101.800	
2021	8.96	101.850	
2022	8.96	101.900	
2023	8.96	101.950	
2024	8.96	102.000	
2025	8.96	102.050	
2026	8.96	102.100	
2027	8.96	102.150	
2028	8.88	102.200	
2029	7.84	102.250	
2030	6.66	102.300	
2031	5.54	102.350	
2032	4.54	102.401	
2033	3.30	102.450	
2034	2.54	102.500	
2035	1.76	102.550	
2036	1.08	102.600	
2037	0.62	102.650	
2038	0.36	102.700	
2039	0.22	102.750	
2040	0.10	102.801	
2041	0.06	102.850	
2042	0.02	102.900	
2043	0.00	102.950	
2044	0.00	103.000	
2045	0.00	103.050	
2046	-0.04	103.100	
2047	-0.08	103.150	
2048	-0.10	103.200	
2049	-0.10	103.250	
2050	-0.10	103.300	
2051	-0.10	103.350	
2052	-0.12	103.400	
2053	-0.12	103.450	
2054	-0.12	103.500	
2055	-0.12	103.550	
2056	-0.12	103.600	
2057	-0.12	103.650	
2058	-0.12	103.700	
2059	-0.12	103.750	
2060	-0.12	103.801	
2061	-0.12	103.850	
2062	-0.12	103.900	
2063	-0.12	103.950	
2064	-0.12	104.000	
2065	-0.12	104.050	
2066	-0.12	104.101	
2067	-0.12	104.150	
2068	-0.12	104.200	
2069	-0.12	104.250	
2070	-0.12	104.300	
2071	-0.12	104.350	
2072	-0.12	104.400	
2073	-0.12	104.451	
2074	-0.12	104.500	
2075	-0.12	104.550	
2076	-0.12	104.600	
2077	-0.12	104.650	
2078	-0.12	104.700	
2079	-0.12	104.750	
2080	-0.12	104.801	
2081	-0.12	104.850	
2082	-0.12	104.900	
2083	-0.12	104.950	
2084	-0.12	105.000	
2085	-0.12	105.050	
2086	-0.12	105.100	
2087	-0.12	105.150	
2088	-0.12	105.200	
2089	-0.12	105.250	
2090	-0.12	105.300	
2091	-0.12	105.350	
2092	-0.12	105.400	
2093	-0.12	105.450	
2094	-0.12	105.500	
2095	-0.12	105.550	
2096	-0.12	105.600	
2097	-0.14	105.650	
2098	-0.12	105.700	
2099	-0.12	105.750	
2100	-0.12	105.800	
2101	-0.14	105.851	
