7/24/2024  3:39 PM
Units: N
Readings: Continuous
X-Axis: Time

Reading	Load	Time	
1	0.02	0.000	
2	0.02	0.135	
3	0.02	0.185	
4	0.02	0.235	
5	0.02	0.286	
6	0.02	0.335	
7	0.02	0.385	
8	0.02	0.435	
9	0.02	0.486	
10	0.02	0.535	
11	0.02	0.585	
12	0.02	0.635	
13	0.02	0.686	
14	0.02	0.735	
15	0.02	0.785	
16	0.02	0.835	
17	0.02	0.885	
18	0.02	0.936	
19	0.02	0.985	
20	0.02	1.035	
21	0.02	1.085	
22	0.02	1.136	
23	0.02	1.185	
24	0.02	1.235	
25	0.02	1.285	
26	0.02	1.335	
27	0.02	1.385	
28	0.02	1.435	
29	0.02	1.485	
30	0.02	1.535	
31	0.02	1.585	
32	0.02	1.635	
33	0.02	1.685	
34	0.02	1.735	
35	0.02	1.785	
36	0.02	1.835	
37	0.02	1.885	
38	0.02	1.936	
39	0.02	1.985	
40	0.02	2.035	
41	0.02	2.085	
42	0.02	2.135	
43	0.02	2.186	
44	0.02	2.236	
45	0.02	2.285	
46	0.02	2.335	
47	0.02	2.385	
48	0.02	2.435	
49	0.02	2.485	
50	0.02	2.536	
51	0.02	2.586	
52	0.02	2.635	
53	0.02	2.685	
54	0.02	2.736	
55	0.02	2.785	
56	0.02	2.835	
57	0.02	2.886	
58	0.02	2.935	
59	0.02	2.985	
60	0.02	3.035	
61	0.02	3.085	
62	0.02	3.136	
63	0.02	3.185	
64	0.02	3.235	
65	0.02	3.285	
66	0.02	3.335	
67	0.02	3.385	
68	0.02	3.435	
69	0.02	3.486	
70	0.02	3.535	
71	0.02	3.585	
72	0.02	3.636	
73	0.02	3.685	
74	0.02	3.735	
75	0.02	3.785	
76	0.02	3.835	
77	0.02	3.886	
78	0.02	3.935	
79	0.02	3.985	
80	0.02	4.035	
81	0.02	4.085	
82	0.02	4.135	
83	0.02	4.185	
84	0.02	4.235	
85	0.02	4.285	
86	0.02	4.335	
87	0.02	4.385	
88	0.02	4.436	
89	0.02	4.485	
90	0.02	4.535	
91	0.02	4.585	
92	0.02	4.635	
93	0.02	4.685	
94	0.02	4.735	
95	0.02	4.785	
96	0.02	4.835	
97	0.02	4.885	
98	0.06	4.936	
99	0.06	4.985	
100	0.10	5.035	
101	0.12	5.085	
102	0.28	5.138	
103	0.38	5.185	
104	0.66	5.235	
105	1.00	5.285	
106	1.30	5.335	
107	1.72	5.385	
108	2.22	5.436	
109	2.84	5.485	
110	3.40	5.536	
111	4.12	5.585	
112	5.66	5.635	
113	6.74	5.685	
114	7.80	5.735	
115	8.84	5.786	
116	9.68	5.835	
117	10.20	5.885	
118	10.34	5.935	
119	10.32	5.985	
120	10.30	6.035	
121	10.28	6.085	
122	10.26	6.135	
123	10.24	6.186	
124	10.24	6.235	
125	10.22	6.285	
126	10.20	6.335	
127	10.20	6.385	
128	10.18	6.435	
129	10.18	6.485	
130	10.18	6.535	
131	10.18	6.585	
132	10.16	6.635	
133	10.16	6.685	
134	10.16	6.735	
135	10.16	6.785	
136	10.16	6.835	
137	10.14	6.885	
138	10.14	6.935	
139	10.14	6.985	
140	10.12	7.035	
141	10.12	7.085	
142	10.12	7.135	
143	10.12	7.185	
144	10.12	7.235	
145	10.12	7.286	
146	10.12	7.335	
147	10.12	7.385	
148	10.10	7.435	
149	10.10	7.485	
150	10.10	7.535	
151	10.10	7.585	
152	10.10	7.635	
153	10.10	7.685	
154	10.10	7.735	
155	10.10	7.785	
156	10.10	7.835	
157	10.10	7.885	
158	10.08	7.936	
159	10.08	7.985	
160	10.08	8.035	
161	10.08	8.085	
162	10.08	8.136	
163	10.08	8.185	
164	10.08	8.235	
165	10.08	8.285	
166	10.08	8.336	
167	10.06	8.385	
168	10.08	8.436	
169	10.06	8.485	
170	10.06	8.535	
171	10.06	8.586	
172	10.06	8.635	
173	10.06	8.685	
174	10.06	8.735	
175	10.06	8.785	
176	10.08	8.835	
177	9.70	8.885	
178	8.78	8.935	
179	7.66	8.985	
180	6.44	9.035	
181	5.30	9.085	
182	3.54	9.135	
183	3.14	9.185	
184	2.38	9.235	
185	1.64	9.286	
186	1.14	9.335	
187	0.76	9.385	
188	0.60	9.435	
189	0.56	9.485	
190	0.54	9.535	
191	0.54	9.585	
192	0.52	9.635	
193	0.48	9.685	
194	0.44	9.735	
195	0.34	9.785	
196	0.34	9.835	
197	0.34	9.885	
198	0.34	9.935	
199	0.32	9.985	
200	0.32	10.036	
201	0.32	10.085	
202	0.32	10.135	
203	0.32	10.185	
204	0.32	10.235	
205	0.32	10.285	
206	0.30	10.335	
207	0.30	10.386	
208	0.30	10.435	
209	0.30	10.485	
210	0.30	10.535	
211	0.30	10.585	
212	0.30	10.635	
213	0.30	10.685	
214	0.30	10.735	
215	0.30	10.785	
216	0.30	10.836	
217	0.30	10.885	
218	0.30	10.935	
219	0.30	10.986	
220	0.30	11.035	
221	0.30	11.085	
222	0.30	11.135	
223	0.30	11.185	
224	0.30	11.235	
225	0.30	11.285	
226	0.30	11.335	
227	0.30	11.386	
228	0.30	11.435	
229	0.30	11.485	
230	0.30	11.535	
231	0.30	11.585	
232	0.30	11.635	
233	0.30	11.685	
234	0.30	11.735	
235	0.30	11.785	
236	0.30	11.835	
237	0.30	11.885	
238	0.30	11.935	
239	0.30	11.985	
240	0.30	12.035	
241	0.30	12.085	
242	0.30	12.135	
243	0.30	12.185	
244	0.28	12.235	
245	0.28	12.285	
246	0.30	12.335	
247	0.28	12.385	
248	0.28	12.435	
249	0.30	12.485	
250	0.28	12.535	
251	0.28	12.585	
252	0.28	12.635	
253	0.30	12.685	
254	0.28	12.735	
255	0.28	12.785	
256	0.28	12.835	
257	0.30	12.885	
258	0.28	12.935	
259	0.28	12.985	
260	0.28	13.035	
261	0.30	13.085	
262	0.28	13.136	
263	0.28	13.186	
264	0.28	13.235	
265	0.28	13.285	
266	0.28	13.335	
267	0.28	13.385	
268	0.28	13.435	
269	0.28	13.485	
270	0.28	13.535	
271	0.28	13.585	
272	0.28	13.635	
273	0.28	13.685	
274	0.28	13.735	
275	0.28	13.785	
276	0.28	13.836	
277	0.28	13.885	
278	0.28	13.935	
279	0.28	13.985	
280	0.28	14.035	
281	0.28	14.085	
282	0.28	14.135	
283	0.28	14.186	
284	0.28	14.235	
285	0.28	14.285	
286	0.28	14.335	
287	0.28	14.385	
288	0.28	14.435	
289	0.28	14.485	
290	0.28	14.535	
291	0.28	14.585	
292	0.28	14.635	
293	0.28	14.686	
294	0.28	14.735	
295	0.28	14.785	
296	0.28	14.835	
297	0.28	14.885	
298	0.28	14.935	
299	0.28	14.985	
300	0.28	15.035	
301	0.28	15.085	
302	0.28	15.135	
303	0.28	15.185	
304	0.28	15.236	
305	0.28	15.286	
306	0.28	15.335	
307	0.28	15.385	
308	0.28	15.435	
309	0.28	15.486	
310	0.28	15.535	
311	0.28	15.585	
312	0.28	15.635	
313	0.28	15.686	
314	0.28	15.735	
315	0.28	15.785	
316	0.28	15.835	
317	0.28	15.886	
318	0.28	15.935	
319	0.28	15.985	
320	0.28	16.036	
321	0.28	16.085	
322	0.28	16.135	
323	0.28	16.185	
324	0.28	16.235	
325	0.28	16.285	
326	0.28	16.336	
327	0.28	16.385	
328	0.28	16.435	
329	0.28	16.486	
330	0.28	16.535	
331	0.28	16.585	
332	0.28	16.635	
333	0.28	16.685	
334	0.28	16.735	
335	0.28	16.785	
336	0.28	16.835	
337	0.28	16.885	
338	0.28	16.935	
339	0.28	16.985	
340	0.28	17.036	
341	0.28	17.085	
342	0.28	17.135	
343	0.28	17.185	
344	0.28	17.235	
345	0.28	17.285	
346	0.28	17.335	
347	0.32	17.385	
348	0.34	17.435	
349	0.38	17.485	
350	0.48	17.536	
351	0.74	17.585	
352	1.04	17.635	
353	1.34	17.685	
354	1.68	17.735	
355	2.14	17.785	
356	2.70	17.836	
357	3.26	17.885	
358	3.88	17.935	
359	4.64	17.985	
360	6.00	18.035	
361	6.98	18.086	
362	8.00	18.135	
363	8.88	18.185	
364	9.54	18.235	
365	9.82	18.286	
366	9.84	18.335	
367	9.84	18.386	
368	9.80	18.435	
369	9.78	18.485	
370	9.78	18.535	
371	9.76	18.585	
372	9.76	18.635	
373	9.74	18.685	
374	9.74	18.735	
375	9.72	18.785	
376	9.72	18.835	
377	9.72	18.885	
378	9.70	18.935	
379	9.70	18.985	
380	9.70	19.035	
381	9.70	19.085	
382	9.70	19.135	
383	9.68	19.185	
384	9.68	19.235	
385	9.68	19.285	
386	9.68	19.335	
387	9.68	19.385	
388	9.66	19.435	
389	9.66	19.485	
390	9.66	19.535	
391	9.66	19.585	
392	9.66	19.635	
393	9.64	19.685	
394	9.64	19.735	
395	9.64	19.785	
396	9.64	19.835	
397	9.64	19.885	
398	9.64	19.935	
399	9.64	19.985	
400	9.64	20.035	
401	9.64	20.085	
402	9.64	20.135	
403	9.64	20.185	
404	9.64	20.235	
405	9.64	20.285	
406	9.62	20.335	
407	9.62	20.385	
408	9.62	20.435	
409	9.62	20.485	
410	9.62	20.535	
411	9.62	20.585	
412	9.62	20.635	
413	9.62	20.685	
414	9.62	20.735	
415	9.62	20.785	
416	9.62	20.835	
417	9.62	20.885	
418	9.62	20.935	
419	9.62	20.985	
420	9.60	21.035	
421	9.60	21.085	
422	9.60	21.136	
423	9.58	21.185	
424	9.04	21.235	
425	8.02	21.285	
426	6.94	21.335	
427	5.74	21.385	
428	4.74	21.435	
429	3.58	21.485	
430	2.82	21.535	
431	2.04	21.586	
432	1.42	21.635	
433	0.98	21.685	
434	0.70	21.735	
435	0.62	21.786	
436	0.60	21.835	
437	0.58	21.885	
438	0.56	21.935	
439	0.56	21.985	
440	0.50	22.035	
441	0.42	22.085	
442	0.36	22.135	
443	0.36	22.185	
444	0.36	22.235	
445	0.34	22.285	
446	0.34	22.335	
447	0.34	22.385	
448	0.34	22.435	
449	0.34	22.485	
450	0.34	22.535	
451	0.34	22.585	
452	0.34	22.635	
453	0.34	22.685	
454	0.34	22.735	
455	0.34	22.785	
456	0.34	22.835	
457	0.32	22.885	
458	0.34	22.935	
459	0.34	22.985	
460	0.32	23.035	
461	0.32	23.085	
462	0.32	23.135	
463	0.32	23.185	
464	0.32	23.235	
465	0.32	23.285	
466	0.32	23.335	
467	0.32	23.385	
468	0.32	23.435	
469	0.32	23.485	
470	0.32	23.536	
471	0.32	23.586	
472	0.32	23.635	
473	0.32	23.685	
474	0.32	23.735	
475	0.32	23.785	
476	0.32	23.835	
477	0.32	23.885	
478	0.32	23.935	
479	0.32	23.985	
480	0.32	24.035	
481	0.32	24.085	
482	0.32	24.135	
483	0.32	24.185	
484	0.32	24.235	
485	0.32	24.285	
486	0.32	24.335	
487	0.32	24.385	
488	0.32	24.436	
489	0.32	24.485	
490	0.32	24.535	
491	0.32	24.585	
492	0.32	24.635	
493	0.32	24.685	
494	0.32	24.735	
495	0.32	24.785	
496	0.32	24.835	
497	0.32	24.885	
498	0.32	24.935	
499	0.32	24.985	
500	0.32	25.035	
501	0.32	25.085	
502	0.32	25.135	
503	0.32	25.185	
504	0.32	25.236	
505	0.32	25.285	
506	0.32	25.336	
507	0.32	25.385	
508	0.32	25.436	
509	0.32	25.485	
510	0.32	25.535	
511	0.32	25.585	
512	0.32	25.635	
513	0.32	25.685	
514	0.32	25.735	
515	0.32	25.785	
516	0.32	25.835	
517	0.32	25.885	
518	0.32	25.935	
519	0.32	25.985	
520	0.32	26.036	
521	0.32	26.085	
522	0.32	26.135	
523	0.32	26.185	
524	0.30	26.235	
525	0.32	26.285	
526	0.32	26.335	
527	0.32	26.386	
528	0.32	26.436	
529	0.32	26.485	
530	0.32	26.535	
531	0.32	26.585	
532	0.32	26.635	
533	0.32	26.685	
534	0.32	26.735	
535	0.30	26.785	
536	0.32	26.835	
537	0.32	26.885	
538	0.32	26.935	
539	0.30	26.985	
540	0.32	27.035	
541	0.32	27.085	
542	0.32	27.135	
543	0.32	27.185	
544	0.32	27.235	
545	0.32	27.285	
546	0.34	27.336	
547	0.38	27.385	
548	0.44	27.435	
549	0.66	27.485	
550	0.98	27.535	
551	1.28	27.585	
552	1.60	27.635	
553	2.04	27.685	
554	2.56	27.735	
555	3.14	27.785	
556	3.72	27.835	
557	4.42	27.885	
558	5.60	27.935	
559	6.70	27.985	
560	7.68	28.035	
561	8.60	28.085	
562	9.58	28.135	
563	9.68	28.185	
564	9.74	28.235	
565	9.72	28.285	
566	9.70	28.335	
567	9.70	28.385	
568	9.68	28.435	
569	9.66	28.485	
570	9.66	28.535	
571	9.64	28.585	
572	9.64	28.635	
573	9.62	28.685	
574	9.62	28.735	
575	9.62	28.785	
576	9.60	28.835	
577	9.60	28.885	
578	9.60	28.935	
579	9.60	28.985	
580	9.60	29.035	
581	9.58	29.085	
582	9.58	29.135	
583	9.58	29.185	
584	9.58	29.235	
585	9.56	29.285	
586	9.56	29.335	
587	9.56	29.385	
588	9.56	29.435	
589	9.56	29.485	
590	9.56	29.535	
591	9.56	29.585	
592	9.56	29.635	
593	9.56	29.685	
594	9.56	29.735	
595	9.54	29.785	
596	9.54	29.838	
597	9.54	29.885	
598	9.54	29.935	
599	9.54	29.985	
600	9.54	30.035	
601	9.54	30.085	
602	9.52	30.135	
603	9.54	30.185	
604	9.52	30.235	
605	9.52	30.285	
606	9.52	30.335	
607	9.52	30.385	
608	9.52	30.435	
609	9.52	30.485	
610	9.52	30.535	
611	9.52	30.586	
612	9.52	30.635	
613	9.52	30.686	
614	9.50	30.735	
615	9.52	30.785	
616	9.50	30.836	
617	9.50	30.885	
618	9.50	30.935	
619	9.50	30.985	
620	9.50	31.035	
621	9.50	31.085	
622	9.50	31.135	
623	9.50	31.185	
624	9.50	31.235	
625	9.50	31.285	
626	9.50	31.335	
627	9.50	31.385	
628	9.50	31.435	
629	9.50	31.485	
630	9.50	31.535	
631	9.50	31.585	
632	9.50	31.635	
633	9.50	31.685	
634	9.50	31.735	
635	9.50	31.785	
636	9.50	31.835	
637	9.34	31.885	
638	8.60	31.935	
639	7.50	31.985	
640	6.36	32.035	
641	5.28	32.086	
642	4.26	32.135	
643	3.22	32.185	
644	2.50	32.235	
645	1.76	32.285	
646	1.24	32.335	
647	0.86	32.385	
648	0.68	32.435	
649	0.62	32.486	
650	0.60	32.535	
651	0.60	32.585	
652	0.56	32.635	
653	0.54	32.685	
654	0.48	32.735	
655	0.40	32.785	
656	0.38	32.835	
657	0.38	32.885	
658	0.36	32.935	
659	0.36	32.985	
660	0.36	33.036	
661	0.36	33.085	
662	0.36	33.135	
663	0.36	33.186	
664	0.34	33.236	
665	0.36	33.285	
666	0.34	33.336	
667	0.34	33.385	
668	0.34	33.435	
669	0.34	33.485	
670	0.34	33.535	
671	0.34	33.585	
672	0.34	33.635	
673	0.34	33.685	
674	0.34	33.736	
675	0.34	33.785	
676	0.34	33.836	
677	0.34	33.886	
678	0.34	33.935	
679	0.34	33.985	
680	0.34	34.035	
681	0.34	34.085	
682	0.34	34.135	
683	0.34	34.185	
684	0.34	34.235	
685	0.34	34.285	
686	0.34	34.335	
687	0.34	34.385	
688	0.34	34.435	
689	0.34	34.485	
690	0.34	34.536	
691	0.34	34.586	
692	0.34	34.635	
693	0.34	34.685	
694	0.34	34.735	
695	0.34	34.785	
696	0.34	34.835	
697	0.34	34.885	
698	0.32	34.935	
699	0.34	34.985	
700	0.34	35.035	
701	0.32	35.085	
702	0.34	35.135	
703	0.34	35.185	
704	0.32	35.235	
705	0.32	35.285	
706	0.34	35.335	
707	0.34	35.385	
708	0.34	35.435	
709	0.32	35.485	
710	0.32	35.536	
711	0.32	35.585	
712	0.32	35.635	
713	0.32	35.685	
714	0.34	35.735	
715	0.32	35.785	
716	0.32	35.835	
717	0.34	35.885	
718	0.32	35.935	
719	0.32	35.985	
720	0.32	36.035	
721	0.32	36.085	
722	0.32	36.135	
723	0.32	36.185	
724	0.32	36.235	
725	0.32	36.285	
726	0.32	36.336	
727	0.32	36.385	
728	0.32	36.436	
729	0.32	36.485	
730	0.32	36.535	
731	0.32	36.585	
732	0.32	36.635	
733	0.32	36.685	
734	0.32	36.735	
735	0.32	36.785	
736	0.32	36.835	
737	0.32	36.885	
738	0.32	36.935	
739	0.32	36.985	
740	0.32	37.035	
741	0.32	37.085	
742	0.32	37.135	
743	0.32	37.185	
744	0.32	37.235	
745	0.32	37.285	
746	0.32	37.335	
747	0.32	37.385	
748	0.32	37.435	
749	0.32	37.485	
750	0.32	37.535	
751	0.32	37.585	
752	0.32	37.635	
753	0.32	37.685	
754	0.32	37.735	
755	0.32	37.785	
756	0.32	37.836	
757	0.32	37.885	
758	0.32	37.935	
759	0.32	37.985	
760	0.32	38.035	
761	0.32	38.085	
762	0.32	38.135	
763	0.32	38.185	
764	0.32	38.235	
765	0.32	38.285	
766	0.32	38.335	
767	0.32	38.386	
768	0.32	38.435	
769	0.32	38.485	
770	0.32	38.535	
771	0.32	38.585	
772	0.32	38.635	
773	0.32	38.685	
774	0.32	38.735	
775	0.32	38.785	
776	0.32	38.835	
777	0.32	38.885	
778	0.32	38.935	
779	0.32	38.985	
780	0.32	39.035	
781	0.32	39.085	
782	0.32	39.135	
783	0.32	39.185	
784	0.32	39.235	
785	0.32	39.285	
786	0.32	39.335	
787	0.32	39.385	
788	0.32	39.435	
789	0.32	39.485	
790	0.36	39.535	
791	0.40	39.585	
792	0.50	39.635	
793	0.74	39.685	
794	1.04	39.735	
795	1.34	39.785	
796	1.68	39.835	
797	2.14	39.885	
798	2.66	39.935	
799	3.24	39.985	
800	3.84	40.036	
801	4.58	40.085	
802	6.56	40.135	
803	6.86	40.185	
804	7.84	40.235	
805	8.72	40.285	
806	9.36	40.335	
807	9.68	40.385	
808	9.72	40.435	
809	9.70	40.485	
810	9.68	40.535	
811	9.66	40.585	
812	9.64	40.635	
813	9.64	40.685	
814	9.62	40.735	
815	9.62	40.786	
816	9.60	40.835	
817	9.60	40.885	
818	9.60	40.935	
819	9.58	40.985	
820	9.58	41.035	
821	9.58	41.086	
822	9.56	41.135	
823	9.56	41.185	
824	9.56	41.235	
825	9.56	41.285	
826	9.56	41.335	
827	9.54	41.385	
828	9.54	41.435	
829	9.54	41.485	
830	9.54	41.535	
831	9.54	41.585	
832	9.54	41.635	
833	9.52	41.685	
834	9.52	41.735	
835	9.52	41.785	
836	9.52	41.835	
837	9.52	41.885	
838	9.52	41.935	
839	9.52	41.985	
840	9.52	42.035	
841	9.50	42.085	
842	9.50	42.135	
843	9.50	42.185	
844	9.50	42.235	
845	9.50	42.285	
846	9.50	42.335	
847	9.50	42.385	
848	9.50	42.435	
849	9.50	42.485	
850	9.50	42.535	
851	9.50	42.585	
852	9.50	42.635	
853	9.50	42.685	
854	9.50	42.735	
855	9.50	42.786	
856	9.48	42.835	
857	9.48	42.885	
858	9.48	42.935	
859	9.48	42.985	
860	9.48	43.035	
861	9.48	43.085	
862	9.48	43.135	
863	9.48	43.185	
864	9.48	43.235	
865	9.48	43.285	
866	9.48	43.335	
867	9.48	43.385	
868	9.48	43.435	
869	9.48	43.485	
870	9.46	43.535	
871	9.46	43.585	
872	9.48	43.635	
873	9.48	43.685	
874	9.46	43.735	
875	9.46	43.785	
876	9.46	43.835	
877	9.46	43.885	
878	9.46	43.935	
879	9.44	43.985	
880	8.88	44.035	
881	7.84	44.085	
882	6.76	44.135	
883	5.58	44.185	
884	4.60	44.236	
885	3.46	44.285	
886	2.72	44.335	
887	1.96	44.385	
888	1.38	44.435	
889	0.98	44.486	
890	0.70	44.535	
891	0.62	44.585	
892	0.62	44.635	
893	0.60	44.685	
894	0.58	44.735	
895	0.56	44.785	
896	0.50	44.836	
897	0.42	44.885	
898	0.38	44.936	
899	0.38	44.986	
900	0.38	45.035	
901	0.36	45.085	
902	0.36	45.138	
903	0.36	45.185	
904	0.36	45.235	
905	0.36	45.285	
906	0.36	45.335	
907	0.36	45.385	
908	0.36	45.435	
909	0.36	45.486	
910	0.34	45.535	
911	0.34	45.585	
912	0.36	45.635	
913	0.34	45.685	
914	0.34	45.735	
915	0.34	45.785	
916	0.34	45.835	
917	0.34	45.885	
918	0.34	45.936	
919	0.34	45.985	
920	0.34	46.035	
921	0.34	46.086	
922	0.34	46.135	
923	0.34	46.185	
924	0.34	46.235	
925	0.34	46.285	
926	0.34	46.335	
927	0.34	46.385	
928	0.34	46.436	
929	0.34	46.485	
930	0.34	46.536	
931	0.34	46.585	
932	0.34	46.635	
933	0.34	46.685	
934	0.34	46.735	
935	0.34	46.785	
936	0.34	46.835	
937	0.34	46.885	
938	0.34	46.936	
939	0.34	46.985	
940	0.34	47.035	
941	0.34	47.085	
942	0.34	47.135	
943	0.34	47.185	
944	0.34	47.235	
945	0.34	47.285	
946	0.34	47.335	
947	0.34	47.385	
948	0.34	47.435	
949	0.34	47.485	
950	0.34	47.535	
951	0.34	47.585	
952	0.34	47.635	
953	0.34	47.685	
954	0.34	47.735	
955	0.34	47.785	
956	0.34	47.835	
957	0.34	47.885	
958	0.34	47.935	
959	0.34	47.985	
960	0.34	48.035	
961	0.34	48.085	
962	0.34	48.135	
963	0.34	48.185	
964	0.34	48.235	
965	0.34	48.285	
966	0.32	48.335	
967	0.34	48.385	
968	0.32	48.435	
969	0.34	48.485	
970	0.34	48.535	
971	0.34	48.585	
972	0.32	48.635	
973	0.32	48.685	
974	0.34	48.735	
975	0.34	48.785	
976	0.34	48.835	
977	0.34	48.885	
978	0.34	48.935	
979	0.32	48.985	
980	0.34	49.035	
981	0.32	49.085	
982	0.32	49.135	
983	0.34	49.185	
984	0.32	49.235	
985	0.32	49.285	
986	0.34	49.336	
987	0.34	49.385	
988	0.32	49.435	
989	0.32	49.485	
990	0.34	49.535	
991	0.32	49.585	
992	0.32	49.635	
993	0.34	49.685	
994	0.32	49.735	
995	0.32	49.785	
996	0.32	49.835	
997	0.34	49.885	
998	0.34	49.935	
999	0.32	49.985	
1000	0.34	50.035	
1001	0.34	50.085	
1002	0.34	50.139	
1003	0.32	50.185	
1004	0.32	50.235	
1005	0.36	50.285	
1006	0.38	50.335	
1007	0.44	50.385	
1008	0.62	50.435	
1009	0.94	50.485	
1010	1.22	50.536	
1011	1.52	50.585	
1012	1.90	50.635	
1013	2.40	50.685	
1014	2.96	50.736	
1015	3.54	50.785	
1016	4.22	50.835	
1017	5.14	50.885	
1018	6.46	50.935	
1019	7.38	50.985	
1020	8.32	51.035	
1021	9.04	51.085	
1022	9.48	51.135	
1023	9.58	51.185	
1024	9.58	51.235	
1025	9.56	51.285	
1026	9.52	51.338	
1027	9.52	51.385	
1028	9.52	51.435	
1029	9.50	51.486	
1030	9.50	51.535	
1031	9.48	51.586	
1032	9.48	51.635	
1033	9.46	51.685	
1034	9.46	51.735	
1035	9.46	51.785	
1036	9.46	51.835	
1037	9.44	51.885	
1038	9.44	51.935	
1039	9.44	51.985	
1040	9.44	52.035	
1041	9.42	52.085	
1042	9.42	52.135	
1043	9.42	52.185	
1044	9.42	52.235	
1045	9.42	52.285	
1046	9.42	52.335	
1047	9.40	52.385	
1048	9.40	52.435	
1049	9.40	52.486	
1050	9.40	52.535	
1051	9.40	52.585	
1052	9.40	52.635	
1053	9.40	52.685	
1054	9.40	52.735	
1055	9.40	52.786	
1056	9.38	52.835	
1057	9.38	52.885	
1058	9.38	52.935	
1059	9.38	52.985	
1060	9.38	53.035	
1061	9.38	53.085	
1062	9.38	53.135	
1063	9.38	53.185	
1064	9.38	53.235	
1065	9.38	53.285	
1066	9.36	53.335	
1067	9.36	53.385	
1068	9.36	53.435	
1069	9.36	53.485	
1070	9.36	53.535	
1071	9.36	53.585	
1072	9.36	53.635	
1073	9.36	53.686	
1074	9.36	53.735	
1075	9.36	53.785	
1076	9.36	53.835	
1077	9.36	53.885	
1078	9.36	53.936	
1079	9.36	53.985	
1080	9.36	54.035	
1081	9.36	54.085	
1082	9.36	54.135	
1083	9.36	54.185	
1084	9.36	54.235	
1085	9.34	54.286	
1086	9.34	54.335	
1087	9.34	54.386	
1088	9.34	54.435	
1089	9.34	54.485	
1090	9.24	54.535	
1091	8.56	54.586	
1092	7.46	54.635	
1093	6.34	54.685	
1094	5.24	54.735	
1095	4.28	54.785	
1096	3.20	54.836	
1097	2.48	54.885	
1098	1.76	54.935	
1099	1.24	54.985	
1100	0.86	55.035	
1101	0.68	55.085	
1102	0.60	55.144	
1103	0.60	55.185	
1104	0.60	55.235	
1105	0.56	55.285	
1106	0.54	55.335	
1107	0.48	55.385	
1108	0.40	55.435	
1109	0.38	55.485	
1110	0.38	55.535	
1111	0.36	55.585	
1112	0.36	55.635	
1113	0.36	55.685	
1114	0.36	55.735	
1115	0.36	55.785	
1116	0.36	55.835	
1117	0.36	55.885	
1118	0.36	55.935	
1119	0.36	55.985	
1120	0.36	56.035	
1121	0.36	56.085	
1122	0.34	56.135	
1123	0.36	56.185	
1124	0.36	56.235	
1125	0.36	56.285	
1126	0.36	56.335	
1127	0.34	56.385	
1128	0.34	56.435	
1129	0.34	56.485	
1130	0.34	56.535	
1131	0.34	56.586	
1132	0.34	56.635	
1133	0.34	56.685	
1134	0.34	56.736	
1135	0.34	56.785	
1136	0.34	56.835	
1137	0.34	56.885	
1138	0.34	56.935	
1139	0.34	56.985	
1140	0.34	57.035	
1141	0.34	57.085	
1142	0.34	57.135	
1143	0.34	57.185	
1144	0.34	57.235	
1145	0.34	57.285	
1146	0.34	57.335	
1147	0.34	57.385	
1148	0.34	57.435	
1149	0.34	57.485	
1150	0.34	57.535	
1151	0.34	57.585	
1152	0.34	57.635	
1153	0.34	57.685	
1154	0.34	57.735	
1155	0.34	57.785	
1156	0.34	57.835	
1157	0.34	57.885	
1158	0.34	57.935	
1159	0.34	57.985	
1160	0.34	58.035	
1161	0.34	58.085	
1162	0.34	58.135	
1163	0.34	58.185	
1164	0.34	58.235	
1165	0.34	58.285	
1166	0.34	58.335	
1167	0.34	58.385	
1168	0.34	58.435	
1169	0.34	58.485	
1170	0.34	58.535	
1171	0.34	58.585	
1172	0.34	58.635	
1173	0.34	58.685	
1174	0.34	58.735	
1175	0.34	58.785	
1176	0.34	58.836	
1177	0.34	58.885	
1178	0.34	58.935	
1179	0.34	58.985	
1180	0.34	59.035	
1181	0.34	59.085	
1182	0.34	59.135	
1183	0.34	59.185	
1184	0.34	59.235	
1185	0.34	59.285	
1186	0.34	59.336	
1187	0.34	59.385	
1188	0.34	59.435	
1189	0.34	59.485	
1190	0.34	59.536	
1191	0.34	59.586	
1192	0.34	59.635	
1193	0.34	59.685	
1194	0.34	59.735	
1195	0.34	59.785	
1196	0.34	59.835	
1197	0.34	59.885	
1198	0.34	59.935	
1199	0.34	59.985	
1200	0.34	60.035	
1201	0.34	60.085	
1202	0.36	60.143	
1203	0.38	60.185	
1204	0.40	60.235	
1205	0.50	60.286	
1206	0.78	60.335	
1207	1.06	60.385	
1208	1.36	60.435	
1209	1.68	60.485	
1210	2.14	60.535	
1211	2.68	60.585	
1212	3.24	60.635	
1213	3.86	60.685	
1214	4.62	60.735	
1215	6.74	60.798	
1216	7.08	60.835	
1217	8.38	60.886	
1218	8.66	60.935	
1219	9.24	60.986	
1220	9.46	61.035	
1221	9.48	61.085	
1222	9.44	61.135	
1223	9.42	61.185	
1224	9.42	61.235	
1225	9.40	61.285	
1226	9.40	61.335	
1227	9.38	61.385	
1228	9.38	61.435	
1229	9.36	61.486	
1230	9.36	61.536	
1231	9.36	61.585	
1232	9.36	61.635	
1233	9.34	61.685	
1234	9.34	61.735	
1235	9.34	61.785	
1236	9.32	61.835	
1237	9.32	61.885	
1238	9.32	61.935	
1239	9.32	61.986	
1240	9.30	62.035	
1241	9.30	62.085	
1242	9.30	62.135	
1243	9.30	62.185	
1244	9.30	62.236	
1245	9.30	62.285	
1246	9.30	62.335	
1247	9.30	62.385	
1248	9.30	62.435	
1249	9.28	62.485	
1250	9.28	62.535	
1251	9.28	62.585	
1252	9.28	62.635	
1253	9.28	62.685	
1254	9.28	62.735	
1255	9.28	62.785	
1256	9.28	62.835	
1257	9.28	62.885	
1258	9.26	62.935	
1259	9.26	62.985	
1260	9.26	63.036	
1261	9.26	63.086	
1262	9.26	63.135	
1263	9.26	63.185	
1264	9.26	63.235	
1265	9.26	63.285	
1266	9.26	63.335	
1267	9.26	63.386	
1268	9.26	63.435	
1269	9.26	63.485	
1270	9.26	63.535	
1271	9.26	63.585	
1272	9.26	63.635	
1273	9.24	63.685	
1274	9.24	63.735	
1275	9.24	63.785	
1276	9.24	63.835	
1277	9.24	63.886	
1278	9.24	63.935	
1279	9.24	63.985	
1280	9.24	64.035	
1281	9.24	64.085	
1282	9.24	64.135	
1283	9.24	64.185	
1284	9.24	64.236	
1285	9.24	64.285	
1286	9.24	64.335	
1287	9.24	64.385	
1288	9.24	64.435	
1289	9.24	64.485	
1290	9.22	64.535	
1291	9.22	64.585	
1292	9.22	64.636	
1293	9.22	64.685	
1294	9.22	64.735	
1295	9.22	64.785	
1296	9.22	64.835	
1297	9.22	64.885	
1298	9.22	64.935	
1299	9.22	64.991	
1300	9.22	65.035	
1301	9.22	65.085	
1302	9.22	65.146	
1303	9.24	65.185	
1304	9.02	65.236	
1305	8.20	65.285	
1306	7.16	65.335	
1307	6.00	65.386	
1308	4.92	65.435	
1309	3.98	65.486	
1310	2.98	65.535	
1311	2.26	65.585	
1312	1.58	65.636	
1313	1.12	65.685	
1314	0.78	65.736	
1315	0.66	65.785	
1316	0.62	65.835	
1317	0.62	65.886	
1318	0.60	65.935	
1319	0.58	65.985	
1320	0.54	66.035	
1321	0.46	66.085	
1322	0.40	66.136	
1323	0.40	66.185	
1324	0.38	66.235	
1325	0.38	66.285	
1326	0.38	66.335	
1327	0.38	66.385	
1328	0.38	66.435	
1329	0.38	66.485	
1330	0.36	66.535	
1331	0.36	66.585	
1332	0.36	66.635	
1333	0.36	66.685	
1334	0.36	66.735	
1335	0.36	66.785	
1336	0.36	66.835	
1337	0.36	66.885	
1338	0.36	66.936	
1339	0.36	66.985	
1340	0.36	67.035	
1341	0.36	67.085	
1342	0.36	67.135	
1343	0.36	67.185	
1344	0.36	67.235	
1345	0.36	67.285	
1346	0.36	67.335	
1347	0.36	67.385	
1348	0.36	67.435	
1349	0.36	67.485	
1350	0.36	67.535	
1351	0.34	67.585	
1352	0.36	67.635	
1353	0.34	67.686	
1354	0.34	67.735	
1355	0.34	67.785	
1356	0.36	67.835	
1357	0.34	67.885	
1358	0.34	67.935	
1359	0.34	67.995	
1360	0.34	68.035	
1361	0.34	68.086	
1362	0.34	68.135	
1363	0.34	68.185	
1364	0.34	68.235	
1365	0.34	68.285	
1366	0.34	68.335	
1367	0.34	68.385	
1368	0.34	68.435	
1369	0.34	68.485	
1370	0.34	68.535	
1371	0.34	68.585	
1372	0.34	68.635	
1373	0.34	68.685	
1374	0.34	68.735	
1375	0.34	68.785	
1376	0.34	68.835	
1377	0.34	68.885	
1378	0.34	68.935	
1379	0.34	68.985	
1380	0.34	69.035	
1381	0.34	69.085	
1382	0.34	69.135	
1383	0.34	69.185	
1384	0.34	69.235	
1385	0.34	69.285	
1386	0.34	69.336	
1387	0.34	69.385	
1388	0.34	69.435	
1389	0.34	69.485	
1390	0.34	69.535	
1391	0.34	69.585	
1392	0.34	69.635	
1393	0.34	69.685	
1394	0.34	69.735	
1395	0.34	69.786	
1396	0.34	69.835	
1397	0.34	69.885	
1398	0.34	69.935	
1399	0.34	69.985	
1400	0.34	70.035	
1401	0.34	70.085	
1402	0.34	70.147	
1403	0.34	70.185	
1404	0.34	70.235	
1405	0.34	70.285	
1406	0.34	70.335	
1407	0.34	70.385	
1408	0.34	70.435	
1409	0.34	70.485	
1410	0.34	70.535	
1411	0.34	70.585	
1412	0.34	70.635	
1413	0.34	70.685	
1414	0.34	70.735	
1415	0.34	70.785	
1416	0.34	70.835	
1417	0.34	70.885	
1418	0.34	70.936	
1419	0.34	70.985	
1420	0.34	71.035	
1421	0.34	71.086	
1422	0.34	71.135	
1423	0.34	71.185	
1424	0.34	71.236	
1425	0.34	71.285	
1426	0.34	71.335	
1427	0.34	71.385	
1428	0.34	71.435	
1429	0.34	71.485	
1430	0.34	71.535	
1431	0.34	71.585	
1432	0.34	71.635	
1433	0.34	71.685	
1434	0.34	71.735	
1435	0.34	71.785	
1436	0.34	71.835	
1437	0.34	71.885	
1438	0.34	71.935	
1439	0.34	71.985	
1440	0.34	72.036	
1441	0.34	72.085	
1442	0.34	72.135	
1443	0.34	72.185	
1444	0.34	72.235	
1445	0.34	72.285	
1446	0.34	72.335	
1447	0.34	72.385	
1448	0.34	72.435	
1449	0.34	72.485	
1450	0.34	72.535	
1451	0.34	72.585	
1452	0.34	72.635	
1453	0.34	72.685	
1454	0.34	72.735	
1455	0.34	72.785	
1456	0.34	72.835	
1457	0.34	72.885	
1458	0.34	72.935	
1459	0.34	72.985	
1460	0.34	73.035	
1461	0.34	73.085	
1462	0.34	73.135	
1463	0.34	73.185	
1464	0.34	73.235	
1465	0.34	73.285	
1466	0.34	73.335	
1467	0.34	73.385	
1468	0.34	73.435	
1469	0.34	73.486	
1470	0.34	73.535	
1471	0.34	73.585	
1472	0.34	73.635	
1473	0.34	73.685	
1474	0.34	73.736	
1475	0.34	73.785	
1476	0.38	73.835	
1477	0.42	73.886	
1478	0.48	73.935	
1479	0.70	73.985	
1480	1.00	74.035	
1481	1.28	74.085	
1482	1.58	74.135	
1483	2.00	74.185	
1484	2.50	74.235	
1485	3.06	74.285	
1486	3.64	74.335	
1487	4.34	74.386	
1488	5.30	74.435	
1489	6.54	74.486	
1490	7.48	74.535	
1491	8.32	74.585	
1492	9.00	74.635	
1493	9.32	74.685	
1494	9.36	74.735	
1495	9.36	74.785	
1496	9.34	74.835	
1497	9.32	74.885	
1498	9.30	74.935	
1499	9.28	74.985	
1500	9.28	75.035	
1501	9.28	75.085	
1502	9.26	75.135	
1503	9.26	75.186	
1504	9.24	75.236	
1505	9.24	75.285	
1506	9.24	75.336	
1507	9.24	75.386	
1508	9.22	75.435	
1509	9.22	75.485	
1510	9.22	75.535	
1511	9.22	75.585	
1512	9.22	75.636	
1513	9.20	75.685	
1514	9.20	75.736	
1515	9.20	75.785	
1516	9.20	75.836	
1517	9.20	75.887	
1518	9.20	75.936	
1519	9.18	75.985	
1520	9.18	76.035	
1521	9.18	76.085	
1522	9.18	76.135	
1523	9.18	76.185	
1524	9.18	76.249	
1525	9.18	76.285	
1526	9.18	76.339	
1527	9.18	76.385	
1528	9.16	76.435	
1529	9.16	76.485	
1530	9.16	76.535	
1531	9.16	76.585	
1532	9.16	76.635	
1533	9.16	76.685	
1534	9.16	76.735	
1535	9.16	76.785	
1536	9.16	76.835	
1537	9.16	76.885	
1538	9.16	76.935	
1539	9.16	76.986	
1540	9.14	77.036	
1541	9.14	77.085	
1542	9.14	77.135	
1543	9.14	77.185	
1544	9.16	77.235	
1545	9.14	77.285	
1546	9.14	77.335	
1547	9.14	77.385	
1548	9.14	77.435	
1549	9.14	77.486	
1550	9.14	77.535	
1551	9.14	77.585	
1552	9.14	77.635	
1553	9.14	77.685	
1554	9.14	77.735	
1555	9.14	77.785	
1556	9.14	77.835	
1557	9.14	77.885	
1558	9.14	77.936	
1559	8.74	77.986	
1560	7.82	78.036	
1561	6.78	78.085	
1562	5.58	78.136	
1563	4.58	78.185	
1564	3.56	78.235	
1565	2.76	78.285	
1566	2.00	78.335	
1567	1.40	78.385	
1568	0.98	78.435	
1569	0.72	78.485	
1570	0.64	78.535	
1571	0.62	78.585	
1572	0.62	78.635	
1573	0.60	78.685	
1574	0.56	78.735	
1575	0.52	78.785	
1576	0.42	78.835	
1577	0.40	78.885	
1578	0.40	78.935	
1579	0.40	78.985	
1580	0.38	79.035	
1581	0.38	79.085	
1582	0.38	79.135	
1583	0.38	79.185	
1584	0.38	79.235	
1585	0.38	79.285	
1586	0.36	79.336	
1587	0.38	79.386	
1588	0.36	79.435	
1589	0.36	79.485	
1590	0.36	79.535	
1591	0.36	79.585	
1592	0.36	79.635	
1593	0.36	79.685	
1594	0.36	79.735	
1595	0.36	79.785	
1596	0.36	79.835	
1597	0.36	79.885	
1598	0.36	79.935	
1599	0.36	79.985	
1600	0.36	80.035	
1601	0.36	80.085	
1602	0.36	80.147	
1603	0.36	80.185	
1604	0.36	80.241	
1605	0.36	80.285	
1606	0.36	80.335	
1607	0.36	80.385	
1608	0.36	80.435	
1609	0.36	80.485	
1610	0.36	80.535	
1611	0.36	80.585	
1612	0.36	80.635	
1613	0.36	80.685	
1614	0.36	80.735	
1615	0.36	80.785	
1616	0.36	80.835	
1617	0.34	80.885	
1618	0.36	80.935	
1619	0.36	80.985	
1620	0.36	81.036	
1621	0.36	81.085	
1622	0.36	81.135	
1623	0.34	81.185	
1624	0.34	81.235	
1625	0.34	81.285	
1626	0.34	81.335	
1627	0.34	81.386	
1628	0.34	81.435	
1629	0.34	81.485	
1630	0.34	81.535	
1631	0.34	81.585	
1632	0.34	81.635	
1633	0.34	81.685	
1634	0.34	81.735	
1635	0.34	81.785	
1636	0.34	81.835	
1637	0.34	81.885	
1638	0.34	81.935	
1639	0.34	81.985	
1640	0.34	82.035	
1641	0.34	82.085	
1642	0.34	82.135	
1643	0.34	82.185	
1644	0.34	82.235	
1645	0.34	82.285	
1646	0.34	82.335	
1647	0.34	82.385	
1648	0.34	82.435	
1649	0.34	82.485	
1650	0.34	82.535	
1651	0.34	82.585	
1652	0.34	82.635	
1653	0.34	82.685	
1654	0.34	82.735	
1655	0.34	82.785	
1656	0.34	82.835	
1657	0.34	82.885	
1658	0.34	82.935	
1659	0.34	82.985	
1660	0.34	83.035	
1661	0.34	83.085	
1662	0.34	83.135	
1663	0.34	83.185	
1664	0.34	83.236	
1665	0.34	83.285	
1666	0.34	83.335	
1667	0.34	83.385	
1668	0.34	83.435	
1669	0.34	83.485	
1670	0.34	83.535	
1671	0.34	83.585	
1672	0.34	83.636	
1673	0.34	83.686	
1674	0.34	83.735	
1675	0.34	83.785	
1676	0.34	83.835	
1677	0.34	83.885	
1678	0.34	83.935	
1679	0.34	83.985	
1680	0.34	84.035	
1681	0.34	84.085	
1682	0.34	84.135	
1683	0.34	84.185	
1684	0.34	84.235	
1685	0.34	84.285	
1686	0.34	84.335	
1687	0.34	84.385	
1688	0.34	84.435	
1689	0.34	84.485	
1690	0.34	84.535	
1691	0.34	84.585	
1692	0.34	84.635	
1693	0.34	84.685	
1694	0.34	84.735	
1695	0.34	84.785	
1696	0.34	84.835	
1697	0.34	84.885	
1698	0.38	84.935	
1699	0.40	84.985	
1700	0.56	85.035	
1701	0.82	85.085	
1702	1.10	85.135	
1703	1.38	85.185	
1704	1.72	85.235	
1705	2.18	85.285	
1706	2.72	85.335	
1707	3.30	85.385	
1708	3.92	85.436	
1709	4.72	85.485	
1710	5.94	85.535	
1711	6.88	85.586	
1712	7.84	85.635	
1713	8.64	85.685	
1714	9.20	85.735	
1715	9.40	85.785	
1716	9.40	85.835	
1717	9.38	85.885	
1718	9.36	85.935	
1719	9.34	85.985	
1720	9.34	86.035	
1721	9.32	86.085	
1722	9.32	86.135	
1723	9.30	86.185	
1724	9.30	86.236	
1725	9.28	86.285	
1726	9.28	86.335	
1727	9.28	86.385	
1728	9.26	86.435	
1729	9.26	86.485	
1730	9.26	86.535	
1731	9.26	86.585	
1732	9.26	86.635	
1733	9.24	86.685	
1734	9.24	86.735	
1735	9.24	86.785	
1736	9.24	86.835	
1737	9.24	86.885	
1738	9.24	86.935	
1739	9.24	86.985	
1740	9.24	87.035	
1741	9.22	87.085	
1742	9.22	87.135	
1743	9.22	87.185	
1744	9.22	87.235	
1745	9.22	87.285	
1746	9.22	87.335	
1747	9.22	87.385	
1748	9.22	87.435	
1749	9.20	87.485	
1750	9.20	87.535	
1751	9.20	87.585	
1752	9.20	87.635	
1753	9.20	87.685	
1754	9.20	87.735	
1755	9.20	87.785	
1756	9.20	87.835	
1757	9.20	87.885	
1758	9.20	87.935	
1759	9.20	87.985	
1760	9.18	88.035	
1761	9.18	88.085	
1762	9.18	88.135	
1763	9.18	88.185	
1764	9.18	88.235	
1765	9.18	88.285	
1766	9.18	88.335	
1767	9.18	88.385	
1768	9.18	88.435	
1769	9.18	88.485	
1770	9.18	88.535	
1771	9.18	88.585	
1772	9.16	88.635	
1773	9.16	88.685	
1774	9.18	88.735	
1775	9.16	88.785	
1776	9.16	88.835	
1777	9.18	88.885	
1778	8.82	88.935	
1779	7.94	88.985	
1780	6.88	89.035	
1781	5.72	89.085	
1782	4.70	89.135	
1783	3.70	89.185	
1784	2.82	89.235	
1785	2.08	89.285	
1786	1.48	89.335	
1787	1.04	89.385	
1788	0.76	89.435	
1789	0.66	89.485	
1790	0.64	89.535	
1791	0.62	89.585	
1792	0.62	89.635	
1793	0.58	89.685	
1794	0.52	89.735	
1795	0.44	89.785	
1796	0.40	89.835	
1797	0.40	89.885	
1798	0.40	89.935	
1799	0.38	89.985	
1800	0.38	90.035	
1801	0.38	90.085	
1802	0.38	90.186	
1803	0.38	90.235	
1804	0.38	90.296	
1805	0.38	90.335	
1806	0.38	90.391	
1807	0.36	90.435	
1808	0.36	90.485	
1809	0.36	90.535	
1810	0.36	90.585	
1811	0.36	90.635	
1812	0.36	90.685	
1813	0.36	90.735	
1814	0.36	90.785	
1815	0.36	90.835	
1816	0.36	90.885	
1817	0.36	90.935	
1818	0.36	90.986	
1819	0.36	91.035	
1820	0.36	91.085	
1821	0.36	91.135	
1822	0.36	91.185	
1823	0.36	91.235	
1824	0.36	91.285	
1825	0.36	91.335	
1826	0.36	91.385	
1827	0.36	91.435	
1828	0.36	91.485	
1829	0.36	91.535	
1830	0.36	91.585	
1831	0.36	91.635	
1832	0.36	91.685	
1833	0.34	91.735	
1834	0.34	91.785	
1835	0.36	91.835	
1836	0.34	91.885	
1837	0.34	91.935	
1838	0.36	91.985	
1839	0.34	92.035	
1840	0.36	92.085	
1841	0.36	92.136	
1842	0.34	92.185	
1843	0.34	92.235	
1844	0.34	92.286	
1845	0.34	92.335	
1846	0.34	92.385	
1847	0.36	92.435	
1848	0.34	92.485	
1849	0.34	92.535	
1850	0.34	92.585	
1851	0.34	92.635	
1852	0.34	92.685	
1853	0.34	92.735	
1854	0.34	92.785	
1855	0.34	92.835	
1856	0.34	92.885	
1857	0.34	92.935	
1858	0.34	92.985	
1859	0.34	93.035	
1860	0.34	93.085	
1861	0.34	93.135	
1862	0.34	93.186	
1863	0.34	93.235	
1864	0.34	93.286	
1865	0.34	93.335	
1866	0.34	93.385	
1867	0.34	93.435	
1868	0.34	93.485	
1869	0.34	93.535	
1870	0.34	93.585	
1871	0.34	93.635	
1872	0.34	93.685	
1873	0.34	93.735	
1874	0.34	93.785	
1875	0.34	93.835	
1876	0.34	93.885	
1877	0.34	93.935	
1878	0.34	93.985	
1879	0.34	94.035	
1880	0.34	94.085	
1881	0.34	94.135	
1882	0.34	94.185	
1883	0.34	94.235	
1884	0.34	94.285	
1885	0.34	94.335	
1886	0.34	94.385	
1887	0.34	94.435	
1888	0.34	94.485	
1889	0.34	94.535	
1890	0.34	94.585	
1891	0.34	94.635	
1892	0.34	94.685	
1893	0.38	94.735	
1894	0.40	94.785	
1895	0.44	94.835	
1896	0.64	94.886	
1897	0.94	94.935	
1898	1.22	94.985	
1899	1.52	95.036	
1900	1.90	95.085	
1901	2.38	95.135	
1902	2.96	95.185	
1903	3.50	95.235	
1904	4.20	95.285	
1905	5.08	95.335	
1906	6.34	95.385	
1907	7.26	95.435	
1908	8.20	95.485	
1909	8.92	95.535	
1910	9.34	95.585	
1911	9.42	95.635	
1912	9.40	95.685	
1913	9.38	95.735	
1914	9.36	95.785	
1915	9.36	95.835	
1916	9.34	95.885	
1917	9.34	95.935	
1918	9.32	95.985	
1919	9.32	96.035	
1920	9.32	96.085	
1921	9.30	96.135	
1922	9.30	96.185	
1923	9.30	96.235	
1924	9.28	96.285	
1925	9.28	96.335	
1926	9.28	96.385	
1927	9.28	96.435	
1928	9.26	96.485	
1929	9.26	96.535	
1930	9.26	96.585	
1931	9.26	96.635	
1932	9.26	96.686	
1933	9.26	96.735	
1934	9.24	96.785	
1935	9.24	96.835	
1936	9.24	96.885	
1937	9.24	96.935	
1938	9.24	96.985	
1939	9.24	97.035	
1940	9.24	97.085	
1941	9.22	97.135	
1942	9.22	97.185	
1943	9.22	97.236	
1944	9.22	97.285	
1945	9.22	97.335	
1946	9.22	97.385	
1947	9.22	97.435	
1948	9.22	97.485	
1949	9.22	97.535	
1950	9.22	97.585	
1951	9.22	97.635	
1952	9.22	97.685	
1953	9.22	97.736	
1954	9.20	97.785	
1955	9.22	97.835	
1956	9.20	97.885	
1957	9.20	97.935	
1958	9.20	97.985	
1959	9.20	98.035	
1960	9.20	98.085	
1961	9.20	98.135	
1962	9.20	98.185	
1963	9.20	98.235	
1964	9.20	98.286	
1965	9.20	98.335	
1966	9.20	98.385	
1967	9.20	98.435	
1968	9.20	98.485	
1969	9.20	98.535	
1970	9.18	98.585	
1971	9.18	98.635	
1972	9.18	98.685	
1973	9.18	98.736	
1974	9.18	98.785	
1975	9.18	98.835	
1976	9.18	98.885	
1977	9.18	98.935	
1978	9.18	98.985	
1979	9.18	99.035	
1980	9.18	99.086	
1981	9.18	99.136	
1982	9.18	99.185	
1983	9.18	99.235	
1984	9.12	99.286	
1985	8.46	99.335	
1986	7.42	99.385	
1987	6.36	99.435	
1988	5.20	99.485	
1989	4.26	99.535	
1990	3.22	99.585	
1991	2.48	99.635	
1992	1.74	99.685	
1993	1.24	99.735	
1994	0.86	99.785	
1995	0.70	99.835	
1996	0.64	99.885	
1997	0.62	99.935	
1998	0.62	99.985	
1999	0.60	100.036	
2000	0.54	100.085	
2001	0.40	100.185	
2002	0.40	100.235	
2003	0.38	100.336	
2004	0.38	100.385	
2005	0.38	100.485	
2006	0.38	100.535	
2007	0.38	100.635	
2008	0.38	100.685	
2009	0.36	100.785	
2010	0.36	100.835	
2011	0.36	100.898	
2012	0.36	100.935	
2013	0.36	100.994	
2014	0.36	101.036	
2015	0.36	101.093	
2016	0.36	101.135	
2017	0.36	101.190	
2018	0.36	101.235	
2019	0.36	101.285	
2020	0.36	101.335	
2021	0.36	101.385	
2022	0.36	101.435	
2023	0.36	101.485	
2024	0.36	101.535	
2025	0.36	101.585	
2026	0.36	101.635	
2027	0.36	101.685	
2028	0.36	101.735	
2029	0.36	101.785	
2030	0.36	101.835	
2031	0.36	101.885	
2032	0.36	101.935	
2033	0.36	101.985	
2034	0.36	102.035	
2035	0.36	102.085	
2036	0.36	102.135	
2037	0.36	102.185	
2038	0.34	102.235	
2039	0.36	102.285	
2040	0.36	102.335	
2041	0.36	102.385	
2042	0.34	102.436	
2043	0.36	102.485	
2044	0.34	102.536	
2045	0.34	102.585	
2046	0.34	102.635	
2047	0.34	102.685	
2048	0.34	102.735	
2049	0.34	102.785	
2050	0.34	102.835	
2051	0.34	102.885	
2052	0.34	102.935	
2053	0.36	102.985	
2054	0.34	103.035	
2055	0.34	103.085	
2056	0.34	103.135	
2057	0.34	103.185	
2058	0.34	103.235	
2059	0.34	103.285	
2060	0.34	103.336	
2061	0.34	103.385	
2062	0.34	103.435	
2063	0.34	103.485	
2064	0.34	103.535	
2065	0.34	103.586	
2066	0.34	103.635	
2067	0.34	103.685	
2068	0.34	103.736	
2069	0.34	103.785	
2070	0.34	103.835	
2071	0.34	103.885	
2072	0.34	103.935	
2073	0.34	103.985	
2074	0.34	104.035	
2075	0.34	104.085	
2076	0.34	104.135	
2077	0.34	104.185	
2078	0.34	104.235	
2079	0.34	104.285	
2080	0.34	104.335	
2081	0.34	104.385	
2082	0.34	104.435	
2083	0.34	104.486	
2084	0.34	104.535	
2085	0.34	104.585	
2086	0.34	104.635	
2087	0.34	104.685	
2088	0.34	104.735	
2089	0.34	104.785	
2090	0.34	104.835	
2091	0.34	104.885	
2092	0.34	104.935	
2093	0.34	104.986	
2094	0.34	105.035	
2095	0.34	105.085	
2096	0.34	105.135	
2097	0.34	105.185	
2098	0.34	105.235	
2099	0.34	105.285	
2100	0.34	105.336	
2101	0.34	105.385	
2102	0.34	105.435	
2103	0.34	105.485	
2104	0.34	105.535	
2105	0.34	105.586	
2106	0.34	105.635	
2107	0.34	105.685	
2108	0.34	105.735	
2109	0.34	105.785	
2110	0.34	105.835	
2111	0.34	105.885	
2112	0.34	105.935	
2113	0.34	105.985	
2114	0.34	106.035	
2115	0.34	106.085	
2116	0.34	106.135	
2117	0.34	106.185	
2118	0.34	106.235	
2119	0.34	106.285	
2120	0.34	106.335	
2121	0.34	106.385	
2122	0.34	106.435	
2123	0.34	106.485	
2124	0.34	106.535	
2125	0.34	106.585	
2126	0.34	106.635	
2127	0.34	106.685	
2128	0.34	106.735	
2129	0.34	106.785	
2130	0.34	106.835	
2131	0.34	106.885	
2132	0.36	106.935	
2133	0.38	106.985	
2134	0.42	107.035	
2135	0.56	107.085	
2136	0.86	107.135	
2137	1.14	107.185	
2138	1.42	107.235	
2139	1.78	107.285	
2140	2.26	107.335	
2141	2.80	107.385	
2142	3.36	107.435	
2143	4.00	107.485	
2144	4.82	107.535	
2145	6.08	107.585	
2146	6.98	107.635	
2147	7.96	107.685	
2148	8.74	107.735	
2149	9.22	107.785	
2150	9.36	107.835	
2151	9.36	107.885	
2152	9.34	107.935	
2153	9.32	107.985	
2154	9.30	108.035	
2155	9.28	108.085	
2156	9.28	108.135	
2157	9.26	108.185	
2158	9.26	108.235	
2159	9.26	108.285	
2160	9.24	108.335	
2161	9.24	108.385	
2162	9.24	108.435	
2163	9.22	108.485	
2164	9.22	108.535	
2165	9.22	108.585	
2166	9.22	108.635	
2167	9.22	108.685	
2168	9.20	108.735	
2169	9.20	108.786	
2170	9.20	108.835	
2171	9.20	108.885	
2172	9.20	108.935	
2173	9.20	108.985	
2174	9.18	109.035	
2175	9.18	109.085	
2176	9.18	109.136	
2177	9.18	109.185	
2178	9.18	109.235	
2179	9.18	109.285	
2180	9.18	109.335	
2181	9.16	109.385	
2182	9.16	109.435	
2183	9.16	109.486	
2184	9.16	109.535	
2185	9.16	109.585	
2186	9.16	109.635	
2187	9.16	109.685	
2188	9.16	109.735	
2189	9.16	109.785	
2190	9.16	109.836	
2191	9.16	109.885	
2192	9.16	109.935	
2193	9.16	109.985	
2194	9.16	110.035	
2195	9.14	110.085	
2196	9.14	110.185	
2197	9.14	110.235	
2198	9.14	110.285	
2199	9.14	110.335	
2200	9.14	110.385	
2201	9.14	110.435	
2202	9.14	110.485	
2203	9.14	110.535	
2204	9.14	110.585	
2205	9.14	110.635	
2206	9.14	110.685	
2207	9.14	110.735	
2208	9.14	110.785	
2209	9.12	110.835	
2210	9.12	110.885	
2211	9.12	110.935	
2212	9.12	110.986	
2213	9.12	111.035	
2214	9.12	111.085	
2215	9.12	111.135	
2216	9.12	111.185	
2217	9.12	111.235	
2218	9.12	111.285	
2219	8.66	111.335	
2220	7.68	111.385	
2221	6.62	111.435	
2222	5.48	111.485	
2223	4.48	111.535	
2224	3.46	111.585	
2225	2.68	111.635	
2226	1.92	111.685	
2227	1.36	111.735	
2228	0.96	111.785	
2229	0.72	111.835	
2230	0.64	111.885	
2231	0.62	111.935	
2232	0.62	111.985	
2233	0.62	112.035	
2234	0.56	112.085	
2235	0.50	112.135	
2236	0.42	112.185	
2237	0.40	112.235	
2238	0.40	112.285	
2239	0.40	112.336	
2240	0.38	112.385	
2241	0.38	112.435	
2242	0.38	112.486	
2243	0.38	112.535	
2244	0.38	112.585	
2245	0.38	112.635	
2246	0.38	112.685	
2247	0.38	112.735	
2248	0.38	112.785	
2249	0.36	112.835	
2250	0.38	112.885	
2251	0.36	112.935	
2252	0.36	112.985	
2253	0.38	113.035	
2254	0.36	113.085	
2255	0.36	113.135	
2256	0.36	113.185	
2257	0.36	113.235	
2258	0.36	113.285	
2259	0.36	113.335	
2260	0.36	113.385	
2261	0.36	113.435	
2262	0.36	113.485	
2263	0.36	113.535	
2264	0.36	113.585	
2265	0.36	113.635	
2266	0.36	113.686	
2267	0.36	113.735	
2268	0.36	113.785	
2269	0.36	113.836	
2270	0.36	113.885	
2271	0.36	113.935	
2272	0.36	113.985	
2273	0.36	114.035	
2274	0.36	114.085	
2275	0.36	114.135	
2276	0.36	114.185	
2277	0.36	114.235	
2278	0.36	114.285	
2279	0.36	114.335	
2280	0.36	114.385	
2281	0.36	114.435	
2282	0.36	114.485	
2283	0.36	114.535	
2284	0.36	114.585	
2285	0.36	114.635	
2286	0.36	114.685	
2287	0.34	114.735	
2288	0.34	114.785	
2289	0.36	114.835	
2290	0.36	114.885	
2291	0.34	114.935	
2292	0.34	114.985	
2293	0.34	115.035	
2294	0.34	115.085	
2295	0.36	115.135	
2296	0.34	115.185	
2297	0.34	115.235	
2298	0.34	115.285	
2299	0.34	115.335	
2300	0.34	115.385	
2301	0.34	115.435	
2302	0.34	115.485	
2303	0.34	115.535	
2304	0.34	115.585	
2305	0.34	115.635	
2306	0.34	115.685	
2307	0.34	115.735	
2308	0.34	115.785	
2309	0.34	115.835	
2310	0.34	115.885	
2311	0.34	115.936	
2312	0.34	115.985	
2313	0.34	116.035	
2314	0.34	116.085	
2315	0.34	116.135	
2316	0.34	116.185	
