7/24/2024  3:04 PM
Units: N
Readings: Continuous
X-Axis: Time

Reading	Load	Time	
1	0.00	0.000	
2	0.00	0.100	
3	0.00	0.150	
4	0.00	0.201	
5	0.00	0.250	
6	0.00	0.301	
7	0.00	0.350	
8	0.00	0.400	
9	0.00	0.450	
10	0.00	0.500	
11	0.00	0.550	
12	0.00	0.600	
13	0.00	0.650	
14	0.00	0.700	
15	0.00	0.751	
16	0.00	0.800	
17	0.00	0.850	
18	0.00	0.900	
19	0.00	0.950	
20	0.00	1.000	
21	0.00	1.050	
22	0.00	1.100	
23	0.00	1.150	
24	0.00	1.200	
25	0.00	1.250	
26	0.00	1.301	
27	0.00	1.350	
28	0.00	1.400	
29	0.00	1.451	
30	0.00	1.500	
31	0.00	1.550	
32	0.00	1.600	
33	0.00	1.650	
34	0.00	1.700	
35	0.00	1.750	
36	0.00	1.800	
37	0.00	1.850	
38	0.00	1.900	
39	0.00	1.950	
40	0.00	2.000	
41	0.00	2.050	
42	0.00	2.100	
43	0.00	2.150	
44	0.00	2.200	
45	0.00	2.250	
46	0.00	2.300	
47	0.00	2.350	
48	0.00	2.400	
49	0.00	2.450	
50	0.00	2.500	
51	0.00	2.551	
52	0.00	2.600	
53	0.00	2.650	
54	0.00	2.701	
55	0.00	2.750	
56	0.00	2.800	
57	0.00	2.850	
58	0.00	2.900	
59	0.00	2.950	
60	0.00	3.000	
61	0.00	3.051	
62	0.00	3.101	
63	0.00	3.150	
64	0.00	3.200	
65	0.00	3.250	
66	0.00	3.300	
67	0.00	3.351	
68	0.00	3.400	
69	0.00	3.450	
70	0.00	3.500	
71	0.00	3.550	
72	0.00	3.600	
73	0.00	3.650	
74	0.00	3.700	
75	0.00	3.750	
76	0.00	3.800	
77	0.00	3.850	
78	0.00	3.900	
79	0.00	3.950	
80	0.00	4.000	
81	0.00	4.050	
82	0.00	4.100	
83	0.00	4.150	
84	0.00	4.201	
85	0.00	4.251	
86	0.00	4.300	
87	0.00	4.350	
88	0.00	4.400	
89	0.00	4.450	
90	0.00	4.500	
91	0.00	4.550	
92	0.00	4.600	
93	0.00	4.650	
94	0.00	4.700	
95	0.00	4.750	
96	0.00	4.800	
97	0.00	4.850	
98	0.00	4.900	
99	0.00	4.950	
100	0.00	5.001	
101	0.00	5.050	
102	0.00	5.100	
103	0.00	5.151	
104	0.00	5.201	
105	0.00	5.250	
106	0.00	5.300	
107	0.00	5.350	
108	0.00	5.400	
109	0.00	5.450	
110	0.00	5.500	
111	0.00	5.551	
112	0.00	5.600	
113	0.00	5.650	
114	-0.02	5.700	
115	-0.02	5.750	
116	0.02	5.800	
117	0.18	5.850	
118	0.64	5.902	
119	0.74	5.950	
120	1.12	6.001	
121	1.60	6.050	
122	2.02	6.100	
123	2.32	6.150	
124	2.52	6.200	
125	2.48	6.251	
126	2.46	6.300	
127	2.44	6.350	
128	2.44	6.400	
129	2.44	6.450	
130	2.42	6.500	
131	2.42	6.550	
132	2.42	6.600	
133	2.42	6.651	
134	2.42	6.700	
135	2.42	6.750	
136	2.42	6.800	
137	2.40	6.850	
138	2.40	6.900	
139	2.40	6.951	
140	2.40	7.000	
141	2.40	7.050	
142	2.40	7.100	
143	2.40	7.150	
144	2.40	7.201	
145	2.40	7.250	
146	2.40	7.300	
147	2.40	7.350	
148	2.40	7.400	
149	2.40	7.450	
150	2.40	7.501	
151	2.40	7.551	
152	2.40	7.600	
153	2.40	7.650	
154	2.40	7.700	
155	2.40	7.750	
156	2.40	7.800	
157	2.40	7.850	
158	2.40	7.900	
159	2.40	7.950	
160	2.40	8.001	
161	2.40	8.050	
162	2.40	8.100	
163	2.40	8.150	
164	2.40	8.200	
165	2.40	8.250	
166	2.40	8.301	
167	2.32	8.350	
168	1.74	8.400	
169	1.14	8.451	
170	0.62	8.500	
171	0.30	8.550	
172	0.22	8.600	
173	0.14	8.651	
174	0.12	8.700	
175	0.12	8.750	
176	0.10	8.800	
177	0.10	8.850	
178	0.06	8.900	
179	0.02	8.950	
180	0.02	9.000	
181	0.02	9.050	
182	0.02	9.100	
183	0.02	9.150	
184	0.02	9.200	
185	0.02	9.250	
186	0.02	9.300	
187	0.02	9.350	
188	0.02	9.400	
189	0.02	9.450	
190	0.02	9.500	
191	0.02	9.550	
192	0.02	9.600	
193	0.02	9.650	
194	0.02	9.700	
195	0.02	9.750	
196	0.02	9.800	
197	0.02	9.850	
198	0.02	9.900	
199	0.02	9.950	
200	0.02	10.000	
201	0.02	10.050	
202	0.02	10.100	
203	0.02	10.151	
204	0.00	10.200	
205	0.02	10.250	
206	0.02	10.300	
207	0.02	10.350	
208	0.02	10.400	
209	0.00	10.450	
210	0.02	10.500	
211	0.02	10.551	
212	0.02	10.600	
213	0.00	10.651	
214	0.00	10.700	
215	0.00	10.750	
216	0.00	10.800	
217	0.00	10.850	
218	0.02	10.901	
219	0.00	10.950	
220	0.00	11.000	
221	0.00	11.050	
222	0.00	11.100	
223	0.02	11.150	
224	0.00	11.201	
225	0.00	11.250	
226	0.02	11.300	
227	0.00	11.350	
228	0.00	11.401	
229	0.00	11.450	
230	0.00	11.501	
231	0.00	11.550	
232	0.00	11.600	
233	0.00	11.650	
234	0.02	11.700	
235	0.00	11.750	
236	0.00	11.800	
237	0.00	11.850	
238	0.00	11.900	
239	0.00	11.950	
240	0.00	12.001	
241	0.00	12.050	
242	0.00	12.100	
243	0.00	12.150	
244	0.00	12.200	
245	0.00	12.250	
246	0.00	12.300	
247	0.00	12.350	
248	0.00	12.400	
249	0.00	12.450	
250	0.00	12.500	
251	0.00	12.551	
252	0.00	12.600	
253	0.00	12.650	
254	0.00	12.700	
255	0.00	12.750	
256	0.00	12.801	
257	0.00	12.850	
258	0.00	12.900	
259	0.00	12.950	
260	0.00	13.000	
261	0.00	13.051	
262	0.00	13.100	
263	0.06	13.150	
264	0.28	13.200	
265	0.52	13.250	
266	0.86	13.300	
267	1.28	13.350	
268	1.74	13.401	
269	2.12	13.450	
270	2.38	13.500	
271	2.52	13.550	
272	2.48	13.600	
273	2.40	13.650	
274	2.38	13.700	
275	2.38	13.751	
276	2.38	13.801	
277	2.38	13.850	
278	2.38	13.900	
279	2.36	13.950	
280	2.38	14.000	
281	2.36	14.050	
282	2.36	14.100	
283	2.36	14.150	
284	2.36	14.200	
285	2.36	14.250	
286	2.36	14.300	
287	2.36	14.350	
288	2.36	14.400	
289	2.36	14.450	
290	2.36	14.500	
291	2.36	14.550	
292	2.36	14.600	
293	2.34	14.650	
294	2.34	14.700	
295	2.34	14.750	
296	2.34	14.800	
297	2.34	14.850	
298	2.34	14.900	
299	2.34	14.950	
300	2.34	15.000	
301	2.34	15.050	
302	2.34	15.100	
303	2.34	15.150	
304	2.34	15.200	
305	2.34	15.251	
306	2.34	15.300	
307	2.34	15.350	
308	2.34	15.400	
309	2.34	15.450	
310	2.34	15.500	
311	2.34	15.550	
312	2.34	15.600	
313	2.34	15.651	
314	2.34	15.701	
315	2.34	15.751	
316	2.34	15.800	
317	2.34	15.850	
318	2.34	15.900	
319	2.34	15.950	
320	2.34	16.000	
321	2.34	16.050	
322	2.34	16.100	
323	2.34	16.150	
324	2.34	16.200	
325	2.34	16.250	
326	2.34	16.300	
327	2.34	16.350	
328	2.34	16.401	
329	2.34	16.450	
330	2.34	16.500	
331	2.34	16.550	
332	2.34	16.600	
333	2.06	16.650	
334	1.44	16.700	
335	0.88	16.750	
336	0.42	16.800	
337	0.26	16.850	
338	0.18	16.900	
339	0.14	16.950	
340	0.14	17.000	
341	0.12	17.050	
342	0.10	17.100	
343	0.10	17.150	
344	0.06	17.200	
345	0.04	17.250	
346	0.04	17.300	
347	0.04	17.350	
348	0.02	17.400	
349	0.04	17.450	
350	0.02	17.500	
351	0.04	17.550	
352	0.02	17.600	
353	0.02	17.650	
354	0.02	17.700	
355	0.02	17.750	
356	0.02	17.800	
357	0.02	17.851	
358	0.02	17.900	
359	0.02	17.950	
360	0.02	18.001	
361	0.02	18.050	
362	0.02	18.101	
363	0.02	18.150	
364	0.02	18.200	
365	0.02	18.250	
366	0.02	18.301	
367	0.02	18.350	
368	0.02	18.400	
369	0.02	18.450	
370	0.02	18.500	
371	0.02	18.550	
372	0.02	18.600	
373	0.02	18.650	
374	0.02	18.700	
375	0.02	18.750	
376	0.02	18.800	
377	0.02	18.850	
378	0.02	18.900	
379	0.02	18.950	
380	0.02	19.000	
381	0.02	19.050	
382	0.02	19.100	
383	0.02	19.150	
384	0.02	19.200	
385	0.02	19.250	
386	0.02	19.300	
387	0.02	19.351	
388	0.02	19.400	
389	0.02	19.450	
390	0.02	19.501	
391	0.02	19.550	
392	0.02	19.600	
393	0.02	19.651	
394	0.02	19.700	
395	0.02	19.751	
396	0.02	19.801	
397	0.02	19.851	
398	0.02	19.901	
399	0.02	19.951	
400	0.02	20.000	
401	0.02	20.050	
402	0.02	20.100	
403	0.02	20.150	
404	0.02	20.200	
405	0.02	20.250	
406	0.02	20.301	
407	0.02	20.350	
408	0.02	20.400	
409	0.02	20.450	
410	0.02	20.500	
411	0.02	20.550	
412	0.02	20.600	
413	0.02	20.650	
414	0.02	20.701	
415	0.02	20.750	
416	0.02	20.800	
417	0.02	20.850	
418	0.02	20.900	
419	0.02	20.950	
420	0.02	21.000	
421	0.02	21.050	
422	0.02	21.100	
423	0.02	21.151	
424	0.02	21.200	
425	0.02	21.250	
426	0.02	21.300	
427	0.02	21.351	
428	0.00	21.400	
429	0.00	21.450	
430	0.00	21.500	
431	0.00	21.550	
432	0.00	21.600	
433	0.00	21.650	
434	0.10	21.700	
435	0.32	21.750	
436	0.58	21.801	
437	0.96	21.851	
438	1.40	21.900	
439	1.86	21.950	
440	2.24	22.000	
441	2.48	22.050	
442	2.50	22.100	
443	2.46	22.164	
444	2.46	22.200	
445	2.46	22.250	
446	2.44	22.300	
447	2.44	22.350	
448	2.44	22.400	
449	2.44	22.450	
450	2.44	22.500	
451	2.42	22.550	
452	2.42	22.600	
453	2.42	22.650	
454	2.42	22.700	
455	2.42	22.750	
456	2.42	22.800	
457	2.42	22.850	
458	2.42	22.900	
459	2.42	22.950	
460	2.42	23.000	
461	2.42	23.050	
462	2.42	23.100	
463	2.42	23.150	
464	2.42	23.200	
465	2.40	23.250	
466	2.42	23.300	
467	2.42	23.350	
468	2.40	23.400	
469	2.40	23.450	
470	2.40	23.500	
471	2.40	23.550	
472	2.40	23.600	
473	2.40	23.650	
474	2.40	23.700	
475	2.40	23.750	
476	2.40	23.800	
477	2.40	23.850	
478	2.40	23.900	
479	2.40	23.951	
480	2.40	24.000	
481	2.40	24.050	
482	2.40	24.101	
483	2.40	24.150	
484	2.40	24.200	
485	2.40	24.250	
486	2.40	24.300	
487	2.40	24.350	
488	2.40	24.400	
489	2.40	24.450	
490	2.40	24.500	
491	2.40	24.550	
492	2.40	24.600	
493	2.40	24.650	
494	2.40	24.700	
495	2.40	24.750	
496	2.40	24.801	
497	2.40	24.851	
498	2.40	24.900	
499	2.36	24.950	
500	1.82	25.000	
501	1.22	25.050	
502	0.68	25.100	
503	0.34	25.150	
504	0.24	25.200	
505	0.18	25.250	
506	0.14	25.300	
507	0.14	25.350	
508	0.12	25.400	
509	0.12	25.450	
510	0.10	25.500	
511	0.04	25.550	
512	0.04	25.600	
513	0.04	25.650	
514	0.04	25.700	
515	0.04	25.750	
516	0.04	25.800	
517	0.04	25.850	
518	0.04	25.901	
519	0.04	25.950	
520	0.04	26.000	
521	0.04	26.050	
522	0.04	26.100	
523	0.04	26.150	
524	0.04	26.200	
525	0.04	26.250	
526	0.04	26.300	
527	0.04	26.350	
528	0.04	26.400	
529	0.04	26.450	
530	0.04	26.500	
531	0.04	26.550	
532	0.04	26.600	
533	0.02	26.650	
534	0.02	26.700	
535	0.02	26.750	
536	0.02	26.800	
537	0.04	26.850	
538	0.02	26.900	
539	0.02	26.950	
540	0.04	27.000	
541	0.04	27.050	
542	0.04	27.101	
543	0.04	27.150	
544	0.04	27.200	
545	0.02	27.250	
546	0.04	27.300	
547	0.02	27.350	
548	0.02	27.400	
549	0.02	27.450	
550	0.02	27.500	
551	0.02	27.550	
552	0.02	27.600	
553	0.02	27.650	
554	0.02	27.700	
555	0.02	27.750	
556	0.02	27.800	
557	0.02	27.850	
558	0.02	27.900	
559	0.02	27.950	
560	0.02	28.000	
561	0.02	28.050	
562	0.02	28.100	
563	0.02	28.150	
564	0.02	28.200	
565	0.02	28.250	
566	0.02	28.300	
567	0.02	28.350	
568	0.02	28.400	
569	0.02	28.450	
570	0.02	28.500	
571	0.02	28.550	
572	0.02	28.601	
573	0.02	28.650	
574	0.02	28.700	
575	0.02	28.750	
576	0.02	28.800	
577	0.02	28.850	
578	0.02	28.900	
579	0.02	28.951	
580	0.02	29.000	
581	0.02	29.050	
582	0.02	29.100	
583	0.02	29.150	
584	0.02	29.200	
585	0.02	29.250	
586	0.02	29.300	
587	0.02	29.350	
588	0.02	29.400	
589	0.02	29.450	
590	0.02	29.500	
591	0.02	29.550	
592	0.02	29.600	
593	0.02	29.650	
594	0.02	29.700	
595	0.02	29.750	
596	0.02	29.800	
597	0.02	29.850	
598	0.02	29.900	
599	0.02	29.950	
600	0.02	30.001	
601	0.02	30.050	
602	0.00	30.100	
603	0.00	30.150	
604	0.08	30.200	
605	0.30	30.250	
606	0.52	30.300	
607	0.88	30.350	
608	1.28	30.400	
609	1.76	30.450	
610	2.16	30.500	
611	2.42	30.550	
612	2.54	30.600	
613	2.46	30.650	
614	2.46	30.700	
615	2.44	30.750	
616	2.44	30.800	
617	2.44	30.850	
618	2.42	30.900	
619	2.42	30.950	
620	2.42	31.000	
621	2.42	31.050	
622	2.42	31.100	
623	2.42	31.150	
624	2.42	31.200	
625	2.42	31.250	
626	2.42	31.300	
627	2.42	31.350	
628	2.42	31.400	
629	2.42	31.450	
630	2.42	31.500	
631	2.42	31.550	
632	2.40	31.601	
633	2.40	31.650	
634	2.40	31.700	
635	2.40	31.751	
636	2.40	31.801	
637	2.40	31.850	
638	2.40	31.901	
639	2.40	31.950	
640	2.40	32.000	
641	2.40	32.050	
642	2.40	32.100	
643	2.40	32.150	
644	2.40	32.200	
645	2.40	32.250	
646	2.40	32.300	
647	2.40	32.350	
648	2.40	32.400	
649	2.40	32.450	
650	2.40	32.500	
651	2.40	32.550	
652	2.40	32.600	
653	2.40	32.700	
654	2.40	32.750	
655	2.40	32.800	
656	2.40	32.850	
657	2.40	32.900	
658	2.40	32.950	
659	2.40	33.000	
660	2.40	33.050	
661	2.40	33.100	
662	2.40	33.150	
663	2.40	33.200	
664	2.40	33.250	
665	2.38	33.300	
666	1.86	33.350	
667	1.26	33.400	
668	0.72	33.451	
669	0.36	33.500	
670	0.26	33.550	
671	0.18	33.600	
672	0.16	33.650	
673	0.14	33.700	
674	0.14	33.751	
675	0.12	33.800	
676	0.10	33.850	
677	0.06	33.900	
678	0.04	33.950	
679	0.04	34.000	
680	0.04	34.050	
681	0.04	34.101	
682	0.04	34.150	
683	0.04	34.200	
684	0.04	34.250	
685	0.04	34.300	
686	0.04	34.351	
687	0.04	34.400	
688	0.04	34.450	
689	0.04	34.500	
690	0.04	34.550	
691	0.04	34.600	
692	0.04	34.650	
693	0.04	34.700	
694	0.04	34.751	
695	0.04	34.800	
696	0.04	34.850	
697	0.04	34.900	
698	0.04	34.950	
699	0.04	35.000	
700	0.04	35.050	
701	0.04	35.100	
702	0.04	35.150	
703	0.04	35.200	
704	0.04	35.250	
705	0.04	35.300	
706	0.04	35.350	
707	0.04	35.400	
708	0.04	35.450	
709	0.04	35.501	
710	0.04	35.550	
711	0.02	35.600	
712	0.04	35.650	
713	0.04	35.700	
714	0.04	35.750	
715	0.02	35.800	
716	0.04	35.850	
717	0.02	35.900	
718	0.02	35.950	
719	0.04	36.000	
720	0.02	36.050	
721	0.02	36.100	
722	0.02	36.150	
723	0.04	36.200	
724	0.02	36.250	
725	0.02	36.300	
726	0.02	36.350	
727	0.02	36.400	
728	0.02	36.450	
729	0.02	36.500	
730	0.02	36.550	
731	0.02	36.600	
732	0.02	36.650	
733	0.02	36.700	
734	0.02	36.750	
735	0.02	36.800	
736	0.02	36.850	
737	0.02	36.900	
738	0.02	36.951	
739	0.02	37.000	
740	0.02	37.050	
741	0.02	37.100	
742	0.02	37.150	
743	0.02	37.200	
744	0.02	37.250	
745	0.02	37.300	
746	0.02	37.350	
747	0.02	37.400	
748	0.02	37.450	
749	0.02	37.500	
750	0.12	37.550	
751	0.34	37.600	
752	0.62	37.650	
753	0.98	37.700	
754	1.42	37.750	
755	1.88	37.800	
756	2.24	37.850	
757	2.50	37.900	
758	2.58	37.950	
759	2.48	38.000	
760	2.46	38.050	
761	2.46	38.100	
762	2.46	38.150	
763	2.46	38.200	
764	2.46	38.250	
765	2.44	38.300	
766	2.44	38.350	
767	2.44	38.400	
768	2.44	38.450	
769	2.44	38.500	
770	2.44	38.551	
771	2.44	38.600	
772	2.44	38.650	
773	2.44	38.700	
774	2.44	38.751	
775	2.44	38.801	
776	2.42	38.850	
777	2.44	38.900	
778	2.42	38.950	
779	2.42	39.000	
780	2.42	39.050	
781	2.42	39.100	
782	2.42	39.150	
783	2.42	39.200	
784	2.42	39.250	
785	2.42	39.300	
786	2.42	39.350	
787	2.42	39.400	
788	2.42	39.450	
789	2.42	39.500	
790	2.42	39.550	
791	2.42	39.600	
792	2.42	39.651	
793	2.42	39.701	
794	2.42	39.750	
795	2.42	39.800	
796	2.42	39.850	
797	2.42	39.900	
798	2.42	39.950	
799	2.42	40.000	
800	2.42	40.050	
801	2.42	40.100	
802	2.42	40.150	
803	2.42	40.200	
804	2.42	40.250	
805	2.42	40.300	
806	2.42	40.350	
807	2.42	40.400	
808	2.42	40.450	
809	2.42	40.500	
810	2.42	40.550	
811	2.42	40.600	
812	2.42	40.650	
813	2.42	40.700	
814	2.42	40.751	
815	2.42	40.801	
816	2.42	40.850	
817	2.42	40.900	
818	2.42	40.951	
819	2.42	41.000	
820	2.40	41.050	
821	2.42	41.100	
822	2.42	41.150	
823	2.16	41.200	
824	1.54	41.250	
825	0.98	41.300	
826	0.50	41.350	
827	0.30	41.400	
828	0.22	41.450	
829	0.16	41.500	
830	0.16	41.550	
831	0.14	41.600	
832	0.14	41.650	
833	0.12	41.700	
834	0.08	41.750	
835	0.06	41.800	
836	0.04	41.850	
837	0.04	41.900	
838	0.04	41.950	
839	0.04	42.000	
840	0.04	42.050	
841	0.04	42.101	
842	0.04	42.150	
843	0.04	42.200	
844	0.04	42.250	
845	0.04	42.300	
846	0.04	42.350	
847	0.04	42.400	
848	0.04	42.450	
849	0.04	42.500	
850	0.04	42.550	
851	0.04	42.601	
852	0.04	42.650	
853	0.04	42.700	
854	0.04	42.750	
855	0.04	42.800	
856	0.04	42.850	
857	0.04	42.900	
858	0.04	42.950	
859	0.04	43.001	
860	0.04	43.050	
861	0.04	43.100	
862	0.04	43.150	
863	0.04	43.200	
864	0.04	43.250	
865	0.04	43.300	
866	0.04	43.350	
867	0.04	43.400	
868	0.02	43.450	
869	0.04	43.500	
870	0.04	43.550	
871	0.04	43.600	
872	0.04	43.650	
873	0.02	43.700	
874	0.04	43.750	
875	0.02	43.800	
876	0.04	43.850	
877	0.02	43.900	
878	0.04	43.950	
879	0.04	44.000	
880	0.02	44.050	
881	0.02	44.100	
882	0.02	44.150	
883	0.02	44.200	
884	0.02	44.250	
885	0.02	44.300	
886	0.02	44.350	
887	0.02	44.400	
888	0.02	44.450	
889	0.02	44.500	
890	0.02	44.550	
891	0.02	44.600	
892	0.02	44.650	
893	0.02	44.700	
894	0.02	44.750	
895	0.02	44.800	
896	0.02	44.850	
897	0.02	44.900	
898	0.02	44.950	
899	0.02	45.000	
900	0.02	45.050	
901	0.02	45.100	
902	0.02	45.152	
903	0.02	45.200	
904	0.02	45.250	
905	0.02	45.300	
906	0.02	45.350	
907	0.02	45.400	
908	0.02	45.450	
909	0.02	45.500	
910	0.02	45.550	
911	0.02	45.600	
912	0.02	45.650	
913	0.00	45.700	
914	0.04	45.750	
915	0.20	45.800	
916	0.42	45.850	
917	0.74	45.900	
918	1.10	45.950	
919	1.56	46.000	
920	2.00	46.050	
921	2.34	46.100	
922	2.54	46.150	
923	2.58	46.200	
924	2.50	46.250	
925	2.46	46.301	
926	2.46	46.350	
927	2.46	46.400	
928	2.44	46.450	
929	2.44	46.500	
930	2.44	46.550	
931	2.44	46.600	
932	2.44	46.651	
933	2.44	46.700	
934	2.44	46.750	
935	2.44	46.800	
936	2.42	46.850	
937	2.42	46.900	
938	2.42	46.950	
939	2.42	47.000	
940	2.42	47.051	
941	2.42	47.100	
942	2.42	47.150	
943	2.42	47.200	
944	2.42	47.250	
945	2.42	47.300	
946	2.42	47.350	
947	2.42	47.400	
948	2.42	47.450	
949	2.42	47.500	
950	2.42	47.550	
951	2.42	47.600	
952	2.42	47.651	
953	2.42	47.701	
954	2.42	47.751	
955	2.42	47.800	
956	2.42	47.850	
957	2.42	47.900	
958	2.42	47.950	
959	2.42	48.000	
960	2.42	48.050	
961	2.42	48.100	
962	2.42	48.150	
963	2.42	48.201	
964	2.42	48.250	
965	2.42	48.300	
966	2.40	48.350	
967	2.42	48.400	
968	2.42	48.450	
969	2.42	48.500	
970	2.40	48.550	
971	2.40	48.600	
972	2.42	48.650	
973	2.40	48.700	
974	2.40	48.750	
975	2.42	48.800	
976	2.40	48.850	
977	2.40	48.900	
978	2.42	48.950	
979	2.40	49.000	
980	2.40	49.050	
981	2.40	49.100	
982	2.40	49.150	
983	2.42	49.200	
984	2.40	49.250	
985	2.40	49.300	
986	2.40	49.351	
987	2.40	49.400	
988	2.40	49.450	
989	2.40	49.500	
990	2.40	49.550	
991	2.40	49.600	
992	2.40	49.651	
993	2.10	49.701	
994	1.48	49.750	
995	0.92	49.800	
996	0.46	49.850	
997	0.30	49.900	
998	0.20	49.950	
999	0.16	50.000	
1000	0.14	50.050	
1001	0.14	50.100	
1002	0.12	50.154	
1003	0.12	50.201	
1004	0.08	50.250	
1005	0.06	50.300	
1006	0.06	50.350	
1007	0.04	50.400	
1008	0.06	50.451	
1009	0.06	50.501	
1010	0.06	50.550	
1011	0.06	50.600	
1012	0.04	50.650	
1013	0.04	50.700	
1014	0.04	50.750	
1015	0.04	50.800	
1016	0.04	50.850	
1017	0.04	50.900	
1018	0.04	50.950	
1019	0.04	51.000	
1020	0.04	51.050	
1021	0.04	51.100	
1022	0.04	51.151	
1023	0.04	51.200	
1024	0.04	51.250	
1025	0.04	51.300	
1026	0.04	51.350	
1027	0.04	51.400	
1028	0.04	51.450	
1029	0.04	51.501	
1030	0.04	51.550	
1031	0.04	51.600	
1032	0.04	51.650	
1033	0.04	51.700	
1034	0.04	51.750	
1035	0.04	51.800	
1036	0.04	51.850	
1037	0.04	51.900	
1038	0.04	51.950	
1039	0.04	52.000	
1040	0.04	52.050	
1041	0.04	52.100	
1042	0.04	52.150	
1043	0.04	52.200	
1044	0.04	52.250	
1045	0.04	52.300	
1046	0.04	52.350	
1047	0.04	52.400	
1048	0.04	52.450	
1049	0.02	52.500	
1050	0.04	52.550	
1051	0.04	52.600	
1052	0.02	52.650	
1053	0.04	52.701	
1054	0.04	52.750	
1055	0.04	52.800	
1056	0.04	52.850	
1057	0.02	52.900	
1058	0.04	52.950	
1059	0.02	53.000	
1060	0.04	53.050	
1061	0.02	53.100	
1062	0.04	53.150	
1063	0.04	53.200	
1064	0.04	53.250	
1065	0.04	53.300	
1066	0.02	53.350	
1067	0.02	53.400	
1068	0.02	53.450	
1069	0.02	53.500	
1070	0.02	53.550	
1071	0.04	53.600	
1072	0.02	53.650	
1073	0.02	53.700	
1074	0.02	53.750	
1075	0.02	53.800	
1076	0.02	53.850	
1077	0.02	53.900	
1078	0.02	53.950	
1079	0.02	54.000	
1080	0.02	54.050	
1081	0.02	54.101	
1082	0.02	54.151	
1083	0.14	54.200	
1084	0.38	54.250	
1085	0.66	54.300	
1086	1.04	54.351	
1087	1.50	54.400	
1088	1.96	54.450	
1089	2.32	54.500	
1090	2.54	54.550	
1091	2.62	54.600	
1092	2.52	54.650	
1093	2.50	54.700	
1094	2.50	54.750	
1095	2.50	54.800	
1096	2.48	54.850	
1097	2.48	54.900	
1098	2.48	54.950	
1099	2.48	55.000	
1100	2.48	55.050	
1101	2.48	55.101	
1102	2.48	55.155	
1103	2.48	55.200	
1104	2.48	55.250	
1105	2.48	55.300	
1106	2.48	55.350	
1107	2.48	55.400	
1108	2.46	55.450	
1109	2.46	55.501	
1110	2.48	55.550	
1111	2.46	55.600	
1112	2.46	55.650	
1113	2.46	55.700	
1114	2.46	55.750	
1115	2.46	55.800	
1116	2.46	55.850	
1117	2.46	55.900	
1118	2.46	55.950	
1119	2.46	56.000	
1120	2.46	56.050	
1121	2.46	56.100	
1122	2.46	56.150	
1123	2.46	56.200	
1124	2.46	56.250	
1125	2.46	56.301	
1126	2.46	56.350	
1127	2.46	56.400	
1128	2.46	56.450	
1129	2.46	56.501	
1130	2.46	56.551	
1131	2.46	56.600	
1132	2.46	56.650	
1133	2.46	56.700	
1134	2.46	56.751	
1135	2.46	56.800	
1136	2.46	56.850	
1137	2.46	56.900	
1138	2.46	56.950	
1139	2.46	57.000	
1140	2.46	57.050	
1141	2.46	57.100	
1142	2.46	57.150	
1143	2.46	57.200	
1144	2.46	57.251	
1145	2.46	57.300	
1146	2.46	57.353	
1147	2.46	57.400	
1148	2.46	57.450	
1149	2.46	57.500	
1150	2.46	57.550	
1151	2.46	57.600	
1152	2.46	57.650	
1153	2.46	57.700	
1154	2.44	57.750	
1155	2.44	57.801	
1156	2.46	57.850	
1157	2.46	57.901	
1158	2.46	57.950	
1159	2.46	58.001	
1160	2.46	58.050	
1161	2.46	58.101	
1162	2.46	58.151	
1163	2.44	58.200	
1164	2.38	58.250	
1165	1.78	58.301	
1166	1.18	58.350	
1167	0.66	58.400	
1168	0.36	58.450	
1169	0.26	58.500	
1170	0.18	58.551	
1171	0.16	58.600	
1172	0.16	58.650	
1173	0.14	58.700	
1174	0.14	58.751	
1175	0.10	58.801	
1176	0.06	58.851	
1177	0.06	58.900	
1178	0.06	58.950	
1179	0.06	59.001	
1180	0.04	59.050	
1181	0.06	59.100	
1182	0.06	59.150	
1183	0.04	59.200	
1184	0.04	59.251	
1185	0.06	59.300	
1186	0.04	59.350	
1187	0.04	59.400	
1188	0.04	59.450	
1189	0.04	59.500	
1190	0.04	59.550	
1191	0.04	59.600	
1192	0.04	59.650	
1193	0.04	59.700	
1194	0.04	59.750	
1195	0.04	59.800	
1196	0.04	59.850	
1197	0.04	59.900	
1198	0.04	59.950	
1199	0.04	60.000	
1200	0.04	60.050	
1201	0.04	60.100	
1202	0.04	60.158	
1203	0.04	60.200	
1204	0.04	60.250	
1205	0.04	60.300	
1206	0.04	60.350	
1207	0.04	60.400	
1208	0.04	60.450	
1209	0.04	60.501	
1210	0.04	60.550	
1211	0.04	60.601	
1212	0.04	60.650	
1213	0.04	60.700	
1214	0.04	60.751	
1215	0.04	60.800	
1216	0.04	60.851	
1217	0.04	60.900	
1218	0.04	60.950	
1219	0.04	61.000	
1220	0.04	61.050	
1221	0.04	61.101	
1222	0.04	61.150	
1223	0.04	61.200	
1224	0.04	61.251	
1225	0.04	61.300	
1226	0.04	61.350	
1227	0.04	61.400	
1228	0.04	61.450	
1229	0.04	61.500	
1230	0.04	61.550	
1231	0.04	61.600	
1232	0.04	61.650	
1233	0.02	61.700	
1234	0.04	61.750	
1235	0.04	61.800	
1236	0.04	61.850	
1237	0.04	61.900	
1238	0.04	61.950	
1239	0.04	62.000	
1240	0.04	62.050	
1241	0.04	62.100	
1242	0.04	62.150	
1243	0.04	62.200	
1244	0.04	62.250	
1245	0.04	62.300	
1246	0.02	62.350	
1247	0.02	62.400	
1248	0.04	62.450	
1249	0.04	62.500	
1250	0.04	62.550	
1251	0.04	62.600	
1252	0.04	62.651	
1253	0.04	62.701	
1254	0.02	62.750	
1255	0.04	62.801	
1256	0.04	62.850	
1257	0.04	62.900	
1258	0.04	62.950	
1259	0.04	63.000	
1260	0.02	63.051	
1261	0.02	63.100	
1262	0.02	63.150	
1263	0.02	63.200	
1264	0.02	63.250	
1265	0.02	63.300	
1266	0.02	63.350	
1267	0.02	63.400	
1268	0.02	63.451	
1269	0.00	63.500	
1270	0.12	63.550	
1271	0.34	63.600	
1272	0.58	63.650	
1273	0.94	63.700	
1274	1.36	63.750	
1275	1.84	63.800	
1276	2.22	63.850	
1277	2.48	63.900	
1278	2.60	63.950	
1279	2.60	64.000	
1280	2.52	64.050	
1281	2.48	64.107	
1282	2.48	64.150	
1283	2.48	64.200	
1284	2.48	64.250	
1285	2.46	64.300	
1286	2.46	64.350	
1287	2.46	64.400	
1288	2.46	64.450	
1289	2.46	64.500	
1290	2.46	64.550	
1291	2.46	64.600	
1292	2.46	64.650	
1293	2.46	64.700	
1294	2.46	64.750	
1295	2.44	64.801	
1296	2.44	64.850	
1297	2.46	64.900	
1298	2.44	64.950	
1299	2.46	65.000	
1300	2.44	65.051	
1301	2.44	65.100	
1302	2.44	65.160	
1303	2.44	65.200	
1304	2.44	65.250	
1305	2.44	65.301	
1306	2.44	65.350	
1307	2.44	65.400	
1308	2.44	65.450	
1309	2.44	65.500	
1310	2.44	65.551	
1311	2.44	65.600	
1312	2.44	65.650	
1313	2.44	65.700	
1314	2.44	65.750	
1315	2.44	65.800	
1316	2.44	65.850	
1317	2.44	65.900	
1318	2.44	65.950	
1319	2.44	66.000	
1320	2.44	66.057	
1321	2.44	66.100	
1322	2.44	66.150	
1323	2.44	66.200	
1324	2.44	66.250	
1325	2.44	66.300	
1326	2.44	66.350	
1327	2.44	66.400	
1328	2.44	66.450	
1329	2.44	66.501	
1330	2.44	66.550	
1331	2.44	66.600	
1332	2.44	66.650	
1333	2.44	66.700	
1334	2.44	66.750	
1335	2.44	66.801	
1336	2.44	66.850	
1337	2.44	66.900	
1338	2.44	66.950	
1339	2.44	67.000	
1340	2.44	67.050	
1341	2.44	67.100	
1342	2.44	67.150	
1343	2.44	67.200	
1344	2.44	67.250	
1345	2.44	67.300	
1346	2.44	67.358	
1347	2.44	67.400	
1348	2.44	67.450	
1349	2.44	67.500	
1350	2.44	67.550	
1351	2.44	67.600	
1352	2.44	67.650	
1353	2.42	67.707	
1354	2.42	67.750	
1355	2.42	67.800	
1356	2.44	67.850	
1357	2.44	67.900	
1358	2.22	67.950	
1359	1.60	68.000	
1360	1.04	68.050	
1361	0.54	68.100	
1362	0.32	68.150	
1363	0.22	68.200	
1364	0.16	68.250	
1365	0.14	68.300	
1366	0.14	68.350	
1367	0.14	68.400	
1368	0.12	68.450	
1369	0.10	68.500	
1370	0.06	68.550	
1371	0.06	68.600	
1372	0.06	68.651	
1373	0.06	68.700	
1374	0.06	68.750	
1375	0.06	68.800	
1376	0.06	68.851	
1377	0.06	68.900	
1378	0.06	68.950	
1379	0.06	69.000	
1380	0.06	69.050	
1381	0.04	69.100	
1382	0.04	69.150	
1383	0.04	69.200	
1384	0.04	69.250	
1385	0.06	69.300	
1386	0.04	69.350	
1387	0.04	69.400	
1388	0.04	69.450	
1389	0.04	69.501	
1390	0.04	69.550	
1391	0.04	69.600	
1392	0.04	69.650	
1393	0.04	69.700	
1394	0.04	69.750	
1395	0.04	69.800	
1396	0.04	69.850	
1397	0.04	69.900	
1398	0.04	69.950	
1399	0.04	70.000	
1400	0.04	70.050	
1401	0.04	70.101	
1402	0.04	70.160	
1403	0.04	70.200	
1404	0.04	70.250	
1405	0.04	70.300	
1406	0.04	70.350	
1407	0.04	70.400	
1408	0.04	70.450	
1409	0.04	70.500	
1410	0.04	70.554	
1411	0.04	70.601	
1412	0.04	70.650	
1413	0.04	70.700	
1414	0.04	70.750	
1415	0.04	70.800	
1416	0.04	70.850	
1417	0.04	70.900	
1418	0.04	70.951	
1419	0.04	71.000	
1420	0.04	71.050	
1421	0.04	71.100	
1422	0.04	71.150	
1423	0.04	71.201	
1424	0.04	71.250	
1425	0.04	71.301	
1426	0.04	71.350	
1427	0.04	71.400	
1428	0.04	71.450	
1429	0.04	71.500	
1430	0.04	71.550	
1431	0.04	71.600	
1432	0.04	71.651	
1433	0.04	71.700	
1434	0.04	71.750	
1435	0.04	71.801	
1436	0.04	71.850	
1437	0.04	71.900	
1438	0.02	71.950	
1439	0.02	72.000	
1440	0.02	72.050	
1441	0.02	72.100	
1442	0.04	72.151	
1443	0.16	72.200	
1444	0.38	72.251	
1445	0.68	72.300	
1446	1.02	72.350	
1447	1.46	72.400	
1448	1.92	72.450	
1449	2.28	72.500	
1450	2.54	72.550	
1451	2.62	72.600	
1452	2.60	72.650	
1453	2.54	72.700	
1454	2.48	72.750	
1455	2.48	72.800	
1456	2.48	72.850	
1457	2.48	72.900	
1458	2.48	72.950	
1459	2.46	73.000	
1460	2.48	73.050	
1461	2.46	73.100	
1462	2.46	73.150	
1463	2.46	73.200	
1464	2.46	73.250	
1465	2.46	73.301	
1466	2.46	73.350	
1467	2.46	73.401	
1468	2.46	73.451	
1469	2.46	73.500	
1470	2.46	73.550	
1471	2.46	73.600	
1472	2.46	73.650	
1473	2.46	73.700	
1474	2.46	73.750	
1475	2.46	73.800	
1476	2.46	73.850	
1477	2.46	73.900	
1478	2.46	73.950	
1479	2.46	74.000	
1480	2.46	74.050	
1481	2.46	74.100	
1482	2.46	74.150	
1483	2.46	74.200	
1484	2.46	74.250	
1485	2.46	74.300	
1486	2.46	74.350	
1487	2.44	74.401	
1488	2.46	74.450	
1489	2.46	74.500	
1490	2.46	74.550	
1491	2.44	74.600	
1492	2.44	74.650	
1493	2.44	74.701	
1494	2.44	74.750	
1495	2.44	74.800	
1496	2.44	74.850	
1497	2.44	74.900	
1498	2.44	74.950	
1499	2.44	75.000	
1500	2.44	75.051	
1501	2.44	75.100	
1502	2.44	75.150	
1503	2.44	75.201	
1504	2.44	75.250	
1505	2.44	75.300	
1506	2.44	75.350	
1507	2.44	75.400	
1508	2.44	75.450	
1509	2.44	75.500	
1510	2.44	75.550	
1511	2.44	75.600	
1512	2.44	75.650	
1513	2.44	75.700	
1514	2.44	75.750	
1515	2.44	75.800	
1516	2.44	75.850	
1517	2.44	75.900	
1518	2.44	75.950	
1519	2.44	76.000	
1520	2.44	76.050	
1521	2.44	76.100	
1522	2.44	76.150	
1523	2.44	76.200	
1524	2.44	76.251	
1525	2.44	76.300	
1526	2.44	76.350	
1527	2.38	76.400	
1528	1.78	76.450	
1529	1.18	76.500	
1530	0.68	76.550	
1531	0.36	76.601	
1532	0.24	76.650	
1533	0.18	76.701	
1534	0.14	76.750	
1535	0.14	76.800	
1536	0.14	76.850	
1537	0.14	76.900	
1538	0.12	76.950	
1539	0.08	77.000	
1540	0.06	77.050	
1541	0.06	77.100	
1542	0.06	77.150	
1543	0.06	77.200	
1544	0.06	77.250	
1545	0.06	77.300	
1546	0.06	77.350	
1547	0.06	77.400	
1548	0.06	77.450	
1549	0.06	77.500	
1550	0.06	77.550	
1551	0.04	77.601	
1552	0.04	77.650	
1553	0.04	77.700	
1554	0.04	77.750	
1555	0.04	77.800	
1556	0.04	77.850	
1557	0.04	77.900	
1558	0.04	77.950	
1559	0.04	78.000	
1560	0.04	78.050	
1561	0.04	78.100	
1562	0.04	78.150	
1563	0.04	78.200	
1564	0.04	78.250	
1565	0.04	78.300	
1566	0.04	78.351	
1567	0.04	78.400	
1568	0.04	78.450	
1569	0.04	78.500	
1570	0.04	78.550	
1571	0.04	78.600	
1572	0.04	78.650	
1573	0.04	78.700	
1574	0.04	78.750	
1575	0.04	78.800	
1576	0.04	78.850	
1577	0.04	78.900	
1578	0.04	78.950	
1579	0.04	79.000	
1580	0.04	79.051	
1581	0.04	79.100	
1582	0.04	79.150	
1583	0.04	79.200	
1584	0.04	79.250	
1585	0.04	79.300	
1586	0.04	79.350	
1587	0.04	79.400	
1588	0.04	79.450	
1589	0.04	79.500	
1590	0.04	79.550	
1591	0.04	79.600	
1592	0.04	79.650	
1593	0.04	79.700	
1594	0.04	79.750	
1595	0.04	79.800	
1596	0.04	79.850	
1597	0.04	79.900	
1598	0.04	79.950	
1599	0.04	80.000	
1600	0.04	80.050	
1601	0.04	80.100	
1602	0.04	80.160	
1603	0.04	80.200	
1604	0.04	80.250	
1605	0.04	80.300	
1606	0.04	80.350	
1607	0.04	80.400	
1608	0.04	80.451	
1609	0.04	80.500	
1610	0.04	80.550	
1611	0.04	80.600	
1612	0.04	80.650	
1613	0.02	80.700	
1614	0.04	80.750	
1615	0.02	80.800	
1616	0.02	80.850	
1617	0.02	80.900	
1618	0.04	80.950	
1619	0.18	81.000	
1620	0.42	81.050	
1621	0.70	81.100	
1622	1.08	81.150	
1623	1.90	81.211	
1624	2.06	81.250	
1625	2.48	81.304	
1626	2.54	81.350	
1627	2.58	81.400	
1628	2.56	81.450	
1629	2.54	81.500	
1630	2.54	81.550	
1631	2.52	81.600	
1632	2.50	81.650	
1633	2.46	81.700	
1634	2.44	81.750	
1635	2.44	81.800	
1636	2.44	81.851	
1637	2.42	81.900	
1638	2.44	81.950	
1639	2.44	82.000	
1640	2.42	82.050	
1641	2.42	82.100	
1642	2.42	82.150	
1643	2.42	82.200	
1644	2.42	82.251	
1645	2.42	82.301	
1646	2.42	82.350	
1647	2.42	82.400	
1648	2.42	82.451	
1649	2.42	82.500	
1650	2.42	82.551	
1651	2.42	82.600	
1652	2.42	82.651	
1653	2.42	82.700	
1654	2.42	82.750	
1655	2.42	82.800	
1656	2.42	82.850	
1657	2.42	82.900	
1658	2.42	82.950	
1659	2.42	83.001	
1660	2.42	83.050	
1661	2.42	83.100	
1662	2.42	83.150	
1663	2.42	83.200	
1664	2.42	83.250	
1665	2.42	83.300	
1666	2.42	83.350	
1667	2.42	83.400	
1668	2.42	83.450	
1669	2.42	83.500	
1670	2.40	83.550	
1671	2.40	83.600	
1672	2.42	83.650	
1673	2.42	83.700	
1674	2.42	83.750	
1675	2.42	83.801	
1676	2.40	83.850	
1677	2.40	83.900	
1678	2.40	83.951	
1679	2.42	84.000	
1680	2.40	84.050	
1681	2.42	84.100	
1682	2.42	84.150	
1683	2.40	84.200	
1684	2.40	84.251	
1685	2.42	84.300	
1686	2.42	84.350	
1687	2.40	84.400	
1688	2.40	84.450	
1689	2.42	84.500	
1690	2.00	84.550	
1691	1.38	84.600	
1692	0.82	84.650	
1693	0.44	84.700	
1694	0.26	84.750	
1695	0.18	84.800	
1696	0.14	84.850	
1697	0.14	84.900	
1698	0.14	84.950	
1699	0.14	85.000	
1700	0.14	85.050	
1701	0.10	85.100	
1702	0.06	85.150	
1703	0.06	85.201	
1704	0.06	85.250	
1705	0.06	85.300	
1706	0.06	85.350	
1707	0.06	85.400	
1708	0.06	85.450	
1709	0.06	85.500	
1710	0.06	85.551	
1711	0.06	85.600	
1712	0.06	85.650	
1713	0.06	85.700	
1714	0.06	85.750	
1715	0.06	85.800	
1716	0.06	85.850	
1717	0.04	85.900	
1718	0.06	85.950	
1719	0.06	86.000	
1720	0.04	86.050	
1721	0.04	86.100	
1722	0.04	86.150	
1723	0.04	86.200	
1724	0.04	86.250	
1725	0.04	86.300	
1726	0.04	86.351	
1727	0.04	86.400	
1728	0.04	86.450	
1729	0.04	86.500	
1730	0.04	86.550	
1731	0.04	86.600	
1732	0.04	86.650	
1733	0.04	86.701	
1734	0.04	86.751	
1735	0.04	86.800	
1736	0.04	86.850	
1737	0.04	86.900	
1738	0.04	86.950	
1739	0.04	87.001	
1740	0.04	87.050	
1741	0.04	87.101	
1742	0.04	87.151	
1743	0.04	87.200	
1744	0.04	87.250	
1745	0.04	87.300	
1746	0.04	87.350	
1747	0.04	87.400	
1748	0.04	87.450	
1749	0.04	87.500	
1750	0.04	87.550	
1751	0.04	87.600	
1752	0.04	87.650	
1753	0.04	87.700	
1754	0.04	87.750	
1755	0.04	87.800	
1756	0.04	87.850	
1757	0.04	87.900	
1758	0.04	87.950	
1759	0.04	88.000	
1760	0.04	88.050	
1761	0.04	88.100	
1762	0.04	88.150	
1763	0.04	88.200	
1764	0.04	88.250	
1765	0.04	88.300	
1766	0.04	88.350	
1767	0.04	88.400	
1768	0.04	88.450	
1769	0.04	88.500	
1770	0.04	88.550	
1771	0.04	88.600	
1772	0.04	88.650	
1773	0.04	88.700	
1774	0.04	88.750	
1775	0.04	88.800	
1776	0.04	88.850	
1777	0.04	88.901	
1778	0.04	88.950	
1779	0.04	89.000	
1780	0.04	89.050	
1781	0.04	89.100	
1782	0.04	89.150	
1783	0.04	89.200	
1784	0.04	89.250	
1785	0.04	89.300	
1786	0.04	89.351	
1787	0.04	89.400	
1788	0.02	89.450	
1789	0.04	89.500	
1790	0.04	89.550	
1791	0.04	89.600	
1792	0.04	89.650	
1793	0.04	89.700	
1794	0.04	89.751	
