7/24/2024  3:18 PM
Units: N
Readings: Continuous
X-Axis: Time

Reading	Load	Time	
1	0.04	0.000	
2	0.02	0.100	
3	0.04	0.150	
4	0.04	0.200	
5	0.04	0.250	
6	0.04	0.300	
7	0.04	0.350	
8	0.04	0.400	
9	0.04	0.450	
10	0.04	0.500	
11	0.04	0.550	
12	0.04	0.600	
13	0.04	0.650	
14	0.04	0.700	
15	0.04	0.750	
16	0.04	0.801	
17	0.04	0.850	
18	0.04	0.900	
19	0.04	0.950	
20	0.04	1.001	
21	0.04	1.050	
22	0.04	1.100	
23	0.04	1.151	
24	0.04	1.200	
25	0.04	1.250	
26	0.04	1.300	
27	0.04	1.350	
28	0.04	1.400	
29	0.04	1.450	
30	0.04	1.500	
31	0.04	1.550	
32	0.04	1.601	
33	0.04	1.650	
34	0.04	1.700	
35	0.04	1.750	
36	0.04	1.800	
37	0.04	1.850	
38	0.04	1.900	
39	0.04	1.951	
40	0.04	2.000	
41	0.04	2.050	
42	0.04	2.100	
43	0.04	2.150	
44	0.04	2.200	
45	0.04	2.250	
46	0.04	2.300	
47	0.04	2.350	
48	0.04	2.400	
49	0.04	2.450	
50	0.04	2.500	
51	0.04	2.551	
52	0.04	2.600	
53	0.04	2.651	
54	0.04	2.700	
55	0.04	2.750	
56	0.04	2.801	
57	0.04	2.850	
58	0.04	2.900	
59	0.04	2.950	
60	0.04	3.000	
61	0.04	3.050	
62	0.04	3.100	
63	0.04	3.150	
64	0.04	3.200	
65	0.04	3.250	
66	0.04	3.300	
67	0.04	3.351	
68	0.04	3.400	
69	0.04	3.450	
70	0.04	3.500	
71	0.04	3.550	
72	0.04	3.600	
73	0.04	3.650	
74	0.04	3.700	
75	0.06	3.750	
76	0.04	3.800	
77	0.04	3.850	
78	0.04	3.900	
79	0.04	3.950	
80	0.04	4.000	
81	0.04	4.050	
82	0.04	4.100	
83	0.04	4.150	
84	0.04	4.200	
85	0.04	4.250	
86	0.04	4.300	
87	0.04	4.350	
88	0.04	4.400	
89	0.04	4.450	
90	0.06	4.501	
91	0.06	4.550	
92	0.06	4.600	
93	0.04	4.650	
94	0.06	4.700	
95	0.04	4.750	
96	0.06	4.801	
97	0.04	4.850	
98	0.04	4.900	
99	0.06	4.950	
100	0.04	5.000	
101	0.06	5.050	
102	0.04	5.100	
103	0.06	5.150	
104	0.06	5.200	
105	0.06	5.250	
106	0.04	5.300	
107	0.06	5.351	
108	0.06	5.400	
109	0.06	5.450	
110	0.04	5.500	
111	0.06	5.550	
112	0.06	5.600	
113	0.06	5.650	
114	0.06	5.700	
115	0.06	5.751	
116	0.06	5.800	
117	0.06	5.850	
118	0.06	5.900	
119	0.06	5.950	
120	0.06	6.000	
121	0.06	6.051	
122	0.06	6.100	
123	0.06	6.150	
124	0.06	6.200	
125	0.04	6.251	
126	0.06	6.300	
127	0.06	6.350	
128	0.06	6.401	
129	0.06	6.450	
130	0.06	6.500	
131	0.06	6.550	
132	0.06	6.601	
133	0.06	6.650	
134	0.06	6.700	
135	0.06	6.751	
136	0.06	6.800	
137	0.06	6.850	
138	0.06	6.900	
139	0.06	6.950	
140	0.06	7.001	
141	0.06	7.050	
142	0.06	7.100	
143	0.06	7.150	
144	0.06	7.200	
145	0.06	7.251	
146	0.06	7.300	
147	0.06	7.350	
148	0.06	7.400	
149	0.06	7.451	
150	0.06	7.501	
151	0.06	7.551	
152	0.06	7.600	
153	0.06	7.650	
154	0.06	7.700	
155	0.06	7.750	
156	0.06	7.800	
157	0.06	7.850	
158	0.06	7.900	
159	0.06	7.950	
160	0.06	8.000	
161	0.06	8.050	
162	0.06	8.100	
163	0.06	8.150	
164	0.06	8.200	
165	0.06	8.250	
166	0.06	8.300	
167	0.06	8.350	
168	0.06	8.401	
169	0.06	8.450	
170	0.06	8.500	
171	0.06	8.550	
172	0.06	8.601	
173	0.06	8.650	
174	0.06	8.700	
175	0.06	8.750	
176	0.06	8.800	
177	0.06	8.851	
178	0.06	8.900	
179	0.06	8.951	
180	0.06	9.000	
181	0.06	9.050	
182	0.06	9.100	
183	0.06	9.150	
184	0.06	9.200	
185	0.06	9.250	
186	0.06	9.300	
187	0.06	9.350	
188	0.18	9.401	
189	0.46	9.450	
190	0.78	9.500	
191	1.10	9.550	
192	1.56	9.600	
193	2.12	9.650	
194	2.64	9.700	
195	3.12	9.750	
196	3.76	9.800	
197	4.16	9.850	
198	4.36	9.900	
199	4.38	9.951	
200	4.36	10.000	
201	4.34	10.050	
202	4.34	10.101	
203	4.32	10.150	
204	4.32	10.200	
205	4.32	10.250	
206	4.30	10.301	
207	4.30	10.350	
208	4.30	10.400	
209	4.30	10.450	
210	4.30	10.500	
211	4.28	10.550	
212	4.30	10.600	
213	4.30	10.650	
214	4.28	10.701	
215	4.28	10.750	
216	4.28	10.801	
217	4.28	10.850	
218	4.28	10.900	
219	4.28	10.950	
220	4.28	11.000	
221	4.28	11.050	
222	4.26	11.101	
223	4.28	11.150	
224	4.26	11.200	
225	4.28	11.250	
226	4.28	11.300	
227	4.26	11.350	
228	4.26	11.401	
229	4.26	11.450	
230	4.26	11.500	
231	4.26	11.550	
232	4.26	11.600	
233	4.26	11.650	
234	4.26	11.700	
235	4.26	11.750	
236	4.26	11.800	
237	4.26	11.850	
238	4.26	11.900	
239	4.26	11.950	
240	4.26	12.000	
241	4.26	12.050	
242	4.26	12.101	
243	4.26	12.151	
244	4.26	12.200	
245	4.26	12.250	
246	4.26	12.300	
247	4.26	12.350	
248	4.26	12.400	
249	4.26	12.450	
250	4.26	12.500	
251	4.26	12.550	
252	4.26	12.600	
253	4.04	12.650	
254	3.24	12.701	
255	2.48	12.750	
256	1.88	12.801	
257	1.32	12.850	
258	0.82	12.900	
259	0.56	12.950	
260	0.42	13.000	
261	0.34	13.050	
262	0.30	13.101	
263	0.28	13.150	
264	0.26	13.200	
265	0.24	13.250	
266	0.22	13.300	
267	0.18	13.350	
268	0.16	13.400	
269	0.16	13.450	
270	0.14	13.500	
271	0.14	13.550	
272	0.14	13.600	
273	0.14	13.650	
274	0.14	13.700	
275	0.14	13.750	
276	0.14	13.800	
277	0.14	13.850	
278	0.14	13.900	
279	0.14	13.950	
280	0.14	14.000	
281	0.14	14.050	
282	0.14	14.100	
283	0.14	14.150	
284	0.14	14.201	
285	0.14	14.250	
286	0.14	14.300	
287	0.14	14.350	
288	0.14	14.400	
289	0.14	14.450	
290	0.14	14.500	
291	0.14	14.550	
292	0.14	14.601	
293	0.14	14.651	
294	0.14	14.700	
295	0.14	14.750	
296	0.14	14.800	
297	0.14	14.850	
298	0.14	14.901	
299	0.14	14.951	
300	0.14	15.001	
301	0.14	15.050	
302	0.14	15.100	
303	0.14	15.150	
304	0.14	15.201	
305	0.14	15.250	
306	0.14	15.300	
307	0.14	15.350	
308	0.14	15.400	
309	0.14	15.450	
310	0.14	15.501	
311	0.14	15.550	
312	0.14	15.600	
313	0.14	15.650	
314	0.14	15.700	
315	0.14	15.750	
316	0.14	15.800	
317	0.14	15.851	
318	0.14	15.900	
319	0.14	15.951	
320	0.14	16.000	
321	0.14	16.050	
322	0.14	16.100	
323	0.14	16.150	
324	0.14	16.200	
325	0.14	16.250	
326	0.14	16.300	
327	0.14	16.350	
328	0.14	16.400	
329	0.14	16.450	
330	0.14	16.500	
331	0.14	16.550	
332	0.14	16.600	
333	0.14	16.650	
334	0.14	16.700	
335	0.14	16.750	
336	0.14	16.800	
337	0.14	16.850	
338	0.14	16.900	
339	0.14	16.950	
340	0.14	17.000	
341	0.12	17.051	
342	0.14	17.100	
343	0.14	17.150	
344	0.14	17.200	
345	0.14	17.250	
346	0.14	17.300	
347	0.14	17.350	
348	0.14	17.400	
349	0.14	17.450	
350	0.14	17.500	
351	0.12	17.550	
352	0.12	17.600	
353	0.20	17.650	
354	0.44	17.700	
355	0.72	17.750	
356	1.08	17.800	
357	1.54	17.850	
358	2.06	17.900	
359	2.66	17.950	
360	3.10	18.000	
361	3.68	18.050	
362	4.10	18.100	
363	4.32	18.150	
364	4.34	18.200	
365	4.32	18.250	
366	4.30	18.300	
367	4.30	18.350	
368	4.30	18.400	
369	4.28	18.451	
370	4.28	18.501	
371	4.28	18.551	
372	4.28	18.600	
373	4.26	18.650	
374	4.26	18.700	
375	4.26	18.751	
376	4.26	18.800	
377	4.26	18.850	
378	4.26	18.900	
379	4.26	18.950	
380	4.26	19.000	
381	4.26	19.050	
382	4.24	19.100	
383	4.24	19.151	
384	4.24	19.200	
385	4.24	19.250	
386	4.24	19.300	
387	4.24	19.350	
388	4.24	19.400	
389	4.24	19.450	
390	4.24	19.500	
391	4.24	19.550	
392	4.24	19.600	
393	4.24	19.651	
394	4.24	19.700	
395	4.24	19.750	
396	4.22	19.800	
397	4.22	19.850	
398	4.22	19.900	
399	4.22	19.950	
400	4.24	20.000	
401	4.22	20.051	
402	4.22	20.100	
403	4.22	20.150	
404	4.22	20.200	
405	4.24	20.250	
406	4.22	20.300	
407	4.22	20.350	
408	4.22	20.400	
409	4.22	20.450	
410	4.22	20.500	
411	4.22	20.550	
412	4.22	20.600	
413	4.22	20.650	
414	4.22	20.700	
415	4.22	20.750	
416	4.22	20.800	
417	4.22	20.850	
418	4.22	20.900	
419	4.22	20.950	
420	3.66	21.000	
421	2.88	21.050	
422	2.18	21.100	
423	1.62	21.151	
424	1.08	21.200	
425	0.68	21.250	
426	0.48	21.300	
427	0.38	21.350	
428	0.34	21.400	
429	0.32	21.450	
430	0.28	21.500	
431	0.28	21.550	
432	0.28	21.600	
433	0.24	21.650	
434	0.20	21.700	
435	0.18	21.750	
436	0.18	21.800	
437	0.16	21.850	
438	0.16	21.900	
439	0.16	21.950	
440	0.18	22.000	
441	0.16	22.050	
442	0.16	22.100	
443	0.16	22.150	
444	0.16	22.200	
445	0.16	22.250	
446	0.16	22.300	
447	0.16	22.350	
448	0.16	22.400	
449	0.16	22.451	
450	0.16	22.500	
451	0.16	22.550	
452	0.16	22.601	
453	0.16	22.650	
454	0.16	22.700	
455	0.16	22.750	
456	0.16	22.800	
457	0.16	22.850	
458	0.16	22.900	
459	0.16	22.950	
460	0.16	23.000	
461	0.16	23.050	
462	0.16	23.100	
463	0.16	23.150	
464	0.16	23.200	
465	0.16	23.250	
466	0.16	23.300	
467	0.16	23.350	
468	0.16	23.400	
469	0.16	23.450	
470	0.16	23.500	
471	0.16	23.550	
472	0.16	23.600	
473	0.16	23.650	
474	0.16	23.700	
475	0.16	23.750	
476	0.16	23.800	
477	0.16	23.850	
478	0.16	23.900	
479	0.16	23.950	
480	0.16	24.000	
481	0.16	24.050	
482	0.16	24.100	
483	0.16	24.150	
484	0.16	24.201	
485	0.16	24.250	
486	0.16	24.300	
487	0.16	24.350	
488	0.16	24.400	
489	0.16	24.450	
490	0.16	24.500	
491	0.16	24.550	
492	0.16	24.600	
493	0.16	24.651	
494	0.16	24.700	
495	0.16	24.750	
496	0.16	24.800	
497	0.16	24.850	
498	0.16	24.900	
499	0.16	24.950	
500	0.16	25.000	
501	0.16	25.051	
502	0.16	25.100	
503	0.16	25.150	
504	0.16	25.200	
505	0.16	25.250	
506	0.14	25.300	
507	0.16	25.350	
508	0.28	25.400	
509	0.52	25.451	
510	0.80	25.500	
511	1.16	25.550	
512	1.64	25.601	
513	2.22	25.650	
514	2.76	25.700	
515	3.18	25.750	
516	3.74	25.800	
517	4.10	25.850	
518	4.26	25.900	
519	4.26	25.950	
520	4.24	26.000	
521	4.22	26.050	
522	4.22	26.100	
523	4.20	26.150	
524	4.20	26.200	
525	4.20	26.250	
526	4.18	26.300	
527	4.18	26.350	
528	4.18	26.400	
529	4.18	26.450	
530	4.18	26.501	
531	4.18	26.550	
532	4.18	26.600	
533	4.16	26.650	
534	4.16	26.700	
535	4.16	26.750	
536	4.16	26.801	
537	4.16	26.850	
538	4.16	26.900	
539	4.16	26.950	
540	4.16	27.000	
541	4.16	27.050	
542	4.16	27.100	
543	4.16	27.150	
544	4.16	27.200	
545	4.16	27.250	
546	4.16	27.300	
547	4.16	27.350	
548	4.16	27.400	
549	4.14	27.450	
550	4.14	27.500	
551	4.14	27.550	
552	4.14	27.600	
553	4.14	27.650	
554	4.14	27.700	
555	4.14	27.750	
556	4.14	27.800	
557	4.14	27.850	
558	4.14	27.901	
559	4.14	27.951	
560	4.14	28.000	
561	4.14	28.050	
562	4.14	28.100	
563	3.64	28.150	
564	3.34	28.200	
565	2.58	28.250	
566	1.96	28.300	
567	1.40	28.350	
568	0.90	28.400	
569	0.60	28.450	
570	0.46	28.500	
571	0.38	28.550	
572	0.34	28.600	
573	0.32	28.651	
574	0.28	28.700	
575	0.28	28.750	
576	0.28	28.800	
577	0.24	28.850	
578	0.20	28.901	
579	0.20	28.950	
580	0.20	29.001	
581	0.18	29.050	
582	0.18	29.101	
583	0.18	29.150	
584	0.18	29.200	
585	0.18	29.250	
586	0.18	29.300	
587	0.18	29.350	
588	0.18	29.400	
589	0.18	29.450	
590	0.18	29.500	
591	0.18	29.550	
592	0.18	29.600	
593	0.18	29.651	
594	0.18	29.700	
595	0.18	29.750	
596	0.18	29.800	
597	0.18	29.850	
598	0.18	29.900	
599	0.18	29.950	
600	0.18	30.000	
601	0.18	30.050	
602	0.18	30.100	
603	0.18	30.150	
604	0.18	30.200	
605	0.18	30.250	
606	0.18	30.300	
607	0.18	30.350	
608	0.18	30.400	
609	0.18	30.450	
610	0.18	30.500	
611	0.18	30.550	
612	0.18	30.600	
613	0.18	30.650	
614	0.18	30.700	
615	0.18	30.750	
616	0.18	30.800	
617	0.18	30.850	
618	0.18	30.900	
619	0.18	30.950	
620	0.18	31.000	
621	0.18	31.050	
622	0.18	31.100	
623	0.18	31.150	
624	0.18	31.200	
625	0.18	31.250	
626	0.18	31.301	
627	0.18	31.350	
628	0.18	31.400	
629	0.18	31.451	
630	0.18	31.501	
631	0.18	31.550	
632	0.18	31.600	
633	0.18	31.650	
634	0.18	31.700	
635	0.18	31.750	
636	0.18	31.800	
637	0.18	31.850	
638	0.18	31.900	
639	0.18	31.950	
640	0.18	32.000	
641	0.18	32.050	
642	0.18	32.100	
643	0.16	32.150	
644	0.20	32.200	
645	0.34	32.250	
646	0.60	32.301	
647	0.90	32.350	
648	1.28	32.400	
649	1.76	32.450	
650	2.32	32.500	
651	2.82	32.550	
652	3.28	32.600	
653	4.04	32.653	
654	4.12	32.700	
655	4.18	32.750	
656	4.18	32.800	
657	4.16	32.850	
658	4.14	32.900	
659	4.14	32.950	
660	4.14	33.000	
661	4.12	33.050	
662	4.12	33.101	
663	4.12	33.150	
664	4.12	33.200	
665	4.12	33.250	
666	4.12	33.300	
667	4.10	33.350	
668	4.10	33.400	
669	4.10	33.450	
670	4.10	33.500	
671	4.10	33.550	
672	4.10	33.600	
673	4.10	33.650	
674	4.10	33.700	
675	4.10	33.751	
676	4.10	33.800	
677	4.10	33.850	
678	4.08	33.900	
679	4.08	33.950	
680	4.08	34.000	
681	4.08	34.050	
682	4.08	34.100	
683	4.08	34.150	
684	4.08	34.200	
685	4.08	34.250	
686	4.08	34.300	
687	4.08	34.350	
688	4.08	34.400	
689	4.08	34.450	
690	4.08	34.500	
691	4.08	34.550	
692	4.08	34.600	
693	4.08	34.650	
694	4.08	34.701	
695	4.08	34.751	
696	4.08	34.800	
697	4.08	34.850	
698	4.08	34.900	
699	4.08	34.950	
700	4.08	35.000	
701	4.06	35.050	
702	4.06	35.100	
703	4.08	35.150	
704	4.08	35.200	
705	4.08	35.250	
706	4.08	35.300	
707	3.56	35.350	
708	2.80	35.400	
709	2.12	35.450	
710	1.56	35.500	
711	1.08	35.550	
712	0.68	35.600	
713	0.52	35.650	
714	0.42	35.700	
715	0.38	35.750	
716	0.36	35.800	
717	0.32	35.851	
718	0.32	35.900	
719	0.30	35.950	
720	0.26	36.000	
721	0.22	36.050	
722	0.22	36.100	
723	0.22	36.150	
724	0.20	36.200	
725	0.20	36.250	
726	0.20	36.300	
727	0.20	36.350	
728	0.20	36.400	
729	0.20	36.450	
730	0.20	36.500	
731	0.20	36.550	
732	0.20	36.600	
733	0.20	36.650	
734	0.20	36.700	
735	0.20	36.750	
736	0.20	36.800	
737	0.20	36.850	
738	0.20	36.900	
739	0.20	36.950	
740	0.20	37.000	
741	0.20	37.050	
742	0.20	37.100	
743	0.20	37.150	
744	0.20	37.200	
745	0.20	37.250	
746	0.20	37.300	
747	0.20	37.350	
748	0.20	37.400	
749	0.20	37.450	
750	0.20	37.500	
751	0.20	37.550	
752	0.20	37.600	
753	0.20	37.650	
754	0.20	37.700	
755	0.20	37.750	
756	0.20	37.800	
757	0.20	37.850	
758	0.20	37.900	
759	0.20	37.950	
760	0.20	38.000	
761	0.20	38.050	
762	0.20	38.100	
763	0.20	38.150	
764	0.20	38.200	
765	0.20	38.250	
766	0.20	38.300	
767	0.20	38.350	
768	0.20	38.400	
769	0.20	38.450	
770	0.20	38.500	
771	0.20	38.551	
772	0.20	38.600	
773	0.20	38.650	
774	0.20	38.700	
775	0.20	38.750	
776	0.20	38.800	
777	0.20	38.850	
778	0.20	38.900	
779	0.20	38.950	
780	0.20	39.000	
781	0.18	39.051	
782	0.20	39.100	
783	0.20	39.150	
784	0.20	39.200	
785	0.18	39.250	
786	0.18	39.300	
787	0.20	39.350	
788	0.20	39.400	
789	0.18	39.450	
790	0.20	39.500	
791	0.20	39.550	
792	0.20	39.600	
793	0.18	39.650	
794	0.18	39.700	
795	0.22	39.751	
796	0.42	39.800	
797	0.66	39.850	
798	0.98	39.900	
799	1.38	39.950	
800	1.88	40.000	
801	2.46	40.050	
802	2.90	40.100	
803	3.76	40.150	
804	3.90	40.200	
805	4.18	40.250	
806	4.22	40.300	
807	4.20	40.351	
808	4.20	40.401	
809	4.18	40.451	
810	4.18	40.500	
811	4.18	40.551	
812	4.16	40.600	
813	4.16	40.650	
814	4.16	40.700	
815	4.16	40.750	
816	4.16	40.800	
817	4.14	40.850	
818	4.14	40.900	
819	4.14	40.950	
820	4.14	41.000	
821	4.14	41.050	
822	4.14	41.100	
823	4.14	41.150	
824	4.12	41.200	
825	4.14	41.250	
826	4.14	41.300	
827	4.12	41.350	
828	4.12	41.400	
829	4.12	41.450	
830	4.12	41.500	
831	4.12	41.550	
832	4.12	41.600	
833	4.12	41.650	
834	4.12	41.700	
835	4.12	41.750	
836	4.12	41.800	
837	4.12	41.850	
838	4.12	41.900	
839	4.12	41.950	
840	4.12	42.000	
841	4.12	42.050	
842	4.12	42.100	
843	4.12	42.150	
844	4.12	42.200	
845	4.12	42.250	
846	4.12	42.300	
847	4.12	42.350	
848	4.12	42.400	
849	4.12	42.450	
850	4.12	42.500	
851	4.12	42.550	
852	4.10	42.600	
853	4.12	42.650	
854	4.10	42.700	
855	4.10	42.750	
856	4.10	42.800	
857	4.10	42.850	
858	4.10	42.900	
859	4.12	42.950	
860	4.10	43.000	
861	4.12	43.050	
862	4.10	43.100	
863	4.10	43.150	
864	4.10	43.204	
865	4.10	43.250	
866	4.10	43.300	
867	4.10	43.350	
868	4.10	43.401	
869	4.10	43.450	
870	4.10	43.500	
871	4.10	43.550	
872	3.66	43.601	
873	2.88	43.650	
874	2.20	43.700	
875	1.62	43.750	
876	1.14	43.800	
877	0.76	43.850	
878	0.58	43.900	
879	0.46	43.951	
880	0.42	44.001	
881	0.40	44.050	
882	0.36	44.100	
883	0.36	44.150	
884	0.34	44.200	
885	0.30	44.250	
886	0.26	44.300	
887	0.24	44.350	
888	0.24	44.400	
889	0.24	44.450	
890	0.22	44.501	
891	0.22	44.550	
892	0.22	44.600	
893	0.22	44.650	
894	0.22	44.700	
895	0.22	44.750	
896	0.22	44.800	
897	0.22	44.850	
898	0.22	44.901	
899	0.22	44.950	
900	0.22	45.000	
901	0.22	45.050	
902	0.22	45.100	
903	0.22	45.153	
904	0.22	45.200	
905	0.22	45.250	
906	0.22	45.300	
907	0.22	45.350	
908	0.22	45.401	
909	0.22	45.450	
910	0.22	45.501	
911	0.22	45.550	
912	0.22	45.600	
913	0.22	45.650	
914	0.22	45.700	
915	0.22	45.750	
916	0.22	45.800	
917	0.22	45.850	
918	0.22	45.900	
919	0.20	45.950	
920	0.22	46.000	
921	0.22	46.050	
922	0.20	46.100	
923	0.20	46.150	
924	0.22	46.200	
925	0.22	46.250	
926	0.20	46.300	
927	0.22	46.350	
928	0.20	46.400	
929	0.20	46.450	
930	0.20	46.501	
931	0.20	46.550	
932	0.22	46.600	
933	0.22	46.650	
934	0.20	46.700	
935	0.22	46.750	
936	0.20	46.800	
937	0.20	46.850	
938	0.20	46.900	
939	0.20	46.950	
940	0.20	47.000	
941	0.24	47.050	
942	0.38	47.100	
943	0.64	47.150	
944	0.96	47.200	
945	1.34	47.250	
946	1.80	47.300	
947	2.38	47.350	
948	2.84	47.400	
949	3.30	47.450	
950	3.82	47.501	
951	4.14	47.550	
952	4.20	47.600	
953	4.20	47.650	
954	4.18	47.700	
955	4.16	47.751	
956	4.16	47.800	
957	4.14	47.850	
958	4.14	47.900	
959	4.14	47.950	
960	4.14	48.000	
961	4.14	48.050	
962	4.12	48.100	
963	4.12	48.150	
964	4.12	48.200	
965	4.12	48.250	
966	4.12	48.300	
967	4.12	48.350	
968	4.12	48.400	
969	4.12	48.450	
970	4.12	48.500	
971	4.12	48.550	
972	4.12	48.600	
973	4.12	48.650	
974	4.10	48.700	
975	4.10	48.750	
976	4.10	48.800	
977	4.10	48.850	
978	4.10	48.900	
979	4.10	48.950	
980	4.10	49.000	
981	4.10	49.051	
982	4.10	49.101	
983	4.10	49.150	
984	4.10	49.200	
985	4.10	49.250	
986	4.10	49.300	
987	4.10	49.350	
988	4.10	49.400	
989	4.10	49.451	
990	4.10	49.500	
991	4.10	49.550	
992	4.10	49.600	
993	4.10	49.650	
994	4.10	49.700	
995	4.10	49.750	
996	4.10	49.800	
997	4.10	49.850	
998	4.10	49.900	
999	4.10	49.950	
1000	4.10	50.000	
1001	4.10	50.050	
1002	4.10	50.100	
1003	4.10	50.154	
1004	4.08	50.200	
1005	4.10	50.250	
1006	4.08	50.300	
1007	4.10	50.350	
1008	4.08	50.400	
1009	3.78	50.450	
1010	3.02	50.500	
1011	2.30	50.550	
1012	1.72	50.600	
1013	1.20	50.650	
1014	0.82	50.700	
1015	0.62	50.751	
1016	0.50	50.800	
1017	0.46	50.850	
1018	0.44	50.900	
1019	0.40	50.950	
1020	0.38	51.000	
1021	0.38	51.050	
1022	0.34	51.100	
1023	0.28	51.150	
1024	0.26	51.200	
1025	0.26	51.250	
1026	0.26	51.300	
1027	0.24	51.350	
1028	0.24	51.400	
1029	0.24	51.450	
1030	0.24	51.501	
1031	0.24	51.550	
1032	0.24	51.600	
1033	0.24	51.650	
1034	0.24	51.700	
1035	0.24	51.751	
1036	0.24	51.800	
1037	0.24	51.850	
1038	0.24	51.900	
1039	0.24	51.950	
1040	0.24	52.000	
1041	0.24	52.050	
1042	0.24	52.100	
1043	0.24	52.150	
1044	0.24	52.200	
1045	0.24	52.250	
1046	0.24	52.300	
1047	0.22	52.350	
1048	0.22	52.400	
1049	0.24	52.450	
1050	0.22	52.500	
1051	0.24	52.550	
1052	0.24	52.600	
1053	0.22	52.650	
1054	0.22	52.700	
1055	0.22	52.750	
1056	0.22	52.800	
1057	0.22	52.850	
1058	0.22	52.900	
1059	0.22	52.950	
1060	0.22	53.000	
1061	0.24	53.050	
1062	0.22	53.100	
1063	0.22	53.150	
1064	0.22	53.200	
1065	0.22	53.250	
1066	0.22	53.300	
1067	0.22	53.350	
1068	0.22	53.401	
1069	0.22	53.450	
1070	0.22	53.500	
1071	0.22	53.550	
1072	0.22	53.600	
1073	0.22	53.650	
1074	0.22	53.700	
1075	0.22	53.750	
1076	0.22	53.800	
1077	0.22	53.850	
1078	0.22	53.900	
1079	0.22	53.950	
1080	0.22	54.000	
1081	0.22	54.050	
1082	0.22	54.100	
1083	0.22	54.150	
1084	0.22	54.200	
1085	0.22	54.250	
1086	0.22	54.300	
1087	0.22	54.350	
1088	0.22	54.400	
1089	0.22	54.450	
1090	0.22	54.500	
1091	0.22	54.550	
1092	0.22	54.600	
1093	0.22	54.650	
1094	0.22	54.701	
1095	0.22	54.750	
1096	0.28	54.800	
1097	0.50	54.851	
1098	0.76	54.900	
1099	1.08	54.950	
1100	1.50	55.000	
1101	2.00	55.050	
1102	2.60	55.100	
1103	3.44	55.157	
1104	3.64	55.200	
1105	4.02	55.250	
1106	4.24	55.300	
1107	4.26	55.350	
1108	4.24	55.400	
1109	4.24	55.450	
1110	4.22	55.500	
1111	4.22	55.550	
1112	4.20	55.600	
1113	4.20	55.653	
1114	4.20	55.700	
1115	4.20	55.750	
1116	4.20	55.800	
1117	4.20	55.851	
1118	4.20	55.900	
1119	4.18	55.950	
1120	4.18	56.000	
1121	4.18	56.050	
1122	4.18	56.100	
1123	4.18	56.150	
1124	4.18	56.200	
1125	4.18	56.250	
1126	4.18	56.300	
1127	4.18	56.350	
1128	4.16	56.400	
1129	4.16	56.450	
1130	4.16	56.500	
1131	4.16	56.550	
1132	4.16	56.600	
1133	4.16	56.650	
1134	4.16	56.700	
1135	4.16	56.750	
1136	4.16	56.800	
1137	4.16	56.850	
1138	4.16	56.900	
1139	4.16	56.950	
1140	4.16	57.000	
1141	4.16	57.050	
1142	4.16	57.100	
1143	4.16	57.150	
1144	4.16	57.200	
1145	4.16	57.250	
1146	4.16	57.300	
1147	4.16	57.350	
1148	4.16	57.401	
1149	4.16	57.450	
1150	4.16	57.500	
1151	4.16	57.550	
1152	4.14	57.600	
1153	4.14	57.650	
1154	4.16	57.700	
1155	4.16	57.750	
1156	4.14	57.800	
1157	4.16	57.850	
1158	4.14	57.901	
1159	4.14	57.951	
1160	4.14	58.000	
1161	4.14	58.050	
1162	3.68	58.100	
1163	2.92	58.150	
1164	2.22	58.200	
1165	1.66	58.250	
1166	1.16	58.300	
1167	0.66	58.356	
1168	0.60	58.400	
1169	0.50	58.450	
1170	0.46	58.500	
1171	0.44	58.550	
1172	0.40	58.600	
1173	0.40	58.650	
1174	0.38	58.700	
1175	0.34	58.750	
1176	0.28	58.800	
1177	0.26	58.850	
1178	0.26	58.900	
1179	0.26	58.950	
1180	0.26	59.000	
1181	0.26	59.050	
1182	0.26	59.100	
1183	0.26	59.150	
1184	0.24	59.200	
1185	0.24	59.250	
1186	0.26	59.300	
1187	0.24	59.350	
1188	0.24	59.401	
1189	0.24	59.451	
1190	0.24	59.501	
1191	0.24	59.550	
1192	0.24	59.600	
1193	0.24	59.650	
1194	0.24	59.700	
1195	0.24	59.751	
1196	0.24	59.801	
1197	0.24	59.851	
1198	0.24	59.901	
1199	0.24	59.950	
1200	0.24	60.000	
1201	0.24	60.050	
1202	0.24	60.100	
1203	0.24	60.160	
1204	0.24	60.200	
1205	0.24	60.250	
1206	0.24	60.301	
1207	0.24	60.350	
1208	0.24	60.401	
1209	0.24	60.451	
1210	0.24	60.500	
1211	0.24	60.550	
1212	0.24	60.600	
1213	0.24	60.650	
1214	0.24	60.700	
1215	0.24	60.750	
1216	0.24	60.800	
1217	0.24	60.850	
1218	0.24	60.900	
1219	0.24	60.950	
1220	0.24	61.000	
1221	0.24	61.050	
1222	0.24	61.100	
1223	0.24	61.150	
1224	0.24	61.200	
1225	0.24	61.250	
1226	0.24	61.300	
1227	0.24	61.350	
1228	0.24	61.400	
1229	0.24	61.450	
1230	0.24	61.500	
1231	0.24	61.550	
1232	0.24	61.600	
1233	0.24	61.650	
1234	0.24	61.700	
1235	0.24	61.750	
1236	0.24	61.800	
1237	0.24	61.850	
1238	0.24	61.900	
1239	0.24	61.950	
1240	0.24	62.000	
1241	0.24	62.050	
1242	0.24	62.100	
1243	0.24	62.150	
1244	0.24	62.200	
1245	0.24	62.251	
1246	0.24	62.300	
1247	0.24	62.350	
1248	0.24	62.401	
1249	0.24	62.450	
1250	0.24	62.500	
1251	0.22	62.550	
1252	0.24	62.600	
1253	0.24	62.650	
1254	0.22	62.700	
1255	0.28	62.750	
1256	0.48	62.800	
1257	0.76	62.851	
1258	1.08	62.900	
1259	1.48	62.950	
1260	1.96	63.000	
1261	2.54	63.050	
1262	2.98	63.100	
1263	3.48	63.150	
1264	3.98	63.200	
1265	4.24	63.250	
1266	4.28	63.300	
1267	4.28	63.350	
1268	4.26	63.400	
1269	4.26	63.450	
1270	4.26	63.500	
1271	4.24	63.551	
1272	4.24	63.600	
1273	4.24	63.650	
1274	4.24	63.700	
1275	4.22	63.750	
1276	4.22	63.800	
1277	4.22	63.850	
1278	4.22	63.900	
1279	4.22	63.950	
1280	4.22	64.000	
1281	4.22	64.050	
1282	4.20	64.100	
1283	4.20	64.150	
1284	4.20	64.200	
1285	4.20	64.250	
1286	4.20	64.300	
1287	4.20	64.350	
1288	4.20	64.400	
1289	4.20	64.450	
1290	4.20	64.500	
1291	4.20	64.550	
1292	4.20	64.600	
1293	4.20	64.650	
1294	4.20	64.700	
1295	4.20	64.750	
1296	4.20	64.800	
1297	4.20	64.851	
1298	4.20	64.900	
1299	4.20	64.950	
1300	4.20	65.000	
1301	4.20	65.050	
1302	4.20	65.100	
1303	4.18	65.162	
1304	4.18	65.200	
1305	4.18	65.250	
1306	4.18	65.300	
1307	4.18	65.350	
1308	4.18	65.400	
1309	4.18	65.450	
1310	4.18	65.500	
1311	4.18	65.550	
1312	4.18	65.600	
1313	4.18	65.650	
1314	4.18	65.700	
1315	4.18	65.750	
1316	4.18	65.800	
1317	4.18	65.850	
1318	4.18	65.900	
1319	4.18	65.950	
1320	3.62	66.000	
1321	2.84	66.050	
1322	2.18	66.100	
1323	1.62	66.150	
1324	1.12	66.200	
1325	0.74	66.250	
1326	0.58	66.300	
1327	0.48	66.350	
1328	0.44	66.400	
1329	0.40	66.450	
1330	0.38	66.500	
1331	0.36	66.550	
1332	0.34	66.600	
1333	0.32	66.650	
1334	0.28	66.700	
1335	0.28	66.750	
1336	0.28	66.800	
1337	0.26	66.850	
1338	0.26	66.900	
1339	0.26	66.950	
1340	0.26	67.000	
1341	0.26	67.050	
1342	0.26	67.100	
1343	0.26	67.150	
1344	0.26	67.200	
1345	0.26	67.250	
1346	0.26	67.300	
1347	0.26	67.350	
1348	0.26	67.400	
1349	0.26	67.450	
1350	0.26	67.500	
1351	0.26	67.550	
1352	0.26	67.600	
1353	0.26	67.650	
1354	0.26	67.700	
1355	0.26	67.750	
1356	0.26	67.800	
1357	0.26	67.850	
1358	0.26	67.900	
1359	0.26	67.950	
1360	0.26	68.000	
1361	0.26	68.050	
1362	0.26	68.100	
1363	0.26	68.150	
1364	0.26	68.200	
1365	0.26	68.250	
1366	0.26	68.300	
1367	0.26	68.350	
1368	0.24	68.400	
1369	0.26	68.451	
1370	0.24	68.500	
1371	0.26	68.550	
1372	0.26	68.600	
1373	0.24	68.650	
1374	0.24	68.700	
1375	0.24	68.750	
1376	0.24	68.800	
1377	0.24	68.850	
1378	0.24	68.900	
1379	0.24	68.950	
1380	0.26	69.000	
1381	0.24	69.050	
1382	0.24	69.100	
1383	0.24	69.150	
1384	0.24	69.200	
1385	0.24	69.250	
1386	0.24	69.300	
1387	0.24	69.350	
1388	0.24	69.400	
1389	0.24	69.450	
1390	0.24	69.500	
1391	0.24	69.550	
1392	0.24	69.600	
1393	0.24	69.650	
1394	0.24	69.700	
1395	0.24	69.750	
1396	0.24	69.800	
1397	0.24	69.850	
1398	0.24	69.908	
1399	0.24	69.950	
1400	0.24	70.000	
1401	0.24	70.050	
1402	0.24	70.100	
1403	0.24	70.159	
1404	0.24	70.200	
1405	0.24	70.250	
1406	0.24	70.300	
1407	0.24	70.350	
1408	0.24	70.400	
1409	0.24	70.450	
1410	0.24	70.500	
1411	0.24	70.550	
1412	0.24	70.600	
1413	0.24	70.650	
1414	0.24	70.700	
1415	0.24	70.750	
1416	0.24	70.800	
1417	0.24	70.850	
1418	0.24	70.900	
1419	0.24	70.950	
1420	0.24	71.000	
1421	0.24	71.050	
1422	0.24	71.100	
1423	0.24	71.150	
1424	0.24	71.200	
1425	0.24	71.250	
1426	0.30	71.300	
1427	0.52	71.350	
1428	0.82	71.400	
1429	1.14	71.450	
1430	1.54	71.500	
1431	2.06	71.550	
1432	2.62	71.600	
1433	3.04	71.650	
1434	3.56	71.700	
1435	4.02	71.750	
1436	4.24	71.800	
1437	4.26	71.850	
1438	4.24	71.900	
1439	4.24	71.950	
1440	4.22	72.001	
1441	4.22	72.051	
1442	4.22	72.100	
1443	4.20	72.150	
1444	4.20	72.200	
1445	4.20	72.250	
1446	4.20	72.300	
1447	4.20	72.351	
1448	4.20	72.400	
1449	4.20	72.450	
1450	4.18	72.500	
1451	4.18	72.550	
1452	4.18	72.600	
1453	4.18	72.650	
1454	4.18	72.700	
1455	4.18	72.750	
1456	4.18	72.800	
1457	4.18	72.850	
1458	4.18	72.900	
1459	4.18	72.950	
1460	4.18	73.000	
1461	4.18	73.050	
1462	4.16	73.100	
1463	4.16	73.150	
1464	4.16	73.200	
1465	4.16	73.250	
1466	4.16	73.300	
1467	4.16	73.350	
1468	4.16	73.400	
1469	4.16	73.450	
1470	4.16	73.500	
1471	4.16	73.550	
1472	4.16	73.600	
1473	4.16	73.650	
1474	4.16	73.701	
1475	4.16	73.750	
1476	4.16	73.800	
1477	4.16	73.850	
1478	4.16	73.900	
1479	4.16	73.950	
1480	4.16	74.000	
1481	4.16	74.050	
1482	4.16	74.100	
1483	4.16	74.150	
1484	4.16	74.200	
1485	4.16	74.250	
1486	4.16	74.300	
1487	4.16	74.350	
1488	4.16	74.400	
1489	4.06	74.450	
1490	3.32	74.500	
1491	2.60	74.550	
1492	1.98	74.600	
1493	1.44	74.650	
1494	0.96	74.700	
1495	0.68	74.750	
1496	0.56	74.800	
1497	0.48	74.850	
1498	0.44	74.900	
1499	0.40	74.950	
1500	0.38	75.001	
1501	0.36	75.051	
1502	0.36	75.100	
1503	0.32	75.150	
1504	0.30	75.200	
1505	0.28	75.250	
1506	0.28	75.300	
1507	0.28	75.350	
1508	0.28	75.400	
1509	0.28	75.450	
1510	0.28	75.501	
1511	0.28	75.550	
1512	0.28	75.600	
1513	0.28	75.650	
1514	0.28	75.700	
1515	0.28	75.750	
1516	0.28	75.800	
1517	0.28	75.850	
1518	0.28	75.900	
1519	0.28	75.950	
1520	0.26	76.000	
1521	0.28	76.050	
1522	0.26	76.100	
1523	0.26	76.150	
1524	0.28	76.200	
1525	0.26	76.250	
1526	0.26	76.300	
1527	0.26	76.350	
1528	0.26	76.400	
1529	0.26	76.450	
1530	0.26	76.500	
1531	0.26	76.550	
1532	0.26	76.600	
1533	0.26	76.650	
1534	0.26	76.700	
1535	0.26	76.750	
1536	0.26	76.800	
1537	0.26	76.850	
1538	0.26	76.900	
1539	0.26	76.950	
1540	0.26	77.001	
1541	0.26	77.051	
1542	0.26	77.100	
1543	0.26	77.151	
1544	0.26	77.200	
1545	0.26	77.250	
1546	0.26	77.300	
1547	0.26	77.350	
1548	0.26	77.400	
1549	0.26	77.450	
1550	0.26	77.500	
1551	0.26	77.550	
1552	0.26	77.600	
1553	0.26	77.650	
1554	0.26	77.700	
1555	0.26	77.751	
1556	0.26	77.800	
1557	0.26	77.850	
1558	0.26	77.900	
1559	0.26	77.950	
1560	0.26	78.001	
1561	0.26	78.050	
1562	0.26	78.101	
1563	0.26	78.150	
1564	0.26	78.200	
1565	0.26	78.250	
1566	0.26	78.300	
1567	0.26	78.350	
1568	0.26	78.400	
1569	0.26	78.450	
1570	0.26	78.500	
1571	0.26	78.550	
1572	0.26	78.611	
1573	0.26	78.650	
1574	0.26	78.704	
1575	0.30	78.750	
1576	0.46	78.800	
1577	0.74	78.850	
1578	1.04	78.900	
1579	1.42	78.950	
1580	1.92	79.000	
1581	2.48	79.050	
1582	2.92	79.100	
1583	3.40	79.151	
1584	3.90	79.200	
1585	4.18	79.250	
1586	4.24	79.301	
1587	4.22	79.350	
1588	4.22	79.400	
1589	4.20	79.450	
1590	4.20	79.500	
1591	4.20	79.550	
1592	4.20	79.600	
1593	4.18	79.650	
1594	4.18	79.700	
1595	4.18	79.750	
1596	4.18	79.800	
1597	4.18	79.851	
1598	4.16	79.900	
1599	4.16	79.950	
1600	4.16	80.000	
1601	4.16	80.051	
1602	4.16	80.100	
1603	4.16	80.200	
1604	4.16	80.250	
1605	4.16	80.311	
1606	4.16	80.350	
1607	4.16	80.405	
1608	4.16	80.450	
1609	4.16	80.500	
1610	4.14	80.550	
1611	4.14	80.600	
1612	4.14	80.650	
1613	4.14	80.701	
1614	4.14	80.750	
1615	4.14	80.800	
1616	4.14	80.850	
1617	4.14	80.900	
1618	4.14	80.951	
1619	4.14	81.000	
1620	4.14	81.050	
1621	4.14	81.101	
1622	4.14	81.150	
1623	4.14	81.200	
1624	4.14	81.250	
1625	4.14	81.300	
1626	4.14	81.351	
1627	4.14	81.400	
1628	4.14	81.450	
1629	4.14	81.500	
1630	4.14	81.550	
1631	4.14	81.600	
1632	4.14	81.650	
1633	4.14	81.700	
1634	4.14	81.750	
1635	4.14	81.800	
1636	4.14	81.850	
1637	4.12	81.900	
1638	4.12	81.950	
1639	4.12	82.000	
1640	4.14	82.051	
1641	4.12	82.100	
1642	4.14	82.150	
1643	4.14	82.200	
1644	4.12	82.250	
1645	4.12	82.301	
1646	4.12	82.350	
1647	3.72	82.400	
1648	2.96	82.450	
1649	2.28	82.500	
1650	1.72	82.550	
1651	1.20	82.600	
1652	0.82	82.650	
1653	0.62	82.700	
1654	0.50	82.750	
1655	0.46	82.800	
1656	0.44	82.850	
1657	0.40	82.900	
1658	0.38	82.950	
1659	0.38	83.000	
1660	0.36	83.051	
1661	0.32	83.100	
1662	0.30	83.150	
1663	0.30	83.200	
1664	0.30	83.250	
1665	0.30	83.300	
1666	0.28	83.350	
1667	0.28	83.400	
1668	0.28	83.450	
1669	0.28	83.500	
1670	0.28	83.550	
1671	0.28	83.600	
1672	0.28	83.650	
1673	0.28	83.700	
1674	0.28	83.751	
1675	0.28	83.800	
1676	0.28	83.850	
1677	0.28	83.900	
1678	0.28	83.950	
1679	0.28	84.000	
1680	0.28	84.050	
1681	0.28	84.100	
1682	0.28	84.150	
1683	0.28	84.200	
1684	0.28	84.251	
1685	0.28	84.300	
1686	0.28	84.350	
1687	0.28	84.400	
1688	0.28	84.450	
1689	0.28	84.500	
1690	0.28	84.550	
1691	0.28	84.600	
1692	0.28	84.650	
