7/23/2024  1:03 PM
Units: N
Readings: Continuous
X-Axis: Time

Reading	Load	Time	
1	0.10	0.000	
2	0.10	0.100	
3	0.10	0.150	
4	0.10	0.200	
5	0.10	0.250	
6	0.10	0.300	
7	0.10	0.350	
8	0.10	0.400	
9	0.10	0.450	
10	0.10	0.500	
11	0.10	0.550	
12	0.10	0.600	
13	0.10	0.650	
14	0.10	0.700	
15	0.10	0.750	
16	0.10	0.800	
17	0.10	0.850	
18	0.10	0.900	
19	0.10	0.950	
20	0.10	1.001	
21	0.10	1.050	
22	0.10	1.101	
23	0.10	1.151	
24	0.10	1.200	
25	0.10	1.250	
26	0.10	1.300	
27	0.10	1.350	
28	0.10	1.400	
29	0.10	1.450	
30	0.10	1.500	
31	0.10	1.550	
32	0.10	1.601	
33	0.10	1.650	
34	0.10	1.700	
35	0.10	1.750	
36	0.10	1.800	
37	0.10	1.850	
38	0.10	1.900	
39	0.10	1.950	
40	0.10	2.000	
41	0.10	2.050	
42	0.10	2.100	
43	0.10	2.150	
44	0.10	2.200	
45	0.10	2.250	
46	0.10	2.300	
47	0.10	2.350	
48	0.10	2.400	
49	0.08	2.450	
50	0.10	2.500	
51	0.10	2.550	
52	0.10	2.600	
53	0.10	2.650	
54	0.10	2.700	
55	0.10	2.750	
56	0.10	2.800	
57	0.10	2.850	
58	0.10	2.900	
59	0.10	2.950	
60	0.08	3.001	
61	0.10	3.050	
62	0.08	3.100	
63	0.10	3.150	
64	0.10	3.200	
65	0.10	3.250	
66	0.10	3.300	
67	0.10	3.350	
68	0.08	3.400	
69	0.08	3.450	
70	0.18	3.501	
71	0.64	3.550	
72	1.32	3.600	
73	2.16	3.651	
74	3.04	3.700	
75	3.76	3.750	
76	4.56	3.800	
77	5.50	3.850	
78	5.64	3.900	
79	5.74	3.950	
80	5.70	4.000	
81	5.68	4.050	
82	5.68	4.100	
83	5.66	4.150	
84	5.66	4.200	
85	5.64	4.250	
86	5.64	4.300	
87	5.64	4.350	
88	5.64	4.400	
89	5.62	4.450	
90	5.62	4.500	
91	5.62	4.550	
92	5.62	4.600	
93	5.60	4.650	
94	5.60	4.700	
95	5.60	4.751	
96	5.60	4.800	
97	5.60	4.850	
98	5.60	4.900	
99	5.60	4.950	
100	5.60	5.001	
101	5.58	5.050	
102	5.58	5.100	
103	5.58	5.151	
104	5.58	5.200	
105	5.58	5.251	
106	5.58	5.300	
107	5.58	5.350	
108	5.58	5.400	
109	5.58	5.451	
110	5.58	5.500	
111	5.58	5.550	
112	5.58	5.600	
113	5.58	5.650	
114	5.56	5.701	
115	5.56	5.750	
116	5.56	5.800	
117	5.56	5.850	
118	5.56	5.900	
119	5.56	5.950	
120	5.56	6.000	
121	5.56	6.051	
122	5.56	6.100	
123	5.56	6.150	
124	5.56	6.200	
125	5.56	6.250	
126	5.56	6.300	
127	5.56	6.350	
128	5.56	6.401	
129	5.56	6.450	
130	5.56	6.501	
131	5.54	6.550	
132	4.98	6.600	
133	3.72	6.650	
134	2.60	6.700	
135	1.66	6.751	
136	0.92	6.800	
137	0.48	6.850	
138	0.38	6.900	
139	0.36	6.950	
140	0.34	7.001	
141	0.34	7.051	
142	0.28	7.100	
143	0.26	7.150	
144	0.20	7.200	
145	0.14	7.250	
146	0.16	7.301	
147	0.16	7.350	
148	0.14	7.400	
149	0.14	7.450	
150	0.14	7.501	
151	0.14	7.550	
152	0.14	7.600	
153	0.14	7.650	
154	0.14	7.700	
155	0.14	7.750	
156	0.14	7.800	
157	0.14	7.850	
158	0.14	7.900	
159	0.14	7.950	
160	0.14	8.000	
161	0.14	8.050	
162	0.14	8.100	
163	0.14	8.150	
164	0.14	8.200	
165	0.14	8.250	
166	0.14	8.300	
167	0.14	8.350	
168	0.14	8.400	
169	0.12	8.450	
170	0.14	8.500	
171	0.12	8.550	
172	0.12	8.601	
173	0.12	8.650	
174	0.12	8.701	
175	0.12	8.750	
176	0.14	8.801	
177	0.12	8.850	
178	0.12	8.900	
179	0.12	8.951	
180	0.12	9.000	
181	0.12	9.051	
182	0.12	9.100	
183	0.12	9.150	
184	0.12	9.200	
185	0.12	9.250	
186	0.12	9.300	
187	0.12	9.350	
188	0.12	9.400	
189	0.12	9.450	
190	0.12	9.500	
191	0.12	9.550	
192	0.12	9.600	
193	0.12	9.650	
194	0.12	9.700	
195	0.12	9.750	
196	0.12	9.800	
197	0.12	9.850	
198	0.12	9.900	
199	0.12	9.950	
200	0.12	10.001	
201	0.12	10.050	
202	0.12	10.100	
203	0.12	10.150	
204	0.12	10.200	
205	0.12	10.251	
206	0.12	10.300	
207	0.12	10.350	
208	0.12	10.400	
209	0.12	10.450	
210	0.12	10.501	
211	0.12	10.550	
212	0.12	10.600	
213	0.12	10.650	
214	0.12	10.701	
215	0.12	10.750	
216	0.12	10.801	
217	0.10	10.850	
218	0.12	10.900	
219	0.12	10.951	
220	0.12	11.001	
221	0.12	11.051	
222	0.12	11.100	
223	0.12	11.150	
224	0.12	11.200	
225	0.12	11.251	
226	0.12	11.301	
227	0.10	11.350	
228	0.12	11.400	
229	0.12	11.450	
230	0.10	11.501	
231	0.12	11.550	
232	0.10	11.600	
233	0.10	11.651	
234	0.12	11.700	
235	0.12	11.750	
236	0.10	11.800	
237	0.12	11.851	
238	0.12	11.900	
239	0.10	11.950	
240	0.12	12.000	
241	0.10	12.051	
242	0.10	12.100	
243	0.10	12.151	
244	0.10	12.201	
245	0.16	12.250	
246	0.60	12.300	
247	1.28	12.350	
248	2.14	12.401	
249	3.04	12.450	
250	3.76	12.501	
251	4.54	12.551	
252	5.18	12.600	
253	5.56	12.651	
254	5.60	12.700	
255	5.58	12.751	
256	5.56	12.800	
257	5.54	12.850	
258	5.54	12.900	
259	5.52	12.950	
260	5.52	13.000	
261	5.50	13.050	
262	5.50	13.100	
263	5.50	13.150	
264	5.48	13.200	
265	5.48	13.250	
266	5.48	13.300	
267	5.48	13.350	
268	5.48	13.400	
269	5.46	13.450	
270	5.46	13.500	
271	5.46	13.550	
272	5.46	13.600	
273	5.46	13.651	
274	5.46	13.701	
275	5.44	13.750	
276	5.44	13.800	
277	5.44	13.851	
278	5.44	13.900	
279	5.44	13.950	
280	5.44	14.001	
281	5.44	14.050	
282	5.44	14.101	
283	5.44	14.150	
284	5.44	14.200	
285	5.44	14.250	
286	5.44	14.300	
287	5.42	14.350	
288	5.42	14.400	
289	5.42	14.450	
290	5.42	14.500	
291	5.42	14.551	
292	5.42	14.601	
293	5.42	14.650	
294	5.42	14.700	
295	5.42	14.751	
296	5.42	14.801	
297	5.42	14.850	
298	5.42	14.900	
299	5.42	14.950	
300	5.40	15.000	
301	5.40	15.050	
302	5.40	15.101	
303	5.40	15.151	
304	5.40	15.200	
305	5.40	15.250	
306	5.40	15.301	
307	5.40	15.350	
308	5.40	15.400	
309	5.40	15.451	
310	5.40	15.500	
311	5.40	15.551	
312	5.40	15.600	
313	5.40	15.650	
314	5.40	15.700	
315	5.40	15.750	
316	5.38	15.800	
317	4.40	15.850	
318	3.18	15.900	
319	2.12	15.950	
320	1.28	16.000	
321	0.64	16.050	
322	0.40	16.100	
323	0.36	16.151	
324	0.34	16.200	
325	0.34	16.250	
326	0.30	16.300	
327	0.28	16.350	
328	0.24	16.400	
329	0.16	16.450	
330	0.16	16.500	
331	0.16	16.550	
332	0.16	16.600	
333	0.14	16.650	
334	0.14	16.701	
335	0.14	16.750	
336	0.14	16.801	
337	0.14	16.850	
338	0.14	16.900	
339	0.14	16.950	
340	0.14	17.001	
341	0.14	17.050	
342	0.14	17.100	
343	0.14	17.150	
344	0.14	17.200	
345	0.14	17.250	
346	0.14	17.300	
347	0.14	17.350	
348	0.14	17.400	
349	0.14	17.450	
350	0.14	17.500	
351	0.14	17.550	
352	0.14	17.600	
353	0.14	17.650	
354	0.14	17.700	
355	0.14	17.750	
356	0.14	17.800	
357	0.14	17.850	
358	0.14	17.900	
359	0.14	17.950	
360	0.14	18.000	
361	0.14	18.050	
362	0.14	18.100	
363	0.14	18.150	
364	0.14	18.200	
365	0.14	18.250	
366	0.14	18.300	
367	0.14	18.350	
368	0.12	18.401	
369	0.12	18.450	
370	0.14	18.500	
371	0.12	18.550	
372	0.12	18.601	
373	0.14	18.651	
374	0.12	18.700	
375	0.12	18.750	
376	0.12	18.800	
377	0.12	18.850	
378	0.14	18.900	
379	0.12	18.950	
380	0.12	19.001	
381	0.12	19.050	
382	0.12	19.100	
383	0.12	19.150	
384	0.12	19.200	
385	0.12	19.250	
386	0.12	19.300	
387	0.12	19.350	
388	0.12	19.401	
389	0.12	19.450	
390	0.12	19.500	
391	0.12	19.550	
392	0.12	19.600	
393	0.12	19.650	
394	0.12	19.700	
395	0.12	19.750	
396	0.12	19.801	
397	0.12	19.851	
398	0.12	19.900	
399	0.12	19.950	
400	0.12	20.000	
401	0.12	20.050	
402	0.12	20.100	
403	0.12	20.151	
404	0.12	20.201	
405	0.12	20.250	
406	0.12	20.300	
407	0.12	20.350	
408	0.12	20.400	
409	0.12	20.450	
410	0.12	20.500	
411	0.12	20.550	
412	0.12	20.600	
413	0.12	20.650	
414	0.12	20.700	
415	0.12	20.750	
416	0.12	20.800	
417	0.12	20.850	
418	0.12	20.900	
419	0.12	20.950	
420	0.12	21.000	
421	0.12	21.050	
422	0.12	21.100	
423	0.12	21.150	
424	0.10	21.200	
425	0.20	21.250	
426	0.68	21.300	
427	1.40	21.350	
428	2.30	21.400	
429	3.18	21.450	
430	3.90	21.500	
431	4.64	21.550	
432	5.24	21.600	
433	5.52	21.650	
434	5.54	21.700	
435	5.50	21.750	
436	5.48	21.800	
437	5.48	21.850	
438	5.46	21.900	
439	5.46	21.950	
440	5.44	22.000	
441	5.44	22.050	
442	5.44	22.100	
443	5.42	22.150	
444	5.42	22.200	
445	5.42	22.250	
446	5.42	22.300	
447	5.42	22.350	
448	5.40	22.400	
449	5.40	22.451	
450	5.40	22.500	
451	5.40	22.550	
452	5.40	22.600	
453	5.40	22.650	
454	5.38	22.700	
455	5.40	22.750	
456	5.38	22.800	
457	5.38	22.850	
458	5.38	22.900	
459	5.38	22.950	
460	5.38	23.000	
461	5.38	23.050	
462	5.38	23.100	
463	5.38	23.150	
464	5.36	23.200	
465	5.38	23.250	
466	5.36	23.300	
467	5.36	23.350	
468	5.36	23.400	
469	5.36	23.450	
470	5.36	23.500	
471	5.36	23.550	
472	5.36	23.600	
473	5.36	23.650	
474	5.36	23.700	
475	5.36	23.750	
476	5.36	23.800	
477	5.36	23.850	
478	5.36	23.901	
479	5.36	23.950	
480	5.36	24.000	
481	5.36	24.050	
482	5.36	24.100	
483	5.36	24.150	
484	5.36	24.200	
485	5.36	24.250	
486	5.36	24.300	
487	5.36	24.350	
488	5.36	24.400	
489	5.36	24.451	
490	5.36	24.500	
491	5.34	24.550	
492	5.34	24.600	
493	5.36	24.650	
494	4.80	24.700	
495	3.56	24.750	
496	2.42	24.800	
497	1.48	24.850	
498	0.78	24.900	
499	0.42	24.950	
500	0.36	25.000	
501	0.34	25.050	
502	0.34	25.100	
503	0.30	25.150	
504	0.26	25.200	
505	0.24	25.250	
506	0.16	25.300	
507	0.14	25.350	
508	0.16	25.400	
509	0.16	25.450	
510	0.16	25.500	
511	0.16	25.550	
512	0.14	25.600	
513	0.14	25.650	
514	0.14	25.700	
515	0.14	25.750	
516	0.14	25.800	
517	0.14	25.850	
518	0.14	25.900	
519	0.14	25.951	
520	0.14	26.000	
521	0.14	26.050	
522	0.14	26.100	
523	0.14	26.150	
524	0.14	26.200	
525	0.14	26.250	
526	0.14	26.300	
527	0.14	26.350	
528	0.14	26.400	
529	0.14	26.450	
530	0.14	26.500	
531	0.14	26.550	
532	0.14	26.600	
533	0.14	26.650	
534	0.14	26.700	
535	0.14	26.750	
536	0.14	26.800	
537	0.14	26.850	
538	0.14	26.901	
539	0.14	26.951	
540	0.14	27.000	
541	0.14	27.050	
542	0.14	27.100	
543	0.14	27.150	
544	0.14	27.200	
545	0.14	27.250	
546	0.14	27.300	
547	0.14	27.350	
548	0.14	27.400	
549	0.14	27.451	
550	0.14	27.500	
551	0.12	27.550	
552	0.14	27.600	
553	0.14	27.650	
554	0.12	27.701	
555	0.14	27.750	
556	0.12	27.800	
557	0.12	27.850	
558	0.14	27.900	
559	0.12	27.951	
560	0.14	28.000	
561	0.12	28.050	
562	0.14	28.100	
563	0.12	28.150	
564	0.12	28.201	
565	0.12	28.250	
566	0.14	28.300	
567	0.12	28.350	
568	0.12	28.401	
569	0.12	28.450	
570	0.12	28.500	
571	0.12	28.550	
572	0.12	28.600	
573	0.12	28.650	
574	0.12	28.700	
575	0.12	28.750	
576	0.12	28.800	
577	0.12	28.850	
578	0.12	28.900	
579	0.12	28.950	
580	0.20	29.000	
581	0.78	29.050	
582	1.54	29.101	
583	2.48	29.150	
584	3.76	29.200	
585	4.04	29.250	
586	4.80	29.300	
587	5.36	29.350	
588	5.62	29.400	
589	5.62	29.450	
590	5.58	29.500	
591	5.58	29.550	
592	5.56	29.600	
593	5.54	29.650	
594	5.54	29.700	
595	5.52	29.750	
596	5.52	29.800	
597	5.52	29.850	
598	5.52	29.900	
599	5.50	29.951	
600	5.50	30.000	
601	5.50	30.050	
602	5.50	30.100	
603	5.50	30.150	
604	5.50	30.201	
605	5.48	30.250	
606	5.50	30.300	
607	5.48	30.350	
608	5.48	30.400	
609	5.48	30.450	
610	5.48	30.500	
611	5.48	30.550	
612	5.48	30.600	
613	5.48	30.650	
614	5.46	30.700	
615	5.46	30.750	
616	5.46	30.800	
617	5.46	30.850	
618	5.46	30.900	
619	5.46	30.950	
620	5.46	31.000	
621	5.46	31.050	
622	5.46	31.101	
623	5.46	31.150	
624	5.46	31.201	
625	5.46	31.250	
626	5.46	31.300	
627	5.46	31.350	
628	5.46	31.400	
629	5.46	31.450	
630	5.44	31.500	
631	5.44	31.550	
632	5.44	31.600	
633	5.44	31.650	
634	5.44	31.700	
635	5.44	31.750	
636	5.44	31.800	
637	5.44	31.850	
638	5.44	31.900	
639	5.44	31.950	
640	5.44	32.000	
641	5.44	32.050	
642	5.44	32.100	
643	5.44	32.150	
644	5.44	32.200	
645	5.44	32.250	
646	5.44	32.300	
647	5.44	32.350	
648	5.44	32.400	
649	5.44	32.450	
650	4.54	32.501	
651	3.24	32.550	
652	1.50	32.603	
653	1.24	32.650	
654	0.64	32.700	
655	0.40	32.750	
656	0.36	32.800	
657	0.34	32.850	
658	0.34	32.900	
659	0.28	32.950	
660	0.24	33.000	
661	0.22	33.050	
662	0.16	33.100	
663	0.16	33.150	
664	0.16	33.200	
665	0.16	33.250	
666	0.16	33.300	
667	0.16	33.350	
668	0.16	33.400	
669	0.16	33.450	
670	0.16	33.500	
671	0.16	33.550	
672	0.14	33.600	
673	0.16	33.650	
674	0.16	33.700	
675	0.14	33.750	
676	0.14	33.800	
677	0.14	33.850	
678	0.14	33.900	
679	0.14	33.950	
680	0.14	34.000	
681	0.14	34.050	
682	0.14	34.100	
683	0.14	34.150	
684	0.14	34.200	
685	0.14	34.250	
686	0.14	34.300	
687	0.14	34.350	
688	0.14	34.400	
689	0.14	34.451	
690	0.14	34.500	
691	0.14	34.550	
692	0.14	34.600	
693	0.14	34.650	
694	0.14	34.700	
695	0.14	34.750	
696	0.14	34.800	
697	0.14	34.850	
698	0.14	34.900	
699	0.14	34.951	
700	0.14	35.000	
701	0.14	35.050	
702	0.14	35.101	
703	0.14	35.150	
704	0.14	35.200	
705	0.14	35.251	
706	0.14	35.300	
707	0.14	35.350	
708	0.14	35.400	
709	0.14	35.450	
710	0.14	35.501	
711	0.14	35.550	
712	0.14	35.600	
713	0.14	35.650	
714	0.14	35.700	
715	0.14	35.750	
716	0.14	35.800	
717	0.14	35.850	
718	0.14	35.900	
719	0.14	35.950	
720	0.14	36.000	
721	0.14	36.050	
722	0.14	36.100	
723	0.14	36.150	
724	0.14	36.200	
725	0.14	36.250	
726	0.14	36.300	
727	0.14	36.350	
728	0.14	36.400	
729	0.14	36.450	
730	0.14	36.500	
731	0.14	36.550	
732	0.14	36.600	
733	0.14	36.650	
734	0.14	36.700	
735	0.14	36.750	
736	0.14	36.800	
737	0.14	36.850	
738	0.14	36.900	
739	0.12	36.951	
740	0.14	37.000	
741	0.12	37.050	
742	0.14	37.100	
743	0.12	37.150	
744	0.14	37.200	
745	0.14	37.250	
746	0.12	37.300	
747	0.14	37.350	
748	0.12	37.400	
749	0.10	37.450	
750	0.40	37.500	
751	1.00	37.550	
752	1.82	37.600	
753	2.72	37.650	
754	3.50	37.700	
755	4.26	37.750	
756	4.94	37.800	
757	5.38	37.850	
758	5.50	37.900	
759	5.46	37.950	
760	5.44	38.001	
761	5.44	38.050	
762	5.42	38.100	
763	5.42	38.150	
764	5.40	38.200	
765	5.40	38.251	
766	5.40	38.300	
767	5.38	38.350	
768	5.38	38.400	
769	5.38	38.450	
770	5.38	38.501	
771	5.36	38.550	
772	5.36	38.600	
773	5.36	38.650	
774	5.36	38.700	
775	5.36	38.750	
776	5.36	38.800	
777	5.36	38.850	
778	5.36	38.900	
779	5.34	38.950	
780	5.36	39.000	
781	5.34	39.050	
782	5.34	39.100	
783	5.34	39.150	
784	5.34	39.200	
785	5.34	39.251	
786	5.34	39.300	
787	5.34	39.350	
788	5.34	39.400	
789	5.34	39.451	
790	5.34	39.500	
791	5.32	39.550	
792	5.32	39.600	
793	5.32	39.651	
794	5.32	39.700	
795	5.32	39.750	
796	5.32	39.800	
797	5.32	39.850	
798	5.32	39.900	
799	5.32	39.950	
800	5.32	40.000	
801	5.32	40.051	
802	5.32	40.100	
803	5.32	40.155	
804	5.32	40.200	
805	5.32	40.250	
806	5.32	40.301	
807	5.32	40.351	
808	5.32	40.401	
809	5.30	40.450	
810	5.30	40.500	
811	5.30	40.550	
812	5.30	40.601	
813	5.30	40.650	
814	5.30	40.700	
815	5.30	40.750	
816	5.30	40.800	
817	5.30	40.850	
818	5.30	40.900	
819	5.30	40.950	
820	5.30	41.000	
821	5.30	41.050	
822	5.30	41.100	
823	5.30	41.150	
824	5.30	41.200	
825	5.30	41.250	
826	5.30	41.300	
827	5.30	41.351	
828	4.50	41.400	
829	3.30	41.450	
830	2.20	41.500	
831	1.30	41.550	
832	0.68	41.600	
833	0.40	41.650	
834	0.36	41.700	
835	0.34	41.750	
836	0.32	41.800	
837	0.28	41.850	
838	0.26	41.900	
839	0.22	41.950	
840	0.16	42.001	
841	0.16	42.051	
842	0.18	42.101	
843	0.16	42.150	
844	0.16	42.200	
845	0.16	42.250	
846	0.16	42.301	
847	0.16	42.350	
848	0.16	42.400	
849	0.16	42.450	
850	0.16	42.500	
851	0.16	42.550	
852	0.16	42.600	
853	0.16	42.650	
854	0.16	42.700	
855	0.16	42.750	
856	0.16	42.800	
857	0.14	42.850	
858	0.16	42.900	
859	0.14	42.950	
860	0.14	43.000	
861	0.14	43.050	
862	0.14	43.100	
863	0.14	43.150	
864	0.14	43.200	
865	0.14	43.251	
866	0.14	43.300	
867	0.14	43.350	
868	0.14	43.400	
869	0.14	43.451	
870	0.14	43.500	
871	0.14	43.550	
872	0.14	43.600	
873	0.14	43.650	
874	0.14	43.701	
875	0.14	43.750	
876	0.14	43.800	
877	0.14	43.850	
878	0.14	43.900	
879	0.14	43.950	
880	0.14	44.000	
881	0.14	44.050	
882	0.14	44.100	
883	0.14	44.150	
884	0.14	44.200	
885	0.14	44.250	
886	0.14	44.300	
887	0.14	44.350	
888	0.14	44.400	
889	0.14	44.450	
890	0.14	44.500	
891	0.14	44.550	
892	0.14	44.600	
893	0.14	44.650	
894	0.14	44.700	
895	0.14	44.750	
896	0.14	44.800	
897	0.14	44.850	
898	0.14	44.900	
899	0.14	44.950	
900	0.14	45.000	
901	0.14	45.050	
902	0.14	45.100	
903	0.14	45.153	
904	0.14	45.200	
905	0.14	45.250	
906	0.14	45.300	
907	0.14	45.350	
908	0.14	45.400	
909	0.14	45.450	
910	0.14	45.500	
911	0.14	45.550	
912	0.14	45.600	
913	0.14	45.650	
914	0.14	45.700	
915	0.14	45.750	
916	0.14	45.800	
917	0.14	45.850	
918	0.14	45.900	
919	0.14	45.950	
920	0.14	46.000	
921	0.14	46.050	
922	0.14	46.100	
923	0.14	46.150	
924	0.14	46.201	
925	0.14	46.250	
926	0.14	46.300	
927	0.14	46.350	
928	0.14	46.400	
929	0.14	46.450	
930	0.14	46.500	
931	0.14	46.550	
932	0.14	46.600	
933	0.14	46.650	
934	0.14	46.700	
935	0.14	46.750	
936	0.14	46.801	
937	0.14	46.850	
938	0.14	46.900	
939	0.14	46.950	
940	0.14	47.000	
941	0.14	47.050	
942	0.14	47.100	
943	0.14	47.150	
944	0.12	47.200	
945	0.34	47.250	
946	0.94	47.300	
947	1.74	47.350	
948	2.66	47.400	
949	3.42	47.450	
950	4.20	47.500	
951	4.90	47.550	
952	5.40	47.600	
953	5.54	47.650	
954	5.52	47.700	
955	5.50	47.750	
956	5.48	47.800	
957	5.46	47.850	
958	5.46	47.900	
959	5.46	47.951	
960	5.44	48.000	
961	5.44	48.050	
962	5.44	48.100	
963	5.42	48.150	
964	5.42	48.200	
965	5.42	48.250	
966	5.42	48.300	
967	5.42	48.350	
968	5.40	48.400	
969	5.40	48.451	
970	5.40	48.501	
971	5.40	48.551	
972	5.40	48.600	
973	5.40	48.650	
974	5.40	48.700	
975	5.38	48.751	
976	5.38	48.800	
977	5.38	48.850	
978	5.38	48.900	
979	5.38	48.950	
980	5.38	49.000	
981	5.38	49.050	
982	5.38	49.100	
983	5.38	49.150	
984	5.38	49.200	
985	5.36	49.251	
986	5.38	49.300	
987	5.38	49.350	
988	5.36	49.400	
989	5.36	49.450	
990	5.36	49.501	
991	5.36	49.551	
992	5.36	49.601	
993	5.36	49.650	
994	5.36	49.700	
995	5.36	49.750	
996	5.36	49.800	
997	5.36	49.850	
998	5.36	49.900	
999	5.36	49.950	
1000	5.36	50.001	
1001	5.36	50.050	
1002	5.36	50.108	
1003	5.36	50.150	
1004	5.36	50.200	
1005	5.36	50.250	
1006	5.36	50.300	
1007	5.36	50.350	
1008	5.36	50.400	
1009	5.36	50.450	
1010	5.36	50.500	
1011	5.36	50.550	
1012	5.36	50.600	
1013	5.34	50.650	
1014	5.34	50.700	
1015	5.36	50.750	
1016	5.34	50.800	
1017	5.34	50.850	
1018	5.36	50.900	
1019	4.44	50.950	
1020	3.20	51.000	
1021	2.12	51.050	
1022	1.24	51.100	
1023	0.62	51.150	
1024	0.40	51.200	
1025	0.36	51.250	
1026	0.34	51.300	
1027	0.32	51.350	
1028	0.28	51.400	
1029	0.26	51.450	
1030	0.22	51.500	
1031	0.18	51.550	
1032	0.16	51.600	
1033	0.18	51.650	
1034	0.18	51.700	
1035	0.18	51.750	
1036	0.16	51.800	
1037	0.16	51.850	
1038	0.16	51.900	
1039	0.16	51.950	
1040	0.16	52.000	
1041	0.16	52.050	
1042	0.16	52.100	
1043	0.16	52.150	
1044	0.16	52.200	
1045	0.16	52.250	
1046	0.16	52.300	
1047	0.16	52.350	
1048	0.16	52.400	
1049	0.16	52.450	
1050	0.16	52.500	
1051	0.16	52.550	
1052	0.16	52.601	
1053	0.16	52.650	
1054	0.16	52.701	
1055	0.16	52.750	
1056	0.16	52.800	
1057	0.16	52.850	
1058	0.16	52.900	
1059	0.16	52.950	
1060	0.16	53.000	
1061	0.16	53.050	
1062	0.16	53.100	
1063	0.14	53.150	
1064	0.14	53.200	
1065	0.16	53.250	
1066	0.16	53.300	
1067	0.14	53.350	
1068	0.14	53.400	
1069	0.14	53.450	
1070	0.14	53.500	
1071	0.14	53.550	
1072	0.14	53.600	
1073	0.14	53.650	
1074	0.14	53.700	
1075	0.14	53.750	
1076	0.14	53.800	
1077	0.14	53.851	
1078	0.14	53.900	
1079	0.14	53.950	
1080	0.14	54.000	
1081	0.14	54.050	
1082	0.14	54.100	
1083	0.14	54.150	
1084	0.14	54.200	
1085	0.14	54.250	
1086	0.14	54.300	
1087	0.14	54.350	
1088	0.14	54.400	
1089	0.14	54.450	
1090	0.14	54.500	
1091	0.14	54.550	
1092	0.14	54.600	
1093	0.14	54.650	
1094	0.14	54.700	
1095	0.14	54.750	
1096	0.14	54.800	
1097	0.14	54.851	
1098	0.14	54.900	
1099	0.14	54.950	
1100	0.14	55.000	
1101	0.14	55.050	
1102	0.14	55.100	
1103	0.14	55.159	
1104	0.14	55.200	
1105	0.14	55.250	
1106	0.14	55.300	
1107	0.14	55.350	
1108	0.14	55.400	
1109	0.14	55.450	
1110	0.14	55.500	
1111	0.14	55.550	
1112	0.14	55.601	
1113	0.14	55.650	
1114	0.14	55.700	
1115	0.14	55.750	
1116	0.14	55.800	
1117	0.14	55.850	
1118	0.14	55.900	
1119	0.14	55.950	
1120	0.14	56.000	
1121	0.14	56.050	
1122	0.14	56.100	
1123	0.14	56.150	
1124	0.14	56.200	
1125	0.14	56.251	
1126	0.14	56.300	
1127	0.14	56.350	
1128	0.14	56.400	
1129	0.14	56.450	
1130	0.14	56.500	
1131	0.14	56.550	
1132	0.14	56.600	
1133	0.12	56.650	
1134	0.24	56.700	
1135	0.76	56.750	
1136	1.50	56.800	
1137	2.40	56.850	
1138	3.24	56.900	
1139	3.98	56.950	
1140	4.70	57.000	
1141	5.26	57.051	
1142	5.50	57.100	
1143	5.50	57.150	
1144	5.46	57.200	
1145	5.44	57.250	
1146	5.44	57.301	
1147	5.42	57.350	
1148	5.42	57.400	
1149	5.40	57.450	
1150	5.40	57.500	
1151	5.40	57.550	
1152	5.40	57.600	
1153	5.38	57.650	
1154	5.38	57.700	
1155	5.38	57.750	
1156	5.38	57.800	
1157	5.38	57.850	
1158	5.36	57.900	
1159	5.36	57.950	
1160	5.36	58.000	
1161	5.36	58.051	
1162	5.36	58.100	
1163	5.36	58.150	
1164	5.36	58.200	
1165	5.36	58.250	
1166	5.36	58.300	
1167	5.36	58.350	
1168	5.36	58.400	
1169	5.34	58.450	
1170	5.34	58.500	
1171	5.34	58.550	
1172	5.34	58.601	
1173	5.34	58.650	
1174	5.34	58.700	
1175	5.34	58.750	
1176	5.34	58.800	
1177	5.34	58.850	
1178	5.34	58.900	
1179	5.34	58.950	
1180	5.34	59.000	
1181	5.34	59.050	
1182	5.32	59.100	
1183	5.32	59.150	
1184	5.32	59.200	
1185	5.32	59.250	
1186	5.32	59.300	
1187	5.32	59.350	
1188	5.32	59.401	
1189	5.32	59.450	
1190	5.32	59.500	
1191	5.32	59.550	
1192	5.32	59.600	
1193	5.32	59.650	
1194	5.32	59.700	
1195	5.32	59.750	
1196	5.32	59.800	
1197	5.32	59.850	
1198	5.32	59.900	
1199	5.32	59.950	
1200	5.32	60.000	
1201	5.32	60.050	
1202	5.32	60.100	
1203	5.32	60.160	
1204	5.32	60.200	
1205	5.32	60.250	
1206	5.32	60.301	
1207	5.32	60.350	
1208	4.56	60.400	
1209	3.30	60.450	
1210	2.22	60.500	
1211	1.32	60.550	
1212	0.68	60.601	
1213	0.40	60.650	
1214	0.36	60.700	
1215	0.34	60.750	
1216	0.32	60.800	
1217	0.30	60.850	
1218	0.26	60.900	
1219	0.22	60.950	
1220	0.18	61.000	
1221	0.18	61.050	
1222	0.18	61.100	
1223	0.18	61.150	
1224	0.18	61.200	
1225	0.18	61.250	
1226	0.18	61.300	
1227	0.18	61.350	
1228	0.18	61.400	
1229	0.18	61.450	
1230	0.18	61.500	
1231	0.16	61.550	
1232	0.16	61.601	
1233	0.16	61.650	
1234	0.16	61.701	
1235	0.16	61.750	
1236	0.16	61.800	
1237	0.18	61.851	
1238	0.16	61.900	
1239	0.16	61.950	
1240	0.16	62.001	
1241	0.16	62.050	
1242	0.16	62.100	
1243	0.16	62.150	
1244	0.16	62.200	
1245	0.16	62.250	
1246	0.16	62.301	
1247	0.16	62.351	
1248	0.16	62.400	
1249	0.16	62.450	
1250	0.16	62.500	
1251	0.16	62.550	
1252	0.16	62.600	
1253	0.16	62.650	
1254	0.16	62.700	
1255	0.16	62.750	
1256	0.16	62.800	
1257	0.16	62.850	
1258	0.16	62.901	
1259	0.16	62.950	
1260	0.16	63.000	
1261	0.16	63.050	
1262	0.16	63.100	
1263	0.16	63.150	
1264	0.16	63.200	
1265	0.16	63.250	
1266	0.16	63.300	
1267	0.16	63.350	
1268	0.16	63.400	
1269	0.16	63.450	
1270	0.16	63.500	
1271	0.14	63.550	
1272	0.16	63.601	
1273	0.16	63.651	
1274	0.16	63.700	
1275	0.14	63.750	
1276	0.16	63.800	
1277	0.16	63.850	
1278	0.16	63.900	
1279	0.16	63.950	
1280	0.16	64.000	
1281	0.16	64.050	
1282	0.16	64.100	
1283	0.14	64.150	
1284	0.14	64.200	
1285	0.14	64.250	
1286	0.14	64.300	
1287	0.16	64.350	
1288	0.16	64.400	
1289	0.16	64.450	
1290	0.14	64.500	
1291	0.14	64.550	
1292	0.16	64.600	
1293	0.14	64.651	
1294	0.16	64.700	
1295	0.14	64.750	
1296	0.14	64.800	
1297	0.16	64.851	
1298	0.16	64.900	
1299	0.16	64.950	
1300	0.14	65.000	
1301	0.14	65.050	
1302	0.14	65.100	
1303	0.16	65.162	
1304	0.16	65.200	
1305	0.14	65.251	
1306	0.14	65.301	
1307	0.14	65.350	
1308	0.14	65.400	
1309	0.14	65.450	
1310	0.14	65.500	
1311	0.58	65.550	
1312	1.30	65.600	
1313	2.18	65.650	
1314	3.06	65.700	
1315	3.80	65.750	
1316	4.56	65.800	
1317	5.14	65.850	
1318	5.44	65.900	
1319	5.44	65.950	
1320	5.42	66.000	
1321	5.40	66.050	
1322	5.40	66.100	
1323	5.38	66.150	
1324	5.36	66.200	
1325	5.36	66.250	
1326	5.36	66.300	
1327	5.36	66.350	
1328	5.34	66.400	
1329	5.34	66.450	
1330	5.34	66.500	
1331	5.34	66.550	
1332	5.34	66.600	
1333	5.32	66.650	
1334	5.32	66.700	
1335	5.32	66.750	
1336	5.32	66.800	
1337	5.32	66.850	
1338	5.32	66.900	
1339	5.30	66.950	
1340	5.30	67.000	
1341	5.30	67.051	
1342	5.30	67.100	
1343	5.30	67.150	
1344	5.30	67.200	
1345	5.30	67.250	
1346	5.30	67.301	
1347	5.30	67.350	
1348	5.30	67.400	
1349	5.30	67.450	
1350	5.30	67.500	
1351	5.30	67.552	
1352	5.30	67.600	
1353	5.30	67.650	
1354	5.30	67.700	
1355	5.28	67.750	
1356	5.28	67.800	
1357	5.28	67.850	
1358	5.28	67.900	
1359	5.28	67.950	
1360	5.28	68.000	
1361	5.28	68.050	
1362	5.28	68.100	
1363	5.28	68.150	
1364	5.28	68.200	
1365	5.28	68.250	
1366	5.28	68.300	
1367	5.28	68.350	
1368	5.28	68.400	
1369	5.28	68.450	
1370	5.28	68.500	
1371	5.28	68.550	
1372	5.28	68.600	
1373	5.28	68.650	
1374	5.28	68.700	
1375	5.26	68.750	
1376	5.26	68.800	
1377	5.28	68.850	
1378	5.26	68.900	
1379	5.26	68.950	
1380	4.50	69.000	
1381	3.28	69.050	
1382	2.18	69.100	
1383	1.28	69.151	
1384	0.62	69.200	
1385	0.40	69.250	
1386	0.38	69.300	
1387	0.34	69.350	
1388	0.34	69.400	
1389	0.28	69.450	
1390	0.26	69.500	
1391	0.24	69.550	
1392	0.18	69.600	
1393	0.18	69.650	
1394	0.18	69.700	
1395	0.18	69.750	
1396	0.18	69.800	
1397	0.18	69.850	
1398	0.18	69.900	
1399	0.18	69.950	
1400	0.18	70.000	
1401	0.18	70.050	
1402	0.18	70.100	
1403	0.18	70.162	
1404	0.18	70.200	
1405	0.18	70.251	
1406	0.18	70.300	
1407	0.18	70.350	
1408	0.18	70.400	
1409	0.18	70.450	
1410	0.18	70.500	
1411	0.18	70.550	
1412	0.18	70.600	
1413	0.18	70.650	
1414	0.16	70.700	
1415	0.16	70.750	
1416	0.16	70.800	
1417	0.18	70.850	
1418	0.16	70.900	
1419	0.16	70.950	
1420	0.16	71.000	
1421	0.16	71.050	
1422	0.16	71.100	
1423	0.16	71.150	
1424	0.16	71.200	
1425	0.16	71.250	
1426	0.16	71.300	
1427	0.16	71.350	
1428	0.16	71.400	
1429	0.16	71.450	
1430	0.16	71.500	
1431	0.16	71.550	
1432	0.16	71.600	
1433	0.16	71.650	
1434	0.16	71.700	
1435	0.16	71.750	
1436	0.16	71.800	
1437	0.16	71.850	
1438	0.16	71.900	
1439	0.16	71.950	
1440	0.16	72.000	
1441	0.16	72.050	
1442	0.16	72.100	
1443	0.16	72.150	
1444	0.16	72.200	
1445	0.16	72.250	
1446	0.16	72.300	
1447	0.16	72.350	
1448	0.16	72.400	
1449	0.16	72.450	
1450	0.16	72.500	
1451	0.16	72.550	
1452	0.16	72.600	
1453	0.16	72.650	
1454	0.16	72.700	
1455	0.16	72.750	
1456	0.16	72.800	
1457	0.16	72.850	
1458	0.16	72.900	
1459	0.16	72.950	
1460	0.16	73.000	
1461	0.16	73.050	
1462	0.16	73.100	
1463	0.16	73.150	
1464	0.16	73.200	
1465	0.14	73.251	
1466	0.16	73.300	
1467	0.64	73.350	
1468	1.38	73.400	
1469	2.28	73.450	
1470	3.14	73.500	
1471	3.86	73.550	
1472	4.62	73.600	
1473	5.22	73.650	
1474	5.52	73.700	
1475	5.54	73.751	
1476	5.50	73.800	
1477	5.50	73.850	
1478	5.48	73.900	
1479	5.46	73.950	
1480	5.46	74.000	
1481	5.46	74.050	
1482	5.44	74.100	
1483	5.44	74.150	
1484	5.44	74.200	
1485	5.44	74.250	
1486	5.42	74.300	
1487	5.42	74.350	
1488	5.42	74.400	
1489	5.42	74.450	
1490	5.42	74.500	
1491	5.40	74.550	
1492	5.40	74.600	
1493	5.40	74.650	
1494	5.40	74.700	
1495	5.40	74.750	
1496	5.40	74.800	
1497	5.40	74.850	
1498	5.40	74.900	
1499	5.38	74.950	
1500	5.38	75.000	
1501	5.40	75.050	
1502	5.38	75.100	
1503	5.38	75.150	
1504	5.38	75.200	
1505	5.38	75.250	
1506	5.38	75.301	
1507	5.38	75.350	
1508	5.38	75.400	
1509	5.38	75.450	
1510	5.38	75.500	
1511	5.38	75.550	
1512	5.38	75.600	
1513	5.38	75.650	
1514	5.36	75.700	
1515	5.38	75.750	
1516	5.38	75.800	
1517	5.38	75.850	
1518	5.36	75.900	
1519	5.36	75.950	
1520	5.36	76.000	
1521	5.36	76.050	
1522	5.36	76.100	
1523	5.36	76.150	
1524	5.36	76.200	
1525	5.36	76.250	
1526	5.36	76.300	
1527	5.36	76.350	
1528	5.36	76.400	
1529	4.94	76.450	
1530	3.68	76.500	
1531	2.54	76.550	
1532	1.56	76.600	
1533	0.82	76.650	
1534	0.44	76.700	
1535	0.38	76.750	
1536	0.36	76.800	
1537	0.34	76.850	
1538	0.32	76.901	
1539	0.26	76.950	
1540	0.24	77.000	
1541	0.20	77.050	
1542	0.18	77.100	
1543	0.20	77.150	
1544	0.20	77.200	
1545	0.20	77.250	
1546	0.20	77.300	
1547	0.18	77.350	
1548	0.18	77.400	
1549	0.18	77.450	
1550	0.18	77.500	
1551	0.18	77.550	
1552	0.18	77.600	
1553	0.18	77.650	
1554	0.18	77.700	
1555	0.18	77.750	
1556	0.18	77.800	
1557	0.18	77.850	
1558	0.18	77.900	
1559	0.18	77.950	
1560	0.18	78.000	
1561	0.18	78.050	
1562	0.18	78.100	
1563	0.18	78.150	
1564	0.18	78.200	
1565	0.18	78.250	
1566	0.18	78.301	
1567	0.18	78.350	
1568	0.18	78.400	
1569	0.18	78.450	
1570	0.18	78.500	
1571	0.18	78.550	
1572	0.18	78.600	
1573	0.18	78.650	
1574	0.18	78.700	
1575	0.18	78.750	
1576	0.18	78.800	
1577	0.16	78.850	
1578	0.18	78.900	
1579	0.18	78.950	
1580	0.18	79.000	
1581	0.18	79.050	
1582	0.16	79.100	
1583	0.16	79.150	
1584	0.16	79.200	
1585	0.16	79.250	
1586	0.18	79.301	
1587	0.18	79.350	
1588	0.16	79.400	
1589	0.18	79.450	
1590	0.18	79.500	
1591	0.18	79.551	
1592	0.16	79.600	
1593	0.16	79.650	
1594	0.16	79.700	
1595	0.16	79.750	
1596	0.16	79.800	
1597	0.16	79.850	
1598	0.16	79.900	
1599	0.16	79.950	
1600	0.16	80.000	
1601	0.16	80.051	
1602	0.16	80.100	
1603	0.16	80.200	
1604	0.16	80.250	
1605	0.16	80.307	
1606	0.16	80.350	
1607	0.16	80.400	
1608	0.16	80.450	
1609	0.16	80.500	
1610	0.16	80.550	
1611	0.16	80.600	
1612	0.16	80.650	
1613	0.16	80.700	
1614	0.16	80.750	
1615	0.16	80.800	
1616	0.16	80.850	
1617	0.16	80.900	
1618	0.16	80.950	
1619	0.16	81.000	
1620	0.16	81.050	
1621	0.16	81.100	
1622	0.16	81.151	
1623	0.16	81.200	
1624	0.16	81.250	
1625	0.16	81.300	
1626	0.16	81.350	
1627	0.16	81.400	
1628	0.16	81.450	
1629	0.14	81.500	
1630	0.42	81.550	
1631	1.04	81.600	
1632	1.88	81.651	
1633	2.80	81.700	
1634	3.54	81.750	
1635	4.30	81.800	
1636	4.96	81.850	
1637	5.34	81.900	
1638	5.42	81.950	
1639	5.38	82.000	
1640	5.38	82.050	
1641	5.36	82.100	
1642	5.34	82.151	
1643	5.34	82.200	
1644	5.32	82.251	
1645	5.32	82.300	
1646	5.32	82.350	
1647	5.32	82.400	
1648	5.30	82.450	
1649	5.30	82.500	
1650	5.30	82.550	
1651	5.30	82.600	
1652	5.30	82.650	
1653	5.28	82.700	
1654	5.28	82.750	
1655	5.28	82.800	
1656	5.28	82.851	
1657	5.28	82.900	
1658	5.28	82.950	
1659	5.28	83.000	
1660	5.26	83.050	
1661	5.28	83.101	
1662	5.26	83.150	
1663	5.26	83.200	
1664	5.26	83.251	
1665	5.26	83.300	
1666	5.26	83.350	
1667	5.26	83.400	
1668	5.26	83.450	
1669	5.26	83.500	
1670	5.26	83.550	
1671	5.26	83.600	
1672	5.26	83.650	
1673	5.24	83.701	
1674	5.24	83.750	
1675	5.26	83.800	
1676	5.24	83.850	
1677	5.24	83.900	
1678	5.24	83.950	
1679	5.24	84.000	
1680	5.24	84.050	
1681	5.24	84.100	
1682	5.24	84.150	
1683	5.24	84.200	
1684	5.24	84.250	
1685	5.24	84.300	
1686	5.24	84.350	
1687	5.24	84.400	
1688	5.24	84.450	
1689	5.24	84.500	
1690	5.24	84.550	
1691	5.24	84.600	
1692	5.24	84.650	
1693	5.22	84.701	
1694	5.24	84.750	
1695	5.22	84.800	
1696	5.22	84.850	
1697	5.22	84.900	
1698	5.24	84.950	
1699	5.22	85.000	
1700	5.22	85.050	
1701	5.22	85.101	
1702	5.22	85.150	
1703	5.22	85.200	
1704	5.22	85.250	
1705	5.22	85.300	
1706	5.22	85.350	
1707	5.22	85.400	
1708	5.22	85.450	
1709	5.22	85.500	
1710	5.22	85.550	
1711	5.22	85.600	
1712	5.22	85.650	
1713	5.14	85.700	
1714	4.02	85.750	
1715	2.82	85.800	
1716	1.78	85.850	
1717	1.00	85.900	
1718	0.50	85.950	
1719	0.38	86.000	
1720	0.38	86.051	
1721	0.36	86.100	
1722	0.34	86.150	
1723	0.30	86.200	
1724	0.26	86.250	
1725	0.24	86.300	
1726	0.20	86.350	
1727	0.20	86.400	
1728	0.20	86.450	
1729	0.20	86.500	
1730	0.20	86.550	
1731	0.20	86.600	
1732	0.20	86.650	
1733	0.20	86.700	
1734	0.20	86.750	
1735	0.20	86.801	
1736	0.20	86.850	
1737	0.20	86.900	
1738	0.20	86.950	
1739	0.18	87.000	
1740	0.18	87.051	
1741	0.18	87.100	
1742	0.18	87.150	
1743	0.20	87.200	
1744	0.18	87.250	
1745	0.20	87.300	
1746	0.18	87.351	
1747	0.18	87.400	
1748	0.18	87.450	
1749	0.18	87.500	
1750	0.18	87.550	
1751	0.18	87.601	
1752	0.18	87.650	
1753	0.18	87.700	
1754	0.18	87.750	
1755	0.18	87.800	
1756	0.18	87.851	
1757	0.18	87.900	
1758	0.18	87.950	
1759	0.18	88.000	
1760	0.18	88.050	
1761	0.18	88.101	
1762	0.18	88.150	
1763	0.18	88.200	
1764	0.18	88.250	
1765	0.18	88.300	
1766	0.18	88.350	
1767	0.18	88.400	
1768	0.18	88.450	
1769	0.18	88.500	
1770	0.18	88.551	
1771	0.18	88.600	
1772	0.18	88.650	
1773	0.18	88.700	
1774	0.18	88.750	
1775	0.18	88.800	
1776	0.18	88.850	
