7/23/2024  1:00 PM
Units: N
Readings: Continuous
X-Axis: Time

Reading	Load	Time	
1	0.00	0.000	
2	0.00	0.100	
3	0.00	0.150	
4	0.00	0.201	
5	0.00	0.250	
6	0.00	0.301	
7	0.00	0.350	
8	0.00	0.400	
9	0.00	0.450	
10	0.00	0.501	
11	0.00	0.551	
12	0.00	0.600	
13	0.00	0.650	
14	0.00	0.700	
15	0.00	0.750	
16	0.00	0.800	
17	0.00	0.850	
18	0.00	0.900	
19	0.00	0.950	
20	0.00	1.000	
21	-0.02	1.050	
22	0.00	1.100	
23	-0.02	1.150	
24	0.00	1.201	
25	0.00	1.250	
26	0.00	1.300	
27	0.00	1.351	
28	0.00	1.400	
29	-0.02	1.450	
30	0.00	1.500	
31	0.00	1.550	
32	0.00	1.600	
33	-0.02	1.650	
34	0.00	1.700	
35	0.00	1.750	
36	0.00	1.800	
37	0.00	1.850	
38	0.00	1.900	
39	0.00	1.950	
40	0.00	2.000	
41	0.00	2.050	
42	0.00	2.100	
43	0.00	2.150	
44	0.00	2.200	
45	0.00	2.250	
46	-0.02	2.300	
47	0.00	2.350	
48	0.00	2.400	
49	0.00	2.450	
50	0.00	2.500	
51	0.00	2.550	
52	0.00	2.600	
53	0.00	2.650	
54	0.00	2.700	
55	-0.02	2.750	
56	0.00	2.800	
57	-0.02	2.850	
58	0.00	2.900	
59	0.00	2.950	
60	0.00	3.000	
61	-0.02	3.050	
62	0.00	3.100	
63	0.00	3.150	
64	0.00	3.200	
65	0.00	3.250	
66	0.00	3.300	
67	0.00	3.350	
68	0.00	3.400	
69	0.00	3.450	
70	0.00	3.500	
71	0.00	3.550	
72	0.00	3.600	
73	0.00	3.650	
74	-0.02	3.700	
75	-0.02	3.750	
76	0.00	3.800	
77	0.00	3.850	
78	-0.02	3.900	
79	0.00	3.950	
80	0.00	4.000	
81	0.00	4.050	
82	0.00	4.100	
83	0.00	4.150	
84	0.00	4.200	
85	-0.02	4.250	
86	0.00	4.300	
87	0.26	4.350	
88	0.70	4.400	
89	1.18	4.450	
90	1.84	4.501	
91	2.58	4.550	
92	3.20	4.600	
93	4.00	4.650	
94	4.70	4.700	
95	5.18	4.750	
96	5.30	4.800	
97	5.30	4.850	
98	5.28	4.900	
99	5.26	4.950	
100	5.24	5.000	
101	5.24	5.050	
102	5.22	5.100	
103	5.22	5.150	
104	5.22	5.200	
105	5.22	5.250	
106	5.20	5.300	
107	5.20	5.350	
108	5.20	5.400	
109	5.20	5.450	
110	5.20	5.500	
111	5.18	5.550	
112	5.18	5.600	
113	5.18	5.651	
114	5.18	5.700	
115	5.18	5.750	
116	5.18	5.801	
117	5.18	5.850	
118	5.18	5.901	
119	5.16	5.950	
120	5.16	6.000	
121	5.16	6.050	
122	5.16	6.100	
123	5.16	6.150	
124	5.16	6.201	
125	5.16	6.250	
126	5.16	6.300	
127	5.16	6.351	
128	5.16	6.400	
129	5.16	6.450	
130	5.16	6.501	
131	5.16	6.550	
132	5.16	6.601	
133	5.14	6.650	
134	5.14	6.701	
135	5.14	6.751	
136	5.14	6.800	
137	5.14	6.851	
138	5.14	6.900	
139	5.14	6.950	
140	5.14	7.000	
141	5.14	7.050	
142	5.14	7.100	
143	5.14	7.150	
144	5.14	7.200	
145	5.14	7.250	
146	5.14	7.300	
147	5.14	7.350	
148	5.14	7.401	
149	5.14	7.450	
150	5.14	7.500	
151	5.14	7.550	
152	5.14	7.601	
153	5.14	7.650	
154	5.12	7.700	
155	5.10	7.750	
156	4.08	7.800	
157	2.82	7.850	
158	1.80	7.900	
159	1.06	7.950	
160	0.60	8.000	
161	0.32	8.050	
162	0.30	8.100	
163	0.28	8.150	
164	0.26	8.200	
165	0.22	8.250	
166	0.20	8.300	
167	0.16	8.351	
168	0.06	8.400	
169	0.02	8.451	
170	0.02	8.500	
171	0.04	8.550	
172	0.02	8.600	
173	0.02	8.650	
174	0.02	8.701	
175	0.04	8.751	
176	0.02	8.800	
177	0.02	8.850	
178	0.02	8.900	
179	0.02	8.951	
180	0.02	9.000	
181	0.02	9.050	
182	0.02	9.100	
183	0.02	9.150	
184	0.02	9.200	
185	0.02	9.250	
186	0.02	9.301	
187	0.02	9.351	
188	0.02	9.400	
189	0.02	9.451	
190	0.02	9.500	
191	0.02	9.550	
192	0.02	9.601	
193	0.02	9.650	
194	0.02	9.700	
195	0.02	9.750	
196	0.02	9.800	
197	0.02	9.850	
198	0.02	9.900	
199	0.02	9.950	
200	0.02	10.000	
201	0.02	10.050	
202	0.02	10.100	
203	0.02	10.150	
204	0.02	10.200	
205	0.02	10.250	
206	0.02	10.300	
207	0.02	10.351	
208	0.02	10.400	
209	0.02	10.450	
210	0.02	10.500	
211	0.02	10.550	
212	0.02	10.601	
213	0.02	10.650	
214	0.02	10.700	
215	0.02	10.750	
216	0.02	10.800	
217	0.02	10.851	
218	0.02	10.901	
219	0.02	10.950	
220	0.02	11.000	
221	0.02	11.050	
222	0.02	11.100	
223	0.02	11.151	
224	0.02	11.200	
225	0.02	11.251	
226	0.00	11.300	
227	0.02	11.351	
228	0.02	11.401	
229	0.02	11.450	
230	0.02	11.501	
231	0.02	11.550	
232	0.02	11.600	
233	0.02	11.650	
234	0.02	11.700	
235	0.02	11.751	
236	0.02	11.800	
237	0.02	11.850	
238	0.02	11.900	
239	0.02	11.950	
240	0.02	12.000	
241	0.00	12.050	
242	0.00	12.100	
243	0.02	12.150	
244	0.02	12.200	
245	0.00	12.250	
246	0.00	12.300	
247	0.00	12.350	
248	0.02	12.401	
249	0.00	12.450	
250	0.00	12.500	
251	0.00	12.550	
252	0.00	12.601	
253	0.00	12.650	
254	0.00	12.700	
255	0.02	12.750	
256	0.00	12.800	
257	0.02	12.850	
258	0.02	12.900	
259	0.00	12.951	
260	0.00	13.000	
261	0.00	13.050	
262	0.00	13.100	
263	0.02	13.150	
264	0.02	13.200	
265	0.00	13.251	
266	0.00	13.301	
267	0.00	13.350	
268	0.02	13.402	
269	0.00	13.450	
270	0.00	13.500	
271	0.00	13.550	
272	0.00	13.601	
273	0.00	13.651	
274	0.00	13.701	
275	0.00	13.750	
276	0.00	13.800	
277	0.00	13.850	
278	0.00	13.900	
279	0.00	13.951	
280	0.00	14.000	
281	0.00	14.050	
282	0.00	14.101	
283	0.04	14.150	
284	0.34	14.200	
285	0.80	14.250	
286	1.34	14.300	
287	2.06	14.350	
288	2.66	14.400	
289	3.36	14.451	
290	4.08	14.500	
291	4.66	14.550	
292	4.98	14.600	
293	5.02	14.650	
294	5.00	14.701	
295	4.98	14.751	
296	4.96	14.800	
297	4.96	14.850	
298	4.96	14.901	
299	4.94	14.950	
300	4.94	15.000	
301	4.94	15.050	
302	4.92	15.100	
303	4.92	15.150	
304	4.92	15.201	
305	4.92	15.250	
306	4.92	15.300	
307	4.90	15.350	
308	4.90	15.400	
309	4.90	15.451	
310	4.90	15.500	
311	4.90	15.550	
312	4.90	15.601	
313	4.90	15.650	
314	4.88	15.701	
315	4.90	15.750	
316	4.88	15.801	
317	4.88	15.850	
318	4.88	15.900	
319	4.88	15.951	
320	4.88	16.000	
321	4.88	16.050	
322	4.88	16.101	
323	4.88	16.150	
324	4.88	16.200	
325	4.88	16.250	
326	4.88	16.300	
327	4.88	16.350	
328	4.88	16.400	
329	4.88	16.450	
330	4.88	16.500	
331	4.88	16.550	
332	4.88	16.600	
333	4.86	16.650	
334	4.86	16.700	
335	4.88	16.750	
336	4.86	16.800	
337	4.86	16.850	
338	4.86	16.900	
339	4.86	16.950	
340	4.86	17.000	
341	4.86	17.051	
342	4.86	17.100	
343	4.86	17.150	
344	4.86	17.200	
345	4.86	17.250	
346	4.86	17.300	
347	4.86	17.350	
348	4.86	17.400	
349	4.86	17.450	
350	4.86	17.500	
351	4.86	17.550	
352	4.86	17.600	
353	4.86	17.650	
354	4.86	17.700	
355	4.86	17.750	
356	4.86	17.800	
357	4.86	17.850	
358	4.86	17.900	
359	4.84	17.950	
360	4.86	18.000	
361	4.84	18.050	
362	4.86	18.100	
363	4.84	18.150	
364	4.84	18.200	
365	4.84	18.250	
366	4.84	18.300	
367	4.84	18.350	
368	4.82	18.400	
369	3.80	18.450	
370	2.62	18.500	
371	1.64	18.551	
372	0.96	18.600	
373	0.54	18.650	
374	0.30	18.700	
375	0.28	18.750	
376	0.26	18.800	
377	0.26	18.850	
378	0.22	18.900	
379	0.20	18.950	
380	0.16	19.000	
381	0.08	19.050	
382	0.04	19.100	
383	0.04	19.150	
384	0.04	19.200	
385	0.04	19.250	
386	0.04	19.300	
387	0.04	19.350	
388	0.04	19.401	
389	0.04	19.450	
390	0.04	19.500	
391	0.04	19.550	
392	0.04	19.600	
393	0.04	19.650	
394	0.04	19.700	
395	0.04	19.750	
396	0.04	19.800	
397	0.04	19.850	
398	0.02	19.900	
399	0.04	19.950	
400	0.04	20.000	
401	0.02	20.050	
402	0.02	20.100	
403	0.04	20.150	
404	0.02	20.200	
405	0.02	20.250	
406	0.02	20.300	
407	0.02	20.350	
408	0.02	20.400	
409	0.02	20.450	
410	0.02	20.500	
411	0.02	20.550	
412	0.02	20.600	
413	0.02	20.650	
414	0.02	20.701	
415	0.02	20.750	
416	0.02	20.800	
417	0.02	20.850	
418	0.02	20.900	
419	0.02	20.950	
420	0.02	21.000	
421	0.02	21.050	
422	0.02	21.100	
423	0.02	21.150	
424	0.02	21.200	
425	0.02	21.251	
426	0.02	21.300	
427	0.02	21.350	
428	0.02	21.400	
429	0.02	21.450	
430	0.02	21.500	
431	0.02	21.550	
432	0.02	21.600	
433	0.02	21.650	
434	0.02	21.700	
435	0.02	21.751	
436	0.02	21.800	
437	0.02	21.850	
438	0.02	21.900	
439	0.02	21.950	
440	0.02	22.000	
441	0.02	22.050	
442	0.02	22.100	
443	0.02	22.150	
444	0.02	22.200	
445	0.02	22.250	
446	0.02	22.300	
447	0.02	22.350	
448	0.02	22.400	
449	0.02	22.450	
450	0.02	22.500	
451	0.02	22.550	
452	0.02	22.600	
453	0.02	22.650	
454	0.02	22.700	
455	0.04	22.750	
456	0.06	22.800	
457	0.40	22.850	
458	0.94	22.900	
459	1.52	22.950	
460	2.26	23.000	
461	2.78	23.050	
462	3.52	23.100	
463	4.16	23.150	
464	4.64	23.200	
465	4.78	23.250	
466	4.76	23.300	
467	4.74	23.350	
468	4.72	23.400	
469	4.72	23.450	
470	4.70	23.500	
471	4.70	23.550	
472	4.70	23.601	
473	4.70	23.651	
474	4.68	23.700	
475	4.68	23.750	
476	4.68	23.800	
477	4.68	23.850	
478	4.68	23.900	
479	4.68	23.951	
480	4.68	24.000	
481	4.68	24.050	
482	4.66	24.100	
483	4.66	24.150	
484	4.66	24.200	
485	4.66	24.250	
486	4.66	24.300	
487	4.66	24.350	
488	4.66	24.400	
489	4.66	24.450	
490	4.66	24.500	
491	4.66	24.550	
492	4.66	24.600	
493	4.64	24.650	
494	4.64	24.700	
495	4.64	24.750	
496	4.64	24.800	
497	4.64	24.850	
498	4.64	24.900	
499	4.64	24.950	
500	4.64	25.000	
501	4.64	25.050	
502	4.64	25.100	
503	4.64	25.150	
504	4.64	25.200	
505	4.64	25.250	
506	4.64	25.300	
507	4.64	25.350	
508	4.62	25.400	
509	4.64	25.450	
510	4.62	25.501	
511	4.62	25.550	
512	4.62	25.600	
513	4.64	25.650	
514	4.62	25.700	
515	4.62	25.751	
516	4.62	25.800	
517	4.62	25.850	
518	4.62	25.900	
519	4.62	25.950	
520	4.62	26.000	
521	4.62	26.050	
522	4.62	26.101	
523	4.62	26.150	
524	4.62	26.200	
525	4.62	26.251	
526	4.62	26.300	
527	4.62	26.350	
528	4.62	26.400	
529	4.58	26.450	
530	3.58	26.500	
531	2.40	26.550	
532	1.46	26.600	
533	0.84	26.650	
534	0.46	26.700	
535	0.26	26.750	
536	0.26	26.800	
537	0.24	26.850	
538	0.24	26.900	
539	0.20	26.951	
540	0.18	27.000	
541	0.12	27.051	
542	0.06	27.100	
543	0.04	27.150	
544	0.04	27.200	
545	0.04	27.250	
546	0.04	27.300	
547	0.04	27.351	
548	0.04	27.400	
549	0.04	27.451	
550	0.04	27.500	
551	0.04	27.550	
552	0.04	27.600	
553	0.04	27.650	
554	0.04	27.700	
555	0.04	27.750	
556	0.04	27.800	
557	0.04	27.850	
558	0.04	27.900	
559	0.04	27.950	
560	0.04	28.000	
561	0.04	28.050	
562	0.02	28.100	
563	0.04	28.150	
564	0.04	28.201	
565	0.04	28.250	
566	0.04	28.300	
567	0.02	28.350	
568	0.02	28.400	
569	0.02	28.451	
570	0.02	28.500	
571	0.02	28.550	
572	0.04	28.601	
573	0.02	28.650	
574	0.02	28.700	
575	0.04	28.750	
576	0.02	28.800	
577	0.04	28.850	
578	0.02	28.900	
579	0.02	28.950	
580	0.02	29.000	
581	0.02	29.050	
582	0.02	29.100	
583	0.02	29.150	
584	0.02	29.201	
585	0.02	29.250	
586	0.02	29.300	
587	0.02	29.350	
588	0.02	29.400	
589	0.02	29.450	
590	0.02	29.500	
591	0.02	29.550	
592	0.02	29.600	
593	0.02	29.650	
594	0.02	29.700	
595	0.02	29.750	
596	0.02	29.800	
597	0.02	29.851	
598	0.02	29.900	
599	0.02	29.950	
600	0.02	30.000	
601	0.02	30.050	
602	0.02	30.100	
603	0.02	30.150	
604	0.02	30.200	
605	0.02	30.250	
606	0.02	30.300	
607	0.02	30.350	
608	0.02	30.400	
609	0.02	30.450	
610	0.02	30.500	
611	0.02	30.550	
612	0.02	30.600	
613	0.02	30.650	
614	0.02	30.700	
615	0.02	30.750	
616	0.02	30.800	
617	0.04	30.850	
618	0.16	30.900	
619	0.60	30.950	
620	1.10	31.000	
621	1.78	31.050	
622	2.42	31.100	
623	3.04	31.150	
624	3.76	31.200	
625	4.40	31.250	
626	4.80	31.300	
627	4.88	31.350	
628	4.88	31.400	
629	4.86	31.450	
630	4.84	31.500	
631	4.84	31.550	
632	4.82	31.600	
633	4.82	31.650	
634	4.82	31.700	
635	4.82	31.750	
636	4.80	31.800	
637	4.80	31.850	
638	4.80	31.900	
639	4.80	31.950	
640	4.80	32.000	
641	4.80	32.050	
642	4.78	32.100	
643	4.78	32.150	
644	4.78	32.200	
645	4.78	32.250	
646	4.78	32.300	
647	4.78	32.350	
648	4.78	32.400	
649	4.78	32.450	
650	4.76	32.500	
651	4.78	32.550	
652	4.76	32.600	
653	4.76	32.654	
654	4.76	32.700	
655	4.76	32.750	
656	4.76	32.800	
657	4.76	32.850	
658	4.76	32.900	
659	4.76	32.950	
660	4.76	33.000	
661	4.76	33.050	
662	4.76	33.100	
663	4.76	33.151	
664	4.76	33.200	
665	4.76	33.250	
666	4.74	33.300	
667	4.74	33.350	
668	4.74	33.400	
669	4.74	33.450	
670	4.74	33.500	
671	4.74	33.551	
672	4.74	33.600	
673	4.74	33.650	
674	4.74	33.700	
675	4.74	33.750	
676	4.74	33.800	
677	4.74	33.850	
678	4.74	33.900	
679	4.74	33.950	
680	4.74	34.000	
681	4.74	34.051	
682	4.74	34.100	
683	4.74	34.150	
684	4.74	34.200	
685	4.74	34.250	
686	4.74	34.300	
687	4.74	34.350	
688	4.74	34.400	
689	4.74	34.450	
690	4.74	34.500	
691	4.74	34.550	
692	4.74	34.600	
693	4.74	34.650	
694	4.74	34.700	
695	4.74	34.750	
696	4.74	34.800	
697	4.74	34.850	
698	4.72	34.900	
699	4.74	34.950	
700	3.92	35.000	
701	2.74	35.050	
702	1.72	35.100	
703	0.68	35.150	
704	0.56	35.200	
705	0.28	35.250	
706	0.26	35.300	
707	0.24	35.350	
708	0.24	35.400	
709	0.20	35.450	
710	0.20	35.500	
711	0.14	35.550	
712	0.10	35.600	
713	0.04	35.651	
714	0.04	35.700	
715	0.04	35.750	
716	0.04	35.800	
717	0.04	35.850	
718	0.04	35.900	
719	0.04	35.951	
720	0.04	36.000	
721	0.04	36.050	
722	0.04	36.100	
723	0.04	36.150	
724	0.04	36.200	
725	0.04	36.250	
726	0.04	36.300	
727	0.04	36.350	
728	0.04	36.400	
729	0.04	36.450	
730	0.04	36.500	
731	0.04	36.551	
732	0.04	36.600	
733	0.04	36.651	
734	0.04	36.700	
735	0.04	36.750	
736	0.04	36.801	
737	0.04	36.850	
738	0.04	36.900	
739	0.04	36.951	
740	0.04	37.000	
741	0.04	37.050	
742	0.02	37.100	
743	0.04	37.150	
744	0.04	37.200	
745	0.04	37.250	
746	0.02	37.300	
747	0.04	37.350	
748	0.04	37.400	
749	0.02	37.450	
750	0.02	37.501	
751	0.04	37.550	
752	0.04	37.600	
753	0.02	37.650	
754	0.02	37.700	
755	0.02	37.751	
756	0.02	37.800	
757	0.02	37.850	
758	0.02	37.900	
759	0.04	37.950	
760	0.02	38.001	
761	0.02	38.050	
762	0.02	38.101	
763	0.02	38.150	
764	0.02	38.200	
765	0.02	38.251	
766	0.02	38.301	
767	0.02	38.350	
768	0.02	38.400	
769	0.02	38.450	
770	0.02	38.500	
771	0.02	38.550	
772	0.02	38.601	
773	0.02	38.651	
774	0.02	38.700	
775	0.02	38.750	
776	0.02	38.800	
777	0.02	38.850	
778	0.02	38.900	
779	0.02	38.950	
780	0.02	39.000	
781	0.02	39.050	
782	0.02	39.100	
783	0.02	39.150	
784	0.02	39.200	
785	0.02	39.250	
786	0.02	39.300	
787	0.02	39.350	
788	0.06	39.400	
789	0.20	39.450	
790	0.68	39.500	
791	1.18	39.550	
792	1.90	39.600	
793	2.48	39.650	
794	3.14	39.701	
795	3.84	39.750	
796	4.40	39.800	
797	4.72	39.850	
798	4.74	39.900	
799	4.72	39.950	
800	4.70	40.000	
801	4.70	40.050	
802	4.68	40.100	
803	4.68	40.153	
804	4.68	40.200	
805	4.68	40.250	
806	4.66	40.301	
807	4.66	40.350	
808	4.66	40.400	
809	4.66	40.450	
810	4.64	40.500	
811	4.64	40.550	
812	4.64	40.600	
813	4.64	40.650	
814	4.64	40.700	
815	4.64	40.750	
816	4.64	40.800	
817	4.64	40.850	
818	4.64	40.900	
819	4.62	40.950	
820	4.62	41.000	
821	4.62	41.050	
822	4.62	41.100	
823	4.62	41.150	
824	4.62	41.200	
825	4.62	41.250	
826	4.62	41.300	
827	4.62	41.350	
828	4.62	41.400	
829	4.62	41.450	
830	4.62	41.500	
831	4.62	41.550	
832	4.62	41.600	
833	4.62	41.650	
834	4.62	41.700	
835	4.62	41.750	
836	4.60	41.800	
837	4.60	41.850	
838	4.60	41.900	
839	4.60	41.950	
840	4.60	42.000	
841	4.60	42.050	
842	4.60	42.100	
843	4.60	42.151	
844	4.60	42.200	
845	4.60	42.250	
846	4.60	42.300	
847	4.60	42.350	
848	4.60	42.401	
849	4.60	42.450	
850	4.60	42.501	
851	4.60	42.550	
852	4.60	42.600	
853	4.60	42.651	
854	4.60	42.701	
855	4.60	42.750	
856	4.60	42.800	
857	4.60	42.851	
858	4.60	42.901	
859	4.60	42.950	
860	4.60	43.000	
861	4.60	43.050	
862	4.60	43.100	
863	4.60	43.150	
864	4.60	43.201	
865	4.60	43.250	
866	4.60	43.300	
867	4.60	43.351	
868	4.58	43.401	
869	4.60	43.450	
870	4.58	43.501	
871	4.58	43.550	
872	4.58	43.600	
873	4.58	43.650	
874	4.58	43.700	
875	4.58	43.750	
876	4.58	43.800	
877	4.58	43.850	
878	4.58	43.900	
879	4.58	43.950	
880	4.58	44.000	
881	4.34	44.050	
882	3.16	44.100	
883	2.06	44.150	
884	1.24	44.200	
885	0.68	44.250	
886	0.36	44.300	
887	0.26	44.350	
888	0.26	44.400	
889	0.24	44.450	
890	0.22	44.501	
891	0.20	44.550	
892	0.16	44.600	
893	0.12	44.650	
894	0.06	44.700	
895	0.04	44.750	
896	0.04	44.801	
897	0.04	44.850	
898	0.04	44.901	
899	0.04	44.950	
900	0.04	45.000	
901	0.04	45.050	
902	0.04	45.101	
903	0.04	45.154	
904	0.04	45.200	
905	0.04	45.250	
906	0.04	45.300	
907	0.04	45.350	
908	0.04	45.400	
909	0.04	45.450	
910	0.04	45.500	
911	0.04	45.550	
912	0.04	45.600	
913	0.04	45.651	
914	0.04	45.700	
915	0.04	45.751	
916	0.04	45.800	
917	0.04	45.850	
918	0.04	45.900	
919	0.04	45.950	
920	0.04	46.000	
921	0.04	46.050	
922	0.04	46.100	
923	0.04	46.150	
924	0.04	46.200	
925	0.04	46.251	
926	0.04	46.300	
927	0.04	46.350	
928	0.04	46.400	
929	0.04	46.450	
930	0.04	46.500	
931	0.04	46.550	
932	0.04	46.600	
933	0.02	46.650	
934	0.02	46.700	
935	0.04	46.750	
936	0.04	46.800	
937	0.02	46.850	
938	0.02	46.900	
939	0.04	46.950	
940	0.02	47.000	
941	0.02	47.050	
942	0.02	47.100	
943	0.04	47.150	
944	0.02	47.200	
945	0.02	47.251	
946	0.02	47.300	
947	0.02	47.350	
948	0.02	47.400	
949	0.04	47.450	
950	0.04	47.500	
951	0.02	47.550	
952	0.02	47.600	
953	0.02	47.650	
954	0.04	47.700	
955	0.02	47.750	
956	0.02	47.800	
957	0.02	47.850	
958	0.02	47.900	
959	0.02	47.950	
960	0.02	48.000	
961	0.02	48.050	
962	0.02	48.100	
963	0.02	48.150	
964	0.02	48.200	
965	0.02	48.250	
966	0.02	48.303	
967	0.02	48.350	
968	0.02	48.400	
969	0.02	48.450	
970	0.02	48.500	
971	0.02	48.550	
972	0.02	48.603	
973	0.02	48.650	
974	0.02	48.700	
975	0.02	48.750	
976	0.02	48.800	
977	0.02	48.850	
978	0.02	48.900	
979	0.02	48.950	
980	0.02	49.000	
981	0.02	49.050	
982	0.02	49.100	
983	0.02	49.150	
984	0.02	49.200	
985	0.02	49.250	
986	0.02	49.300	
987	0.02	49.351	
988	0.04	49.401	
989	0.48	49.456	
990	0.66	49.500	
991	1.08	49.550	
992	1.70	49.600	
993	2.38	49.650	
994	2.96	49.700	
995	3.68	49.750	
996	4.32	49.800	
997	4.74	49.850	
998	4.84	49.900	
999	4.84	49.950	
1000	4.82	50.000	
1001	4.80	50.050	
1002	4.80	50.100	
1003	4.78	50.158	
1004	4.78	50.201	
1005	4.78	50.250	
1006	4.76	50.300	
1007	4.76	50.350	
1008	4.76	50.400	
1009	4.76	50.450	
1010	4.76	50.500	
1011	4.74	50.550	
1012	4.74	50.600	
1013	4.74	50.650	
1014	4.74	50.700	
1015	4.74	50.750	
1016	4.74	50.800	
1017	4.74	50.850	
1018	4.74	50.900	
1019	4.72	50.950	
1020	4.72	51.000	
1021	4.72	51.050	
1022	4.72	51.100	
1023	4.72	51.150	
1024	4.72	51.200	
1025	4.72	51.250	
1026	4.72	51.300	
1027	4.72	51.350	
1028	4.72	51.400	
1029	4.72	51.450	
1030	4.72	51.500	
1031	4.72	51.550	
1032	4.72	51.600	
1033	4.70	51.650	
1034	4.70	51.700	
1035	4.70	51.750	
1036	4.70	51.800	
1037	4.70	51.850	
1038	4.70	51.900	
1039	4.70	51.950	
1040	4.70	52.000	
1041	4.70	52.050	
1042	4.70	52.100	
1043	4.70	52.150	
1044	4.70	52.200	
1045	4.70	52.250	
1046	4.70	52.301	
1047	4.70	52.350	
1048	4.70	52.400	
1049	4.70	52.450	
1050	4.70	52.500	
1051	4.70	52.550	
1052	4.70	52.600	
1053	4.70	52.650	
1054	4.70	52.700	
1055	4.70	52.750	
1056	4.70	52.800	
1057	4.70	52.850	
1058	4.68	52.900	
1059	4.70	52.950	
1060	4.68	53.000	
1061	4.70	53.050	
1062	4.68	53.100	
1063	4.70	53.150	
1064	4.68	53.200	
1065	4.68	53.250	
1066	4.68	53.300	
1067	4.68	53.350	
1068	4.68	53.400	
1069	4.44	53.450	
1070	3.24	53.500	
1071	2.14	53.550	
1072	1.28	53.600	
1073	0.74	53.650	
1074	0.38	53.700	
1075	0.26	53.750	
1076	0.26	53.800	
1077	0.24	53.850	
1078	0.26	53.900	
1079	0.20	53.950	
1080	0.18	54.000	
1081	0.14	54.050	
1082	0.06	54.100	
1083	0.04	54.150	
1084	0.04	54.200	
1085	0.04	54.250	
1086	0.04	54.305	
1087	0.04	54.350	
1088	0.04	54.400	
1089	0.04	54.450	
1090	0.04	54.500	
1091	0.04	54.550	
1092	0.04	54.600	
1093	0.04	54.650	
1094	0.04	54.700	
1095	0.04	54.750	
1096	0.04	54.800	
1097	0.04	54.850	
1098	0.04	54.900	
1099	0.04	54.950	
1100	0.04	55.000	
1101	0.04	55.050	
1102	0.04	55.100	
1103	0.04	55.157	
1104	0.04	55.200	
1105	0.04	55.250	
1106	0.04	55.300	
1107	0.04	55.350	
1108	0.04	55.400	
1109	0.04	55.450	
1110	0.04	55.500	
1111	0.04	55.550	
1112	0.04	55.600	
1113	0.04	55.650	
1114	0.04	55.700	
1115	0.04	55.750	
1116	0.04	55.800	
1117	0.04	55.850	
1118	0.04	55.900	
1119	0.04	55.950	
1120	0.04	56.000	
1121	0.04	56.050	
1122	0.04	56.101	
1123	0.04	56.150	
1124	0.02	56.200	
1125	0.04	56.250	
1126	0.02	56.300	
1127	0.02	56.350	
1128	0.04	56.400	
1129	0.02	56.450	
1130	0.02	56.500	
1131	0.04	56.550	
1132	0.02	56.600	
1133	0.04	56.650	
1134	0.02	56.702	
1135	0.02	56.750	
1136	0.02	56.800	
1137	0.02	56.850	
1138	0.02	56.900	
1139	0.02	56.950	
1140	0.02	57.000	
1141	0.02	57.051	
1142	0.02	57.100	
1143	0.02	57.150	
1144	0.04	57.200	
1145	0.02	57.250	
1146	0.02	57.301	
1147	0.02	57.350	
1148	0.02	57.400	
1149	0.02	57.450	
1150	0.02	57.500	
1151	0.02	57.550	
1152	0.02	57.600	
1153	0.02	57.650	
1154	0.02	57.700	
1155	0.02	57.750	
1156	0.02	57.800	
1157	0.02	57.850	
1158	0.02	57.900	
1159	0.02	57.950	
1160	0.02	58.000	
1161	0.02	58.050	
1162	0.02	58.100	
1163	0.02	58.150	
1164	0.02	58.201	
1165	0.02	58.250	
1166	0.02	58.300	
1167	0.02	58.350	
1168	0.02	58.400	
1169	0.02	58.451	
1170	0.02	58.500	
1171	0.04	58.550	
1172	0.08	58.600	
1173	0.40	58.650	
1174	0.94	58.700	
1175	1.50	58.750	
1176	2.20	58.800	
1177	2.76	58.850	
1178	3.46	58.900	
1179	4.12	58.950	
1180	4.60	59.000	
1181	4.78	59.050	
1182	4.78	59.100	
1183	4.76	59.150	
1184	4.74	59.200	
1185	4.74	59.250	
1186	4.72	59.300	
1187	4.72	59.351	
1188	4.72	59.400	
1189	4.70	59.450	
1190	4.70	59.500	
1191	4.70	59.550	
1192	4.70	59.600	
1193	4.70	59.650	
1194	4.68	59.700	
1195	4.68	59.750	
1196	4.68	59.800	
1197	4.68	59.850	
1198	4.68	59.900	
1199	4.68	59.950	
1200	4.68	60.000	
1201	4.68	60.051	
1202	4.68	60.101	
1203	4.66	60.161	
1204	4.66	60.200	
1205	4.66	60.250	
1206	4.66	60.301	
1207	4.66	60.350	
1208	4.66	60.400	
1209	4.66	60.450	
1210	4.66	60.500	
1211	4.66	60.551	
1212	4.66	60.600	
1213	4.66	60.650	
1214	4.66	60.700	
1215	4.64	60.750	
1216	4.66	60.800	
1217	4.66	60.850	
1218	4.66	60.900	
1219	4.64	60.950	
1220	4.64	61.000	
1221	4.64	61.050	
1222	4.64	61.100	
1223	4.64	61.150	
1224	4.64	61.200	
1225	4.64	61.250	
1226	4.64	61.300	
1227	4.64	61.350	
1228	4.64	61.400	
1229	4.64	61.450	
1230	4.64	61.500	
1231	4.64	61.550	
1232	4.64	61.600	
1233	4.64	61.650	
1234	4.64	61.700	
1235	4.64	61.750	
1236	4.64	61.800	
1237	4.64	61.851	
1238	4.64	61.900	
1239	4.64	61.950	
1240	4.64	62.000	
1241	4.62	62.051	
1242	4.64	62.101	
1243	4.64	62.150	
1244	4.64	62.200	
1245	4.62	62.250	
1246	4.64	62.300	
1247	4.56	62.350	
1248	3.52	62.400	
1249	2.38	62.450	
1250	1.44	62.500	
1251	0.82	62.550	
1252	0.44	62.600	
1253	0.26	62.650	
1254	0.24	62.700	
1255	0.24	62.750	
1256	0.24	62.800	
1257	0.20	62.850	
1258	0.18	62.900	
1259	0.14	62.950	
1260	0.06	63.000	
1261	0.04	63.050	
1262	0.04	63.100	
1263	0.06	63.150	
1264	0.04	63.200	
1265	0.04	63.250	
1266	0.04	63.300	
1267	0.04	63.350	
1268	0.04	63.400	
1269	0.04	63.450	
1270	0.04	63.500	
1271	0.04	63.550	
1272	0.04	63.600	
1273	0.04	63.650	
1274	0.04	63.700	
1275	0.04	63.750	
1276	0.04	63.800	
1277	0.04	63.850	
1278	0.04	63.900	
1279	0.04	63.950	
1280	0.04	64.000	
1281	0.04	64.050	
1282	0.04	64.100	
1283	0.04	64.150	
1284	0.04	64.200	
1285	0.04	64.250	
1286	0.04	64.300	
1287	0.04	64.350	
1288	0.04	64.400	
1289	0.04	64.450	
1290	0.04	64.500	
1291	0.04	64.550	
1292	0.04	64.600	
1293	0.04	64.650	
1294	0.04	64.700	
1295	0.04	64.750	
1296	0.04	64.800	
1297	0.04	64.850	
1298	0.04	64.900	
1299	0.04	64.950	
1300	0.04	65.000	
1301	0.04	65.050	
1302	0.04	65.100	
1303	0.04	65.160	
1304	0.04	65.200	
1305	0.04	65.250	
1306	0.04	65.300	
1307	0.04	65.350	
1308	0.04	65.400	
1309	0.04	65.450	
1310	0.02	65.500	
1311	0.02	65.550	
1312	0.04	65.600	
1313	0.04	65.650	
1314	0.04	65.700	
1315	0.02	65.750	
1316	0.04	65.800	
1317	0.04	65.850	
1318	0.04	65.900	
1319	0.04	65.950	
1320	0.02	66.000	
1321	0.04	66.050	
1322	0.04	66.100	
1323	0.04	66.150	
1324	0.04	66.200	
1325	0.02	66.250	
1326	0.04	66.300	
1327	0.02	66.350	
1328	0.02	66.400	
1329	0.04	66.450	
1330	0.02	66.500	
1331	0.02	66.551	
1332	0.02	66.601	
1333	0.04	66.650	
1334	0.04	66.700	
1335	0.06	66.750	
1336	0.12	66.800	
1337	0.48	66.851	
1338	1.02	66.900	
1339	1.66	66.950	
1340	2.32	67.000	
1341	2.92	67.051	
1342	3.62	67.101	
1343	4.22	67.150	
1344	4.60	67.200	
1345	4.64	67.250	
1346	4.62	67.300	
1347	4.60	67.350	
1348	4.60	67.400	
1349	4.58	67.450	
1350	4.58	67.500	
1351	4.58	67.551	
1352	4.58	67.600	
1353	4.56	67.650	
1354	4.56	67.700	
1355	4.56	67.750	
1356	4.56	67.800	
1357	4.54	67.850	
1358	4.54	67.900	
1359	4.54	67.950	
1360	4.54	68.000	
1361	4.54	68.050	
1362	4.54	68.101	
1363	4.54	68.150	
1364	4.54	68.200	
1365	4.54	68.250	
1366	4.54	68.300	
1367	4.54	68.350	
1368	4.52	68.400	
1369	4.52	68.450	
1370	4.52	68.500	
1371	4.52	68.550	
1372	4.52	68.601	
1373	4.52	68.650	
1374	4.52	68.700	
1375	4.52	68.750	
1376	4.52	68.800	
1377	4.52	68.850	
1378	4.52	68.900	
1379	4.52	68.950	
1380	4.52	69.000	
1381	4.52	69.050	
1382	4.52	69.101	
1383	4.52	69.150	
1384	4.52	69.200	
1385	4.50	69.250	
1386	4.50	69.301	
1387	4.50	69.351	
1388	4.52	69.400	
1389	4.50	69.450	
1390	4.50	69.500	
1391	4.50	69.550	
1392	4.50	69.600	
1393	4.50	69.650	
1394	4.50	69.700	
1395	4.50	69.750	
1396	4.50	69.800	
1397	4.50	69.850	
1398	4.50	69.900	
1399	4.50	69.950	
1400	4.50	70.000	
1401	4.50	70.051	
1402	4.50	70.100	
1403	4.50	70.163	
1404	4.50	70.200	
1405	4.50	70.254	
1406	4.50	70.300	
1407	4.50	70.350	
1408	4.50	70.400	
1409	4.50	70.450	
1410	4.50	70.500	
1411	4.32	70.551	
1412	3.18	70.601	
1413	2.08	70.650	
1414	1.22	70.700	
1415	0.68	70.750	
1416	0.36	70.800	
1417	0.26	70.850	
1418	0.26	70.900	
1419	0.24	70.950	
1420	0.24	71.000	
1421	0.20	71.050	
1422	0.16	71.100	
1423	0.12	71.150	
1424	0.06	71.200	
1425	0.04	71.250	
1426	0.04	71.300	
1427	0.06	71.350	
1428	0.06	71.400	
1429	0.04	71.450	
1430	0.04	71.500	
1431	0.04	71.550	
1432	0.04	71.600	
1433	0.04	71.650	
1434	0.04	71.700	
1435	0.06	71.750	
1436	0.04	71.800	
1437	0.04	71.850	
1438	0.04	71.900	
1439	0.04	71.950	
1440	0.04	72.000	
1441	0.04	72.051	
1442	0.04	72.100	
1443	0.04	72.150	
1444	0.04	72.200	
1445	0.04	72.250	
1446	0.04	72.300	
1447	0.04	72.350	
1448	0.04	72.400	
1449	0.04	72.451	
1450	0.04	72.500	
1451	0.04	72.550	
1452	0.04	72.601	
1453	0.04	72.650	
1454	0.04	72.700	
1455	0.04	72.750	
1456	0.04	72.801	
1457	0.04	72.851	
1458	0.04	72.900	
1459	0.04	72.950	
1460	0.04	73.000	
1461	0.04	73.050	
1462	0.04	73.101	
1463	0.04	73.150	
1464	0.04	73.200	
1465	0.04	73.250	
1466	0.04	73.300	
1467	0.04	73.351	
1468	0.04	73.400	
1469	0.04	73.450	
1470	0.04	73.500	
1471	0.04	73.550	
1472	0.04	73.600	
1473	0.04	73.651	
1474	0.04	73.700	
1475	0.04	73.750	
1476	0.04	73.800	
1477	0.04	73.850	
1478	0.04	73.900	
1479	0.04	73.950	
1480	0.04	74.000	
1481	0.04	74.050	
1482	0.04	74.109	
1483	0.04	74.150	
1484	0.04	74.200	
1485	0.04	74.250	
1486	0.04	74.300	
1487	0.04	74.350	
1488	0.02	74.400	
1489	0.04	74.450	
1490	0.02	74.500	
1491	0.04	74.551	
1492	0.04	74.601	
1493	0.04	74.650	
1494	0.04	74.700	
1495	0.04	74.750	
1496	0.04	74.800	
1497	0.04	74.851	
1498	0.02	74.900	
1499	0.04	74.950	
1500	0.04	75.000	
1501	0.02	75.051	
1502	0.04	75.100	
1503	0.02	75.150	
1504	0.02	75.200	
1505	0.02	75.250	
1506	0.06	75.300	
1507	0.14	75.351	
1508	0.60	75.400	
1509	1.10	75.450	
1510	1.78	75.500	
1511	2.38	75.550	
1512	3.02	75.600	
1513	3.74	75.650	
1514	4.32	75.700	
1515	4.68	75.751	
1516	4.72	75.800	
1517	4.70	75.851	
1518	4.68	75.900	
1519	4.68	75.950	
1520	4.66	76.000	
1521	4.66	76.050	
1522	4.64	76.100	
1523	4.64	76.150	
1524	4.64	76.200	
1525	4.64	76.250	
1526	4.62	76.300	
1527	4.62	76.350	
1528	4.62	76.400	
1529	4.62	76.450	
1530	4.62	76.500	
1531	4.62	76.550	
1532	4.60	76.601	
1533	4.60	76.650	
1534	4.60	76.700	
1535	4.60	76.750	
1536	4.60	76.800	
1537	4.60	76.850	
1538	4.60	76.900	
1539	4.60	76.950	
1540	4.60	77.001	
1541	4.60	77.050	
1542	4.60	77.100	
1543	4.60	77.150	
1544	4.60	77.200	
1545	4.58	77.250	
1546	4.60	77.301	
1547	4.58	77.350	
1548	4.58	77.400	
1549	4.58	77.450	
1550	4.58	77.500	
1551	4.58	77.550	
1552	4.58	77.600	
1553	4.58	77.651	
1554	4.58	77.701	
1555	4.58	77.750	
1556	4.58	77.800	
1557	4.58	77.850	
1558	4.58	77.900	
1559	4.58	77.950	
1560	4.58	78.000	
1561	4.58	78.050	
1562	4.58	78.100	
1563	4.58	78.150	
1564	4.58	78.200	
1565	4.58	78.250	
1566	4.58	78.300	
1567	4.58	78.350	
1568	4.58	78.400	
1569	4.58	78.450	
1570	4.58	78.501	
1571	4.56	78.550	
1572	4.56	78.600	
1573	4.56	78.650	
1574	4.56	78.700	
1575	4.56	78.750	
1576	4.56	78.800	
1577	4.56	78.850	
1578	4.56	78.900	
1579	4.56	78.950	
1580	4.56	79.000	
1581	4.56	79.051	
1582	4.56	79.100	
1583	4.56	79.151	
1584	4.56	79.200	
1585	4.56	79.250	
1586	4.56	79.301	
1587	4.04	79.350	
1588	2.88	79.400	
1589	1.84	79.450	
1590	1.06	79.500	
1591	0.58	79.551	
1592	0.30	79.600	
1593	0.26	79.650	
1594	0.24	79.701	
1595	0.24	79.750	
1596	0.22	79.801	
1597	0.18	79.850	
1598	0.16	79.900	
1599	0.10	79.950	
1600	0.06	80.000	
1601	0.04	80.050	
1602	0.04	80.100	
1603	0.04	80.200	
1604	0.04	80.250	
1605	0.04	80.313	
1606	0.04	80.351	
1607	0.04	80.405	
1608	0.04	80.450	
1609	0.06	80.500	
1610	0.04	80.550	
1611	0.04	80.600	
1612	0.04	80.650	
1613	0.04	80.700	
1614	0.04	80.750	
1615	0.04	80.800	
1616	0.04	80.851	
1617	0.04	80.900	
1618	0.04	80.950	
1619	0.04	81.000	
1620	0.04	81.050	
1621	0.04	81.100	
1622	0.04	81.150	
1623	0.04	81.200	
1624	0.04	81.250	
1625	0.04	81.300	
1626	0.04	81.350	
1627	0.04	81.400	
1628	0.04	81.450	
1629	0.04	81.500	
1630	0.04	81.550	
1631	0.04	81.601	
1632	0.04	81.650	
1633	0.04	81.700	
1634	0.04	81.750	
1635	0.04	81.801	
1636	0.04	81.851	
1637	0.04	81.900	
1638	0.04	81.950	
1639	0.04	82.000	
1640	0.04	82.050	
1641	0.04	82.101	
1642	0.04	82.150	
1643	0.04	82.200	
1644	0.04	82.250	
1645	0.04	82.300	
1646	0.04	82.350	
1647	0.04	82.400	
1648	0.04	82.450	
1649	0.04	82.500	
1650	0.04	82.550	
1651	0.04	82.601	
1652	0.04	82.650	
1653	0.04	82.700	
1654	0.04	82.750	
1655	0.04	82.800	
1656	0.04	82.850	
1657	0.04	82.900	
1658	0.04	82.950	
1659	0.02	83.000	
1660	0.04	83.050	
1661	0.04	83.100	
1662	0.04	83.151	
1663	0.04	83.200	
1664	0.04	83.250	
1665	0.04	83.301	
1666	0.04	83.350	
1667	0.04	83.400	
1668	0.04	83.450	
1669	0.02	83.500	
1670	0.04	83.550	
1671	0.04	83.600	
1672	0.04	83.650	
1673	0.02	83.700	
1674	0.02	83.751	
1675	0.04	83.800	
1676	0.04	83.851	
1677	0.04	83.900	
1678	0.02	83.950	
1679	0.04	84.000	
1680	0.02	84.050	
1681	0.04	84.100	
1682	0.04	84.150	
1683	0.02	84.200	
1684	0.02	84.250	
1685	0.04	84.300	
1686	0.02	84.350	
1687	0.04	84.400	
1688	0.04	84.450	
1689	0.02	84.500	
1690	0.04	84.550	
1691	0.02	84.600	
1692	0.02	84.650	
1693	0.06	84.700	
1694	0.18	84.751	
1695	0.70	84.800	
1696	1.16	84.850	
1697	1.86	84.901	
1698	2.44	84.950	
1699	3.10	85.000	
1700	3.78	85.050	
1701	4.34	85.100	
1702	4.62	85.150	
1703	4.64	85.200	
1704	4.60	85.250	
1705	4.60	85.300	
1706	4.60	85.350	
1707	4.58	85.400	
1708	4.58	85.450	
1709	4.56	85.500	
1710	4.56	85.550	
1711	4.56	85.600	
1712	4.56	85.650	
1713	4.54	85.700	
1714	4.54	85.750	
1715	4.54	85.800	
1716	4.54	85.850	
1717	4.54	85.900	
1718	4.54	85.950	
1719	4.54	86.000	
1720	4.54	86.050	
1721	4.52	86.100	
1722	4.52	86.150	
1723	4.52	86.200	
1724	4.52	86.250	
1725	4.52	86.300	
1726	4.52	86.350	
1727	4.52	86.400	
1728	4.52	86.450	
1729	4.52	86.500	
1730	4.52	86.550	
1731	4.52	86.600	
1732	4.52	86.650	
1733	4.52	86.700	
1734	4.50	86.750	
1735	4.52	86.800	
1736	4.50	86.850	
1737	4.50	86.900	
1738	4.50	86.950	
1739	4.50	87.000	
1740	4.50	87.050	
1741	4.50	87.100	
1742	4.50	87.151	
1743	4.50	87.200	
1744	4.50	87.250	
1745	4.50	87.300	
1746	4.50	87.350	
1747	4.50	87.400	
1748	4.50	87.450	
1749	4.50	87.501	
1750	4.50	87.551	
1751	4.50	87.600	
1752	4.50	87.651	
1753	4.50	87.700	
1754	4.50	87.750	
1755	4.48	87.801	
1756	4.50	87.850	
1757	4.50	87.900	
1758	4.50	87.950	
1759	4.48	88.000	
1760	4.48	88.051	
1761	4.48	88.100	
1762	4.48	88.150	
1763	4.48	88.200	
1764	4.48	88.250	
1765	4.48	88.300	
1766	4.48	88.351	
1767	4.48	88.400	
1768	4.48	88.451	
1769	4.48	88.500	
1770	4.48	88.550	
1771	4.48	88.600	
1772	4.48	88.650	
1773	4.48	88.700	
1774	4.48	88.750	
1775	4.48	88.800	
1776	4.48	88.850	
1777	4.48	88.900	
1778	4.48	88.950	
1779	4.48	89.000	
1780	4.48	89.050	
1781	4.48	89.100	
1782	4.48	89.150	
1783	4.48	89.200	
1784	4.48	89.250	
1785	4.48	89.300	
1786	4.48	89.350	
1787	4.48	89.401	
1788	4.48	89.450	
1789	4.48	89.500	
1790	4.48	89.550	
1791	4.48	89.600	
1792	4.48	89.650	
1793	4.48	89.700	
1794	4.22	89.751	
1795	3.02	89.800	
1796	1.96	89.851	
1797	1.12	89.900	
1798	0.62	89.950	
1799	0.32	90.000	
1800	0.24	90.050	
1801	0.24	90.100	
1802	0.22	90.200	
1803	0.20	90.250	
1804	0.12	90.310	
1805	0.10	90.350	
1806	0.06	90.407	
1807	0.04	90.450	
1808	0.06	90.506	
1809	0.06	90.551	
1810	0.06	90.600	
1811	0.04	90.651	
1812	0.06	90.700	
1813	0.06	90.750	
1814	0.06	90.800	
1815	0.06	90.850	
1816	0.06	90.900	
1817	0.06	90.951	
1818	0.06	91.000	
1819	0.04	91.050	
1820	0.06	91.100	
1821	0.06	91.150	
1822	0.04	91.201	
1823	0.04	91.250	
1824	0.04	91.300	
1825	0.04	91.350	
1826	0.04	91.400	
1827	0.04	91.450	
1828	0.04	91.500	
1829	0.04	91.550	
1830	0.04	91.600	
1831	0.04	91.650	
1832	0.04	91.700	
1833	0.04	91.750	
1834	0.04	91.800	
1835	0.04	91.850	
1836	0.04	91.900	
1837	0.04	91.950	
1838	0.04	92.000	
1839	0.04	92.050	
1840	0.04	92.101	
1841	0.04	92.151	
1842	0.04	92.200	
1843	0.04	92.250	
1844	0.04	92.300	
1845	0.04	92.350	
1846	0.04	92.400	
1847	0.04	92.450	
1848	0.04	92.500	
1849	0.04	92.550	
1850	0.04	92.600	
1851	0.04	92.650	
1852	0.04	92.700	
1853	0.04	92.751	
1854	0.04	92.800	
1855	0.04	92.850	
1856	0.04	92.900	
1857	0.04	92.950	
1858	0.04	93.000	
1859	0.04	93.050	
1860	0.04	93.101	
1861	0.04	93.150	
1862	0.04	93.200	
1863	0.04	93.250	
1864	0.04	93.300	
1865	0.04	93.350	
1866	0.04	93.400	
1867	0.04	93.450	
1868	0.04	93.500	
1869	0.04	93.550	
1870	0.04	93.600	
1871	0.04	93.650	
1872	0.04	93.700	
1873	0.04	93.750	
1874	0.04	93.800	
1875	0.04	93.850	
1876	0.04	93.900	
