7/23/2024  12:57 PM
Units: N
Readings: Continuous
X-Axis: Time

Reading	Load	Time	
1	0.00	0.000	
2	0.00	0.100	
3	0.00	0.150	
4	0.00	0.200	
5	0.00	0.250	
6	0.00	0.300	
7	0.00	0.350	
8	0.00	0.400	
9	0.00	0.450	
10	0.00	0.500	
11	0.00	0.551	
12	0.00	0.601	
13	0.00	0.651	
14	0.00	0.700	
15	0.00	0.751	
16	0.00	0.800	
17	0.00	0.851	
18	0.00	0.900	
19	0.00	0.951	
20	0.00	1.001	
21	0.00	1.050	
22	0.00	1.100	
23	0.00	1.151	
24	0.00	1.201	
25	0.00	1.251	
26	0.00	1.300	
27	0.00	1.351	
28	0.00	1.400	
29	0.00	1.451	
30	0.00	1.500	
31	0.00	1.550	
32	0.00	1.600	
33	0.00	1.650	
34	0.00	1.700	
35	0.00	1.750	
36	0.00	1.800	
37	0.00	1.850	
38	0.00	1.900	
39	0.00	1.951	
40	0.00	2.000	
41	0.00	2.050	
42	0.00	2.100	
43	0.00	2.150	
44	0.00	2.200	
45	0.00	2.250	
46	0.00	2.300	
47	0.00	2.350	
48	0.00	2.400	
49	0.00	2.451	
50	0.00	2.500	
51	0.00	2.550	
52	0.00	2.600	
53	0.00	2.650	
54	0.00	2.700	
55	0.00	2.751	
56	0.00	2.801	
57	0.00	2.850	
58	0.00	2.900	
59	0.00	2.950	
60	0.00	3.000	
61	0.00	3.050	
62	0.00	3.101	
63	0.00	3.150	
64	0.00	3.200	
65	0.00	3.250	
66	0.00	3.301	
67	0.00	3.350	
68	0.00	3.400	
69	0.00	3.450	
70	0.00	3.500	
71	0.00	3.550	
72	0.00	3.600	
73	0.00	3.651	
74	0.00	3.700	
75	0.00	3.750	
76	0.00	3.800	
77	0.00	3.851	
78	0.00	3.900	
79	0.00	3.950	
80	0.00	4.000	
81	0.00	4.050	
82	0.00	4.100	
83	0.00	4.150	
84	0.00	4.201	
85	0.00	4.250	
86	0.00	4.300	
87	0.00	4.350	
88	0.00	4.400	
89	0.00	4.450	
90	0.00	4.500	
91	0.00	4.550	
92	0.00	4.600	
93	0.00	4.650	
94	0.00	4.700	
95	0.00	4.750	
96	0.00	4.800	
97	0.00	4.850	
98	0.00	4.900	
99	0.00	4.951	
100	0.00	5.000	
101	0.00	5.050	
102	0.00	5.101	
103	0.00	5.150	
104	0.00	5.200	
105	0.00	5.250	
106	0.00	5.300	
107	0.20	5.350	
108	0.46	5.400	
109	0.78	5.450	
110	1.20	5.501	
111	1.50	5.550	
112	1.82	5.600	
113	2.28	5.650	
114	2.82	5.700	
115	3.22	5.750	
116	3.38	5.800	
117	3.36	5.850	
118	3.34	5.900	
119	3.34	5.950	
120	3.34	6.000	
121	3.32	6.050	
122	3.32	6.100	
123	3.32	6.150	
124	3.32	6.200	
125	3.32	6.250	
126	3.32	6.300	
127	3.30	6.350	
128	3.30	6.400	
129	3.30	6.450	
130	3.30	6.500	
131	3.30	6.550	
132	3.30	6.600	
133	3.30	6.650	
134	3.30	6.700	
135	3.30	6.750	
136	3.30	6.800	
137	3.30	6.850	
138	3.30	6.900	
139	3.30	6.951	
140	3.28	7.001	
141	3.30	7.051	
142	3.28	7.100	
143	3.28	7.150	
144	3.28	7.201	
145	3.28	7.251	
146	3.28	7.300	
147	3.28	7.351	
148	3.28	7.400	
149	3.28	7.450	
150	3.28	7.500	
151	3.28	7.550	
152	3.28	7.600	
153	3.28	7.650	
154	3.28	7.700	
155	3.28	7.751	
156	3.28	7.800	
157	3.28	7.851	
158	3.28	7.900	
159	3.28	7.951	
160	3.28	8.000	
161	3.28	8.051	
162	3.28	8.100	
163	3.28	8.150	
164	3.26	8.200	
165	3.28	8.250	
166	3.26	8.300	
167	3.26	8.351	
168	3.26	8.400	
169	3.26	8.450	
170	3.28	8.501	
171	3.26	8.550	
172	3.26	8.600	
173	3.26	8.650	
174	3.26	8.701	
175	3.26	8.751	
176	3.28	8.800	
177	2.66	8.851	
178	1.80	8.900	
179	1.14	8.951	
180	0.60	9.000	
181	0.32	9.050	
182	0.22	9.100	
183	0.20	9.150	
184	0.20	9.200	
185	0.20	9.251	
186	0.16	9.300	
187	0.14	9.350	
188	0.08	9.401	
189	0.06	9.450	
190	0.04	9.500	
191	0.04	9.550	
192	0.04	9.600	
193	0.04	9.651	
194	0.04	9.700	
195	0.04	9.750	
196	0.04	9.800	
197	0.04	9.851	
198	0.04	9.900	
199	0.04	9.951	
200	0.04	10.000	
201	0.02	10.051	
202	0.04	10.100	
203	0.04	10.150	
204	0.04	10.200	
205	0.02	10.250	
206	0.04	10.301	
207	0.04	10.350	
208	0.04	10.400	
209	0.04	10.450	
210	0.02	10.501	
211	0.02	10.550	
212	0.02	10.600	
213	0.02	10.651	
214	0.02	10.700	
215	0.02	10.750	
216	0.02	10.801	
217	0.02	10.850	
218	0.02	10.900	
219	0.02	10.950	
220	0.02	11.001	
221	0.02	11.051	
222	0.02	11.100	
223	0.02	11.150	
224	0.02	11.200	
225	0.02	11.250	
226	0.02	11.301	
227	0.02	11.350	
228	0.02	11.401	
229	0.02	11.450	
230	0.02	11.500	
231	0.02	11.551	
232	0.02	11.600	
233	0.02	11.650	
234	0.02	11.701	
235	0.02	11.750	
236	0.02	11.801	
237	0.02	11.850	
238	0.02	11.900	
239	0.02	11.950	
240	0.02	12.000	
241	0.02	12.050	
242	0.02	12.100	
243	0.02	12.150	
244	0.02	12.200	
245	0.02	12.251	
246	0.02	12.300	
247	0.02	12.350	
248	0.02	12.400	
249	0.02	12.450	
250	0.02	12.500	
251	0.02	12.550	
252	0.02	12.600	
253	0.02	12.650	
254	0.02	12.700	
255	0.02	12.750	
256	0.02	12.800	
257	0.02	12.850	
258	0.02	12.901	
259	0.02	12.950	
260	0.02	13.001	
261	0.02	13.050	
262	0.02	13.100	
263	0.02	13.150	
264	0.02	13.200	
265	0.02	13.250	
266	0.02	13.300	
267	0.02	13.350	
268	0.02	13.401	
269	0.02	13.450	
270	0.02	13.501	
271	0.02	13.550	
272	0.02	13.600	
273	0.02	13.651	
274	0.02	13.700	
275	0.02	13.751	
276	0.02	13.800	
277	0.02	13.850	
278	0.02	13.900	
279	0.02	13.950	
280	0.02	14.000	
281	0.02	14.050	
282	0.02	14.100	
283	0.02	14.151	
284	0.02	14.200	
285	0.02	14.251	
286	0.02	14.300	
287	0.02	14.351	
288	0.02	14.400	
289	0.02	14.451	
290	0.02	14.500	
291	0.02	14.550	
292	0.02	14.600	
293	0.02	14.651	
294	0.02	14.700	
295	0.02	14.750	
296	0.02	14.800	
297	0.02	14.850	
298	0.02	14.901	
299	0.02	14.950	
300	0.02	15.000	
301	0.02	15.050	
302	0.02	15.100	
303	0.02	15.150	
304	0.02	15.200	
305	0.02	15.250	
306	0.02	15.300	
307	0.02	15.350	
308	0.02	15.400	
309	0.02	15.450	
310	0.02	15.500	
311	0.02	15.551	
312	0.02	15.600	
313	0.02	15.650	
314	0.02	15.700	
315	0.02	15.750	
316	0.02	15.801	
317	0.02	15.850	
318	0.02	15.901	
319	0.02	15.950	
320	0.02	16.001	
321	0.02	16.050	
322	0.02	16.100	
323	0.02	16.151	
324	0.02	16.200	
325	0.02	16.251	
326	0.02	16.300	
327	0.02	16.351	
328	0.02	16.400	
329	0.02	16.450	
330	0.02	16.500	
331	0.02	16.550	
332	0.00	16.600	
333	0.02	16.650	
334	0.02	16.700	
335	0.14	16.750	
336	0.44	16.800	
337	0.72	16.851	
338	1.20	16.900	
339	1.64	16.950	
340	2.06	17.000	
341	2.62	17.050	
342	3.14	17.100	
343	3.48	17.150	
344	3.54	17.200	
345	3.52	17.250	
346	3.52	17.300	
347	3.50	17.350	
348	3.50	17.400	
349	3.50	17.450	
350	3.50	17.500	
351	3.50	17.550	
352	3.48	17.601	
353	3.48	17.650	
354	3.48	17.700	
355	3.48	17.750	
356	3.48	17.800	
357	3.48	17.850	
358	3.48	17.900	
359	3.48	17.950	
360	3.46	18.000	
361	3.46	18.050	
362	3.46	18.100	
363	3.46	18.150	
364	3.46	18.200	
365	3.46	18.250	
366	3.46	18.300	
367	3.46	18.351	
368	3.46	18.400	
369	3.46	18.450	
370	3.46	18.500	
371	3.46	18.551	
372	3.46	18.600	
373	3.46	18.650	
374	3.46	18.700	
375	3.46	18.750	
376	3.46	18.800	
377	3.46	18.850	
378	3.44	18.900	
379	3.44	18.950	
380	3.44	19.000	
381	3.44	19.050	
382	3.44	19.100	
383	3.44	19.150	
384	3.44	19.200	
385	3.44	19.250	
386	3.44	19.301	
387	3.44	19.350	
388	3.44	19.400	
389	3.44	19.451	
390	3.44	19.500	
391	3.44	19.550	
392	3.44	19.600	
393	3.44	19.650	
394	3.44	19.700	
395	3.44	19.750	
396	3.44	19.800	
397	3.44	19.850	
398	3.44	19.900	
399	3.44	19.950	
400	3.44	20.000	
401	3.44	20.050	
402	3.44	20.100	
403	3.44	20.150	
404	3.44	20.200	
405	3.44	20.250	
406	3.44	20.300	
407	3.44	20.350	
408	3.44	20.400	
409	3.44	20.451	
410	3.44	20.500	
411	3.44	20.550	
412	3.44	20.600	
413	3.22	20.650	
414	2.30	20.700	
415	1.54	20.750	
416	0.92	20.800	
417	0.48	20.850	
418	0.28	20.900	
419	0.22	20.950	
420	0.22	21.000	
421	0.22	21.050	
422	0.20	21.100	
423	0.16	21.150	
424	0.14	21.200	
425	0.08	21.250	
426	0.06	21.300	
427	0.06	21.350	
428	0.04	21.400	
429	0.04	21.450	
430	0.06	21.500	
431	0.06	21.550	
432	0.04	21.600	
433	0.04	21.650	
434	0.04	21.700	
435	0.04	21.750	
436	0.04	21.800	
437	0.04	21.850	
438	0.04	21.900	
439	0.04	21.950	
440	0.04	22.000	
441	0.04	22.050	
442	0.04	22.100	
443	0.04	22.151	
444	0.04	22.200	
445	0.04	22.250	
446	0.04	22.300	
447	0.04	22.350	
448	0.04	22.400	
449	0.04	22.450	
450	0.04	22.500	
451	0.04	22.550	
452	0.04	22.600	
453	0.04	22.650	
454	0.04	22.700	
455	0.04	22.750	
456	0.04	22.800	
457	0.04	22.850	
458	0.04	22.900	
459	0.04	22.950	
460	0.04	23.000	
461	0.04	23.050	
462	0.04	23.100	
463	0.04	23.150	
464	0.04	23.200	
465	0.04	23.251	
466	0.04	23.300	
467	0.04	23.350	
468	0.04	23.400	
469	0.04	23.450	
470	0.04	23.500	
471	0.04	23.550	
472	0.04	23.600	
473	0.02	23.650	
474	0.04	23.700	
475	0.04	23.750	
476	0.04	23.800	
477	0.04	23.850	
478	0.02	23.900	
479	0.02	23.950	
480	0.02	24.000	
481	0.04	24.050	
482	0.04	24.100	
483	0.02	24.150	
484	0.02	24.200	
485	0.04	24.250	
486	0.04	24.300	
487	0.02	24.350	
488	0.04	24.400	
489	0.02	24.450	
490	0.04	24.500	
491	0.02	24.551	
492	0.04	24.600	
493	0.04	24.650	
494	0.02	24.700	
495	0.04	24.750	
496	0.02	24.800	
497	0.02	24.850	
498	0.02	24.900	
499	0.02	24.950	
500	0.02	25.000	
501	0.02	25.050	
502	0.02	25.100	
503	0.02	25.150	
504	0.02	25.200	
505	0.02	25.250	
506	0.02	25.300	
507	0.02	25.350	
508	0.02	25.400	
509	0.02	25.450	
510	0.02	25.500	
511	0.02	25.550	
512	0.02	25.600	
513	0.02	25.650	
514	0.02	25.700	
515	0.02	25.750	
516	0.02	25.800	
517	0.02	25.850	
518	0.02	25.900	
519	0.02	25.951	
520	0.02	26.000	
521	0.02	26.050	
522	0.02	26.100	
523	0.02	26.150	
524	0.02	26.200	
525	0.02	26.251	
526	0.02	26.300	
527	0.02	26.351	
528	0.02	26.400	
529	0.02	26.450	
530	0.02	26.500	
531	0.02	26.550	
532	0.02	26.600	
533	0.02	26.650	
534	0.02	26.700	
535	0.02	26.750	
536	0.02	26.800	
537	0.02	26.850	
538	0.02	26.901	
539	0.02	26.950	
540	0.02	27.000	
541	0.02	27.050	
542	0.02	27.100	
543	0.02	27.150	
544	0.02	27.200	
545	0.02	27.250	
546	0.02	27.300	
547	0.02	27.350	
548	0.02	27.400	
549	0.02	27.450	
550	0.06	27.501	
551	0.32	27.550	
552	0.56	27.600	
553	0.94	27.650	
554	1.44	27.700	
555	1.84	27.750	
556	2.32	27.800	
557	2.90	27.850	
558	3.34	27.900	
559	3.56	27.950	
560	3.58	28.000	
561	3.56	28.050	
562	3.56	28.100	
563	3.54	28.150	
564	3.54	28.200	
565	3.54	28.250	
566	3.54	28.300	
567	3.52	28.350	
568	3.52	28.400	
569	3.52	28.450	
570	3.52	28.500	
571	3.52	28.550	
572	3.50	28.600	
573	3.50	28.650	
574	3.50	28.700	
575	3.50	28.751	
576	3.50	28.800	
577	3.50	28.850	
578	3.50	28.900	
579	3.50	28.950	
580	3.50	29.001	
581	3.50	29.050	
582	3.50	29.100	
583	3.50	29.150	
584	3.50	29.200	
585	3.50	29.251	
586	3.50	29.300	
587	3.50	29.350	
588	3.50	29.400	
589	3.50	29.450	
590	3.50	29.500	
591	3.50	29.550	
592	3.48	29.601	
593	3.48	29.650	
594	3.48	29.700	
595	3.48	29.750	
596	3.48	29.800	
597	3.48	29.850	
598	3.48	29.900	
599	3.48	29.950	
600	3.48	30.000	
601	3.48	30.050	
602	3.48	30.100	
603	3.48	30.150	
604	3.48	30.200	
605	3.48	30.250	
606	3.48	30.300	
607	3.48	30.350	
608	3.48	30.400	
609	3.48	30.450	
610	3.48	30.500	
611	3.48	30.550	
612	3.48	30.600	
613	3.48	30.650	
614	3.48	30.700	
615	3.48	30.750	
616	3.48	30.800	
617	3.48	30.850	
618	3.48	30.900	
619	3.48	30.950	
620	3.48	31.000	
621	3.48	31.050	
622	3.48	31.100	
623	3.48	31.150	
624	3.48	31.200	
625	3.46	31.250	
626	3.48	31.301	
627	2.36	31.350	
628	2.04	31.400	
629	1.34	31.450	
630	0.74	31.500	
631	0.40	31.550	
632	0.26	31.600	
633	0.22	31.650	
634	0.22	31.700	
635	0.22	31.750	
636	0.20	31.800	
637	0.16	31.850	
638	0.12	31.900	
639	0.08	31.950	
640	0.06	32.000	
641	0.06	32.050	
642	0.06	32.100	
643	0.06	32.150	
644	0.06	32.200	
645	0.06	32.250	
646	0.06	32.300	
647	0.06	32.350	
648	0.06	32.400	
649	0.06	32.450	
650	0.06	32.500	
651	0.06	32.550	
652	0.06	32.600	
653	0.06	32.650	
654	0.06	32.700	
655	0.04	32.750	
656	0.04	32.800	
657	0.04	32.850	
658	0.04	32.900	
659	0.04	32.950	
660	0.04	33.000	
661	0.06	33.050	
662	0.04	33.100	
663	0.04	33.150	
664	0.04	33.200	
665	0.04	33.250	
666	0.04	33.300	
667	0.04	33.350	
668	0.04	33.400	
669	0.04	33.450	
670	0.04	33.500	
671	0.04	33.550	
672	0.04	33.600	
673	0.04	33.650	
674	0.04	33.700	
675	0.04	33.750	
676	0.04	33.800	
677	0.04	33.850	
678	0.04	33.901	
679	0.04	33.950	
680	0.04	34.000	
681	0.04	34.050	
682	0.04	34.100	
683	0.04	34.150	
684	0.04	34.200	
685	0.04	34.250	
686	0.04	34.300	
687	0.04	34.350	
688	0.04	34.400	
689	0.04	34.450	
690	0.04	34.500	
691	0.04	34.550	
692	0.04	34.600	
693	0.04	34.650	
694	0.04	34.700	
695	0.04	34.750	
696	0.04	34.800	
697	0.04	34.850	
698	0.04	34.900	
699	0.04	34.950	
700	0.04	35.000	
701	0.04	35.050	
702	0.04	35.100	
703	0.04	35.150	
704	0.04	35.200	
705	0.04	35.250	
706	0.04	35.300	
707	0.04	35.350	
708	0.04	35.400	
709	0.04	35.450	
710	0.04	35.500	
711	0.04	35.550	
712	0.04	35.600	
713	0.04	35.650	
714	0.04	35.700	
715	0.04	35.750	
716	0.04	35.800	
717	0.04	35.850	
718	0.04	35.900	
719	0.04	35.950	
720	0.04	36.000	
721	0.04	36.050	
722	0.04	36.100	
723	0.04	36.150	
724	0.04	36.200	
725	0.04	36.250	
726	0.02	36.300	
727	0.04	36.350	
728	0.04	36.400	
729	0.04	36.450	
730	0.04	36.500	
731	0.04	36.550	
732	0.02	36.600	
733	0.04	36.650	
734	0.04	36.700	
735	0.04	36.750	
736	0.04	36.800	
737	0.02	36.850	
738	0.02	36.900	
739	0.02	36.950	
740	0.04	37.000	
741	0.02	37.050	
742	0.02	37.100	
743	0.04	37.150	
744	0.02	37.200	
745	0.02	37.250	
746	0.02	37.300	
747	0.02	37.350	
748	0.04	37.400	
749	0.02	37.450	
750	0.02	37.500	
751	0.02	37.550	
752	0.02	37.600	
753	0.04	37.650	
754	0.12	37.700	
755	0.36	37.750	
756	0.64	37.801	
757	1.10	37.850	
758	1.54	37.900	
759	1.96	37.950	
760	2.48	38.001	
761	3.04	38.050	
762	3.42	38.100	
763	3.52	38.150	
764	3.52	38.200	
765	3.50	38.251	
766	3.50	38.300	
767	3.50	38.350	
768	3.50	38.400	
769	3.50	38.450	
770	3.48	38.500	
771	3.48	38.550	
772	3.48	38.600	
773	3.48	38.650	
774	3.48	38.700	
775	3.46	38.751	
776	3.48	38.800	
777	3.46	38.850	
778	3.46	38.900	
779	3.46	38.950	
780	3.46	39.001	
781	3.46	39.050	
782	3.46	39.100	
783	3.46	39.150	
784	3.46	39.200	
785	3.46	39.251	
786	3.46	39.300	
787	3.46	39.350	
788	3.46	39.400	
789	3.46	39.450	
790	3.44	39.500	
791	3.44	39.550	
792	3.44	39.600	
793	3.44	39.650	
794	3.44	39.700	
795	3.44	39.750	
796	3.44	39.800	
797	3.44	39.850	
798	3.44	39.900	
799	3.44	39.950	
800	3.44	40.000	
801	3.44	40.050	
802	3.44	40.100	
803	3.44	40.150	
804	3.44	40.200	
805	3.44	40.250	
806	3.44	40.300	
807	3.44	40.350	
808	3.44	40.401	
809	3.44	40.450	
810	3.44	40.500	
811	3.44	40.550	
812	3.44	40.600	
813	3.44	40.650	
814	3.44	40.700	
815	3.44	40.751	
816	3.44	40.800	
817	3.36	40.850	
818	2.46	40.900	
819	1.66	40.950	
820	1.04	41.001	
821	0.54	41.050	
822	0.30	41.100	
823	0.24	41.150	
824	0.22	41.200	
825	0.24	41.250	
826	0.24	41.300	
827	0.18	41.350	
828	0.14	41.400	
829	0.10	41.450	
830	0.06	41.500	
831	0.06	41.550	
832	0.06	41.600	
833	0.06	41.650	
834	0.06	41.700	
835	0.06	41.750	
836	0.06	41.800	
837	0.06	41.850	
838	0.06	41.900	
839	0.06	41.950	
840	0.06	42.000	
841	0.06	42.050	
842	0.06	42.100	
843	0.06	42.150	
844	0.06	42.200	
845	0.06	42.251	
846	0.04	42.300	
847	0.06	42.400	
848	0.06	42.450	
849	0.04	42.500	
850	0.06	42.550	
851	0.04	42.601	
852	0.04	42.651	
853	0.04	42.700	
854	0.04	42.751	
855	0.04	42.800	
856	0.04	42.850	
857	0.04	42.900	
858	0.04	42.950	
859	0.04	43.000	
860	0.04	43.050	
861	0.04	43.100	
862	0.04	43.150	
863	0.04	43.200	
864	0.04	43.250	
865	0.04	43.300	
866	0.04	43.350	
867	0.04	43.400	
868	0.04	43.450	
869	0.04	43.500	
870	0.04	43.550	
871	0.04	43.600	
872	0.04	43.650	
873	0.04	43.700	
874	0.04	43.750	
875	0.04	43.800	
876	0.04	43.850	
877	0.04	43.900	
878	0.04	43.950	
879	0.04	44.000	
880	0.04	44.050	
881	0.04	44.100	
882	0.04	44.150	
883	0.04	44.200	
884	0.04	44.250	
885	0.04	44.300	
886	0.04	44.350	
887	0.04	44.400	
888	0.04	44.450	
889	0.04	44.500	
890	0.04	44.550	
891	0.04	44.610	
892	0.04	44.650	
893	0.04	44.706	
894	0.04	44.750	
895	0.04	44.800	
896	0.04	44.850	
897	0.04	44.900	
898	0.04	44.950	
899	0.04	45.000	
900	0.04	45.050	
901	0.04	45.100	
902	0.04	45.154	
903	0.04	45.200	
904	0.04	45.250	
905	0.04	45.300	
906	0.04	45.350	
907	0.04	45.400	
908	0.04	45.450	
909	0.04	45.500	
910	0.04	45.550	
911	0.04	45.600	
912	0.04	45.651	
913	0.04	45.701	
914	0.04	45.750	
915	0.04	45.801	
916	0.04	45.850	
917	0.04	45.900	
918	0.04	45.950	
919	0.04	46.000	
920	0.04	46.050	
921	0.04	46.100	
922	0.04	46.150	
923	0.04	46.200	
924	0.04	46.250	
925	0.04	46.300	
926	0.22	46.351	
927	0.50	46.400	
928	0.92	46.450	
929	1.42	46.500	
930	1.84	46.550	
931	2.32	46.600	
932	2.88	46.650	
933	3.36	46.700	
934	3.56	46.751	
935	3.58	46.800	
936	3.56	46.850	
937	3.56	46.900	
938	3.54	46.950	
939	3.54	47.000	
940	3.54	47.050	
941	3.52	47.100	
942	3.52	47.150	
943	3.52	47.200	
944	3.52	47.251	
945	3.52	47.300	
946	3.52	47.350	
947	3.52	47.400	
948	3.50	47.450	
949	3.50	47.500	
950	3.50	47.550	
951	3.50	47.600	
952	3.50	47.650	
953	3.50	47.700	
954	3.50	47.751	
955	3.50	47.800	
956	3.50	47.850	
957	3.50	47.900	
958	3.50	47.950	
959	3.50	48.002	
960	3.50	48.050	
961	3.50	48.100	
962	3.50	48.150	
963	3.50	48.200	
964	3.50	48.250	
965	3.50	48.300	
966	3.50	48.350	
967	3.50	48.400	
968	3.50	48.450	
969	3.50	48.500	
970	3.50	48.550	
971	3.48	48.600	
972	3.48	48.650	
973	3.48	48.700	
974	3.48	48.750	
975	3.48	48.800	
976	3.48	48.850	
977	3.48	48.900	
978	3.48	48.950	
979	3.48	49.000	
980	3.48	49.050	
981	3.48	49.100	
982	3.48	49.150	
983	3.48	49.200	
984	3.48	49.250	
985	3.48	49.300	
986	3.48	49.350	
987	3.48	49.400	
988	3.48	49.450	
989	3.48	49.500	
990	3.48	49.550	
991	3.48	49.600	
992	3.48	49.650	
993	3.48	49.700	
994	3.48	49.750	
995	3.48	49.800	
996	3.48	49.850	
997	3.48	49.900	
998	3.48	49.950	
999	3.48	50.000	
1000	3.48	50.050	
1001	3.48	50.100	
1002	3.48	50.152	
1003	3.48	50.200	
1004	3.48	50.250	
1005	3.28	50.300	
1006	2.36	50.350	
1007	1.60	50.400	
1008	0.96	50.450	
1009	0.50	50.500	
1010	0.28	50.550	
1011	0.24	50.600	
1012	0.22	50.650	
1013	0.22	50.700	
1014	0.22	50.750	
1015	0.18	50.800	
1016	0.14	50.850	
1017	0.10	50.900	
1018	0.08	50.950	
1019	0.06	51.000	
1020	0.06	51.050	
1021	0.06	51.100	
1022	0.06	51.150	
1023	0.06	51.200	
1024	0.06	51.250	
1025	0.06	51.300	
1026	0.06	51.350	
1027	0.06	51.400	
1028	0.06	51.450	
1029	0.06	51.500	
1030	0.06	51.550	
1031	0.06	51.600	
1032	0.06	51.650	
1033	0.06	51.701	
1034	0.06	51.750	
1035	0.06	51.800	
1036	0.06	51.850	
1037	0.06	51.900	
1038	0.06	51.950	
1039	0.06	52.000	
1040	0.06	52.050	
1041	0.06	52.100	
1042	0.04	52.150	
1043	0.06	52.200	
1044	0.06	52.250	
1045	0.06	52.300	
1046	0.06	52.350	
1047	0.06	52.400	
1048	0.04	52.450	
1049	0.04	52.500	
1050	0.04	52.550	
1051	0.04	52.600	
1052	0.04	52.650	
1053	0.06	52.701	
1054	0.04	52.750	
1055	0.04	52.800	
1056	0.04	52.850	
1057	0.04	52.900	
1058	0.04	52.950	
1059	0.04	53.000	
1060	0.04	53.050	
1061	0.04	53.100	
1062	0.04	53.150	
1063	0.04	53.200	
1064	0.04	53.250	
1065	0.04	53.300	
1066	0.04	53.350	
1067	0.04	53.400	
1068	0.04	53.450	
1069	0.04	53.500	
1070	0.04	53.550	
1071	0.04	53.600	
1072	0.04	53.650	
1073	0.04	53.700	
1074	0.04	53.750	
1075	0.04	53.800	
1076	0.04	53.850	
1077	0.04	53.900	
1078	0.04	53.950	
1079	0.04	54.000	
1080	0.04	54.100	
1081	0.04	54.150	
1082	0.04	54.200	
1083	0.04	54.250	
1084	0.04	54.300	
1085	0.04	54.350	
1086	0.04	54.400	
1087	0.04	54.450	
1088	0.04	54.500	
1089	0.04	54.550	
1090	0.04	54.600	
1091	0.04	54.650	
1092	0.04	54.700	
1093	0.04	54.750	
1094	0.04	54.800	
1095	0.08	54.850	
1096	0.34	54.900	
1097	0.60	54.950	
1098	0.98	55.000	
1099	1.46	55.050	
1100	1.86	55.100	
1101	2.80	55.155	
1102	3.00	55.201	
1103	3.38	55.250	
1104	3.58	55.300	
1105	3.58	55.350	
1106	3.56	55.400	
1107	3.56	55.450	
1108	3.54	55.500	
1109	3.54	55.550	
1110	3.54	55.600	
1111	3.54	55.650	
1112	3.54	55.700	
1113	3.52	55.750	
1114	3.52	55.800	
1115	3.52	55.850	
1116	3.52	55.900	
1117	3.52	55.950	
1118	3.52	56.000	
1119	3.52	56.050	
1120	3.52	56.101	
1121	3.50	56.150	
1122	3.50	56.201	
1123	3.50	56.250	
1124	3.50	56.301	
1125	3.50	56.350	
1126	3.50	56.400	
1127	3.50	56.450	
1128	3.50	56.500	
1129	3.50	56.550	
1130	3.50	56.600	
1131	3.50	56.650	
1132	3.50	56.700	
1133	3.50	56.750	
1134	3.50	56.801	
1135	3.50	56.850	
1136	3.50	56.900	
1137	3.50	56.950	
1138	3.50	57.000	
1139	3.50	57.050	
1140	3.50	57.100	
1141	3.50	57.150	
1142	3.50	57.200	
1143	3.50	57.250	
1144	3.50	57.300	
1145	3.50	57.352	
1146	3.50	57.401	
1147	3.50	57.450	
1148	3.50	57.500	
1149	3.50	57.550	
1150	3.50	57.600	
1151	3.48	57.650	
1152	3.50	57.700	
1153	3.48	57.750	
1154	3.50	57.801	
1155	3.48	57.850	
1156	3.48	57.900	
1157	3.48	57.950	
1158	3.48	58.001	
1159	3.48	58.051	
1160	3.48	58.100	
1161	3.48	58.151	
1162	3.48	58.203	
1163	3.48	58.250	
1164	3.48	58.301	
1165	3.48	58.350	
1166	3.48	58.400	
1167	3.48	58.450	
1168	3.48	58.500	
1169	3.50	58.551	
1170	2.78	58.600	
1171	1.92	58.650	
1172	1.26	58.700	
1173	0.68	58.750	
1174	0.36	58.800	
1175	0.26	58.850	
1176	0.24	58.900	
1177	0.24	58.950	
1178	0.24	59.000	
1179	0.20	59.051	
1180	0.16	59.100	
1181	0.14	59.150	
1182	0.10	59.200	
1183	0.08	59.250	
1184	0.08	59.301	
1185	0.06	59.350	
1186	0.06	59.400	
1187	0.08	59.450	
1188	0.06	59.500	
1189	0.06	59.551	
1190	0.06	59.600	
1191	0.06	59.650	
1192	0.06	59.700	
1193	0.06	59.750	
1194	0.06	59.800	
1195	0.06	59.850	
1196	0.06	59.900	
1197	0.06	59.950	
1198	0.06	60.000	
1199	0.06	60.051	
1200	0.06	60.100	
1201	0.06	60.158	
1202	0.06	60.200	
1203	0.06	60.250	
1204	0.06	60.301	
1205	0.06	60.350	
1206	0.06	60.400	
1207	0.06	60.450	
1208	0.06	60.500	
1209	0.06	60.550	
1210	0.06	60.600	
1211	0.06	60.650	
1212	0.06	60.700	
1213	0.06	60.750	
1214	0.06	60.801	
1215	0.06	60.850	
1216	0.06	60.900	
1217	0.06	60.950	
1218	0.06	61.000	
1219	0.06	61.051	
1220	0.06	61.100	
1221	0.04	61.150	
1222	0.06	61.200	
1223	0.06	61.250	
1224	0.06	61.300	
1225	0.06	61.351	
1226	0.06	61.400	
1227	0.06	61.450	
1228	0.06	61.500	
1229	0.06	61.550	
1230	0.06	61.600	
1231	0.06	61.651	
1232	0.06	61.700	
1233	0.06	61.750	
1234	0.04	61.800	
1235	0.04	61.850	
1236	0.06	61.900	
1237	0.06	61.950	
1238	0.04	62.000	
1239	0.04	62.051	
1240	0.04	62.100	
1241	0.06	62.150	
1242	0.04	62.200	
1243	0.04	62.250	
1244	0.04	62.301	
1245	0.06	62.350	
1246	0.04	62.400	
1247	0.04	62.450	
1248	0.04	62.500	
1249	0.04	62.551	
1250	0.04	62.600	
1251	0.04	62.650	
1252	0.04	62.700	
1253	0.04	62.750	
1254	0.04	62.800	
1255	0.04	62.851	
1256	0.04	62.905	
1257	0.04	62.950	
1258	0.04	63.000	
1259	0.04	63.051	
1260	0.04	63.100	
1261	0.04	63.150	
1262	0.04	63.201	
1263	0.04	63.250	
1264	0.04	63.300	
1265	0.04	63.350	
1266	0.04	63.400	
1267	0.04	63.450	
1268	0.04	63.500	
1269	0.04	63.550	
1270	0.04	63.600	
1271	0.04	63.650	
1272	0.04	63.700	
1273	0.04	63.750	
1274	0.04	63.800	
1275	0.04	63.850	
1276	0.06	63.900	
1277	0.18	63.950	
1278	0.46	64.000	
1279	0.82	64.050	
1280	1.32	64.100	
1281	1.78	64.150	
1282	2.20	64.200	
1283	2.78	64.250	
1284	3.26	64.300	
1285	3.52	64.350	
1286	3.54	64.400	
1287	3.52	64.450	
1288	3.50	64.500	
1289	3.50	64.550	
1290	3.50	64.600	
1291	3.50	64.650	
1292	3.50	64.700	
1293	3.48	64.750	
1294	3.48	64.800	
1295	3.48	64.850	
1296	3.48	64.901	
1297	3.48	64.950	
1298	3.48	65.000	
1299	3.48	65.050	
1300	3.48	65.100	
1301	3.46	65.158	
1302	3.46	65.200	
1303	3.46	65.250	
1304	3.46	65.300	
1305	3.46	65.350	
1306	3.46	65.400	
1307	3.46	65.451	
1308	3.46	65.500	
1309	3.46	65.550	
1310	3.46	65.600	
1311	3.46	65.650	
1312	3.46	65.700	
1313	3.46	65.750	
1314	3.46	65.800	
1315	3.46	65.850	
1316	3.44	65.900	
1317	3.44	65.950	
1318	3.46	66.000	
1319	3.46	66.050	
1320	3.44	66.100	
1321	3.44	66.150	
1322	3.44	66.200	
1323	3.44	66.250	
1324	3.44	66.300	
1325	3.44	66.350	
1326	3.44	66.400	
1327	3.44	66.450	
1328	3.44	66.500	
1329	3.44	66.550	
1330	3.44	66.600	
1331	3.44	66.650	
1332	3.44	66.700	
1333	3.44	66.750	
1334	3.44	66.800	
1335	3.44	66.850	
1336	3.44	66.900	
1337	3.44	66.951	
1338	3.44	67.000	
1339	3.44	67.050	
1340	3.44	67.100	
1341	3.44	67.150	
1342	3.44	67.200	
1343	3.44	67.250	
1344	3.44	67.300	
1345	3.44	67.350	
1346	3.44	67.400	
1347	3.44	67.450	
1348	3.44	67.500	
1349	3.44	67.550	
1350	3.44	67.601	
1351	2.68	67.650	
1352	1.84	67.700	
1353	1.20	67.750	
1354	0.62	67.801	
1355	0.34	67.850	
1356	0.24	67.900	
1357	0.22	67.950	
1358	0.22	68.000	
1359	0.22	68.050	
1360	0.20	68.100	
1361	0.16	68.151	
1362	0.12	68.200	
1363	0.08	68.250	
1364	0.08	68.300	
1365	0.06	68.351	
1366	0.06	68.400	
1367	0.06	68.450	
1368	0.08	68.500	
1369	0.06	68.550	
1370	0.06	68.600	
1371	0.06	68.651	
1372	0.06	68.700	
1373	0.06	68.750	
1374	0.06	68.800	
1375	0.06	68.850	
1376	0.06	68.900	
1377	0.06	68.950	
1378	0.06	69.000	
1379	0.06	69.050	
1380	0.06	69.100	
1381	0.06	69.150	
1382	0.06	69.200	
1383	0.06	69.250	
1384	0.06	69.300	
1385	0.06	69.350	
1386	0.06	69.400	
1387	0.06	69.450	
1388	0.06	69.500	
1389	0.06	69.550	
1390	0.06	69.600	
1391	0.06	69.650	
1392	0.06	69.700	
1393	0.06	69.750	
1394	0.06	69.800	
1395	0.06	69.850	
1396	0.06	69.900	
1397	0.06	69.950	
1398	0.06	70.000	
1399	0.06	70.050	
1400	0.06	70.100	
1401	0.06	70.158	
1402	0.06	70.200	
1403	0.06	70.250	
1404	0.06	70.300	
1405	0.04	70.351	
1406	0.06	70.400	
1407	0.06	70.450	
1408	0.06	70.500	
1409	0.06	70.550	
1410	0.06	70.600	
1411	0.06	70.650	
1412	0.06	70.700	
1413	0.06	70.750	
1414	0.06	70.800	
1415	0.06	70.850	
1416	0.06	70.900	
1417	0.06	70.950	
1418	0.06	71.000	
1419	0.04	71.050	
1420	0.06	71.100	
1421	0.06	71.150	
1422	0.06	71.200	
1423	0.04	71.250	
1424	0.06	71.300	
1425	0.04	71.350	
1426	0.04	71.400	
1427	0.06	71.450	
1428	0.06	71.505	
1429	0.04	71.550	
1430	0.06	71.600	
1431	0.06	71.650	
1432	0.04	71.700	
1433	0.04	71.750	
1434	0.04	71.800	
1435	0.04	71.850	
1436	0.04	71.900	
1437	0.04	71.950	
1438	0.04	72.000	
1439	0.04	72.050	
1440	0.04	72.100	
1441	0.04	72.150	
1442	0.04	72.200	
1443	0.04	72.250	
1444	0.04	72.300	
1445	0.04	72.350	
1446	0.04	72.400	
1447	0.04	72.450	
1448	0.04	72.500	
1449	0.04	72.550	
1450	0.04	72.600	
1451	0.04	72.650	
1452	0.04	72.700	
1453	0.04	72.750	
1454	0.06	72.800	
1455	0.20	72.850	
1456	0.50	72.900	
1457	0.86	72.950	
1458	1.36	73.000	
1459	1.80	73.050	
1460	2.26	73.101	
1461	2.84	73.151	
1462	3.32	73.200	
1463	3.58	73.250	
1464	3.60	73.300	
1465	3.60	73.350	
1466	3.58	73.408	
1467	3.58	73.450	
1468	3.58	73.500	
1469	3.58	73.550	
1470	3.56	73.600	
1471	3.56	73.651	
1472	3.56	73.700	
1473	3.56	73.750	
1474	3.56	73.800	
1475	3.56	73.850	
1476	3.54	73.900	
1477	3.54	73.950	
1478	3.54	74.000	
1479	3.54	74.050	
1480	3.54	74.100	
1481	3.54	74.150	
1482	3.54	74.200	
1483	3.54	74.250	
1484	3.54	74.300	
1485	3.54	74.350	
1486	3.54	74.400	
1487	3.54	74.450	
1488	3.54	74.500	
1489	3.52	74.550	
1490	3.52	74.600	
1491	3.52	74.650	
1492	3.54	74.700	
1493	3.52	74.750	
1494	3.52	74.800	
1495	3.52	74.851	
1496	3.52	74.900	
1497	3.52	74.950	
1498	3.52	75.000	
1499	3.52	75.050	
1500	3.52	75.100	
1501	3.52	75.150	
1502	3.52	75.200	
1503	3.52	75.250	
1504	3.52	75.300	
1505	3.52	75.350	
1506	3.52	75.400	
1507	3.52	75.450	
1508	3.52	75.500	
1509	3.52	75.551	
1510	3.52	75.600	
1511	3.52	75.650	
1512	3.52	75.700	
1513	3.52	75.750	
1514	3.52	75.800	
1515	3.50	75.850	
1516	3.52	75.900	
1517	3.52	75.950	
1518	3.50	76.000	
1519	3.52	76.051	
1520	3.50	76.100	
1521	3.50	76.150	
1522	3.50	76.200	
1523	3.50	76.250	
1524	3.50	76.300	
1525	3.52	76.350	
1526	3.50	76.400	
1527	3.50	76.450	
1528	3.50	76.500	
1529	3.50	76.550	
1530	3.50	76.600	
1531	3.50	76.650	
1532	3.50	76.701	
1533	3.50	76.750	
1534	3.52	76.800	
1535	2.80	76.850	
1536	1.92	76.900	
1537	1.26	76.950	
1538	0.68	77.000	
1539	0.36	77.051	
1540	0.26	77.100	
1541	0.24	77.151	
1542	0.24	77.200	
1543	0.24	77.250	
1544	0.18	77.306	
1545	0.16	77.350	
1546	0.14	77.400	
1547	0.10	77.450	
1548	0.08	77.500	
1549	0.08	77.550	
1550	0.08	77.600	
1551	0.06	77.650	
1552	0.08	77.700	
1553	0.06	77.750	
1554	0.06	77.800	
1555	0.06	77.850	
1556	0.06	77.900	
1557	0.06	77.950	
1558	0.06	78.000	
1559	0.06	78.050	
1560	0.06	78.100	
1561	0.06	78.150	
1562	0.06	78.200	
1563	0.06	78.250	
1564	0.06	78.300	
1565	0.06	78.350	
1566	0.06	78.400	
1567	0.06	78.450	
1568	0.06	78.500	
1569	0.06	78.550	
1570	0.06	78.600	
1571	0.06	78.650	
1572	0.06	78.700	
1573	0.06	78.750	
1574	0.06	78.800	
1575	0.06	78.850	
1576	0.06	78.900	
1577	0.06	78.950	
1578	0.06	79.000	
1579	0.06	79.050	
1580	0.06	79.100	
1581	0.06	79.150	
1582	0.06	79.200	
1583	0.06	79.250	
1584	0.06	79.300	
1585	0.06	79.350	
1586	0.06	79.400	
1587	0.06	79.450	
1588	0.06	79.500	
1589	0.06	79.550	
1590	0.06	79.600	
1591	0.06	79.650	
1592	0.06	79.700	
1593	0.06	79.750	
1594	0.06	79.800	
1595	0.06	79.850	
1596	0.06	79.900	
1597	0.06	79.950	
1598	0.06	80.000	
1599	0.06	80.050	
1600	0.06	80.100	
1601	0.06	80.159	
1602	0.06	80.200	
1603	0.06	80.250	
1604	0.06	80.300	
1605	0.06	80.350	
1606	0.06	80.400	
1607	0.06	80.450	
1608	0.06	80.500	
1609	0.06	80.550	
1610	0.06	80.600	
1611	0.06	80.650	
1612	0.06	80.700	
1613	0.06	80.750	
1614	0.06	80.800	
1615	0.06	80.850	
1616	0.06	80.900	
1617	0.06	80.950	
1618	0.06	81.001	
1619	0.06	81.050	
1620	0.04	81.100	
1621	0.06	81.150	
1622	0.10	81.200	
1623	0.34	81.250	
1624	0.64	81.300	
1625	1.04	81.350	
1626	1.52	81.400	
1627	1.92	81.450	
1628	2.42	81.500	
1629	2.98	81.550	
1630	3.40	81.600	
1631	3.54	81.650	
1632	3.54	81.700	
1633	3.52	81.750	
1634	3.52	81.800	
1635	3.52	81.850	
1636	3.50	81.900	
1637	3.50	81.950	
1638	3.50	82.000	
1639	3.50	82.050	
1640	3.50	82.100	
1641	3.50	82.150	
1642	3.48	82.200	
1643	3.48	82.250	
1644	3.48	82.300	
1645	3.48	82.350	
1646	3.48	82.400	
1647	3.48	82.450	
1648	3.48	82.500	
1649	3.48	82.550	
1650	3.48	82.600	
1651	3.48	82.650	
1652	3.48	82.701	
1653	3.48	82.750	
1654	3.46	82.800	
1655	3.46	82.850	
1656	3.46	82.900	
1657	3.46	82.950	
1658	3.46	83.000	
1659	3.46	83.050	
1660	3.46	83.100	
1661	3.46	83.150	
1662	3.46	83.200	
1663	3.46	83.250	
1664	3.46	83.300	
1665	3.46	83.350	
1666	3.46	83.400	
1667	3.46	83.450	
1668	3.46	83.500	
1669	3.46	83.550	
1670	3.46	83.600	
1671	3.46	83.650	
1672	3.46	83.701	
1673	3.46	83.750	
1674	3.46	83.800	
1675	3.46	83.850	
1676	3.46	83.900	
1677	3.46	83.950	
1678	3.46	84.000	
1679	3.46	84.050	
1680	3.46	84.100	
1681	3.46	84.151	
1682	3.46	84.200	
1683	3.46	84.250	
1684	3.44	84.300	
1685	3.46	84.350	
1686	3.46	84.400	
1687	2.74	84.450	
1688	1.86	84.500	
1689	1.20	84.550	
1690	0.64	84.600	
1691	0.36	84.650	
1692	0.26	84.700	
1693	0.24	84.750	
1694	0.24	84.801	
1695	0.24	84.850	
1696	0.20	84.900	
1697	0.18	84.950	
1698	0.14	85.000	
1699	0.10	85.050	
1700	0.08	85.100	
1701	0.08	85.150	
1702	0.06	85.200	
1703	0.08	85.250	
1704	0.08	85.300	
1705	0.08	85.350	
1706	0.06	85.400	
1707	0.08	85.450	
1708	0.08	85.500	
1709	0.06	85.550	
1710	0.06	85.600	
1711	0.06	85.650	
1712	0.06	85.700	
1713	0.06	85.750	
1714	0.06	85.800	
1715	0.06	85.850	
1716	0.06	85.900	
1717	0.06	85.950	
1718	0.06	86.000	
1719	0.06	86.051	
1720	0.06	86.100	
1721	0.06	86.150	
1722	0.06	86.201	
1723	0.06	86.251	
1724	0.06	86.300	
1725	0.06	86.350	
1726	0.06	86.400	
1727	0.06	86.450	
1728	0.06	86.500	
1729	0.06	86.551	
1730	0.06	86.600	
1731	0.06	86.650	
1732	0.06	86.700	
1733	0.06	86.750	
1734	0.06	86.800	
1735	0.06	86.851	
1736	0.06	86.900	
1737	0.06	86.950	
1738	0.06	87.000	
1739	0.06	87.050	
1740	0.06	87.100	
1741	0.06	87.150	
1742	0.06	87.200	
1743	0.06	87.250	
1744	0.06	87.301	
1745	0.06	87.350	
1746	0.06	87.400	
1747	0.06	87.451	
1748	0.06	87.500	
1749	0.06	87.550	
1750	0.06	87.600	
1751	0.06	87.650	
1752	0.06	87.700	
1753	0.06	87.750	
1754	0.06	87.800	
1755	0.06	87.850	
1756	0.06	87.900	
1757	0.06	87.950	
1758	0.06	88.000	
1759	0.06	88.050	
1760	0.06	88.100	
1761	0.06	88.150	
1762	0.06	88.200	
1763	0.06	88.250	
1764	0.06	88.300	
1765	0.06	88.350	
1766	0.06	88.401	
1767	0.06	88.450	
1768	0.06	88.500	
1769	0.06	88.550	
1770	0.06	88.600	
1771	0.06	88.650	
1772	0.06	88.700	
1773	0.06	88.751	
1774	0.06	88.801	
1775	0.06	88.850	
1776	0.04	88.900	
1777	0.06	88.950	
1778	0.06	89.000	
1779	0.06	89.050	
1780	0.06	89.101	
1781	0.06	89.150	
1782	0.06	89.200	
1783	0.06	89.250	
1784	0.06	89.300	
1785	0.06	89.351	
1786	0.06	89.400	
1787	0.04	89.450	
1788	0.04	89.500	
1789	0.06	89.550	
1790	0.04	89.601	
1791	0.04	89.650	
1792	0.04	89.700	
1793	0.06	89.750	
1794	0.06	89.800	
1795	0.04	89.851	
1796	0.04	89.900	
1797	0.06	89.950	
1798	0.06	90.000	
1799	0.06	90.050	
1800	0.06	90.100	
1801	0.06	90.162	
1802	0.06	90.200	
1803	0.04	90.253	
1804	0.04	90.300	
1805	0.06	90.350	
1806	0.06	90.400	
1807	0.06	90.450	
1808	0.06	90.500	
1809	0.06	90.550	
1810	0.04	90.600	
1811	0.06	90.650	
1812	0.06	90.700	
1813	0.04	90.750	
1814	0.06	90.800	
1815	0.06	90.850	
1816	0.06	90.900	
1817	0.06	90.950	
1818	0.04	91.000	
1819	0.04	91.050	
1820	0.04	91.110	
1821	0.06	91.151	
1822	0.12	91.202	
1823	0.20	91.250	
1824	0.42	91.300	
1825	0.76	91.350	
1826	1.26	91.400	
1827	1.70	91.451	
1828	2.14	91.501	
1829	2.72	91.550	
1830	3.18	91.600	
1831	3.44	91.650	
1832	3.48	91.700	
1833	3.46	91.750	
1834	3.46	91.800	
1835	3.44	91.850	
1836	3.44	91.900	
1837	3.44	91.950	
1838	3.44	92.000	
1839	3.42	92.050	
1840	3.42	92.101	
1841	3.42	92.150	
1842	3.42	92.200	
1843	3.42	92.250	
1844	3.42	92.300	
1845	3.42	92.350	
1846	3.40	92.400	
1847	3.42	92.450	
1848	3.42	92.500	
1849	3.40	92.550	
1850	3.40	92.600	
1851	3.40	92.650	
1852	3.40	92.700	
1853	3.40	92.750	
1854	3.40	92.800	
1855	3.40	92.851	
1856	3.40	92.900	
1857	3.40	92.950	
1858	3.40	93.001	
1859	3.40	93.050	
1860	3.40	93.101	
1861	3.40	93.150	
1862	3.40	93.200	
1863	3.40	93.250	
1864	3.38	93.301	
1865	3.40	93.350	
1866	3.40	93.400	
1867	3.38	93.450	
1868	3.40	93.500	
1869	3.38	93.550	
1870	3.38	93.600	
1871	3.38	93.650	
1872	3.38	93.700	
1873	3.38	93.750	
1874	3.38	93.800	
1875	3.38	93.850	
1876	3.38	93.900	
1877	3.38	93.950	
1878	3.38	94.000	
1879	3.38	94.050	
1880	3.38	94.111	
1881	3.38	94.151	
1882	3.38	94.209	
1883	3.38	94.250	
1884	3.38	94.350	
1885	3.38	94.400	
1886	3.38	94.500	
1887	3.38	94.550	
1888	3.38	94.613	
1889	3.38	94.650	
1890	3.38	94.708	
1891	3.38	94.751	
1892	3.38	94.800	
1893	3.38	94.850	
1894	3.38	94.900	
1895	3.38	94.950	
1896	3.38	95.000	
1897	3.38	95.050	
1898	3.38	95.100	
1899	3.38	95.150	
1900	3.38	95.200	
1901	3.38	95.250	
1902	3.40	95.300	
1903	2.72	95.350	
1904	1.86	95.400	
1905	1.18	95.450	
1906	0.62	95.500	
1907	0.34	95.551	
1908	0.26	95.600	
1909	0.24	95.650	
1910	0.24	95.700	
1911	0.24	95.750	
1912	0.20	95.800	
1913	0.18	95.850	
1914	0.14	95.900	
1915	0.10	95.950	
1916	0.08	96.000	
1917	0.08	96.050	
1918	0.08	96.100	
1919	0.08	96.150	
1920	0.08	96.200	
1921	0.08	96.250	
1922	0.08	96.300	
1923	0.08	96.350	
1924	0.08	96.400	
1925	0.08	96.451	
1926	0.06	96.500	
1927	0.08	96.550	
1928	0.06	96.600	
1929	0.06	96.650	
1930	0.06	96.701	
1931	0.06	96.750	
1932	0.06	96.800	
1933	0.06	96.850	
1934	0.06	96.900	
1935	0.06	96.950	
1936	0.06	97.000	
1937	0.06	97.100	
1938	0.06	97.150	
1939	0.06	97.200	
1940	0.06	97.250	
1941	0.06	97.300	
1942	0.06	97.350	
1943	0.06	97.400	
1944	0.06	97.450	
1945	0.06	97.500	
1946	0.06	97.550	
1947	0.06	97.600	
1948	0.06	97.650	
1949	0.06	97.700	
1950	0.06	97.750	
1951	0.06	97.800	
1952	0.06	97.850	
1953	0.06	97.900	
1954	0.06	97.950	
1955	0.06	98.000	
1956	0.06	98.050	
1957	0.06	98.100	
1958	0.06	98.150	
1959	0.06	98.200	
1960	0.06	98.250	
