7/23/2024  1:12 PM
Units: N
Readings: Continuous
X-Axis: Time

Reading	Load	Time	
1	0.00	0.000	
2	0.00	0.098	
3	0.00	0.145	
4	0.00	0.195	
5	0.00	0.245	
6	0.00	0.295	
7	0.00	0.345	
8	0.00	0.396	
9	0.00	0.445	
10	0.00	0.495	
11	0.00	0.545	
12	0.00	0.595	
13	0.00	0.645	
14	0.00	0.697	
15	0.00	0.746	
16	0.00	0.795	
17	0.00	0.845	
18	0.00	0.896	
19	0.00	0.946	
20	0.00	0.996	
21	0.00	1.045	
22	0.00	1.095	
23	0.00	1.145	
24	0.00	1.195	
25	0.00	1.245	
26	0.00	1.295	
27	0.00	1.346	
28	0.00	1.395	
29	0.00	1.445	
30	0.00	1.495	
31	0.00	1.545	
32	0.00	1.595	
33	0.00	1.646	
34	0.00	1.695	
35	0.00	1.746	
36	0.00	1.795	
37	0.00	1.845	
38	0.00	1.896	
39	0.00	1.945	
40	0.00	1.996	
41	0.00	2.045	
42	0.00	2.095	
43	0.00	2.145	
44	0.00	2.195	
45	0.00	2.245	
46	0.00	2.295	
47	0.00	2.345	
48	0.00	2.395	
49	0.00	2.445	
50	0.00	2.495	
51	0.00	2.545	
52	0.00	2.595	
53	0.00	2.646	
54	0.00	2.695	
55	0.00	2.745	
56	0.00	2.795	
57	0.00	2.845	
58	0.00	2.895	
59	0.00	2.945	
60	0.00	2.995	
61	0.00	3.045	
62	0.00	3.095	
63	0.00	3.145	
64	0.00	3.195	
65	0.00	3.246	
66	0.00	3.295	
67	0.00	3.345	
68	0.00	3.395	
69	0.00	3.446	
70	0.00	3.495	
71	0.00	3.546	
72	0.00	3.595	
73	0.00	3.645	
74	0.00	3.695	
75	0.00	3.745	
76	0.00	3.795	
77	0.00	3.846	
78	0.00	3.895	
79	0.00	3.945	
80	0.00	3.995	
81	0.00	4.045	
82	0.00	4.095	
83	0.00	4.145	
84	0.00	4.196	
85	0.00	4.246	
86	0.00	4.295	
87	0.00	4.346	
88	0.12	4.395	
89	0.42	4.445	
90	0.70	4.495	
91	1.16	4.546	
92	1.60	4.595	
93	2.04	4.645	
94	2.62	4.695	
95	3.24	4.745	
96	3.76	4.796	
97	4.04	4.845	
98	4.08	4.895	
99	4.06	4.945	
100	4.06	4.995	
101	4.04	5.046	
102	4.04	5.095	
103	4.04	5.145	
104	4.02	5.195	
105	4.02	5.246	
106	4.02	5.296	
107	4.02	5.345	
108	4.02	5.396	
109	4.00	5.445	
110	4.00	5.496	
111	4.00	5.545	
112	4.00	5.595	
113	4.00	5.645	
114	4.00	5.695	
115	4.00	5.746	
116	4.00	5.795	
117	4.00	5.846	
118	4.00	5.895	
119	4.00	5.946	
120	3.98	5.996	
121	4.00	6.045	
122	3.98	6.096	
123	3.98	6.146	
124	3.98	6.195	
125	3.98	6.246	
126	3.98	6.295	
127	3.98	6.346	
128	3.98	6.395	
129	3.98	6.445	
130	3.98	6.495	
131	3.98	6.546	
132	3.98	6.596	
133	3.98	6.645	
134	3.98	6.695	
135	3.98	6.745	
136	3.98	6.795	
137	3.98	6.846	
138	3.98	6.895	
139	3.98	6.945	
140	3.98	6.996	
141	3.98	7.045	
142	3.96	7.095	
143	3.96	7.145	
144	3.96	7.195	
145	3.96	7.245	
146	3.96	7.296	
147	3.96	7.345	
148	3.96	7.396	
149	3.96	7.446	
150	3.96	7.495	
151	3.96	7.546	
152	3.96	7.595	
153	3.96	7.645	
154	3.96	7.695	
155	3.94	7.745	
156	3.02	7.795	
157	2.12	7.845	
158	1.42	7.896	
159	0.86	7.945	
160	0.44	7.995	
161	0.26	8.046	
162	0.20	8.096	
163	0.20	8.145	
164	0.20	8.196	
165	0.20	8.245	
166	0.18	8.295	
167	0.14	8.345	
168	0.10	8.396	
169	0.06	8.445	
170	0.04	8.496	
171	0.04	8.545	
172	0.04	8.596	
173	0.04	8.645	
174	0.04	8.695	
175	0.04	8.745	
176	0.04	8.795	
177	0.04	8.846	
178	0.04	8.895	
179	0.04	8.945	
180	0.04	8.995	
181	0.04	9.045	
182	0.04	9.095	
183	0.04	9.145	
184	0.04	9.195	
185	0.04	9.245	
186	0.04	9.296	
187	0.04	9.345	
188	0.04	9.395	
189	0.04	9.445	
190	0.04	9.496	
191	0.04	9.545	
192	0.04	9.596	
193	0.02	9.645	
194	0.04	9.695	
195	0.02	9.745	
196	0.04	9.795	
197	0.02	9.846	
198	0.02	9.895	
199	0.02	9.945	
200	0.02	9.995	
201	0.02	10.045	
202	0.02	10.095	
203	0.02	10.145	
204	0.02	10.195	
205	0.02	10.245	
206	0.02	10.295	
207	0.02	10.345	
208	0.02	10.395	
209	0.02	10.446	
210	0.02	10.495	
211	0.02	10.545	
212	0.02	10.596	
213	0.02	10.645	
214	0.02	10.696	
215	0.02	10.746	
216	0.02	10.795	
217	0.02	10.845	
218	0.02	10.896	
219	0.02	10.945	
220	0.02	10.996	
221	0.02	11.046	
222	0.02	11.095	
223	0.02	11.146	
224	0.02	11.196	
225	0.02	11.245	
226	0.02	11.295	
227	0.02	11.346	
228	0.02	11.395	
229	0.02	11.445	
230	0.02	11.495	
231	0.02	11.545	
232	0.02	11.595	
233	0.02	11.646	
234	0.02	11.695	
235	0.02	11.745	
236	0.02	11.795	
237	0.02	11.845	
238	0.02	11.895	
239	0.02	11.945	
240	0.02	11.995	
241	0.02	12.046	
242	0.02	12.096	
243	0.02	12.145	
244	0.02	12.195	
245	0.02	12.245	
246	0.02	12.295	
247	0.02	12.345	
248	0.02	12.396	
249	0.02	12.446	
250	0.02	12.495	
251	0.02	12.545	
252	0.02	12.595	
253	0.02	12.645	
254	0.02	12.695	
255	0.02	12.745	
256	0.02	12.796	
257	0.02	12.846	
258	0.02	12.895	
259	0.02	12.945	
260	0.02	12.995	
261	0.02	13.045	
262	0.02	13.095	
263	0.02	13.145	
264	0.02	13.195	
265	0.02	13.245	
266	0.02	13.295	
267	0.02	13.345	
268	0.02	13.395	
269	0.02	13.445	
270	0.02	13.495	
271	0.02	13.545	
272	0.02	13.595	
273	0.02	13.645	
274	0.02	13.695	
275	0.02	13.745	
276	0.02	13.795	
277	0.14	13.845	
278	0.38	13.895	
279	0.68	13.945	
280	1.14	13.995	
281	1.60	14.045	
282	2.06	14.095	
283	2.60	14.145	
284	3.24	14.195	
285	3.76	14.245	
286	4.02	14.295	
287	4.06	14.345	
288	4.04	14.395	
289	4.02	14.448	
290	4.02	14.495	
291	4.02	14.545	
292	4.00	14.596	
293	4.00	14.645	
294	4.00	14.695	
295	4.00	14.745	
296	4.00	14.795	
297	4.00	14.845	
298	3.98	14.895	
299	3.98	14.945	
300	3.98	14.995	
301	3.98	15.045	
302	3.98	15.095	
303	3.98	15.145	
304	3.98	15.195	
305	3.98	15.245	
306	3.96	15.295	
307	3.98	15.345	
308	3.96	15.395	
309	3.96	15.445	
310	3.96	15.495	
311	3.96	15.545	
312	3.96	15.595	
313	3.96	15.645	
314	3.96	15.695	
315	3.96	15.745	
316	3.96	15.795	
317	3.96	15.845	
318	3.96	15.895	
319	3.96	15.945	
320	3.96	15.995	
321	3.96	16.045	
322	3.96	16.095	
323	3.94	16.145	
324	3.94	16.195	
325	3.94	16.246	
326	3.94	16.295	
327	3.94	16.346	
328	3.94	16.395	
329	3.94	16.445	
330	3.94	16.495	
331	3.94	16.545	
332	3.94	16.596	
333	3.94	16.645	
334	3.94	16.695	
335	3.94	16.745	
336	3.94	16.795	
337	3.94	16.845	
338	3.94	16.895	
339	3.94	16.945	
340	3.94	16.995	
341	3.94	17.045	
342	3.94	17.095	
343	3.94	17.145	
344	3.94	17.195	
345	3.58	17.245	
346	2.62	17.295	
347	1.78	17.345	
348	1.16	17.396	
349	0.64	17.445	
350	0.34	17.495	
351	0.24	17.545	
352	0.20	17.595	
353	0.20	17.645	
354	0.20	17.695	
355	0.20	17.746	
356	0.16	17.795	
357	0.14	17.846	
358	0.08	17.895	
359	0.06	17.946	
360	0.06	17.995	
361	0.06	18.045	
362	0.06	18.095	
363	0.06	18.146	
364	0.04	18.196	
365	0.04	18.245	
366	0.06	18.295	
367	0.06	18.345	
368	0.04	18.395	
369	0.04	18.445	
370	0.04	18.496	
371	0.04	18.545	
372	0.04	18.596	
373	0.04	18.646	
374	0.04	18.696	
375	0.04	18.745	
376	0.04	18.795	
377	0.04	18.845	
378	0.04	18.895	
379	0.04	18.945	
380	0.04	18.996	
381	0.04	19.045	
382	0.04	19.096	
383	0.04	19.145	
384	0.04	19.195	
385	0.04	19.245	
386	0.04	19.295	
387	0.04	19.345	
388	0.04	19.395	
389	0.04	19.446	
390	0.04	19.495	
391	0.04	19.545	
392	0.04	19.596	
393	0.04	19.645	
394	0.04	19.695	
395	0.04	19.746	
396	0.04	19.795	
397	0.04	19.845	
398	0.04	19.895	
399	0.04	19.945	
400	0.04	19.995	
401	0.04	20.045	
402	0.04	20.095	
403	0.04	20.145	
404	0.04	20.195	
405	0.04	20.245	
406	0.04	20.296	
407	0.04	20.345	
408	0.04	20.395	
409	0.04	20.445	
410	0.04	20.495	
411	0.04	20.545	
412	0.04	20.595	
413	0.04	20.645	
414	0.04	20.695	
415	0.04	20.745	
416	0.04	20.795	
417	0.02	20.845	
418	0.04	20.895	
419	0.04	20.945	
420	0.04	20.995	
421	0.04	21.045	
422	0.02	21.095	
423	0.04	21.145	
424	0.04	21.196	
425	0.02	21.245	
426	0.04	21.295	
427	0.02	21.345	
428	0.04	21.395	
429	0.04	21.446	
430	0.02	21.495	
431	0.02	21.545	
432	0.04	21.595	
433	0.02	21.645	
434	0.02	21.695	
435	0.02	21.745	
436	0.02	21.795	
437	0.02	21.845	
438	0.02	21.895	
439	0.02	21.945	
440	0.02	21.995	
441	0.02	22.045	
442	0.04	22.095	
443	0.02	22.145	
444	0.02	22.195	
445	0.02	22.245	
446	0.04	22.295	
447	0.04	22.345	
448	0.02	22.395	
449	0.02	22.446	
450	0.08	22.495	
451	0.34	22.545	
452	0.58	22.595	
453	0.96	22.645	
454	1.42	22.695	
455	1.88	22.745	
456	2.32	22.795	
457	2.98	22.845	
458	3.60	22.895	
459	4.02	22.945	
460	4.16	22.995	
461	4.16	23.045	
462	4.14	23.095	
463	4.14	23.145	
464	4.12	23.195	
465	4.12	23.246	
466	4.12	23.295	
467	4.12	23.345	
468	4.10	23.395	
469	4.10	23.445	
470	4.10	23.495	
471	4.10	23.546	
472	4.10	23.595	
473	4.10	23.645	
474	4.10	23.695	
475	4.08	23.745	
476	4.08	23.795	
477	4.08	23.845	
478	4.08	23.895	
479	4.08	23.946	
480	4.08	23.995	
481	4.08	24.045	
482	4.08	24.095	
483	4.08	24.145	
484	4.08	24.196	
485	4.08	24.245	
486	4.08	24.295	
487	4.06	24.345	
488	4.06	24.395	
489	4.06	24.445	
490	4.06	24.495	
491	4.06	24.546	
492	4.06	24.596	
493	4.06	24.645	
494	4.06	24.695	
495	4.06	24.746	
496	4.06	24.795	
497	4.06	24.845	
498	4.06	24.895	
499	4.06	24.945	
500	4.06	24.995	
501	4.06	25.045	
502	4.06	25.095	
503	4.06	25.145	
504	4.06	25.195	
505	4.06	25.245	
506	4.06	25.295	
507	4.06	25.345	
508	4.06	25.396	
509	4.06	25.445	
510	4.06	25.495	
511	4.06	25.545	
512	4.06	25.595	
513	4.06	25.645	
514	4.06	25.695	
515	4.06	25.745	
516	4.06	25.795	
517	4.06	25.845	
518	4.06	25.895	
519	4.06	25.945	
520	4.06	25.995	
521	4.06	26.045	
522	4.06	26.095	
523	4.06	26.145	
524	4.06	26.195	
525	4.06	26.245	
526	4.04	26.295	
527	4.06	26.345	
528	3.58	26.395	
529	2.60	26.446	
530	1.78	26.495	
531	1.16	26.545	
532	0.64	26.595	
533	0.34	26.645	
534	0.26	26.695	
535	0.22	26.745	
536	0.22	26.795	
537	0.22	26.846	
538	0.20	26.895	
539	0.18	26.946	
540	0.14	26.995	
541	0.08	27.045	
542	0.06	27.095	
543	0.06	27.145	
544	0.06	27.196	
545	0.06	27.245	
546	0.06	27.295	
547	0.06	27.345	
548	0.06	27.395	
549	0.06	27.445	
550	0.06	27.495	
551	0.06	27.545	
552	0.06	27.595	
553	0.06	27.645	
554	0.06	27.695	
555	0.06	27.745	
556	0.06	27.795	
557	0.06	27.845	
558	0.06	27.895	
559	0.06	27.945	
560	0.06	27.995	
561	0.06	28.045	
562	0.06	28.095	
563	0.06	28.149	
564	0.06	28.195	
565	0.06	28.248	
566	0.06	28.295	
567	0.06	28.345	
568	0.06	28.395	
569	0.04	28.445	
570	0.06	28.495	
571	0.06	28.545	
572	0.06	28.595	
573	0.04	28.645	
574	0.04	28.695	
575	0.04	28.745	
576	0.04	28.795	
577	0.04	28.845	
578	0.06	28.895	
579	0.04	28.945	
580	0.04	28.995	
581	0.04	29.045	
582	0.04	29.095	
583	0.04	29.145	
584	0.04	29.195	
585	0.04	29.245	
586	0.04	29.295	
587	0.04	29.345	
588	0.04	29.395	
589	0.04	29.445	
590	0.04	29.495	
591	0.04	29.545	
592	0.04	29.595	
593	0.04	29.645	
594	0.04	29.695	
595	0.04	29.745	
596	0.04	29.795	
597	0.04	29.845	
598	0.04	29.895	
599	0.04	29.945	
600	0.04	29.995	
601	0.04	30.045	
602	0.04	30.095	
603	0.04	30.145	
604	0.04	30.195	
605	0.04	30.245	
606	0.04	30.295	
607	0.04	30.345	
608	0.04	30.395	
609	0.04	30.445	
610	0.04	30.495	
611	0.04	30.545	
612	0.04	30.595	
613	0.04	30.645	
614	0.04	30.696	
615	0.04	30.745	
616	0.04	30.795	
617	0.04	30.845	
618	0.04	30.895	
619	0.04	30.945	
620	0.04	30.995	
621	0.04	31.045	
622	0.04	31.095	
623	0.04	31.145	
624	0.04	31.196	
625	0.04	31.245	
626	0.04	31.295	
627	0.04	31.346	
628	0.04	31.395	
629	0.04	31.446	
630	0.04	31.496	
631	0.04	31.545	
632	0.04	31.595	
633	0.04	31.645	
634	0.04	31.695	
635	0.04	31.745	
636	0.04	31.795	
637	0.04	31.845	
638	0.04	31.895	
639	0.04	31.945	
640	0.04	31.995	
641	0.04	32.045	
642	0.04	32.095	
643	0.04	32.145	
644	0.04	32.195	
645	0.04	32.245	
646	0.04	32.295	
647	0.04	32.345	
648	0.04	32.395	
649	0.04	32.445	
650	0.04	32.495	
651	0.04	32.545	
652	0.04	32.595	
653	0.04	32.645	
654	0.04	32.695	
655	0.04	32.745	
656	0.04	32.795	
657	0.04	32.845	
658	0.04	32.895	
659	0.04	32.945	
660	0.04	32.995	
661	0.04	33.045	
662	0.04	33.095	
663	0.06	33.145	
664	0.20	33.195	
665	0.46	33.245	
666	0.76	33.295	
667	1.24	33.345	
668	1.70	33.395	
669	2.14	33.445	
670	2.74	33.495	
671	3.38	33.545	
672	3.88	33.595	
673	4.14	33.645	
674	4.16	33.695	
675	4.14	33.745	
676	4.14	33.795	
677	4.12	33.845	
678	4.12	33.895	
679	4.12	33.945	
680	4.10	33.995	
681	4.10	34.045	
682	4.10	34.095	
683	4.10	34.145	
684	4.10	34.195	
685	4.10	34.245	
686	4.08	34.295	
687	4.08	34.345	
688	4.08	34.395	
689	4.08	34.445	
690	4.08	34.495	
691	4.08	34.545	
692	4.08	34.595	
693	4.08	34.645	
694	4.08	34.695	
695	4.08	34.745	
696	4.06	34.795	
697	4.06	34.845	
698	4.06	34.895	
699	4.06	34.945	
700	4.06	34.995	
701	4.06	35.045	
702	4.06	35.095	
703	4.06	35.145	
704	4.06	35.195	
705	4.06	35.245	
706	4.06	35.295	
707	4.06	35.345	
708	4.06	35.396	
709	4.06	35.445	
710	4.06	35.495	
711	4.06	35.545	
712	4.06	35.595	
713	4.06	35.645	
714	4.06	35.695	
715	4.06	35.745	
716	4.06	35.796	
717	4.06	35.845	
718	4.06	35.895	
719	4.06	35.946	
720	4.06	35.996	
721	4.06	36.045	
722	4.06	36.095	
723	4.04	36.145	
724	4.04	36.195	
725	4.06	36.245	
726	4.04	36.295	
727	4.04	36.345	
728	4.04	36.395	
729	4.06	36.445	
730	4.04	36.495	
731	4.04	36.545	
732	4.04	36.596	
733	4.04	36.645	
734	4.04	36.695	
735	4.04	36.745	
736	4.04	36.795	
737	4.04	36.845	
738	4.04	36.895	
739	4.04	36.945	
740	4.04	36.995	
741	4.04	37.045	
742	4.04	37.095	
743	4.04	37.145	
744	4.06	37.195	
745	3.26	37.245	
746	1.76	37.297	
747	1.54	37.345	
748	0.98	37.395	
749	0.54	37.445	
750	0.30	37.495	
751	0.24	37.545	
752	0.22	37.595	
753	0.22	37.645	
754	0.22	37.695	
755	0.22	37.745	
756	0.18	37.795	
757	0.14	37.845	
758	0.08	37.895	
759	0.06	37.945	
760	0.08	37.996	
761	0.06	38.045	
762	0.08	38.095	
763	0.08	38.145	
764	0.06	38.195	
765	0.06	38.245	
766	0.06	38.295	
767	0.06	38.345	
768	0.06	38.395	
769	0.06	38.445	
770	0.06	38.495	
771	0.06	38.545	
772	0.06	38.595	
773	0.06	38.645	
774	0.06	38.695	
775	0.06	38.745	
776	0.06	38.795	
777	0.06	38.845	
778	0.06	38.895	
779	0.06	38.945	
780	0.06	38.995	
781	0.06	39.045	
782	0.06	39.095	
783	0.06	39.145	
784	0.06	39.195	
785	0.06	39.245	
786	0.06	39.295	
787	0.06	39.345	
788	0.06	39.395	
789	0.06	39.445	
790	0.06	39.495	
791	0.06	39.545	
792	0.06	39.595	
793	0.06	39.645	
794	0.06	39.695	
795	0.06	39.745	
796	0.06	39.795	
797	0.06	39.845	
798	0.06	39.895	
799	0.06	39.945	
800	0.06	39.995	
801	0.06	40.045	
802	0.06	40.095	
803	0.06	40.145	
804	0.06	40.195	
805	0.06	40.245	
806	0.06	40.296	
807	0.06	40.345	
808	0.06	40.395	
809	0.06	40.445	
810	0.06	40.495	
811	0.06	40.545	
812	0.06	40.595	
813	0.06	40.645	
814	0.06	40.695	
815	0.06	40.745	
816	0.06	40.795	
817	0.06	40.845	
818	0.06	40.895	
819	0.06	40.945	
820	0.06	40.995	
821	0.06	41.045	
822	0.06	41.095	
823	0.06	41.145	
824	0.06	41.195	
825	0.06	41.245	
826	0.06	41.295	
827	0.06	41.345	
828	0.06	41.395	
829	0.06	41.445	
830	0.06	41.495	
831	0.06	41.545	
832	0.06	41.595	
833	0.06	41.645	
834	0.06	41.695	
835	0.06	41.745	
836	0.06	41.795	
837	0.06	41.845	
838	0.06	41.895	
839	0.06	41.945	
840	0.06	41.995	
841	0.06	42.045	
842	0.06	42.095	
843	0.06	42.145	
844	0.06	42.196	
845	0.06	42.245	
846	0.06	42.295	
847	0.04	42.345	
848	0.06	42.395	
849	0.06	42.445	
850	0.06	42.495	
851	0.04	42.545	
852	0.06	42.595	
853	0.04	42.645	
854	0.06	42.695	
855	0.06	42.745	
856	0.06	42.795	
857	0.04	42.845	
858	0.04	42.895	
859	0.04	42.945	
860	0.06	42.996	
861	0.18	43.045	
862	0.40	43.095	
863	0.70	43.145	
864	1.16	43.195	
865	1.64	43.246	
866	2.10	43.295	
867	2.62	43.345	
868	3.26	43.395	
869	3.80	43.446	
870	4.08	43.496	
871	4.12	43.545	
872	4.10	43.595	
873	4.10	43.645	
874	4.08	43.695	
875	4.08	43.745	
876	4.08	43.795	
877	4.06	43.845	
878	4.06	43.895	
879	4.06	43.945	
880	4.06	43.996	
881	4.06	44.045	
882	4.06	44.095	
883	4.04	44.145	
884	4.04	44.195	
885	4.04	44.246	
886	4.04	44.295	
887	4.04	44.345	
888	4.04	44.395	
889	4.04	44.445	
890	4.04	44.495	
891	4.04	44.545	
892	4.04	44.595	
893	4.04	44.645	
894	4.04	44.695	
895	4.04	44.745	
896	4.04	44.795	
897	4.02	44.845	
898	4.02	44.895	
899	4.04	44.946	
900	4.02	44.995	
901	4.02	45.045	
902	4.02	45.095	
903	4.02	45.149	
904	4.02	45.195	
905	4.02	45.245	
906	4.02	45.295	
907	4.02	45.345	
908	4.02	45.396	
909	4.02	45.445	
910	4.02	45.495	
911	4.02	45.545	
912	4.02	45.596	
913	4.02	45.645	
914	4.02	45.695	
915	4.02	45.745	
916	4.02	45.795	
917	4.02	45.845	
918	4.02	45.895	
919	4.02	45.946	
920	4.02	45.995	
921	4.00	46.045	
922	4.00	46.095	
923	4.00	46.145	
924	4.00	46.195	
925	4.00	46.245	
926	4.00	46.295	
927	4.00	46.345	
928	4.00	46.395	
929	4.00	46.445	
930	4.00	46.495	
931	4.00	46.545	
932	4.00	46.595	
933	4.00	46.645	
934	4.00	46.695	
935	4.00	46.745	
936	4.00	46.795	
937	4.00	46.845	
938	4.00	46.895	
939	4.00	46.945	
940	4.00	46.995	
941	4.00	47.045	
942	4.00	47.095	
943	4.00	47.145	
944	4.00	47.195	
945	4.00	47.245	
946	4.00	47.296	
947	4.00	47.345	
948	4.00	47.395	
949	3.82	47.445	
950	2.84	47.495	
951	1.98	47.545	
952	1.32	47.595	
953	0.78	47.645	
954	0.42	47.695	
955	0.28	47.745	
956	0.24	47.795	
957	0.24	47.845	
958	0.24	47.895	
959	0.24	47.945	
960	0.20	47.995	
961	0.18	48.045	
962	0.12	48.095	
963	0.10	48.145	
964	0.08	48.195	
965	0.08	48.245	
966	0.08	48.295	
967	0.08	48.345	
968	0.08	48.395	
969	0.08	48.445	
970	0.08	48.496	
971	0.08	48.545	
972	0.08	48.595	
973	0.08	48.645	
974	0.08	48.695	
975	0.08	48.745	
976	0.08	48.795	
977	0.08	48.845	
978	0.08	48.895	
979	0.08	48.945	
980	0.08	48.995	
981	0.08	49.045	
982	0.08	49.095	
983	0.08	49.146	
984	0.08	49.195	
985	0.08	49.245	
986	0.08	49.295	
987	0.06	49.345	
988	0.06	49.396	
989	0.06	49.445	
990	0.06	49.495	
991	0.06	49.545	
992	0.06	49.595	
993	0.06	49.645	
994	0.06	49.696	
995	0.08	49.745	
996	0.06	49.795	
997	0.06	49.845	
998	0.06	49.895	
999	0.06	49.945	
1000	0.06	49.995	
1001	0.06	50.045	
1002	0.06	50.095	
1003	0.06	50.149	
1004	0.08	50.195	
1005	0.06	50.245	
1006	0.06	50.295	
1007	0.06	50.345	
1008	0.06	50.395	
1009	0.06	50.445	
1010	0.06	50.495	
1011	0.06	50.545	
1012	0.06	50.595	
1013	0.06	50.645	
1014	0.06	50.695	
1015	0.06	50.745	
1016	0.06	50.795	
1017	0.06	50.845	
1018	0.06	50.895	
1019	0.06	50.945	
1020	0.06	50.995	
1021	0.06	51.045	
1022	0.06	51.095	
1023	0.06	51.145	
1024	0.06	51.196	
1025	0.06	51.245	
1026	0.06	51.295	
1027	0.06	51.345	
1028	0.06	51.395	
1029	0.06	51.445	
1030	0.06	51.496	
1031	0.06	51.545	
1032	0.06	51.595	
1033	0.06	51.645	
1034	0.06	51.695	
1035	0.06	51.745	
1036	0.06	51.795	
1037	0.06	51.846	
1038	0.06	51.895	
1039	0.06	51.945	
1040	0.06	51.995	
1041	0.06	52.045	
1042	0.06	52.095	
1043	0.06	52.145	
1044	0.06	52.195	
1045	0.06	52.245	
1046	0.06	52.295	
1047	0.06	52.345	
1048	0.06	52.395	
1049	0.06	52.445	
1050	0.06	52.495	
1051	0.06	52.545	
1052	0.06	52.595	
1053	0.06	52.645	
1054	0.06	52.695	
1055	0.06	52.745	
1056	0.06	52.795	
1057	0.06	52.845	
1058	0.06	52.895	
1059	0.06	52.945	
1060	0.06	52.995	
1061	0.06	53.045	
1062	0.06	53.095	
1063	0.06	53.145	
1064	0.06	53.195	
1065	0.06	53.245	
1066	0.06	53.295	
1067	0.06	53.345	
1068	0.06	53.395	
1069	0.06	53.445	
1070	0.06	53.495	
1071	0.06	53.545	
1072	0.06	53.595	
1073	0.06	53.645	
1074	0.06	53.695	
1075	0.06	53.745	
1076	0.06	53.795	
1077	0.06	53.845	
1078	0.14	53.895	
1079	0.36	53.945	
1080	0.66	53.995	
1081	1.10	54.045	
1082	1.58	54.095	
1083	2.06	54.145	
1084	2.54	54.195	
1085	3.20	54.245	
1086	3.76	54.295	
1087	4.12	54.345	
1088	4.20	54.395	
1089	4.18	54.446	
1090	4.18	54.496	
1091	4.16	54.545	
1092	4.16	54.596	
1093	4.14	54.645	
1094	4.14	54.695	
1095	4.14	54.745	
1096	4.14	54.795	
1097	4.12	54.845	
1098	4.12	54.895	
1099	4.12	54.946	
1100	4.12	54.996	
1101	4.12	55.045	
1102	4.12	55.095	
1103	4.12	55.150	
1104	4.12	55.195	
1105	4.12	55.245	
1106	4.12	55.295	
1107	4.12	55.345	
1108	4.10	55.395	
1109	4.10	55.445	
1110	4.10	55.495	
1111	4.10	55.545	
1112	4.10	55.596	
1113	4.10	55.645	
1114	4.10	55.695	
1115	4.10	55.745	
1116	4.10	55.795	
1117	4.10	55.845	
1118	4.10	55.896	
1119	4.10	55.945	
1120	4.08	55.995	
1121	4.10	56.045	
1122	4.10	56.095	
1123	4.10	56.145	
1124	4.08	56.195	
1125	4.08	56.246	
1126	4.08	56.295	
1127	4.10	56.345	
1128	4.08	56.395	
1129	4.08	56.445	
1130	4.08	56.496	
1131	4.08	56.545	
1132	4.08	56.595	
1133	4.08	56.645	
1134	4.08	56.695	
1135	4.08	56.746	
1136	4.08	56.795	
1137	4.08	56.845	
1138	4.08	56.895	
1139	4.08	56.946	
1140	4.08	56.996	
1141	4.08	57.045	
1142	4.08	57.095	
1143	4.08	57.145	
1144	4.08	57.195	
1145	4.08	57.246	
1146	4.08	57.295	
1147	4.08	57.345	
1148	4.08	57.395	
1149	4.08	57.445	
1150	4.08	57.496	
1151	4.08	57.545	
1152	4.08	57.595	
1153	4.08	57.645	
1154	4.08	57.695	
1155	4.08	57.745	
1156	4.06	57.796	
1157	4.06	57.845	
1158	4.08	57.895	
1159	4.08	57.945	
1160	4.06	57.995	
1161	4.06	58.045	
1162	4.06	58.095	
1163	4.06	58.145	
1164	4.08	58.195	
1165	3.52	58.246	
1166	2.54	58.296	
1167	1.74	58.345	
1168	1.14	58.395	
1169	0.64	58.445	
1170	0.36	58.495	
1171	0.26	58.545	
1172	0.26	58.595	
1173	0.24	58.646	
1174	0.24	58.695	
1175	0.24	58.745	
1176	0.20	58.795	
1177	0.18	58.845	
1178	0.12	58.895	
1179	0.10	58.945	
1180	0.10	58.996	
1181	0.10	59.045	
1182	0.10	59.095	
1183	0.10	59.145	
1184	0.10	59.195	
1185	0.10	59.246	
1186	0.10	59.295	
1187	0.10	59.345	
1188	0.08	59.395	
1189	0.08	59.445	
1190	0.08	59.495	
1191	0.08	59.545	
1192	0.08	59.595	
1193	0.08	59.645	
1194	0.08	59.695	
1195	0.08	59.745	
1196	0.08	59.795	
1197	0.08	59.845	
1198	0.08	59.895	
1199	0.08	59.948	
1200	0.08	59.995	
1201	0.08	60.045	
1202	0.08	60.095	
1203	0.08	60.151	
1204	0.08	60.195	
1205	0.08	60.245	
1206	0.08	60.295	
1207	0.08	60.345	
1208	0.08	60.395	
1209	0.08	60.445	
1210	0.08	60.495	
1211	0.08	60.545	
1212	0.08	60.595	
1213	0.08	60.645	
1214	0.08	60.695	
1215	0.08	60.745	
1216	0.08	60.795	
1217	0.08	60.845	
1218	0.08	60.895	
1219	0.08	60.945	
1220	0.08	60.995	
1221	0.08	61.045	
1222	0.08	61.095	
1223	0.08	61.145	
1224	0.08	61.195	
1225	0.08	61.245	
1226	0.08	61.295	
1227	0.08	61.345	
1228	0.08	61.396	
1229	0.08	61.445	
1230	0.08	61.495	
1231	0.08	61.545	
1232	0.08	61.595	
1233	0.08	61.645	
1234	0.08	61.695	
1235	0.08	61.745	
1236	0.08	61.795	
1237	0.08	61.845	
1238	0.08	61.895	
1239	0.08	61.945	
1240	0.08	61.995	
1241	0.06	62.045	
1242	0.08	62.096	
1243	0.08	62.145	
1244	0.08	62.195	
1245	0.08	62.245	
1246	0.06	62.295	
1247	0.08	62.345	
1248	0.08	62.395	
1249	0.08	62.445	
1250	0.08	62.495	
1251	0.08	62.546	
1252	0.08	62.595	
1253	0.08	62.645	
1254	0.08	62.695	
1255	0.08	62.745	
1256	0.08	62.795	
1257	0.08	62.845	
1258	0.08	62.895	
1259	0.06	62.945	
1260	0.06	62.995	
1261	0.06	63.045	
1262	0.08	63.095	
1263	0.06	63.145	
1264	0.08	63.195	
1265	0.06	63.245	
1266	0.06	63.295	
1267	0.08	63.345	
1268	0.08	63.395	
1269	0.06	63.445	
1270	0.08	63.495	
1271	0.08	63.545	
1272	0.06	63.595	
1273	0.08	63.645	
1274	0.08	63.695	
1275	0.08	63.745	
1276	0.06	63.795	
1277	0.06	63.845	
1278	0.08	63.895	
1279	0.06	63.945	
1280	0.06	63.995	
1281	0.06	64.045	
1282	0.08	64.095	
1283	0.08	64.145	
1284	0.06	64.195	
1285	0.06	64.245	
1286	0.06	64.295	
1287	0.06	64.345	
1288	0.06	64.396	
1289	0.08	64.445	
1290	0.20	64.495	
1291	0.44	64.545	
1292	0.74	64.595	
1293	1.20	64.645	
1294	1.68	64.695	
1295	2.10	64.745	
1296	2.66	64.795	
1297	3.30	64.845	
1298	3.84	64.895	
1299	4.14	64.945	
1300	4.20	64.996	
1301	4.18	65.045	
1302	4.16	65.095	
1303	4.14	65.154	
1304	4.14	65.195	
1305	4.14	65.245	
1306	4.14	65.295	
1307	4.14	65.345	
1308	4.12	65.395	
1309	4.12	65.445	
1310	4.12	65.495	
1311	4.12	65.545	
1312	4.12	65.595	
1313	4.12	65.645	
1314	4.12	65.695	
1315	4.10	65.745	
1316	4.10	65.795	
1317	4.10	65.845	
1318	4.10	65.895	
1319	4.10	65.945	
1320	4.10	65.995	
1321	4.10	66.045	
1322	4.10	66.095	
1323	4.10	66.145	
1324	4.10	66.195	
1325	4.10	66.245	
1326	4.10	66.295	
1327	4.10	66.345	
1328	4.08	66.395	
1329	4.10	66.445	
1330	4.10	66.495	
1331	4.10	66.545	
1332	4.08	66.595	
1333	4.08	66.645	
1334	4.08	66.695	
1335	4.08	66.745	
1336	4.08	66.795	
1337	4.08	66.845	
1338	4.08	66.895	
1339	4.08	66.945	
1340	4.08	66.995	
1341	4.08	67.045	
1342	4.08	67.095	
1343	4.08	67.145	
1344	4.08	67.195	
1345	4.08	67.245	
1346	4.08	67.295	
1347	4.08	67.345	
1348	4.08	67.395	
1349	4.08	67.445	
1350	4.08	67.495	
1351	4.08	67.545	
1352	4.08	67.595	
1353	4.08	67.645	
1354	4.08	67.695	
1355	4.08	67.745	
1356	4.06	67.795	
1357	4.08	67.845	
1358	4.06	67.895	
1359	4.08	67.945	
1360	4.06	67.995	
1361	4.06	68.045	
1362	4.08	68.095	
1363	4.06	68.145	
1364	4.08	68.195	
1365	4.06	68.245	
1366	4.06	68.295	
1367	4.06	68.345	
1368	4.06	68.395	
1369	4.06	68.445	
1370	4.06	68.495	
1371	4.06	68.545	
1372	4.06	68.595	
1373	4.06	68.645	
1374	4.06	68.695	
1375	4.06	68.746	
1376	4.06	68.795	
1377	4.06	68.845	
1378	4.06	68.895	
1379	4.02	68.945	
1380	3.08	68.995	
1381	2.18	69.045	
1382	1.48	69.095	
1383	0.92	69.145	
1384	0.50	69.195	
1385	0.28	69.252	
1386	0.26	69.295	
1387	0.26	69.345	
1388	0.26	69.395	
1389	0.26	69.445	
1390	0.24	69.495	
1391	0.20	69.545	
1392	0.16	69.595	
1393	0.12	69.645	
1394	0.10	69.695	
1395	0.10	69.745	
1396	0.10	69.795	
1397	0.10	69.845	
1398	0.10	69.895	
1399	0.10	69.945	
1400	0.10	69.995	
1401	0.10	70.046	
1402	0.10	70.095	
1403	0.10	70.154	
1404	0.10	70.195	
1405	0.10	70.245	
1406	0.10	70.296	
1407	0.10	70.345	
1408	0.10	70.395	
1409	0.10	70.445	
1410	0.10	70.495	
1411	0.10	70.546	
1412	0.10	70.595	
1413	0.10	70.645	
1414	0.10	70.695	
1415	0.10	70.745	
1416	0.10	70.796	
1417	0.10	70.845	
1418	0.10	70.895	
1419	0.10	70.945	
1420	0.10	70.995	
1421	0.10	71.046	
1422	0.10	71.095	
1423	0.08	71.145	
1424	0.08	71.195	
1425	0.08	71.245	
1426	0.08	71.295	
1427	0.08	71.345	
1428	0.08	71.395	
1429	0.08	71.445	
1430	0.08	71.495	
1431	0.08	71.545	
1432	0.08	71.595	
1433	0.08	71.645	
1434	0.08	71.695	
1435	0.10	71.745	
1436	0.08	71.795	
1437	0.08	71.845	
1438	0.08	71.895	
1439	0.08	71.946	
1440	0.08	71.995	
1441	0.08	72.046	
1442	0.08	72.095	
1443	0.08	72.145	
1444	0.08	72.195	
1445	0.08	72.245	
1446	0.08	72.295	
1447	0.08	72.345	
1448	0.08	72.395	
1449	0.08	72.445	
1450	0.08	72.495	
1451	0.08	72.546	
1452	0.08	72.595	
1453	0.08	72.645	
1454	0.08	72.695	
1455	0.08	72.745	
1456	0.08	72.796	
1457	0.08	72.845	
1458	0.08	72.895	
1459	0.08	72.945	
1460	0.08	72.995	
1461	0.08	73.045	
1462	0.08	73.095	
1463	0.08	73.145	
1464	0.08	73.195	
1465	0.08	73.245	
1466	0.08	73.295	
1467	0.08	73.345	
1468	0.08	73.395	
1469	0.08	73.445	
1470	0.08	73.495	
1471	0.08	73.545	
1472	0.08	73.595	
1473	0.08	73.645	
1474	0.08	73.695	
1475	0.08	73.745	
1476	0.08	73.795	
1477	0.08	73.845	
1478	0.08	73.895	
1479	0.08	73.945	
1480	0.08	73.995	
1481	0.08	74.045	
1482	0.08	74.095	
1483	0.08	74.145	
1484	0.08	74.195	
1485	0.08	74.245	
1486	0.08	74.295	
1487	0.08	74.345	
1488	0.08	74.395	
1489	0.08	74.445	
1490	0.08	74.495	
1491	0.08	74.545	
1492	0.08	74.595	
1493	0.08	74.645	
1494	0.08	74.695	
1495	0.08	74.745	
1496	0.08	74.796	
1497	0.08	74.845	
1498	0.08	74.895	
1499	0.08	74.945	
1500	0.08	74.995	
1501	0.08	75.046	
1502	0.08	75.095	
1503	0.08	75.145	
1504	0.08	75.195	
1505	0.08	75.245	
1506	0.08	75.296	
1507	0.08	75.345	
1508	0.16	75.395	
1509	0.42	75.445	
1510	0.70	75.495	
1511	1.12	75.546	
1512	1.62	75.595	
1513	2.06	75.645	
1514	2.54	75.695	
1515	3.20	75.745	
1516	3.74	75.795	
1517	4.08	75.845	
1518	4.16	75.895	
1519	4.14	75.945	
1520	4.14	75.995	
1521	4.12	76.045	
1522	4.12	76.095	
1523	4.12	76.145	
1524	4.12	76.195	
1525	4.10	76.245	
1526	4.10	76.295	
1527	4.10	76.345	
1528	4.10	76.395	
1529	4.08	76.446	
1530	4.08	76.495	
1531	4.08	76.545	
1532	4.08	76.595	
1533	4.08	76.645	
1534	4.08	76.695	
1535	4.08	76.745	
1536	4.08	76.795	
1537	4.08	76.845	
1538	4.08	76.895	
1539	4.06	76.945	
1540	4.06	76.995	
1541	4.06	77.045	
1542	4.06	77.095	
1543	4.06	77.145	
1544	4.06	77.195	
1545	4.06	77.245	
1546	4.06	77.295	
1547	4.06	77.345	
1548	4.06	77.395	
1549	4.06	77.445	
1550	4.06	77.495	
1551	4.06	77.545	
1552	4.06	77.595	
1553	4.06	77.645	
1554	4.06	77.695	
1555	4.06	77.745	
1556	4.06	77.795	
1557	4.06	77.845	
1558	4.06	77.895	
1559	4.06	77.945	
1560	4.06	77.995	
1561	4.06	78.045	
1562	4.06	78.095	
1563	4.06	78.145	
1564	4.06	78.195	
1565	4.06	78.245	
1566	4.04	78.295	
1567	4.06	78.345	
1568	4.06	78.396	
1569	4.04	78.445	
1570	4.04	78.495	
1571	4.04	78.545	
1572	4.04	78.595	
1573	4.04	78.645	
1574	4.04	78.695	
1575	4.04	78.745	
1576	4.04	78.795	
1577	4.04	78.845	
1578	4.04	78.895	
1579	4.04	78.945	
1580	4.04	78.995	
1581	4.04	79.045	
1582	4.04	79.095	
1583	4.04	79.145	
1584	4.04	79.195	
1585	4.04	79.245	
1586	4.04	79.295	
1587	4.04	79.345	
1588	4.04	79.396	
1589	4.04	79.445	
1590	4.04	79.495	
1591	4.06	79.545	
1592	3.44	79.595	
1593	2.46	79.645	
1594	1.70	79.695	
1595	1.10	79.745	
1596	0.62	79.795	
1597	0.36	79.845	
1598	0.28	79.895	
1599	0.26	79.945	
1600	0.26	79.995	
1601	0.26	80.046	
1602	0.24	80.096	
1603	0.18	80.158	
1604	0.18	80.195	
1605	0.12	80.249	
1606	0.12	80.295	
1607	0.12	80.345	
1608	0.12	80.395	
1609	0.12	80.445	
1610	0.12	80.495	
1611	0.12	80.545	
1612	0.12	80.595	
1613	0.12	80.645	
1614	0.10	80.695	
1615	0.10	80.745	
1616	0.10	80.795	
1617	0.10	80.845	
1618	0.10	80.895	
1619	0.10	80.945	
1620	0.10	80.995	
1621	0.10	81.045	
1622	0.10	81.095	
1623	0.10	81.145	
1624	0.10	81.195	
1625	0.10	81.245	
1626	0.10	81.296	
1627	0.10	81.345	
1628	0.10	81.395	
1629	0.10	81.445	
1630	0.10	81.495	
1631	0.10	81.545	
1632	0.10	81.595	
1633	0.10	81.645	
1634	0.10	81.695	
1635	0.10	81.745	
1636	0.10	81.795	
1637	0.10	81.845	
1638	0.10	81.895	
1639	0.10	81.945	
1640	0.10	81.995	
1641	0.10	82.045	
1642	0.10	82.095	
1643	0.10	82.145	
1644	0.10	82.195	
1645	0.10	82.245	
1646	0.10	82.296	
1647	0.10	82.345	
1648	0.10	82.395	
1649	0.10	82.445	
1650	0.10	82.495	
1651	0.10	82.545	
1652	0.10	82.595	
1653	0.10	82.645	
1654	0.10	82.695	
1655	0.10	82.745	
1656	0.10	82.795	
1657	0.10	82.845	
1658	0.10	82.896	
1659	0.10	82.945	
1660	0.10	82.995	
1661	0.10	83.045	
1662	0.10	83.095	
1663	0.10	83.145	
1664	0.10	83.195	
1665	0.10	83.245	
1666	0.10	83.295	
1667	0.10	83.345	
1668	0.10	83.395	
1669	0.10	83.445	
1670	0.10	83.495	
1671	0.10	83.545	
1672	0.10	83.595	
1673	0.10	83.645	
1674	0.10	83.695	
1675	0.10	83.745	
1676	0.10	83.796	
1677	0.10	83.845	
1678	0.10	83.895	
1679	0.10	83.945	
1680	0.10	83.995	
1681	0.10	84.045	
1682	0.10	84.095	
1683	0.10	84.145	
1684	0.10	84.195	
1685	0.10	84.245	
1686	0.10	84.296	
1687	0.10	84.345	
1688	0.10	84.395	
1689	0.10	84.445	
1690	0.10	84.495	
1691	0.08	84.546	
1692	0.10	84.595	
1693	0.10	84.645	
1694	0.10	84.696	
1695	0.08	84.745	
1696	0.08	84.795	
1697	0.08	84.845	
1698	0.10	84.895	
1699	0.10	84.945	
1700	0.10	84.995	
1701	0.10	85.045	
1702	0.08	85.095	
1703	0.08	85.145	
1704	0.08	85.195	
1705	0.08	85.245	
1706	0.10	85.295	
1707	0.08	85.345	
1708	0.10	85.395	
1709	0.10	85.445	
1710	0.10	85.495	
1711	0.10	85.546	
1712	0.08	85.595	
1713	0.10	85.645	
1714	0.08	85.695	
1715	0.08	85.745	
1716	0.10	85.796	
1717	0.18	85.845	
1718	0.44	85.895	
1719	0.74	85.945	
1720	1.16	85.995	
1721	1.64	86.045	
1722	2.08	86.095	
1723	2.56	86.145	
1724	3.22	86.195	
1725	3.80	86.245	
1726	4.20	86.296	
1727	4.26	86.345	
1728	4.26	86.395	
1729	4.24	86.445	
1730	4.22	86.495	
1731	4.22	86.546	
1732	4.22	86.595	
1733	4.22	86.645	
1734	4.20	86.695	
1735	4.20	86.745	
1736	4.20	86.796	
1737	4.20	86.845	
1738	4.20	86.895	
1739	4.20	86.945	
1740	4.18	86.995	
1741	4.18	87.045	
1742	4.18	87.095	
1743	4.18	87.145	
1744	4.18	87.196	
1745	4.18	87.245	
1746	4.18	87.295	
1747	4.18	87.345	
1748	4.18	87.395	
1749	4.18	87.445	
1750	4.18	87.495	
1751	4.16	87.545	
1752	4.16	87.595	
1753	4.16	87.645	
1754	4.16	87.695	
1755	4.16	87.745	
1756	4.16	87.795	
1757	4.16	87.845	
1758	4.16	87.895	
1759	4.16	87.945	
1760	4.16	87.995	
1761	4.16	88.045	
1762	4.16	88.095	
1763	4.16	88.145	
1764	4.16	88.195	
1765	4.16	88.245	
1766	4.16	88.295	
1767	4.16	88.345	
1768	4.16	88.395	
1769	4.16	88.445	
1770	4.16	88.495	
1771	4.16	88.545	
1772	4.16	88.595	
1773	4.16	88.645	
1774	4.14	88.695	
1775	4.14	88.745	
1776	4.16	88.795	
1777	4.14	88.845	
1778	4.14	88.896	
1779	4.14	88.945	
1780	4.14	88.995	
1781	4.14	89.057	
1782	4.14	89.095	
1783	4.14	89.151	
1784	4.14	89.195	
1785	4.14	89.245	
1786	4.14	89.295	
1787	4.14	89.345	
1788	4.14	89.395	
1789	4.14	89.445	
1790	4.14	89.495	
1791	4.14	89.545	
1792	4.14	89.595	
1793	4.14	89.645	
1794	4.14	89.695	
1795	4.14	89.745	
1796	4.14	89.795	
1797	4.14	89.845	
1798	4.18	89.895	
1799	3.40	89.945	
1800	2.44	89.995	
1801	1.68	90.045	
1802	1.10	90.095	
1803	0.38	90.195	
1804	0.28	90.245	
1805	0.26	90.308	
1806	0.26	90.345	
1807	0.26	90.402	
1808	0.26	90.445	
1809	0.22	90.495	
1810	0.20	90.545	
1811	0.14	90.595	
1812	0.12	90.645	
1813	0.12	90.695	
1814	0.12	90.745	
1815	0.12	90.795	
1816	0.12	90.845	
1817	0.12	90.895	
1818	0.12	90.945	
1819	0.12	90.995	
1820	0.12	91.045	
1821	0.12	91.095	
1822	0.12	91.145	
1823	0.12	91.195	
1824	0.12	91.245	
1825	0.12	91.295	
1826	0.12	91.345	
1827	0.12	91.395	
1828	0.12	91.445	
1829	0.12	91.495	
1830	0.12	91.545	
1831	0.12	91.595	
1832	0.12	91.645	
1833	0.12	91.695	
1834	0.12	91.745	
1835	0.12	91.795	
1836	0.12	91.845	
1837	0.12	91.895	
1838	0.10	91.945	
1839	0.12	91.995	
1840	0.12	92.045	
1841	0.12	92.095	
1842	0.12	92.145	
1843	0.12	92.195	
1844	0.10	92.245	
1845	0.10	92.295	
1846	0.10	92.345	
1847	0.10	92.395	
1848	0.10	92.445	
1849	0.12	92.495	
1850	0.10	92.545	
1851	0.10	92.595	
1852	0.10	92.645	
1853	0.10	92.695	
1854	0.10	92.745	
1855	0.10	92.795	
1856	0.12	92.845	
1857	0.10	92.895	
1858	0.10	92.945	
1859	0.10	92.995	
1860	0.10	93.045	
1861	0.10	93.095	
1862	0.10	93.145	
1863	0.10	93.195	
1864	0.10	93.245	
1865	0.10	93.295	
1866	0.10	93.345	
1867	0.10	93.395	
1868	0.10	93.446	
1869	0.10	93.495	
1870	0.10	93.545	
1871	0.10	93.595	
1872	0.10	93.645	
1873	0.10	93.695	
1874	0.10	93.745	
1875	0.10	93.795	
1876	0.10	93.845	
1877	0.10	93.895	
1878	0.10	93.945	
1879	0.10	93.995	
1880	0.10	94.045	
1881	0.10	94.095	
1882	0.12	94.145	
1883	0.24	94.195	
1884	0.50	94.245	
1885	0.82	94.295	
1886	1.28	94.345	
1887	1.76	94.395	
1888	2.16	94.445	
1889	2.74	94.495	
1890	3.38	94.545	
1891	3.92	94.595	
1892	4.22	94.645	
1893	4.24	94.695	
1894	4.24	94.745	
1895	4.22	94.795	
1896	4.20	94.845	
1897	4.20	94.895	
1898	4.20	94.945	
1899	4.20	94.995	
1900	4.18	95.045	
1901	4.18	95.095	
1902	4.18	95.145	
1903	4.18	95.195	
1904	4.18	95.245	
1905	4.18	95.295	
1906	4.18	95.345	
1907	4.18	95.395	
1908	4.16	95.445	
1909	4.16	95.495	
1910	4.16	95.546	
1911	4.16	95.595	
1912	4.16	95.645	
1913	4.16	95.695	
1914	4.16	95.745	
1915	4.16	95.795	
1916	4.16	95.845	
1917	4.16	95.895	
1918	4.16	95.945	
1919	4.16	95.995	
1920	4.14	96.045	
1921	4.14	96.095	
1922	4.14	96.145	
1923	4.14	96.195	
1924	4.14	96.245	
1925	4.14	96.295	
1926	4.14	96.345	
1927	4.14	96.395	
1928	4.14	96.445	
1929	4.14	96.495	
1930	4.14	96.545	
1931	4.14	96.595	
1932	4.14	96.645	
1933	4.14	96.695	
1934	4.14	96.745	
1935	4.14	96.796	
1936	4.14	96.845	
1937	4.14	96.895	
1938	4.14	96.945	
1939	4.14	96.995	
1940	4.14	97.045	
1941	4.14	97.095	
1942	4.14	97.145	
1943	4.14	97.195	
1944	4.14	97.245	
1945	4.14	97.295	
1946	4.14	97.346	
1947	4.12	97.396	
1948	4.14	97.445	
1949	4.12	97.495	
1950	4.12	97.545	
1951	4.12	97.595	
1952	4.12	97.645	
1953	4.12	97.695	
1954	4.12	97.745	
1955	4.12	97.795	
1956	4.12	97.845	
1957	4.12	97.895	
1958	4.12	97.945	
1959	4.12	97.995	
1960	4.12	98.046	
1961	4.12	98.095	
1962	4.12	98.145	
1963	4.12	98.195	
1964	4.12	98.246	
1965	4.12	98.295	
1966	4.12	98.345	
1967	4.12	98.395	
1968	4.12	98.445	
1969	4.14	98.495	
1970	3.60	98.545	
1971	2.62	98.595	
1972	1.82	98.645	
1973	1.20	98.695	
1974	0.72	98.745	
1975	0.42	98.795	
1976	0.30	98.845	
1977	0.28	98.895	
1978	0.28	98.945	
1979	0.26	98.995	
1980	0.28	99.045	
1981	0.24	99.095	
1982	0.20	99.145	
1983	0.16	99.195	
1984	0.14	99.245	
1985	0.12	99.295	
1986	0.14	99.345	
1987	0.14	99.395	
1988	0.14	99.445	
1989	0.12	99.495	
1990	0.14	99.545	
1991	0.14	99.595	
1992	0.12	99.646	
1993	0.12	99.696	
1994	0.12	99.746	
1995	0.12	99.795	
1996	0.12	99.845	
1997	0.12	99.895	
1998	0.12	99.946	
1999	0.12	99.995	
2000	0.12	100.045	
2001	0.12	100.095	
2002	0.12	100.195	
2003	0.12	100.245	
2004	0.12	100.304	
2005	0.12	100.345	
2006	0.12	100.400	
2007	0.12	100.446	
2008	0.12	100.495	
2009	0.12	100.545	
2010	0.12	100.596	
2011	0.12	100.645	
2012	0.12	100.695	
2013	0.12	100.746	
2014	0.12	100.795	
2015	0.12	100.846	
2016	0.12	100.895	
2017	0.12	100.946	
2018	0.12	100.995	
2019	0.12	101.045	
2020	0.12	101.096	
2021	0.12	101.145	
2022	0.12	101.195	
2023	0.12	101.246	
2024	0.12	101.295	
2025	0.12	101.346	
2026	0.12	101.396	
2027	0.12	101.445	
2028	0.12	101.495	
2029	0.12	101.545	
2030	0.12	101.596	
2031	0.12	101.645	
2032	0.12	101.695	
2033	0.12	101.746	
2034	0.12	101.795	
2035	0.12	101.846	
2036	0.12	101.895	
2037	0.12	101.945	
2038	0.12	101.995	
2039	0.12	102.045	
2040	0.12	102.095	
2041	0.12	102.145	
2042	0.12	102.195	
2043	0.12	102.245	
2044	0.12	102.295	
2045	0.12	102.346	
2046	0.12	102.395	
2047	0.12	102.445	
2048	0.12	102.495	
2049	0.10	102.545	
2050	0.12	102.596	
2051	0.12	102.645	
2052	0.12	102.695	
2053	0.10	102.745	
2054	0.10	102.795	
2055	0.12	102.846	
2056	0.12	102.895	
2057	0.12	102.945	
2058	0.10	102.995	
2059	0.12	103.045	
2060	0.10	103.095	
2061	0.10	103.145	
2062	0.10	103.195	
2063	0.12	103.245	
2064	0.10	103.295	
2065	0.10	103.346	
2066	0.10	103.395	
2067	0.12	103.445	
2068	0.10	103.495	
2069	0.10	103.545	
2070	0.10	103.596	
2071	0.10	103.645	
2072	0.12	103.695	
2073	0.10	103.745	
2074	0.10	103.795	
2075	0.12	103.845	
2076	0.10	103.895	
2077	0.10	103.945	
2078	0.10	103.995	
2079	0.12	104.045	
2080	0.10	104.095	
2081	0.12	104.145	
2082	0.10	104.195	
2083	0.12	104.246	
2084	0.10	104.295	
2085	0.10	104.345	
2086	0.10	104.395	
2087	0.10	104.445	
2088	0.10	104.495	
2089	0.10	104.545	
2090	0.10	104.595	
2091	0.10	104.645	
2092	0.10	104.695	
2093	0.10	104.745	
2094	0.10	104.795	
2095	0.10	104.845	
2096	0.10	104.895	
2097	0.10	104.945	
2098	0.10	104.995	
2099	0.10	105.045	
2100	0.10	105.095	
2101	0.10	105.145	
2102	0.10	105.195	
2103	0.10	105.245	
2104	0.10	105.295	
2105	0.10	105.345	
2106	0.10	105.395	
2107	0.10	105.445	
2108	0.10	105.495	
2109	0.10	105.545	
2110	0.10	105.595	
2111	0.10	105.645	
2112	0.10	105.695	
2113	0.10	105.745	
2114	0.10	105.795	
2115	0.10	105.845	
2116	0.10	105.895	
2117	0.10	105.945	
2118	0.10	105.995	
2119	0.10	106.045	
2120	0.10	106.095	
2121	0.10	106.145	
2122	0.10	106.195	
2123	0.10	106.245	
2124	0.10	106.295	
2125	0.10	106.345	
2126	0.10	106.395	
2127	0.10	106.445	
2128	0.10	106.495	
2129	0.10	106.545	
2130	0.10	106.595	
2131	0.10	106.645	
2132	0.10	106.696	
2133	0.10	106.745	
2134	0.10	106.795	
2135	0.10	106.845	
2136	0.10	106.895	
2137	0.10	106.945	
2138	0.10	106.995	
2139	0.10	107.045	
2140	0.10	107.095	
2141	0.10	107.145	
2142	0.10	107.195	
2143	0.10	107.246	
2144	0.10	107.295	
2145	0.10	107.345	
2146	0.10	107.395	
2147	0.10	107.445	
2148	0.10	107.495	
2149	0.10	107.545	
2150	0.10	107.595	
2151	0.10	107.645	
2152	0.10	107.695	
2153	0.10	107.745	
2154	0.10	107.795	
2155	0.10	107.845	
2156	0.10	107.895	
2157	0.10	107.945	
2158	0.10	107.995	
2159	0.10	108.045	
2160	0.10	108.095	
2161	0.10	108.145	
2162	0.10	108.196	
2163	0.10	108.245	
2164	0.10	108.303	
2165	0.10	108.345	
2166	0.10	108.445	
2167	0.10	108.495	
2168	0.10	108.546	
2169	0.10	108.595	
2170	0.10	108.645	
2171	0.10	108.695	
2172	0.10	108.745	
2173	0.10	108.795	
2174	0.10	108.845	
2175	0.10	108.895	
2176	0.10	108.945	
2177	0.10	108.995	
2178	0.10	109.045	
2179	0.10	109.095	
2180	0.10	109.145	
2181	0.10	109.195	
2182	0.10	109.245	
2183	0.10	109.295	
2184	0.10	109.345	
2185	0.10	109.395	
2186	0.10	109.445	
2187	0.10	109.495	
2188	0.10	109.545	
2189	0.08	109.595	
2190	0.10	109.645	
2191	0.10	109.696	
2192	0.10	109.745	
2193	0.10	109.795	
2194	0.10	109.845	
2195	0.10	109.895	
2196	0.08	109.945	
2197	0.08	109.995	
2198	0.10	110.045	
2199	0.08	110.095	
2200	0.10	110.195	
2201	0.10	110.245	
2202	0.10	110.295	
2203	0.10	110.345	
2204	0.10	110.395	
2205	0.10	110.445	
2206	0.08	110.495	
2207	0.08	110.545	
2208	0.10	110.595	
2209	0.08	110.645	
2210	0.10	110.695	
2211	0.10	110.745	
2212	0.08	110.795	
2213	0.10	110.845	
2214	0.10	110.895	
2215	0.10	110.945	
2216	0.10	110.995	
2217	0.10	111.045	
2218	0.10	111.095	
2219	0.10	111.145	
2220	0.10	111.195	
2221	0.10	111.245	
2222	0.10	111.295	
2223	0.10	111.345	
2224	0.10	111.395	
2225	0.10	111.445	
2226	0.10	111.495	
2227	0.10	111.545	
2228	0.10	111.595	
2229	0.10	111.645	
2230	0.10	111.695	
2231	0.10	111.745	
2232	0.08	111.795	
2233	0.10	111.845	
2234	0.10	111.895	
2235	0.10	111.945	
2236	0.10	111.995	
2237	0.10	112.045	
2238	0.10	112.095	
2239	0.10	112.145	
2240	0.10	112.195	
2241	0.10	112.245	
2242	0.10	112.295	
2243	0.10	112.345	
2244	0.10	112.395	
2245	0.10	112.445	
2246	0.10	112.495	
2247	0.10	112.545	
2248	0.10	112.595	
2249	0.10	112.645	
2250	0.10	112.695	
2251	0.10	112.745	
2252	0.10	112.795	
2253	0.10	112.845	
2254	0.10	112.895	
2255	0.10	112.945	
2256	0.10	112.995	
2257	0.10	113.045	
2258	0.10	113.095	
2259	0.10	113.145	
2260	0.10	113.195	
2261	0.10	113.245	
2262	0.10	113.295	
2263	0.10	113.345	
2264	0.10	113.396	
2265	0.10	113.445	
2266	0.10	113.495	
2267	0.10	113.545	
2268	0.10	113.595	
2269	0.10	113.645	
2270	0.10	113.695	
2271	0.10	113.745	
2272	0.10	113.795	
2273	0.10	113.845	
2274	0.10	113.895	
2275	0.10	113.945	
2276	0.10	113.995	
2277	0.10	114.045	
2278	0.10	114.095	
2279	0.10	114.145	
2280	0.10	114.195	
2281	0.10	114.245	
2282	0.10	114.296	
2283	0.10	114.345	
2284	0.10	114.395	
2285	0.10	114.445	
2286	0.10	114.495	
2287	0.10	114.545	
2288	0.10	114.595	
2289	0.10	114.645	
2290	0.10	114.695	
2291	0.10	114.745	
2292	0.10	114.795	
2293	0.10	114.845	
2294	0.10	114.895	
2295	0.10	114.945	
