7/23/2024  12:42 PM
Units: N
Readings: Continuous
X-Axis: Time

Reading	Load	Time	
1	-0.02	0.000	
2	-0.02	0.054	
3	-0.04	0.100	
4	-0.02	0.150	
5	-0.02	0.200	
6	-0.02	0.250	
7	-0.02	0.301	
8	-0.02	0.350	
9	-0.02	0.401	
10	-0.02	0.450	
11	-0.02	0.500	
12	-0.02	0.550	
13	-0.02	0.601	
14	-0.02	0.650	
15	-0.02	0.700	
16	-0.02	0.751	
17	-0.02	0.800	
18	-0.02	0.851	
19	-0.02	0.900	
20	-0.02	0.950	
21	-0.02	1.000	
22	-0.02	1.051	
23	-0.02	1.101	
24	-0.02	1.150	
25	-0.02	1.200	
26	-0.02	1.250	
27	-0.02	1.301	
28	-0.02	1.350	
29	-0.02	1.400	
30	-0.02	1.451	
31	-0.02	1.500	
32	-0.02	1.550	
33	-0.02	1.601	
34	-0.02	1.650	
35	-0.02	1.701	
36	-0.02	1.750	
37	-0.02	1.801	
38	-0.02	1.850	
39	-0.02	1.900	
40	-0.02	1.951	
41	-0.02	2.000	
42	-0.02	2.050	
43	-0.02	2.101	
44	-0.02	2.150	
45	-0.02	2.201	
46	-0.02	2.250	
47	-0.02	2.300	
48	-0.02	2.350	
49	-0.02	2.401	
50	-0.02	2.450	
51	-0.02	2.501	
52	-0.02	2.550	
53	-0.02	2.600	
54	-0.02	2.650	
55	-0.02	2.700	
56	-0.02	2.751	
57	-0.02	2.800	
58	-0.02	2.850	
59	-0.02	2.900	
60	-0.02	2.950	
61	-0.02	3.000	
62	-0.02	3.050	
63	-0.02	3.101	
64	-0.02	3.150	
65	-0.02	3.200	
66	-0.02	3.250	
67	-0.02	3.300	
68	-0.02	3.350	
69	-0.02	3.400	
70	-0.02	3.450	
71	-0.02	3.500	
72	-0.02	3.550	
73	-0.02	3.600	
74	-0.02	3.650	
75	-0.02	3.700	
76	-0.02	3.751	
77	-0.02	3.800	
78	-0.02	3.851	
79	-0.02	3.900	
80	-0.02	3.950	
81	-0.02	4.001	
82	-0.02	4.050	
83	-0.02	4.100	
84	-0.02	4.150	
85	-0.02	4.200	
86	-0.02	4.251	
87	-0.02	4.300	
88	-0.02	4.351	
89	-0.02	4.400	
90	-0.02	4.450	
91	-0.02	4.500	
92	-0.02	4.551	
93	-0.02	4.600	
94	-0.02	4.651	
95	-0.02	4.700	
96	-0.02	4.751	
97	-0.02	4.800	
98	-0.02	4.850	
99	-0.02	4.901	
100	-0.02	4.950	
101	-0.02	5.000	
102	-0.02	5.050	
103	-0.02	5.100	
104	-0.02	5.150	
105	-0.02	5.200	
106	-0.02	5.250	
107	-0.02	5.300	
108	-0.02	5.350	
109	-0.02	5.400	
110	-0.02	5.450	
111	-0.02	5.500	
112	-0.02	5.550	
113	-0.02	5.600	
114	-0.02	5.650	
115	-0.02	5.700	
116	0.00	5.751	
117	0.02	5.800	
118	0.28	5.850	
119	0.64	5.900	
120	1.08	5.950	
121	1.58	6.000	
122	2.00	6.050	
123	2.30	6.100	
124	2.64	6.151	
125	2.80	6.200	
126	2.78	6.250	
127	2.78	6.300	
128	2.76	6.350	
129	2.76	6.400	
130	2.76	6.450	
131	2.76	6.500	
132	2.74	6.550	
133	2.76	6.600	
134	2.74	6.650	
135	2.74	6.700	
136	2.74	6.750	
137	2.74	6.800	
138	2.74	6.851	
139	2.74	6.900	
140	2.72	6.950	
141	2.72	7.000	
142	2.72	7.050	
143	2.72	7.100	
144	2.72	7.150	
145	2.72	7.200	
146	2.72	7.250	
147	2.72	7.300	
148	2.72	7.350	
149	2.72	7.400	
150	2.72	7.450	
151	2.72	7.500	
152	2.72	7.550	
153	2.72	7.601	
154	2.72	7.650	
155	2.72	7.700	
156	2.72	7.751	
157	2.72	7.801	
158	2.72	7.850	
159	2.70	7.900	
160	2.70	7.950	
161	2.70	8.000	
162	2.70	8.051	
163	2.70	8.100	
164	2.70	8.150	
165	2.70	8.200	
166	2.70	8.250	
167	2.70	8.300	
168	2.70	8.351	
169	2.70	8.401	
170	2.70	8.450	
171	2.70	8.500	
172	2.70	8.550	
173	2.70	8.601	
174	2.70	8.650	
175	2.70	8.701	
176	2.70	8.751	
177	2.70	8.800	
178	2.70	8.851	
179	2.70	8.900	
180	2.70	8.951	
181	2.70	9.000	
182	2.70	9.050	
183	2.18	9.101	
184	0.94	9.151	
185	0.74	9.200	
186	0.38	9.250	
187	0.24	9.300	
188	0.24	9.350	
189	0.20	9.400	
190	0.20	9.450	
191	0.16	9.500	
192	0.12	9.550	
193	0.08	9.600	
194	0.02	9.650	
195	0.00	9.700	
196	0.00	9.750	
197	0.00	9.800	
198	0.00	9.850	
199	0.00	9.900	
200	0.00	9.950	
201	0.00	10.000	
202	0.00	10.050	
203	0.00	10.101	
204	0.00	10.150	
205	0.00	10.200	
206	0.00	10.250	
207	0.00	10.300	
208	0.00	10.350	
209	0.00	10.400	
210	0.00	10.450	
211	0.00	10.500	
212	0.00	10.550	
213	0.00	10.600	
214	0.00	10.650	
215	0.00	10.700	
216	0.00	10.750	
217	0.00	10.800	
218	0.00	10.850	
219	0.00	10.901	
220	0.00	10.950	
221	0.00	11.001	
222	0.00	11.051	
223	0.00	11.110	
224	0.00	11.150	
225	0.00	11.200	
226	0.00	11.250	
227	0.00	11.300	
228	0.00	11.351	
229	0.00	11.401	
230	0.00	11.450	
231	0.00	11.501	
232	0.00	11.550	
233	0.00	11.600	
234	0.00	11.650	
235	0.00	11.700	
236	0.00	11.751	
237	0.00	11.800	
238	0.00	11.851	
239	0.00	11.900	
240	0.00	11.951	
241	0.00	12.000	
242	0.00	12.050	
243	0.00	12.100	
244	0.00	12.151	
245	0.00	12.200	
246	0.00	12.250	
247	0.00	12.300	
248	0.00	12.350	
249	0.00	12.400	
250	0.00	12.451	
251	0.00	12.500	
252	0.00	12.551	
253	0.00	12.600	
254	0.00	12.650	
255	0.00	12.700	
256	0.00	12.750	
257	0.00	12.800	
258	0.00	12.850	
259	0.00	12.900	
260	0.00	12.951	
261	0.00	13.000	
262	0.00	13.051	
263	0.00	13.100	
264	0.00	13.151	
265	0.00	13.200	
266	0.00	13.251	
267	0.00	13.300	
268	0.00	13.351	
269	0.00	13.401	
270	0.00	13.450	
271	0.00	13.501	
272	0.00	13.550	
273	0.00	13.600	
274	0.00	13.651	
275	0.00	13.700	
276	0.00	13.750	
277	0.00	13.801	
278	0.00	13.850	
279	0.00	13.901	
280	0.00	13.950	
281	0.00	14.000	
282	0.00	14.050	
283	0.00	14.100	
284	0.00	14.150	
285	0.00	14.200	
286	0.00	14.250	
287	0.00	14.300	
288	0.00	14.350	
289	0.00	14.400	
290	0.00	14.450	
291	0.00	14.500	
292	0.00	14.550	
293	0.00	14.600	
294	0.00	14.650	
295	0.00	14.700	
296	0.00	14.750	
297	0.00	14.800	
298	0.00	14.850	
299	0.00	14.900	
300	0.00	14.950	
301	0.00	15.000	
302	0.00	15.050	
303	0.00	15.100	
304	0.00	15.159	
305	0.00	15.200	
306	0.00	15.250	
307	0.00	15.300	
308	0.00	15.350	
309	0.00	15.400	
310	0.00	15.450	
311	0.00	15.500	
312	0.00	15.550	
313	0.00	15.600	
314	0.00	15.650	
315	0.00	15.700	
316	0.00	15.751	
317	0.00	15.800	
318	0.00	15.850	
319	0.00	15.900	
320	0.16	15.950	
321	0.52	16.001	
322	1.46	16.100	
323	1.90	16.151	
324	2.22	16.200	
325	2.54	16.250	
326	2.80	16.300	
327	2.84	16.350	
328	2.82	16.400	
329	2.80	16.450	
330	2.80	16.500	
331	2.80	16.550	
332	2.80	16.600	
333	2.78	16.650	
334	2.78	16.700	
335	2.78	16.750	
336	2.78	16.800	
337	2.78	16.850	
338	2.78	16.900	
339	2.78	16.951	
340	2.76	17.000	
341	2.76	17.050	
342	2.76	17.100	
343	2.76	17.150	
344	2.76	17.200	
345	2.76	17.251	
346	2.76	17.300	
347	2.76	17.350	
348	2.76	17.400	
349	2.76	17.450	
350	2.76	17.500	
351	2.76	17.551	
352	2.76	17.600	
353	2.76	17.650	
354	2.76	17.700	
355	2.76	17.750	
356	2.76	17.800	
357	2.76	17.851	
358	2.76	17.900	
359	2.76	17.950	
360	2.76	18.000	
361	2.74	18.050	
362	2.76	18.100	
363	2.74	18.150	
364	2.74	18.200	
365	2.74	18.250	
366	2.74	18.301	
367	2.74	18.350	
368	2.74	18.400	
369	2.74	18.450	
370	2.74	18.500	
371	2.74	18.550	
372	2.74	18.600	
373	2.74	18.650	
374	2.74	18.700	
375	2.74	18.750	
376	2.74	18.800	
377	2.26	18.851	
378	1.44	18.900	
379	0.80	18.950	
380	0.42	19.000	
381	0.24	19.050	
382	0.24	19.100	
383	0.22	19.150	
384	0.22	19.200	
385	0.18	19.250	
386	0.12	19.300	
387	0.10	19.350	
388	0.04	19.400	
389	0.02	19.450	
390	0.02	19.500	
391	0.00	19.550	
392	0.00	19.600	
393	0.02	19.650	
394	0.02	19.700	
395	0.00	19.750	
396	0.00	19.800	
397	0.00	19.850	
398	0.00	19.900	
399	0.00	19.950	
400	0.00	20.000	
401	0.00	20.050	
402	0.00	20.100	
403	0.00	20.150	
404	0.00	20.200	
405	0.00	20.250	
406	0.00	20.300	
407	0.00	20.350	
408	0.00	20.400	
409	0.00	20.450	
410	0.00	20.501	
411	0.00	20.550	
412	0.00	20.600	
413	0.00	20.650	
414	0.00	20.700	
415	0.00	20.750	
416	0.00	20.800	
417	0.00	20.850	
418	0.00	20.900	
419	0.00	20.950	
420	0.00	21.000	
421	0.00	21.050	
422	0.00	21.101	
423	0.00	21.150	
424	0.00	21.201	
425	0.00	21.251	
426	0.00	21.300	
427	0.00	21.350	
428	0.00	21.400	
429	0.00	21.450	
430	0.00	21.500	
431	0.00	21.550	
432	0.00	21.600	
433	0.00	21.650	
434	0.00	21.700	
435	0.00	21.750	
436	0.00	21.800	
437	0.00	21.850	
438	0.00	21.900	
439	0.00	21.950	
440	0.00	22.000	
441	0.00	22.050	
442	0.00	22.100	
443	0.00	22.150	
444	0.00	22.200	
445	0.00	22.250	
446	0.00	22.300	
447	0.00	22.350	
448	0.00	22.400	
449	0.00	22.451	
450	0.00	22.500	
451	0.00	22.550	
452	0.00	22.600	
453	0.00	22.650	
454	0.00	22.700	
455	0.00	22.750	
456	0.00	22.800	
457	0.00	22.850	
458	0.00	22.900	
459	0.00	22.950	
460	0.00	23.000	
461	0.00	23.050	
462	0.00	23.100	
463	0.00	23.150	
464	0.00	23.200	
465	0.00	23.250	
466	0.00	23.300	
467	0.00	23.350	
468	0.00	23.400	
469	0.00	23.450	
470	0.00	23.500	
471	0.00	23.551	
472	0.00	23.600	
473	0.00	23.650	
474	0.00	23.700	
475	0.00	23.750	
476	0.00	23.800	
477	0.00	23.850	
478	0.00	23.900	
479	0.00	23.950	
480	0.00	24.000	
481	0.00	24.050	
482	0.00	24.100	
483	0.00	24.150	
484	0.00	24.200	
485	0.00	24.250	
486	0.00	24.300	
487	0.00	24.350	
488	0.00	24.401	
489	0.00	24.450	
490	0.00	24.500	
491	0.00	24.550	
492	0.00	24.600	
493	0.00	24.650	
494	0.00	24.700	
495	0.00	24.750	
496	0.00	24.800	
497	0.00	24.850	
498	0.04	24.900	
499	0.32	24.950	
500	0.70	25.000	
501	1.14	25.050	
502	1.64	25.100	
503	2.06	25.150	
504	2.36	25.200	
505	2.70	25.251	
506	2.86	25.300	
507	2.86	25.350	
508	2.86	25.400	
509	2.84	25.450	
510	2.84	25.500	
511	2.84	25.550	
512	2.82	25.600	
513	2.82	25.650	
514	2.82	25.700	
515	2.82	25.750	
516	2.82	25.800	
517	2.82	25.850	
518	2.82	25.900	
519	2.82	25.950	
520	2.80	26.000	
521	2.80	26.050	
522	2.80	26.100	
523	2.80	26.150	
524	2.80	26.200	
525	2.80	26.250	
526	2.80	26.300	
527	2.80	26.350	
528	2.80	26.400	
529	2.80	26.450	
530	2.80	26.500	
531	2.80	26.550	
532	2.80	26.600	
533	2.78	26.650	
534	2.78	26.701	
535	2.80	26.750	
536	2.80	26.800	
537	2.80	26.850	
538	2.78	26.900	
539	2.78	26.950	
540	2.78	27.000	
541	2.78	27.050	
542	2.78	27.100	
543	2.78	27.150	
544	2.78	27.200	
545	2.78	27.250	
546	2.78	27.300	
547	2.78	27.351	
548	2.78	27.400	
549	2.78	27.450	
550	2.64	27.500	
551	1.84	27.550	
552	1.08	27.601	
553	0.60	27.650	
554	0.32	27.700	
555	0.24	27.750	
556	0.22	27.800	
557	0.22	27.851	
558	0.22	27.900	
559	0.14	27.950	
560	0.12	28.000	
561	0.08	28.050	
562	0.02	28.100	
563	0.02	28.151	
564	0.02	28.200	
565	0.02	28.250	
566	0.02	28.300	
567	0.02	28.350	
568	0.02	28.400	
569	0.02	28.450	
570	0.00	28.500	
571	0.02	28.550	
572	0.02	28.600	
573	0.02	28.650	
574	0.02	28.700	
575	0.00	28.750	
576	0.02	28.800	
577	0.02	28.850	
578	0.00	28.900	
579	0.02	28.950	
580	0.00	29.000	
581	0.00	29.050	
582	0.00	29.101	
583	0.02	29.150	
584	0.00	29.200	
585	0.00	29.251	
586	0.02	29.300	
587	0.02	29.350	
588	0.00	29.400	
589	0.02	29.450	
590	0.00	29.500	
591	0.00	29.551	
592	0.00	29.600	
593	0.00	29.650	
594	0.00	29.700	
595	0.02	29.751	
596	0.00	29.800	
597	0.00	29.850	
598	0.00	29.900	
599	0.00	29.950	
600	0.00	30.000	
601	0.00	30.050	
602	0.00	30.100	
603	0.00	30.150	
604	0.00	30.200	
605	0.00	30.250	
606	0.00	30.300	
607	0.00	30.350	
608	0.00	30.400	
609	0.00	30.450	
610	0.00	30.500	
611	0.00	30.550	
612	0.00	30.600	
613	0.00	30.650	
614	0.00	30.700	
615	0.00	30.750	
616	0.00	30.800	
617	0.00	30.851	
618	0.00	30.900	
619	0.00	30.950	
620	0.00	31.000	
621	0.00	31.050	
622	0.00	31.101	
623	0.00	31.150	
624	0.00	31.200	
625	0.00	31.250	
626	0.00	31.300	
627	0.00	31.350	
628	0.00	31.400	
629	0.00	31.450	
630	0.00	31.500	
631	0.00	31.550	
632	0.00	31.601	
633	0.00	31.650	
634	0.00	31.700	
635	0.00	31.750	
636	0.00	31.800	
637	0.00	31.851	
638	0.00	31.900	
639	0.00	31.950	
640	0.00	32.000	
641	0.00	32.050	
642	0.00	32.100	
643	0.00	32.150	
644	0.00	32.200	
645	0.00	32.250	
646	0.00	32.300	
647	0.00	32.350	
648	0.00	32.401	
649	0.00	32.450	
650	0.00	32.500	
651	0.00	32.550	
652	0.00	32.600	
653	0.00	32.650	
654	0.00	32.700	
655	0.00	32.750	
656	0.00	32.800	
657	0.00	32.850	
658	0.00	32.900	
659	0.02	32.950	
660	0.00	33.000	
661	0.00	33.050	
662	0.00	33.100	
663	0.00	33.150	
664	0.00	33.200	
665	0.00	33.250	
666	0.00	33.300	
667	0.04	33.350	
668	0.30	33.400	
669	0.66	33.450	
670	1.08	33.500	
671	1.58	33.550	
672	2.00	33.600	
673	2.30	33.650	
674	2.62	33.701	
675	2.82	33.750	
676	2.82	33.800	
677	2.82	33.850	
678	2.80	33.900	
679	2.80	33.950	
680	2.78	34.000	
681	2.78	34.050	
682	2.78	34.100	
683	2.78	34.150	
684	2.78	34.200	
685	2.76	34.250	
686	2.76	34.300	
687	2.76	34.350	
688	2.76	34.400	
689	2.76	34.450	
690	2.76	34.501	
691	2.76	34.550	
692	2.76	34.600	
693	2.76	34.650	
694	2.76	34.700	
695	2.76	34.750	
696	2.76	34.800	
697	2.76	34.850	
698	2.76	34.900	
699	2.74	34.951	
700	2.76	35.000	
701	2.74	35.050	
702	2.76	35.100	
703	2.74	35.151	
704	2.74	35.200	
705	2.74	35.250	
706	2.74	35.300	
707	2.74	35.350	
708	2.74	35.400	
709	2.74	35.451	
710	2.74	35.500	
711	2.74	35.550	
712	2.74	35.600	
713	2.74	35.650	
714	2.74	35.700	
715	2.74	35.750	
716	2.74	35.800	
717	2.74	35.850	
718	2.74	35.900	
719	2.74	35.950	
720	2.74	36.000	
721	2.74	36.050	
722	2.74	36.100	
723	2.74	36.151	
724	2.74	36.201	
725	2.74	36.250	
726	2.74	36.300	
727	2.74	36.351	
728	2.74	36.400	
729	2.74	36.450	
730	2.74	36.500	
731	2.74	36.550	
732	2.74	36.601	
733	2.68	36.650	
734	1.96	36.700	
735	1.18	36.750	
736	0.68	36.800	
737	0.34	36.850	
738	0.26	36.900	
739	0.24	36.950	
740	0.22	37.000	
741	0.22	37.050	
742	0.16	37.101	
743	0.14	37.150	
744	0.08	37.200	
745	0.04	37.250	
746	0.02	37.301	
747	0.02	37.350	
748	0.02	37.400	
749	0.02	37.450	
750	0.02	37.500	
751	0.02	37.550	
752	0.02	37.600	
753	0.02	37.650	
754	0.02	37.700	
755	0.02	37.750	
756	0.02	37.800	
757	0.02	37.850	
758	0.02	37.900	
759	0.02	37.950	
760	0.02	38.000	
761	0.02	38.051	
762	0.02	38.100	
763	0.02	38.151	
764	0.02	38.200	
765	0.02	38.250	
766	0.02	38.300	
767	0.02	38.351	
768	0.02	38.400	
769	0.02	38.450	
770	0.02	38.500	
771	0.02	38.550	
772	0.02	38.600	
773	0.02	38.650	
774	0.02	38.700	
775	0.02	38.750	
776	0.02	38.800	
777	0.02	38.850	
778	0.02	38.901	
779	0.02	38.950	
780	0.02	39.001	
781	0.02	39.051	
782	0.02	39.100	
783	0.02	39.150	
784	0.02	39.200	
785	0.02	39.250	
786	0.02	39.300	
787	0.02	39.350	
788	0.02	39.400	
789	0.02	39.450	
790	0.02	39.500	
791	0.02	39.550	
792	0.02	39.600	
793	0.02	39.650	
794	0.00	39.700	
795	0.02	39.750	
796	0.02	39.802	
797	0.02	39.850	
798	0.02	39.900	
799	0.02	39.950	
800	0.02	40.000	
801	0.02	40.050	
802	0.02	40.100	
803	0.02	40.150	
804	0.02	40.200	
805	0.02	40.250	
806	0.02	40.300	
807	0.02	40.350	
808	0.02	40.400	
809	0.02	40.450	
810	0.02	40.500	
811	0.02	40.550	
812	0.02	40.600	
813	0.02	40.650	
814	0.02	40.700	
815	0.02	40.750	
816	0.02	40.800	
817	0.02	40.850	
818	0.02	40.900	
819	0.02	40.950	
820	0.02	41.000	
821	0.02	41.050	
822	0.02	41.100	
823	0.02	41.150	
824	0.02	41.200	
825	0.02	41.250	
826	0.02	41.300	
827	0.02	41.350	
828	0.02	41.400	
829	0.02	41.450	
830	0.02	41.500	
831	0.02	41.550	
832	0.02	41.601	
833	0.02	41.650	
834	0.02	41.700	
835	0.02	41.750	
836	0.02	41.800	
837	0.02	41.850	
838	0.02	41.900	
839	0.02	41.950	
840	0.02	42.000	
841	0.02	42.050	
842	0.02	42.100	
843	0.02	42.150	
844	0.02	42.200	
845	0.02	42.250	
846	0.02	42.300	
847	0.02	42.350	
848	0.04	42.400	
849	0.26	42.450	
850	0.60	42.500	
851	1.02	42.550	
852	1.50	42.600	
853	1.92	42.650	
854	2.24	42.700	
855	2.56	42.750	
856	2.76	42.800	
857	2.78	42.850	
858	2.78	42.900	
859	2.76	42.950	
860	2.76	43.000	
861	2.76	43.051	
862	2.76	43.100	
863	2.74	43.150	
864	2.74	43.200	
865	2.74	43.250	
866	2.74	43.300	
867	2.74	43.350	
868	2.74	43.400	
869	2.74	43.450	
870	2.72	43.500	
871	2.72	43.550	
872	2.72	43.600	
873	2.72	43.650	
874	2.72	43.701	
875	2.72	43.750	
876	2.72	43.800	
877	2.72	43.850	
878	2.72	43.900	
879	2.72	43.950	
880	2.72	44.000	
881	2.72	44.050	
882	2.70	44.100	
883	2.70	44.150	
884	2.70	44.200	
885	2.70	44.250	
886	2.70	44.300	
887	2.72	44.350	
888	2.70	44.400	
889	2.70	44.450	
890	2.70	44.500	
891	2.70	44.550	
892	2.70	44.600	
893	2.70	44.650	
894	2.70	44.700	
895	2.70	44.750	
896	2.70	44.800	
897	2.70	44.850	
898	2.70	44.900	
899	2.70	44.950	
900	2.70	45.001	
901	2.70	45.051	
902	2.70	45.104	
903	2.70	45.150	
904	2.70	45.200	
905	2.70	45.250	
906	2.70	45.300	
907	2.70	45.350	
908	2.70	45.400	
909	2.70	45.450	
910	2.70	45.500	
911	2.70	45.550	
912	2.70	45.600	
913	2.70	45.650	
914	2.70	45.700	
915	2.68	45.750	
916	2.68	45.800	
917	2.70	45.850	
918	2.68	45.900	
919	2.68	45.950	
920	2.70	46.000	
921	2.70	46.050	
922	2.68	46.100	
923	2.68	46.150	
924	2.68	46.200	
925	2.56	46.250	
926	1.78	46.300	
927	1.04	46.350	
928	0.60	46.400	
929	0.30	46.450	
930	0.26	46.500	
931	0.24	46.550	
932	0.22	46.600	
933	0.22	46.650	
934	0.16	46.700	
935	0.14	46.751	
936	0.08	46.800	
937	0.04	46.850	
938	0.04	46.900	
939	0.02	46.950	
940	0.02	47.000	
941	0.02	47.050	
942	0.02	47.100	
943	0.02	47.150	
944	0.04	47.200	
945	0.02	47.251	
946	0.02	47.300	
947	0.02	47.350	
948	0.02	47.400	
949	0.02	47.450	
950	0.02	47.500	
951	0.02	47.550	
952	0.02	47.600	
953	0.02	47.650	
954	0.02	47.700	
955	0.02	47.750	
956	0.02	47.800	
957	0.02	47.850	
958	0.02	47.900	
959	0.02	47.950	
960	0.02	48.000	
961	0.02	48.050	
962	0.02	48.100	
963	0.02	48.150	
964	0.02	48.200	
965	0.02	48.250	
966	0.02	48.300	
967	0.02	48.351	
968	0.02	48.400	
969	0.02	48.450	
970	0.02	48.500	
971	0.02	48.550	
972	0.02	48.600	
973	0.02	48.650	
974	0.02	48.700	
975	0.02	48.750	
976	0.02	48.800	
977	0.02	48.850	
978	0.02	48.900	
979	0.02	48.950	
980	0.02	49.000	
981	0.02	49.050	
982	0.02	49.100	
983	0.02	49.150	
984	0.02	49.200	
985	0.02	49.250	
986	0.02	49.300	
987	0.02	49.350	
988	0.02	49.400	
989	0.02	49.450	
990	0.02	49.500	
991	0.02	49.550	
992	0.02	49.600	
993	0.02	49.650	
994	0.02	49.700	
995	0.02	49.750	
996	0.02	49.800	
997	0.02	49.850	
998	0.02	49.900	
999	0.02	49.950	
1000	0.02	50.000	
1001	0.02	50.050	
1002	0.02	50.100	
1003	0.02	50.153	
1004	0.02	50.200	
1005	0.02	50.250	
1006	0.02	50.300	
1007	0.02	50.350	
1008	0.02	50.400	
1009	0.02	50.450	
1010	0.02	50.500	
1011	0.02	50.550	
1012	0.02	50.601	
1013	0.02	50.650	
1014	0.02	50.700	
1015	0.02	50.750	
1016	0.02	50.800	
1017	0.02	50.850	
1018	0.02	50.900	
1019	0.02	50.950	
1020	0.02	51.000	
1021	0.02	51.050	
1022	0.02	51.100	
1023	0.02	51.150	
1024	0.02	51.200	
1025	0.02	51.250	
1026	0.02	51.300	
1027	0.02	51.350	
1028	0.02	51.400	
1029	0.02	51.450	
1030	0.02	51.500	
1031	0.02	51.550	
1032	0.02	51.601	
1033	0.02	51.650	
1034	0.02	51.700	
1035	0.02	51.750	
1036	0.02	51.800	
1037	0.02	51.850	
1038	0.02	51.900	
1039	0.02	51.950	
1040	0.02	52.000	
1041	0.02	52.050	
1042	0.02	52.101	
1043	0.02	52.150	
1044	0.02	52.200	
1045	0.02	52.250	
1046	0.02	52.300	
1047	0.02	52.350	
1048	0.02	52.400	
1049	0.02	52.450	
1050	0.02	52.500	
1051	0.02	52.550	
1052	0.02	52.600	
1053	0.02	52.650	
1054	0.02	52.700	
1055	0.02	52.750	
1056	0.02	52.800	
1057	0.02	52.850	
1058	0.02	52.900	
1059	0.02	52.950	
1060	0.14	53.000	
1061	0.54	53.050	
1062	0.90	53.100	
1063	1.38	53.150	
1064	1.84	53.200	
1065	2.18	53.250	
1066	2.48	53.300	
1067	2.74	53.350	
1068	2.78	53.400	
1069	2.76	53.450	
1070	2.76	53.500	
1071	2.74	53.550	
1072	2.74	53.600	
1073	2.74	53.650	
1074	2.74	53.700	
1075	2.74	53.750	
1076	2.72	53.801	
1077	2.72	53.850	
1078	2.72	53.900	
1079	2.72	53.950	
1080	2.72	54.001	
1081	2.72	54.051	
1082	2.72	54.100	
1083	2.72	54.150	
1084	2.70	54.200	
1085	2.70	54.250	
1086	2.70	54.300	
1087	2.70	54.350	
1088	2.70	54.400	
1089	2.70	54.450	
1090	2.70	54.500	
1091	2.70	54.550	
1092	2.70	54.600	
1093	2.70	54.650	
1094	2.70	54.700	
1095	2.70	54.750	
1096	2.70	54.800	
1097	2.70	54.850	
1098	2.70	54.900	
1099	2.70	54.950	
1100	2.70	55.000	
1101	2.70	55.050	
1102	2.70	55.100	
1103	2.68	55.158	
1104	2.68	55.200	
1105	2.70	55.250	
1106	2.70	55.300	
1107	2.68	55.350	
1108	2.70	55.400	
1109	2.68	55.450	
1110	2.68	55.500	
1111	2.68	55.550	
1112	2.68	55.600	
1113	2.68	55.650	
1114	2.68	55.700	
1115	2.68	55.750	
1116	2.68	55.800	
1117	2.68	55.850	
1118	2.68	55.900	
1119	2.68	55.950	
1120	2.68	56.000	
1121	2.68	56.050	
1122	2.68	56.100	
1123	2.68	56.150	
1124	2.68	56.200	
1125	2.68	56.251	
1126	2.68	56.300	
1127	2.68	56.350	
1128	2.68	56.400	
1129	2.68	56.450	
1130	2.68	56.500	
1131	2.68	56.550	
1132	2.68	56.600	
1133	2.68	56.650	
1134	2.68	56.700	
1135	2.68	56.750	
1136	2.68	56.800	
1137	2.68	56.850	
1138	2.68	56.901	
1139	2.68	56.950	
1140	2.68	57.000	
1141	2.68	57.050	
1142	2.68	57.100	
1143	2.68	57.150	
1144	2.68	57.200	
1145	2.68	57.250	
1146	2.16	57.300	
1147	1.38	57.350	
1148	0.78	57.400	
1149	0.40	57.450	
1150	0.26	57.500	
1151	0.26	57.550	
1152	0.24	57.600	
1153	0.24	57.650	
1154	0.20	57.701	
1155	0.14	57.750	
1156	0.12	57.800	
1157	0.06	57.851	
1158	0.04	57.900	
1159	0.04	57.950	
1160	0.04	58.000	
1161	0.04	58.050	
1162	0.04	58.100	
1163	0.04	58.150	
1164	0.04	58.200	
1165	0.04	58.250	
1166	0.04	58.300	
1167	0.04	58.350	
1168	0.04	58.400	
1169	0.04	58.450	
1170	0.04	58.500	
1171	0.04	58.550	
1172	0.04	58.600	
1173	0.04	58.650	
1174	0.04	58.700	
1175	0.04	58.750	
1176	0.02	58.800	
1177	0.04	58.850	
1178	0.04	58.900	
1179	0.02	58.950	
1180	0.02	59.000	
1181	0.02	59.050	
1182	0.04	59.100	
1183	0.02	59.150	
1184	0.04	59.200	
1185	0.02	59.250	
1186	0.04	59.301	
1187	0.04	59.350	
1188	0.04	59.400	
1189	0.04	59.451	
1190	0.02	59.501	
1191	0.02	59.550	
1192	0.02	59.600	
1193	0.04	59.650	
1194	0.04	59.700	
1195	0.02	59.750	
1196	0.02	59.800	
1197	0.04	59.851	
1198	0.02	59.900	
1199	0.02	59.950	
1200	0.02	60.000	
1201	0.02	60.050	
1202	0.02	60.100	
1203	0.02	60.159	
1204	0.02	60.200	
1205	0.02	60.250	
1206	0.02	60.300	
1207	0.02	60.350	
1208	0.02	60.400	
1209	0.02	60.450	
1210	0.02	60.500	
1211	0.02	60.550	
1212	0.02	60.600	
1213	0.02	60.650	
1214	0.02	60.700	
1215	0.02	60.751	
1216	0.02	60.800	
1217	0.02	60.850	
1218	0.02	60.900	
1219	0.02	60.950	
1220	0.02	61.000	
1221	0.02	61.051	
1222	0.02	61.101	
1223	0.02	61.150	
1224	0.02	61.200	
1225	0.02	61.250	
1226	0.02	61.300	
1227	0.02	61.350	
1228	0.02	61.400	
1229	0.02	61.450	
1230	0.02	61.500	
1231	0.02	61.550	
1232	0.02	61.600	
1233	0.02	61.651	
1234	0.02	61.700	
1235	0.02	61.750	
1236	0.02	61.800	
1237	0.04	61.850	
1238	0.06	61.900	
1239	0.36	61.950	
1240	0.72	62.000	
1241	1.16	62.050	
1242	1.64	62.100	
1243	2.04	62.150	
1244	2.34	62.200	
1245	2.66	62.250	
1246	2.78	62.300	
1247	2.78	62.350	
1248	2.78	62.400	
1249	2.76	62.450	
1250	2.76	62.500	
1251	2.76	62.550	
1252	2.76	62.600	
1253	2.74	62.650	
1254	2.74	62.700	
1255	2.74	62.750	
1256	2.74	62.800	
1257	2.74	62.850	
1258	2.74	62.900	
1259	2.72	62.950	
1260	2.72	63.000	
1261	2.72	63.050	
1262	2.72	63.100	
1263	2.72	63.150	
1264	2.72	63.200	
1265	2.72	63.252	
1266	2.72	63.300	
1267	2.72	63.350	
1268	2.72	63.400	
1269	2.72	63.450	
1270	2.72	63.500	
1271	2.72	63.550	
1272	2.72	63.600	
1273	2.72	63.650	
1274	2.72	63.700	
1275	2.72	63.751	
1276	2.72	63.800	
1277	2.72	63.850	
1278	2.72	63.900	
1279	2.70	63.950	
1280	2.70	64.000	
1281	2.70	64.050	
1282	2.70	64.101	
1283	2.70	64.150	
1284	2.70	64.200	
1285	2.70	64.250	
1286	2.70	64.300	
1287	2.70	64.350	
1288	2.70	64.400	
1289	2.70	64.450	
1290	2.70	64.501	
1291	2.70	64.550	
1292	2.70	64.600	
1293	2.70	64.651	
1294	2.70	64.700	
1295	2.70	64.750	
1296	2.70	64.800	
1297	2.70	64.850	
1298	2.70	64.901	
1299	2.70	64.950	
1300	2.70	65.000	
1301	2.70	65.050	
1302	2.70	65.100	
1303	2.70	65.159	
1304	2.70	65.200	
1305	2.70	65.250	
1306	2.70	65.300	
1307	2.70	65.350	
1308	2.70	65.400	
1309	2.70	65.450	
1310	2.70	65.500	
1311	2.70	65.550	
1312	2.70	65.600	
1313	2.70	65.650	
1314	2.70	65.700	
1315	2.70	65.750	
1316	2.14	65.800	
1317	1.34	65.850	
1318	0.76	65.900	
1319	0.40	65.950	
1320	0.28	66.000	
1321	0.26	66.050	
1322	0.24	66.100	
1323	0.24	66.150	
1324	0.20	66.200	
1325	0.14	66.250	
1326	0.12	66.300	
1327	0.06	66.350	
1328	0.04	66.400	
1329	0.04	66.450	
1330	0.04	66.500	
1331	0.04	66.550	
1332	0.04	66.600	
1333	0.04	66.651	
1334	0.04	66.700	
1335	0.04	66.750	
1336	0.04	66.800	
1337	0.04	66.850	
1338	0.04	66.900	
1339	0.04	66.950	
1340	0.04	67.000	
1341	0.04	67.050	
1342	0.04	67.101	
1343	0.04	67.150	
1344	0.04	67.200	
1345	0.04	67.250	
1346	0.04	67.300	
1347	0.04	67.350	
1348	0.04	67.400	
1349	0.04	67.450	
1350	0.04	67.500	
1351	0.04	67.550	
1352	0.04	67.600	
1353	0.04	67.650	
1354	0.04	67.700	
1355	0.04	67.750	
1356	0.04	67.800	
1357	0.04	67.850	
1358	0.04	67.900	
1359	0.04	67.950	
1360	0.04	68.000	
1361	0.04	68.050	
1362	0.04	68.100	
1363	0.04	68.150	
1364	0.02	68.200	
1365	0.04	68.250	
1366	0.04	68.300	
1367	0.04	68.350	
1368	0.04	68.400	
1369	0.04	68.450	
1370	0.04	68.500	
1371	0.04	68.550	
1372	0.04	68.600	
1373	0.04	68.651	
1374	0.04	68.700	
1375	0.04	68.750	
1376	0.02	68.800	
1377	0.04	68.850	
1378	0.04	68.901	
1379	0.02	68.950	
1380	0.04	69.000	
1381	0.04	69.050	
1382	0.02	69.100	
1383	0.04	69.150	
1384	0.04	69.200	
1385	0.04	69.250	
1386	0.04	69.300	
1387	0.04	69.350	
1388	0.04	69.401	
1389	0.04	69.450	
1390	0.04	69.501	
1391	0.04	69.550	
1392	0.02	69.600	
1393	0.02	69.650	
1394	0.04	69.700	
1395	0.02	69.750	
1396	0.04	69.800	
1397	0.02	69.850	
1398	0.04	69.901	
1399	0.04	69.950	
1400	0.02	70.000	
1401	0.04	70.050	
1402	0.04	70.100	
1403	0.04	70.159	
1404	0.04	70.200	
1405	0.04	70.250	
1406	0.02	70.300	
1407	0.04	70.350	
1408	0.02	70.400	
1409	0.02	70.450	
1410	0.02	70.500	
1411	0.02	70.550	
1412	0.02	70.600	
1413	0.04	70.651	
1414	0.02	70.700	
1415	0.02	70.750	
1416	0.02	70.800	
1417	0.02	70.850	
1418	0.02	70.901	
1419	0.02	70.950	
1420	0.02	71.000	
1421	0.02	71.050	
1422	0.02	71.101	
1423	0.02	71.151	
1424	0.02	71.200	
1425	0.02	71.250	
1426	0.02	71.300	
1427	0.02	71.350	
1428	0.02	71.401	
1429	0.04	71.450	
1430	0.02	71.500	
1431	0.02	71.550	
1432	0.02	71.600	
1433	0.02	71.650	
1434	0.02	71.700	
1435	0.04	71.751	
1436	0.02	71.800	
1437	0.04	71.850	
1438	0.06	71.900	
1439	0.34	71.950	
1440	0.70	72.001	
1441	1.12	72.050	
1442	1.62	72.101	
1443	2.04	72.150	
1444	2.32	72.200	
1445	2.66	72.250	
1446	2.84	72.300	
1447	2.84	72.350	
1448	2.84	72.400	
1449	2.82	72.450	
1450	2.82	72.500	
1451	2.82	72.550	
1452	2.80	72.600	
1453	2.80	72.650	
1454	2.80	72.700	
1455	2.80	72.750	
1456	2.80	72.800	
1457	2.80	72.850	
1458	2.80	72.900	
1459	2.78	72.950	
1460	2.78	73.000	
1461	2.78	73.050	
1462	2.78	73.100	
1463	2.78	73.150	
1464	2.78	73.200	
1465	2.78	73.250	
1466	2.78	73.300	
1467	2.78	73.350	
1468	2.78	73.400	
1469	2.78	73.450	
1470	2.78	73.500	
1471	2.78	73.550	
1472	2.76	73.600	
1473	2.76	73.650	
1474	2.76	73.700	
1475	2.76	73.750	
1476	2.76	73.800	
1477	2.76	73.850	
1478	2.76	73.900	
1479	2.76	73.950	
1480	2.76	74.000	
1481	2.76	74.050	
1482	2.76	74.100	
1483	2.76	74.150	
1484	2.76	74.200	
1485	2.76	74.250	
1486	2.76	74.300	
1487	2.76	74.350	
1488	2.76	74.400	
1489	2.76	74.450	
1490	2.76	74.500	
1491	2.76	74.550	
1492	2.76	74.600	
1493	2.76	74.650	
1494	2.76	74.700	
1495	2.76	74.750	
1496	2.76	74.800	
1497	2.76	74.850	
1498	2.76	74.900	
1499	2.76	74.950	
1500	2.76	75.000	
1501	2.76	75.050	
1502	2.76	75.100	
1503	2.76	75.150	
1504	2.76	75.200	
1505	2.76	75.250	
1506	2.76	75.300	
1507	2.76	75.350	
1508	2.76	75.400	
1509	2.76	75.450	
1510	2.76	75.500	
1511	2.76	75.550	
1512	2.46	75.600	
1513	1.04	75.661	
1514	0.82	75.701	
1515	0.52	75.750	
1516	0.32	75.800	
1517	0.26	75.850	
1518	0.26	75.900	
1519	0.24	75.950	
1520	0.22	76.000	
1521	0.16	76.050	
1522	0.14	76.100	
1523	0.08	76.150	
1524	0.06	76.200	
1525	0.04	76.250	
1526	0.04	76.300	
1527	0.04	76.350	
1528	0.04	76.400	
1529	0.04	76.450	
1530	0.04	76.501	
1531	0.04	76.550	
1532	0.04	76.600	
1533	0.04	76.650	
1534	0.04	76.700	
1535	0.04	76.750	
1536	0.04	76.801	
1537	0.04	76.850	
1538	0.04	76.900	
1539	0.04	76.950	
1540	0.04	77.000	
1541	0.04	77.050	
1542	0.04	77.100	
1543	0.04	77.150	
1544	0.04	77.200	
1545	0.04	77.250	
1546	0.04	77.300	
1547	0.04	77.350	
1548	0.04	77.400	
1549	0.04	77.450	
1550	0.04	77.500	
1551	0.04	77.550	
1552	0.04	77.600	
1553	0.04	77.650	
1554	0.04	77.700	
1555	0.04	77.750	
1556	0.04	77.800	
1557	0.04	77.850	
1558	0.04	77.900	
1559	0.04	77.950	
1560	0.04	78.000	
1561	0.04	78.050	
1562	0.04	78.100	
1563	0.04	78.150	
1564	0.04	78.200	
1565	0.04	78.250	
1566	0.04	78.300	
1567	0.04	78.350	
1568	0.04	78.400	
1569	0.04	78.450	
1570	0.04	78.500	
1571	0.04	78.550	
1572	0.04	78.600	
1573	0.04	78.650	
1574	0.04	78.700	
1575	0.04	78.750	
1576	0.04	78.800	
1577	0.04	78.850	
1578	0.04	78.900	
1579	0.04	78.950	
1580	0.04	79.001	
1581	0.04	79.050	
1582	0.04	79.101	
1583	0.04	79.150	
1584	0.04	79.200	
1585	0.04	79.251	
1586	0.04	79.300	
1587	0.04	79.350	
1588	0.04	79.400	
1589	0.04	79.450	
1590	0.04	79.500	
1591	0.04	79.550	
1592	0.04	79.600	
1593	0.04	79.650	
1594	0.04	79.700	
1595	0.04	79.750	
1596	0.04	79.800	
1597	0.04	79.851	
1598	0.04	79.900	
1599	0.04	79.950	
1600	0.04	80.000	
1601	0.02	80.050	
1602	0.04	80.100	
1603	0.04	80.162	
1604	0.04	80.200	
1605	0.04	80.253	
1606	0.04	80.300	
1607	0.04	80.350	
1608	0.04	80.400	
1609	0.04	80.450	
1610	0.04	80.500	
1611	0.04	80.550	
1612	0.04	80.600	
1613	0.02	80.650	
1614	0.04	80.700	
1615	0.04	80.750	
1616	0.04	80.800	
1617	0.04	80.851	
1618	0.04	80.901	
1619	0.04	80.950	
1620	0.04	81.000	
1621	0.04	81.051	
1622	0.04	81.100	
1623	0.04	81.150	
1624	0.04	81.200	
1625	0.02	81.250	
1626	0.04	81.300	
1627	0.04	81.350	
1628	0.02	81.400	
1629	0.04	81.450	
1630	0.04	81.500	
1631	0.04	81.551	
1632	0.02	81.600	
1633	0.04	81.650	
1634	0.04	81.700	
1635	0.04	81.750	
1636	0.04	81.800	
1637	0.02	81.850	
1638	0.04	81.900	
1639	0.04	81.950	
1640	0.02	82.000	
1641	0.02	82.050	
1642	0.04	82.100	
1643	0.04	82.150	
1644	0.04	82.200	
1645	0.04	82.250	
1646	0.04	82.300	
1647	0.02	82.350	
1648	0.02	82.400	
1649	0.04	82.450	
1650	0.04	82.500	
1651	0.02	82.550	
1652	0.04	82.600	
1653	0.04	82.650	
1654	0.04	82.700	
1655	0.06	82.750	
1656	0.26	82.800	
1657	0.62	82.850	
1658	1.04	82.900	
1659	1.56	82.950	
1660	1.98	83.000	
1661	2.30	83.050	
1662	2.62	83.100	
1663	2.82	83.150	
1664	2.84	83.200	
1665	2.82	83.250	
1666	2.82	83.301	
1667	2.80	83.350	
1668	2.80	83.400	
1669	2.80	83.450	
1670	2.80	83.500	
1671	2.78	83.550	
1672	2.78	83.600	
1673	2.78	83.650	
1674	2.78	83.700	
1675	2.78	83.750	
1676	2.78	83.800	
1677	2.78	83.850	
1678	2.78	83.900	
1679	2.76	83.950	
1680	2.76	84.000	
1681	2.76	84.050	
1682	2.76	84.100	
1683	2.76	84.150	
1684	2.76	84.200	
1685	2.76	84.250	
1686	2.76	84.300	
1687	2.76	84.350	
1688	2.76	84.400	
1689	2.76	84.450	
1690	2.76	84.500	
1691	2.76	84.551	
1692	2.76	84.600	
1693	2.76	84.650	
1694	2.76	84.700	
1695	2.76	84.750	
1696	2.76	84.800	
1697	2.76	84.850	
1698	2.76	84.900	
1699	2.76	84.950	
1700	2.76	85.000	
1701	2.76	85.050	
1702	2.74	85.100	
1703	2.76	85.150	
1704	2.76	85.200	
1705	2.76	85.250	
1706	2.76	85.300	
1707	2.74	85.350	
1708	2.74	85.400	
1709	2.74	85.450	
1710	2.74	85.500	
1711	2.74	85.550	
1712	2.74	85.600	
1713	2.74	85.650	
1714	2.74	85.700	
1715	2.74	85.750	
1716	2.74	85.800	
1717	2.74	85.850	
1718	2.74	85.900	
1719	2.74	85.950	
1720	2.74	86.000	
1721	2.74	86.050	
1722	2.74	86.100	
1723	2.74	86.150	
1724	2.74	86.200	
1725	2.74	86.250	
1726	2.74	86.310	
1727	2.74	86.350	
1728	2.74	86.404	
1729	2.74	86.451	
1730	2.74	86.500	
1731	2.74	86.550	
1732	2.74	86.600	
1733	2.74	86.650	
1734	2.74	86.700	
1735	2.74	86.750	
1736	2.46	86.801	
1737	1.66	86.850	
1738	0.94	86.900	
1739	0.52	86.950	
1740	0.32	87.000	
1741	0.28	87.051	
1742	0.26	87.100	
1743	0.26	87.150	
1744	0.24	87.200	
1745	0.16	87.250	
1746	0.14	87.300	
1747	0.08	87.350	
1748	0.06	87.400	
1749	0.06	87.450	
1750	0.04	87.500	
1751	0.04	87.550	
1752	0.04	87.600	
1753	0.04	87.650	
1754	0.04	87.701	
1755	0.04	87.750	
1756	0.04	87.800	
1757	0.04	87.851	
1758	0.04	87.900	
1759	0.04	87.950	
1760	0.04	88.000	
1761	0.04	88.050	
1762	0.04	88.100	
1763	0.04	88.150	
1764	0.04	88.200	
1765	0.04	88.250	
1766	0.04	88.301	
1767	0.04	88.350	
1768	0.04	88.400	
1769	0.04	88.450	
1770	0.04	88.500	
1771	0.04	88.550	
1772	0.04	88.600	
1773	0.04	88.650	
1774	0.04	88.700	
1775	0.04	88.750	
1776	0.04	88.800	
1777	0.04	88.850	
1778	0.04	88.900	
1779	0.04	88.950	
1780	0.04	89.000	
1781	0.04	89.050	
1782	0.04	89.100	
1783	0.04	89.150	
1784	0.04	89.200	
1785	0.04	89.250	
1786	0.04	89.300	
1787	0.04	89.350	
1788	0.04	89.400	
1789	0.04	89.450	
1790	0.04	89.501	
1791	0.04	89.550	
1792	0.04	89.600	
1793	0.04	89.650	
1794	0.04	89.700	
1795	0.04	89.750	
1796	0.04	89.800	
1797	0.04	89.850	
1798	0.04	89.900	
1799	0.04	89.951	
1800	0.04	90.000	
1801	0.04	90.050	
1802	0.04	90.100	
1803	0.04	90.164	
1804	0.04	90.200	
1805	0.04	90.260	
1806	0.04	90.300	
1807	0.04	90.351	
1808	0.04	90.400	
1809	0.04	90.450	
1810	0.04	90.500	
1811	0.04	90.550	
1812	0.04	90.600	
1813	0.04	90.650	
1814	0.04	90.700	
1815	0.04	90.750	
1816	0.04	90.800	
1817	0.04	90.850	
1818	0.04	90.900	
1819	0.04	90.950	
1820	0.04	91.000	
1821	0.04	91.050	
1822	0.04	91.100	
1823	0.04	91.150	
1824	0.04	91.201	
1825	0.04	91.250	
1826	0.04	91.300	
1827	0.04	91.350	
1828	0.04	91.400	
1829	0.04	91.450	
1830	0.04	91.500	
1831	0.04	91.551	
1832	0.04	91.600	
1833	0.04	91.650	
1834	0.04	91.700	
1835	0.04	91.750	
1836	0.04	91.800	
1837	0.04	91.850	
1838	0.04	91.900	
1839	0.04	91.951	
1840	0.04	92.000	
1841	0.04	92.050	
1842	0.04	92.100	
1843	0.04	92.150	
1844	0.04	92.201	
1845	0.04	92.250	
1846	0.04	92.300	
1847	0.04	92.350	
1848	0.04	92.400	
1849	0.04	92.451	
1850	0.04	92.500	
1851	0.04	92.550	
1852	0.04	92.600	
1853	0.04	92.650	
1854	0.04	92.701	
1855	0.06	92.750	
1856	0.30	92.800	
1857	0.68	92.850	
1858	1.08	92.900	
1859	1.58	92.951	
1860	2.00	93.000	
1861	2.30	93.050	
1862	2.62	93.100	
1863	2.82	93.150	
1864	2.82	93.201	
1865	2.80	93.250	
1866	2.80	93.300	
1867	2.80	93.350	
1868	2.78	93.400	
1869	2.78	93.450	
1870	2.78	93.500	
1871	2.78	93.551	
1872	2.76	93.600	
1873	2.76	93.650	
1874	2.76	93.700	
1875	2.76	93.750	
1876	2.76	93.800	
1877	2.76	93.850	
1878	2.76	93.900	
1879	2.76	93.950	
1880	2.76	94.000	
1881	2.76	94.050	
1882	2.76	94.100	
1883	2.76	94.150	
1884	2.76	94.200	
1885	2.76	94.250	
1886	2.76	94.300	
1887	2.74	94.350	
1888	2.76	94.400	
1889	2.74	94.450	
1890	2.74	94.500	
1891	2.74	94.551	
1892	2.74	94.600	
1893	2.74	94.650	
1894	2.74	94.700	
1895	2.74	94.750	
1896	2.74	94.800	
1897	2.74	94.851	
1898	2.74	94.900	
1899	2.74	94.950	
1900	2.74	95.001	
1901	2.74	95.050	
1902	2.74	95.100	
1903	2.74	95.150	
1904	2.74	95.200	
1905	2.74	95.250	
1906	2.74	95.300	
1907	2.74	95.350	
1908	2.74	95.400	
1909	2.74	95.450	
1910	2.74	95.500	
1911	2.74	95.550	
1912	2.74	95.600	
1913	2.74	95.650	
1914	2.74	95.700	
1915	2.72	95.750	
1916	2.72	95.800	
1917	2.72	95.850	
1918	2.74	95.900	
1919	2.72	95.950	
1920	2.74	96.000	
1921	2.72	96.050	
1922	2.74	96.100	
1923	2.72	96.150	
1924	2.72	96.201	
1925	2.72	96.250	
1926	2.72	96.300	
1927	2.72	96.350	
1928	2.72	96.400	
1929	2.72	96.451	
1930	2.72	96.500	
1931	2.72	96.550	
1932	2.72	96.600	
1933	2.72	96.650	
1934	2.72	96.700	
1935	2.72	96.750	
1936	2.72	96.800	
1937	2.72	96.850	
1938	2.72	96.900	
1939	2.72	96.950	
1940	2.72	97.000	
1941	2.72	97.050	
1942	2.74	97.100	
1943	2.72	97.150	
1944	2.72	97.200	
1945	2.04	97.250	
1946	1.24	97.300	
1947	0.70	97.350	
1948	0.38	97.400	
1949	0.28	97.450	
1950	0.26	97.500	
1951	0.26	97.550	
1952	0.26	97.600	
1953	0.20	97.650	
1954	0.16	97.701	
1955	0.12	97.750	
1956	0.06	97.800	
1957	0.06	97.850	
1958	0.06	97.900	
1959	0.04	97.951	
1960	0.06	98.000	
1961	0.06	98.050	
1962	0.04	98.100	
1963	0.06	98.150	
1964	0.06	98.201	
1965	0.04	98.250	
1966	0.06	98.300	
1967	0.06	98.350	
1968	0.04	98.400	
1969	0.06	98.450	
1970	0.04	98.500	
1971	0.04	98.550	
1972	0.06	98.600	
1973	0.06	98.650	
1974	0.04	98.700	
1975	0.06	98.750	
1976	0.04	98.800	
1977	0.04	98.850	
1978	0.06	98.900	
1979	0.04	98.950	
1980	0.04	99.000	
1981	0.06	99.050	
1982	0.06	99.100	
1983	0.04	99.150	
1984	0.04	99.200	
1985	0.04	99.250	
1986	0.04	99.300	
1987	0.04	99.350	
1988	0.04	99.400	
1989	0.04	99.450	
1990	0.04	99.501	
1991	0.04	99.550	
1992	0.04	99.600	
1993	0.04	99.650	
1994	0.04	99.700	
1995	0.04	99.750	
1996	0.04	99.800	
1997	0.04	99.850	
1998	0.04	99.900	
1999	0.04	99.950	
2000	0.04	100.000	
2001	0.04	100.050	
2002	0.04	100.100	
2003	0.04	100.200	
2004	0.04	100.250	
2005	0.04	100.350	
2006	0.04	100.401	
2007	0.04	100.466	
2008	0.04	100.501	
2009	0.04	100.562	
2010	0.04	100.600	
2011	0.04	100.656	
2012	0.04	100.700	
2013	0.04	100.750	
2014	0.04	100.800	
2015	0.04	100.850	
2016	0.04	100.900	
2017	0.04	100.950	
2018	0.04	101.000	
2019	0.04	101.050	
2020	0.04	101.100	
2021	0.04	101.150	
2022	0.04	101.200	
2023	0.04	101.250	
2024	0.04	101.300	
2025	0.04	101.350	
2026	0.04	101.401	
2027	0.04	101.450	
2028	0.04	101.500	
2029	0.04	101.550	
2030	0.04	101.600	
2031	0.04	101.650	
2032	0.04	101.700	
2033	0.04	101.750	
2034	0.04	101.800	
2035	0.04	101.850	
2036	0.04	101.900	
2037	0.04	101.950	
2038	0.04	102.000	
2039	0.04	102.050	
2040	0.04	102.100	
2041	0.04	102.151	
2042	0.04	102.201	
2043	0.04	102.250	
2044	0.04	102.300	
2045	0.04	102.351	
2046	0.04	102.400	
2047	0.04	102.451	
2048	0.04	102.500	
