7/23/2024  12:54 PM
Units: N
Readings: Continuous
X-Axis: Time

Reading	Load	Time	
1	0.52	0.000	
2	0.52	0.099	
3	0.52	0.149	
4	0.52	0.200	
5	0.52	0.250	
6	0.52	0.300	
7	0.52	0.349	
8	0.52	0.399	
9	0.52	0.450	
10	0.52	0.499	
11	0.52	0.549	
12	0.52	0.599	
13	0.52	0.650	
14	0.52	0.699	
15	0.52	0.749	
16	0.52	0.799	
17	0.52	0.849	
18	0.52	0.900	
19	0.52	0.949	
20	0.52	0.999	
21	0.52	1.049	
22	0.52	1.100	
23	0.52	1.150	
24	0.52	1.199	
25	0.52	1.249	
26	0.52	1.300	
27	0.52	1.349	
28	0.52	1.400	
29	0.52	1.449	
30	0.52	1.499	
31	0.52	1.549	
32	0.52	1.599	
33	0.52	1.649	
34	0.52	1.699	
35	0.52	1.749	
36	0.52	1.800	
37	0.52	1.849	
38	0.52	1.899	
39	0.52	1.949	
40	0.52	1.999	
41	0.52	2.049	
42	0.52	2.099	
43	0.52	2.149	
44	0.52	2.200	
45	0.52	2.249	
46	0.52	2.300	
47	0.52	2.349	
48	0.52	2.399	
49	0.52	2.449	
50	0.52	2.499	
51	0.52	2.549	
52	0.52	2.599	
53	0.52	2.649	
54	0.52	2.699	
55	0.52	2.750	
56	0.52	2.799	
57	0.52	2.850	
58	0.52	2.899	
59	0.52	2.949	
60	0.52	2.999	
61	0.52	3.049	
62	0.52	3.099	
63	0.52	3.149	
64	0.52	3.199	
65	0.52	3.249	
66	0.52	3.299	
67	0.52	3.349	
68	0.52	3.399	
69	0.52	3.450	
70	0.52	3.500	
71	0.52	3.550	
72	0.52	3.600	
73	0.52	3.649	
74	0.52	3.699	
75	0.52	3.749	
76	0.52	3.799	
77	0.52	3.850	
78	0.52	3.899	
79	0.52	3.949	
80	0.52	4.000	
81	0.52	4.050	
82	0.52	4.099	
83	0.52	4.149	
84	0.64	4.199	
85	0.86	4.249	
86	1.18	4.300	
87	1.66	4.349	
88	2.08	4.400	
89	2.44	4.449	
90	2.82	4.499	
91	3.08	4.549	
92	3.12	4.600	
93	3.12	4.649	
94	3.10	4.699	
95	3.10	4.749	
96	3.10	4.799	
97	3.10	4.849	
98	3.10	4.899	
99	3.08	4.949	
100	3.08	4.999	
101	3.08	5.049	
102	3.08	5.100	
103	3.08	5.149	
104	3.08	5.199	
105	3.08	5.249	
106	3.08	5.299	
107	3.08	5.349	
108	3.06	5.399	
109	3.06	5.450	
110	3.06	5.499	
111	3.06	5.550	
112	3.06	5.599	
113	3.06	5.650	
114	3.06	5.699	
115	3.06	5.749	
116	3.06	5.799	
117	3.06	5.849	
118	3.06	5.899	
119	3.06	5.949	
120	3.06	5.999	
121	3.06	6.049	
122	3.06	6.100	
123	3.06	6.149	
124	3.06	6.199	
125	3.06	6.249	
126	3.06	6.300	
127	3.06	6.349	
128	3.06	6.399	
129	3.06	6.449	
130	3.06	6.500	
131	3.06	6.549	
132	3.06	6.600	
133	3.06	6.649	
134	3.06	6.699	
135	3.06	6.749	
136	3.04	6.799	
137	3.04	6.850	
138	3.06	6.899	
139	3.04	6.949	
140	3.04	7.000	
141	3.06	7.049	
142	3.06	7.099	
143	3.04	7.149	
144	3.04	7.200	
145	3.04	7.249	
146	3.06	7.299	
147	3.06	7.349	
148	3.04	7.399	
149	2.74	7.449	
150	1.94	7.499	
151	1.28	7.549	
152	0.90	7.599	
153	0.74	7.649	
154	0.70	7.700	
155	0.68	7.749	
156	0.68	7.800	
157	0.68	7.849	
158	0.64	7.899	
159	0.60	7.949	
160	0.56	8.000	
161	0.56	8.049	
162	0.56	8.099	
163	0.54	8.150	
164	0.54	8.199	
165	0.56	8.250	
166	0.54	8.300	
167	0.54	8.349	
168	0.54	8.399	
169	0.56	8.449	
170	0.54	8.500	
171	0.54	8.549	
172	0.54	8.600	
173	0.54	8.649	
174	0.54	8.700	
175	0.54	8.749	
176	0.54	8.799	
177	0.54	8.849	
178	0.54	8.899	
179	0.54	8.949	
180	0.54	8.999	
181	0.54	9.050	
182	0.54	9.099	
183	0.54	9.150	
184	0.54	9.199	
185	0.54	9.249	
186	0.54	9.299	
187	0.54	9.349	
188	0.54	9.399	
189	0.54	9.450	
190	0.54	9.499	
191	0.54	9.549	
192	0.54	9.599	
193	0.54	9.650	
194	0.54	9.699	
195	0.54	9.750	
196	0.54	9.799	
197	0.54	9.849	
198	0.54	9.900	
199	0.54	9.949	
200	0.54	9.999	
201	0.54	10.050	
202	0.54	10.099	
203	0.54	10.149	
204	0.54	10.199	
205	0.54	10.249	
206	0.54	10.300	
207	0.54	10.350	
208	0.54	10.399	
209	0.54	10.449	
210	0.54	10.499	
211	0.54	10.549	
212	0.54	10.599	
213	0.54	10.649	
214	0.54	10.699	
215	0.54	10.750	
216	0.54	10.799	
217	0.54	10.849	
218	0.54	10.900	
219	0.54	10.949	
220	0.54	10.999	
221	0.54	11.049	
222	0.54	11.099	
223	0.54	11.149	
224	0.54	11.200	
225	0.54	11.249	
226	0.54	11.300	
227	0.54	11.349	
228	0.54	11.400	
229	0.54	11.449	
230	0.54	11.499	
231	0.54	11.549	
232	0.54	11.599	
233	0.54	11.649	
234	0.54	11.699	
235	0.52	11.749	
236	0.54	11.808	
237	0.54	11.849	
238	0.54	11.899	
239	0.52	11.949	
240	0.54	11.999	
241	0.54	12.049	
242	0.54	12.100	
243	0.54	12.149	
244	0.54	12.200	
245	0.54	12.250	
246	0.54	12.299	
247	0.52	12.349	
248	0.54	12.400	
249	0.54	12.450	
250	0.54	12.499	
251	0.52	12.549	
252	0.54	12.600	
253	0.54	12.649	
254	0.54	12.699	
255	0.52	12.749	
256	0.54	12.799	
257	0.54	12.850	
258	0.54	12.900	
259	0.52	12.949	
260	0.54	12.999	
261	0.54	13.049	
262	0.54	13.099	
263	0.52	13.149	
264	0.52	13.199	
265	0.54	13.252	
266	0.54	13.299	
267	0.54	13.349	
268	0.54	13.399	
269	0.52	13.449	
270	0.52	13.499	
271	0.54	13.549	
272	0.54	13.599	
273	0.54	13.649	
274	0.76	13.699	
275	0.98	13.750	
276	1.36	13.799	
277	1.84	13.849	
278	2.22	13.899	
279	2.58	13.949	
280	2.98	13.999	
281	3.20	14.049	
282	3.22	14.099	
283	3.20	14.149	
284	3.20	14.199	
285	3.20	14.250	
286	3.18	14.299	
287	3.18	14.349	
288	3.18	14.399	
289	3.18	14.449	
290	3.18	14.499	
291	3.18	14.549	
292	3.16	14.599	
293	3.16	14.649	
294	3.16	14.699	
295	3.16	14.749	
296	3.16	14.799	
297	3.16	14.849	
298	3.16	14.899	
299	3.16	14.949	
300	3.16	14.999	
301	3.16	15.049	
302	3.16	15.099	
303	3.16	15.149	
304	3.16	15.199	
305	3.16	15.250	
306	3.16	15.299	
307	3.16	15.349	
308	3.16	15.399	
309	3.14	15.449	
310	3.16	15.499	
311	3.16	15.549	
312	3.16	15.599	
313	3.16	15.649	
314	3.14	15.699	
315	3.14	15.749	
316	3.14	15.799	
317	3.14	15.849	
318	3.14	15.899	
319	3.14	15.949	
320	3.14	15.999	
321	3.14	16.049	
322	3.14	16.099	
323	3.14	16.149	
324	3.14	16.199	
325	3.14	16.249	
326	3.14	16.299	
327	3.14	16.349	
328	3.14	16.399	
329	3.14	16.449	
330	3.14	16.500	
331	3.14	16.549	
332	3.16	16.599	
333	2.52	16.649	
334	1.76	16.699	
335	1.16	16.749	
336	0.84	16.799	
337	0.72	16.849	
338	0.70	16.900	
339	0.68	16.949	
340	0.70	16.999	
341	0.68	17.049	
342	0.64	17.099	
343	0.60	17.149	
344	0.56	17.199	
345	0.56	17.249	
346	0.56	17.299	
347	0.54	17.349	
348	0.54	17.399	
349	0.56	17.449	
350	0.56	17.499	
351	0.56	17.549	
352	0.56	17.599	
353	0.56	17.650	
354	0.54	17.699	
355	0.56	17.750	
356	0.56	17.799	
357	0.54	17.850	
358	0.56	17.900	
359	0.54	17.949	
360	0.54	17.999	
361	0.54	18.049	
362	0.54	18.099	
363	0.54	18.149	
364	0.54	18.199	
365	0.54	18.249	
366	0.54	18.299	
367	0.54	18.349	
368	0.54	18.399	
369	0.54	18.449	
370	0.54	18.499	
371	0.54	18.549	
372	0.54	18.599	
373	0.54	18.649	
374	0.54	18.699	
375	0.54	18.749	
376	0.54	18.799	
377	0.54	18.849	
378	0.54	18.899	
379	0.54	18.949	
380	0.54	18.999	
381	0.54	19.049	
382	0.54	19.099	
383	0.54	19.149	
384	0.54	19.199	
385	0.54	19.250	
386	0.54	19.299	
387	0.54	19.349	
388	0.54	19.399	
389	0.54	19.449	
390	0.54	19.499	
391	0.54	19.549	
392	0.54	19.599	
393	0.54	19.649	
394	0.54	19.699	
395	0.54	19.749	
396	0.54	19.799	
397	0.54	19.849	
398	0.54	19.899	
399	0.54	19.949	
400	0.54	19.999	
401	0.54	20.049	
402	0.54	20.099	
403	0.54	20.150	
404	0.54	20.199	
405	0.54	20.249	
406	0.54	20.300	
407	0.54	20.349	
408	0.54	20.399	
409	0.54	20.450	
410	0.54	20.499	
411	0.54	20.549	
412	0.54	20.599	
413	0.54	20.649	
414	0.54	20.699	
415	0.56	20.749	
416	0.76	20.799	
417	0.98	20.849	
418	1.36	20.899	
419	1.84	20.949	
420	2.24	20.999	
421	2.60	21.049	
422	2.96	21.099	
423	3.18	21.149	
424	3.20	21.199	
425	3.18	21.249	
426	3.18	21.300	
427	3.16	21.349	
428	3.16	21.399	
429	3.16	21.449	
430	3.16	21.499	
431	3.16	21.549	
432	3.16	21.599	
433	3.16	21.650	
434	3.14	21.699	
435	3.14	21.749	
436	3.14	21.799	
437	3.14	21.849	
438	3.14	21.899	
439	3.14	21.949	
440	3.14	21.999	
441	3.14	22.049	
442	3.14	22.099	
443	3.14	22.149	
444	3.14	22.199	
445	3.14	22.249	
446	3.14	22.299	
447	3.14	22.349	
448	3.14	22.399	
449	3.14	22.449	
450	3.12	22.499	
451	3.12	22.549	
452	3.12	22.599	
453	3.14	22.649	
454	3.12	22.699	
455	3.12	22.749	
456	3.12	22.799	
457	3.12	22.849	
458	3.12	22.899	
459	3.12	22.949	
460	3.12	22.999	
461	3.12	23.049	
462	3.12	23.099	
463	3.12	23.149	
464	3.12	23.199	
465	3.12	23.249	
466	3.12	23.299	
467	3.12	23.349	
468	3.12	23.399	
469	3.12	23.449	
470	3.12	23.499	
471	3.12	23.549	
472	3.12	23.599	
473	3.12	23.649	
474	3.12	23.699	
475	3.12	23.749	
476	3.12	23.799	
477	3.12	23.850	
478	3.12	23.899	
479	3.12	23.949	
480	3.12	23.999	
481	3.12	24.050	
482	3.12	24.099	
483	3.12	24.149	
484	3.12	24.199	
485	2.64	24.249	
486	1.86	24.300	
487	1.24	24.349	
488	0.90	24.399	
489	0.74	24.449	
490	0.70	24.499	
491	0.70	24.549	
492	0.70	24.599	
493	0.70	24.649	
494	0.64	24.699	
495	0.62	24.749	
496	0.58	24.800	
497	0.56	24.849	
498	0.56	24.899	
499	0.56	24.949	
500	0.56	24.999	
501	0.56	25.049	
502	0.56	25.099	
503	0.56	25.149	
504	0.56	25.199	
505	0.56	25.249	
506	0.56	25.299	
507	0.56	25.349	
508	0.56	25.400	
509	0.56	25.449	
510	0.56	25.499	
511	0.56	25.549	
512	0.56	25.599	
513	0.56	25.649	
514	0.56	25.699	
515	0.56	25.749	
516	0.56	25.799	
517	0.56	25.849	
518	0.56	25.899	
519	0.56	25.949	
520	0.56	25.999	
521	0.56	26.049	
522	0.56	26.099	
523	0.56	26.149	
524	0.56	26.199	
525	0.56	26.249	
526	0.54	26.299	
527	0.56	26.349	
528	0.54	26.399	
529	0.56	26.449	
530	0.54	26.499	
531	0.56	26.549	
532	0.54	26.599	
533	0.56	26.649	
534	0.54	26.699	
535	0.54	26.749	
536	0.54	26.799	
537	0.54	26.849	
538	0.54	26.899	
539	0.54	26.949	
540	0.54	26.999	
541	0.54	27.049	
542	0.54	27.099	
543	0.54	27.149	
544	0.56	27.199	
545	0.54	27.249	
546	0.54	27.299	
547	0.54	27.349	
548	0.54	27.399	
549	0.54	27.449	
550	0.54	27.500	
551	0.54	27.549	
552	0.54	27.599	
553	0.54	27.649	
554	0.54	27.699	
555	0.54	27.749	
556	0.54	27.799	
557	0.54	27.849	
558	0.54	27.899	
559	0.54	27.949	
560	0.54	27.999	
561	0.54	28.049	
562	0.54	28.099	
563	0.54	28.149	
564	0.54	28.199	
565	0.54	28.249	
566	0.54	28.299	
567	0.54	28.349	
568	0.54	28.399	
569	0.54	28.449	
570	0.54	28.499	
571	0.54	28.549	
572	0.54	28.599	
573	0.54	28.649	
574	0.54	28.699	
575	0.54	28.749	
576	0.54	28.799	
577	0.54	28.849	
578	0.54	28.899	
579	0.54	28.949	
580	0.54	28.999	
581	0.54	29.049	
582	0.54	29.099	
583	0.54	29.149	
584	0.54	29.199	
585	0.54	29.249	
586	0.54	29.299	
587	0.54	29.349	
588	0.54	29.399	
589	0.54	29.449	
590	0.54	29.499	
591	0.64	29.549	
592	0.86	29.599	
593	1.16	29.650	
594	1.64	29.699	
595	2.06	29.749	
596	2.42	29.799	
597	2.82	29.849	
598	3.14	29.899	
599	3.22	29.949	
600	3.20	29.999	
601	3.20	30.049	
602	3.20	30.099	
603	3.18	30.149	
604	3.18	30.199	
605	3.18	30.249	
606	3.18	30.299	
607	3.18	30.349	
608	3.16	30.399	
609	3.16	30.449	
610	3.16	30.499	
611	3.16	30.549	
612	3.16	30.599	
613	3.16	30.649	
614	3.16	30.699	
615	3.16	30.749	
616	3.16	30.799	
617	3.16	30.849	
618	3.16	30.899	
619	3.16	30.949	
620	3.16	30.999	
621	3.16	31.049	
622	3.16	31.099	
623	3.16	31.149	
624	3.16	31.199	
625	3.16	31.249	
626	3.16	31.299	
627	3.16	31.349	
628	3.16	31.399	
629	3.16	31.449	
630	3.14	31.499	
631	3.14	31.549	
632	3.14	31.599	
633	3.14	31.649	
634	3.14	31.699	
635	3.14	31.749	
636	3.14	31.799	
637	3.14	31.849	
638	3.14	31.899	
639	3.14	31.949	
640	3.14	31.999	
641	3.14	32.049	
642	3.14	32.099	
643	3.14	32.149	
644	3.14	32.199	
645	3.14	32.249	
646	3.14	32.299	
647	3.14	32.349	
648	3.14	32.399	
649	3.14	32.449	
650	3.14	32.499	
651	3.14	32.549	
652	3.14	32.599	
653	3.14	32.650	
654	3.14	32.699	
655	3.14	32.749	
656	3.14	32.799	
657	3.14	32.849	
658	3.14	32.900	
659	3.14	32.949	
660	3.14	32.999	
661	3.14	33.050	
662	2.62	33.099	
663	1.88	33.149	
664	1.24	33.199	
665	0.88	33.249	
666	0.74	33.299	
667	0.70	33.349	
668	0.68	33.399	
669	0.70	33.449	
670	0.70	33.499	
671	0.66	33.549	
672	0.62	33.599	
673	0.58	33.649	
674	0.58	33.699	
675	0.56	33.749	
676	0.56	33.799	
677	0.56	33.849	
678	0.56	33.899	
679	0.56	33.949	
680	0.56	33.999	
681	0.56	34.049	
682	0.56	34.100	
683	0.56	34.149	
684	0.56	34.199	
685	0.56	34.249	
686	0.56	34.299	
687	0.56	34.349	
688	0.56	34.399	
689	0.56	34.449	
690	0.56	34.499	
691	0.56	34.549	
692	0.56	34.599	
693	0.56	34.649	
694	0.56	34.699	
695	0.56	34.749	
696	0.56	34.799	
697	0.56	34.849	
698	0.56	34.899	
699	0.56	34.950	
700	0.56	34.999	
701	0.56	35.049	
702	0.56	35.099	
703	0.56	35.150	
704	0.56	35.200	
705	0.56	35.249	
706	0.56	35.300	
707	0.56	35.349	
708	0.56	35.399	
709	0.56	35.449	
710	0.56	35.500	
711	0.56	35.549	
712	0.56	35.600	
713	0.56	35.649	
714	0.56	35.699	
715	0.56	35.749	
716	0.56	35.799	
717	0.56	35.849	
718	0.54	35.899	
719	0.56	35.949	
720	0.56	35.999	
721	0.56	36.049	
722	0.56	36.099	
723	0.54	36.150	
724	0.56	36.199	
725	0.56	36.249	
726	0.54	36.299	
727	0.54	36.349	
728	0.54	36.399	
729	0.54	36.449	
730	0.56	36.499	
731	0.54	36.549	
732	0.56	36.599	
733	0.56	36.649	
734	0.56	36.700	
735	0.56	36.749	
736	0.54	36.799	
737	0.54	36.849	
738	0.54	36.900	
739	0.54	36.949	
740	0.54	36.999	
741	0.56	37.049	
742	0.56	37.099	
743	0.56	37.150	
744	0.56	37.199	
745	0.54	37.249	
746	0.56	37.299	
747	0.54	37.349	
748	0.54	37.399	
749	0.54	37.449	
750	0.54	37.499	
751	0.54	37.549	
752	0.54	37.599	
753	0.56	37.649	
754	0.54	37.699	
755	0.54	37.749	
756	0.54	37.799	
757	0.54	37.849	
758	0.54	37.899	
759	0.60	37.949	
760	0.84	37.999	
761	1.08	38.049	
762	1.50	38.099	
763	1.96	38.149	
764	2.32	38.199	
765	2.72	38.249	
766	3.08	38.299	
767	3.24	38.349	
768	3.24	38.399	
769	3.24	38.449	
770	3.24	38.499	
771	3.22	38.549	
772	3.22	38.599	
773	3.22	38.649	
774	3.22	38.700	
775	3.22	38.749	
776	3.22	38.799	
777	3.20	38.849	
778	3.20	38.899	
779	3.20	38.949	
780	3.20	38.999	
781	3.20	39.050	
782	3.20	39.099	
783	3.20	39.149	
784	3.20	39.199	
785	3.20	39.249	
786	3.20	39.299	
787	3.18	39.349	
788	3.20	39.399	
789	3.20	39.449	
790	3.20	39.499	
791	3.18	39.549	
792	3.18	39.599	
793	3.18	39.649	
794	3.18	39.699	
795	3.18	39.749	
796	3.18	39.799	
797	3.18	39.849	
798	3.18	39.899	
799	3.18	39.949	
800	3.18	39.999	
801	3.18	40.049	
802	3.18	40.099	
803	3.18	40.150	
804	3.18	40.199	
805	3.18	40.249	
806	3.18	40.299	
807	3.18	40.349	
808	3.18	40.399	
809	3.18	40.449	
810	3.18	40.499	
811	3.18	40.549	
812	3.18	40.599	
813	3.18	40.649	
814	3.18	40.699	
815	3.18	40.749	
816	3.18	40.799	
817	3.18	40.849	
818	3.18	40.899	
819	3.18	40.949	
820	3.18	40.999	
821	3.18	41.049	
822	3.18	41.099	
823	3.18	41.149	
824	3.18	41.199	
825	3.18	41.250	
826	3.18	41.299	
827	3.18	41.349	
828	2.88	41.399	
829	2.06	41.449	
830	1.40	41.499	
831	0.98	41.549	
832	0.76	41.599	
833	0.72	41.649	
834	0.70	41.699	
835	0.72	41.749	
836	0.70	41.799	
837	0.66	41.849	
838	0.64	41.899	
839	0.60	41.949	
840	0.58	41.999	
841	0.58	42.049	
842	0.56	42.099	
843	0.56	42.149	
844	0.56	42.199	
845	0.56	42.249	
846	0.56	42.299	
847	0.56	42.349	
848	0.56	42.399	
849	0.56	42.449	
850	0.56	42.499	
851	0.56	42.549	
852	0.56	42.599	
853	0.56	42.649	
854	0.56	42.699	
855	0.56	42.749	
856	0.56	42.799	
857	0.56	42.849	
858	0.56	42.899	
859	0.56	42.949	
860	0.56	42.999	
861	0.56	43.049	
862	0.56	43.099	
863	0.56	43.149	
864	0.56	43.199	
865	0.56	43.249	
866	0.56	43.299	
867	0.56	43.349	
868	0.56	43.399	
869	0.56	43.449	
870	0.56	43.499	
871	0.56	43.549	
872	0.56	43.599	
873	0.56	43.649	
874	0.56	43.699	
875	0.56	43.749	
876	0.56	43.799	
877	0.56	43.849	
878	0.56	43.899	
879	0.56	43.949	
880	0.56	43.999	
881	0.56	44.049	
882	0.56	44.099	
883	0.56	44.149	
884	0.56	44.199	
885	0.56	44.249	
886	0.56	44.299	
887	0.56	44.350	
888	0.56	44.399	
889	0.56	44.449	
890	0.56	44.499	
891	0.56	44.549	
892	0.56	44.599	
893	0.56	44.649	
894	0.56	44.699	
895	0.56	44.750	
896	0.56	44.800	
897	0.56	44.849	
898	0.56	44.899	
899	0.56	44.949	
900	0.56	44.999	
901	0.56	45.049	
902	0.56	45.099	
903	0.56	45.153	
904	0.56	45.199	
905	0.56	45.249	
906	0.56	45.299	
907	0.56	45.349	
908	0.56	45.399	
909	0.56	45.449	
910	0.56	45.499	
911	0.56	45.549	
912	0.56	45.599	
913	0.56	45.649	
914	0.56	45.699	
915	0.56	45.749	
916	0.56	45.799	
917	0.56	45.849	
918	0.58	45.899	
919	0.78	45.949	
920	1.08	45.999	
921	1.52	46.049	
922	1.96	46.099	
923	2.32	46.149	
924	2.70	46.199	
925	3.04	46.249	
926	3.16	46.299	
927	3.16	46.349	
928	3.14	46.399	
929	3.14	46.449	
930	3.14	46.499	
931	3.12	46.549	
932	3.12	46.600	
933	3.12	46.649	
934	3.12	46.699	
935	3.12	46.749	
936	3.12	46.800	
937	3.12	46.849	
938	3.12	46.899	
939	3.10	46.949	
940	3.10	46.999	
941	3.10	47.050	
942	3.10	47.099	
943	3.10	47.149	
944	3.10	47.199	
945	3.10	47.249	
946	3.10	47.299	
947	3.10	47.349	
948	3.10	47.399	
949	3.10	47.449	
950	3.10	47.499	
951	3.10	47.549	
952	3.10	47.599	
953	3.10	47.649	
954	3.10	47.699	
955	3.10	47.749	
956	3.10	47.799	
957	3.10	47.849	
958	3.10	47.899	
959	3.10	47.949	
960	3.10	47.999	
961	3.10	48.049	
962	3.10	48.099	
963	3.08	48.149	
964	3.08	48.199	
965	3.10	48.249	
966	3.08	48.299	
967	3.10	48.349	
968	3.08	48.399	
969	3.08	48.449	
970	3.08	48.499	
971	3.08	48.549	
972	3.08	48.599	
973	3.08	48.649	
974	3.08	48.699	
975	3.08	48.749	
976	3.08	48.799	
977	3.08	48.849	
978	3.08	48.899	
979	3.08	48.949	
980	3.08	48.999	
981	3.08	49.050	
982	3.08	49.099	
983	3.08	49.149	
984	3.08	49.199	
985	3.08	49.250	
986	3.08	49.300	
987	3.08	49.349	
988	2.40	49.399	
989	1.64	49.449	
990	1.10	49.499	
991	0.82	49.549	
992	0.74	49.599	
993	0.72	49.649	
994	0.72	49.699	
995	0.72	49.749	
996	0.68	49.799	
997	0.66	49.849	
998	0.62	49.900	
999	0.58	49.949	
1000	0.58	49.999	
1001	0.58	50.050	
1002	0.56	50.099	
1003	0.58	50.156	
1004	0.58	50.199	
1005	0.56	50.249	
1006	0.56	50.300	
1007	0.56	50.349	
1008	0.56	50.399	
1009	0.56	50.449	
1010	0.56	50.499	
1011	0.56	50.549	
1012	0.56	50.599	
1013	0.56	50.650	
1014	0.56	50.699	
1015	0.56	50.749	
1016	0.56	50.799	
1017	0.56	50.849	
1018	0.56	50.899	
1019	0.56	50.949	
1020	0.56	50.999	
1021	0.56	51.049	
1022	0.56	51.099	
1023	0.56	51.149	
1024	0.56	51.199	
1025	0.56	51.249	
1026	0.56	51.299	
1027	0.56	51.349	
1028	0.56	51.402	
1029	0.56	51.449	
1030	0.56	51.499	
1031	0.56	51.549	
1032	0.56	51.599	
1033	0.56	51.649	
1034	0.56	51.700	
1035	0.56	51.749	
1036	0.56	51.799	
1037	0.56	51.849	
1038	0.56	51.899	
1039	0.56	51.949	
1040	0.56	51.999	
1041	0.56	52.049	
1042	0.56	52.099	
1043	0.56	52.153	
1044	0.56	52.199	
1045	0.56	52.249	
1046	0.56	52.299	
1047	0.56	52.349	
1048	0.56	52.399	
1049	0.56	52.449	
1050	0.56	52.499	
1051	0.56	52.549	
1052	0.56	52.599	
1053	0.56	52.649	
1054	0.56	52.699	
1055	0.56	52.749	
1056	0.56	52.799	
1057	0.56	52.849	
1058	0.56	52.899	
1059	0.56	52.949	
1060	0.56	52.999	
1061	0.56	53.049	
1062	0.56	53.099	
1063	0.56	53.149	
1064	0.56	53.199	
1065	0.56	53.249	
1066	0.56	53.299	
1067	0.56	53.349	
1068	0.56	53.399	
1069	0.56	53.449	
1070	0.56	53.499	
1071	0.56	53.549	
1072	0.56	53.600	
1073	0.56	53.649	
1074	0.56	53.699	
1075	0.56	53.749	
1076	0.56	53.799	
1077	0.56	53.849	
1078	0.56	53.899	
1079	0.56	53.949	
1080	0.56	53.999	
1081	0.56	54.049	
1082	0.56	54.099	
1083	0.56	54.149	
1084	0.56	54.199	
1085	0.56	54.249	
1086	0.56	54.299	
1087	0.56	54.349	
1088	0.56	54.399	
1089	0.56	54.449	
1090	0.56	54.499	
1091	0.56	54.550	
1092	0.72	54.599	
1093	0.98	54.649	
1094	1.36	54.699	
1095	1.86	54.749	
1096	2.24	54.799	
1097	2.62	54.849	
1098	3.00	54.899	
1099	3.24	54.949	
1100	3.26	54.999	
1101	3.24	55.049	
1102	3.24	55.099	
1103	3.22	55.156	
1104	3.22	55.199	
1105	3.22	55.249	
1106	3.22	55.299	
1107	3.22	55.349	
1108	3.22	55.399	
1109	3.20	55.449	
1110	3.20	55.499	
1111	3.20	55.549	
1112	3.20	55.600	
1113	3.20	55.649	
1114	3.20	55.699	
1115	3.20	55.749	
1116	3.20	55.799	
1117	3.20	55.849	
1118	3.20	55.899	
1119	3.20	55.949	
1120	3.20	55.999	
1121	3.20	56.049	
1122	3.20	56.099	
1123	3.20	56.149	
1124	3.20	56.200	
1125	3.18	56.249	
1126	3.18	56.299	
1127	3.18	56.349	
1128	3.18	56.399	
1129	3.18	56.449	
1130	3.18	56.499	
1131	3.18	56.549	
1132	3.18	56.599	
1133	3.18	56.649	
1134	3.18	56.699	
1135	3.18	56.749	
1136	3.18	56.799	
1137	3.18	56.849	
1138	3.18	56.899	
1139	3.18	56.949	
1140	3.18	56.999	
1141	3.18	57.049	
1142	3.18	57.099	
1143	3.18	57.149	
1144	3.18	57.199	
1145	3.18	57.249	
1146	3.18	57.299	
1147	3.18	57.349	
1148	3.18	57.399	
1149	3.18	57.449	
1150	3.18	57.499	
1151	3.18	57.549	
1152	3.18	57.599	
1153	3.18	57.650	
1154	3.18	57.699	
1155	3.18	57.749	
1156	3.18	57.799	
1157	3.18	57.849	
1158	3.18	57.899	
1159	3.18	57.949	
1160	3.18	57.999	
1161	3.18	58.049	
1162	3.18	58.100	
1163	3.18	58.149	
1164	3.16	58.199	
1165	3.18	58.249	
1166	3.14	58.299	
1167	2.40	58.349	
1168	1.66	58.399	
1169	1.10	58.449	
1170	0.82	58.499	
1171	0.74	58.549	
1172	0.72	58.600	
1173	0.70	58.649	
1174	0.72	58.699	
1175	0.70	58.749	
1176	0.66	58.799	
1177	0.62	58.849	
1178	0.58	58.899	
1179	0.58	58.949	
1180	0.58	58.999	
1181	0.56	59.049	
1182	0.58	59.099	
1183	0.58	59.149	
1184	0.58	59.199	
1185	0.56	59.249	
1186	0.58	59.299	
1187	0.58	59.349	
1188	0.58	59.399	
1189	0.56	59.449	
1190	0.56	59.499	
1191	0.56	59.549	
1192	0.56	59.599	
1193	0.56	59.649	
1194	0.56	59.699	
1195	0.56	59.749	
1196	0.56	59.806	
1197	0.56	59.849	
1198	0.56	59.899	
1199	0.56	59.950	
1200	0.56	59.999	
1201	0.56	60.049	
1202	0.56	60.099	
1203	0.56	60.158	
1204	0.56	60.199	
1205	0.56	60.249	
1206	0.56	60.299	
1207	0.56	60.349	
1208	0.56	60.399	
1209	0.56	60.449	
1210	0.56	60.499	
1211	0.56	60.549	
1212	0.56	60.600	
1213	0.56	60.649	
1214	0.56	60.699	
1215	0.56	60.749	
1216	0.56	60.799	
1217	0.56	60.856	
1218	0.56	60.899	
1219	0.56	60.949	
1220	0.56	60.999	
1221	0.56	61.049	
1222	0.56	61.100	
1223	0.56	61.150	
1224	0.56	61.199	
1225	0.56	61.249	
1226	0.56	61.299	
1227	0.56	61.349	
1228	0.56	61.399	
1229	0.56	61.449	
1230	0.56	61.499	
1231	0.56	61.549	
1232	0.56	61.600	
1233	0.56	61.649	
1234	0.56	61.699	
1235	0.56	61.799	
1236	0.56	61.849	
1237	0.56	61.902	
1238	0.56	61.949	
1239	0.56	61.999	
1240	0.56	62.049	
1241	0.56	62.100	
1242	0.56	62.149	
1243	0.56	62.199	
1244	0.56	62.249	
1245	0.56	62.304	
1246	0.56	62.349	
1247	0.56	62.400	
1248	0.56	62.449	
1249	0.56	62.499	
1250	0.56	62.549	
1251	0.56	62.599	
1252	0.56	62.649	
1253	0.56	62.699	
1254	0.56	62.749	
1255	0.56	62.799	
1256	0.56	62.849	
1257	0.56	62.899	
1258	0.56	62.949	
1259	0.60	63.000	
1260	0.84	63.049	
1261	1.08	63.100	
1262	1.50	63.149	
1263	1.96	63.199	
1264	2.32	63.249	
1265	2.70	63.299	
1266	3.06	63.350	
1267	3.24	63.399	
1268	3.24	63.449	
1269	3.22	63.499	
1270	3.22	63.549	
1271	3.20	63.600	
1272	3.20	63.649	
1273	3.20	63.699	
1274	3.20	63.749	
1275	3.20	63.805	
1276	3.20	63.850	
1277	3.18	63.899	
1278	3.18	63.949	
1279	3.18	63.999	
1280	3.18	64.049	
1281	3.18	64.099	
1282	3.18	64.149	
1283	3.18	64.199	
1284	3.18	64.249	
1285	3.18	64.299	
1286	3.18	64.349	
1287	3.18	64.399	
1288	3.18	64.449	
1289	3.18	64.500	
1290	3.18	64.549	
1291	3.16	64.599	
1292	3.18	64.649	
1293	3.16	64.699	
1294	3.16	64.749	
1295	3.16	64.799	
1296	3.16	64.849	
1297	3.16	64.899	
1298	3.16	64.949	
1299	3.16	64.999	
1300	3.16	65.049	
1301	3.16	65.100	
1302	3.16	65.161	
1303	3.16	65.199	
1304	3.16	65.249	
1305	3.16	65.299	
1306	3.16	65.349	
1307	3.16	65.399	
1308	3.16	65.449	
1309	3.16	65.499	
1310	3.16	65.549	
1311	3.16	65.599	
1312	3.16	65.649	
1313	3.16	65.699	
1314	3.16	65.749	
1315	3.16	65.799	
1316	3.16	65.849	
1317	3.16	65.899	
1318	3.16	65.949	
1319	3.16	65.999	
1320	3.16	66.049	
1321	3.16	66.099	
1322	3.16	66.150	
1323	3.16	66.199	
1324	3.16	66.249	
1325	3.16	66.299	
1326	3.16	66.349	
1327	3.16	66.399	
1328	3.16	66.449	
1329	3.16	66.499	
1330	3.16	66.549	
1331	3.16	66.599	
1332	3.16	66.649	
1333	3.16	66.699	
1334	3.16	66.749	
1335	3.10	66.799	
1336	2.36	66.849	
1337	1.62	66.899	
1338	1.10	66.949	
1339	0.82	66.999	
1340	0.74	67.049	
1341	0.72	67.099	
1342	0.72	67.149	
1343	0.74	67.199	
1344	0.70	67.249	
1345	0.66	67.299	
1346	0.62	67.349	
1347	0.60	67.399	
1348	0.58	67.449	
1349	0.58	67.499	
1350	0.58	67.549	
1351	0.58	67.599	
1352	0.58	67.649	
1353	0.58	67.699	
1354	0.58	67.749	
1355	0.58	67.799	
1356	0.58	67.849	
1357	0.58	67.899	
1358	0.58	67.949	
1359	0.58	67.999	
1360	0.58	68.049	
1361	0.56	68.099	
1362	0.58	68.149	
1363	0.58	68.199	
1364	0.56	68.249	
1365	0.58	68.299	
1366	0.56	68.349	
1367	0.56	68.399	
1368	0.58	68.449	
1369	0.56	68.499	
1370	0.56	68.550	
1371	0.56	68.599	
1372	0.56	68.649	
1373	0.56	68.699	
1374	0.56	68.749	
1375	0.56	68.799	
1376	0.56	68.849	
1377	0.56	68.900	
1378	0.56	68.999	
1379	0.56	69.049	
1380	0.56	69.108	
1381	0.56	69.149	
1382	0.56	69.199	
1383	0.56	69.249	
1384	0.56	69.299	
1385	0.56	69.349	
1386	0.56	69.399	
1387	0.56	69.449	
1388	0.56	69.499	
1389	0.56	69.549	
1390	0.56	69.599	
1391	0.56	69.649	
1392	0.56	69.699	
1393	0.56	69.749	
1394	0.56	69.799	
1395	0.56	69.849	
1396	0.56	69.899	
1397	0.56	69.949	
1398	0.56	69.999	
1399	0.56	70.049	
1400	0.56	70.099	
1401	0.56	70.158	
1402	0.56	70.199	
1403	0.56	70.249	
1404	0.56	70.299	
1405	0.56	70.350	
1406	0.56	70.399	
1407	0.56	70.449	
1408	0.56	70.499	
1409	0.56	70.549	
1410	0.56	70.599	
1411	0.56	70.650	
1412	0.56	70.699	
1413	0.56	70.749	
1414	0.56	70.799	
1415	0.56	70.849	
1416	0.56	70.899	
1417	0.56	70.949	
1418	0.56	70.999	
1419	0.56	71.049	
1420	0.56	71.099	
1421	0.56	71.149	
1422	0.56	71.199	
1423	0.56	71.249	
1424	0.56	71.299	
1425	0.56	71.350	
1426	0.56	71.399	
1427	0.56	71.449	
1428	0.56	71.499	
1429	0.56	71.549	
1430	0.56	71.599	
1431	0.56	71.650	
1432	0.56	71.699	
1433	0.56	71.749	
1434	0.56	71.799	
1435	0.56	71.850	
1436	0.56	71.899	
1437	0.56	71.949	
1438	0.56	71.999	
1439	0.56	72.049	
1440	0.56	72.100	
1441	0.56	72.149	
1442	0.56	72.199	
1443	0.56	72.249	
1444	0.56	72.299	
1445	0.56	72.350	
1446	0.56	72.399	
1447	0.56	72.449	
1448	0.56	72.499	
1449	0.56	72.549	
1450	0.56	72.600	
1451	0.56	72.649	
1452	0.56	72.699	
1453	0.56	72.749	
1454	0.56	72.799	
1455	0.56	72.849	
1456	0.56	72.900	
1457	0.56	72.949	
1458	0.56	72.999	
1459	0.56	73.049	
1460	0.56	73.099	
1461	0.56	73.149	
1462	0.56	73.199	
1463	0.56	73.249	
1464	0.56	73.299	
1465	0.56	73.349	
1466	0.56	73.399	
1467	0.56	73.449	
1468	0.56	73.499	
1469	0.62	73.549	
1470	0.86	73.599	
1471	1.10	73.649	
1472	1.54	73.699	
1473	2.00	73.749	
1474	2.36	73.799	
1475	2.74	73.849	
1476	3.08	73.899	
1477	3.20	73.949	
1478	3.20	73.999	
1479	3.18	74.049	
1480	3.18	74.099	
1481	3.16	74.149	
1482	3.16	74.199	
1483	3.16	74.249	
1484	3.16	74.299	
1485	3.16	74.349	
1486	3.16	74.399	
1487	3.16	74.449	
1488	3.16	74.499	
1489	3.16	74.549	
1490	3.14	74.599	
1491	3.14	74.649	
1492	3.14	74.699	
1493	3.14	74.749	
1494	3.14	74.799	
1495	3.14	74.849	
1496	3.14	74.899	
1497	3.14	74.949	
1498	3.14	74.999	
1499	3.14	75.049	
1500	3.14	75.100	
1501	3.14	75.149	
1502	3.14	75.199	
1503	3.14	75.249	
1504	3.14	75.299	
1505	3.14	75.349	
1506	3.14	75.399	
1507	3.12	75.449	
1508	3.12	75.499	
1509	3.12	75.549	
1510	3.14	75.599	
1511	3.12	75.649	
1512	3.12	75.699	
1513	3.12	75.749	
1514	3.12	75.799	
1515	3.12	75.849	
1516	3.12	75.899	
1517	3.12	75.949	
1518	3.12	75.999	
1519	3.12	76.049	
1520	3.12	76.099	
1521	3.12	76.149	
1522	3.12	76.199	
1523	3.12	76.249	
1524	3.12	76.299	
1525	3.12	76.349	
1526	3.12	76.399	
1527	3.12	76.449	
1528	3.12	76.499	
1529	3.12	76.549	
1530	3.12	76.599	
1531	3.12	76.649	
1532	3.12	76.699	
1533	2.46	76.749	
1534	1.70	76.799	
1535	1.14	76.849	
1536	0.84	76.899	
1537	0.74	76.949	
1538	0.72	76.999	
1539	0.72	77.049	
1540	0.72	77.099	
1541	0.70	77.149	
1542	0.66	77.199	
1543	0.62	77.249	
1544	0.60	77.299	
1545	0.58	77.349	
1546	0.58	77.399	
1547	0.58	77.449	
1548	0.58	77.512	
1549	0.58	77.549	
1550	0.56	77.603	
1551	0.58	77.649	
1552	0.58	77.699	
1553	0.58	77.749	
1554	0.58	77.799	
1555	0.58	77.849	
1556	0.56	77.899	
1557	0.58	77.949	
1558	0.58	77.999	
1559	0.58	78.050	
1560	0.58	78.099	
1561	0.58	78.149	
1562	0.58	78.199	
1563	0.58	78.249	
1564	0.56	78.299	
1565	0.56	78.350	
1566	0.58	78.399	
1567	0.58	78.449	
1568	0.56	78.499	
1569	0.56	78.549	
1570	0.56	78.599	
1571	0.56	78.649	
1572	0.58	78.699	
1573	0.56	78.749	
1574	0.56	78.799	
1575	0.56	78.849	
1576	0.56	78.899	
1577	0.56	78.949	
1578	0.56	78.999	
1579	0.56	79.049	
1580	0.56	79.099	
1581	0.56	79.149	
1582	0.56	79.199	
1583	0.56	79.249	
1584	0.56	79.300	
1585	0.56	79.349	
1586	0.56	79.399	
1587	0.56	79.449	
1588	0.56	79.499	
1589	0.56	79.549	
1590	0.56	79.599	
1591	0.56	79.649	
1592	0.56	79.699	
1593	0.56	79.749	
1594	0.56	79.800	
1595	0.56	79.850	
1596	0.56	79.899	
1597	0.56	79.949	
1598	0.56	80.000	
1599	0.56	80.049	
1600	0.56	80.099	
1601	0.56	80.160	
1602	0.56	80.199	
1603	0.56	80.252	
1604	0.56	80.299	
1605	0.56	80.349	
1606	0.56	80.399	
1607	0.56	80.449	
1608	0.56	80.499	
1609	0.56	80.549	
1610	0.56	80.599	
1611	0.56	80.649	
1612	0.56	80.699	
1613	0.56	80.749	
1614	0.56	80.799	
1615	0.56	80.850	
1616	0.56	80.899	
1617	0.56	80.949	
1618	0.56	80.999	
1619	0.56	81.049	
1620	0.56	81.099	
1621	0.56	81.149	
1622	0.56	81.199	
1623	0.56	81.249	
1624	0.56	81.299	
1625	0.56	81.350	
1626	0.56	81.399	
1627	0.56	81.449	
1628	0.56	81.499	
1629	0.56	81.549	
1630	0.56	81.600	
1631	0.56	81.649	
1632	0.56	81.700	
1633	0.56	81.749	
1634	0.56	81.799	
1635	0.56	81.850	
1636	0.56	81.899	
1637	0.56	81.949	
1638	0.56	81.999	
1639	0.56	82.049	
1640	0.56	82.099	
1641	0.56	82.149	
1642	0.62	82.199	
1643	0.84	82.249	
1644	1.16	82.300	
1645	1.64	82.349	
1646	2.06	82.399	
1647	2.42	82.449	
1648	2.84	82.499	
1649	3.18	82.549	
1650	3.30	82.599	
1651	3.28	82.649	
1652	3.28	82.699	
1653	3.28	82.749	
1654	3.26	82.799	
1655	3.26	82.849	
1656	3.26	82.899	
1657	3.26	82.949	
1658	3.24	83.000	
1659	3.24	83.049	
1660	3.24	83.099	
1661	3.24	83.149	
1662	3.24	83.199	
1663	3.24	83.249	
1664	3.24	83.299	
1665	3.24	83.349	
1666	3.24	83.399	
1667	3.24	83.449	
1668	3.24	83.499	
1669	3.24	83.549	
1670	3.24	83.600	
1671	3.24	83.649	
1672	3.24	83.699	
1673	3.22	83.749	
1674	3.22	83.799	
1675	3.22	83.849	
1676	3.22	83.899	
1677	3.22	83.949	
1678	3.22	83.999	
1679	3.22	84.049	
1680	3.22	84.110	
1681	3.22	84.150	
1682	3.22	84.205	
1683	3.22	84.249	
1684	3.22	84.299	
1685	3.22	84.349	
1686	3.22	84.411	
1687	3.22	84.449	
1688	3.22	84.506	
1689	3.22	84.549	
1690	3.22	84.599	
1691	3.22	84.649	
1692	3.22	84.699	
1693	3.22	84.749	
1694	3.22	84.800	
1695	3.22	84.849	
1696	3.22	84.899	
1697	3.22	84.949	
1698	3.22	84.999	
1699	3.22	85.049	
1700	3.22	85.099	
1701	3.22	85.149	
1702	3.22	85.199	
1703	3.22	85.249	
1704	3.22	85.310	
1705	3.22	85.349	
1706	3.22	85.403	
1707	3.22	85.449	
1708	3.20	85.499	
1709	3.20	85.549	
1710	3.22	85.599	
1711	2.84	85.649	
1712	2.06	85.699	
1713	1.38	85.749	
1714	0.96	85.799	
1715	0.78	85.849	
1716	0.72	85.899	
1717	0.72	85.949	
1718	0.72	85.999	
1719	0.72	86.049	
1720	0.68	86.099	
1721	0.64	86.149	
1722	0.60	86.199	
1723	0.58	86.249	
1724	0.58	86.299	
1725	0.58	86.349	
1726	0.58	86.399	
1727	0.58	86.449	
1728	0.58	86.499	
1729	0.58	86.549	
1730	0.58	86.600	
1731	0.58	86.649	
1732	0.58	86.699	
1733	0.58	86.749	
1734	0.58	86.799	
1735	0.58	86.849	
1736	0.58	86.899	
1737	0.58	86.949	
1738	0.58	87.000	
1739	0.58	87.049	
1740	0.58	87.099	
1741	0.58	87.149	
1742	0.58	87.200	
1743	0.58	87.249	
1744	0.58	87.299	
1745	0.58	87.350	
1746	0.58	87.399	
1747	0.58	87.449	
1748	0.58	87.499	
1749	0.58	87.549	
1750	0.56	87.599	
1751	0.58	87.662	
