7/23/2024  1:20 PM
Units: N
Readings: Continuous
X-Axis: Time

Reading	Load	Time	
1	-0.02	0.000	
2	-0.02	0.105	
3	-0.02	0.150	
4	-0.02	0.200	
5	-0.02	0.250	
6	-0.02	0.300	
7	-0.02	0.350	
8	-0.02	0.401	
9	-0.02	0.450	
10	-0.02	0.501	
11	-0.02	0.550	
12	-0.02	0.600	
13	-0.02	0.651	
14	-0.02	0.700	
15	-0.02	0.750	
16	-0.02	0.800	
17	-0.02	0.850	
18	-0.02	0.900	
19	-0.02	0.950	
20	-0.02	1.000	
21	-0.02	1.051	
22	-0.02	1.100	
23	-0.02	1.150	
24	-0.02	1.200	
25	-0.02	1.250	
26	-0.02	1.300	
27	-0.02	1.350	
28	-0.02	1.400	
29	-0.02	1.450	
30	-0.02	1.500	
31	-0.02	1.550	
32	-0.02	1.600	
33	-0.02	1.650	
34	-0.02	1.700	
35	-0.02	1.750	
36	-0.02	1.800	
37	-0.02	1.850	
38	-0.02	1.900	
39	-0.02	1.950	
40	-0.02	2.000	
41	-0.02	2.051	
42	-0.02	2.100	
43	-0.02	2.150	
44	-0.02	2.200	
45	-0.02	2.251	
46	-0.02	2.300	
47	-0.02	2.350	
48	-0.02	2.400	
49	-0.02	2.450	
50	-0.02	2.500	
51	-0.02	2.550	
52	-0.02	2.600	
53	-0.02	2.650	
54	-0.02	2.700	
55	-0.02	2.750	
56	-0.02	2.800	
57	-0.02	2.850	
58	-0.02	2.900	
59	-0.02	2.950	
60	-0.02	3.000	
61	-0.02	3.050	
62	-0.02	3.101	
63	-0.02	3.151	
64	-0.02	3.201	
65	-0.02	3.250	
66	-0.02	3.300	
67	-0.02	3.350	
68	-0.02	3.401	
69	-0.02	3.450	
70	-0.02	3.500	
71	-0.02	3.550	
72	-0.02	3.600	
73	-0.02	3.651	
74	-0.02	3.701	
75	-0.02	3.751	
76	-0.02	3.801	
77	-0.02	3.853	
78	-0.02	3.900	
79	-0.02	3.951	
80	-0.02	4.000	
81	-0.02	4.051	
82	-0.02	4.101	
83	-0.02	4.150	
84	-0.02	4.200	
85	-0.02	4.250	
86	-0.02	4.301	
87	-0.02	4.350	
88	-0.02	4.401	
89	-0.02	4.450	
90	-0.02	4.501	
91	-0.02	4.552	
92	-0.02	4.600	
93	-0.04	4.650	
94	-0.04	4.700	
95	0.14	4.751	
96	0.68	4.800	
97	1.28	4.850	
98	1.94	4.900	
99	2.66	4.950	
100	3.36	5.000	
101	4.18	5.050	
102	5.04	5.100	
103	5.90	5.150	
104	6.64	5.200	
105	7.16	5.250	
106	7.26	5.300	
107	7.26	5.350	
108	7.26	5.400	
109	7.26	5.450	
110	7.24	5.500	
111	7.24	5.550	
112	7.24	5.600	
113	7.22	5.650	
114	7.22	5.700	
115	7.22	5.751	
116	7.22	5.800	
117	7.22	5.851	
118	7.22	5.900	
119	7.20	5.950	
120	7.20	6.001	
121	7.20	6.050	
122	7.20	6.100	
123	7.20	6.151	
124	7.20	6.200	
125	7.18	6.250	
126	7.18	6.301	
127	7.18	6.350	
128	7.18	6.401	
129	7.18	6.451	
130	7.18	6.500	
131	7.18	6.551	
132	7.18	6.600	
133	7.18	6.651	
134	7.18	6.700	
135	7.18	6.750	
136	7.16	6.800	
137	7.16	6.851	
138	7.16	6.900	
139	7.16	6.951	
140	7.16	7.000	
141	7.16	7.050	
142	7.16	7.101	
143	7.16	7.150	
144	7.16	7.200	
145	7.16	7.250	
146	7.16	7.300	
147	7.16	7.351	
148	7.16	7.400	
149	7.16	7.451	
150	7.16	7.500	
151	7.16	7.551	
152	7.16	7.601	
153	7.16	7.650	
154	7.16	7.700	
155	7.16	7.750	
156	7.14	7.800	
157	7.14	7.851	
158	7.14	7.900	
159	7.14	7.950	
160	7.14	8.001	
161	7.14	8.050	
162	7.14	8.101	
163	7.14	8.150	
164	7.14	8.200	
165	7.14	8.250	
166	7.14	8.300	
167	7.14	8.350	
168	7.14	8.401	
169	7.14	8.451	
170	7.14	8.500	
171	7.14	8.550	
172	7.14	8.601	
173	7.14	8.650	
174	7.14	8.700	
175	7.14	8.750	
176	6.96	8.801	
177	5.74	8.850	
178	4.50	8.900	
179	3.44	8.950	
180	2.54	9.000	
181	1.78	9.051	
182	1.14	9.100	
183	0.66	9.150	
184	0.42	9.200	
185	0.36	9.250	
186	0.34	9.300	
187	0.34	9.350	
188	0.30	9.400	
189	0.28	9.450	
190	0.24	9.500	
191	0.18	9.550	
192	0.18	9.600	
193	0.18	9.650	
194	0.16	9.700	
195	0.16	9.751	
196	0.16	9.800	
197	0.14	9.850	
198	0.14	9.900	
199	0.14	9.950	
200	0.14	10.000	
201	0.14	10.050	
202	0.14	10.100	
203	0.14	10.151	
204	0.14	10.200	
205	0.12	10.250	
206	0.12	10.301	
207	0.12	10.350	
208	0.12	10.400	
209	0.12	10.451	
210	0.12	10.501	
211	0.12	10.550	
212	0.12	10.601	
213	0.12	10.650	
214	0.10	10.701	
215	0.10	10.750	
216	0.10	10.800	
217	0.10	10.851	
218	0.10	10.901	
219	0.10	10.950	
220	0.10	11.001	
221	0.10	11.050	
222	0.10	11.100	
223	0.10	11.150	
224	0.10	11.200	
225	0.10	11.250	
226	0.10	11.300	
227	0.08	11.350	
228	0.08	11.400	
229	0.08	11.450	
230	0.08	11.500	
231	0.08	11.551	
232	0.08	11.600	
233	0.08	11.650	
234	0.08	11.700	
235	0.08	11.751	
236	0.08	11.800	
237	0.08	11.850	
238	0.08	11.900	
239	0.08	11.950	
240	0.08	12.001	
241	0.08	12.050	
242	0.08	12.100	
243	0.08	12.150	
244	0.08	12.200	
245	0.08	12.251	
246	0.08	12.301	
247	0.08	12.350	
248	0.08	12.401	
249	0.08	12.450	
250	0.08	12.501	
251	0.06	12.550	
252	0.08	12.600	
253	0.06	12.650	
254	0.06	12.701	
255	0.06	12.751	
256	0.06	12.801	
257	0.06	12.851	
258	0.06	12.900	
259	0.06	12.950	
260	0.06	13.000	
261	0.06	13.051	
262	0.06	13.100	
263	0.06	13.150	
264	0.06	13.200	
265	0.06	13.250	
266	0.06	13.300	
267	0.06	13.351	
268	0.06	13.400	
269	0.06	13.450	
270	0.06	13.500	
271	0.06	13.550	
272	0.06	13.601	
273	0.06	13.650	
274	0.06	13.700	
275	0.06	13.750	
276	0.06	13.800	
277	0.06	13.850	
278	0.06	13.900	
279	0.06	13.950	
280	0.06	14.000	
281	0.06	14.050	
282	0.06	14.100	
283	0.06	14.150	
284	0.06	14.200	
285	0.06	14.250	
286	0.06	14.300	
287	0.06	14.350	
288	0.06	14.400	
289	0.06	14.450	
290	0.06	14.500	
291	0.04	14.550	
292	0.14	14.600	
293	0.62	14.650	
294	1.22	14.700	
295	1.92	14.750	
296	2.68	14.801	
297	3.38	14.850	
298	4.18	14.901	
299	5.06	14.950	
300	5.90	15.000	
301	6.60	15.051	
302	7.08	15.100	
303	7.16	15.150	
304	7.14	15.200	
305	7.12	15.251	
306	7.12	15.301	
307	7.10	15.350	
308	7.10	15.400	
309	7.10	15.451	
310	7.08	15.500	
311	7.08	15.550	
312	7.08	15.600	
313	7.08	15.650	
314	7.08	15.700	
315	7.08	15.750	
316	7.06	15.800	
317	7.06	15.850	
318	7.06	15.900	
319	7.06	15.950	
320	7.06	16.001	
321	7.06	16.050	
322	7.06	16.100	
323	7.04	16.150	
324	7.04	16.200	
325	7.04	16.250	
326	7.04	16.300	
327	7.04	16.350	
328	7.04	16.400	
329	7.04	16.451	
330	7.04	16.500	
331	7.04	16.550	
332	7.04	16.601	
333	7.02	16.650	
334	7.02	16.700	
335	7.02	16.750	
336	7.02	16.800	
337	7.02	16.850	
338	7.02	16.900	
339	7.02	16.950	
340	7.02	17.000	
341	7.02	17.051	
342	7.02	17.101	
343	7.02	17.150	
344	7.02	17.200	
345	7.02	17.250	
346	7.02	17.300	
347	7.02	17.350	
348	7.02	17.400	
349	7.02	17.451	
350	7.02	17.500	
351	7.02	17.551	
352	7.02	17.600	
353	7.02	17.650	
354	7.00	17.700	
355	7.02	17.750	
356	7.00	17.800	
357	7.02	17.850	
358	7.00	17.900	
359	7.00	17.950	
360	7.00	18.001	
361	7.00	18.050	
362	7.00	18.100	
363	7.00	18.150	
364	7.00	18.200	
365	7.00	18.250	
366	7.00	18.300	
367	6.84	18.350	
368	5.62	18.400	
369	4.38	18.451	
370	3.36	18.500	
371	2.46	18.550	
372	1.72	18.600	
373	1.10	18.651	
374	0.62	18.701	
375	0.40	18.750	
376	0.36	18.800	
377	0.34	18.851	
378	0.34	18.900	
379	0.30	18.950	
380	0.30	19.000	
381	0.26	19.051	
382	0.18	19.101	
383	0.18	19.150	
384	0.18	19.200	
385	0.18	19.250	
386	0.16	19.300	
387	0.16	19.350	
388	0.16	19.400	
389	0.16	19.450	
390	0.16	19.500	
391	0.16	19.550	
392	0.14	19.601	
393	0.14	19.650	
394	0.14	19.700	
395	0.14	19.750	
396	0.14	19.800	
397	0.14	19.850	
398	0.14	19.900	
399	0.14	19.950	
400	0.14	20.000	
401	0.14	20.050	
402	0.12	20.100	
403	0.12	20.150	
404	0.12	20.200	
405	0.12	20.250	
406	0.12	20.300	
407	0.14	20.351	
408	0.12	20.400	
409	0.12	20.450	
410	0.12	20.500	
411	0.12	20.550	
412	0.12	20.600	
413	0.12	20.650	
414	0.12	20.700	
415	0.12	20.750	
416	0.12	20.800	
417	0.12	20.850	
418	0.12	20.900	
419	0.12	20.951	
420	0.12	21.000	
421	0.10	21.050	
422	0.10	21.100	
423	0.10	21.150	
424	0.10	21.200	
425	0.10	21.250	
426	0.10	21.300	
427	0.10	21.350	
428	0.10	21.400	
429	0.10	21.450	
430	0.10	21.500	
431	0.10	21.551	
432	0.10	21.600	
433	0.10	21.650	
434	0.10	21.701	
435	0.10	21.750	
436	0.10	21.800	
437	0.10	21.850	
438	0.10	21.900	
439	0.10	21.950	
440	0.10	22.000	
441	0.10	22.050	
442	0.10	22.100	
443	0.10	22.150	
444	0.10	22.200	
445	0.10	22.251	
446	0.10	22.300	
447	0.10	22.350	
448	0.08	22.400	
449	0.08	22.451	
450	0.10	22.500	
451	0.08	22.550	
452	0.08	22.600	
453	0.08	22.650	
454	0.08	22.700	
455	0.08	22.750	
456	0.08	22.800	
457	0.08	22.850	
458	0.08	22.900	
459	0.08	22.950	
460	0.08	23.000	
461	0.08	23.050	
462	0.08	23.100	
463	0.08	23.150	
464	0.08	23.200	
465	0.08	23.250	
466	0.08	23.300	
467	0.08	23.350	
468	0.08	23.400	
469	0.08	23.450	
470	0.08	23.500	
471	0.08	23.550	
472	0.08	23.600	
473	0.08	23.650	
474	0.08	23.700	
475	0.08	23.750	
476	0.08	23.800	
477	0.08	23.850	
478	0.08	23.900	
479	0.08	23.950	
480	0.08	24.000	
481	0.06	24.050	
482	0.06	24.100	
483	0.76	24.150	
484	0.98	24.200	
485	1.66	24.250	
486	2.40	24.300	
487	3.10	24.350	
488	3.84	24.400	
489	4.68	24.450	
490	5.56	24.500	
491	6.32	24.550	
492	6.88	24.600	
493	7.12	24.650	
494	7.12	24.700	
495	7.10	24.750	
496	7.10	24.800	
497	7.08	24.850	
498	7.08	24.900	
499	7.08	24.950	
500	7.06	25.000	
501	7.06	25.050	
502	7.06	25.100	
503	7.06	25.150	
504	7.04	25.200	
505	7.04	25.250	
506	7.04	25.300	
507	7.04	25.350	
508	7.04	25.400	
509	7.02	25.450	
510	7.02	25.500	
511	7.02	25.550	
512	7.02	25.600	
513	7.02	25.650	
514	7.02	25.700	
515	7.02	25.750	
516	7.02	25.800	
517	7.02	25.850	
518	7.02	25.900	
519	7.02	25.950	
520	7.00	26.000	
521	7.00	26.050	
522	7.00	26.100	
523	7.00	26.150	
524	7.00	26.200	
525	7.00	26.250	
526	7.00	26.300	
527	7.00	26.350	
528	7.00	26.400	
529	7.00	26.450	
530	6.98	26.500	
531	7.00	26.550	
532	7.00	26.601	
533	6.98	26.650	
534	6.98	26.700	
535	6.98	26.750	
536	6.98	26.800	
537	6.98	26.850	
538	6.98	26.901	
539	6.98	26.951	
540	6.98	27.000	
541	6.98	27.050	
542	6.98	27.100	
543	6.98	27.150	
544	6.98	27.200	
545	6.98	27.250	
546	6.98	27.301	
547	6.98	27.350	
548	6.98	27.400	
549	6.98	27.450	
550	6.98	27.500	
551	6.98	27.550	
552	6.98	27.600	
553	6.96	27.650	
554	6.98	27.701	
555	6.98	27.750	
556	6.96	27.800	
557	6.96	27.850	
558	6.96	27.900	
559	6.96	27.950	
560	6.96	28.000	
561	6.96	28.050	
562	6.96	28.100	
563	6.96	28.150	
564	6.96	28.200	
565	6.96	28.250	
566	6.96	28.301	
567	6.96	28.350	
568	6.96	28.401	
569	6.52	28.450	
570	5.28	28.500	
571	4.06	28.550	
572	3.12	28.600	
573	2.28	28.650	
574	1.60	28.700	
575	0.98	28.750	
576	0.56	28.800	
577	0.40	28.850	
578	0.38	28.900	
579	0.36	28.950	
580	0.34	29.000	
581	0.32	29.050	
582	0.30	29.100	
583	0.26	29.150	
584	0.20	29.200	
585	0.20	29.250	
586	0.20	29.300	
587	0.18	29.350	
588	0.18	29.400	
589	0.18	29.450	
590	0.18	29.500	
591	0.18	29.550	
592	0.18	29.602	
593	0.16	29.650	
594	0.16	29.700	
595	0.16	29.750	
596	0.16	29.800	
597	0.16	29.850	
598	0.16	29.900	
599	0.16	29.950	
600	0.16	30.000	
601	0.14	30.050	
602	0.14	30.100	
603	0.14	30.150	
604	0.14	30.200	
605	0.14	30.250	
606	0.14	30.300	
607	0.14	30.350	
608	0.14	30.400	
609	0.14	30.450	
610	0.14	30.500	
611	0.14	30.550	
612	0.14	30.601	
613	0.14	30.650	
614	0.14	30.700	
615	0.14	30.750	
616	0.14	30.800	
617	0.14	30.850	
618	0.14	30.900	
619	0.14	30.950	
620	0.12	31.000	
621	0.12	31.050	
622	0.12	31.100	
623	0.12	31.150	
624	0.12	31.200	
625	0.12	31.250	
626	0.12	31.300	
627	0.12	31.351	
628	0.12	31.400	
629	0.12	31.450	
630	0.12	31.500	
631	0.12	31.550	
632	0.12	31.600	
633	0.12	31.650	
634	0.12	31.700	
635	0.12	31.750	
636	0.12	31.800	
637	0.12	31.851	
638	0.12	31.900	
639	0.12	31.950	
640	0.12	32.000	
641	0.12	32.050	
642	0.10	32.100	
643	0.10	32.150	
644	0.12	32.200	
645	0.10	32.250	
646	0.10	32.300	
647	0.10	32.350	
648	0.10	32.400	
649	0.10	32.450	
650	0.10	32.500	
651	0.10	32.550	
652	0.10	32.600	
653	0.12	32.650	
654	0.10	32.700	
655	0.10	32.750	
656	0.10	32.800	
657	0.10	32.850	
658	0.10	32.900	
659	0.10	32.950	
660	0.10	33.001	
661	0.10	33.050	
662	0.10	33.100	
663	0.10	33.150	
664	0.10	33.200	
665	0.10	33.250	
666	0.10	33.300	
667	0.10	33.350	
668	0.10	33.400	
669	0.10	33.450	
670	0.10	33.500	
671	0.08	33.551	
672	0.10	33.600	
673	0.48	33.650	
674	1.04	33.700	
675	1.72	33.750	
676	2.46	33.800	
677	3.16	33.850	
678	3.86	33.900	
679	4.70	33.950	
680	5.56	34.000	
681	6.30	34.050	
682	6.82	34.100	
683	7.02	34.150	
684	7.02	34.200	
685	7.00	34.251	
686	7.00	34.300	
687	6.98	34.350	
688	6.98	34.400	
689	6.96	34.450	
690	6.96	34.500	
691	6.96	34.550	
692	6.94	34.600	
693	6.94	34.650	
694	6.94	34.700	
695	6.94	34.750	
696	6.94	34.800	
697	6.92	34.850	
698	6.94	34.900	
699	6.92	34.950	
700	6.92	35.000	
701	6.92	35.050	
702	6.92	35.100	
703	6.92	35.150	
704	6.92	35.200	
705	6.90	35.250	
706	6.90	35.300	
707	6.90	35.350	
708	6.90	35.400	
709	6.90	35.450	
710	6.90	35.500	
711	6.90	35.550	
712	6.90	35.600	
713	6.90	35.650	
714	6.90	35.700	
715	6.90	35.751	
716	6.88	35.800	
717	6.90	35.850	
718	6.88	35.900	
719	6.88	35.950	
720	6.88	36.001	
721	6.88	36.050	
722	6.88	36.100	
723	6.88	36.150	
724	6.88	36.200	
725	6.88	36.251	
726	6.88	36.300	
727	6.88	36.350	
728	6.88	36.400	
729	6.88	36.450	
730	6.88	36.501	
731	6.88	36.550	
732	6.88	36.600	
733	6.88	36.650	
734	6.88	36.700	
735	6.88	36.750	
736	6.88	36.800	
737	6.88	36.850	
738	6.88	36.900	
739	6.86	36.950	
740	6.88	37.001	
741	6.86	37.050	
742	6.86	37.100	
743	6.86	37.150	
744	6.88	37.200	
745	6.86	37.250	
746	6.86	37.300	
747	6.86	37.350	
748	6.86	37.400	
749	6.86	37.451	
750	6.86	37.501	
751	6.86	37.550	
752	6.86	37.600	
753	6.86	37.650	
754	6.86	37.700	
755	6.86	37.750	
756	6.86	37.800	
757	6.60	37.850	
758	5.36	37.900	
759	4.16	37.950	
760	3.20	38.000	
761	2.34	38.050	
762	1.64	38.100	
763	1.04	38.150	
764	0.58	38.201	
765	0.40	38.250	
766	0.36	38.300	
767	0.36	38.350	
768	0.36	38.400	
769	0.32	38.450	
770	0.32	38.500	
771	0.28	38.550	
772	0.20	38.600	
773	0.20	38.650	
774	0.20	38.700	
775	0.18	38.750	
776	0.18	38.800	
777	0.18	38.850	
778	0.18	38.900	
779	0.18	38.950	
780	0.18	39.000	
781	0.18	39.050	
782	0.18	39.100	
783	0.16	39.151	
784	0.16	39.200	
785	0.16	39.251	
786	0.16	39.300	
787	0.16	39.350	
788	0.16	39.400	
789	0.16	39.450	
790	0.16	39.501	
791	0.16	39.551	
792	0.16	39.600	
793	0.14	39.650	
794	0.16	39.700	
795	0.14	39.750	
796	0.16	39.800	
797	0.14	39.850	
798	0.16	39.900	
799	0.14	39.950	
800	0.14	40.000	
801	0.14	40.050	
802	0.14	40.100	
803	0.14	40.150	
804	0.14	40.200	
805	0.14	40.250	
806	0.14	40.300	
807	0.14	40.350	
808	0.14	40.400	
809	0.14	40.451	
810	0.14	40.500	
811	0.14	40.550	
812	0.14	40.600	
813	0.14	40.650	
814	0.14	40.700	
815	0.14	40.750	
816	0.14	40.800	
817	0.14	40.850	
818	0.14	40.900	
819	0.14	40.950	
820	0.12	41.001	
821	0.12	41.051	
822	0.12	41.100	
823	0.12	41.151	
824	0.12	41.200	
825	0.12	41.250	
826	0.12	41.301	
827	0.12	41.350	
828	0.12	41.400	
829	0.12	41.450	
830	0.12	41.500	
831	0.12	41.550	
832	0.12	41.600	
833	0.12	41.650	
834	0.12	41.700	
835	0.12	41.750	
836	0.12	41.800	
837	0.12	41.850	
838	0.12	41.900	
839	0.12	41.950	
840	0.12	42.000	
841	0.12	42.050	
842	0.12	42.100	
843	0.12	42.150	
844	0.12	42.200	
845	0.12	42.250	
846	0.12	42.300	
847	0.12	42.350	
848	0.12	42.400	
849	0.12	42.450	
850	0.12	42.500	
851	0.12	42.550	
852	0.12	42.600	
853	0.12	42.651	
854	0.12	42.700	
855	0.10	42.750	
856	0.12	42.800	
857	0.10	42.850	
858	0.08	42.900	
859	0.34	42.950	
860	0.88	43.000	
861	1.54	43.050	
862	2.28	43.100	
863	3.02	43.150	
864	3.66	43.200	
865	4.44	43.250	
866	5.32	43.300	
867	6.08	43.350	
868	6.70	43.400	
869	6.98	43.450	
870	7.00	43.500	
871	6.98	43.551	
872	6.96	43.600	
873	6.94	43.650	
874	6.94	43.700	
875	6.94	43.750	
876	6.92	43.800	
877	6.92	43.850	
878	6.92	43.900	
879	6.90	43.950	
880	6.90	44.000	
881	6.90	44.050	
882	6.90	44.100	
883	6.90	44.150	
884	6.90	44.200	
885	6.88	44.250	
886	6.88	44.300	
887	6.88	44.350	
888	6.88	44.400	
889	6.88	44.450	
890	6.88	44.500	
891	6.88	44.553	
892	6.88	44.600	
893	6.88	44.650	
894	6.88	44.700	
895	6.86	44.750	
896	6.86	44.800	
897	6.86	44.850	
898	6.86	44.900	
899	6.86	44.950	
900	6.86	45.000	
901	6.86	45.051	
902	6.86	45.100	
903	6.86	45.153	
904	6.86	45.200	
905	6.86	45.250	
906	6.86	45.300	
907	6.86	45.350	
908	6.84	45.400	
909	6.84	45.450	
910	6.84	45.501	
911	6.84	45.550	
912	6.84	45.600	
913	6.84	45.650	
914	6.84	45.700	
915	6.84	45.750	
916	6.84	45.800	
917	6.84	45.850	
918	6.84	45.900	
919	6.84	45.950	
920	6.84	46.000	
921	6.84	46.050	
922	6.84	46.100	
923	6.84	46.150	
924	6.84	46.200	
925	6.84	46.250	
926	6.84	46.300	
927	6.82	46.350	
928	6.84	46.400	
929	6.84	46.450	
930	6.82	46.500	
931	6.82	46.550	
932	6.84	46.600	
933	6.84	46.651	
934	6.82	46.700	
935	6.82	46.750	
936	6.82	46.800	
937	6.82	46.850	
938	6.82	46.900	
939	6.68	46.950	
940	5.50	47.000	
941	4.28	47.050	
942	3.34	47.100	
943	2.46	47.150	
944	1.74	47.200	
945	1.12	47.250	
946	0.62	47.300	
947	0.40	47.350	
948	0.36	47.400	
949	0.34	47.450	
950	0.34	47.500	
951	0.32	47.550	
952	0.32	47.600	
953	0.30	47.651	
954	0.22	47.700	
955	0.20	47.750	
956	0.20	47.800	
957	0.20	47.850	
958	0.18	47.900	
959	0.18	47.950	
960	0.18	48.000	
961	0.18	48.050	
962	0.18	48.100	
963	0.18	48.150	
964	0.18	48.200	
965	0.18	48.250	
966	0.18	48.300	
967	0.18	48.350	
968	0.16	48.400	
969	0.16	48.451	
970	0.16	48.501	
971	0.16	48.550	
972	0.16	48.604	
973	0.16	48.650	
974	0.16	48.700	
975	0.16	48.751	
976	0.16	48.800	
977	0.16	48.850	
978	0.16	48.900	
979	0.16	48.950	
980	0.16	49.001	
981	0.14	49.050	
982	0.14	49.100	
983	0.16	49.150	
984	0.14	49.201	
985	0.14	49.251	
986	0.14	49.301	
987	0.14	49.350	
988	0.14	49.400	
989	0.14	49.450	
990	0.14	49.501	
991	0.14	49.550	
992	0.14	49.600	
993	0.14	49.650	
994	0.14	49.700	
995	0.14	49.751	
996	0.14	49.801	
997	0.14	49.850	
998	0.14	49.900	
999	0.14	49.950	
1000	0.14	50.000	
1001	0.14	50.050	
1002	0.14	50.100	
1003	0.14	50.156	
1004	0.14	50.200	
1005	0.14	50.250	
1006	0.14	50.300	
1007	0.14	50.350	
1008	0.14	50.400	
1009	0.14	50.450	
1010	0.14	50.500	
1011	0.14	50.550	
1012	0.14	50.601	
1013	0.14	50.650	
1014	0.14	50.700	
1015	0.12	50.750	
1016	0.12	50.801	
1017	0.14	50.851	
1018	0.14	50.900	
1019	0.12	50.950	
1020	0.12	51.000	
1021	0.12	51.050	
1022	0.12	51.100	
1023	0.12	51.150	
1024	0.12	51.200	
1025	0.12	51.250	
1026	0.12	51.300	
1027	0.12	51.350	
1028	0.12	51.400	
1029	0.12	51.450	
1030	0.12	51.500	
1031	0.12	51.551	
1032	0.12	51.600	
1033	0.12	51.650	
1034	0.12	51.700	
1035	0.12	51.750	
1036	0.12	51.800	
1037	0.12	51.850	
1038	0.12	51.900	
1039	0.10	51.950	
1040	0.12	52.000	
1041	0.52	52.051	
1042	1.08	52.100	
1043	1.78	52.150	
1044	2.52	52.200	
1045	3.20	52.250	
1046	3.88	52.300	
1047	4.70	52.350	
1048	5.54	52.400	
1049	6.30	52.450	
1050	6.86	52.500	
1051	7.02	52.551	
1052	7.00	52.600	
1053	6.98	52.650	
1054	6.98	52.700	
1055	6.96	52.751	
1056	6.96	52.800	
1057	6.94	52.850	
1058	6.94	52.900	
1059	6.94	52.950	
1060	6.94	53.000	
1061	6.92	53.051	
1062	6.92	53.101	
1063	6.92	53.150	
1064	6.92	53.200	
1065	6.90	53.251	
1066	6.90	53.300	
1067	6.90	53.350	
1068	6.90	53.400	
1069	6.90	53.450	
1070	6.90	53.501	
1071	6.90	53.550	
1072	6.88	53.600	
1073	6.88	53.650	
1074	6.88	53.700	
1075	6.88	53.750	
1076	6.88	53.801	
1077	6.88	53.850	
1078	6.88	53.900	
1079	6.88	53.950	
1080	6.88	54.001	
1081	6.88	54.050	
1082	6.88	54.100	
1083	6.88	54.150	
1084	6.88	54.200	
1085	6.88	54.251	
1086	6.88	54.300	
1087	6.88	54.350	
1088	6.88	54.400	
1089	6.86	54.450	
1090	6.86	54.500	
1091	6.86	54.550	
1092	6.86	54.600	
1093	6.86	54.650	
1094	6.86	54.700	
1095	6.86	54.750	
1096	6.86	54.800	
1097	6.86	54.851	
1098	6.86	54.900	
1099	6.86	54.950	
1100	6.86	55.001	
1101	6.86	55.050	
1102	6.86	55.109	
1103	6.86	55.150	
1104	6.86	55.200	
1105	6.86	55.250	
1106	6.84	55.300	
1107	6.84	55.350	
1108	6.84	55.400	
1109	6.84	55.450	
1110	6.84	55.500	
1111	6.84	55.550	
1112	6.84	55.600	
1113	6.84	55.650	
1114	6.84	55.700	
1115	6.84	55.750	
1116	6.84	55.800	
1117	6.84	55.850	
1118	6.84	55.900	
1119	6.84	55.950	
1120	6.84	56.000	
1121	6.84	56.050	
1122	6.84	56.100	
1123	6.84	56.150	
1124	5.90	56.200	
1125	4.64	56.250	
1126	3.64	56.300	
1127	2.74	56.350	
1128	1.96	56.401	
1129	1.30	56.450	
1130	0.76	56.501	
1131	0.44	56.550	
1132	0.36	56.600	
1133	0.36	56.650	
1134	0.34	56.700	
1135	0.34	56.750	
1136	0.32	56.800	
1137	0.32	56.850	
1138	0.22	56.900	
1139	0.20	56.950	
1140	0.22	57.000	
1141	0.20	57.050	
1142	0.20	57.100	
1143	0.20	57.150	
1144	0.20	57.200	
1145	0.18	57.250	
1146	0.18	57.300	
1147	0.18	57.350	
1148	0.18	57.400	
1149	0.18	57.450	
1150	0.18	57.500	
1151	0.18	57.550	
1152	0.18	57.600	
1153	0.18	57.650	
1154	0.18	57.700	
1155	0.16	57.750	
1156	0.16	57.801	
1157	0.16	57.851	
1158	0.16	57.900	
1159	0.16	57.950	
1160	0.16	58.000	
1161	0.16	58.050	
1162	0.16	58.100	
1163	0.16	58.150	
1164	0.16	58.200	
1165	0.16	58.250	
1166	0.16	58.300	
1167	0.16	58.351	
1168	0.16	58.400	
1169	0.14	58.450	
1170	0.14	58.500	
1171	0.16	58.550	
1172	0.14	58.600	
1173	0.14	58.655	
1174	0.14	58.700	
1175	0.14	58.750	
1176	0.14	58.800	
1177	0.14	58.851	
1178	0.14	58.900	
1179	0.14	58.956	
1180	0.14	59.000	
1181	0.14	59.050	
1182	0.14	59.100	
1183	0.14	59.150	
1184	0.14	59.200	
1185	0.14	59.250	
1186	0.14	59.301	
1187	0.14	59.351	
1188	0.14	59.400	
1189	0.14	59.450	
1190	0.14	59.500	
1191	0.14	59.550	
1192	0.14	59.600	
1193	0.14	59.650	
1194	0.14	59.700	
1195	0.14	59.750	
1196	0.14	59.800	
1197	0.14	59.851	
1198	0.14	59.900	
1199	0.14	59.950	
1200	0.14	60.000	
1201	0.14	60.050	
1202	0.14	60.100	
1203	0.14	60.159	
1204	0.14	60.200	
1205	0.14	60.250	
1206	0.14	60.300	
1207	0.14	60.351	
1208	0.14	60.400	
1209	0.14	60.450	
1210	0.14	60.500	
1211	0.12	60.550	
1212	0.12	60.600	
1213	0.12	60.651	
1214	0.12	60.701	
1215	0.12	60.750	
1216	0.12	60.800	
1217	0.12	60.850	
1218	0.12	60.903	
1219	0.12	60.950	
1220	0.10	61.000	
1221	0.40	61.050	
1222	0.94	61.100	
1223	1.60	61.150	
1224	2.34	61.200	
1225	3.08	61.250	
1226	3.72	61.300	
1227	4.50	61.350	
1228	5.34	61.400	
1229	6.12	61.450	
1230	6.72	61.500	
1231	6.96	61.550	
1232	6.98	61.600	
1233	6.96	61.650	
1234	6.94	61.700	
1235	6.92	61.750	
1236	6.92	61.800	
1237	6.92	61.850	
1238	6.90	61.900	
1239	6.90	61.950	
1240	6.88	62.001	
1241	6.88	62.050	
1242	6.88	62.100	
1243	6.88	62.150	
1244	6.88	62.200	
1245	6.88	62.250	
1246	6.88	62.300	
1247	6.86	62.350	
1248	6.86	62.400	
1249	6.86	62.451	
1250	6.86	62.501	
1251	6.86	62.550	
1252	6.86	62.600	
1253	6.84	62.650	
1254	6.84	62.700	
1255	6.84	62.750	
1256	6.84	62.800	
1257	6.84	62.850	
1258	6.84	62.900	
1259	6.84	62.950	
1260	6.84	63.006	
1261	6.84	63.050	
1262	6.84	63.100	
1263	6.84	63.150	
1264	6.84	63.200	
1265	6.84	63.251	
1266	6.84	63.300	
1267	6.82	63.350	
1268	6.82	63.400	
1269	6.82	63.450	
1270	6.82	63.500	
1271	6.82	63.550	
1272	6.82	63.600	
1273	6.82	63.650	
1274	6.82	63.700	
1275	6.82	63.750	
1276	6.82	63.800	
1277	6.82	63.850	
1278	6.82	63.900	
1279	6.82	63.950	
1280	6.82	64.000	
1281	6.82	64.050	
1282	6.82	64.100	
1283	6.82	64.150	
1284	6.82	64.200	
1285	6.82	64.250	
1286	6.82	64.300	
1287	6.82	64.350	
1288	6.80	64.400	
1289	6.80	64.450	
1290	6.80	64.500	
1291	6.80	64.550	
1292	6.80	64.600	
1293	6.82	64.650	
1294	6.80	64.700	
1295	6.80	64.750	
1296	6.80	64.800	
1297	6.80	64.850	
1298	6.80	64.900	
1299	6.80	64.950	
1300	6.80	65.000	
1301	6.80	65.050	
1302	6.80	65.100	
1303	6.80	65.160	
1304	6.80	65.200	
1305	6.80	65.250	
1306	6.80	65.300	
1307	6.80	65.350	
1308	6.60	65.400	
1309	5.38	65.450	
1310	4.20	65.500	
1311	3.26	65.550	
1312	2.42	65.600	
1313	1.70	65.650	
1314	1.08	65.700	
1315	0.60	65.750	
1316	0.38	65.800	
1317	0.36	65.850	
1318	0.34	65.900	
1319	0.34	65.950	
1320	0.32	66.001	
1321	0.30	66.050	
1322	0.30	66.100	
1323	0.22	66.150	
1324	0.20	66.200	
1325	0.22	66.250	
1326	0.20	66.301	
1327	0.20	66.350	
1328	0.20	66.400	
1329	0.20	66.450	
1330	0.20	66.501	
1331	0.18	66.551	
1332	0.18	66.600	
1333	0.18	66.650	
1334	0.18	66.700	
1335	0.18	66.750	
1336	0.18	66.800	
1337	0.18	66.850	
1338	0.18	66.900	
1339	0.18	66.950	
1340	0.18	67.001	
1341	0.18	67.051	
1342	0.18	67.100	
1343	0.16	67.150	
1344	0.16	67.200	
1345	0.16	67.250	
1346	0.16	67.300	
1347	0.16	67.350	
1348	0.16	67.400	
1349	0.16	67.450	
1350	0.16	67.500	
1351	0.16	67.550	
1352	0.16	67.600	
1353	0.16	67.651	
1354	0.16	67.700	
1355	0.16	67.750	
1356	0.16	67.800	
1357	0.16	67.850	
1358	0.16	67.901	
1359	0.16	67.951	
1360	0.16	68.000	
1361	0.16	68.050	
1362	0.14	68.100	
1363	0.14	68.150	
1364	0.14	68.200	
1365	0.14	68.250	
1366	0.14	68.300	
1367	0.14	68.350	
1368	0.14	68.400	
1369	0.14	68.450	
1370	0.14	68.500	
1371	0.14	68.550	
1372	0.14	68.600	
1373	0.14	68.650	
1374	0.14	68.700	
1375	0.14	68.750	
1376	0.14	68.800	
1377	0.14	68.850	
1378	0.14	68.900	
1379	0.14	68.950	
1380	0.14	69.000	
1381	0.14	69.050	
1382	0.14	69.100	
1383	0.14	69.150	
1384	0.14	69.200	
1385	0.12	69.250	
1386	0.18	69.300	
1387	0.60	69.350	
1388	1.20	69.400	
1389	1.90	69.450	
1390	2.68	69.500	
1391	3.32	69.550	
1392	4.02	69.600	
1393	4.82	69.650	
1394	5.66	69.700	
1395	6.36	69.750	
1396	6.84	69.800	
1397	6.98	69.850	
1398	6.96	69.900	
1399	6.94	69.950	
1400	6.94	70.000	
1401	6.92	70.050	
1402	6.92	70.100	
1403	6.90	70.160	
1404	6.90	70.200	
1405	6.88	70.250	
1406	6.88	70.300	
1407	6.88	70.350	
1408	6.88	70.400	
1409	6.88	70.450	
1410	6.88	70.500	
1411	6.86	70.550	
1412	6.86	70.600	
1413	6.86	70.650	
1414	6.86	70.700	
1415	6.86	70.750	
1416	6.86	70.800	
1417	6.84	70.850	
1418	6.86	70.900	
1419	6.84	70.950	
1420	6.84	71.000	
1421	6.84	71.050	
1422	6.84	71.100	
1423	6.84	71.150	
1424	6.84	71.200	
1425	6.84	71.250	
1426	6.84	71.300	
1427	6.84	71.350	
1428	6.82	71.400	
1429	6.82	71.450	
1430	6.82	71.500	
1431	6.82	71.550	
1432	6.82	71.600	
1433	6.82	71.650	
1434	6.82	71.700	
1435	6.82	71.750	
1436	6.82	71.801	
1437	6.82	71.851	
1438	6.82	71.900	
1439	6.82	71.950	
1440	6.82	72.000	
1441	6.82	72.050	
1442	6.82	72.100	
1443	6.82	72.150	
1444	6.82	72.200	
1445	6.82	72.250	
1446	6.82	72.300	
1447	6.82	72.350	
1448	6.82	72.400	
1449	6.82	72.450	
1450	6.80	72.500	
1451	6.80	72.551	
1452	6.80	72.600	
1453	6.82	72.650	
1454	6.80	72.700	
1455	6.80	72.750	
1456	6.80	72.800	
1457	6.80	72.850	
1458	6.80	72.900	
1459	6.80	72.950	
1460	6.80	73.000	
1461	6.80	73.050	
1462	6.80	73.100	
1463	6.80	73.150	
1464	6.80	73.200	
1465	6.80	73.250	
1466	6.80	73.300	
1467	6.80	73.350	
1468	6.80	73.400	
1469	6.80	73.450	
1470	6.80	73.500	
1471	6.80	73.550	
1472	6.80	73.600	
1473	6.80	73.651	
1474	6.80	73.700	
1475	6.80	73.750	
1476	6.78	73.800	
1477	5.80	73.850	
1478	4.54	73.900	
1479	3.56	73.950	
1480	2.68	74.000	
1481	1.90	74.050	
1482	1.30	74.100	
1483	0.74	74.150	
1484	0.42	74.200	
1485	0.36	74.250	
1486	0.34	74.300	
1487	0.34	74.350	
1488	0.32	74.400	
1489	0.30	74.451	
1490	0.30	74.500	
1491	0.22	74.550	
1492	0.22	74.600	
1493	0.22	74.650	
1494	0.20	74.700	
1495	0.20	74.750	
1496	0.20	74.800	
1497	0.20	74.855	
1498	0.20	74.901	
1499	0.20	74.950	
1500	0.20	75.000	
1501	0.20	75.050	
1502	0.18	75.100	
1503	0.18	75.150	
1504	0.18	75.200	
1505	0.18	75.250	
1506	0.18	75.300	
1507	0.18	75.350	
1508	0.18	75.400	
1509	0.18	75.450	
1510	0.18	75.500	
1511	0.18	75.550	
1512	0.18	75.600	
1513	0.18	75.650	
1514	0.18	75.700	
1515	0.16	75.750	
1516	0.16	75.800	
1517	0.16	75.850	
1518	0.16	75.900	
1519	0.16	75.950	
1520	0.16	76.000	
1521	0.16	76.050	
1522	0.16	76.100	
1523	0.16	76.150	
1524	0.16	76.200	
1525	0.16	76.250	
1526	0.16	76.300	
1527	0.16	76.350	
1528	0.16	76.400	
1529	0.16	76.451	
1530	0.16	76.500	
1531	0.16	76.550	
1532	0.16	76.601	
1533	0.14	76.650	
1534	0.16	76.700	
1535	0.16	76.750	
1536	0.16	76.800	
1537	0.14	76.850	
1538	0.14	76.900	
1539	0.14	76.951	
1540	0.14	77.000	
1541	0.14	77.050	
1542	0.14	77.100	
1543	0.14	77.150	
1544	0.14	77.200	
1545	0.14	77.250	
1546	0.14	77.300	
1547	0.14	77.350	
1548	0.14	77.400	
1549	0.14	77.450	
1550	0.14	77.500	
1551	0.14	77.550	
1552	0.14	77.600	
1553	0.14	77.650	
1554	0.14	77.700	
1555	0.14	77.750	
1556	0.14	77.800	
1557	0.14	77.850	
1558	0.14	77.900	
1559	0.14	77.950	
1560	0.14	78.000	
1561	0.14	78.050	
1562	0.14	78.100	
1563	0.14	78.150	
1564	0.14	78.200	
1565	0.14	78.250	
1566	0.14	78.309	
1567	0.14	78.350	
1568	0.14	78.400	
1569	0.14	78.450	
1570	0.14	78.500	
1571	0.14	78.550	
1572	0.14	78.600	
1573	0.14	78.650	
1574	0.14	78.700	
1575	0.14	78.750	
1576	0.14	78.800	
1577	0.14	78.850	
1578	0.14	78.900	
1579	0.14	78.950	
1580	0.14	79.000	
1581	0.14	79.050	
1582	0.14	79.100	
1583	0.12	79.150	
1584	0.10	79.200	
1585	0.42	79.250	
1586	0.92	79.300	
1587	1.58	79.350	
1588	2.32	79.400	
1589	3.06	79.450	
1590	3.72	79.500	
1591	4.46	79.550	
1592	5.28	79.600	
1593	6.04	79.650	
1594	6.64	79.700	
1595	6.92	79.750	
1596	6.94	79.801	
1597	6.92	79.850	
1598	6.90	79.900	
1599	6.88	79.950	
1600	6.88	80.000	
1601	6.88	80.050	
1602	6.86	80.100	
1603	6.84	80.163	
1604	6.84	80.200	
1605	6.84	80.254	
1606	6.84	80.301	
1607	6.84	80.350	
1608	6.84	80.400	
1609	6.82	80.450	
1610	6.82	80.500	
1611	6.82	80.550	
1612	6.82	80.600	
1613	6.82	80.650	
1614	6.82	80.700	
1615	6.82	80.750	
1616	6.82	80.801	
1617	6.82	80.850	
1618	6.80	80.900	
1619	6.80	80.950	
1620	6.80	81.000	
1621	6.80	81.051	
1622	6.80	81.100	
1623	6.80	81.150	
1624	6.80	81.200	
1625	6.80	81.250	
1626	6.80	81.300	
1627	6.80	81.350	
1628	6.78	81.400	
1629	6.80	81.450	
1630	6.78	81.500	
1631	6.78	81.550	
1632	6.78	81.600	
1633	6.78	81.650	
1634	6.78	81.700	
1635	6.78	81.750	
1636	6.78	81.800	
1637	6.78	81.851	
1638	6.78	81.900	
1639	6.78	81.950	
1640	6.78	82.000	
1641	6.78	82.050	
1642	6.78	82.100	
1643	6.78	82.150	
1644	6.78	82.201	
1645	6.78	82.250	
1646	6.76	82.300	
1647	6.76	82.351	
1648	6.76	82.400	
1649	6.76	82.451	
1650	6.76	82.500	
1651	6.76	82.550	
1652	6.76	82.600	
1653	6.76	82.650	
1654	6.76	82.700	
1655	6.76	82.750	
1656	6.76	82.801	
1657	6.76	82.851	
1658	6.76	82.900	
1659	6.60	82.950	
1660	5.40	83.000	
1661	4.24	83.050	
1662	3.30	83.100	
1663	2.42	83.150	
1664	1.70	83.201	
1665	1.06	83.250	
1666	0.60	83.300	
1667	0.38	83.350	
1668	0.34	83.400	
1669	0.34	83.450	
1670	0.32	83.500	
1671	0.30	83.550	
1672	0.30	83.600	
1673	0.28	83.650	
1674	0.22	83.701	
1675	0.20	83.750	
1676	0.22	83.800	
1677	0.20	83.850	
1678	0.20	83.900	
1679	0.20	83.950	
1680	0.20	84.000	
1681	0.18	84.051	
1682	0.20	84.100	
1683	0.18	84.150	
1684	0.18	84.200	
1685	0.18	84.250	
1686	0.18	84.300	
1687	0.18	84.350	
1688	0.18	84.400	
1689	0.18	84.450	
1690	0.18	84.500	
1691	0.18	84.550	
1692	0.18	84.600	
1693	0.16	84.651	
1694	0.16	84.700	
1695	0.18	84.750	
1696	0.16	84.800	
1697	0.16	84.850	
1698	0.16	84.900	
1699	0.16	84.950	
1700	0.16	85.000	
1701	0.16	85.050	
1702	0.16	85.100	
1703	0.16	85.150	
1704	0.16	85.200	
1705	0.16	85.250	
1706	0.16	85.300	
1707	0.16	85.350	
1708	0.16	85.400	
1709	0.16	85.450	
1710	0.16	85.500	
1711	0.16	85.550	
1712	0.16	85.600	
1713	0.14	85.650	
1714	0.16	85.700	
1715	0.16	85.750	
1716	0.14	85.800	
1717	0.14	85.850	
1718	0.16	85.900	
1719	0.14	85.950	
1720	0.14	86.000	
1721	0.14	86.050	
1722	0.14	86.100	
1723	0.14	86.150	
1724	0.14	86.200	
1725	0.14	86.250	
1726	0.14	86.300	
1727	0.14	86.350	
1728	0.14	86.400	
1729	0.14	86.450	
1730	0.14	86.500	
1731	0.14	86.550	
1732	0.14	86.600	
1733	0.14	86.650	
1734	0.14	86.700	
1735	0.14	86.750	
1736	0.14	86.801	
1737	0.14	86.850	
1738	0.14	86.900	
1739	0.14	86.950	
1740	0.14	87.000	
1741	0.14	87.050	
1742	0.14	87.101	
1743	0.14	87.150	
1744	0.14	87.200	
1745	0.14	87.250	
1746	0.52	87.300	
1747	1.06	87.350	
1748	1.72	87.401	
1749	2.48	87.450	
1750	3.18	87.500	
1751	3.80	87.550	
1752	4.56	87.600	
1753	5.36	87.650	
1754	6.36	87.700	
1755	6.66	87.750	
1756	6.90	87.800	
1757	6.90	87.850	
1758	6.88	87.900	
1759	6.86	87.950	
1760	6.86	88.000	
1761	6.84	88.050	
1762	6.82	88.100	
1763	6.82	88.150	
1764	6.82	88.200	
1765	6.82	88.250	
1766	6.82	88.300	
1767	6.80	88.350	
1768	6.80	88.401	
1769	6.80	88.450	
1770	6.80	88.500	
1771	6.78	88.550	
1772	6.78	88.600	
1773	6.78	88.650	
1774	6.78	88.700	
1775	6.78	88.750	
1776	6.78	88.800	
1777	6.76	88.850	
1778	6.76	88.901	
1779	6.76	88.950	
1780	6.76	89.000	
1781	6.76	89.050	
1782	6.76	89.100	
1783	6.76	89.150	
1784	6.76	89.200	
1785	6.76	89.250	
1786	6.76	89.301	
1787	6.76	89.350	
1788	6.74	89.400	
1789	6.74	89.450	
1790	6.74	89.500	
1791	6.74	89.550	
1792	6.74	89.600	
1793	6.74	89.650	
1794	6.74	89.700	
1795	6.74	89.750	
1796	6.74	89.800	
1797	6.74	89.850	
1798	6.74	89.900	
1799	6.74	89.950	
1800	6.74	90.000	
1801	6.74	90.050	
1802	6.74	90.100	
1803	6.74	90.200	
1804	6.74	90.250	
1805	6.74	90.312	
1806	6.72	90.350	
1807	6.74	90.408	
1808	6.74	90.450	
1809	6.72	90.500	
1810	6.72	90.550	
1811	6.74	90.600	
1812	6.72	90.650	
1813	6.72	90.700	
1814	6.72	90.750	
1815	6.72	90.800	
1816	6.72	90.850	
1817	6.72	90.900	
1818	5.86	90.950	
1819	4.62	91.000	
1820	3.62	91.050	
1821	2.72	91.100	
1822	1.94	91.150	
1823	1.30	91.200	
1824	0.76	91.250	
1825	0.42	91.300	
1826	0.34	91.350	
1827	0.34	91.401	
1828	0.32	91.450	
1829	0.32	91.500	
1830	0.32	91.550	
1831	0.32	91.600	
1832	0.24	91.650	
1833	0.20	91.701	
1834	0.22	91.750	
1835	0.20	91.800	
1836	0.20	91.850	
1837	0.20	91.900	
1838	0.20	91.950	
1839	0.18	92.000	
1840	0.20	92.050	
1841	0.18	92.100	
1842	0.18	92.150	
1843	0.18	92.200	
1844	0.18	92.250	
1845	0.18	92.300	
1846	0.18	92.351	
1847	0.18	92.400	
1848	0.18	92.450	
1849	0.18	92.500	
1850	0.18	92.550	
1851	0.18	92.600	
1852	0.16	92.650	
1853	0.18	92.700	
1854	0.16	92.750	
1855	0.16	92.800	
1856	0.16	92.850	
1857	0.16	92.900	
1858	0.16	92.950	
1859	0.16	93.000	
1860	0.16	93.050	
1861	0.16	93.100	
1862	0.16	93.150	
1863	0.16	93.200	
1864	0.16	93.250	
1865	0.16	93.300	
1866	0.16	93.350	
1867	0.16	93.401	
1868	0.16	93.450	
1869	0.14	93.500	
1870	0.16	93.550	
1871	0.16	93.600	
1872	0.16	93.650	
1873	0.16	93.700	
1874	0.14	93.750	
1875	0.16	93.800	
1876	0.16	93.850	
1877	0.14	93.900	
1878	0.14	93.950	
1879	0.14	94.000	
1880	0.14	94.050	
1881	0.14	94.100	
1882	0.14	94.150	
1883	0.14	94.200	
1884	0.14	94.250	
1885	0.14	94.300	
1886	0.14	94.350	
1887	0.14	94.400	
1888	0.14	94.450	
1889	0.14	94.500	
1890	0.14	94.550	
