7/25/2024  5:16 PM
Units: N
Readings: Continuous
X-Axis: Time

Reading	Load	Time	
1	0.00	0.000	
2	0.00	0.102	
3	0.00	0.151	
4	0.00	0.201	
5	0.00	0.250	
6	0.00	0.301	
7	0.00	0.350	
8	0.00	0.401	
9	0.00	0.450	
10	0.00	0.500	
11	0.00	0.550	
12	0.00	0.600	
13	0.00	0.650	
14	0.00	0.701	
15	0.00	0.751	
16	0.00	0.800	
17	0.00	0.850	
18	0.00	0.901	
19	0.00	0.951	
20	0.00	1.000	
21	0.00	1.051	
22	0.00	1.101	
23	0.00	1.150	
24	0.00	1.201	
25	0.00	1.250	
26	0.00	1.300	
27	0.00	1.350	
28	0.00	1.400	
29	0.00	1.450	
30	0.00	1.500	
31	0.00	1.550	
32	0.00	1.601	
33	0.00	1.650	
34	0.00	1.701	
35	0.00	1.751	
36	0.00	1.801	
37	0.00	1.850	
38	0.00	1.901	
39	0.00	1.950	
40	0.00	2.001	
41	0.00	2.050	
42	0.00	2.102	
43	0.00	2.151	
44	0.00	2.201	
45	0.00	2.251	
46	0.00	2.300	
47	0.00	2.351	
48	0.00	2.401	
49	0.00	2.450	
50	0.00	2.501	
51	-0.02	2.550	
52	-0.02	2.601	
53	0.00	2.650	
54	0.00	2.701	
55	0.00	2.751	
56	0.00	2.800	
57	0.00	2.850	
58	-0.02	2.901	
59	-0.02	2.950	
60	0.00	3.001	
61	0.00	3.050	
62	0.00	3.101	
63	-0.02	3.150	
64	-0.02	3.201	
65	-0.02	3.250	
66	0.00	3.301	
67	0.02	3.350	
68	0.00	3.401	
69	-0.02	3.450	
70	-0.02	3.501	
71	0.00	3.550	
72	0.00	3.601	
73	-0.04	3.651	
74	-0.04	3.700	
75	-0.06	3.751	
76	-0.06	3.800	
77	-0.02	3.851	
78	-0.04	3.901	
79	-0.02	3.950	
80	-0.04	4.000	
81	-0.04	4.051	
82	-0.02	4.100	
83	0.00	4.150	
84	-0.02	4.201	
85	0.00	4.250	
86	-0.02	4.301	
87	0.00	4.350	
88	-0.02	4.400	
89	-0.04	4.451	
90	-0.02	4.501	
91	-0.06	4.550	
92	-0.06	4.601	
93	-0.04	4.650	
94	-0.04	4.701	
95	-0.02	4.750	
96	-0.02	4.801	
97	-0.02	4.851	
98	-0.02	4.901	
99	-0.02	4.950	
100	-0.02	5.001	
101	-0.02	5.050	
102	-0.02	5.101	
103	-0.02	5.150	
104	0.00	5.201	
105	-0.02	5.251	
106	-0.02	5.300	
107	-0.02	5.351	
108	-0.02	5.400	
109	-0.02	5.451	
110	-0.02	5.500	
111	-0.02	5.550	
112	-0.02	5.600	
113	-0.02	5.650	
114	-0.02	5.700	
115	-0.02	5.750	
116	-0.02	5.801	
117	-0.02	5.850	
118	0.06	5.900	
119	0.40	5.951	
120	0.62	6.001	
121	0.92	6.050	
122	1.32	6.101	
123	1.74	6.150	
124	2.18	6.200	
125	2.34	6.250	
126	2.96	6.300	
127	3.30	6.350	
128	3.56	6.401	
129	3.68	6.451	
130	3.70	6.500	
131	3.68	6.550	
132	3.66	6.600	
133	3.66	6.651	
134	3.66	6.701	
135	3.64	6.750	
136	3.64	6.801	
137	3.64	6.851	
138	3.64	6.900	
139	3.64	6.950	
140	3.62	7.000	
141	3.62	7.050	
142	3.62	7.100	
143	3.62	7.151	
144	3.62	7.200	
145	3.62	7.250	
146	3.60	7.301	
147	3.60	7.350	
148	3.60	7.400	
149	3.60	7.451	
150	3.60	7.500	
151	3.60	7.550	
152	3.60	7.601	
153	3.58	7.650	
154	3.58	7.700	
155	3.58	7.751	
156	3.58	7.800	
157	3.58	7.851	
158	3.58	7.900	
159	3.58	7.950	
160	3.58	8.000	
161	3.58	8.051	
162	3.58	8.100	
163	3.58	8.151	
164	3.58	8.201	
165	3.58	8.251	
166	3.58	8.300	
167	3.58	8.351	
168	3.50	8.400	
169	3.34	8.450	
170	2.88	8.501	
171	2.36	8.550	
172	1.92	8.601	
173	1.50	8.651	
174	1.22	8.701	
175	0.96	8.750	
176	0.80	8.800	
177	0.72	8.850	
178	0.70	8.901	
179	0.72	8.951	
180	0.72	9.000	
181	0.72	9.050	
182	0.72	9.101	
183	0.72	9.151	
184	0.72	9.200	
185	0.72	9.251	
186	0.72	9.300	
187	0.72	9.351	
188	0.72	9.401	
189	0.72	9.450	
190	0.72	9.500	
