7/24/2024  3:25 PM
Units: N
Readings: Continuous
X-Axis: Time

Reading	Load	Time	
1	0.00	0.000	
2	0.00	0.142	
3	0.02	0.192	
4	0.00	0.242	
5	0.00	0.292	
6	0.00	0.343	
7	0.00	0.392	
8	0.00	0.442	
9	0.02	0.493	
10	0.00	0.542	
11	0.00	0.592	
12	0.00	0.642	
13	0.00	0.692	
14	0.00	0.742	
15	0.00	0.793	
16	0.00	0.842	
17	0.02	0.892	
18	0.00	0.943	
19	0.00	0.992	
20	0.00	1.042	
21	0.00	1.093	
22	0.00	1.143	
23	0.00	1.192	
24	0.00	1.242	
25	0.02	1.292	
26	0.02	1.342	
27	0.00	1.392	
28	0.00	1.442	
29	0.00	1.492	
30	0.02	1.542	
31	0.00	1.592	
32	0.00	1.643	
33	0.00	1.692	
34	0.00	1.742	
35	0.02	1.793	
36	0.00	1.843	
37	0.00	1.892	
38	0.00	1.942	
39	0.00	1.992	
40	0.00	2.042	
41	0.02	2.092	
42	0.02	2.143	
43	0.02	2.192	
44	0.02	2.242	
45	0.00	2.293	
46	0.00	2.343	
47	0.00	2.392	
48	0.00	2.442	
49	0.02	2.492	
50	0.00	2.542	
51	0.00	2.592	
52	0.00	2.642	
53	0.00	2.692	
54	0.02	2.742	
55	0.00	2.793	
56	0.02	2.842	
57	0.00	2.893	
58	0.00	2.942	
59	0.00	2.992	
60	0.00	3.042	
61	0.00	3.093	
62	0.02	3.142	
63	0.00	3.193	
64	0.00	3.242	
65	0.02	3.292	
66	0.00	3.343	
67	0.00	3.392	
68	0.02	3.443	
69	0.00	3.492	
70	0.00	3.542	
71	0.02	3.592	
72	0.00	3.642	
73	0.00	3.693	
74	0.02	3.742	
75	0.02	3.792	
76	0.02	3.842	
77	0.00	3.892	
78	0.00	3.942	
79	0.02	3.992	
80	0.00	4.042	
81	0.00	4.092	
82	0.00	4.142	
83	0.00	4.192	
84	0.00	4.242	
85	0.02	4.292	
86	0.02	4.342	
87	0.00	4.392	
88	0.00	4.442	
89	0.00	4.492	
90	0.00	4.542	
91	0.02	4.592	
92	0.02	4.642	
93	0.02	4.692	
94	0.02	4.742	
95	0.06	4.793	
96	0.34	4.842	
97	0.74	4.892	
98	1.22	4.942	
99	1.82	4.992	
100	2.80	5.042	
101	3.14	5.092	
102	3.76	5.142	
103	4.50	5.192	
104	5.60	5.242	
105	6.56	5.292	
106	7.16	5.342	
107	7.42	5.392	
108	7.42	5.442	
109	7.40	5.492	
110	7.38	5.543	
111	7.36	5.592	
112	7.36	5.642	
113	7.36	5.693	
114	7.34	5.742	
115	7.34	5.792	
116	7.32	5.842	
117	7.32	5.892	
118	7.32	5.942	
119	7.30	5.992	
120	7.30	6.042	
121	7.30	6.092	
122	7.30	6.142	
123	7.30	6.193	
124	7.30	6.242	
125	7.28	6.292	
126	7.28	6.343	
127	7.28	6.392	
128	7.28	6.442	
129	7.28	6.492	
130	7.26	6.542	
131	7.26	6.592	
132	7.26	6.642	
133	7.26	6.692	
134	7.26	6.749	
135	7.26	6.792	
136	7.26	6.842	
137	7.26	6.892	
138	7.26	6.942	
139	7.24	6.992	
140	7.24	7.042	
141	7.24	7.092	
142	7.24	7.142	
143	7.24	7.192	
144	7.24	7.243	
145	7.24	7.292	
146	7.24	7.342	
147	7.24	7.392	
148	7.24	7.443	
149	7.24	7.492	
150	7.24	7.542	
151	7.22	7.592	
152	7.24	7.642	
153	7.22	7.692	
154	7.22	7.743	
155	7.22	7.792	
156	7.22	7.842	
157	7.22	7.892	
158	7.22	7.942	
159	7.22	7.992	
160	7.22	8.042	
161	7.22	8.092	
162	6.98	8.143	
163	6.04	8.192	
164	5.08	8.242	
165	4.18	8.292	
166	3.14	8.342	
167	2.14	8.392	
168	1.42	8.442	
169	0.92	8.492	
170	0.62	8.542	
171	0.54	8.592	
172	0.50	8.643	
173	0.50	8.692	
174	0.48	8.742	
175	0.46	8.792	
176	0.42	8.842	
177	0.30	8.892	
178	0.14	8.942	
179	0.10	8.992	
180	0.08	9.043	
181	0.08	9.092	
182	0.06	9.142	
183	0.06	9.192	
184	0.06	9.242	
185	0.06	9.292	
186	0.06	9.342	
187	0.06	9.392	
188	0.06	9.443	
189	0.06	9.492	
190	0.06	9.543	
191	0.04	9.592	
192	0.04	9.642	
193	0.04	9.692	
194	0.04	9.743	
195	0.04	9.792	
196	0.04	9.842	
197	0.04	9.892	
198	0.04	9.942	
199	0.04	9.992	
200	0.04	10.042	
201	0.04	10.092	
202	0.04	10.142	
203	0.04	10.192	
204	0.04	10.242	
205	0.04	10.292	
206	0.04	10.342	
207	0.04	10.393	
208	0.04	10.442	
209	0.04	10.493	
210	0.04	10.542	
211	0.04	10.592	
212	0.04	10.642	
213	0.04	10.692	
214	0.04	10.742	
215	0.04	10.792	
216	0.04	10.842	
217	0.04	10.892	
218	0.04	10.942	
219	0.04	10.992	
220	0.04	11.043	
221	0.04	11.092	
222	0.04	11.142	
223	0.04	11.192	
224	0.04	11.242	
225	0.04	11.293	
226	0.02	11.342	
227	0.04	11.392	
228	0.04	11.442	
229	0.04	11.492	
230	0.04	11.542	
231	0.02	11.592	
232	0.04	11.642	
233	0.02	11.693	
234	0.04	11.742	
235	0.02	11.792	
236	0.04	11.842	
237	0.02	11.893	
238	0.04	11.942	
239	0.02	11.993	
240	0.02	12.042	
241	0.02	12.092	
242	0.02	12.142	
243	0.02	12.193	
244	0.04	12.242	
245	0.02	12.293	
246	0.02	12.342	
247	0.04	12.392	
248	0.02	12.442	
249	0.02	12.492	
250	0.02	12.542	
251	0.02	12.592	
252	0.02	12.643	
253	0.02	12.692	
254	0.02	12.742	
255	0.02	12.792	
256	0.02	12.842	
257	0.02	12.892	
258	0.04	12.942	
259	0.02	12.993	
260	0.02	13.042	
261	0.02	13.092	
262	0.02	13.142	
263	0.04	13.192	
264	0.04	13.242	
265	0.04	13.292	
266	0.16	13.342	
267	0.54	13.392	
268	0.94	13.442	
269	1.46	13.493	
270	2.06	13.542	
271	2.72	13.592	
272	3.38	13.643	
273	4.00	13.692	
274	4.82	13.742	
275	5.96	13.792	
276	6.70	13.843	
277	7.12	13.892	
278	7.22	13.942	
279	7.20	13.992	
280	7.18	14.042	
281	7.16	14.092	
282	7.16	14.143	
283	7.14	14.192	
284	7.14	14.243	
285	7.12	14.292	
286	7.12	14.342	
287	7.12	14.392	
288	7.10	14.442	
289	7.10	14.492	
290	7.10	14.542	
291	7.10	14.592	
292	7.08	14.643	
293	7.08	14.692	
294	7.08	14.742	
295	7.08	14.793	
296	7.08	14.843	
297	7.08	14.892	
298	7.08	14.942	
299	7.08	14.992	
300	7.06	15.042	
301	7.06	15.092	
302	7.06	15.142	
303	7.06	15.193	
304	7.06	15.242	
305	7.06	15.292	
306	7.06	15.342	
307	7.06	15.392	
308	7.04	15.442	
309	7.04	15.492	
310	7.06	15.543	
311	7.04	15.592	
312	7.04	15.642	
313	7.04	15.692	
314	7.04	15.743	
315	7.04	15.792	
316	7.04	15.842	
317	7.04	15.893	
318	7.04	15.942	
319	7.04	15.992	
320	7.04	16.042	
321	7.04	16.092	
322	7.04	16.142	
323	7.04	16.192	
324	7.04	16.242	
325	7.04	16.292	
326	7.02	16.343	
327	7.02	16.392	
328	7.02	16.442	
329	6.58	16.492	
330	5.62	16.542	
331	4.64	16.593	
332	3.78	16.643	
333	2.80	16.692	
334	1.88	16.742	
335	1.26	16.792	
336	0.82	16.842	
337	0.60	16.893	
338	0.54	16.942	
339	0.50	16.992	
340	0.50	17.042	
341	0.48	17.092	
342	0.44	17.142	
343	0.40	17.192	
344	0.26	17.242	
345	0.12	17.292	
346	0.10	17.342	
347	0.10	17.392	
348	0.08	17.442	
349	0.08	17.492	
350	0.08	17.542	
351	0.06	17.592	
352	0.06	17.642	
353	0.06	17.692	
354	0.06	17.742	
355	0.06	17.793	
356	0.06	17.842	
357	0.06	17.892	
358	0.06	17.942	
359	0.06	17.992	
360	0.06	18.042	
361	0.06	18.092	
362	0.06	18.142	
363	0.06	18.192	
364	0.06	18.242	
365	0.06	18.292	
366	0.06	18.342	
367	0.06	18.392	
368	0.06	18.442	
369	0.06	18.492	
370	0.06	18.542	
371	0.04	18.592	
372	0.04	18.642	
373	0.04	18.692	
374	0.04	18.742	
375	0.06	18.792	
376	0.06	18.842	
377	0.04	18.892	
378	0.04	18.942	
379	0.04	18.992	
380	0.04	19.042	
381	0.04	19.092	
382	0.06	19.142	
383	0.04	19.192	
384	0.04	19.242	
385	0.04	19.292	
386	0.04	19.342	
387	0.04	19.392	
388	0.04	19.442	
389	0.04	19.492	
390	0.04	19.542	
391	0.04	19.592	
392	0.04	19.642	
393	0.04	19.692	
394	0.04	19.742	
395	0.04	19.792	
396	0.04	19.842	
397	0.04	19.892	
398	0.04	19.942	
399	0.04	19.992	
400	0.04	20.043	
401	0.04	20.093	
402	0.04	20.142	
403	0.04	20.192	
404	0.04	20.243	
405	0.04	20.292	
406	0.04	20.342	
407	0.04	20.392	
408	0.04	20.442	
409	0.04	20.492	
410	0.04	20.543	
411	0.04	20.592	
412	0.04	20.642	
413	0.04	20.692	
414	0.04	20.743	
415	0.06	20.792	
416	0.28	20.843	
417	0.70	20.892	
418	1.12	20.943	
419	1.70	20.992	
420	2.30	21.042	
421	2.98	21.092	
422	3.60	21.142	
423	4.26	21.192	
424	5.36	21.243	
425	6.28	21.292	
426	6.90	21.342	
427	7.18	21.392	
428	7.18	21.443	
429	7.16	21.492	
430	7.16	21.542	
431	7.14	21.592	
432	7.14	21.642	
433	7.12	21.692	
434	7.12	21.742	
435	7.10	21.793	
436	7.10	21.842	
437	7.10	21.892	
438	7.10	21.942	
439	7.08	21.992	
440	7.08	22.042	
441	7.08	22.092	
442	7.08	22.142	
443	7.08	22.192	
444	7.08	22.242	
445	7.06	22.292	
446	7.06	22.342	
447	7.06	22.392	
448	7.06	22.442	
449	7.06	22.492	
450	7.06	22.542	
451	7.06	22.592	
452	7.04	22.642	
453	7.04	22.692	
454	7.04	22.742	
455	7.04	22.792	
456	7.04	22.842	
457	7.04	22.892	
458	7.04	22.942	
459	7.04	22.992	
460	7.04	23.042	
461	7.04	23.092	
462	7.04	23.142	
463	7.04	23.192	
464	7.02	23.242	
465	7.02	23.293	
466	7.02	23.342	
467	7.02	23.393	
468	7.02	23.442	
469	7.02	23.492	
470	7.02	23.542	
471	7.02	23.592	
472	7.02	23.642	
473	7.02	23.692	
474	7.02	23.742	
475	7.02	23.792	
476	7.02	23.842	
477	7.02	23.892	
478	7.02	23.942	
479	7.02	23.992	
480	7.02	24.042	
481	6.58	24.092	
482	5.04	24.142	
483	4.64	24.192	
484	3.78	24.242	
485	2.80	24.292	
486	1.88	24.342	
487	1.28	24.392	
488	0.84	24.442	
489	0.62	24.493	
490	0.56	24.543	
491	0.54	24.592	
492	0.52	24.642	
493	0.50	24.692	
494	0.48	24.742	
495	0.42	24.792	
496	0.28	24.842	
497	0.14	24.892	
498	0.12	24.942	
499	0.12	24.992	
500	0.10	25.042	
501	0.10	25.092	
502	0.08	25.142	
503	0.08	25.192	
504	0.08	25.242	
505	0.08	25.292	
506	0.08	25.342	
507	0.06	25.392	
508	0.08	25.442	
509	0.06	25.492	
510	0.06	25.542	
511	0.06	25.592	
512	0.06	25.642	
513	0.06	25.692	
514	0.06	25.742	
515	0.06	25.792	
516	0.06	25.842	
517	0.06	25.892	
518	0.06	25.942	
519	0.06	25.992	
520	0.06	26.042	
521	0.06	26.092	
522	0.06	26.142	
523	0.06	26.192	
524	0.06	26.242	
525	0.06	26.292	
526	0.06	26.342	
527	0.06	26.392	
528	0.06	26.443	
529	0.06	26.492	
530	0.06	26.542	
531	0.06	26.592	
532	0.06	26.642	
533	0.06	26.692	
534	0.06	26.743	
535	0.06	26.792	
536	0.06	26.842	
537	0.06	26.892	
538	0.06	26.942	
539	0.06	26.992	
540	0.06	27.042	
541	0.06	27.092	
542	0.06	27.142	
543	0.06	27.192	
544	0.06	27.242	
545	0.06	27.292	
546	0.06	27.342	
547	0.06	27.392	
548	0.06	27.442	
549	0.06	27.492	
550	0.06	27.542	
551	0.06	27.592	
552	0.06	27.642	
553	0.06	27.692	
554	0.06	27.742	
555	0.04	27.792	
556	0.06	27.842	
557	0.06	27.892	
558	0.06	27.942	
559	0.04	27.992	
560	0.06	28.042	
561	0.06	28.092	
562	0.06	28.142	
563	0.04	28.192	
564	0.06	28.242	
565	0.06	28.293	
566	0.04	28.342	
567	0.06	28.392	
568	0.04	28.442	
569	0.04	28.492	
570	0.04	28.543	
571	0.06	28.592	
572	0.04	28.642	
573	0.06	28.692	
574	0.06	28.742	
575	0.20	28.792	
576	0.80	28.842	
577	0.98	28.893	
578	1.50	28.942	
579	2.10	28.992	
580	2.74	29.042	
581	3.40	29.093	
582	4.02	29.143	
583	4.96	29.192	
584	5.98	29.243	
585	6.74	29.292	
586	7.12	29.342	
587	7.18	29.392	
588	7.16	29.442	
589	7.16	29.492	
590	7.14	29.542	
591	7.12	29.592	
592	7.12	29.642	
593	7.10	29.692	
594	7.10	29.742	
595	7.10	29.792	
596	7.08	29.842	
597	7.08	29.892	
598	7.08	29.942	
599	7.08	29.992	
600	7.08	30.043	
601	7.08	30.092	
602	7.06	30.143	
603	7.06	30.192	
604	7.06	30.243	
605	7.06	30.292	
606	7.06	30.342	
607	7.06	30.392	
608	7.04	30.442	
609	7.04	30.492	
610	7.04	30.542	
611	7.04	30.592	
612	7.04	30.642	
613	7.04	30.692	
614	7.04	30.742	
615	7.04	30.792	
616	7.04	30.842	
617	7.02	30.892	
618	7.02	30.942	
619	7.02	30.992	
620	7.02	31.042	
621	7.02	31.092	
622	7.02	31.142	
623	7.02	31.192	
624	7.02	31.242	
625	7.02	31.292	
626	7.02	31.342	
627	7.02	31.392	
628	7.02	31.442	
629	7.02	31.492	
630	7.02	31.543	
631	7.02	31.593	
632	7.02	31.642	
633	7.02	31.692	
634	7.02	31.742	
635	7.02	31.792	
636	7.00	31.842	
637	7.00	31.892	
638	7.02	31.942	
639	7.00	31.992	
640	7.00	32.042	
641	7.00	32.092	
642	7.00	32.142	
643	7.00	32.193	
644	7.02	32.242	
645	6.40	32.292	
646	5.42	32.342	
647	4.48	32.392	
648	3.64	32.442	
649	2.62	32.492	
650	1.74	32.542	
651	1.18	32.592	
652	0.62	32.643	
653	0.58	32.692	
654	0.54	32.742	
655	0.50	32.792	
656	0.50	32.842	
657	0.48	32.893	
658	0.46	32.942	
659	0.30	32.992	
660	0.24	33.042	
661	0.14	33.092	
662	0.12	33.142	
663	0.12	33.192	
664	0.10	33.242	
665	0.10	33.292	
666	0.10	33.342	
667	0.08	33.392	
668	0.08	33.443	
669	0.08	33.492	
670	0.08	33.542	
671	0.08	33.592	
672	0.08	33.643	
673	0.08	33.692	
674	0.08	33.742	
675	0.08	33.792	
676	0.08	33.842	
677	0.08	33.893	
678	0.06	33.942	
679	0.08	33.992	
680	0.06	34.042	
681	0.06	34.093	
682	0.06	34.142	
683	0.06	34.192	
684	0.06	34.242	
685	0.06	34.292	
686	0.06	34.342	
687	0.06	34.392	
688	0.06	34.442	
689	0.06	34.492	
690	0.06	34.542	
691	0.06	34.592	
692	0.06	34.642	
693	0.06	34.692	
694	0.06	34.742	
695	0.06	34.792	
696	0.06	34.843	
697	0.06	34.892	
698	0.06	34.942	
699	0.06	34.992	
700	0.06	35.042	
701	0.06	35.092	
702	0.06	35.143	
703	0.06	35.192	
704	0.06	35.242	
705	0.06	35.293	
706	0.06	35.342	
707	0.06	35.392	
708	0.06	35.443	
709	0.06	35.492	
710	0.06	35.542	
711	0.06	35.592	
712	0.06	35.642	
713	0.06	35.692	
714	0.06	35.742	
715	0.06	35.792	
716	0.06	35.842	
717	0.06	35.892	
718	0.06	35.942	
719	0.06	35.992	
720	0.06	36.043	
721	0.06	36.092	
722	0.06	36.142	
723	0.12	36.192	
724	0.42	36.242	
725	0.82	36.292	
726	1.30	36.342	
727	1.86	36.393	
728	2.52	36.442	
729	3.18	36.492	
730	3.80	36.542	
731	4.56	36.592	
732	5.66	36.642	
733	6.50	36.693	
734	7.00	36.742	
735	7.14	36.792	
736	7.14	36.842	
737	7.12	36.892	
738	7.10	36.943	
739	7.10	36.992	
740	7.08	37.042	
741	7.08	37.092	
742	7.08	37.142	
743	7.06	37.192	
744	7.06	37.242	
745	7.06	37.292	
746	7.04	37.343	
747	7.04	37.392	
748	7.04	37.442	
749	7.04	37.492	
750	7.04	37.543	
751	7.02	37.592	
752	7.02	37.642	
753	7.02	37.692	
754	7.02	37.742	
755	7.02	37.792	
756	7.02	37.842	
757	7.02	37.892	
758	7.02	37.942	
759	7.02	37.992	
760	7.00	38.042	
761	7.00	38.093	
762	7.00	38.143	
763	7.00	38.192	
764	7.00	38.242	
765	7.00	38.292	
766	7.00	38.342	
767	7.00	38.392	
768	6.98	38.443	
769	7.00	38.492	
770	7.00	38.542	
771	7.00	38.592	
772	6.98	38.643	
773	6.98	38.692	
774	6.98	38.742	
775	6.98	38.792	
776	6.98	38.842	
777	6.98	38.892	
778	6.98	38.942	
779	6.98	38.992	
780	6.98	39.043	
781	6.98	39.092	
782	6.98	39.142	
783	6.98	39.192	
784	6.98	39.242	
785	6.98	39.292	
786	6.98	39.342	
787	6.60	39.392	
788	5.64	39.442	
789	4.68	39.492	
790	3.80	39.542	
791	2.96	39.592	
792	1.94	39.642	
793	1.32	39.692	
794	0.88	39.742	
795	0.64	39.792	
796	0.60	39.842	
797	0.56	39.892	
798	0.56	39.942	
799	0.54	39.992	
800	0.50	40.042	
801	0.46	40.093	
802	0.18	40.147	
803	0.16	40.192	
804	0.14	40.242	
805	0.12	40.292	
806	0.12	40.342	
807	0.10	40.392	
808	0.10	40.442	
809	0.10	40.492	
810	0.10	40.542	
811	0.08	40.592	
812	0.08	40.642	
813	0.08	40.692	
814	0.08	40.742	
815	0.08	40.792	
816	0.08	40.843	
817	0.08	40.892	
818	0.08	40.942	
819	0.08	40.992	
820	0.08	41.042	
821	0.08	41.092	
822	0.08	41.142	
823	0.08	41.193	
824	0.08	41.242	
825	0.06	41.292	
826	0.06	41.342	
827	0.06	41.392	
828	0.06	41.442	
829	0.06	41.492	
830	0.06	41.542	
831	0.06	41.592	
832	0.06	41.642	
833	0.06	41.692	
834	0.06	41.742	
835	0.06	41.792	
836	0.06	41.842	
837	0.06	41.892	
838	0.06	41.942	
839	0.06	41.992	
840	0.06	42.042	
841	0.06	42.092	
842	0.06	42.142	
843	0.06	42.192	
844	0.06	42.242	
845	0.06	42.292	
846	0.06	42.342	
847	0.06	42.392	
848	0.06	42.442	
849	0.06	42.492	
850	0.06	42.542	
851	0.06	42.592	
852	0.06	42.642	
853	0.06	42.692	
854	0.06	42.742	
855	0.06	42.792	
856	0.06	42.842	
857	0.06	42.892	
858	0.06	42.942	
859	0.06	42.992	
860	0.06	43.042	
861	0.06	43.092	
862	0.06	43.142	
863	0.06	43.192	
864	0.06	43.242	
865	0.06	43.292	
866	0.06	43.342	
867	0.06	43.392	
868	0.06	43.443	
869	0.06	43.492	
870	0.06	43.542	
871	0.06	43.592	
872	0.06	43.642	
873	0.06	43.692	
874	0.12	43.742	
875	0.42	43.792	
876	0.82	43.842	
877	1.28	43.892	
878	1.82	43.943	
879	2.48	43.992	
880	3.14	44.042	
881	3.74	44.092	
882	4.44	44.142	
883	5.60	44.192	
884	6.40	44.242	
885	6.92	44.293	
886	7.08	44.342	
887	7.06	44.392	
888	7.04	44.442	
889	7.04	44.492	
890	7.02	44.542	
891	7.02	44.592	
892	7.00	44.642	
893	7.00	44.692	
894	7.00	44.742	
895	6.98	44.792	
896	6.98	44.842	
897	6.98	44.892	
898	6.98	44.942	
899	6.96	44.992	
900	6.96	45.042	
901	6.96	45.092	
902	6.96	45.152	
903	6.94	45.192	
904	6.94	45.242	
905	6.94	45.292	
906	6.94	45.342	
907	6.94	45.392	
908	6.94	45.442	
909	6.94	45.492	
910	6.94	45.542	
911	6.94	45.592	
912	6.92	45.642	
913	6.94	45.693	
914	6.92	45.743	
915	6.94	45.792	
916	6.92	45.842	
917	6.92	45.892	
918	6.92	45.942	
919	6.92	45.993	
920	6.92	46.042	
921	6.92	46.092	
922	6.92	46.142	
923	6.92	46.192	
924	6.92	46.242	
925	6.92	46.292	
926	6.92	46.342	
927	6.90	46.393	
928	6.90	46.442	
929	6.90	46.492	
930	6.90	46.542	
931	6.90	46.592	
932	6.90	46.642	
933	6.90	46.692	
934	6.90	46.742	
935	6.90	46.792	
936	6.90	46.842	
937	6.90	46.892	
938	6.90	46.942	
939	6.90	46.992	
940	6.90	47.042	
941	6.90	47.092	
942	6.90	47.142	
943	6.90	47.192	
944	6.90	47.242	
945	6.90	47.292	
946	6.90	47.342	
947	6.64	47.392	
948	5.70	47.442	
949	4.72	47.492	
950	3.86	47.542	
951	3.08	47.592	
952	2.04	47.642	
953	1.38	47.692	
954	0.90	47.742	
955	0.64	47.793	
956	0.56	47.842	
957	0.52	47.892	
958	0.52	47.942	
959	0.50	47.992	
960	0.48	48.042	
961	0.44	48.092	
962	0.32	48.142	
963	0.16	48.192	
964	0.14	48.242	
965	0.14	48.293	
966	0.12	48.342	
967	0.10	48.392	
968	0.10	48.442	
969	0.10	48.493	
970	0.10	48.542	
971	0.10	48.592	
972	0.08	48.642	
973	0.08	48.692	
974	0.08	48.742	
975	0.08	48.792	
976	0.08	48.842	
977	0.08	48.892	
978	0.08	48.942	
979	0.08	48.992	
980	0.08	49.042	
981	0.08	49.092	
982	0.08	49.142	
983	0.08	49.192	
984	0.08	49.242	
985	0.08	49.292	
986	0.08	49.342	
987	0.08	49.392	
988	0.08	49.442	
989	0.08	49.492	
990	0.08	49.542	
991	0.08	49.592	
992	0.08	49.642	
993	0.08	49.692	
994	0.08	49.742	
995	0.08	49.792	
996	0.08	49.842	
997	0.08	49.892	
998	0.08	49.942	
999	0.08	49.992	
1000	0.08	50.042	
1001	0.08	50.092	
1002	0.06	50.150	
1003	0.08	50.192	
1004	0.06	50.242	
1005	0.06	50.293	
1006	0.08	50.342	
1007	0.08	50.393	
1008	0.08	50.442	
1009	0.06	50.492	
1010	0.06	50.542	
1011	0.06	50.592	
1012	0.06	50.643	
1013	0.06	50.692	
1014	0.06	50.743	
1015	0.06	50.792	
1016	0.06	50.842	
1017	0.06	50.893	
1018	0.06	50.942	
1019	0.06	50.992	
1020	0.06	51.042	
1021	0.06	51.093	
1022	0.06	51.142	
1023	0.06	51.192	
1024	0.06	51.242	
1025	0.06	51.292	
1026	0.06	51.342	
1027	0.06	51.392	
1028	0.06	51.442	
1029	0.06	51.492	
1030	0.06	51.546	
1031	0.06	51.592	
1032	0.06	51.642	
1033	0.06	51.692	
1034	0.06	51.742	
1035	0.06	51.792	
1036	0.06	51.842	
1037	0.06	51.892	
1038	0.06	51.942	
1039	0.06	51.992	
1040	0.06	52.042	
1041	0.06	52.092	
1042	0.06	52.142	
1043	0.06	52.192	
1044	0.06	52.242	
1045	0.06	52.292	
1046	0.06	52.342	
1047	0.06	52.392	
1048	0.06	52.442	
1049	0.06	52.493	
1050	0.06	52.542	
1051	0.06	52.592	
1052	0.06	52.642	
1053	0.06	52.692	
1054	0.06	52.742	
1055	0.06	52.792	
1056	0.06	52.842	
1057	0.06	52.892	
1058	0.14	52.942	
1059	0.44	52.992	
1060	0.84	53.042	
1061	1.32	53.092	
1062	1.88	53.142	
1063	2.52	53.192	
1064	3.64	53.247	
1065	3.86	53.292	
1066	4.50	53.342	
1067	5.64	53.392	
1068	6.42	53.442	
1069	6.92	53.492	
1070	7.04	53.542	
1071	7.04	53.592	
1072	7.02	53.642	
1073	7.00	53.692	
1074	7.00	53.742	
1075	6.98	53.792	
1076	6.96	53.842	
1077	6.96	53.892	
1078	6.96	53.942	
1079	6.96	53.992	
1080	6.94	54.042	
1081	6.94	54.092	
1082	6.94	54.142	
1083	6.94	54.192	
1084	6.94	54.242	
1085	6.92	54.292	
1086	6.92	54.342	
1087	6.92	54.392	
1088	6.92	54.442	
1089	6.92	54.492	
1090	6.92	54.542	
1091	6.92	54.592	
1092	6.92	54.642	
1093	6.92	54.692	
1094	6.90	54.742	
1095	6.90	54.792	
1096	6.90	54.842	
1097	6.90	54.893	
1098	6.90	54.942	
1099	6.90	54.992	
1100	6.90	55.042	
1101	6.90	55.092	
1102	6.88	55.150	
1103	6.88	55.192	
1104	6.88	55.243	
1105	6.88	55.292	
1106	6.88	55.342	
1107	6.88	55.392	
1108	6.88	55.443	
1109	6.88	55.492	
1110	6.88	55.542	
1111	6.88	55.592	
1112	6.88	55.642	
1113	6.88	55.692	
1114	6.88	55.742	
1115	6.88	55.792	
1116	6.88	55.842	
1117	6.88	55.892	
1118	6.88	55.942	
1119	6.88	55.993	
1120	6.88	56.042	
1121	6.88	56.092	
1122	6.88	56.142	
1123	6.88	56.192	
1124	6.86	56.242	
1125	6.86	56.292	
1126	6.86	56.342	
1127	6.86	56.393	
1128	6.86	56.442	
1129	6.86	56.492	
1130	6.86	56.542	
1131	6.86	56.592	
1132	6.86	56.642	
1133	6.86	56.693	
1134	6.86	56.742	
1135	6.86	56.792	
1136	6.86	56.843	
1137	6.86	56.892	
1138	6.86	56.942	
1139	6.86	56.992	
1140	6.80	57.042	
1141	5.96	57.092	
1142	5.02	57.142	
1143	4.10	57.192	
1144	3.36	57.242	
1145	2.34	57.292	
1146	1.58	57.342	
1147	1.04	57.392	
1148	0.70	57.442	
1149	0.60	57.492	
1150	0.56	57.542	
1151	0.54	57.592	
1152	0.54	57.642	
1153	0.52	57.692	
1154	0.48	57.742	
1155	0.38	57.792	
1156	0.20	57.842	
1157	0.14	57.892	
1158	0.14	57.942	
1159	0.14	57.992	
1160	0.12	58.042	
1161	0.12	58.092	
1162	0.10	58.142	
1163	0.10	58.192	
1164	0.10	58.243	
1165	0.10	58.293	
1166	0.10	58.342	
1167	0.10	58.392	
1168	0.10	58.442	
1169	0.10	58.492	
1170	0.10	58.542	
1171	0.10	58.592	
1172	0.10	58.642	
1173	0.10	58.692	
1174	0.10	58.742	
1175	0.08	58.792	
1176	0.08	58.842	
1177	0.08	58.892	
1178	0.08	58.942	
1179	0.08	58.992	
1180	0.08	59.042	
1181	0.08	59.092	
1182	0.08	59.142	
1183	0.08	59.192	
1184	0.08	59.242	
1185	0.08	59.292	
1186	0.08	59.343	
1187	0.08	59.392	
1188	0.08	59.442	
1189	0.08	59.492	
1190	0.08	59.542	
1191	0.08	59.592	
1192	0.08	59.642	
1193	0.08	59.692	
1194	0.08	59.742	
1195	0.08	59.792	
1196	0.08	59.842	
1197	0.08	59.892	
1198	0.08	59.942	
1199	0.08	59.992	
1200	0.08	60.042	
1201	0.08	60.092	
1202	0.08	60.151	
1203	0.08	60.192	
1204	0.08	60.242	
1205	0.08	60.293	
1206	0.08	60.342	
1207	0.08	60.392	
1208	0.08	60.442	
1209	0.08	60.492	
1210	0.08	60.542	
1211	0.08	60.592	
1212	0.08	60.642	
1213	0.08	60.692	
1214	0.08	60.742	
1215	0.08	60.792	
1216	0.08	60.842	
1217	0.08	60.892	
1218	0.06	60.942	
1219	0.08	60.992	
1220	0.08	61.042	
1221	0.08	61.092	
1222	0.06	61.142	
1223	0.06	61.192	
1224	0.08	61.243	
1225	0.08	61.292	
1226	0.08	61.342	
1227	0.06	61.392	
1228	0.08	61.442	
1229	0.06	61.493	
1230	0.08	61.542	
1231	0.06	61.592	
1232	0.06	61.642	
1233	0.06	61.692	
1234	0.06	61.743	
1235	0.08	61.792	
1236	0.06	61.842	
1237	0.06	61.892	
1238	0.08	61.942	
1239	0.06	61.993	
1240	0.06	62.042	
1241	0.06	62.092	
1242	0.06	62.142	
1243	0.08	62.192	
1244	0.08	62.242	
1245	0.06	62.292	
1246	0.06	62.342	
1247	0.06	62.392	
1248	0.08	62.442	
1249	0.06	62.492	
1250	0.08	62.542	
1251	0.08	62.593	
1252	0.34	62.642	
1253	0.74	62.692	
1254	1.16	62.743	
1255	1.74	62.792	
1256	2.32	62.842	
1257	2.98	62.892	
1258	3.60	62.942	
1259	4.24	62.992	
1260	5.30	63.042	
1261	6.20	63.092	
1262	6.82	63.142	
1263	7.06	63.192	
1264	7.06	63.243	
1265	7.04	63.292	
1266	7.02	63.342	
1267	7.02	63.392	
1268	7.00	63.442	
1269	7.00	63.492	
1270	6.98	63.542	
1271	6.98	63.592	
1272	6.98	63.642	
1273	6.98	63.692	
1274	6.96	63.743	
1275	6.96	63.792	
1276	6.96	63.842	
1277	6.94	63.892	
1278	6.94	63.942	
1279	6.94	63.992	
1280	6.94	64.042	
1281	6.94	64.092	
1282	6.94	64.142	
1283	6.94	64.192	
1284	6.94	64.242	
1285	6.92	64.292	
1286	6.92	64.342	
1287	6.92	64.393	
1288	6.92	64.442	
1289	6.92	64.492	
1290	6.92	64.542	
1291	6.92	64.592	
1292	6.92	64.642	
1293	6.92	64.692	
1294	6.92	64.743	
1295	6.92	64.792	
1296	6.92	64.842	
1297	6.92	64.892	
1298	6.92	64.942	
1299	6.90	64.992	
1300	6.90	65.042	
1301	6.90	65.092	
1302	6.90	65.155	
1303	6.90	65.192	
1304	6.90	65.245	
1305	6.90	65.292	
1306	6.90	65.342	
1307	6.90	65.392	
1308	6.90	65.442	
1309	6.90	65.492	
1310	6.90	65.542	
1311	6.90	65.592	
1312	6.88	65.642	
1313	6.90	65.692	
1314	6.90	65.742	
1315	6.88	65.792	
1316	6.90	65.842	
1317	6.88	65.892	
1318	6.88	65.942	
1319	6.88	65.993	
1320	6.88	66.042	
1321	6.88	66.092	
1322	6.88	66.143	
1323	6.88	66.192	
1324	6.88	66.242	
1325	6.88	66.292	
1326	6.88	66.342	
1327	6.88	66.392	
1328	6.88	66.442	
1329	6.88	66.492	
1330	6.86	66.542	
1331	6.04	66.592	
1332	5.06	66.642	
1333	4.16	66.692	
1334	3.44	66.742	
1335	2.44	66.792	
1336	1.64	66.842	
1337	1.10	66.892	
1338	0.72	66.942	
1339	0.60	66.992	
1340	0.56	67.042	
1341	0.54	67.092	
1342	0.54	67.142	
1343	0.52	67.192	
1344	0.48	67.242	
1345	0.40	67.292	
1346	0.22	67.342	
1347	0.16	67.392	
1348	0.14	67.442	
1349	0.14	67.492	
1350	0.12	67.542	
1351	0.12	67.592	
1352	0.12	67.642	
1353	0.10	67.692	
1354	0.10	67.742	
1355	0.10	67.792	
1356	0.10	67.842	
1357	0.10	67.892	
1358	0.10	67.943	
1359	0.10	67.992	
1360	0.10	68.042	
1361	0.10	68.092	
1362	0.10	68.142	
1363	0.10	68.193	
1364	0.10	68.242	
1365	0.10	68.292	
1366	0.08	68.343	
1367	0.08	68.392	
1368	0.10	68.442	
1369	0.08	68.492	
1370	0.08	68.542	
1371	0.08	68.592	
1372	0.08	68.642	
1373	0.08	68.692	
1374	0.08	68.742	
1375	0.08	68.792	
1376	0.08	68.842	
1377	0.08	68.892	
1378	0.08	68.942	
1379	0.08	68.992	
1380	0.08	69.042	
1381	0.08	69.092	
1382	0.08	69.142	
1383	0.08	69.192	
1384	0.08	69.242	
1385	0.08	69.292	
1386	0.08	69.342	
1387	0.08	69.392	
1388	0.08	69.443	
1389	0.08	69.492	
1390	0.08	69.542	
1391	0.08	69.592	
1392	0.08	69.642	
1393	0.08	69.692	
1394	0.08	69.742	
1395	0.08	69.792	
1396	0.08	69.842	
1397	0.08	69.892	
1398	0.08	69.942	
1399	0.08	69.992	
1400	0.08	70.042	
1401	0.08	70.092	
1402	0.08	70.154	
1403	0.08	70.192	
1404	0.08	70.245	
1405	0.08	70.292	
1406	0.08	70.342	
1407	0.08	70.392	
1408	0.08	70.442	
1409	0.08	70.492	
1410	0.08	70.542	
1411	0.06	70.592	
1412	0.06	70.642	
1413	0.08	70.692	
1414	0.08	70.742	
1415	0.08	70.792	
1416	0.08	70.842	
1417	0.30	70.892	
1418	0.68	70.942	
1419	1.12	70.992	
1420	1.64	71.042	
1421	2.22	71.092	
1422	2.86	71.142	
1423	3.50	71.192	
1424	4.12	71.242	
1425	5.12	71.292	
1426	6.06	71.342	
1427	6.70	71.392	
1428	6.98	71.443	
1429	7.00	71.492	
1430	6.98	71.542	
1431	6.96	71.593	
1432	6.96	71.642	
1433	6.94	71.692	
1434	6.94	71.742	
1435	6.92	71.792	
1436	6.92	71.843	
1437	6.92	71.892	
1438	6.92	71.943	
1439	6.90	71.993	
1440	6.90	72.042	
1441	6.90	72.092	
1442	6.90	72.142	
1443	6.88	72.192	
1444	6.88	72.242	
1445	6.88	72.292	
1446	6.88	72.342	
1447	6.88	72.392	
1448	6.88	72.442	
1449	6.88	72.492	
1450	6.88	72.542	
1451	6.88	72.592	
1452	6.86	72.642	
1453	6.86	72.692	
1454	6.86	72.742	
1455	6.86	72.792	
1456	6.86	72.842	
1457	6.86	72.892	
1458	6.86	72.942	
1459	6.86	72.992	
1460	6.86	73.042	
1461	6.86	73.092	
1462	6.86	73.143	
1463	6.84	73.203	
1464	6.84	73.242	
1465	6.86	73.296	
1466	6.84	73.342	
1467	6.84	73.393	
1468	6.84	73.442	
1469	6.84	73.492	
1470	6.84	73.542	
1471	6.84	73.592	
1472	6.84	73.642	
1473	6.84	73.692	
1474	6.84	73.742	
1475	6.84	73.792	
1476	6.84	73.842	
1477	6.84	73.892	
1478	6.84	73.942	
1479	6.84	73.993	
1480	6.84	74.042	
1481	6.84	74.092	
1482	6.84	74.142	
1483	6.84	74.192	
1484	6.84	74.242	
1485	6.82	74.292	
1486	6.82	74.342	
1487	6.82	74.392	
1488	6.82	74.442	
1489	6.82	74.492	
1490	6.82	74.542	
1491	6.82	74.592	
1492	6.54	74.642	
1493	5.58	74.692	
1494	4.64	74.742	
1495	3.84	74.792	
1496	3.12	74.842	
1497	2.08	74.892	
1498	1.40	74.942	
1499	0.92	74.992	
1500	0.66	75.042	
1501	0.60	75.092	
1502	0.58	75.142	
1503	0.56	75.192	
1504	0.56	75.242	
1505	0.52	75.292	
1506	0.48	75.342	
1507	0.34	75.392	
1508	0.18	75.442	
1509	0.16	75.492	
1510	0.14	75.542	
1511	0.14	75.592	
1512	0.12	75.642	
1513	0.12	75.692	
1514	0.12	75.742	
1515	0.12	75.792	
1516	0.12	75.842	
1517	0.10	75.892	
1518	0.10	75.942	
1519	0.10	75.992	
1520	0.10	76.042	
1521	0.10	76.092	
1522	0.10	76.142	
1523	0.10	76.193	
1524	0.10	76.242	
1525	0.10	76.292	
1526	0.10	76.342	
1527	0.08	76.392	
1528	0.10	76.442	
1529	0.10	76.492	
1530	0.10	76.542	
1531	0.10	76.592	
1532	0.10	76.642	
1533	0.10	76.693	
1534	0.08	76.742	
1535	0.08	76.792	
1536	0.10	76.842	
1537	0.08	76.892	
1538	0.10	76.942	
1539	0.08	76.992	
1540	0.08	77.042	
1541	0.08	77.092	
1542	0.08	77.142	
1543	0.08	77.192	
1544	0.08	77.242	
1545	0.08	77.292	
1546	0.08	77.342	
1547	0.08	77.392	
1548	0.08	77.442	
1549	0.08	77.492	
1550	0.08	77.542	
1551	0.08	77.592	
1552	0.08	77.642	
1553	0.08	77.692	
1554	0.08	77.742	
1555	0.08	77.792	
1556	0.08	77.842	
1557	0.08	77.892	
1558	0.08	77.942	
1559	0.08	77.992	
1560	0.08	78.042	
1561	0.08	78.092	
1562	0.08	78.142	
1563	0.08	78.199	
1564	0.08	78.242	
1565	0.08	78.296	
1566	0.08	78.342	
1567	0.08	78.392	
1568	0.08	78.442	
1569	0.08	78.492	
1570	0.08	78.542	
1571	0.08	78.592	
1572	0.08	78.642	
1573	0.08	78.692	
1574	0.08	78.743	
1575	0.08	78.792	
1576	0.08	78.842	
1577	0.08	78.892	
1578	0.08	78.942	
1579	0.08	78.992	
1580	0.08	79.042	
1581	0.08	79.092	
1582	0.08	79.142	
1583	0.08	79.192	
1584	0.08	79.242	
1585	0.08	79.292	
1586	0.08	79.342	
1587	0.08	79.392	
1588	0.08	79.442	
1589	0.08	79.492	
1590	0.08	79.542	
1591	0.08	79.592	
1592	0.08	79.643	
1593	0.08	79.692	
1594	0.14	79.742	
1595	0.46	79.792	
1596	0.86	79.842	
1597	1.32	79.892	
1598	1.86	79.942	
1599	2.46	79.992	
1600	3.12	80.043	
1601	3.74	80.092	
1602	5.56	80.192	
1603	6.36	80.242	
1604	7.00	80.342	
1605	6.98	80.392	
1606	6.96	80.456	
1607	6.96	80.492	
1608	6.94	80.550	
1609	6.94	80.592	
1610	6.92	80.645	
1611	6.92	80.692	
1612	6.92	80.742	
1613	6.90	80.792	
1614	6.90	80.842	
1615	6.90	80.892	
1616	6.90	80.942	
1617	6.88	80.992	
1618	6.88	81.042	
1619	6.88	81.092	
1620	6.88	81.142	
1621	6.88	81.192	
1622	6.88	81.242	
1623	6.88	81.292	
1624	6.88	81.342	
1625	6.88	81.392	
1626	6.86	81.442	
1627	6.86	81.492	
1628	6.86	81.542	
1629	6.86	81.592	
1630	6.86	81.642	
1631	6.86	81.692	
1632	6.86	81.742	
1633	6.86	81.792	
1634	6.86	81.842	
1635	6.84	81.906	
1636	6.84	81.943	
1637	6.84	82.004	
1638	6.84	82.042	
1639	6.84	82.142	
1640	6.84	82.192	
1641	6.84	82.250	
1642	6.84	82.292	
1643	6.84	82.348	
1644	6.84	82.392	
1645	6.84	82.442	
1646	6.84	82.492	
1647	6.84	82.542	
1648	6.84	82.592	
1649	6.82	82.642	
1650	6.82	82.692	
1651	6.82	82.742	
1652	6.82	82.792	
1653	6.82	82.842	
1654	6.82	82.892	
1655	6.82	82.942	
1656	6.82	82.992	
1657	6.82	83.042	
1658	6.82	83.092	
1659	6.82	83.142	
1660	6.82	83.192	
1661	6.82	83.243	
1662	6.82	83.292	
1663	6.82	83.342	
1664	6.82	83.392	
1665	6.82	83.442	
1666	6.82	83.493	
1667	6.82	83.542	
1668	6.82	83.592	
1669	6.24	83.642	
1670	5.28	83.692	
1671	4.34	83.742	
1672	3.60	83.792	
1673	2.78	83.842	
1674	1.84	83.893	
1675	1.24	83.942	
1676	0.82	83.992	
1677	0.64	84.042	
1678	0.60	84.092	
1679	0.56	84.142	
1680	0.56	84.192	
1681	0.56	84.242	
1682	0.52	84.292	
1683	0.46	84.343	
1684	0.28	84.392	
1685	0.16	84.442	
1686	0.16	84.492	
1687	0.14	84.542	
1688	0.14	84.592	
1689	0.14	84.642	
1690	0.12	84.693	
1691	0.12	84.742	
1692	0.12	84.793	
1693	0.12	84.842	
1694	0.12	84.892	
1695	0.12	84.942	
1696	0.12	84.992	
1697	0.10	85.042	
1698	0.10	85.092	
1699	0.10	85.142	
1700	0.10	85.192	
1701	0.10	85.242	
1702	0.10	85.292	
1703	0.10	85.342	
1704	0.10	85.392	
1705	0.10	85.442	
1706	0.10	85.493	
1707	0.10	85.542	
1708	0.10	85.592	
1709	0.10	85.642	
1710	0.10	85.692	
1711	0.10	85.743	
1712	0.10	85.793	
1713	0.10	85.842	
1714	0.10	85.892	
