7/24/2024  3:31 PM
Units: N
Readings: Continuous
X-Axis: Time

Reading	Load	Time	
1	0.02	0.000	
2	0.02	0.100	
3	0.02	0.150	
4	0.02	0.200	
5	0.02	0.251	
6	0.02	0.300	
7	0.02	0.350	
8	0.02	0.401	
9	0.02	0.450	
10	0.02	0.500	
11	0.02	0.551	
12	0.02	0.601	
13	0.02	0.650	
14	0.02	0.700	
15	0.02	0.750	
16	0.02	0.800	
17	0.02	0.850	
18	0.02	0.901	
19	0.02	0.950	
20	0.02	1.001	
21	0.02	1.050	
22	0.02	1.100	
23	0.02	1.150	
24	0.02	1.200	
25	0.02	1.250	
26	0.02	1.300	
27	0.02	1.350	
28	0.02	1.400	
29	0.02	1.451	
30	0.02	1.500	
31	0.02	1.550	
32	0.02	1.600	
33	0.02	1.650	
34	0.02	1.701	
35	0.02	1.750	
36	0.02	1.800	
37	0.02	1.850	
38	0.02	1.900	
39	0.02	1.951	
40	0.02	2.000	
41	0.02	2.050	
42	0.02	2.100	
43	0.02	2.150	
44	0.02	2.200	
45	0.04	2.251	
46	0.02	2.300	
47	0.02	2.350	
48	0.02	2.400	
49	0.02	2.450	
50	0.02	2.500	
51	0.04	2.550	
52	0.02	2.600	
53	0.02	2.651	
54	0.02	2.700	
55	0.02	2.750	
56	0.04	2.801	
57	0.02	2.850	
58	0.04	2.900	
59	0.04	2.950	
60	0.04	3.000	
61	0.04	3.051	
62	0.04	3.100	
63	0.04	3.150	
64	0.04	3.200	
65	0.02	3.250	
66	0.04	3.300	
67	0.04	3.350	
68	0.04	3.400	
69	0.04	3.451	
70	0.02	3.500	
71	0.04	3.550	
72	0.04	3.601	
73	0.04	3.650	
74	0.04	3.700	
75	0.04	3.750	
76	0.04	3.800	
77	0.04	3.851	
78	0.04	3.900	
79	0.04	3.950	
80	0.04	4.001	
81	0.04	4.050	
82	0.04	4.100	
83	0.04	4.151	
84	0.04	4.200	
85	0.04	4.250	
86	0.04	4.301	
87	0.04	4.350	
88	0.04	4.400	
89	0.04	4.451	
90	0.04	4.500	
91	0.04	4.551	
92	0.04	4.600	
93	0.04	4.650	
94	0.04	4.700	
95	0.04	4.751	
96	0.04	4.800	
97	0.04	4.850	
98	0.04	4.901	
99	0.04	4.950	
100	0.04	5.000	
101	0.04	5.050	
102	0.04	5.101	
103	0.04	5.150	
104	0.04	5.200	
105	0.04	5.250	
106	0.04	5.300	
107	0.04	5.351	
108	0.04	5.400	
109	0.04	5.450	
110	0.06	5.500	
111	0.08	5.550	
112	0.14	5.600	
113	0.16	5.650	
114	0.18	5.700	
115	0.22	5.751	
116	0.44	5.800	
117	0.76	5.850	
118	1.02	5.900	
119	1.36	5.950	
120	1.84	6.000	
121	2.40	6.050	
122	2.98	6.100	
123	3.60	6.150	
124	4.82	6.200	
125	6.18	6.250	
126	7.08	6.300	
127	7.90	6.350	
128	8.46	6.400	
129	8.62	6.450	
130	8.62	6.500	
131	8.60	6.551	
132	8.58	6.600	
133	8.56	6.650	
134	8.54	6.701	
135	8.54	6.751	
136	8.54	6.800	
137	8.52	6.850	
138	8.52	6.900	
139	8.50	6.950	
140	8.50	7.000	
141	8.50	7.051	
142	8.48	7.101	
143	8.48	7.150	
144	8.48	7.200	
145	8.48	7.250	
146	8.48	7.300	
147	8.46	7.350	
148	8.46	7.400	
149	8.46	7.450	
150	8.46	7.500	
151	8.46	7.550	
152	8.46	7.601	
153	8.44	7.650	
154	8.44	7.701	
155	8.44	7.750	
156	8.44	7.800	
157	8.44	7.851	
158	8.44	7.900	
159	8.44	7.950	
160	8.44	8.000	
161	8.44	8.050	
162	8.44	8.100	
163	8.42	8.150	
164	8.42	8.200	
165	8.42	8.250	
166	8.42	8.301	
167	8.42	8.350	
168	8.42	8.401	
169	8.42	8.450	
170	8.42	8.500	
171	8.42	8.550	
172	8.42	8.600	
173	8.40	8.650	
174	8.40	8.700	
175	8.40	8.750	
176	8.40	8.800	
177	8.40	8.851	
178	8.40	8.900	
179	8.40	8.950	
180	8.40	9.000	
181	8.40	9.051	
182	8.40	9.100	
183	8.40	9.150	
184	8.40	9.200	
185	8.36	9.250	
186	7.64	9.300	
187	6.52	9.350	
188	5.52	9.401	
189	4.36	9.450	
190	3.32	9.500	
191	2.48	9.550	
192	1.76	9.600	
193	1.20	9.651	
194	0.78	9.700	
195	0.56	9.750	
196	0.52	9.800	
197	0.50	9.850	
198	0.50	9.900	
199	0.48	9.950	
200	0.46	10.000	
201	0.40	10.050	
202	0.28	10.100	
203	0.28	10.150	
204	0.28	10.200	
205	0.26	10.250	
206	0.26	10.300	
207	0.26	10.351	
208	0.26	10.400	
209	0.24	10.450	
210	0.24	10.500	
211	0.24	10.550	
212	0.24	10.600	
213	0.24	10.650	
214	0.24	10.701	
215	0.24	10.750	
216	0.24	10.800	
217	0.24	10.850	
218	0.24	10.900	
219	0.24	10.950	
220	0.24	11.000	
221	0.24	11.051	
222	0.24	11.100	
223	0.24	11.150	
224	0.22	11.201	
225	0.24	11.250	
226	0.24	11.300	
227	0.24	11.350	
228	0.24	11.400	
229	0.24	11.450	
230	0.24	11.501	
231	0.24	11.550	
232	0.24	11.600	
233	0.24	11.650	
234	0.22	11.700	
235	0.22	11.750	
236	0.22	11.800	
237	0.22	11.850	
238	0.22	11.900	
239	0.22	11.950	
240	0.22	12.000	
241	0.22	12.050	
242	0.22	12.100	
243	0.22	12.150	
244	0.22	12.200	
245	0.22	12.250	
246	0.22	12.300	
247	0.22	12.350	
248	0.22	12.400	
249	0.22	12.450	
250	0.22	12.501	
251	0.22	12.551	
252	0.22	12.601	
253	0.22	12.650	
254	0.22	12.701	
255	0.22	12.750	
256	0.22	12.800	
257	0.22	12.850	
258	0.22	12.901	
259	0.22	12.950	
260	0.22	13.000	
261	0.22	13.050	
262	0.22	13.100	
263	0.22	13.150	
264	0.22	13.200	
265	0.22	13.250	
266	0.22	13.300	
267	0.22	13.350	
268	0.22	13.400	
269	0.22	13.450	
270	0.22	13.500	
271	0.22	13.551	
272	0.22	13.600	
273	0.22	13.650	
274	0.22	13.700	
275	0.22	13.750	
276	0.22	13.800	
277	0.22	13.850	
278	0.22	13.900	
279	0.22	13.950	
280	0.22	14.000	
281	0.22	14.050	
282	0.22	14.100	
283	0.22	14.153	
284	0.22	14.200	
285	0.22	14.250	
286	0.22	14.300	
287	0.22	14.350	
288	0.22	14.400	
289	0.22	14.450	
290	0.22	14.501	
291	0.22	14.550	
292	0.22	14.600	
293	0.22	14.650	
294	0.22	14.701	
295	0.24	14.750	
296	0.26	14.800	
297	0.30	14.850	
298	0.32	14.900	
299	0.36	14.951	
300	0.58	15.001	
301	0.88	15.050	
302	1.20	15.100	
303	1.52	15.150	
304	1.98	15.200	
305	2.48	15.251	
306	3.10	15.300	
307	3.66	15.351	
308	4.82	15.400	
309	6.04	15.450	
310	6.88	15.500	
311	7.56	15.550	
312	8.02	15.600	
313	8.14	15.650	
314	8.12	15.701	
315	8.10	15.750	
316	8.10	15.800	
317	8.08	15.850	
318	8.06	15.900	
319	8.06	15.950	
320	8.04	16.000	
321	8.04	16.050	
322	8.04	16.100	
323	8.04	16.150	
324	8.02	16.200	
325	8.02	16.250	
326	8.02	16.300	
327	8.00	16.351	
328	8.00	16.400	
329	8.00	16.450	
330	8.00	16.501	
331	8.00	16.550	
332	7.98	16.600	
333	7.98	16.650	
334	7.98	16.700	
335	7.98	16.750	
336	7.98	16.800	
337	7.98	16.851	
338	7.98	16.900	
339	7.98	16.950	
340	7.98	17.000	
341	7.96	17.050	
342	7.96	17.101	
343	7.96	17.150	
344	7.96	17.201	
345	7.96	17.250	
346	7.96	17.300	
347	7.96	17.351	
348	7.96	17.400	
349	7.96	17.450	
350	7.96	17.500	
351	7.96	17.550	
352	7.96	17.600	
353	7.94	17.650	
354	7.94	17.700	
355	7.94	17.751	
356	7.94	17.800	
357	7.94	17.851	
358	7.94	17.900	
359	7.94	17.950	
360	7.94	18.000	
361	7.94	18.050	
362	7.94	18.101	
363	7.94	18.150	
364	7.94	18.201	
365	7.94	18.250	
366	7.94	18.300	
367	7.92	18.351	
368	7.92	18.400	
369	7.92	18.450	
370	7.94	18.500	
371	7.94	18.550	
372	7.44	18.601	
373	6.36	18.650	
374	5.40	18.700	
375	4.50	18.750	
376	3.38	18.800	
377	2.54	18.850	
378	1.76	18.900	
379	1.26	18.950	
380	0.86	19.001	
381	0.58	19.050	
382	0.54	19.100	
383	0.52	19.150	
384	0.52	19.200	
385	0.50	19.250	
386	0.46	19.300	
387	0.42	19.350	
388	0.32	19.400	
389	0.28	19.450	
390	0.30	19.500	
391	0.28	19.550	
392	0.26	19.600	
393	0.26	19.650	
394	0.26	19.700	
395	0.26	19.750	
396	0.24	19.800	
397	0.24	19.850	
398	0.24	19.900	
399	0.24	19.950	
400	0.24	20.000	
401	0.24	20.050	
402	0.24	20.100	
403	0.24	20.150	
404	0.24	20.200	
405	0.24	20.250	
406	0.24	20.300	
407	0.24	20.350	
408	0.24	20.400	
409	0.24	20.450	
410	0.24	20.500	
411	0.24	20.550	
412	0.24	20.600	
413	0.24	20.650	
414	0.24	20.700	
415	0.24	20.750	
416	0.22	20.801	
417	0.22	20.850	
418	0.22	20.900	
419	0.24	20.950	
420	0.22	21.000	
421	0.22	21.050	
422	0.22	21.100	
423	0.22	21.150	
424	0.22	21.200	
425	0.22	21.250	
426	0.22	21.300	
427	0.22	21.350	
428	0.22	21.400	
429	0.22	21.450	
430	0.22	21.500	
431	0.22	21.550	
432	0.22	21.600	
433	0.22	21.650	
434	0.22	21.700	
435	0.22	21.750	
436	0.22	21.800	
437	0.22	21.851	
438	0.22	21.900	
439	0.22	21.951	
440	0.22	22.000	
441	0.22	22.050	
442	0.22	22.100	
443	0.22	22.158	
444	0.22	22.201	
445	0.22	22.250	
446	0.22	22.300	
447	0.22	22.350	
448	0.22	22.400	
449	0.22	22.450	
450	0.22	22.500	
451	0.22	22.551	
452	0.22	22.600	
453	0.22	22.651	
454	0.22	22.700	
455	0.22	22.750	
456	0.22	22.800	
457	0.22	22.850	
458	0.22	22.900	
459	0.22	22.950	
460	0.22	23.000	
461	0.22	23.050	
462	0.22	23.100	
463	0.22	23.150	
464	0.22	23.200	
465	0.22	23.251	
466	0.22	23.300	
467	0.22	23.350	
468	0.22	23.401	
469	0.22	23.450	
470	0.26	23.500	
471	0.28	23.550	
472	0.32	23.600	
473	0.32	23.651	
474	0.50	23.700	
475	0.80	23.750	
476	1.12	23.800	
477	1.42	23.851	
478	1.84	23.900	
479	2.34	23.950	
480	2.92	24.000	
481	3.52	24.051	
482	4.38	24.100	
483	6.34	24.150	
484	6.64	24.200	
485	7.24	24.250	
486	7.78	24.300	
487	7.92	24.350	
488	7.92	24.400	
489	7.90	24.450	
490	7.90	24.500	
491	7.88	24.550	
492	7.86	24.600	
493	7.86	24.650	
494	7.84	24.700	
495	7.84	24.750	
496	7.84	24.800	
497	7.82	24.850	
498	7.82	24.900	
499	7.82	24.950	
500	7.82	25.000	
501	7.80	25.050	
502	7.80	25.100	
503	7.80	25.150	
504	7.80	25.200	
505	7.80	25.250	
506	7.78	25.300	
507	7.78	25.350	
508	7.78	25.400	
509	7.78	25.450	
510	7.78	25.500	
511	7.78	25.550	
512	7.78	25.600	
513	7.78	25.650	
514	7.78	25.700	
515	7.78	25.750	
516	7.76	25.800	
517	7.76	25.850	
518	7.76	25.900	
519	7.76	25.950	
520	7.76	26.000	
521	7.76	26.050	
522	7.76	26.100	
523	7.76	26.162	
524	7.76	26.200	
525	7.76	26.250	
526	7.74	26.300	
527	7.74	26.350	
528	7.76	26.400	
529	7.74	26.450	
530	7.74	26.500	
531	7.74	26.550	
532	7.74	26.600	
533	7.74	26.650	
534	7.74	26.700	
535	7.74	26.750	
536	7.74	26.800	
537	7.74	26.850	
538	7.74	26.900	
539	7.74	26.950	
540	7.74	27.000	
541	7.72	27.050	
542	7.72	27.100	
543	7.72	27.150	
544	7.66	27.200	
545	6.86	27.250	
546	5.82	27.300	
547	4.90	27.350	
548	4.04	27.400	
549	3.00	27.450	
550	2.14	27.500	
551	1.50	27.550	
552	1.06	27.600	
553	0.68	27.650	
554	0.56	27.700	
555	0.54	27.751	
556	0.52	27.800	
557	0.50	27.850	
558	0.50	27.900	
559	0.44	27.950	
560	0.40	28.000	
561	0.30	28.050	
562	0.28	28.100	
563	0.28	28.153	
564	0.28	28.200	
565	0.26	28.250	
566	0.26	28.300	
567	0.26	28.350	
568	0.26	28.400	
569	0.26	28.450	
570	0.24	28.500	
571	0.24	28.550	
572	0.26	28.600	
573	0.26	28.650	
574	0.24	28.700	
575	0.24	28.751	
576	0.24	28.800	
577	0.24	28.850	
578	0.24	28.900	
579	0.24	28.950	
580	0.24	29.000	
581	0.24	29.050	
582	0.24	29.101	
583	0.24	29.150	
584	0.24	29.200	
585	0.24	29.250	
586	0.24	29.300	
587	0.24	29.350	
588	0.24	29.400	
589	0.24	29.450	
590	0.24	29.501	
591	0.24	29.550	
592	0.24	29.600	
593	0.24	29.650	
594	0.24	29.700	
595	0.24	29.750	
596	0.24	29.800	
597	0.24	29.850	
598	0.24	29.901	
599	0.24	29.950	
600	0.24	30.000	
601	0.24	30.050	
602	0.24	30.100	
603	0.24	30.150	
604	0.24	30.200	
605	0.24	30.250	
606	0.24	30.300	
607	0.24	30.350	
608	0.24	30.400	
609	0.22	30.451	
610	0.24	30.500	
611	0.22	30.550	
612	0.24	30.600	
613	0.24	30.650	
614	0.24	30.700	
615	0.24	30.751	
616	0.22	30.800	
617	0.24	30.850	
618	0.22	30.900	
619	0.22	30.950	
620	0.22	31.000	
621	0.24	31.050	
622	0.24	31.100	
623	0.22	31.150	
624	0.22	31.200	
625	0.24	31.250	
626	0.24	31.300	
627	0.22	31.350	
628	0.22	31.400	
629	0.22	31.450	
630	0.22	31.500	
631	0.22	31.550	
632	0.22	31.600	
633	0.22	31.650	
634	0.22	31.700	
635	0.22	31.750	
636	0.22	31.800	
637	0.22	31.850	
638	0.22	31.900	
639	0.22	31.950	
640	0.22	32.000	
641	0.22	32.050	
642	0.24	32.101	
643	0.22	32.150	
644	0.22	32.200	
645	0.24	32.250	
646	0.22	32.300	
647	0.22	32.350	
648	0.22	32.400	
649	0.24	32.450	
650	0.22	32.501	
651	0.22	32.550	
652	0.26	32.601	
653	0.28	32.650	
654	0.32	32.700	
655	0.34	32.751	
656	0.56	32.801	
657	0.86	32.850	
658	1.16	32.900	
659	1.50	32.950	
660	1.94	33.000	
661	2.46	33.050	
662	3.04	33.100	
663	3.62	33.150	
664	4.68	33.200	
665	5.82	33.250	
666	6.70	33.300	
667	7.34	33.350	
668	7.78	33.400	
669	7.86	33.450	
670	7.84	33.500	
671	7.84	33.550	
672	7.82	33.600	
673	7.80	33.650	
674	7.80	33.700	
675	7.78	33.750	
676	7.78	33.800	
677	7.78	33.850	
678	7.76	33.900	
679	7.76	33.950	
680	7.76	34.000	
681	7.76	34.050	
682	7.74	34.100	
683	7.74	34.150	
684	7.74	34.201	
685	7.72	34.250	
686	7.72	34.300	
687	7.72	34.350	
688	7.72	34.400	
689	7.72	34.450	
690	7.72	34.500	
691	7.72	34.550	
692	7.70	34.600	
693	7.70	34.650	
694	7.70	34.700	
695	7.70	34.750	
696	7.70	34.800	
697	7.70	34.850	
698	7.70	34.900	
699	7.70	34.950	
700	7.70	35.000	
701	7.70	35.050	
702	7.70	35.100	
703	7.70	35.150	
704	7.70	35.200	
705	7.68	35.250	
706	7.68	35.300	
707	7.68	35.350	
708	7.68	35.400	
709	7.68	35.450	
710	7.68	35.500	
711	7.68	35.550	
712	7.68	35.600	
713	7.68	35.650	
714	7.68	35.700	
715	7.68	35.750	
716	7.68	35.800	
717	7.68	35.850	
718	7.68	35.900	
719	7.66	35.950	
720	7.66	36.000	
721	7.66	36.051	
722	7.66	36.100	
723	7.66	36.150	
724	7.66	36.201	
725	7.66	36.250	
726	7.66	36.301	
727	7.48	36.350	
728	6.62	36.400	
729	5.60	36.450	
730	4.70	36.500	
731	3.76	36.550	
732	2.82	36.600	
733	1.98	36.650	
734	1.40	36.700	
735	0.98	36.750	
736	0.62	36.800	
737	0.54	36.850	
738	0.54	36.900	
739	0.52	36.950	
740	0.50	37.000	
741	0.48	37.050	
742	0.42	37.100	
743	0.36	37.150	
744	0.30	37.200	
745	0.28	37.250	
746	0.28	37.300	
747	0.28	37.350	
748	0.28	37.400	
749	0.26	37.450	
750	0.26	37.500	
751	0.26	37.550	
752	0.26	37.600	
753	0.26	37.650	
754	0.26	37.700	
755	0.24	37.750	
756	0.24	37.800	
757	0.26	37.850	
758	0.24	37.900	
759	0.24	37.950	
760	0.24	38.000	
761	0.24	38.051	
762	0.24	38.100	
763	0.24	38.150	
764	0.24	38.201	
765	0.24	38.250	
766	0.24	38.300	
767	0.24	38.350	
768	0.24	38.400	
769	0.24	38.450	
770	0.24	38.500	
771	0.24	38.550	
772	0.24	38.600	
773	0.24	38.650	
774	0.24	38.700	
775	0.24	38.750	
776	0.24	38.800	
777	0.24	38.851	
778	0.24	38.900	
779	0.24	38.950	
780	0.24	39.000	
781	0.24	39.050	
782	0.24	39.100	
783	0.24	39.150	
784	0.24	39.200	
785	0.24	39.250	
786	0.24	39.300	
787	0.24	39.350	
788	0.24	39.400	
789	0.24	39.450	
790	0.24	39.500	
791	0.24	39.550	
792	0.24	39.600	
793	0.24	39.650	
794	0.24	39.701	
795	0.24	39.750	
796	0.24	39.800	
797	0.24	39.850	
798	0.24	39.900	
799	0.24	39.950	
800	0.24	40.000	
801	0.24	40.050	
802	0.24	40.100	
803	0.22	40.152	
804	0.22	40.200	
805	0.24	40.251	
806	0.24	40.300	
807	0.24	40.350	
808	0.22	40.400	
809	0.24	40.450	
810	0.22	40.500	
811	0.24	40.550	
812	0.24	40.600	
813	0.24	40.650	
814	0.24	40.700	
815	0.24	40.750	
816	0.24	40.800	
817	0.24	40.850	
818	0.24	40.900	
819	0.24	40.950	
820	0.24	41.000	
821	0.22	41.050	
822	0.22	41.100	
823	0.24	41.150	
824	0.24	41.200	
825	0.24	41.250	
826	0.24	41.300	
827	0.22	41.351	
828	0.22	41.400	
829	0.22	41.450	
830	0.22	41.500	
831	0.22	41.550	
832	0.22	41.600	
833	0.22	41.650	
834	0.22	41.700	
835	0.22	41.750	
836	0.24	41.800	
837	0.22	41.850	
838	0.22	41.901	
839	0.22	41.950	
840	0.22	42.000	
841	0.22	42.050	
842	0.22	42.100	
843	0.22	42.150	
844	0.22	42.200	
845	0.22	42.250	
846	0.24	42.300	
847	0.26	42.350	
848	0.30	42.400	
849	0.32	42.450	
850	0.44	42.500	
851	0.72	42.550	
852	1.02	42.600	
853	1.34	42.650	
854	1.72	42.700	
855	2.20	42.750	
856	2.78	42.801	
857	3.34	42.850	
858	4.02	42.900	
859	5.26	42.950	
860	6.40	43.000	
861	7.10	43.050	
862	7.78	43.100	
863	8.10	43.150	
864	8.14	43.200	
865	8.12	43.250	
866	8.10	43.300	
867	8.08	43.350	
868	8.08	43.401	
869	8.06	43.450	
870	8.04	43.504	
871	8.04	43.550	
872	8.04	43.600	
873	8.04	43.650	
874	8.04	43.700	
875	8.02	43.750	
876	8.02	43.800	
877	8.02	43.850	
878	8.02	43.900	
879	8.00	43.950	
880	8.00	44.001	
881	8.00	44.050	
882	8.00	44.101	
883	8.00	44.150	
884	7.98	44.200	
885	7.98	44.250	
886	7.98	44.300	
887	7.98	44.350	
888	7.98	44.400	
889	7.98	44.450	
890	7.98	44.500	
891	7.98	44.550	
892	7.98	44.601	
893	7.96	44.650	
894	7.98	44.700	
895	7.96	44.750	
896	7.96	44.800	
897	7.96	44.850	
898	7.96	44.901	
899	7.96	44.950	
900	7.96	45.000	
901	7.96	45.050	
902	7.96	45.100	
903	7.96	45.153	
904	7.94	45.200	
905	7.94	45.250	
906	7.94	45.300	
907	7.94	45.350	
908	7.94	45.401	
909	7.94	45.450	
910	7.94	45.501	
911	7.94	45.550	
912	7.94	45.600	
913	7.94	45.650	
914	7.94	45.700	
915	7.94	45.750	
916	7.94	45.800	
917	7.94	45.850	
918	7.94	45.901	
919	7.94	45.950	
920	7.94	46.001	
921	7.92	46.050	
922	7.92	46.100	
923	7.92	46.150	
924	7.92	46.200	
925	7.92	46.251	
926	7.92	46.300	
927	7.92	46.350	
928	7.92	46.400	
929	7.92	46.450	
930	7.88	46.500	
931	7.10	46.551	
932	6.04	46.600	
933	5.16	46.650	
934	4.24	46.700	
935	3.16	46.750	
936	2.30	46.800	
937	1.60	46.850	
938	1.14	46.901	
939	0.74	46.950	
940	0.56	47.000	
941	0.54	47.050	
942	0.52	47.100	
943	0.52	47.150	
944	0.50	47.200	
945	0.44	47.250	
946	0.40	47.300	
947	0.32	47.350	
948	0.30	47.400	
949	0.30	47.450	
950	0.28	47.500	
951	0.28	47.551	
952	0.26	47.600	
953	0.26	47.650	
954	0.26	47.700	
955	0.26	47.751	
956	0.26	47.800	
957	0.26	47.850	
958	0.26	47.900	
959	0.26	47.950	
960	0.26	48.000	
961	0.26	48.050	
962	0.24	48.100	
963	0.26	48.150	
964	0.24	48.200	
965	0.24	48.250	
966	0.24	48.301	
967	0.24	48.350	
968	0.24	48.400	
969	0.24	48.450	
970	0.24	48.500	
971	0.24	48.550	
972	0.24	48.600	
973	0.24	48.650	
974	0.24	48.700	
975	0.24	48.750	
976	0.24	48.801	
977	0.24	48.850	
978	0.24	48.900	
979	0.24	48.950	
980	0.24	49.000	
981	0.24	49.051	
982	0.24	49.100	
983	0.24	49.150	
984	0.24	49.201	
985	0.24	49.250	
986	0.24	49.300	
987	0.24	49.350	
988	0.24	49.400	
989	0.24	49.450	
990	0.24	49.500	
991	0.24	49.550	
992	0.24	49.600	
993	0.24	49.650	
994	0.24	49.700	
995	0.24	49.750	
996	0.24	49.800	
997	0.24	49.850	
998	0.24	49.900	
999	0.24	49.950	
1000	0.24	50.000	
1001	0.24	50.050	
1002	0.24	50.100	
1003	0.24	50.155	
1004	0.24	50.200	
1005	0.24	50.250	
1006	0.24	50.300	
1007	0.24	50.350	
1008	0.24	50.400	
1009	0.24	50.450	
1010	0.24	50.500	
1011	0.24	50.550	
1012	0.24	50.600	
1013	0.24	50.650	
1014	0.24	50.701	
1015	0.24	50.750	
1016	0.24	50.800	
1017	0.24	50.850	
1018	0.24	50.900	
1019	0.24	50.950	
1020	0.24	51.000	
1021	0.24	51.050	
1022	0.24	51.100	
1023	0.24	51.150	
1024	0.24	51.200	
1025	0.24	51.250	
1026	0.24	51.300	
1027	0.24	51.350	
1028	0.24	51.400	
1029	0.24	51.450	
1030	0.24	51.500	
1031	0.24	51.550	
1032	0.24	51.600	
1033	0.24	51.650	
1034	0.24	51.701	
1035	0.24	51.750	
1036	0.24	51.800	
1037	0.22	51.850	
1038	0.24	51.901	
1039	0.24	51.950	
1040	0.24	52.000	
1041	0.24	52.051	
1042	0.24	52.100	
1043	0.24	52.150	
1044	0.24	52.200	
1045	0.22	52.250	
1046	0.24	52.300	
1047	0.24	52.351	
1048	0.24	52.400	
1049	0.24	52.450	
1050	0.28	52.500	
1051	0.32	52.550	
1052	0.34	52.600	
1053	0.44	52.650	
1054	0.74	52.700	
1055	1.02	52.750	
1056	1.36	52.800	
1057	1.72	52.850	
1058	2.20	52.900	
1059	2.76	52.950	
1060	3.34	53.001	
1061	4.02	53.050	
1062	5.22	53.100	
1063	6.34	53.151	
1064	7.00	53.201	
1065	7.58	53.250	
1066	7.84	53.300	
1067	7.84	53.350	
1068	7.82	53.400	
1069	7.80	53.451	
1070	7.80	53.500	
1071	7.78	53.551	
1072	7.78	53.600	
1073	7.76	53.650	
1074	7.76	53.705	
1075	7.76	53.750	
1076	7.74	53.800	
1077	7.74	53.851	
1078	7.74	53.900	
1079	7.74	53.950	
1080	7.72	54.000	
1081	7.72	54.050	
1082	7.72	54.101	
1083	7.72	54.150	
1084	7.70	54.200	
1085	7.70	54.250	
1086	7.70	54.300	
1087	7.70	54.352	
1088	7.70	54.400	
1089	7.70	54.450	
1090	7.70	54.500	
1091	7.70	54.550	
1092	7.70	54.600	
1093	7.70	54.650	
1094	7.70	54.700	
1095	7.68	54.750	
1096	7.68	54.800	
1097	7.68	54.850	
1098	7.68	54.900	
1099	7.68	54.950	
1100	7.68	55.000	
1101	7.68	55.050	
1102	7.68	55.100	
1103	7.68	55.160	
1104	7.68	55.200	
1105	7.66	55.250	
1106	7.66	55.300	
1107	7.66	55.350	
1108	7.66	55.400	
1109	7.66	55.450	
1110	7.66	55.504	
1111	7.66	55.551	
1112	7.66	55.600	
1113	7.66	55.651	
1114	7.66	55.700	
1115	7.66	55.750	
1116	7.66	55.800	
1117	7.66	55.850	
1118	7.66	55.900	
1119	7.64	55.950	
1120	7.58	56.000	
1121	6.78	56.050	
1122	5.78	56.100	
1123	4.88	56.150	
1124	4.04	56.200	
1125	3.00	56.250	
1126	2.14	56.300	
1127	1.50	56.350	
1128	1.08	56.400	
1129	0.70	56.450	
1130	0.58	56.500	
1131	0.56	56.550	
1132	0.54	56.601	
1133	0.52	56.650	
1134	0.50	56.700	
1135	0.46	56.750	
1136	0.40	56.800	
1137	0.32	56.850	
1138	0.30	56.900	
1139	0.30	56.950	
1140	0.28	57.000	
1141	0.28	57.050	
1142	0.28	57.100	
1143	0.28	57.150	
1144	0.26	57.200	
1145	0.26	57.250	
1146	0.26	57.300	
1147	0.26	57.350	
1148	0.26	57.400	
1149	0.26	57.450	
1150	0.26	57.500	
1151	0.26	57.550	
1152	0.26	57.600	
1153	0.26	57.650	
1154	0.26	57.700	
1155	0.26	57.750	
1156	0.26	57.800	
1157	0.26	57.850	
1158	0.26	57.900	
1159	0.26	57.951	
1160	0.26	58.000	
1161	0.26	58.051	
1162	0.26	58.100	
1163	0.26	58.150	
1164	0.26	58.200	
1165	0.26	58.250	
1166	0.26	58.300	
1167	0.26	58.350	
1168	0.26	58.400	
1169	0.26	58.450	
1170	0.24	58.506	
1171	0.26	58.550	
1172	0.24	58.600	
1173	0.26	58.650	
1174	0.24	58.700	
1175	0.24	58.750	
1176	0.24	58.800	
1177	0.24	58.850	
1178	0.24	58.901	
1179	0.24	58.950	
1180	0.24	59.000	
1181	0.24	59.050	
1182	0.24	59.100	
1183	0.24	59.151	
1184	0.24	59.200	
1185	0.24	59.250	
1186	0.24	59.300	
1187	0.24	59.350	
1188	0.24	59.400	
1189	0.24	59.450	
1190	0.24	59.500	
1191	0.24	59.550	
1192	0.24	59.600	
1193	0.24	59.650	
1194	0.24	59.700	
1195	0.24	59.750	
1196	0.24	59.800	
1197	0.24	59.851	
1198	0.24	59.900	
1199	0.24	59.950	
1200	0.24	60.000	
1201	0.24	60.050	
1202	0.24	60.100	
1203	0.24	60.159	
1204	0.24	60.200	
1205	0.24	60.250	
1206	0.24	60.300	
1207	0.24	60.350	
1208	0.24	60.400	
1209	0.24	60.450	
1210	0.24	60.501	
1211	0.24	60.551	
1212	0.24	60.600	
1213	0.24	60.650	
1214	0.24	60.700	
1215	0.24	60.750	
1216	0.24	60.800	
1217	0.24	60.850	
1218	0.24	60.900	
1219	0.24	60.950	
1220	0.24	61.000	
1221	0.24	61.050	
1222	0.24	61.100	
1223	0.24	61.150	
1224	0.24	61.200	
1225	0.24	61.250	
1226	0.24	61.300	
1227	0.26	61.350	
1228	0.28	61.400	
1229	0.32	61.450	
1230	0.34	61.500	
1231	0.48	61.550	
1232	0.78	61.601	
1233	1.06	61.650	
1234	1.38	61.700	
1235	1.76	61.750	
1236	2.24	61.800	
1237	2.82	61.850	
1238	3.38	61.900	
1239	4.10	61.950	
1240	5.28	62.001	
1241	6.32	62.050	
1242	6.90	62.100	
1243	7.44	62.150	
1244	7.64	62.200	
1245	7.64	62.250	
1246	7.62	62.300	
1247	7.62	62.351	
1248	7.60	62.400	
1249	7.58	62.450	
1250	7.58	62.500	
1251	7.56	62.550	
1252	7.56	62.600	
1253	7.56	62.650	
1254	7.56	62.701	
1255	7.54	62.750	
1256	7.54	62.801	
1257	7.54	62.850	
1258	7.54	62.900	
1259	7.54	62.951	
1260	7.52	63.000	
1261	7.52	63.050	
1262	7.52	63.100	
1263	7.52	63.150	
1264	7.50	63.200	
1265	7.50	63.250	
1266	7.50	63.300	
1267	7.50	63.350	
1268	7.50	63.400	
1269	7.50	63.450	
1270	7.50	63.500	
1271	7.50	63.550	
1272	7.50	63.600	
1273	7.50	63.650	
1274	7.50	63.700	
1275	7.50	63.750	
1276	7.50	63.800	
1277	7.48	63.850	
1278	7.48	63.900	
1279	7.48	63.950	
1280	7.48	64.001	
1281	7.48	64.050	
1282	7.48	64.100	
1283	7.48	64.150	
1284	7.48	64.200	
1285	7.48	64.250	
1286	7.48	64.300	
1287	7.48	64.358	
1288	7.46	64.400	
1289	7.46	64.450	
1290	7.46	64.500	
1291	7.46	64.550	
1292	7.46	64.600	
1293	7.46	64.650	
1294	7.46	64.700	
1295	7.46	64.751	
1296	7.46	64.800	
1297	7.46	64.850	
1298	7.46	64.900	
1299	7.46	64.950	
1300	7.46	65.001	
1301	7.46	65.050	
1302	7.46	65.112	
1303	7.48	65.150	
1304	6.68	65.201	
1305	6.32	65.250	
1306	5.38	65.300	
1307	4.48	65.350	
1308	3.62	65.400	
1309	2.68	65.450	
1310	1.86	65.500	
1311	1.32	65.550	
1312	0.90	65.600	
1313	0.62	65.650	
1314	0.56	65.700	
1315	0.54	65.750	
1316	0.54	65.800	
1317	0.52	65.850	
1318	0.48	65.900	
1319	0.46	65.950	
1320	0.36	66.000	
1321	0.30	66.050	
1322	0.30	66.100	
1323	0.32	66.150	
1324	0.30	66.200	
1325	0.28	66.250	
1326	0.28	66.300	
1327	0.28	66.350	
1328	0.28	66.400	
1329	0.28	66.450	
1330	0.28	66.501	
1331	0.28	66.550	
1332	0.28	66.600	
1333	0.28	66.650	
1334	0.28	66.700	
1335	0.28	66.750	
1336	0.26	66.800	
1337	0.26	66.850	
1338	0.26	66.900	
1339	0.26	66.950	
1340	0.26	67.000	
1341	0.26	67.050	
1342	0.26	67.100	
1343	0.26	67.150	
1344	0.26	67.200	
1345	0.26	67.250	
1346	0.26	67.300	
1347	0.26	67.351	
1348	0.26	67.400	
1349	0.26	67.450	
1350	0.26	67.500	
1351	0.26	67.550	
1352	0.26	67.600	
1353	0.26	67.650	
1354	0.26	67.700	
1355	0.26	67.750	
1356	0.26	67.800	
1357	0.26	67.850	
1358	0.26	67.900	
1359	0.26	67.950	
1360	0.26	68.000	
1361	0.26	68.050	
1362	0.26	68.100	
1363	0.26	68.150	
1364	0.26	68.200	
1365	0.26	68.250	
1366	0.26	68.300	
1367	0.26	68.350	
1368	0.26	68.400	
1369	0.26	68.450	
1370	0.26	68.500	
1371	0.26	68.550	
1372	0.26	68.600	
1373	0.26	68.650	
1374	0.26	68.700	
1375	0.26	68.750	
1376	0.26	68.800	
1377	0.26	68.850	
1378	0.26	68.900	
1379	0.26	68.950	
1380	0.26	69.000	
1381	0.26	69.050	
1382	0.26	69.100	
1383	0.26	69.150	
1384	0.26	69.200	
1385	0.26	69.250	
1386	0.26	69.300	
1387	0.26	69.350	
1388	0.26	69.400	
1389	0.26	69.450	
1390	0.26	69.500	
1391	0.26	69.550	
1392	0.26	69.600	
1393	0.26	69.650	
1394	0.26	69.700	
1395	0.26	69.750	
1396	0.24	69.800	
1397	0.26	69.850	
1398	0.26	69.900	
1399	0.26	69.950	
1400	0.26	70.000	
1401	0.26	70.051	
1402	0.26	70.100	
1403	0.24	70.161	
1404	0.26	70.200	
1405	0.26	70.251	
1406	0.24	70.300	
1407	0.26	70.350	
1408	0.26	70.400	
1409	0.26	70.450	
1410	0.26	70.500	
1411	0.26	70.550	
1412	0.26	70.600	
1413	0.24	70.650	
1414	0.24	70.700	
1415	0.24	70.750	
1416	0.28	70.800	
1417	0.32	70.850	
1418	0.34	70.900	
1419	0.40	70.950	
1420	0.62	71.000	
1421	1.02	71.050	
1422	1.42	71.100	
1423	1.86	71.150	
1424	2.28	71.200	
1425	2.80	71.250	
1426	3.42	71.300	
1427	4.30	71.350	
1428	5.38	71.400	
1429	6.52	71.450	
1430	7.46	71.500	
1431	8.08	71.550	
1432	8.34	71.600	
1433	8.34	71.650	
1434	8.32	71.700	
1435	8.30	71.750	
1436	8.28	71.800	
1437	8.26	71.850	
1438	8.26	71.900	
1439	8.24	71.950	
1440	8.24	72.000	
1441	8.24	72.050	
1442	8.22	72.100	
1443	8.22	72.150	
1444	8.20	72.200	
1445	8.20	72.250	
1446	8.20	72.300	
1447	8.18	72.350	
1448	8.18	72.400	
1449	8.18	72.450	
1450	8.16	72.500	
1451	8.16	72.551	
1452	8.14	72.600	
1453	7.92	72.650	
1454	7.88	72.700	
1455	7.88	72.750	
1456	7.88	72.800	
1457	7.86	72.850	
1458	7.88	72.900	
1459	7.84	72.951	
1460	7.74	73.000	
1461	7.56	73.050	
1462	7.52	73.100	
1463	7.50	73.150	
1464	7.50	73.200	
1465	7.50	73.250	
1466	7.48	73.300	
1467	7.48	73.350	
1468	7.48	73.400	
1469	7.48	73.450	
1470	7.48	73.500	
1471	7.48	73.550	
1472	7.48	73.600	
1473	7.48	73.650	
1474	7.48	73.700	
1475	7.48	73.750	
1476	7.48	73.800	
1477	7.48	73.850	
1478	7.48	73.900	
1479	7.48	73.950	
1480	7.48	74.000	
1481	7.46	74.050	
1482	7.46	74.100	
1483	7.46	74.150	
1484	7.46	74.200	
1485	7.46	74.250	
1486	7.46	74.300	
1487	7.46	74.350	
1488	7.46	74.400	
1489	7.46	74.450	
1490	7.46	74.500	
1491	7.46	74.550	
1492	7.46	74.600	
1493	7.46	74.650	
1494	7.46	74.700	
1495	7.46	74.750	
1496	7.46	74.800	
1497	7.46	74.850	
1498	7.44	74.900	
1499	7.46	74.950	
1500	7.46	75.001	
1501	7.46	75.050	
1502	7.44	75.101	
1503	7.44	75.150	
1504	7.44	75.200	
1505	7.44	75.250	
1506	7.44	75.300	
1507	7.44	75.350	
1508	7.44	75.400	
1509	7.44	75.450	
1510	7.44	75.500	
1511	7.44	75.550	
1512	7.44	75.601	
1513	7.44	75.651	
1514	7.44	75.700	
1515	7.22	75.750	
1516	6.22	75.800	
1517	5.26	75.850	
1518	4.34	75.900	
1519	3.16	75.950	
1520	2.30	76.000	
1521	1.60	76.050	
1522	1.12	76.100	
1523	0.74	76.150	
1524	0.58	76.201	
1525	0.52	76.250	
1526	0.52	76.300	
1527	0.52	76.350	
1528	0.50	76.400	
1529	0.44	76.450	
1530	0.38	76.500	
1531	0.32	76.550	
1532	0.30	76.601	
1533	0.30	76.650	
1534	0.28	76.700	
1535	0.28	76.750	
1536	0.28	76.800	
1537	0.26	76.850	
1538	0.26	76.900	
1539	0.26	76.950	
1540	0.26	77.000	
1541	0.26	77.050	
1542	0.26	77.100	
1543	0.26	77.150	
1544	0.26	77.200	
1545	0.26	77.250	
1546	0.26	77.300	
1547	0.26	77.350	
1548	0.26	77.401	
1549	0.24	77.450	
1550	0.26	77.500	
1551	0.24	77.550	
1552	0.24	77.600	
1553	0.26	77.650	
1554	0.26	77.700	
1555	0.24	77.750	
1556	0.24	77.800	
1557	0.24	77.850	
1558	0.24	77.900	
1559	0.24	77.950	
1560	0.24	78.000	
1561	0.24	78.050	
1562	0.24	78.100	
1563	0.24	78.150	
1564	0.24	78.200	
1565	0.24	78.250	
1566	0.24	78.300	
1567	0.24	78.351	
1568	0.24	78.400	
1569	0.24	78.450	
1570	0.24	78.500	
1571	0.24	78.550	
1572	0.24	78.600	
1573	0.24	78.650	
1574	0.24	78.700	
1575	0.24	78.750	
1576	0.24	78.800	
1577	0.24	78.851	
1578	0.24	78.900	
1579	0.24	78.950	
1580	0.24	79.000	
1581	0.24	79.050	
1582	0.24	79.101	
1583	0.24	79.150	
1584	0.24	79.200	
1585	0.24	79.250	
1586	0.24	79.300	
1587	0.24	79.351	
1588	0.24	79.400	
1589	0.24	79.450	
1590	0.24	79.500	
1591	0.24	79.550	
1592	0.24	79.600	
1593	0.24	79.650	
1594	0.24	79.700	
1595	0.24	79.750	
1596	0.24	79.800	
1597	0.24	79.850	
1598	0.24	79.901	
1599	0.24	79.950	
1600	0.24	80.000	
1601	0.24	80.050	
1602	0.24	80.100	
1603	0.24	80.200	
1604	0.24	80.250	
1605	0.24	80.313	
1606	0.24	80.350	
1607	0.24	80.406	
1608	0.24	80.450	
1609	0.24	80.500	
1610	0.24	80.550	
1611	0.24	80.600	
1612	0.24	80.651	
1613	0.24	80.700	
1614	0.24	80.750	
1615	0.24	80.800	
1616	0.24	80.850	
1617	0.24	80.900	
1618	0.24	80.950	
1619	0.24	81.000	
1620	0.24	81.050	
1621	0.24	81.100	
1622	0.24	81.150	
1623	0.24	81.200	
1624	0.24	81.250	
1625	0.24	81.300	
1626	0.24	81.350	
1627	0.24	81.401	
1628	0.24	81.450	
1629	0.24	81.500	
1630	0.24	81.550	
1631	0.24	81.600	
1632	0.24	81.650	
1633	0.24	81.701	
1634	0.24	81.750	
1635	0.24	81.800	
1636	0.24	81.850	
1637	0.24	81.900	
1638	0.24	81.950	
1639	0.24	82.000	
1640	0.24	82.051	
1641	0.24	82.100	
1642	0.24	82.150	
1643	0.24	82.200	
1644	0.24	82.250	
1645	0.24	82.300	
1646	0.24	82.350	
1647	0.24	82.400	
1648	0.24	82.450	
1649	0.24	82.501	
1650	0.24	82.550	
1651	0.24	82.600	
1652	0.24	82.650	
1653	0.24	82.700	
1654	0.24	82.750	
1655	0.24	82.801	
1656	0.24	82.850	
1657	0.24	82.900	
1658	0.24	82.950	
1659	0.26	83.000	
1660	0.28	83.050	
1661	0.34	83.101	
1662	0.46	83.150	
1663	0.72	83.200	
1664	1.00	83.250	
1665	1.36	83.300	
1666	1.78	83.351	
1667	2.20	83.400	
1668	2.74	83.450	
1669	3.32	83.500	
1670	3.98	83.550	
1671	5.18	83.600	
1672	6.28	83.650	
1673	7.06	83.700	
1674	7.48	83.750	
1675	7.72	83.800	
1676	7.74	83.850	
1677	7.74	83.900	
1678	7.72	83.950	
1679	7.70	84.000	
1680	7.70	84.050	
1681	7.68	84.100	
1682	7.68	84.150	
1683	7.66	84.200	
1684	7.66	84.250	
1685	7.66	84.300	
1686	7.64	84.350	
1687	7.64	84.400	
1688	7.64	84.450	
1689	7.64	84.500	
1690	7.64	84.550	
1691	7.62	84.600	
1692	7.62	84.650	
1693	7.62	84.700	
1694	7.62	84.750	
1695	7.62	84.800	
1696	7.62	84.850	
1697	7.60	84.900	
1698	7.60	84.950	
1699	7.60	85.000	
1700	7.60	85.050	
1701	7.60	85.100	
1702	7.60	85.150	
1703	7.60	85.200	
1704	7.60	85.250	
1705	7.60	85.300	
1706	7.60	85.350	
1707	7.58	85.400	
1708	7.58	85.450	
1709	7.58	85.500	
1710	7.58	85.550	
1711	7.58	85.600	
1712	7.58	85.650	
1713	7.58	85.700	
1714	7.58	85.750	
1715	7.58	85.800	
1716	7.58	85.850	
1717	7.58	85.900	
1718	7.58	85.950	
1719	7.56	86.000	
1720	7.56	86.050	
1721	7.56	86.100	
1722	7.56	86.150	
1723	7.56	86.200	
1724	7.56	86.250	
1725	7.56	86.300	
1726	7.56	86.350	
1727	7.56	86.400	
1728	7.56	86.450	
1729	7.56	86.500	
1730	7.56	86.551	
1731	7.56	86.600	
1732	7.56	86.650	
1733	7.56	86.700	
1734	7.56	86.750	
1735	7.56	86.800	
1736	7.56	86.850	
1737	7.56	86.900	
1738	7.56	86.950	
1739	7.56	87.000	
1740	7.56	87.050	
1741	7.56	87.100	
1742	7.56	87.151	
1743	7.56	87.200	
1744	7.54	87.250	
1745	7.54	87.300	
1746	7.54	87.350	
1747	7.54	87.400	
1748	7.54	87.450	
1749	7.54	87.500	
1750	7.54	87.550	
1751	7.54	87.600	
1752	7.54	87.650	
1753	7.54	87.700	
1754	7.54	87.750	
1755	7.54	87.800	
1756	7.54	87.850	
1757	7.54	87.900	
1758	7.54	87.950	
1759	7.54	88.000	
1760	7.54	88.050	
1761	7.54	88.101	
1762	7.54	88.150	
1763	7.54	88.200	
1764	7.54	88.250	
1765	7.54	88.300	
1766	7.54	88.350	
1767	7.54	88.400	
1768	7.54	88.450	
1769	7.54	88.500	
1770	7.54	88.550	
1771	7.54	88.600	
1772	7.54	88.650	
1773	7.52	88.700	
1774	7.54	88.750	
1775	7.52	88.800	
1776	7.52	88.850	
1777	7.50	88.900	
1778	6.82	88.950	
1779	5.86	89.000	
1780	4.96	89.050	
1781	4.12	89.100	
1782	3.10	89.150	
1783	2.24	89.200	
1784	1.56	89.250	
1785	1.12	89.300	
1786	0.74	89.350	
1787	0.58	89.400	
1788	0.56	89.450	
1789	0.54	89.500	
1790	0.54	89.550	
1791	0.52	89.601	
1792	0.46	89.650	
1793	0.42	89.700	
1794	0.34	89.750	
1795	0.30	89.800	
1796	0.30	89.850	
1797	0.30	89.900	
1798	0.28	89.950	
1799	0.28	90.000	
1800	0.28	90.050	
1801	0.28	90.100	
1802	0.28	90.200	
1803	0.28	90.250	
1804	0.28	90.313	
1805	0.28	90.350	
1806	0.28	90.410	
1807	0.28	90.450	
1808	0.26	90.508	
1809	0.26	90.550	
1810	0.28	90.604	
1811	0.26	90.650	
1812	0.26	90.700	
1813	0.26	90.750	
1814	0.26	90.800	
1815	0.26	90.850	
1816	0.26	90.900	
1817	0.26	90.950	
1818	0.26	91.000	
1819	0.26	91.050	
1820	0.26	91.100	
1821	0.26	91.150	
1822	0.26	91.200	
1823	0.26	91.250	
1824	0.26	91.300	
1825	0.26	91.350	
1826	0.26	91.400	
1827	0.26	91.450	
1828	0.26	91.500	
1829	0.26	91.550	
1830	0.26	91.600	
1831	0.26	91.650	
1832	0.26	91.700	
1833	0.26	91.750	
1834	0.26	91.800	
1835	0.26	91.850	
1836	0.26	91.900	
1837	0.26	91.951	
1838	0.26	92.000	
1839	0.26	92.050	
1840	0.26	92.100	
1841	0.26	92.150	
1842	0.26	92.200	
1843	0.26	92.250	
1844	0.26	92.300	
1845	0.26	92.350	
1846	0.26	92.400	
1847	0.26	92.450	
1848	0.26	92.501	
1849	0.26	92.550	
1850	0.26	92.600	
1851	0.26	92.650	
1852	0.26	92.701	
1853	0.26	92.751	
1854	0.26	92.800	
1855	0.26	92.850	
1856	0.26	92.900	
1857	0.26	92.950	
1858	0.26	93.000	
1859	0.26	93.050	
1860	0.26	93.100	
1861	0.26	93.150	
1862	0.26	93.200	
1863	0.26	93.250	
1864	0.26	93.300	
1865	0.26	93.350	
1866	0.26	93.400	
1867	0.26	93.450	
1868	0.26	93.500	
1869	0.26	93.550	
1870	0.26	93.600	
1871	0.26	93.650	
1872	0.26	93.701	
1873	0.24	93.750	
1874	0.26	93.800	
1875	0.26	93.850	
1876	0.26	93.900	
1877	0.26	93.950	
1878	0.26	94.001	
1879	0.24	94.050	
1880	0.26	94.100	
1881	0.24	94.150	
1882	0.26	94.200	
1883	0.26	94.251	
1884	0.26	94.300	
1885	0.26	94.350	
1886	0.28	94.400	
1887	0.30	94.450	
1888	0.34	94.501	
1889	0.44	94.550	
1890	0.72	94.600	
1891	1.00	94.650	
1892	1.34	94.700	
1893	1.70	94.750	
1894	2.12	94.800	
1895	2.66	94.850	
1896	3.24	94.900	
1897	3.88	94.950	
1898	4.98	95.000	
1899	6.04	95.050	
1900	6.82	95.100	
1901	7.30	95.150	
1902	7.58	95.200	
1903	7.62	95.250	
1904	7.60	95.300	
1905	7.58	95.350	
1906	7.58	95.401	
1907	7.56	95.451	
1908	7.56	95.500	
1909	7.54	95.550	
1910	7.54	95.600	
1911	7.54	95.650	
1912	7.52	95.700	
1913	7.52	95.750	
1914	7.52	95.800	
1915	7.52	95.850	
1916	7.52	95.900	
1917	7.50	95.950	
1918	7.50	96.000	
1919	7.50	96.050	
1920	7.50	96.100	
1921	7.50	96.150	
1922	7.50	96.200	
1923	7.50	96.250	
1924	7.48	96.300	
1925	7.48	96.350	
1926	7.48	96.401	
1927	7.48	96.450	
1928	7.48	96.500	
1929	7.48	96.550	
1930	7.48	96.601	
1931	7.48	96.651	
1932	7.46	96.700	
1933	7.48	96.750	
1934	7.46	96.800	
1935	7.46	96.850	
1936	7.46	96.901	
1937	7.46	96.950	
1938	7.46	97.000	
1939	7.46	97.050	
1940	7.46	97.100	
1941	7.46	97.150	
1942	7.46	97.200	
1943	7.46	97.250	
1944	7.46	97.300	
1945	7.44	97.350	
1946	7.44	97.400	
1947	7.44	97.450	
1948	7.44	97.500	
1949	7.44	97.550	
1950	7.44	97.600	
1951	7.44	97.650	
1952	7.44	97.700	
1953	7.44	97.750	
1954	7.44	97.800	
1955	7.44	97.850	
1956	7.44	97.900	
1957	7.46	97.950	
1958	7.12	98.000	
1959	6.20	98.050	
1960	5.28	98.100	
1961	4.42	98.150	
1962	3.56	98.200	
1963	2.60	98.250	
1964	1.80	98.300	
1965	1.26	98.350	
1966	0.88	98.400	
1967	0.62	98.450	
1968	0.56	98.500	
1969	0.56	98.550	
1970	0.54	98.600	
1971	0.54	98.650	
1972	0.50	98.701	
1973	0.44	98.750	
1974	0.36	98.800	
1975	0.32	98.850	
1976	0.32	98.900	
1977	0.30	98.950	
1978	0.30	99.000	
1979	0.30	99.051	
1980	0.28	99.100	
1981	0.28	99.150	
1982	0.28	99.200	
1983	0.28	99.251	
1984	0.28	99.300	
1985	0.28	99.350	
1986	0.28	99.400	
1987	0.28	99.450	
1988	0.28	99.500	
1989	0.28	99.550	
1990	0.28	99.600	
1991	0.28	99.650	
1992	0.28	99.700	
1993	0.28	99.750	
1994	0.28	99.800	
1995	0.28	99.850	
1996	0.28	99.900	
1997	0.28	99.950	
1998	0.28	100.000	
1999	0.28	100.050	
2000	0.28	100.100	
2001	0.28	100.200	
2002	0.26	100.251	
2003	0.28	100.300	
2004	0.26	100.350	
2005	0.26	100.400	
2006	0.28	100.451	
2007	0.28	100.500	
2008	0.28	100.550	
2009	0.28	100.600	
2010	0.28	100.650	
2011	0.28	100.700	
2012	0.26	100.750	
2013	0.26	100.800	
2014	0.26	100.850	
2015	0.26	100.900	
2016	0.26	100.950	
2017	0.28	101.000	
2018	0.26	101.051	
2019	0.26	101.100	
