7/25/2024  5:26 PM
Units: N
Readings: Continuous
X-Axis: Time

Reading	Load	Time	
1	0.00	0.000	
2	0.00	0.101	
3	0.00	0.152	
4	0.00	0.201	
5	0.00	0.250	
6	0.00	0.301	
7	0.00	0.350	
8	0.00	0.400	
9	0.00	0.450	
10	0.00	0.500	
11	0.00	0.550	
12	0.00	0.600	
13	0.00	0.650	
14	0.00	0.701	
15	0.00	0.750	
16	0.00	0.801	
17	0.00	0.850	
18	0.00	0.901	
19	0.00	0.950	
20	0.00	1.000	
21	0.00	1.051	
22	0.00	1.100	
23	0.00	1.151	
24	0.00	1.200	
25	0.00	1.251	
26	0.00	1.301	
27	0.00	1.350	
28	0.00	1.401	
29	0.00	1.451	
30	0.00	1.500	
31	0.00	1.550	
32	0.00	1.602	
33	0.00	1.650	
34	0.00	1.700	
35	0.00	1.750	
36	0.00	1.800	
37	0.00	1.851	
38	0.00	1.900	
39	0.00	1.951	
40	0.00	2.000	
41	0.00	2.050	
42	0.00	2.100	
43	0.00	2.150	
44	0.00	2.200	
45	0.00	2.250	
46	0.00	2.300	
47	0.00	2.350	
48	0.00	2.400	
49	0.00	2.451	
50	0.00	2.500	
51	0.00	2.550	
52	0.00	2.600	
53	0.00	2.650	
54	0.00	2.700	
55	0.00	2.750	
56	0.00	2.800	
57	0.00	2.851	
58	0.00	2.900	
59	0.00	2.950	
60	0.00	3.000	
61	0.00	3.050	
62	0.00	3.100	
63	0.00	3.151	
64	0.00	3.200	
65	0.00	3.251	
66	0.00	3.301	
67	0.00	3.350	
68	0.00	3.401	
69	0.00	3.450	
70	0.00	3.501	
71	0.00	3.550	
72	0.00	3.600	
73	0.00	3.651	
74	0.00	3.702	
75	0.00	3.751	
76	0.00	3.801	
77	0.00	3.851	
78	0.00	3.901	
79	0.00	3.950	
80	0.00	4.000	
81	0.00	4.051	
82	0.00	4.100	
83	0.00	4.150	
84	0.00	4.201	
85	0.00	4.250	
86	0.00	4.301	
87	0.00	4.351	
88	0.00	4.401	
89	0.00	4.450	
90	0.00	4.500	
91	0.00	4.551	
92	0.00	4.600	
93	0.00	4.651	
94	0.00	4.700	
95	0.00	4.751	
96	0.00	4.801	
97	0.00	4.850	
98	0.00	4.900	
99	0.00	4.950	
100	0.00	5.001	
101	-0.02	5.051	
102	0.00	5.101	
103	0.24	5.151	
104	0.44	5.200	
105	0.78	5.251	
106	1.36	5.300	
107	2.04	5.350	
108	3.04	5.401	
109	3.94	5.450	
110	4.86	5.500	
111	5.78	5.551	
112	6.58	5.601	
113	7.40	5.650	
114	8.24	5.700	
115	8.88	5.750	
116	9.02	5.800	
117	8.94	5.850	
118	8.88	5.902	
119	8.84	5.951	
120	8.80	6.000	
121	8.80	6.050	
122	8.76	6.100	
123	8.76	6.151	
124	8.74	6.200	
125	8.74	6.251	
126	8.72	6.301	
127	8.72	6.350	
128	8.70	6.400	
129	8.70	6.451	
130	8.70	6.501	
131	8.68	6.550	
132	8.68	6.601	
133	8.66	6.651	
134	8.66	6.701	
135	8.66	6.750	
136	8.66	6.801	
137	8.10	6.850	
138	7.26	6.901	
139	6.56	6.950	
140	5.52	7.001	
141	4.18	7.050	
142	3.12	7.100	
143	2.26	7.151	
144	1.58	7.200	
145	1.08	7.251	
146	0.64	7.301	
147	0.32	7.350	
148	0.18	7.401	
149	0.16	7.450	
150	0.16	7.501	
151	0.14	7.550	
152	0.14	7.600	
153	0.16	7.651	
154	0.16	7.700	
155	0.16	7.752	
156	0.16	7.801	
157	0.16	7.851	
158	0.16	7.900	
159	0.16	7.951	
