7/23/2024  1:05 PM
Units: N
Readings: Continuous
X-Axis: Time

Reading	Load	Time	
1	0.00	0.000	
2	0.00	0.101	
3	0.00	0.150	
4	0.00	0.200	
5	0.00	0.250	
6	0.00	0.301	
7	0.00	0.350	
8	0.00	0.400	
9	0.00	0.451	
10	0.00	0.500	
11	0.00	0.551	
12	0.00	0.600	
13	0.00	0.650	
14	0.00	0.700	
15	0.00	0.750	
16	0.00	0.800	
17	0.00	0.850	
18	0.00	0.901	
19	0.00	0.950	
20	0.00	1.000	
21	0.00	1.051	
22	0.00	1.101	
23	0.00	1.151	
24	0.00	1.200	
25	0.00	1.250	
26	0.00	1.300	
27	0.00	1.350	
28	0.00	1.400	
29	0.00	1.450	
30	0.00	1.501	
31	0.00	1.550	
32	0.00	1.601	
33	0.00	1.650	
34	0.00	1.700	
35	0.00	1.750	
36	0.00	1.801	
37	0.00	1.850	
38	0.00	1.900	
39	0.00	1.950	
40	0.00	2.000	
41	0.00	2.050	
42	0.00	2.101	
43	0.00	2.150	
44	0.00	2.201	
45	0.00	2.250	
46	0.00	2.300	
47	0.00	2.351	
48	0.00	2.400	
49	0.00	2.450	
50	0.00	2.500	
51	0.00	2.550	
52	0.00	2.601	
53	0.00	2.650	
54	0.00	2.700	
55	0.02	2.750	
56	0.00	2.801	
57	0.00	2.850	
58	0.00	2.900	
59	0.00	2.950	
60	0.00	3.000	
61	0.02	3.050	
62	0.00	3.100	
63	0.00	3.150	
64	0.00	3.200	
65	0.02	3.250	
66	0.00	3.301	
67	0.00	3.350	
68	0.00	3.401	
69	0.00	3.450	
70	0.00	3.500	
71	0.00	3.551	
72	0.00	3.600	
73	0.00	3.651	
74	0.00	3.700	
75	0.02	3.750	
76	0.00	3.801	
77	0.00	3.851	
78	0.00	3.900	
79	0.00	3.951	
80	0.02	4.000	
81	0.00	4.050	
82	0.00	4.100	
83	0.00	4.150	
84	0.00	4.200	
85	0.00	4.250	
86	0.00	4.300	
87	0.00	4.350	
88	0.00	4.400	
89	0.00	4.450	
90	0.00	4.500	
91	0.02	4.550	
92	0.00	4.602	
93	0.02	4.650	
94	0.02	4.700	
95	0.00	4.750	
96	0.02	4.800	
97	0.02	4.850	
98	0.00	4.901	
99	0.02	4.950	
100	0.02	5.000	
101	0.00	5.051	
102	0.00	5.100	
103	0.00	5.151	
104	0.00	5.201	
105	0.04	5.250	
106	0.44	5.300	
107	1.14	5.350	
108	1.96	5.400	
109	2.60	5.450	
110	3.26	5.501	
111	4.08	5.550	
112	4.88	5.600	
113	5.56	5.650	
114	6.02	5.701	
115	6.12	5.750	
116	6.10	5.800	
117	6.08	5.850	
118	6.06	5.900	
119	6.04	5.950	
120	6.04	6.000	
121	6.02	6.050	
122	6.02	6.101	
123	6.00	6.150	
124	6.00	6.200	
125	6.00	6.250	
126	6.00	6.301	
127	5.98	6.350	
128	5.98	6.401	
129	5.98	6.450	
130	5.98	6.500	
131	5.98	6.550	
132	5.96	6.601	
133	5.96	6.650	
134	5.96	6.700	
135	5.96	6.750	
136	5.96	6.800	
137	5.96	6.850	
138	5.96	6.901	
139	5.96	6.950	
140	5.94	7.001	
141	5.94	7.051	
142	5.94	7.100	
143	5.94	7.150	
144	5.94	7.200	
145	5.94	7.250	
146	5.94	7.300	
147	5.94	7.350	
148	5.94	7.400	
149	5.94	7.450	
150	5.94	7.500	
151	5.92	7.551	
152	5.94	7.601	
153	5.92	7.650	
154	5.92	7.700	
155	5.92	7.750	
156	5.92	7.800	
157	5.92	7.850	
158	5.92	7.900	
159	5.92	7.950	
160	5.92	8.000	
161	5.82	8.050	
162	4.64	8.100	
163	3.38	8.151	
164	2.30	8.200	
165	1.40	8.250	
166	0.70	8.301	
167	0.32	8.350	
168	0.26	8.400	
169	0.24	8.450	
170	0.22	8.500	
171	0.20	8.550	
172	0.14	8.601	
173	0.12	8.650	
174	0.06	8.701	
175	0.06	8.750	
176	0.06	8.800	
177	0.06	8.850	
178	0.06	8.900	
179	0.06	8.951	
180	0.06	9.000	
181	0.06	9.050	
182	0.06	9.100	
183	0.06	9.150	
184	0.06	9.200	
185	0.06	9.250	
186	0.06	9.300	
187	0.06	9.350	
188	0.06	9.400	
189	0.06	9.450	
190	0.06	9.500	
191	0.04	9.550	
192	0.04	9.601	
193	0.04	9.650	
194	0.04	9.700	
195	0.04	9.750	
196	0.04	9.800	
197	0.04	9.850	
198	0.04	9.900	
199	0.04	9.950	
200	0.04	10.001	
201	0.04	10.050	
202	0.04	10.100	
203	0.04	10.150	
204	0.04	10.200	
205	0.04	10.250	
206	0.04	10.300	
207	0.04	10.350	
208	0.04	10.400	
209	0.04	10.450	
210	0.04	10.500	
211	0.04	10.550	
212	0.04	10.600	
213	0.04	10.650	
214	0.04	10.700	
215	0.04	10.750	
216	0.04	10.800	
217	0.04	10.850	
218	0.04	10.900	
219	0.04	10.950	
220	0.04	11.000	
221	0.04	11.050	
222	0.04	11.100	
223	0.04	11.150	
224	0.04	11.200	
225	0.04	11.250	
226	0.04	11.300	
227	0.04	11.350	
228	0.04	11.400	
229	0.04	11.450	
230	0.04	11.500	
231	0.04	11.550	
232	0.04	11.600	
233	0.04	11.650	
234	0.04	11.700	
235	0.04	11.750	
236	0.04	11.800	
237	0.04	11.850	
238	0.04	11.900	
239	0.04	11.950	
240	0.04	12.000	
241	0.04	12.050	
242	0.04	12.100	
243	0.04	12.150	
244	0.04	12.200	
245	0.04	12.250	
246	0.04	12.300	
247	0.04	12.350	
248	0.04	12.400	
249	0.04	12.450	
250	0.04	12.500	
251	0.04	12.550	
252	0.04	12.600	
253	0.04	12.650	
254	0.04	12.700	
255	0.04	12.750	
256	0.04	12.801	
257	0.04	12.850	
258	0.04	12.900	
259	0.04	12.950	
260	0.04	13.000	
261	0.04	13.051	
262	0.04	13.100	
263	0.04	13.150	
264	0.04	13.201	
265	0.04	13.250	
266	0.04	13.301	
267	0.04	13.350	
268	0.04	13.401	
269	0.04	13.450	
270	0.04	13.500	
271	0.04	13.550	
272	0.04	13.600	
273	0.02	13.650	
274	0.04	13.700	
275	0.02	13.750	
276	0.04	13.800	
277	0.02	13.850	
278	0.04	13.900	
279	0.04	13.950	
280	0.02	14.000	
281	0.04	14.050	
282	0.02	14.100	
283	0.04	14.150	
284	0.04	14.200	
285	0.04	14.250	
286	0.02	14.300	
287	0.02	14.351	
288	0.04	14.400	
289	0.04	14.450	
290	0.04	14.500	
291	0.04	14.550	
292	0.04	14.600	
293	0.04	14.650	
294	0.02	14.700	
295	0.04	14.750	
296	0.04	14.801	
297	0.04	14.851	
298	0.04	14.900	
299	0.04	14.950	
300	0.02	15.000	
301	0.04	15.050	
302	0.04	15.100	
303	0.04	15.150	
304	0.02	15.200	
305	0.04	15.250	
306	0.02	15.300	
307	0.02	15.350	
308	0.04	15.400	
309	0.04	15.450	
310	0.02	15.500	
311	0.04	15.550	
312	0.04	15.600	
313	0.04	15.650	
314	0.04	15.700	
315	0.02	15.750	
316	0.04	15.800	
317	0.04	15.850	
318	0.02	15.900	
319	0.04	15.950	
320	0.04	16.000	
321	0.02	16.050	
322	0.04	16.100	
323	0.02	16.151	
324	0.04	16.200	
325	0.02	16.250	
326	0.04	16.301	
327	0.04	16.350	
328	0.02	16.400	
329	0.04	16.451	
330	0.02	16.500	
331	0.02	16.551	
332	0.02	16.600	
333	0.02	16.651	
334	0.04	16.700	
335	0.02	16.750	
336	0.04	16.801	
337	0.02	16.850	
338	0.02	16.900	
339	0.04	16.950	
340	0.02	17.000	
341	0.04	17.051	
342	0.04	17.101	
343	0.02	17.151	
344	0.04	17.200	
345	0.02	17.250	
346	0.00	17.301	
347	0.30	17.350	
348	0.94	17.400	
349	1.80	17.450	
350	2.68	17.501	
351	3.44	17.550	
352	4.30	17.600	
353	5.12	17.650	
354	5.76	17.700	
355	6.10	17.750	
356	6.10	17.800	
357	6.08	17.850	
358	6.06	17.900	
359	6.04	17.950	
360	6.04	18.000	
361	6.02	18.050	
362	6.02	18.100	
363	6.00	18.150	
364	6.00	18.200	
365	6.00	18.250	
366	5.98	18.300	
367	5.98	18.350	
368	5.98	18.400	
369	5.98	18.450	
370	5.98	18.500	
371	5.98	18.551	
372	5.96	18.600	
373	5.96	18.650	
374	5.96	18.700	
375	5.96	18.750	
376	5.96	18.800	
377	5.96	18.850	
378	5.96	18.900	
379	5.94	18.950	
380	5.94	19.000	
381	5.94	19.050	
382	5.94	19.100	
383	5.94	19.150	
384	5.94	19.200	
385	5.94	19.250	
386	5.94	19.300	
387	5.92	19.350	
388	5.94	19.400	
389	5.92	19.450	
390	5.92	19.500	
391	5.92	19.550	
392	5.92	19.600	
393	5.92	19.650	
394	5.92	19.700	
395	5.92	19.751	
396	5.92	19.800	
397	5.92	19.850	
398	5.92	19.900	
399	5.92	19.950	
400	5.92	20.000	
401	5.92	20.050	
402	5.92	20.100	
403	5.92	20.150	
404	5.92	20.200	
405	5.92	20.250	
406	5.92	20.300	
407	5.92	20.350	
408	5.90	20.400	
409	5.92	20.450	
410	5.90	20.500	
411	5.90	20.550	
412	5.90	20.600	
413	5.90	20.650	
414	5.90	20.700	
415	5.90	20.750	
416	5.90	20.800	
417	5.90	20.850	
418	5.90	20.900	
419	5.90	20.951	
420	5.90	21.000	
421	5.90	21.050	
422	5.90	21.100	
423	5.90	21.150	
424	5.90	21.200	
425	5.90	21.251	
426	5.90	21.300	
427	5.90	21.350	
428	5.90	21.400	
429	5.90	21.451	
430	5.90	21.500	
431	5.88	21.550	
432	5.90	21.600	
433	5.88	21.651	
434	5.88	21.700	
435	5.84	21.750	
436	4.72	21.800	
437	3.46	21.850	
438	2.40	21.900	
439	1.48	21.950	
440	0.74	22.000	
441	0.34	22.050	
442	0.28	22.100	
443	0.28	22.150	
444	0.26	22.200	
445	0.22	22.251	
446	0.18	22.300	
447	0.16	22.350	
448	0.10	22.400	
449	0.10	22.450	
450	0.10	22.501	
451	0.10	22.550	
452	0.10	22.600	
453	0.08	22.650	
454	0.10	22.700	
455	0.08	22.750	
456	0.08	22.800	
457	0.08	22.850	
458	0.08	22.900	
459	0.08	22.950	
460	0.08	23.000	
461	0.08	23.050	
462	0.08	23.100	
463	0.08	23.150	
464	0.08	23.200	
465	0.08	23.250	
466	0.08	23.300	
467	0.08	23.350	
468	0.08	23.400	
469	0.08	23.450	
470	0.06	23.500	
471	0.08	23.550	
472	0.08	23.600	
473	0.08	23.650	
474	0.06	23.700	
475	0.06	23.750	
476	0.06	23.800	
477	0.06	23.850	
478	0.06	23.900	
479	0.06	23.950	
480	0.06	24.000	
481	0.06	24.050	
482	0.06	24.100	
483	0.06	24.150	
484	0.06	24.200	
485	0.06	24.250	
486	0.06	24.300	
487	0.06	24.350	
488	0.06	24.400	
489	0.06	24.450	
490	0.06	24.500	
491	0.06	24.550	
492	0.06	24.600	
493	0.06	24.650	
494	0.06	24.700	
495	0.06	24.750	
496	0.06	24.800	
497	0.06	24.850	
498	0.06	24.900	
499	0.06	24.950	
500	0.06	25.000	
501	0.06	25.050	
502	0.06	25.100	
503	0.06	25.150	
504	0.06	25.200	
505	0.06	25.250	
506	0.06	25.300	
507	0.06	25.350	
508	0.06	25.400	
509	0.06	25.450	
510	0.06	25.500	
511	0.06	25.550	
512	0.06	25.600	
513	0.06	25.650	
514	0.06	25.700	
515	0.06	25.750	
516	0.06	25.800	
517	0.06	25.850	
518	0.06	25.900	
519	0.06	25.950	
520	0.06	26.000	
521	0.06	26.050	
522	0.06	26.100	
523	0.06	26.150	
524	0.06	26.200	
525	0.06	26.250	
526	0.06	26.300	
527	0.06	26.350	
528	0.06	26.400	
529	0.06	26.450	
530	0.06	26.500	
531	0.06	26.550	
532	0.06	26.600	
533	0.06	26.650	
534	0.06	26.700	
535	0.06	26.750	
536	0.04	26.800	
537	0.36	26.850	
538	1.00	26.900	
539	1.88	26.950	
540	2.80	27.000	
541	3.54	27.050	
542	4.42	27.100	
543	5.22	27.150	
544	5.86	27.200	
545	6.18	27.250	
546	6.18	27.300	
547	6.16	27.350	
548	6.14	27.400	
549	6.12	27.450	
550	6.12	27.500	
551	6.10	27.550	
552	6.10	27.600	
553	6.08	27.650	
554	6.08	27.701	
555	6.08	27.750	
556	6.08	27.800	
557	6.06	27.851	
558	6.06	27.900	
559	6.06	27.950	
560	6.06	28.000	
561	6.04	28.050	
562	6.04	28.101	
563	6.04	28.150	
564	6.04	28.200	
565	6.04	28.250	
566	6.04	28.300	
567	6.04	28.350	
568	6.04	28.400	
569	6.04	28.450	
570	6.02	28.500	
571	6.02	28.550	
572	6.02	28.600	
573	6.02	28.650	
574	6.02	28.701	
575	6.02	28.750	
576	6.02	28.800	
577	6.02	28.850	
578	6.02	28.900	
579	6.02	28.950	
580	6.00	29.000	
581	6.00	29.050	
582	6.00	29.100	
583	6.00	29.150	
584	6.00	29.200	
585	6.00	29.250	
586	6.00	29.300	
587	6.00	29.350	
588	6.00	29.400	
589	6.00	29.450	
590	6.00	29.500	
591	6.00	29.550	
592	6.00	29.600	
593	6.00	29.650	
594	5.98	29.700	
595	5.98	29.751	
596	5.98	29.800	
597	5.98	29.850	
598	5.98	29.900	
599	5.98	29.950	
600	5.98	30.000	
601	5.98	30.050	
602	5.98	30.100	
603	5.98	30.150	
604	5.98	30.200	
605	5.98	30.250	
606	5.98	30.300	
607	5.98	30.350	
608	5.98	30.400	
609	5.98	30.450	
610	5.98	30.501	
611	5.98	30.550	
612	5.98	30.600	
613	5.98	30.650	
614	5.98	30.700	
615	5.98	30.751	
616	5.98	30.800	
617	5.98	30.850	
618	5.10	30.901	
619	3.78	30.951	
620	2.68	31.000	
621	1.72	31.050	
622	0.96	31.100	
623	0.42	31.150	
624	0.30	31.200	
625	0.28	31.251	
626	0.26	31.300	
627	0.26	31.350	
628	0.20	31.401	
629	0.18	31.450	
630	0.14	31.500	
631	0.12	31.550	
632	0.10	31.600	
633	0.12	31.650	
634	0.10	31.700	
635	0.10	31.750	
636	0.10	31.800	
637	0.10	31.850	
638	0.10	31.900	
639	0.10	31.951	
640	0.10	32.000	
641	0.10	32.050	
642	0.10	32.100	
643	0.10	32.151	
644	0.10	32.200	
645	0.10	32.251	
646	0.10	32.300	
647	0.10	32.350	
648	0.10	32.400	
649	0.08	32.450	
650	0.08	32.500	
651	0.10	32.550	
652	0.08	32.600	
653	0.10	32.653	
654	0.08	32.701	
655	0.08	32.751	
656	0.08	32.800	
657	0.08	32.850	
658	0.08	32.900	
659	0.08	32.950	
660	0.08	33.000	
661	0.08	33.051	
662	0.08	33.100	
663	0.08	33.150	
664	0.08	33.200	
665	0.08	33.250	
666	0.08	33.300	
667	0.08	33.350	
668	0.08	33.400	
669	0.08	33.450	
670	0.08	33.500	
671	0.08	33.550	
672	0.08	33.600	
673	0.08	33.650	
674	0.08	33.700	
675	0.08	33.750	
676	0.08	33.800	
677	0.08	33.850	
678	0.08	33.900	
679	0.08	33.950	
680	0.08	34.000	
681	0.08	34.050	
682	0.08	34.100	
683	0.08	34.150	
684	0.08	34.200	
685	0.08	34.250	
686	0.08	34.300	
687	0.08	34.350	
688	0.08	34.400	
689	0.08	34.450	
690	0.08	34.500	
691	0.08	34.550	
692	0.08	34.600	
693	0.08	34.650	
694	0.08	34.700	
695	0.08	34.750	
696	0.08	34.800	
697	0.08	34.850	
698	0.08	34.900	
699	0.08	34.950	
700	0.06	35.000	
701	0.08	35.050	
702	0.06	35.100	
703	0.06	35.150	
704	0.06	35.200	
705	0.08	35.250	
706	0.08	35.300	
707	0.08	35.350	
708	0.08	35.401	
709	0.06	35.450	
710	0.06	35.500	
711	0.08	35.550	
712	0.08	35.600	
713	0.08	35.650	
714	0.08	35.700	
715	0.08	35.750	
716	0.08	35.800	
717	0.06	35.850	
718	0.06	35.900	
719	0.08	35.950	
720	0.06	36.000	
721	0.20	36.050	
722	0.78	36.100	
723	1.58	36.150	
724	2.50	36.200	
725	3.32	36.250	
726	4.14	36.300	
727	5.00	36.350	
728	5.70	36.400	
729	6.14	36.450	
730	6.20	36.500	
731	6.18	36.550	
732	6.16	36.600	
733	6.14	36.650	
734	6.12	36.700	
735	6.12	36.750	
736	6.10	36.800	
737	6.10	36.850	
738	6.10	36.901	
739	6.08	36.950	
740	6.08	37.000	
741	6.08	37.050	
742	6.06	37.100	
743	6.06	37.150	
744	6.06	37.200	
745	6.06	37.250	
746	6.06	37.300	
747	6.06	37.350	
748	6.04	37.401	
749	6.04	37.450	
750	6.04	37.500	
751	6.04	37.550	
752	6.04	37.600	
753	6.04	37.650	
754	6.04	37.700	
755	6.04	37.750	
756	6.04	37.800	
757	6.04	37.850	
758	6.02	37.900	
759	6.04	37.950	
760	6.02	38.000	
761	6.02	38.050	
762	6.02	38.100	
763	6.02	38.150	
764	6.02	38.200	
765	6.02	38.250	
766	6.02	38.300	
767	6.02	38.350	
768	6.02	38.400	
769	6.02	38.450	
770	6.02	38.500	
771	6.02	38.550	
772	6.00	38.600	
773	6.00	38.650	
774	6.00	38.700	
775	6.00	38.750	
776	6.02	38.800	
777	6.00	38.850	
778	6.00	38.900	
779	6.00	38.951	
780	6.00	39.000	
781	6.00	39.050	
782	6.00	39.100	
783	6.00	39.150	
784	6.00	39.200	
785	6.00	39.250	
786	6.00	39.300	
787	6.00	39.350	
788	6.00	39.400	
789	5.98	39.450	
790	6.00	39.500	
791	6.00	39.550	
792	6.00	39.600	
793	6.00	39.650	
794	5.98	39.700	
795	5.98	39.750	
796	5.98	39.800	
797	5.98	39.850	
798	6.00	39.900	
799	5.98	39.950	
800	5.98	40.000	
801	5.98	40.050	
802	5.98	40.100	
803	5.98	40.154	
804	5.98	40.200	
805	5.98	40.250	
806	5.98	40.300	
807	5.98	40.350	
808	5.42	40.400	
809	4.14	40.450	
810	2.96	40.500	
811	1.94	40.550	
812	1.14	40.600	
813	0.54	40.650	
814	0.34	40.700	
815	0.32	40.750	
816	0.30	40.800	
817	0.28	40.850	
818	0.22	40.900	
819	0.20	40.950	
820	0.18	41.000	
821	0.14	41.050	
822	0.12	41.100	
823	0.12	41.150	
824	0.12	41.200	
825	0.12	41.250	
826	0.12	41.300	
827	0.12	41.350	
828	0.12	41.400	
829	0.12	41.450	
830	0.12	41.500	
831	0.12	41.550	
832	0.12	41.600	
833	0.12	41.650	
834	0.12	41.700	
835	0.10	41.750	
836	0.10	41.800	
837	0.10	41.850	
838	0.10	41.901	
839	0.10	41.950	
840	0.10	42.000	
841	0.10	42.050	
842	0.10	42.100	
843	0.10	42.150	
844	0.10	42.200	
845	0.10	42.250	
846	0.10	42.300	
847	0.10	42.350	
848	0.10	42.400	
849	0.10	42.450	
850	0.10	42.500	
851	0.10	42.550	
852	0.10	42.600	
853	0.10	42.651	
854	0.10	42.700	
855	0.10	42.750	
856	0.10	42.801	
857	0.10	42.850	
858	0.10	42.900	
859	0.10	42.950	
860	0.10	43.000	
861	0.10	43.050	
862	0.10	43.100	
863	0.10	43.150	
864	0.10	43.200	
865	0.10	43.250	
866	0.08	43.300	
867	0.08	43.350	
868	0.10	43.400	
869	0.10	43.450	
870	0.10	43.500	
871	0.08	43.550	
872	0.08	43.600	
873	0.08	43.650	
874	0.08	43.700	
875	0.08	43.750	
876	0.08	43.800	
877	0.08	43.850	
878	0.10	43.900	
879	0.08	43.950	
880	0.08	44.000	
881	0.08	44.050	
882	0.08	44.100	
883	0.08	44.150	
884	0.08	44.200	
885	0.08	44.250	
886	0.08	44.300	
887	0.08	44.350	
888	0.08	44.400	
889	0.08	44.453	
890	0.08	44.500	
891	0.08	44.550	
892	0.08	44.600	
893	0.08	44.650	
894	0.08	44.700	
895	0.08	44.750	
896	0.08	44.800	
897	0.08	44.850	
898	0.06	44.900	
899	0.36	44.950	
900	1.04	45.000	
901	1.92	45.050	
902	2.84	45.100	
903	4.26	45.156	
904	4.58	45.200	
905	5.30	45.251	
906	5.98	45.300	
907	6.32	45.350	
908	6.34	45.400	
909	6.32	45.450	
910	6.30	45.500	
911	6.28	45.550	
912	6.28	45.600	
913	6.26	45.650	
914	6.26	45.700	
915	6.24	45.751	
916	6.24	45.800	
917	6.24	45.850	
918	6.24	45.900	
919	6.22	45.950	
920	6.22	46.000	
921	6.22	46.050	
922	6.22	46.100	
923	6.20	46.150	
924	6.20	46.200	
925	6.20	46.251	
926	6.20	46.300	
927	6.20	46.350	
928	6.20	46.400	
929	6.20	46.450	
930	6.20	46.500	
931	6.20	46.550	
932	6.20	46.600	
933	6.20	46.650	
934	6.18	46.700	
935	6.18	46.750	
936	6.18	46.800	
937	6.18	46.850	
938	6.18	46.900	
939	6.18	46.950	
940	6.18	47.000	
941	6.18	47.050	
942	6.18	47.100	
943	6.18	47.150	
944	6.18	47.200	
945	6.16	47.250	
946	6.16	47.300	
947	6.16	47.350	
948	6.16	47.400	
949	6.16	47.450	
950	6.16	47.500	
951	6.16	47.550	
952	6.16	47.600	
953	6.16	47.650	
954	6.16	47.700	
955	6.16	47.750	
956	6.16	47.800	
957	6.16	47.850	
958	6.16	47.900	
959	6.16	47.950	
960	6.16	48.001	
961	6.14	48.050	
962	6.14	48.100	
963	6.14	48.150	
964	6.14	48.200	
965	6.14	48.250	
966	6.14	48.300	
967	6.14	48.350	
968	6.14	48.400	
969	6.14	48.450	
970	6.14	48.500	
971	6.14	48.551	
972	6.14	48.601	
973	6.14	48.654	
974	6.14	48.700	
975	6.14	48.750	
976	6.14	48.800	
977	6.14	48.850	
978	6.14	48.900	
979	6.14	48.950	
980	6.14	49.000	
981	6.14	49.050	
982	6.12	49.100	
983	6.14	49.150	
984	6.14	49.200	
985	6.02	49.250	
986	4.82	49.300	
987	3.54	49.350	
988	2.48	49.400	
989	1.54	49.450	
990	0.82	49.500	
991	0.42	49.550	
992	0.34	49.600	
993	0.32	49.650	
994	0.30	49.700	
995	0.26	49.750	
996	0.22	49.800	
997	0.20	49.850	
998	0.14	49.900	
999	0.14	49.950	
1000	0.14	50.000	
1001	0.14	50.051	
1002	0.14	50.100	
1003	0.14	50.158	
1004	0.14	50.200	
1005	0.14	50.251	
1006	0.12	50.300	
1007	0.12	50.350	
1008	0.12	50.400	
1009	0.12	50.450	
1010	0.12	50.500	
1011	0.12	50.550	
1012	0.12	50.600	
1013	0.12	50.650	
1014	0.12	50.700	
1015	0.12	50.750	
1016	0.12	50.801	
1017	0.12	50.851	
1018	0.12	50.900	
1019	0.12	50.950	
1020	0.12	51.001	
1021	0.12	51.050	
1022	0.12	51.100	
1023	0.12	51.151	
1024	0.12	51.200	
1025	0.12	51.250	
1026	0.12	51.300	
1027	0.12	51.350	
1028	0.12	51.400	
1029	0.12	51.450	
1030	0.12	51.500	
1031	0.12	51.551	
1032	0.10	51.600	
1033	0.10	51.650	
1034	0.10	51.700	
1035	0.10	51.751	
1036	0.10	51.801	
1037	0.10	51.850	
1038	0.10	51.901	
1039	0.10	51.950	
1040	0.10	52.000	
1041	0.10	52.050	
1042	0.10	52.100	
1043	0.10	52.150	
1044	0.10	52.200	
1045	0.10	52.250	
1046	0.10	52.300	
1047	0.10	52.350	
1048	0.10	52.400	
1049	0.10	52.450	
1050	0.10	52.500	
1051	0.10	52.550	
1052	0.10	52.600	
1053	0.10	52.650	
1054	0.10	52.700	
1055	0.10	52.750	
1056	0.10	52.801	
1057	0.10	52.850	
1058	0.10	52.900	
1059	0.10	52.950	
1060	0.10	53.000	
1061	0.10	53.050	
1062	0.10	53.100	
1063	0.10	53.150	
1064	0.08	53.200	
1065	0.14	53.250	
1066	0.62	53.300	
1067	1.38	53.350	
1068	2.28	53.400	
1069	3.18	53.450	
1070	3.94	53.500	
1071	4.82	53.550	
1072	5.58	53.600	
1073	6.10	53.650	
1074	6.26	53.700	
1075	6.22	53.750	
1076	6.20	53.800	
1077	6.18	53.851	
1078	6.18	53.901	
1079	6.16	53.950	
1080	6.16	54.000	
1081	6.16	54.050	
1082	6.14	54.101	
1083	6.14	54.150	
1084	6.12	54.200	
1085	6.12	54.250	
1086	6.12	54.300	
1087	6.12	54.350	
1088	6.12	54.400	
1089	6.12	54.450	
1090	6.10	54.500	
1091	6.10	54.550	
1092	6.10	54.600	
1093	6.10	54.650	
1094	6.10	54.700	
1095	6.10	54.750	
1096	6.10	54.800	
1097	6.08	54.850	
1098	6.08	54.900	
1099	6.08	54.950	
1100	6.08	55.000	
1101	6.08	55.050	
1102	6.08	55.100	
1103	6.08	55.161	
1104	6.08	55.200	
1105	6.08	55.250	
1106	6.08	55.300	
1107	6.08	55.350	
1108	6.08	55.400	
1109	6.06	55.450	
1110	6.06	55.500	
1111	6.06	55.550	
1112	6.06	55.600	
1113	6.06	55.650	
1114	6.06	55.700	
1115	6.06	55.750	
1116	6.06	55.800	
1117	6.06	55.850	
1118	6.06	55.900	
1119	6.06	55.950	
1120	6.06	56.001	
1121	6.06	56.050	
1122	6.06	56.100	
1123	6.06	56.150	
1124	6.06	56.200	
1125	6.06	56.250	
1126	6.06	56.300	
1127	6.06	56.350	
1128	6.06	56.400	
1129	6.04	56.450	
1130	6.06	56.500	
1131	6.06	56.550	
1132	6.04	56.600	
1133	6.04	56.650	
1134	6.04	56.700	
1135	6.04	56.750	
1136	6.04	56.800	
1137	6.04	56.850	
1138	6.04	56.900	
1139	6.04	56.950	
1140	6.04	57.000	
1141	6.04	57.050	
1142	6.04	57.100	
1143	6.04	57.150	
1144	6.04	57.200	
1145	6.04	57.250	
1146	6.04	57.300	
1147	6.04	57.350	
1148	6.04	57.400	
1149	6.04	57.450	
1150	6.04	57.501	
1151	6.04	57.550	
1152	6.04	57.600	
1153	6.04	57.650	
1154	6.04	57.700	
1155	5.88	57.751	
1156	4.60	57.800	
1157	3.42	57.850	
1158	2.34	57.900	
1159	1.46	57.950	
1160	0.76	58.000	
1161	0.40	58.050	
1162	0.34	58.100	
1163	0.32	58.150	
1164	0.30	58.200	
1165	0.26	58.250	
1166	0.22	58.300	
1167	0.20	58.350	
1168	0.16	58.400	
1169	0.14	58.450	
1170	0.14	58.500	
1171	0.16	58.550	
1172	0.14	58.602	
1173	0.14	58.650	
1174	0.14	58.700	
1175	0.14	58.750	
1176	0.14	58.800	
1177	0.14	58.850	
1178	0.14	58.900	
1179	0.14	58.950	
1180	0.14	59.000	
1181	0.14	59.050	
1182	0.14	59.100	
1183	0.14	59.150	
1184	0.14	59.201	
1185	0.12	59.250	
1186	0.12	59.300	
1187	0.12	59.350	
1188	0.12	59.400	
1189	0.12	59.457	
1190	0.12	59.500	
1191	0.12	59.550	
1192	0.12	59.600	
1193	0.12	59.650	
1194	0.12	59.700	
1195	0.12	59.750	
1196	0.12	59.800	
1197	0.12	59.850	
1198	0.12	59.900	
1199	0.12	59.950	
1200	0.12	60.000	
1201	0.12	60.050	
1202	0.12	60.100	
1203	0.12	60.160	
1204	0.12	60.200	
1205	0.12	60.250	
1206	0.12	60.301	
1207	0.12	60.351	
1208	0.12	60.401	
1209	0.12	60.450	
1210	0.12	60.500	
1211	0.12	60.550	
1212	0.12	60.600	
1213	0.12	60.650	
1214	0.12	60.700	
1215	0.12	60.750	
1216	0.12	60.812	
1217	0.12	60.850	
1218	0.12	60.901	
1219	0.12	60.950	
1220	0.10	61.000	
1221	0.12	61.050	
1222	0.12	61.101	
1223	0.10	61.150	
1224	0.12	61.200	
1225	0.12	61.250	
1226	0.10	61.301	
1227	0.12	61.350	
1228	0.12	61.400	
1229	0.10	61.450	
1230	0.10	61.500	
1231	0.12	61.550	
1232	0.10	61.600	
1233	0.10	61.650	
1234	0.10	61.700	
1235	0.12	61.750	
1236	0.10	61.800	
1237	0.10	61.850	
1238	0.10	61.900	
1239	0.12	61.950	
1240	0.10	62.000	
1241	0.14	62.050	
1242	0.64	62.100	
1243	1.40	62.150	
1244	2.32	62.200	
1245	3.22	62.250	
1246	3.96	62.300	
1247	4.84	62.350	
1248	5.60	62.400	
1249	6.16	62.450	
1250	6.32	62.500	
1251	6.32	62.550	
1252	6.28	62.600	
1253	6.28	62.650	
1254	6.26	62.700	
1255	6.26	62.750	
1256	6.24	62.800	
1257	6.24	62.850	
1258	6.22	62.900	
1259	6.22	62.950	
1260	6.22	63.000	
1261	6.22	63.050	
1262	6.22	63.100	
1263	6.20	63.150	
1264	6.20	63.201	
1265	6.20	63.250	
1266	6.20	63.300	
1267	6.20	63.350	
1268	6.20	63.400	
1269	6.18	63.450	
1270	6.18	63.500	
1271	6.18	63.550	
1272	6.18	63.600	
1273	6.18	63.650	
1274	6.18	63.700	
1275	6.18	63.750	
1276	6.16	63.813	
1277	6.16	63.850	
1278	6.16	63.904	
1279	6.16	63.950	
1280	6.16	64.000	
1281	6.16	64.050	
1282	6.16	64.100	
1283	6.16	64.150	
1284	6.16	64.200	
1285	6.16	64.250	
1286	6.16	64.300	
1287	6.16	64.350	
1288	6.16	64.400	
1289	6.16	64.450	
1290	6.14	64.500	
1291	6.14	64.550	
1292	6.14	64.600	
1293	6.14	64.650	
1294	6.14	64.700	
1295	6.14	64.750	
1296	6.14	64.800	
1297	6.14	64.850	
1298	6.14	64.900	
1299	6.14	64.950	
1300	6.14	65.000	
1301	6.14	65.050	
1302	6.14	65.100	
1303	6.14	65.163	
1304	6.14	65.200	
1305	6.14	65.253	
1306	6.14	65.300	
1307	6.14	65.350	
1308	6.14	65.400	
1309	6.14	65.450	
1310	6.12	65.500	
1311	6.14	65.550	
1312	6.14	65.600	
1313	6.14	65.650	
1314	6.12	65.700	
1315	6.12	65.750	
1316	6.12	65.800	
1317	6.12	65.850	
1318	6.12	65.900	
1319	5.96	65.950	
1320	4.74	66.001	
1321	3.48	66.050	
1322	2.46	66.101	
1323	1.54	66.150	
1324	0.82	66.200	
1325	0.42	66.250	
1326	0.36	66.300	
1327	0.34	66.350	
1328	0.32	66.400	
1329	0.28	66.450	
1330	0.24	66.500	
1331	0.20	66.550	
1332	0.16	66.600	
1333	0.16	66.650	
1334	0.16	66.700	
1335	0.16	66.750	
1336	0.16	66.800	
1337	0.14	66.850	
1338	0.16	66.900	
1339	0.16	66.950	
1340	0.14	67.000	
1341	0.14	67.050	
1342	0.14	67.100	
1343	0.14	67.150	
1344	0.14	67.200	
1345	0.14	67.250	
1346	0.14	67.300	
1347	0.14	67.350	
1348	0.14	67.400	
1349	0.14	67.450	
1350	0.14	67.500	
1351	0.14	67.550	
1352	0.14	67.600	
1353	0.14	67.650	
1354	0.14	67.700	
1355	0.14	67.750	
1356	0.14	67.800	
1357	0.14	67.850	
1358	0.14	67.900	
1359	0.14	67.950	
1360	0.14	68.000	
1361	0.14	68.050	
1362	0.12	68.100	
1363	0.14	68.150	
1364	0.14	68.200	
1365	0.14	68.250	
1366	0.14	68.300	
1367	0.12	68.350	
1368	0.12	68.400	
1369	0.12	68.450	
1370	0.14	68.500	
1371	0.12	68.550	
1372	0.14	68.600	
1373	0.12	68.650	
1374	0.14	68.700	
1375	0.12	68.750	
1376	0.14	68.800	
1377	0.12	68.850	
1378	0.12	68.900	
1379	0.12	68.950	
1380	0.12	69.000	
1381	0.12	69.050	
1382	0.12	69.100	
1383	0.12	69.150	
1384	0.12	69.200	
1385	0.12	69.250	
1386	0.12	69.300	
1387	0.12	69.350	
1388	0.12	69.400	
1389	0.12	69.450	
1390	0.12	69.550	
1391	0.12	69.600	
1392	0.12	69.651	
1393	0.12	69.700	
1394	0.12	69.750	
1395	0.12	69.800	
1396	0.12	69.850	
1397	0.12	69.900	
1398	0.12	69.950	
1399	0.12	70.000	
1400	0.12	70.051	
1401	0.12	70.100	
1402	0.12	70.163	
1403	0.12	70.200	
1404	0.12	70.253	
1405	0.12	70.301	
1406	0.12	70.350	
1407	0.12	70.400	
1408	0.12	70.450	
1409	0.12	70.500	
1410	0.12	70.550	
1411	0.12	70.600	
1412	0.12	70.651	
1413	0.12	70.700	
1414	0.12	70.750	
1415	0.12	70.801	
1416	0.10	70.850	
1417	0.16	70.900	
1418	0.74	70.950	
1419	1.48	71.000	
1420	2.40	71.050	
1421	3.30	71.100	
1422	4.06	71.150	
1423	4.92	71.200	
1424	5.66	71.251	
1425	6.18	71.301	
1426	6.30	71.350	
1427	6.28	71.400	
1428	6.26	71.450	
1429	6.24	71.500	
1430	6.22	71.550	
1431	6.22	71.600	
1432	6.20	71.650	
1433	6.20	71.700	
1434	6.20	71.750	
1435	6.20	71.800	
1436	6.18	71.851	
1437	6.18	71.900	
1438	6.18	71.950	
1439	6.18	72.000	
1440	6.16	72.050	
1441	6.16	72.100	
1442	6.16	72.150	
1443	6.16	72.200	
1444	6.16	72.250	
1445	6.16	72.300	
1446	6.14	72.351	
1447	6.14	72.400	
1448	6.14	72.450	
1449	6.14	72.500	
1450	6.14	72.550	
1451	6.14	72.600	
1452	6.14	72.650	
1453	6.14	72.700	
1454	6.14	72.750	
1455	6.14	72.801	
1456	6.14	72.851	
1457	6.12	72.900	
1458	6.12	72.950	
1459	6.12	73.000	
1460	6.12	73.050	
1461	6.12	73.101	
1462	6.12	73.150	
1463	6.12	73.200	
1464	6.12	73.250	
1465	6.12	73.300	
1466	6.12	73.351	
1467	6.12	73.400	
1468	6.12	73.450	
1469	6.12	73.500	
1470	6.12	73.550	
1471	6.12	73.600	
1472	6.10	73.650	
1473	6.12	73.701	
1474	6.10	73.750	
1475	6.12	73.801	
1476	6.10	73.850	
1477	6.10	73.900	
1478	6.10	73.950	
1479	6.10	74.000	
1480	6.10	74.050	
1481	6.10	74.100	
1482	6.10	74.150	
1483	6.10	74.200	
1484	6.10	74.250	
1485	6.10	74.300	
1486	6.10	74.350	
1487	6.10	74.400	
1488	6.10	74.450	
1489	6.10	74.500	
1490	6.10	74.550	
1491	6.10	74.600	
1492	6.10	74.650	
1493	6.10	74.701	
1494	6.10	74.750	
1495	6.10	74.800	
1496	6.08	74.850	
1497	5.02	74.900	
1498	3.74	74.950	
1499	2.66	75.001	
1500	1.70	75.050	
1501	0.96	75.100	
1502	0.48	75.150	
1503	0.38	75.200	
1504	0.34	75.250	
1505	0.32	75.300	
1506	0.30	75.351	
1507	0.26	75.400	
1508	0.22	75.450	
1509	0.20	75.500	
1510	0.18	75.550	
1511	0.18	75.601	
1512	0.18	75.650	
1513	0.18	75.700	
1514	0.16	75.750	
1515	0.16	75.800	
1516	0.16	75.850	
1517	0.16	75.900	
1518	0.16	75.950	
1519	0.16	76.000	
1520	0.16	76.050	
1521	0.16	76.100	
1522	0.16	76.150	
1523	0.16	76.200	
1524	0.16	76.250	
1525	0.14	76.301	
1526	0.14	76.351	
1527	0.14	76.400	
1528	0.16	76.450	
1529	0.16	76.500	
1530	0.14	76.550	
1531	0.14	76.600	
1532	0.14	76.650	
1533	0.14	76.700	
1534	0.14	76.750	
1535	0.14	76.801	
1536	0.14	76.850	
1537	0.14	76.900	
1538	0.14	76.950	
1539	0.14	77.000	
1540	0.14	77.050	
1541	0.14	77.100	
1542	0.14	77.150	
1543	0.14	77.200	
1544	0.14	77.250	
1545	0.14	77.301	
1546	0.14	77.350	
1547	0.14	77.400	
1548	0.14	77.450	
1549	0.14	77.500	
1550	0.14	77.550	
1551	0.14	77.600	
1552	0.14	77.650	
1553	0.14	77.700	
1554	0.14	77.750	
1555	0.14	77.800	
1556	0.14	77.851	
1557	0.14	77.900	
1558	0.14	77.950	
1559	0.14	78.000	
1560	0.14	78.050	
1561	0.14	78.101	
1562	0.14	78.150	
1563	0.14	78.200	
1564	0.14	78.250	
1565	0.14	78.300	
1566	0.14	78.351	
1567	0.14	78.400	
1568	0.14	78.450	
1569	0.14	78.500	
1570	0.14	78.550	
1571	0.14	78.600	
1572	0.14	78.650	
1573	0.14	78.700	
1574	0.14	78.750	
1575	0.14	78.800	
1576	0.14	78.851	
1577	0.14	78.900	
1578	0.14	78.950	
1579	0.14	79.001	
1580	0.14	79.051	
1581	0.14	79.100	
1582	0.14	79.150	
1583	0.14	79.200	
1584	0.14	79.250	
1585	0.14	79.300	
1586	0.14	79.350	
1587	0.12	79.400	
1588	0.14	79.450	
1589	0.14	79.500	
1590	0.14	79.550	
1591	0.14	79.600	
1592	0.14	79.650	
1593	0.14	79.700	
1594	0.14	79.750	
1595	0.12	79.800	
1596	0.14	79.850	
1597	0.14	79.900	
1598	0.14	79.950	
1599	0.12	80.000	
1600	0.14	80.050	
1601	0.14	80.100	
1602	0.14	80.200	
1603	0.14	80.250	
1604	0.12	80.309	
1605	0.16	80.350	
1606	0.96	80.406	
1607	1.26	80.450	
1608	2.04	80.500	
1609	2.96	80.550	
1610	3.72	80.600	
1611	4.60	80.650	
1612	5.40	80.700	
1613	6.02	80.751	
1614	6.34	80.800	
1615	6.34	80.850	
1616	6.32	80.900	
1617	6.30	80.951	
1618	6.28	81.000	
1619	6.26	81.050	
1620	6.26	81.100	
1621	6.26	81.150	
1622	6.24	81.200	
1623	6.24	81.250	
1624	6.24	81.300	
1625	6.22	81.350	
1626	6.22	81.400	
1627	6.22	81.450	
1628	6.22	81.500	
1629	6.22	81.550	
1630	6.20	81.600	
1631	6.20	81.650	
1632	6.20	81.700	
1633	6.20	81.750	
1634	6.20	81.800	
1635	6.20	81.850	
1636	6.20	81.900	
1637	6.18	81.950	
1638	6.18	82.000	
1639	6.18	82.050	
1640	6.18	82.100	
1641	6.18	82.151	
1642	6.18	82.200	
1643	6.18	82.250	
1644	6.18	82.300	
1645	6.18	82.350	
1646	6.16	82.400	
1647	6.18	82.450	
1648	6.16	82.500	
1649	6.16	82.550	
1650	6.16	82.600	
1651	6.16	82.650	
1652	6.16	82.700	
1653	6.16	82.750	
1654	6.16	82.800	
1655	6.16	82.850	
1656	6.16	82.900	
1657	6.16	82.950	
1658	6.16	83.000	
1659	6.16	83.050	
1660	6.16	83.100	
1661	6.14	83.150	
1662	6.16	83.200	
1663	6.16	83.250	
1664	6.16	83.300	
1665	6.14	83.350	
1666	6.14	83.400	
1667	6.14	83.450	
1668	6.14	83.500	
1669	6.14	83.550	
1670	6.14	83.600	
1671	6.14	83.650	
1672	6.14	83.700	
1673	6.14	83.751	
1674	6.14	83.800	
1675	6.14	83.850	
1676	6.14	83.900	
1677	6.14	83.950	
1678	6.14	84.000	
1679	6.14	84.050	
1680	6.14	84.100	
1681	6.14	84.150	
1682	5.58	84.200	
1683	4.28	84.250	
1684	3.12	84.301	
1685	2.10	84.350	
1686	1.30	84.400	
1687	0.68	84.450	
1688	0.42	84.500	
1689	0.38	84.550	
1690	0.36	84.600	
1691	0.34	84.650	
1692	0.28	84.700	
1693	0.26	84.750	
1694	0.24	84.800	
1695	0.20	84.850	
1696	0.18	84.900	
1697	0.18	84.950	
1698	0.18	85.000	
1699	0.18	85.050	
1700	0.18	85.100	
1701	0.18	85.150	
1702	0.18	85.200	
1703	0.18	85.250	
1704	0.16	85.300	
1705	0.16	85.351	
1706	0.16	85.400	
1707	0.16	85.450	
1708	0.16	85.500	
1709	0.16	85.550	
1710	0.16	85.600	
1711	0.16	85.650	
1712	0.16	85.700	
1713	0.16	85.750	
1714	0.16	85.800	
1715	0.16	85.850	
1716	0.16	85.900	
1717	0.16	85.950	
1718	0.16	86.001	
1719	0.16	86.050	
1720	0.16	86.100	
1721	0.16	86.150	
1722	0.16	86.200	
1723	0.16	86.250	
1724	0.16	86.300	
1725	0.16	86.350	
1726	0.14	86.400	
1727	0.16	86.450	
1728	0.16	86.500	
1729	0.14	86.550	
1730	0.14	86.601	
1731	0.16	86.650	
1732	0.14	86.701	
1733	0.14	86.750	
1734	0.14	86.800	
1735	0.14	86.850	
1736	0.14	86.900	
1737	0.14	86.950	
1738	0.14	87.000	
1739	0.14	87.050	
1740	0.14	87.100	
1741	0.14	87.150	
1742	0.14	87.200	
1743	0.14	87.250	
1744	0.14	87.300	
1745	0.14	87.350	
1746	0.14	87.400	
1747	0.14	87.450	
1748	0.14	87.500	
1749	0.14	87.550	
1750	0.14	87.600	
1751	0.14	87.650	
1752	0.14	87.700	
1753	0.14	87.750	
1754	0.14	87.800	
1755	0.14	87.850	
1756	0.14	87.900	
1757	0.14	87.950	
1758	0.14	88.000	
1759	0.14	88.050	
1760	0.14	88.100	
1761	0.14	88.150	
1762	0.14	88.200	
1763	0.14	88.250	
1764	0.14	88.300	
1765	0.14	88.350	
1766	0.14	88.400	
1767	0.14	88.450	
1768	0.14	88.514	
1769	0.14	88.551	
1770	0.14	88.611	
1771	0.14	88.650	
1772	0.14	88.709	
1773	0.14	88.750	
1774	0.14	88.807	
1775	0.14	88.850	
1776	0.14	88.906	
1777	0.14	88.950	
1778	0.14	89.006	
1779	0.14	89.050	
1780	0.14	89.100	
1781	0.14	89.150	
1782	0.14	89.201	
1783	0.14	89.250	
1784	0.14	89.300	
1785	0.14	89.350	
1786	0.14	89.400	
1787	0.14	89.450	
1788	0.14	89.501	
1789	0.14	89.550	
1790	0.14	89.600	
1791	0.14	89.650	
1792	0.14	89.700	
1793	0.14	89.750	
1794	0.14	89.800	
1795	0.14	89.850	
1796	0.14	89.900	
1797	0.14	89.950	
1798	0.14	90.000	
1799	0.14	90.051	
1800	0.14	90.101	
1801	0.14	90.200	
1802	0.14	90.250	
1803	0.14	90.300	
1804	0.14	90.350	
1805	0.14	90.400	
1806	0.14	90.450	
1807	0.14	90.501	
1808	0.14	90.550	
1809	0.14	90.600	
1810	0.14	90.650	
1811	0.14	90.700	
1812	0.14	90.750	
1813	0.14	90.800	
1814	0.14	90.850	
1815	0.14	90.900	
1816	0.14	90.950	
1817	0.14	91.000	
1818	0.14	91.050	
1819	0.14	91.100	
1820	0.14	91.150	
1821	0.14	91.200	
1822	0.14	91.250	
1823	0.14	91.300	
1824	0.14	91.350	
1825	0.14	91.400	
1826	0.14	91.450	
1827	0.14	91.500	
1828	0.14	91.550	
1829	0.14	91.600	
1830	0.14	91.650	
1831	0.14	91.700	
1832	0.14	91.750	
1833	0.14	91.800	
1834	0.14	91.851	
1835	0.14	91.900	
1836	0.12	91.950	
1837	0.42	92.000	
1838	1.10	92.050	
1839	1.96	92.100	
1840	2.88	92.150	
1841	3.68	92.200	
1842	4.52	92.250	
1843	5.34	92.300	
1844	5.98	92.350	
1845	6.30	92.400	
1846	6.32	92.450	
1847	6.30	92.500	
1848	6.28	92.550	
1849	6.26	92.600	
1850	6.24	92.650	
1851	6.24	92.700	
1852	6.22	92.750	
1853	6.22	92.800	
1854	6.22	92.850	
1855	6.20	92.900	
1856	6.20	92.950	
1857	6.20	93.000	
1858	6.20	93.051	
1859	6.20	93.100	
1860	6.18	93.150	
1861	6.18	93.200	
1862	6.18	93.250	
1863	6.18	93.300	
1864	6.18	93.351	
1865	6.16	93.400	
1866	6.16	93.450	
1867	6.16	93.500	
1868	6.16	93.550	
1869	6.16	93.600	
1870	6.16	93.650	
1871	6.16	93.700	
1872	6.16	93.750	
1873	6.16	93.800	
1874	6.14	93.850	
1875	6.14	93.900	
1876	6.14	93.950	
1877	6.14	94.000	
1878	6.14	94.050	
1879	6.14	94.100	
1880	6.14	94.150	
1881	6.14	94.200	
1882	6.14	94.250	
1883	6.14	94.300	
1884	6.14	94.350	
1885	6.14	94.400	
1886	6.14	94.450	
1887	6.14	94.500	
1888	6.12	94.550	
1889	6.14	94.600	
1890	6.12	94.650	
1891	6.12	94.700	
1892	6.12	94.750	
1893	6.12	94.800	
1894	6.12	94.850	
1895	6.12	94.901	
1896	6.12	94.951	
1897	6.12	95.000	
1898	6.12	95.050	
1899	6.12	95.100	
1900	6.12	95.150	
1901	6.12	95.200	
1902	6.12	95.250	
1903	6.12	95.300	
1904	6.12	95.350	
1905	6.12	95.400	
1906	6.12	95.450	
1907	6.12	95.500	
1908	6.12	95.550	
1909	6.12	95.600	
1910	6.12	95.650	
1911	6.12	95.700	
1912	5.66	95.750	
1913	4.38	95.800	
1914	3.20	95.850	
1915	2.18	95.900	
1916	1.34	95.951	
1917	0.68	96.000	
1918	0.42	96.050	
1919	0.38	96.100	
1920	0.36	96.150	
1921	0.34	96.200	
1922	0.30	96.250	
1923	0.26	96.300	
1924	0.24	96.350	
1925	0.20	96.400	
1926	0.20	96.450	
1927	0.20	96.500	
1928	0.20	96.550	
1929	0.18	96.601	
1930	0.18	96.650	
1931	0.18	96.701	
1932	0.18	96.750	
1933	0.18	96.800	
1934	0.18	96.850	
1935	0.18	96.900	
1936	0.18	96.950	
1937	0.18	97.000	
1938	0.18	97.050	
1939	0.18	97.100	
1940	0.18	97.150	
1941	0.18	97.200	
1942	0.18	97.250	
1943	0.18	97.300	
1944	0.18	97.350	
1945	0.16	97.400	
1946	0.16	97.450	
1947	0.16	97.500	
1948	0.16	97.550	
1949	0.16	97.600	
1950	0.16	97.650	
1951	0.16	97.700	
1952	0.16	97.750	
1953	0.16	97.800	
1954	0.16	97.850	
1955	0.16	97.900	
1956	0.16	97.950	
1957	0.16	98.000	
1958	0.16	98.050	
1959	0.16	98.100	
1960	0.16	98.150	
1961	0.16	98.200	
1962	0.16	98.250	
1963	0.16	98.300	
1964	0.16	98.350	
1965	0.16	98.400	
1966	0.16	98.450	
1967	0.16	98.500	
1968	0.16	98.550	
1969	0.16	98.600	
1970	0.16	98.650	
1971	0.16	98.700	
1972	0.16	98.750	
1973	0.16	98.800	
1974	0.16	98.850	
1975	0.16	98.900	
1976	0.16	98.951	
1977	0.16	99.000	
1978	0.16	99.050	
1979	0.16	99.100	
1980	0.16	99.151	
1981	0.16	99.200	
1982	0.14	99.250	
1983	0.14	99.300	
1984	0.16	99.350	
1985	0.16	99.401	
1986	0.14	99.450	
1987	0.14	99.501	
1988	0.14	99.550	
1989	0.14	99.600	
1990	0.16	99.650	
1991	0.16	99.700	
1992	0.16	99.750	
1993	0.16	99.800	
1994	0.14	99.901	
1995	0.16	99.950	
1996	0.16	100.050	
1997	0.14	100.100	
1998	0.14	100.200	
1999	0.14	100.250	
2000	0.14	100.300	
2001	0.14	100.350	
2002	0.14	100.401	
2003	0.14	100.450	
2004	0.14	100.500	
2005	0.16	100.550	
2006	0.14	100.600	
2007	0.14	100.650	
2008	0.14	100.700	
2009	0.14	100.750	
2010	0.14	100.800	
2011	0.14	100.850	
2012	0.14	100.900	
2013	0.14	100.950	
2014	0.14	101.000	
2015	0.14	101.050	
2016	0.14	101.101	
2017	0.14	101.150	
2018	0.14	101.200	
2019	0.14	101.250	
2020	0.14	101.300	
