7/23/2024  1:09 PM
Units: N
Readings: Continuous
X-Axis: Time

Reading	Load	Time	
1	0.00	0.000	
2	0.00	0.101	
3	0.00	0.150	
4	0.00	0.200	
5	0.00	0.250	
6	0.00	0.300	
7	0.00	0.350	
8	0.00	0.400	
9	0.00	0.450	
10	0.00	0.500	
11	0.00	0.550	
12	0.00	0.600	
13	0.00	0.650	
14	0.00	0.700	
15	0.00	0.750	
16	0.00	0.800	
17	0.00	0.851	
18	0.00	0.900	
19	0.00	0.950	
20	0.00	1.000	
21	0.00	1.050	
22	0.00	1.100	
23	0.00	1.150	
24	0.00	1.200	
25	0.00	1.250	
26	0.00	1.300	
27	0.00	1.350	
28	0.00	1.400	
29	0.00	1.450	
30	0.00	1.501	
31	0.00	1.551	
32	0.00	1.600	
33	0.00	1.650	
34	0.00	1.701	
35	0.00	1.750	
36	0.00	1.800	
37	0.00	1.850	
38	0.00	1.901	
39	0.00	1.950	
40	0.00	2.000	
41	0.00	2.051	
42	0.00	2.100	
43	0.00	2.151	
44	0.00	2.200	
45	0.00	2.250	
46	0.00	2.300	
47	0.00	2.350	
48	0.00	2.400	
49	0.00	2.450	
50	0.00	2.500	
51	0.00	2.551	
52	0.00	2.600	
53	0.00	2.651	
54	0.00	2.700	
55	0.00	2.751	
56	0.00	2.800	
57	0.00	2.851	
58	0.00	2.900	
59	0.00	2.950	
60	0.00	3.000	
61	0.00	3.050	
62	0.00	3.100	
63	0.00	3.151	
64	0.00	3.200	
65	0.00	3.250	
66	0.00	3.300	
67	0.00	3.351	
68	0.00	3.400	
69	0.00	3.451	
70	0.00	3.500	
71	0.00	3.550	
72	0.00	3.600	
73	0.00	3.650	
74	0.00	3.700	
75	0.00	3.750	
76	0.00	3.801	
77	0.00	3.850	
78	0.00	3.900	
79	0.00	3.950	
80	0.00	4.001	
81	0.00	4.050	
82	0.00	4.101	
83	0.00	4.150	
84	0.00	4.200	
85	0.00	4.250	
86	0.00	4.301	
87	0.00	4.351	
88	0.00	4.400	
89	0.00	4.451	
90	0.00	4.500	
91	0.00	4.550	
92	0.00	4.600	
93	0.00	4.651	
94	0.00	4.700	
95	0.00	4.750	
96	0.00	4.801	
97	0.00	4.850	
98	0.00	4.901	
99	0.00	4.950	
100	0.00	5.000	
101	0.00	5.050	
102	0.00	5.100	
103	0.00	5.150	
104	0.00	5.200	
105	0.00	5.250	
106	0.00	5.301	
107	0.00	5.350	
108	0.00	5.400	
109	0.00	5.451	
110	0.00	5.500	
111	0.00	5.550	
112	0.00	5.600	
113	0.00	5.650	
114	0.00	5.701	
115	0.00	5.750	
116	0.00	5.800	
117	0.02	5.850	
118	0.08	5.901	
119	0.44	5.950	
120	0.88	6.000	
121	1.38	6.050	
122	2.06	6.100	
123	2.64	6.150	
124	3.32	6.201	
125	4.10	6.250	
126	4.80	6.300	
127	5.36	6.350	
128	5.58	6.400	
129	5.58	6.450	
130	5.56	6.500	
131	5.54	6.550	
132	5.54	6.600	
133	5.52	6.650	
134	5.52	6.700	
135	5.50	6.750	
136	5.50	6.800	
137	5.50	6.850	
138	5.50	6.900	
139	5.50	6.951	
140	5.48	7.000	
141	5.48	7.050	
142	5.48	7.101	
143	5.48	7.150	
144	5.46	7.201	
145	5.48	7.250	
146	5.46	7.300	
147	5.46	7.351	
148	5.46	7.401	
149	5.46	7.450	
150	5.46	7.500	
151	5.46	7.551	
152	5.46	7.600	
153	5.44	7.650	
154	5.44	7.700	
155	5.44	7.750	
156	5.44	7.800	
157	5.44	7.850	
158	5.44	7.900	
159	5.44	7.950	
160	5.44	8.000	
161	5.44	8.050	
162	5.44	8.100	
163	5.44	8.150	
164	5.44	8.200	
165	5.44	8.251	
166	5.44	8.300	
167	5.42	8.350	
168	5.44	8.401	
169	5.42	8.450	
170	5.42	8.501	
171	5.42	8.550	
172	5.42	8.600	
173	5.42	8.650	
174	5.42	8.700	
175	5.42	8.751	
176	5.42	8.800	
177	5.42	8.850	
178	5.42	8.900	
179	5.42	8.951	
180	5.42	9.000	
181	5.42	9.051	
182	5.42	9.100	
183	5.42	9.150	
184	5.42	9.200	
185	5.42	9.251	
186	5.42	9.300	
187	5.42	9.350	
188	5.22	9.400	
189	4.06	9.451	
190	2.94	9.500	
191	2.06	9.551	
192	1.28	9.600	
193	0.78	9.650	
194	0.44	9.701	
195	0.28	9.750	
196	0.28	9.800	
197	0.26	9.851	
198	0.26	9.900	
199	0.20	9.950	
200	0.18	10.000	
201	0.14	10.051	
202	0.06	10.101	
203	0.04	10.150	
204	0.06	10.200	
205	0.06	10.250	
206	0.04	10.300	
207	0.04	10.351	
208	0.04	10.400	
209	0.04	10.450	
210	0.04	10.500	
211	0.04	10.550	
212	0.04	10.601	
213	0.04	10.650	
214	0.04	10.701	
215	0.04	10.750	
216	0.04	10.800	
217	0.04	10.850	
218	0.04	10.901	
219	0.04	10.950	
220	0.04	11.000	
221	0.04	11.051	
222	0.04	11.100	
223	0.04	11.150	
224	0.04	11.201	
225	0.04	11.250	
226	0.04	11.301	
227	0.04	11.350	
228	0.04	11.400	
229	0.04	11.450	
230	0.04	11.500	
231	0.04	11.550	
232	0.04	11.600	
233	0.04	11.650	
234	0.04	11.701	
235	0.02	11.750	
236	0.02	11.801	
237	0.04	11.850	
238	0.02	11.900	
239	0.02	11.950	
240	0.02	12.000	
241	0.02	12.050	
242	0.02	12.100	
243	0.02	12.150	
244	0.02	12.200	
245	0.02	12.250	
246	0.02	12.300	
247	0.02	12.351	
248	0.02	12.400	
249	0.02	12.450	
250	0.02	12.500	
251	0.02	12.550	
252	0.02	12.601	
253	0.02	12.651	
254	0.02	12.701	
255	0.02	12.750	
256	0.02	12.800	
257	0.02	12.850	
258	0.02	12.900	
259	0.02	12.950	
260	0.02	13.000	
261	0.02	13.050	
262	0.02	13.100	
263	0.02	13.150	
264	0.02	13.200	
265	0.02	13.250	
266	0.02	13.300	
267	0.02	13.350	
268	0.02	13.400	
269	0.02	13.451	
270	0.02	13.500	
271	0.02	13.550	
272	0.02	13.600	
273	0.02	13.650	
274	0.02	13.701	
275	0.02	13.750	
276	0.02	13.800	
277	0.02	13.851	
278	0.02	13.900	
279	0.02	13.950	
280	0.02	14.000	
281	0.02	14.050	
282	0.02	14.101	
283	0.02	14.150	
284	0.02	14.201	
285	0.02	14.250	
286	0.02	14.301	
287	0.02	14.350	
288	0.02	14.400	
289	0.02	14.450	
290	0.02	14.500	
291	0.02	14.550	
292	0.02	14.600	
293	0.02	14.650	
294	0.02	14.701	
295	0.02	14.750	
296	0.04	14.801	
297	0.06	14.850	
298	0.28	14.901	
299	0.74	14.950	
300	1.18	15.000	
301	1.84	15.051	
302	2.44	15.100	
303	3.02	15.150	
304	3.78	15.200	
305	4.52	15.250	
306	5.12	15.300	
307	5.42	15.351	
308	5.42	15.400	
309	5.40	15.450	
310	5.40	15.500	
311	5.38	15.550	
312	5.36	15.601	
313	5.36	15.650	
314	5.36	15.700	
315	5.36	15.750	
316	5.34	15.800	
317	5.34	15.850	
318	5.34	15.901	
319	5.34	15.950	
320	5.34	16.000	
321	5.32	16.051	
322	5.32	16.100	
323	5.32	16.150	
324	5.32	16.200	
325	5.32	16.250	
326	5.32	16.300	
327	5.32	16.350	
328	5.32	16.400	
329	5.30	16.450	
330	5.30	16.500	
331	5.30	16.550	
332	5.30	16.600	
333	5.30	16.650	
334	5.30	16.700	
335	5.30	16.750	
336	5.30	16.800	
337	5.30	16.850	
338	5.30	16.900	
339	5.30	16.950	
340	5.30	17.000	
341	5.30	17.051	
342	5.30	17.100	
343	5.28	17.150	
344	5.28	17.201	
345	5.30	17.250	
346	5.28	17.301	
347	5.28	17.350	
348	5.28	17.400	
349	5.28	17.450	
350	5.28	17.500	
351	5.28	17.550	
352	5.28	17.600	
353	5.28	17.650	
354	5.28	17.700	
355	5.28	17.750	
356	5.28	17.801	
357	5.28	17.851	
358	5.28	17.900	
359	5.28	17.951	
360	5.28	18.001	
361	5.28	18.051	
362	5.28	18.100	
363	5.28	18.150	
364	5.28	18.200	
365	5.26	18.250	
366	4.94	18.300	
367	3.74	18.350	
368	2.70	18.400	
369	1.84	18.450	
370	1.14	18.500	
371	0.66	18.550	
372	0.36	18.600	
373	0.26	18.650	
374	0.26	18.700	
375	0.24	18.750	
376	0.24	18.800	
377	0.20	18.850	
378	0.16	18.900	
379	0.12	18.950	
380	0.06	19.000	
381	0.06	19.050	
382	0.06	19.100	
383	0.06	19.150	
384	0.06	19.200	
385	0.06	19.251	
386	0.06	19.300	
387	0.06	19.350	
388	0.06	19.400	
389	0.06	19.450	
390	0.06	19.500	
391	0.06	19.550	
392	0.06	19.600	
393	0.04	19.650	
394	0.04	19.700	
395	0.04	19.750	
396	0.04	19.800	
397	0.04	19.851	
398	0.04	19.900	
399	0.04	19.950	
400	0.04	20.000	
401	0.04	20.050	
402	0.04	20.100	
403	0.04	20.150	
404	0.04	20.200	
405	0.04	20.250	
406	0.04	20.300	
407	0.04	20.350	
408	0.04	20.400	
409	0.04	20.450	
410	0.04	20.500	
411	0.04	20.550	
412	0.04	20.600	
413	0.04	20.650	
414	0.04	20.700	
415	0.04	20.750	
416	0.04	20.800	
417	0.04	20.850	
418	0.04	20.900	
419	0.04	20.950	
420	0.04	21.000	
421	0.04	21.050	
422	0.04	21.100	
423	0.04	21.150	
424	0.04	21.201	
425	0.04	21.251	
426	0.04	21.300	
427	0.04	21.350	
428	0.04	21.400	
429	0.04	21.450	
430	0.04	21.500	
431	0.04	21.550	
432	0.04	21.600	
433	0.04	21.651	
434	0.04	21.700	
435	0.02	21.750	
436	0.04	21.801	
437	0.04	21.850	
438	0.04	21.900	
439	0.02	21.950	
440	0.04	22.000	
441	0.02	22.050	
442	0.02	22.100	
443	0.04	22.150	
444	0.04	22.200	
445	0.04	22.250	
446	0.02	22.300	
447	0.02	22.350	
448	0.02	22.400	
449	0.02	22.450	
450	0.04	22.500	
451	0.04	22.550	
452	0.06	22.600	
453	0.08	22.650	
454	0.24	22.700	
455	0.72	22.750	
456	1.16	22.800	
457	1.84	22.850	
458	2.40	22.900	
459	3.00	22.950	
460	3.74	23.000	
461	4.46	23.050	
462	5.02	23.100	
463	5.24	23.150	
464	5.24	23.200	
465	5.22	23.250	
466	5.22	23.300	
467	5.20	23.351	
468	5.20	23.400	
469	5.18	23.450	
470	5.18	23.500	
471	5.18	23.550	
472	5.18	23.600	
473	5.18	23.650	
474	5.16	23.700	
475	5.16	23.750	
476	5.16	23.800	
477	5.16	23.851	
478	5.16	23.900	
479	5.16	23.950	
480	5.16	24.000	
481	5.14	24.050	
482	5.14	24.100	
483	5.14	24.150	
484	5.14	24.200	
485	5.14	24.250	
486	5.14	24.300	
487	5.14	24.350	
488	5.14	24.400	
489	5.14	24.450	
490	5.14	24.501	
491	5.12	24.550	
492	5.14	24.600	
493	5.12	24.650	
494	5.12	24.700	
495	5.12	24.750	
496	5.12	24.800	
497	5.12	24.850	
498	5.12	24.900	
499	5.12	24.950	
500	5.12	25.000	
501	5.12	25.050	
502	5.12	25.100	
503	5.12	25.150	
504	5.12	25.201	
505	5.12	25.250	
506	5.12	25.300	
507	5.10	25.350	
508	5.10	25.400	
509	5.10	25.450	
510	5.12	25.500	
511	5.10	25.550	
512	5.10	25.600	
513	5.10	25.650	
514	5.10	25.700	
515	5.10	25.750	
516	5.10	25.800	
517	5.10	25.850	
518	5.10	25.900	
519	5.10	25.950	
520	5.10	26.000	
521	5.10	26.050	
522	5.10	26.100	
523	5.10	26.150	
524	5.10	26.201	
525	5.10	26.250	
526	5.10	26.300	
527	4.96	26.350	
528	3.80	26.400	
529	2.72	26.450	
530	1.86	26.500	
531	1.14	26.550	
532	0.66	26.600	
533	0.36	26.650	
534	0.28	26.700	
535	0.28	26.750	
536	0.26	26.800	
537	0.24	26.850	
538	0.20	26.900	
539	0.16	26.950	
540	0.14	27.000	
541	0.08	27.050	
542	0.06	27.100	
543	0.06	27.150	
544	0.06	27.200	
545	0.06	27.250	
546	0.06	27.300	
547	0.06	27.350	
548	0.06	27.400	
549	0.06	27.450	
550	0.06	27.500	
551	0.06	27.550	
552	0.06	27.600	
553	0.06	27.650	
554	0.06	27.700	
555	0.06	27.750	
556	0.06	27.800	
557	0.06	27.851	
558	0.06	27.900	
559	0.06	27.950	
560	0.04	28.000	
561	0.06	28.050	
562	0.06	28.100	
563	0.04	28.150	
564	0.04	28.200	
565	0.04	28.250	
566	0.04	28.300	
567	0.04	28.351	
568	0.04	28.400	
569	0.04	28.450	
570	0.04	28.500	
571	0.04	28.550	
572	0.04	28.600	
573	0.04	28.650	
574	0.04	28.700	
575	0.04	28.750	
576	0.04	28.800	
577	0.04	28.850	
578	0.04	28.900	
579	0.04	28.950	
580	0.04	29.000	
581	0.04	29.050	
582	0.04	29.100	
583	0.04	29.150	
584	0.04	29.200	
585	0.04	29.250	
586	0.04	29.300	
587	0.04	29.350	
588	0.04	29.401	
589	0.04	29.450	
590	0.04	29.501	
591	0.04	29.550	
592	0.04	29.600	
593	0.04	29.650	
594	0.04	29.700	
595	0.04	29.751	
596	0.04	29.800	
597	0.04	29.850	
598	0.04	29.901	
599	0.04	29.951	
600	0.04	30.000	
601	0.04	30.050	
602	0.06	30.100	
603	0.18	30.150	
604	0.32	30.200	
605	0.78	30.250	
606	1.28	30.300	
607	1.96	30.350	
608	2.48	30.401	
609	3.14	30.450	
610	3.88	30.500	
611	4.60	30.550	
612	5.10	30.600	
613	5.28	30.650	
614	5.26	30.700	
615	5.24	30.750	
616	5.24	30.800	
617	5.22	30.850	
618	5.22	30.901	
619	5.22	30.950	
620	5.20	31.000	
621	5.20	31.050	
622	5.20	31.100	
623	5.20	31.151	
624	5.18	31.201	
625	5.18	31.250	
626	5.18	31.300	
627	5.18	31.350	
628	5.18	31.401	
629	5.16	31.450	
630	5.16	31.500	
631	5.16	31.550	
632	5.16	31.600	
633	5.16	31.651	
634	5.16	31.700	
635	5.16	31.750	
636	5.16	31.800	
637	5.16	31.850	
638	5.16	31.901	
639	5.16	31.950	
640	5.16	32.000	
641	5.14	32.050	
642	5.14	32.100	
643	5.16	32.151	
644	5.14	32.200	
645	5.14	32.250	
646	5.14	32.300	
647	5.14	32.350	
648	5.14	32.400	
649	5.14	32.451	
650	5.14	32.500	
651	5.14	32.550	
652	5.14	32.600	
653	5.14	32.651	
654	5.14	32.700	
655	5.14	32.750	
656	5.14	32.800	
657	5.14	32.851	
658	5.14	32.901	
659	5.14	32.950	
660	5.14	33.000	
661	5.14	33.050	
662	5.14	33.100	
663	5.14	33.150	
664	5.14	33.201	
665	5.12	33.250	
666	5.14	33.300	
667	5.12	33.350	
668	5.12	33.400	
669	5.12	33.451	
670	5.12	33.500	
671	5.12	33.550	
672	5.12	33.600	
673	5.12	33.650	
674	5.12	33.701	
675	5.12	33.750	
676	5.12	33.800	
677	5.12	33.850	
678	5.12	33.900	
679	5.12	33.950	
680	5.12	34.001	
681	5.12	34.050	
682	5.12	34.100	
683	5.12	34.150	
684	5.12	34.200	
685	5.12	34.250	
686	5.12	34.300	
687	5.12	34.350	
688	5.12	34.400	
689	5.12	34.450	
690	5.12	34.500	
691	5.12	34.550	
692	5.12	34.600	
693	5.12	34.650	
694	4.48	34.701	
695	3.26	34.750	
696	2.32	34.800	
697	1.50	34.850	
698	0.90	34.900	
699	0.50	34.950	
700	0.30	35.000	
701	0.28	35.050	
702	0.26	35.100	
703	0.24	35.150	
704	0.22	35.200	
705	0.20	35.250	
706	0.16	35.300	
707	0.12	35.350	
708	0.08	35.400	
709	0.06	35.450	
710	0.08	35.500	
711	0.08	35.550	
712	0.06	35.600	
713	0.06	35.650	
714	0.06	35.700	
715	0.06	35.750	
716	0.06	35.800	
717	0.06	35.850	
718	0.06	35.900	
719	0.06	35.950	
720	0.06	36.000	
721	0.06	36.050	
722	0.06	36.100	
723	0.06	36.150	
724	0.06	36.200	
725	0.06	36.250	
726	0.06	36.300	
727	0.06	36.350	
728	0.06	36.400	
729	0.06	36.450	
730	0.06	36.500	
731	0.06	36.551	
732	0.06	36.600	
733	0.06	36.650	
734	0.06	36.700	
735	0.06	36.750	
736	0.06	36.800	
737	0.06	36.850	
738	0.06	36.900	
739	0.06	36.950	
740	0.06	37.000	
741	0.06	37.050	
742	0.06	37.100	
743	0.06	37.150	
744	0.06	37.200	
745	0.06	37.250	
746	0.04	37.300	
747	0.06	37.350	
748	0.06	37.400	
749	0.06	37.450	
750	0.06	37.500	
751	0.04	37.550	
752	0.06	37.600	
753	0.06	37.650	
754	0.04	37.700	
755	0.04	37.750	
756	0.06	37.801	
757	0.06	37.851	
758	0.04	37.900	
759	0.06	37.950	
760	0.04	38.000	
761	0.04	38.050	
762	0.04	38.100	
763	0.04	38.150	
764	0.04	38.200	
765	0.04	38.250	
766	0.04	38.300	
767	0.04	38.350	
768	0.04	38.400	
769	0.04	38.450	
770	0.04	38.500	
771	0.04	38.550	
772	0.04	38.601	
773	0.04	38.650	
774	0.04	38.700	
775	0.04	38.750	
776	0.04	38.801	
777	0.04	38.850	
778	0.04	38.900	
779	0.04	38.950	
780	0.04	39.000	
781	0.04	39.050	
782	0.04	39.100	
783	0.04	39.150	
784	0.04	39.200	
785	0.08	39.250	
786	0.12	39.301	
787	0.48	39.350	
788	0.92	39.400	
789	1.52	39.450	
790	2.20	39.500	
791	2.68	39.550	
792	3.40	39.601	
793	4.14	39.650	
794	4.78	39.700	
795	5.16	39.750	
796	5.22	39.800	
797	5.20	39.850	
798	5.18	39.900	
799	5.16	39.950	
800	5.16	40.000	
801	5.16	40.050	
802	5.14	40.100	
803	5.14	40.153	
804	5.14	40.200	
805	5.12	40.250	
806	5.12	40.300	
807	5.12	40.350	
808	5.12	40.400	
809	5.12	40.450	
810	5.12	40.500	
811	5.12	40.550	
812	5.10	40.601	
813	5.10	40.650	
814	5.10	40.700	
815	5.10	40.750	
816	5.10	40.800	
817	5.10	40.851	
818	5.10	40.900	
819	5.10	40.950	
820	5.10	41.000	
821	5.10	41.050	
822	5.10	41.100	
823	5.10	41.150	
824	5.08	41.200	
825	5.08	41.250	
826	5.08	41.300	
827	5.08	41.350	
828	5.08	41.400	
829	5.08	41.450	
830	5.08	41.500	
831	5.08	41.550	
832	5.08	41.600	
833	5.08	41.650	
834	5.08	41.700	
835	5.08	41.750	
836	5.08	41.800	
837	5.08	41.850	
838	5.08	41.900	
839	5.08	41.950	
840	5.08	42.000	
841	5.08	42.050	
842	5.08	42.100	
843	5.06	42.150	
844	5.06	42.200	
845	5.08	42.250	
846	5.06	42.301	
847	5.06	42.350	
848	5.06	42.400	
849	5.06	42.450	
850	5.06	42.500	
851	5.06	42.550	
852	5.06	42.600	
853	5.06	42.650	
854	5.06	42.700	
855	5.06	42.750	
856	5.06	42.800	
857	5.06	42.850	
858	5.06	42.901	
859	5.06	42.950	
860	5.06	43.000	
861	5.06	43.050	
862	5.06	43.100	
863	5.06	43.150	
864	5.06	43.201	
865	5.06	43.250	
866	5.06	43.300	
867	5.06	43.350	
868	5.06	43.400	
869	5.06	43.450	
870	5.06	43.500	
871	5.04	43.550	
872	5.06	43.600	
873	5.06	43.650	
874	4.60	43.700	
875	3.42	43.750	
876	2.42	43.800	
877	1.56	43.850	
878	0.96	43.900	
879	0.56	43.950	
880	0.32	44.000	
881	0.28	44.050	
882	0.28	44.100	
883	0.26	44.150	
884	0.24	44.200	
885	0.20	44.250	
886	0.16	44.300	
887	0.12	44.350	
888	0.10	44.400	
889	0.08	44.450	
890	0.08	44.500	
891	0.08	44.550	
892	0.08	44.600	
893	0.08	44.650	
894	0.08	44.700	
895	0.08	44.750	
896	0.06	44.800	
897	0.08	44.850	
898	0.06	44.900	
899	0.06	44.950	
900	0.06	45.000	
901	0.06	45.050	
902	0.06	45.100	
903	0.06	45.155	
904	0.06	45.201	
905	0.06	45.250	
906	0.06	45.300	
907	0.06	45.350	
908	0.06	45.401	
909	0.06	45.450	
910	0.06	45.500	
911	0.06	45.550	
912	0.06	45.600	
913	0.06	45.650	
914	0.06	45.700	
915	0.06	45.750	
916	0.06	45.800	
917	0.06	45.850	
918	0.06	45.900	
919	0.06	45.950	
920	0.06	46.000	
921	0.06	46.050	
922	0.06	46.100	
923	0.06	46.150	
924	0.06	46.200	
925	0.06	46.250	
926	0.06	46.300	
927	0.06	46.350	
928	0.06	46.400	
929	0.06	46.450	
930	0.06	46.500	
931	0.06	46.550	
932	0.06	46.600	
933	0.06	46.650	
934	0.06	46.701	
935	0.06	46.750	
936	0.06	46.800	
937	0.06	46.850	
938	0.06	46.900	
939	0.06	46.950	
940	0.06	47.000	
941	0.06	47.050	
942	0.06	47.100	
943	0.06	47.150	
944	0.06	47.200	
945	0.06	47.250	
946	0.06	47.300	
947	0.06	47.350	
948	0.06	47.400	
949	0.06	47.450	
950	0.06	47.500	
951	0.06	47.550	
952	0.06	47.600	
953	0.06	47.650	
954	0.06	47.700	
955	0.06	47.750	
956	0.06	47.801	
957	0.06	47.850	
958	0.06	47.900	
959	0.06	47.950	
960	0.04	48.000	
961	0.04	48.050	
962	0.06	48.100	
963	0.06	48.150	
964	0.08	48.200	
965	0.14	48.250	
966	0.50	48.300	
967	0.96	48.350	
968	1.56	48.400	
969	2.22	48.450	
970	2.70	48.500	
971	3.42	48.550	
972	4.18	48.600	
973	4.82	48.651	
974	5.20	48.700	
975	5.26	48.750	
976	5.24	48.800	
977	5.22	48.850	
978	5.22	48.901	
979	5.20	48.950	
980	5.20	49.000	
981	5.20	49.050	
982	5.20	49.100	
983	5.18	49.150	
984	5.18	49.200	
985	5.18	49.250	
986	5.18	49.300	
987	5.16	49.350	
988	5.16	49.400	
989	5.16	49.450	
990	5.16	49.500	
991	5.16	49.550	
992	5.16	49.600	
993	5.16	49.650	
994	5.16	49.700	
995	5.16	49.750	
996	5.16	49.800	
997	5.14	49.850	
998	5.16	49.900	
999	5.14	49.951	
1000	5.14	50.000	
1001	5.14	50.058	
1002	5.14	50.100	
1003	5.14	50.163	
1004	5.14	50.200	
1005	5.14	50.250	
1006	5.14	50.300	
1007	5.14	50.350	
1008	5.14	50.400	
1009	5.14	50.450	
1010	5.14	50.500	
1011	5.14	50.550	
1012	5.14	50.600	
1013	5.12	50.650	
1014	5.14	50.700	
1015	5.12	50.750	
1016	5.12	50.800	
1017	5.12	50.850	
1018	5.12	50.900	
1019	5.12	50.950	
1020	5.12	51.000	
1021	5.12	51.050	
1022	5.12	51.100	
1023	5.12	51.150	
1024	5.12	51.200	
1025	5.12	51.250	
1026	5.12	51.300	
1027	5.12	51.350	
1028	5.12	51.400	
1029	5.12	51.450	
1030	5.12	51.500	
1031	5.12	51.551	
1032	5.12	51.600	
1033	5.12	51.650	
1034	5.12	51.700	
1035	5.12	51.750	
1036	5.12	51.800	
1037	5.12	51.850	
1038	5.12	51.900	
1039	5.12	51.950	
1040	5.12	52.000	
1041	5.12	52.050	
1042	5.12	52.100	
1043	5.12	52.150	
1044	5.10	52.200	
1045	4.68	52.250	
1046	3.48	52.300	
1047	2.48	52.350	
1048	1.62	52.400	
1049	1.00	52.451	
1050	0.56	52.500	
1051	0.32	52.550	
1052	0.28	52.600	
1053	0.28	52.650	
1054	0.26	52.700	
1055	0.24	52.750	
1056	0.22	52.800	
1057	0.16	52.850	
1058	0.12	52.900	
1059	0.10	52.950	
1060	0.08	53.000	
1061	0.08	53.050	
1062	0.08	53.100	
1063	0.08	53.150	
1064	0.08	53.200	
1065	0.08	53.250	
1066	0.08	53.300	
1067	0.08	53.350	
1068	0.08	53.400	
1069	0.08	53.450	
1070	0.08	53.500	
1071	0.08	53.550	
1072	0.08	53.600	
1073	0.08	53.650	
1074	0.08	53.700	
1075	0.08	53.750	
1076	0.06	53.800	
1077	0.06	53.850	
1078	0.08	53.900	
1079	0.06	53.950	
1080	0.06	54.000	
1081	0.08	54.051	
1082	0.06	54.100	
1083	0.06	54.150	
1084	0.06	54.200	
1085	0.06	54.250	
1086	0.06	54.300	
1087	0.06	54.350	
1088	0.06	54.400	
1089	0.06	54.450	
1090	0.06	54.500	
1091	0.06	54.551	
1092	0.06	54.600	
1093	0.06	54.650	
1094	0.06	54.700	
1095	0.06	54.750	
1096	0.06	54.800	
1097	0.06	54.850	
1098	0.06	54.900	
1099	0.06	54.950	
1100	0.06	55.000	
1101	0.06	55.050	
1102	0.06	55.100	
1103	0.06	55.157	
1104	0.06	55.200	
1105	0.06	55.250	
1106	0.06	55.300	
1107	0.06	55.350	
1108	0.06	55.400	
1109	0.06	55.450	
1110	0.06	55.500	
1111	0.06	55.550	
1112	0.06	55.600	
1113	0.06	55.650	
1114	0.06	55.700	
1115	0.06	55.750	
1116	0.06	55.800	
1117	0.06	55.850	
1118	0.06	55.900	
1119	0.06	55.950	
1120	0.06	56.000	
1121	0.06	56.050	
1122	0.06	56.103	
1123	0.06	56.150	
1124	0.06	56.200	
1125	0.06	56.250	
1126	0.06	56.300	
1127	0.06	56.350	
1128	0.06	56.400	
1129	0.06	56.450	
1130	0.06	56.500	
1131	0.06	56.550	
1132	0.06	56.600	
1133	0.06	56.650	
1134	0.06	56.700	
1135	0.06	56.751	
1136	0.08	56.800	
1137	0.10	56.850	
1138	0.26	56.900	
1139	0.72	56.950	
1140	1.18	57.000	
1141	1.84	57.050	
1142	2.40	57.100	
1143	3.02	57.150	
1144	3.76	57.201	
1145	4.48	57.250	
1146	5.00	57.300	
1147	5.22	57.350	
1148	5.22	57.400	
1149	5.20	57.450	
1150	5.18	57.500	
1151	5.18	57.550	
1152	5.16	57.600	
1153	5.16	57.650	
1154	5.16	57.701	
1155	5.16	57.751	
1156	5.14	57.800	
1157	5.14	57.850	
1158	5.14	57.901	
1159	5.14	57.950	
1160	5.12	58.000	
1161	5.12	58.050	
1162	5.12	58.100	
1163	5.12	58.150	
1164	5.12	58.200	
1165	5.12	58.251	
1166	5.12	58.300	
1167	5.12	58.350	
1168	5.12	58.400	
1169	5.10	58.450	
1170	5.10	58.501	
1171	5.10	58.550	
1172	5.10	58.600	
1173	5.10	58.650	
1174	5.10	58.700	
1175	5.10	58.751	
1176	5.10	58.800	
1177	5.10	58.850	
1178	5.10	58.900	
1179	5.10	58.950	
1180	5.10	59.000	
1181	5.10	59.050	
1182	5.10	59.100	
1183	5.10	59.150	
1184	5.10	59.201	
1185	5.08	59.251	
1186	5.10	59.300	
1187	5.08	59.350	
1188	5.10	59.400	
1189	5.08	59.451	
1190	5.08	59.501	
1191	5.08	59.550	
1192	5.08	59.600	
1193	5.08	59.650	
1194	5.08	59.700	
1195	5.08	59.751	
1196	5.08	59.800	
1197	5.08	59.850	
1198	5.08	59.900	
1199	5.08	59.950	
1200	5.08	60.000	
1201	5.08	60.050	
1202	5.08	60.100	
1203	5.08	60.160	
1204	5.08	60.200	
1205	5.08	60.250	
1206	5.08	60.300	
1207	5.08	60.350	
1208	5.08	60.400	
1209	5.08	60.450	
1210	5.08	60.500	
1211	5.08	60.550	
1212	5.08	60.600	
1213	5.08	60.650	
1214	5.08	60.701	
1215	5.06	60.750	
1216	5.08	60.800	
1217	5.08	60.850	
1218	5.06	60.901	
1219	5.06	60.951	
1220	5.06	61.000	
1221	5.08	61.050	
1222	5.06	61.100	
1223	5.02	61.150	
1224	3.98	61.200	
1225	2.84	61.250	
1226	1.96	61.300	
1227	1.20	61.350	
1228	0.70	61.400	
1229	0.40	61.450	
1230	0.28	61.500	
1231	0.28	61.550	
1232	0.26	61.600	
1233	0.26	61.650	
1234	0.22	61.700	
1235	0.18	61.750	
1236	0.14	61.800	
1237	0.12	61.850	
1238	0.10	61.900	
1239	0.08	61.950	
1240	0.10	62.000	
1241	0.10	62.050	
1242	0.08	62.100	
1243	0.08	62.150	
1244	0.08	62.200	
1245	0.08	62.250	
1246	0.08	62.301	
1247	0.08	62.350	
1248	0.08	62.400	
1249	0.08	62.450	
1250	0.08	62.500	
1251	0.08	62.550	
1252	0.08	62.600	
1253	0.08	62.651	
1254	0.08	62.700	
1255	0.08	62.751	
1256	0.08	62.800	
1257	0.08	62.851	
1258	0.08	62.900	
1259	0.08	62.950	
1260	0.08	63.000	
1261	0.08	63.050	
1262	0.06	63.100	
1263	0.08	63.150	
1264	0.08	63.200	
1265	0.08	63.250	
1266	0.08	63.300	
1267	0.08	63.350	
1268	0.08	63.400	
1269	0.08	63.450	
1270	0.06	63.500	
1271	0.08	63.550	
1272	0.08	63.601	
1273	0.06	63.650	
1274	0.06	63.700	
1275	0.08	63.750	
1276	0.06	63.800	
1277	0.06	63.850	
1278	0.06	63.900	
1279	0.06	63.950	
1280	0.06	64.000	
1281	0.06	64.050	
1282	0.06	64.100	
1283	0.06	64.150	
1284	0.06	64.200	
1285	0.06	64.250	
1286	0.06	64.300	
1287	0.06	64.350	
1288	0.06	64.400	
1289	0.06	64.450	
1290	0.06	64.500	
1291	0.06	64.550	
1292	0.06	64.600	
1293	0.06	64.650	
1294	0.06	64.700	
1295	0.06	64.750	
1296	0.06	64.800	
1297	0.06	64.850	
1298	0.06	64.900	
1299	0.06	64.950	
1300	0.06	65.000	
1301	0.06	65.050	
1302	0.06	65.100	
1303	0.06	65.161	
1304	0.06	65.200	
1305	0.06	65.250	
1306	0.06	65.300	
1307	0.06	65.350	
1308	0.06	65.400	
1309	0.06	65.450	
1310	0.06	65.500	
1311	0.06	65.550	
1312	0.06	65.600	
1313	0.06	65.650	
1314	0.06	65.700	
1315	0.06	65.750	
1316	0.06	65.800	
1317	0.06	65.850	
1318	0.06	65.900	
1319	0.06	65.950	
1320	0.06	66.000	
1321	0.06	66.050	
1322	0.06	66.100	
1323	0.06	66.150	
1324	0.08	66.200	
1325	0.10	66.251	
1326	0.30	66.300	
1327	0.74	66.350	
1328	1.18	66.400	
1329	1.80	66.450	
1330	2.34	66.500	
1331	2.96	66.550	
1332	3.68	66.600	
1333	4.40	66.650	
1334	4.96	66.700	
1335	5.20	66.750	
1336	5.22	66.800	
1337	5.20	66.850	
1338	5.18	66.900	
1339	5.18	66.950	
1340	5.16	67.000	
1341	5.16	67.050	
1342	5.16	67.100	
1343	5.16	67.150	
1344	5.14	67.200	
1345	5.14	67.250	
1346	5.14	67.300	
1347	5.12	67.350	
1348	5.12	67.400	
1349	5.12	67.450	
1350	5.12	67.500	
1351	5.12	67.550	
1352	5.12	67.600	
1353	5.12	67.650	
1354	5.12	67.700	
1355	5.10	67.750	
1356	5.10	67.801	
1357	5.10	67.850	
1358	5.10	67.900	
1359	5.10	67.950	
1360	5.10	68.000	
1361	5.10	68.050	
1362	5.10	68.100	
1363	5.10	68.150	
1364	5.10	68.200	
1365	5.10	68.250	
1366	5.10	68.300	
1367	5.10	68.350	
1368	5.10	68.400	
1369	5.10	68.450	
1370	5.08	68.500	
1371	5.10	68.550	
1372	5.10	68.600	
1373	5.10	68.650	
1374	5.08	68.700	
1375	5.08	68.750	
1376	5.08	68.801	
1377	5.08	68.850	
1378	5.08	68.900	
1379	5.08	68.951	
1380	5.08	69.000	
1381	5.08	69.050	
1382	5.08	69.100	
1383	5.08	69.150	
1384	5.08	69.200	
1385	5.08	69.250	
1386	5.08	69.301	
1387	5.08	69.350	
1388	5.08	69.400	
1389	5.08	69.450	
1390	5.08	69.500	
1391	5.08	69.550	
1392	5.08	69.600	
1393	5.06	69.658	
1394	5.08	69.700	
1395	5.08	69.750	
1396	5.08	69.800	
1397	5.08	69.850	
1398	5.08	69.900	
1399	5.08	69.950	
1400	5.08	70.000	
1401	5.08	70.050	
1402	5.06	70.100	
1403	5.06	70.161	
1404	5.06	70.200	
1405	5.06	70.250	
1406	5.08	70.300	
1407	4.26	70.350	
1408	3.10	70.400	
1409	2.16	70.450	
1410	1.34	70.500	
1411	0.80	70.550	
1412	0.44	70.600	
1413	0.30	70.650	
1414	0.28	70.700	
1415	0.26	70.751	
1416	0.26	70.800	
1417	0.24	70.850	
1418	0.20	70.900	
1419	0.16	70.950	
1420	0.12	71.000	
1421	0.10	71.050	
1422	0.10	71.100	
1423	0.10	71.150	
1424	0.10	71.200	
1425	0.10	71.250	
1426	0.10	71.300	
1427	0.10	71.350	
1428	0.10	71.400	
1429	0.10	71.450	
1430	0.08	71.500	
1431	0.08	71.550	
1432	0.10	71.600	
1433	0.08	71.650	
1434	0.08	71.700	
1435	0.08	71.750	
1436	0.08	71.800	
1437	0.08	71.850	
1438	0.08	71.900	
1439	0.08	71.950	
1440	0.08	72.000	
1441	0.08	72.050	
1442	0.08	72.100	
1443	0.08	72.150	
1444	0.08	72.200	
1445	0.08	72.250	
1446	0.08	72.300	
1447	0.08	72.350	
1448	0.08	72.400	
1449	0.08	72.450	
1450	0.08	72.500	
1451	0.08	72.550	
1452	0.08	72.600	
1453	0.08	72.650	
1454	0.08	72.700	
1455	0.08	72.750	
1456	0.08	72.800	
1457	0.08	72.850	
1458	0.08	72.900	
1459	0.08	72.950	
1460	0.08	73.000	
1461	0.08	73.050	
1462	0.08	73.100	
1463	0.08	73.150	
1464	0.08	73.201	
1465	0.08	73.250	
1466	0.08	73.300	
1467	0.08	73.350	
1468	0.08	73.400	
1469	0.08	73.450	
1470	0.08	73.500	
1471	0.08	73.550	
1472	0.08	73.600	
1473	0.06	73.650	
1474	0.08	73.700	
1475	0.06	73.750	
1476	0.08	73.800	
1477	0.08	73.850	
1478	0.08	73.900	
1479	0.08	73.950	
1480	0.08	74.000	
1481	0.08	74.050	
1482	0.08	74.100	
1483	0.06	74.150	
1484	0.08	74.200	
1485	0.06	74.251	
1486	0.08	74.300	
1487	0.06	74.350	
1488	0.06	74.400	
1489	0.08	74.450	
1490	0.08	74.500	
1491	0.06	74.550	
1492	0.08	74.600	
1493	0.06	74.650	
1494	0.08	74.700	
1495	0.08	74.750	
1496	0.08	74.800	
1497	0.06	74.850	
1498	0.06	74.900	
1499	0.08	74.950	
1500	0.12	75.000	
1501	0.20	75.050	
1502	0.62	75.100	
1503	1.06	75.150	
1504	1.72	75.200	
1505	2.32	75.250	
1506	2.88	75.300	
1507	3.60	75.350	
1508	4.34	75.401	
1509	4.96	75.450	
1510	5.24	75.500	
1511	5.26	75.550	
1512	5.24	75.600	
1513	5.22	75.650	
1514	5.22	75.700	
1515	5.20	75.750	
1516	5.20	75.800	
1517	5.18	75.850	
1518	5.18	75.900	
1519	5.18	75.950	
1520	5.18	76.000	
1521	5.18	76.050	
1522	5.16	76.100	
1523	5.16	76.150	
1524	5.16	76.200	
1525	5.16	76.250	
1526	5.16	76.300	
1527	5.16	76.350	
1528	5.16	76.400	
1529	5.16	76.450	
1530	5.16	76.500	
1531	5.14	76.550	
1532	5.14	76.600	
1533	5.14	76.650	
1534	5.14	76.700	
1535	5.14	76.750	
1536	5.14	76.800	
1537	5.14	76.850	
1538	5.14	76.900	
1539	5.14	76.950	
1540	5.14	77.000	
1541	5.14	77.050	
1542	5.14	77.100	
1543	5.14	77.150	
1544	5.14	77.200	
1545	5.12	77.250	
1546	5.12	77.300	
1547	5.12	77.350	
1548	5.12	77.400	
1549	5.12	77.450	
1550	5.12	77.500	
1551	5.12	77.550	
1552	5.12	77.600	
1553	5.12	77.650	
1554	5.12	77.700	
1555	5.12	77.750	
1556	5.12	77.800	
1557	5.12	77.850	
1558	5.12	77.900	
1559	5.12	77.950	
1560	5.12	78.000	
1561	5.12	78.100	
1562	5.12	78.150	
1563	5.12	78.250	
1564	5.12	78.300	
1565	5.12	78.364	
1566	5.10	78.400	
1567	5.10	78.458	
1568	5.10	78.500	
1569	5.10	78.550	
1570	5.10	78.600	
1571	5.10	78.650	
1572	5.10	78.700	
1573	5.10	78.750	
1574	5.10	78.800	
1575	5.10	78.850	
1576	5.10	78.900	
1577	5.10	78.950	
1578	5.10	79.000	
1579	5.10	79.050	
1580	5.10	79.100	
1581	5.10	79.151	
1582	5.10	79.200	
1583	5.10	79.250	
1584	5.10	79.300	
1585	5.10	79.350	
1586	5.10	79.400	
1587	5.10	79.450	
1588	5.10	79.500	
1589	5.10	79.550	
1590	5.10	79.600	
1591	5.10	79.650	
1592	5.10	79.700	
1593	5.10	79.750	
1594	5.10	79.800	
1595	5.10	79.850	
1596	5.10	79.900	
1597	5.10	79.950	
1598	5.10	80.000	
1599	5.10	80.050	
1600	5.10	80.100	
1601	5.10	80.166	
1602	5.10	80.200	
1603	5.10	80.258	
1604	5.10	80.300	
1605	4.86	80.351	
1606	3.62	80.400	
1607	2.58	80.450	
1608	1.40	80.500	
1609	1.06	80.550	
1610	0.60	80.600	
1611	0.34	80.650	
1612	0.30	80.700	
1613	0.28	80.751	
1614	0.28	80.800	
1615	0.24	80.850	
1616	0.22	80.900	
1617	0.18	80.950	
1618	0.14	81.000	
1619	0.12	81.050	
1620	0.10	81.100	
1621	0.10	81.150	
1622	0.10	81.200	
1623	0.10	81.250	
1624	0.10	81.300	
1625	0.10	81.350	
1626	0.10	81.400	
1627	0.10	81.450	
1628	0.10	81.500	
1629	0.10	81.550	
1630	0.10	81.600	
1631	0.10	81.650	
1632	0.10	81.700	
1633	0.10	81.750	
1634	0.10	81.800	
1635	0.10	81.851	
1636	0.10	81.900	
1637	0.10	81.950	
1638	0.10	82.000	
1639	0.10	82.050	
1640	0.10	82.100	
1641	0.10	82.150	
1642	0.10	82.200	
1643	0.10	82.250	
1644	0.10	82.300	
1645	0.08	82.350	
1646	0.10	82.400	
1647	0.08	82.450	
1648	0.08	82.500	
1649	0.08	82.550	
1650	0.08	82.600	
1651	0.08	82.650	
1652	0.08	82.700	
1653	0.08	82.750	
1654	0.08	82.800	
1655	0.08	82.850	
1656	0.08	82.900	
1657	0.08	82.950	
1658	0.08	83.000	
1659	0.08	83.050	
1660	0.08	83.100	
1661	0.08	83.150	
1662	0.08	83.200	
1663	0.08	83.250	
1664	0.08	83.300	
1665	0.08	83.350	
1666	0.08	83.400	
1667	0.08	83.450	
1668	0.08	83.501	
1669	0.08	83.551	
1670	0.08	83.600	
1671	0.08	83.651	
1672	0.08	83.700	
1673	0.08	83.750	
1674	0.08	83.800	
1675	0.08	83.850	
1676	0.08	83.900	
1677	0.08	83.950	
1678	0.08	84.000	
1679	0.08	84.050	
1680	0.08	84.101	
1681	0.08	84.150	
1682	0.08	84.200	
1683	0.08	84.250	
1684	0.08	84.300	
1685	0.08	84.350	
1686	0.08	84.400	
1687	0.08	84.450	
1688	0.08	84.500	
1689	0.08	84.550	
1690	0.08	84.601	
1691	0.08	84.650	
1692	0.08	84.700	
1693	0.08	84.750	
1694	0.08	84.800	
1695	0.08	84.850	
1696	0.08	84.900	
1697	0.08	84.950	
1698	0.08	85.000	
1699	0.08	85.050	
1700	0.08	85.100	
1701	0.08	85.150	
1702	0.08	85.200	
1703	0.08	85.250	
1704	0.08	85.300	
1705	0.08	85.350	
1706	0.08	85.400	
1707	0.08	85.450	
1708	0.08	85.500	
1709	0.08	85.550	
1710	0.08	85.600	
1711	0.08	85.650	
1712	0.08	85.700	
1713	0.08	85.750	
1714	0.08	85.800	
1715	0.08	85.851	
1716	0.08	85.900	
1717	0.08	85.950	
1718	0.08	86.000	
1719	0.08	86.050	
1720	0.08	86.100	
1721	0.08	86.150	
1722	0.08	86.200	
1723	0.08	86.250	
1724	0.08	86.300	
1725	0.08	86.350	
1726	0.08	86.400	
1727	0.08	86.450	
1728	0.08	86.500	
1729	0.08	86.550	
1730	0.08	86.600	
1731	0.08	86.650	
1732	0.08	86.700	
1733	0.08	86.750	
1734	0.08	86.800	
1735	0.08	86.850	
1736	0.08	86.900	
1737	0.08	86.950	
1738	0.06	87.000	
1739	0.08	87.050	
1740	0.08	87.100	
1741	0.08	87.150	
1742	0.06	87.200	
1743	0.08	87.250	
1744	0.06	87.300	
1745	0.06	87.350	
1746	0.06	87.400	
1747	0.08	87.450	
1748	0.08	87.500	
1749	0.06	87.550	
1750	0.08	87.600	
1751	0.06	87.650	
1752	0.08	87.700	
1753	0.08	87.750	
1754	0.08	87.800	
1755	0.06	87.850	
1756	0.06	87.900	
1757	0.06	87.951	
1758	0.06	88.000	
1759	0.08	88.051	
1760	0.06	88.100	
1761	0.08	88.150	
1762	0.08	88.200	
1763	0.06	88.250	
1764	0.06	88.300	
1765	0.08	88.350	
1766	0.08	88.400	
1767	0.06	88.450	
1768	0.08	88.500	
1769	0.06	88.551	
1770	0.06	88.600	
1771	0.08	88.650	
1772	0.08	88.700	
1773	0.08	88.750	
1774	0.06	88.801	
1775	0.08	88.850	
1776	0.10	88.901	
1777	0.14	88.950	
1778	0.40	89.000	
1779	0.84	89.050	
1780	1.38	89.100	
1781	2.08	89.150	
1782	2.54	89.200	
1783	3.22	89.250	
1784	3.98	89.300	
1785	4.64	89.350	
1786	5.10	89.400	
1787	5.20	89.450	
1788	5.20	89.501	
1789	5.18	89.550	
1790	5.16	89.600	
1791	5.16	89.650	
1792	5.16	89.700	
1793	5.14	89.750	
1794	5.14	89.800	
1795	5.14	89.850	
1796	5.14	89.900	
1797	5.12	89.950	
1798	5.12	90.000	
1799	5.12	90.050	
1800	5.12	90.100	
1801	5.10	90.201	
1802	5.10	90.251	
1803	5.10	90.300	
1804	5.10	90.350	
1805	5.10	90.400	
1806	5.10	90.450	
1807	5.10	90.501	
1808	5.10	90.550	
1809	5.10	90.600	
1810	5.10	90.650	
1811	5.10	90.700	
1812	5.10	90.750	
1813	5.08	90.800	
1814	5.08	90.850	
1815	5.08	90.900	
1816	5.08	90.950	
1817	5.08	91.000	
1818	5.08	91.050	
1819	5.08	91.100	
1820	5.08	91.150	
1821	5.08	91.201	
1822	5.08	91.250	
1823	5.08	91.300	
1824	5.08	91.351	
1825	5.08	91.400	
1826	5.08	91.450	
1827	5.06	91.500	
1828	5.08	91.550	
1829	5.08	91.600	
1830	5.06	91.650	
1831	5.06	91.700	
1832	5.06	91.750	
1833	5.06	91.801	
1834	5.06	91.850	
1835	5.06	91.900	
1836	5.06	91.950	
1837	5.06	92.000	
1838	5.06	92.050	
1839	5.06	92.100	
1840	5.06	92.150	
1841	5.06	92.201	
1842	5.06	92.250	
1843	5.06	92.300	
1844	5.06	92.350	
1845	5.06	92.400	
1846	5.06	92.450	
1847	5.06	92.500	
1848	5.06	92.550	
1849	5.06	92.600	
1850	5.06	92.650	
1851	4.52	92.700	
1852	3.32	92.750	
1853	2.34	92.800	
1854	1.52	92.850	
1855	0.90	92.900	
1856	0.50	92.950	
1857	0.30	93.000	
1858	0.28	93.050	
1859	0.28	93.100	
1860	0.28	93.150	
1861	0.22	93.200	
1862	0.20	93.250	
1863	0.16	93.300	
1864	0.14	93.350	
1865	0.12	93.400	
1866	0.12	93.450	
1867	0.10	93.500	
1868	0.10	93.550	
1869	0.10	93.600	
1870	0.10	93.650	
1871	0.12	93.700	
1872	0.10	93.750	
1873	0.10	93.800	
1874	0.10	93.850	
1875	0.10	93.900	
1876	0.10	93.950	
1877	0.10	94.000	
1878	0.10	94.051	
1879	0.10	94.100	
1880	0.10	94.150	
1881	0.10	94.200	
1882	0.10	94.250	
1883	0.10	94.301	
1884	0.10	94.350	
1885	0.10	94.400	
1886	0.10	94.451	
1887	0.10	94.500	
1888	0.10	94.551	
1889	0.10	94.600	
1890	0.10	94.650	
1891	0.10	94.700	
1892	0.10	94.750	
1893	0.10	94.800	
1894	0.10	94.850	
1895	0.10	94.900	
1896	0.10	94.950	
1897	0.10	95.000	
1898	0.10	95.051	
1899	0.10	95.100	
1900	0.08	95.150	
1901	0.08	95.200	
1902	0.10	95.250	
