7/23/2024  1:15 PM
Units: N
Readings: Continuous
X-Axis: Time

Reading	Load	Time	
1	0.00	0.000	
2	0.00	0.099	
3	0.00	0.149	
4	0.00	0.199	
5	0.00	0.250	
6	0.00	0.299	
7	0.00	0.349	
8	0.00	0.399	
9	0.00	0.450	
10	0.00	0.499	
11	0.00	0.549	
12	0.00	0.599	
13	0.00	0.649	
14	0.00	0.699	
15	0.00	0.749	
16	0.00	0.800	
17	0.00	0.850	
18	0.00	0.899	
19	0.00	0.949	
20	0.00	0.999	
21	0.00	1.050	
22	0.00	1.100	
23	0.00	1.149	
24	0.00	1.199	
25	0.00	1.249	
26	0.00	1.300	
27	0.00	1.349	
28	0.00	1.400	
29	0.00	1.449	
30	0.00	1.499	
31	0.00	1.549	
32	0.00	1.599	
33	0.00	1.650	
34	0.00	1.699	
35	0.00	1.749	
36	0.00	1.799	
37	0.00	1.849	
38	0.00	1.899	
39	0.00	1.950	
40	0.00	1.999	
41	0.00	2.050	
42	0.00	2.099	
43	0.00	2.149	
44	0.00	2.199	
45	0.00	2.250	
46	0.00	2.299	
47	0.00	2.349	
48	0.00	2.399	
49	0.00	2.450	
50	0.00	2.500	
51	0.00	2.549	
52	0.00	2.600	
53	0.00	2.649	
54	0.00	2.699	
55	0.00	2.750	
56	0.00	2.799	
57	0.00	2.850	
58	0.00	2.899	
59	0.00	2.949	
60	0.00	2.999	
61	0.00	3.049	
62	0.00	3.100	
63	0.00	3.149	
64	0.00	3.199	
65	0.00	3.249	
66	0.00	3.299	
67	0.00	3.349	
68	0.00	3.400	
69	0.00	3.449	
70	0.00	3.500	
71	0.00	3.549	
72	0.00	3.599	
73	0.00	3.649	
74	0.00	3.699	
75	0.00	3.749	
76	0.00	3.799	
77	0.00	3.850	
78	0.00	3.899	
79	0.00	3.950	
80	0.00	4.000	
81	0.00	4.049	
82	0.00	4.100	
83	0.00	4.149	
84	0.00	4.199	
85	0.00	4.249	
86	0.00	4.299	
87	0.00	4.350	
88	0.00	4.399	
89	0.00	4.450	
90	0.00	4.499	
91	0.00	4.550	
92	0.00	4.599	
93	0.00	4.650	
94	0.00	4.699	
95	0.00	4.749	
96	0.00	4.800	
97	0.00	4.850	
98	0.02	4.899	
99	0.10	4.949	
100	0.38	4.999	
101	0.68	5.049	
102	1.08	5.099	
103	1.52	5.149	
104	1.88	5.199	
105	2.22	5.249	
106	2.74	5.300	
107	3.34	5.349	
108	3.98	5.399	
109	4.48	5.449	
110	4.76	5.502	
111	4.74	5.549	
112	4.74	5.599	
113	4.72	5.649	
114	4.70	5.699	
115	4.70	5.749	
116	4.70	5.799	
117	4.68	5.849	
118	4.68	5.900	
119	4.68	5.949	
120	4.68	6.000	
121	4.66	6.049	
122	4.66	6.100	
123	4.66	6.149	
124	4.66	6.199	
125	4.66	6.250	
126	4.66	6.300	
127	4.66	6.350	
128	4.64	6.399	
129	4.64	6.449	
130	4.64	6.500	
131	4.64	6.550	
132	4.64	6.599	
133	4.64	6.649	
134	4.64	6.699	
135	4.64	6.750	
136	4.64	6.799	
137	4.62	6.849	
138	4.64	6.899	
139	4.62	6.949	
140	4.62	6.999	
141	4.62	7.050	
142	4.62	7.099	
143	4.62	7.149	
144	4.62	7.200	
145	4.62	7.249	
146	4.62	7.300	
147	4.62	7.350	
148	4.62	7.399	
149	4.62	7.449	
150	4.62	7.500	
151	4.62	7.550	
152	4.62	7.599	
153	4.62	7.649	
154	4.60	7.699	
155	4.62	7.750	
156	4.60	7.799	
157	4.60	7.849	
158	4.60	7.899	
159	4.60	7.949	
160	4.60	7.999	
161	4.60	8.049	
162	4.60	8.100	
163	4.60	8.149	
164	4.60	8.199	
165	4.60	8.249	
166	4.60	8.299	
167	4.60	8.349	
168	4.60	8.399	
169	4.60	8.449	
170	4.60	8.500	
171	4.60	8.549	
172	4.60	8.599	
173	4.60	8.649	
174	4.60	8.700	
175	4.60	8.750	
176	4.60	8.799	
177	4.60	8.849	
178	4.60	8.899	
179	4.60	8.950	
180	4.60	8.999	
181	4.60	9.050	
182	4.58	9.099	
183	4.60	9.150	
184	4.60	9.200	
185	4.60	9.249	
186	4.58	9.299	
187	4.60	9.349	
188	4.58	9.399	
189	4.60	9.449	
190	4.58	9.500	
191	4.58	9.549	
192	4.58	9.599	
193	4.58	9.649	
194	4.58	9.700	
195	4.58	9.749	
196	4.58	9.799	
197	4.58	9.849	
198	4.58	9.899	
199	4.32	9.950	
200	3.26	10.000	
201	2.32	10.050	
202	1.60	10.099	
203	1.06	10.149	
204	0.58	10.200	
205	0.30	10.250	
206	0.22	10.299	
207	0.20	10.349	
208	0.20	10.399	
209	0.20	10.449	
210	0.20	10.499	
211	0.16	10.550	
212	0.14	10.599	
213	0.06	10.649	
214	0.06	10.699	
215	0.06	10.750	
216	0.06	10.799	
217	0.06	10.850	
218	0.06	10.899	
219	0.06	10.949	
220	0.06	10.999	
221	0.06	11.049	
222	0.04	11.099	
223	0.04	11.149	
224	0.04	11.199	
225	0.04	11.250	
226	0.04	11.299	
227	0.04	11.350	
228	0.04	11.399	
229	0.04	11.449	
230	0.04	11.499	
231	0.04	11.550	
232	0.04	11.600	
233	0.04	11.649	
234	0.04	11.699	
235	0.04	11.750	
236	0.04	11.799	
237	0.04	11.849	
238	0.04	11.899	
239	0.04	11.949	
240	0.04	11.999	
241	0.04	12.049	
242	0.04	12.099	
243	0.04	12.149	
244	0.04	12.199	
245	0.04	12.249	
246	0.04	12.299	
247	0.04	12.349	
248	0.04	12.399	
249	0.04	12.449	
250	0.04	12.499	
251	0.04	12.549	
252	0.04	12.599	
253	0.04	12.649	
254	0.04	12.699	
255	0.04	12.749	
256	0.04	12.799	
257	0.04	12.849	
258	0.04	12.899	
259	0.04	12.949	
260	0.04	13.000	
261	0.04	13.049	
262	0.04	13.100	
263	0.04	13.149	
264	0.02	13.199	
265	0.04	13.249	
266	0.02	13.299	
267	0.04	13.349	
268	0.04	13.399	
269	0.04	13.450	
270	0.02	13.499	
271	0.02	13.549	
272	0.04	13.599	
273	0.04	13.650	
274	0.04	13.700	
275	0.02	13.749	
276	0.04	13.799	
277	0.02	13.849	
278	0.04	13.899	
279	0.18	13.949	
280	0.44	13.999	
281	0.78	14.049	
282	1.24	14.099	
283	1.74	14.149	
284	2.08	14.199	
285	2.72	14.249	
286	3.46	14.299	
287	4.16	14.349	
288	4.72	14.399	
289	5.00	14.450	
290	5.02	14.500	
291	5.00	14.550	
292	4.98	14.599	
293	4.98	14.649	
294	4.96	14.699	
295	4.96	14.749	
296	4.96	14.799	
297	4.94	14.849	
298	4.94	14.899	
299	4.94	14.950	
300	4.94	14.999	
301	4.94	15.049	
302	4.92	15.099	
303	4.92	15.149	
304	4.92	15.199	
305	4.92	15.249	
306	4.92	15.299	
307	4.92	15.349	
308	4.90	15.399	
309	4.90	15.449	
310	4.90	15.499	
311	4.90	15.549	
312	4.90	15.599	
313	4.90	15.649	
314	4.90	15.699	
315	4.90	15.749	
316	4.90	15.799	
317	4.90	15.849	
318	4.90	15.899	
319	4.88	15.949	
320	4.88	15.999	
321	4.88	16.049	
322	4.88	16.099	
323	4.88	16.149	
324	4.88	16.199	
325	4.88	16.249	
326	4.88	16.299	
327	4.88	16.349	
328	4.88	16.399	
329	4.88	16.449	
330	4.88	16.500	
331	4.88	16.549	
332	4.88	16.599	
333	4.88	16.649	
334	4.88	16.699	
335	4.88	16.750	
336	4.88	16.800	
337	4.88	16.849	
338	4.88	16.899	
339	4.88	16.950	
340	4.88	16.999	
341	4.88	17.049	
342	4.86	17.099	
343	4.86	17.149	
344	4.86	17.200	
345	4.68	17.249	
346	3.62	17.299	
347	2.68	17.349	
348	1.90	17.400	
349	1.30	17.449	
350	0.80	17.499	
351	0.42	17.549	
352	0.28	17.599	
353	0.26	17.649	
354	0.22	17.699	
355	0.22	17.749	
356	0.22	17.799	
357	0.20	17.849	
358	0.18	17.900	
359	0.10	17.949	
360	0.08	17.999	
361	0.06	18.049	
362	0.06	18.099	
363	0.06	18.149	
364	0.06	18.199	
365	0.06	18.249	
366	0.06	18.299	
367	0.06	18.349	
368	0.06	18.399	
369	0.06	18.449	
370	0.06	18.499	
371	0.06	18.549	
372	0.06	18.599	
373	0.06	18.649	
374	0.06	18.699	
375	0.06	18.749	
376	0.06	18.799	
377	0.06	18.849	
378	0.06	18.899	
379	0.06	18.949	
380	0.06	18.999	
381	0.06	19.049	
382	0.04	19.100	
383	0.06	19.150	
384	0.06	19.200	
385	0.06	19.250	
386	0.06	19.299	
387	0.06	19.349	
388	0.06	19.399	
389	0.06	19.449	
390	0.06	19.499	
391	0.04	19.549	
392	0.04	19.599	
393	0.04	19.649	
394	0.04	19.699	
395	0.04	19.749	
396	0.04	19.799	
397	0.04	19.849	
398	0.04	19.899	
399	0.04	19.949	
400	0.04	19.999	
401	0.04	20.049	
402	0.04	20.099	
403	0.04	20.149	
404	0.04	20.199	
405	0.04	20.249	
406	0.04	20.299	
407	0.04	20.349	
408	0.04	20.399	
409	0.04	20.449	
410	0.04	20.499	
411	0.04	20.549	
412	0.04	20.600	
413	0.04	20.650	
414	0.04	20.700	
415	0.04	20.749	
416	0.04	20.799	
417	0.04	20.849	
418	0.04	20.900	
419	0.04	20.950	
420	0.04	20.999	
421	0.04	21.050	
422	0.04	21.099	
423	0.04	21.149	
424	0.04	21.199	
425	0.04	21.249	
426	0.04	21.299	
427	0.04	21.349	
428	0.04	21.399	
429	0.04	21.450	
430	0.04	21.499	
431	0.04	21.549	
432	0.04	21.599	
433	0.04	21.649	
434	0.04	21.699	
435	0.04	21.749	
436	0.04	21.799	
437	0.04	21.849	
438	0.04	21.899	
439	0.04	21.949	
440	0.04	21.999	
441	0.04	22.049	
442	0.04	22.099	
443	0.04	22.149	
444	0.04	22.199	
445	0.04	22.249	
446	0.04	22.299	
447	0.04	22.349	
448	0.04	22.399	
449	0.04	22.449	
450	0.04	22.499	
451	0.04	22.549	
452	0.16	22.599	
453	0.42	22.650	
454	0.76	22.699	
455	1.20	22.749	
456	1.70	22.799	
457	2.04	22.849	
458	2.66	22.899	
459	3.40	22.949	
460	4.10	22.999	
461	4.68	23.049	
462	5.00	23.099	
463	5.04	23.149	
464	5.02	23.199	
465	5.02	23.249	
466	5.00	23.299	
467	5.00	23.349	
468	4.98	23.399	
469	4.98	23.449	
470	4.98	23.499	
471	4.96	23.549	
472	4.96	23.599	
473	4.96	23.649	
474	4.96	23.699	
475	4.96	23.749	
476	4.96	23.799	
477	4.94	23.849	
478	4.94	23.899	
479	4.94	23.949	
480	4.94	23.999	
481	4.94	24.049	
482	4.94	24.099	
483	4.94	24.149	
484	4.94	24.199	
485	4.94	24.249	
486	4.92	24.299	
487	4.92	24.350	
488	4.92	24.399	
489	4.92	24.449	
490	4.92	24.499	
491	4.92	24.549	
492	4.92	24.599	
493	4.92	24.649	
494	4.92	24.699	
495	4.92	24.749	
496	4.92	24.799	
497	4.92	24.849	
498	4.92	24.899	
499	4.92	24.949	
500	4.90	24.999	
501	4.90	25.049	
502	4.90	25.099	
503	4.90	25.149	
504	4.90	25.199	
505	4.90	25.249	
506	4.90	25.299	
507	4.90	25.349	
508	4.90	25.399	
509	4.90	25.449	
510	4.90	25.499	
511	4.90	25.549	
512	4.90	25.599	
513	4.90	25.649	
514	4.90	25.699	
515	4.90	25.749	
516	4.90	25.799	
517	4.90	25.850	
518	4.86	25.899	
519	3.92	25.949	
520	2.92	25.999	
521	2.10	26.049	
522	1.46	26.099	
523	0.66	26.149	
524	0.52	26.199	
525	0.30	26.249	
526	0.26	26.299	
527	0.24	26.350	
528	0.24	26.399	
529	0.24	26.449	
530	0.22	26.499	
531	0.18	26.549	
532	0.12	26.599	
533	0.08	26.649	
534	0.08	26.699	
535	0.08	26.749	
536	0.08	26.799	
537	0.06	26.849	
538	0.08	26.899	
539	0.06	26.950	
540	0.06	26.999	
541	0.08	27.049	
542	0.06	27.099	
543	0.08	27.149	
544	0.06	27.199	
545	0.06	27.249	
546	0.06	27.299	
547	0.06	27.349	
548	0.06	27.399	
549	0.06	27.449	
550	0.06	27.499	
551	0.06	27.549	
552	0.06	27.599	
553	0.06	27.649	
554	0.06	27.699	
555	0.06	27.749	
556	0.06	27.799	
557	0.06	27.849	
558	0.06	27.899	
559	0.06	27.949	
560	0.06	27.999	
561	0.06	28.049	
562	0.06	28.099	
563	0.06	28.149	
564	0.06	28.199	
565	0.06	28.249	
566	0.06	28.300	
567	0.06	28.349	
568	0.06	28.399	
569	0.06	28.449	
570	0.06	28.499	
571	0.06	28.549	
572	0.06	28.599	
573	0.06	28.649	
574	0.06	28.699	
575	0.06	28.749	
576	0.06	28.799	
577	0.04	28.849	
578	0.06	28.899	
579	0.04	28.949	
580	0.06	28.999	
581	0.06	29.049	
582	0.06	29.099	
583	0.06	29.149	
584	0.06	29.199	
585	0.06	29.249	
586	0.04	29.299	
587	0.06	29.349	
588	0.04	29.399	
589	0.04	29.449	
590	0.04	29.499	
591	0.04	29.549	
592	0.06	29.599	
593	0.04	29.649	
594	0.04	29.699	
595	0.04	29.749	
596	0.04	29.799	
597	0.04	29.849	
598	0.04	29.899	
599	0.04	29.949	
600	0.04	29.999	
601	0.04	30.049	
602	0.04	30.099	
603	0.06	30.149	
604	0.08	30.199	
605	0.34	30.249	
606	0.62	30.299	
607	0.98	30.349	
608	1.46	30.399	
609	1.92	30.449	
610	2.34	30.499	
611	3.06	30.549	
612	3.78	30.599	
613	4.42	30.649	
614	4.86	30.699	
615	5.02	30.749	
616	5.02	30.799	
617	4.98	30.849	
618	4.98	30.899	
619	4.98	30.949	
620	4.96	30.999	
621	4.96	31.049	
622	4.96	31.099	
623	4.96	31.149	
624	4.94	31.199	
625	4.94	31.249	
626	4.94	31.299	
627	4.94	31.349	
628	4.94	31.399	
629	4.94	31.449	
630	4.92	31.499	
631	4.92	31.549	
632	4.92	31.599	
633	4.92	31.649	
634	4.92	31.699	
635	4.92	31.749	
636	4.92	31.799	
637	4.92	31.849	
638	4.92	31.899	
639	4.92	31.949	
640	4.90	31.999	
641	4.90	32.049	
642	4.90	32.099	
643	4.90	32.149	
644	4.90	32.199	
645	4.90	32.249	
646	4.90	32.299	
647	4.90	32.349	
648	4.90	32.399	
649	4.90	32.449	
650	4.90	32.499	
651	4.90	32.549	
652	4.90	32.599	
653	4.90	32.649	
654	4.90	32.699	
655	4.88	32.749	
656	4.88	32.799	
657	4.90	32.849	
658	4.88	32.900	
659	4.90	32.949	
660	4.88	32.999	
661	4.88	33.049	
662	4.88	33.099	
663	4.88	33.149	
664	4.88	33.199	
665	4.88	33.249	
666	4.88	33.299	
667	4.88	33.349	
668	4.88	33.400	
669	4.88	33.449	
670	4.88	33.500	
671	4.88	33.549	
672	4.88	33.599	
673	4.88	33.649	
674	4.66	33.699	
675	3.58	33.749	
676	2.62	33.799	
677	1.86	33.849	
678	1.26	33.900	
679	0.74	33.949	
680	0.40	33.999	
681	0.30	34.049	
682	0.26	34.099	
683	0.24	34.149	
684	0.26	34.199	
685	0.24	34.249	
686	0.22	34.299	
687	0.18	34.349	
688	0.12	34.399	
689	0.10	34.449	
690	0.08	34.499	
691	0.08	34.549	
692	0.08	34.599	
693	0.08	34.650	
694	0.08	34.699	
695	0.08	34.749	
696	0.08	34.799	
697	0.08	34.849	
698	0.08	34.899	
699	0.08	34.949	
700	0.06	34.999	
701	0.06	35.049	
702	0.08	35.099	
703	0.08	35.149	
704	0.08	35.199	
705	0.06	35.249	
706	0.06	35.299	
707	0.06	35.349	
708	0.06	35.399	
709	0.06	35.449	
710	0.06	35.499	
711	0.06	35.549	
712	0.06	35.599	
713	0.06	35.650	
714	0.06	35.699	
715	0.06	35.749	
716	0.06	35.799	
717	0.06	35.849	
718	0.06	35.899	
719	0.06	35.949	
720	0.06	35.999	
721	0.06	36.049	
722	0.06	36.099	
723	0.06	36.149	
724	0.06	36.199	
725	0.06	36.249	
726	0.06	36.299	
727	0.06	36.349	
728	0.06	36.399	
729	0.06	36.450	
730	0.06	36.499	
731	0.06	36.549	
732	0.06	36.599	
733	0.06	36.649	
734	0.06	36.699	
735	0.06	36.749	
736	0.06	36.799	
737	0.06	36.849	
738	0.06	36.900	
739	0.06	36.949	
740	0.06	36.999	
741	0.06	37.049	
742	0.06	37.099	
743	0.06	37.149	
744	0.06	37.199	
745	0.06	37.249	
746	0.06	37.299	
747	0.06	37.349	
748	0.06	37.399	
749	0.06	37.449	
750	0.06	37.499	
751	0.06	37.549	
752	0.06	37.599	
753	0.06	37.649	
754	0.06	37.699	
755	0.06	37.749	
756	0.06	37.800	
757	0.06	37.849	
758	0.06	37.899	
759	0.06	37.949	
760	0.06	37.999	
761	0.06	38.049	
762	0.06	38.099	
763	0.06	38.149	
764	0.04	38.199	
765	0.04	38.249	
766	0.04	38.299	
767	0.06	38.349	
768	0.06	38.399	
769	0.04	38.449	
770	0.06	38.499	
771	0.06	38.549	
772	0.06	38.599	
773	0.04	38.649	
774	0.06	38.699	
775	0.04	38.749	
776	0.04	38.799	
777	0.06	38.850	
778	0.06	38.899	
779	0.06	38.949	
780	0.04	38.999	
781	0.04	39.049	
782	0.06	39.099	
783	0.28	39.149	
784	0.60	39.199	
785	0.96	39.249	
786	1.44	39.299	
787	1.90	39.349	
788	2.30	39.399	
789	3.00	39.449	
790	3.72	39.499	
791	4.38	39.549	
792	4.88	39.599	
793	5.10	39.649	
794	5.10	39.699	
795	5.10	39.749	
796	5.08	39.799	
797	5.08	39.849	
798	5.06	39.899	
799	5.06	39.949	
800	5.06	39.999	
801	5.04	40.049	
802	5.04	40.099	
803	5.04	40.152	
804	5.04	40.199	
805	5.04	40.249	
806	5.02	40.299	
807	5.02	40.349	
808	5.02	40.399	
809	5.02	40.449	
810	5.02	40.499	
811	5.02	40.550	
812	5.02	40.599	
813	5.02	40.649	
814	5.02	40.699	
815	5.02	40.749	
816	5.00	40.799	
817	5.00	40.849	
818	5.00	40.899	
819	5.00	40.949	
820	5.00	40.999	
821	5.00	41.049	
822	5.00	41.099	
823	5.00	41.149	
824	5.00	41.199	
825	5.00	41.249	
826	5.00	41.299	
827	5.00	41.349	
828	5.00	41.399	
829	5.00	41.449	
830	4.98	41.499	
831	4.98	41.549	
832	4.98	41.600	
833	4.98	41.649	
834	4.98	41.700	
835	4.98	41.749	
836	4.98	41.799	
837	4.98	41.849	
838	4.98	41.899	
839	4.98	41.949	
840	4.98	41.999	
841	4.98	42.049	
842	4.98	42.099	
843	4.98	42.149	
844	4.98	42.199	
845	4.98	42.250	
846	4.98	42.299	
847	4.98	42.349	
848	4.98	42.399	
849	4.98	42.449	
850	4.98	42.499	
851	4.96	42.549	
852	4.98	42.599	
853	4.96	42.650	
854	4.96	42.700	
855	4.96	42.749	
856	4.96	42.799	
857	4.96	42.849	
858	4.96	42.899	
859	4.96	42.949	
860	4.96	42.999	
861	4.96	43.049	
862	4.96	43.099	
863	4.96	43.149	
864	4.96	43.199	
865	4.96	43.249	
866	4.96	43.299	
867	4.96	43.349	
868	4.96	43.399	
869	4.96	43.449	
870	4.98	43.499	
871	4.16	43.549	
872	3.12	43.599	
873	2.26	43.649	
874	1.60	43.699	
875	1.06	43.749	
876	0.62	43.799	
877	0.34	43.849	
878	0.28	43.899	
879	0.28	43.950	
880	0.24	43.999	
881	0.26	44.049	
882	0.24	44.099	
883	0.20	44.149	
884	0.18	44.200	
885	0.10	44.249	
886	0.10	44.299	
887	0.10	44.349	
888	0.08	44.399	
889	0.10	44.449	
890	0.10	44.499	
891	0.08	44.549	
892	0.08	44.599	
893	0.08	44.649	
894	0.08	44.699	
895	0.08	44.749	
896	0.08	44.799	
897	0.08	44.849	
898	0.08	44.899	
899	0.08	44.949	
900	0.08	44.999	
901	0.08	45.050	
902	0.08	45.099	
903	0.08	45.153	
904	0.08	45.199	
905	0.08	45.249	
906	0.08	45.299	
907	0.08	45.349	
908	0.08	45.399	
909	0.06	45.449	
910	0.08	45.499	
911	0.08	45.549	
912	0.08	45.599	
913	0.06	45.649	
914	0.08	45.699	
915	0.08	45.749	
916	0.06	45.799	
917	0.08	45.849	
918	0.06	45.899	
919	0.06	45.950	
920	0.06	45.999	
921	0.06	46.049	
922	0.06	46.099	
923	0.06	46.149	
924	0.06	46.199	
925	0.06	46.249	
926	0.06	46.299	
927	0.06	46.349	
928	0.06	46.399	
929	0.06	46.449	
930	0.06	46.499	
931	0.06	46.549	
932	0.06	46.599	
933	0.06	46.649	
934	0.06	46.699	
935	0.06	46.749	
936	0.06	46.799	
937	0.06	46.849	
938	0.06	46.899	
939	0.06	46.950	
940	0.06	46.999	
941	0.06	47.049	
942	0.06	47.099	
943	0.06	47.149	
944	0.06	47.200	
945	0.06	47.249	
946	0.06	47.299	
947	0.06	47.349	
948	0.06	47.399	
949	0.06	47.450	
950	0.06	47.499	
951	0.06	47.549	
952	0.06	47.599	
953	0.06	47.649	
954	0.06	47.700	
955	0.06	47.749	
956	0.06	47.799	
957	0.06	47.849	
958	0.06	47.899	
959	0.06	47.949	
960	0.06	47.999	
961	0.06	48.049	
962	0.06	48.099	
963	0.06	48.149	
964	0.06	48.199	
965	0.06	48.249	
966	0.06	48.299	
967	0.06	48.350	
968	0.06	48.399	
969	0.06	48.449	
970	0.06	48.499	
971	0.06	48.549	
972	0.06	48.599	
973	0.06	48.649	
974	0.06	48.699	
975	0.06	48.749	
976	0.18	48.799	
977	0.44	48.850	
978	0.80	48.899	
979	1.20	48.949	
980	1.68	48.999	
981	2.06	49.049	
982	2.64	49.100	
983	3.38	49.149	
984	4.06	49.199	
985	4.68	49.249	
986	5.08	49.299	
987	5.16	49.349	
988	5.14	49.399	
989	5.12	49.449	
990	5.12	49.499	
991	5.10	49.549	
992	5.10	49.599	
993	5.10	49.649	
994	5.10	49.699	
995	5.08	49.749	
996	5.08	49.799	
997	5.08	49.849	
998	5.08	49.899	
999	5.06	49.949	
1000	5.06	50.000	
1001	5.06	50.049	
1002	5.06	50.099	
1003	5.06	50.155	
1004	5.06	50.199	
1005	5.06	50.249	
1006	5.06	50.299	
1007	5.06	50.350	
1008	5.04	50.399	
1009	5.04	50.449	
1010	5.04	50.499	
1011	5.04	50.549	
1012	5.04	50.599	
1013	5.04	50.649	
1014	5.04	50.699	
1015	5.04	50.749	
1016	5.04	50.799	
1017	5.04	50.849	
1018	5.04	50.899	
1019	5.02	50.949	
1020	5.02	50.999	
1021	5.02	51.049	
1022	5.02	51.099	
1023	5.02	51.149	
1024	5.02	51.199	
1025	5.02	51.249	
1026	5.02	51.299	
1027	5.02	51.349	
1028	5.02	51.399	
1029	5.02	51.449	
1030	5.02	51.499	
1031	5.02	51.550	
1032	5.02	51.599	
1033	5.02	51.649	
1034	5.02	51.699	
1035	5.02	51.749	
1036	5.02	51.799	
1037	5.02	51.849	
1038	5.02	51.899	
1039	5.02	51.949	
1040	5.02	51.999	
1041	5.02	52.050	
1042	5.02	52.100	
1043	5.02	52.149	
1044	5.02	52.200	
1045	5.00	52.249	
1046	5.02	52.299	
1047	5.02	52.349	
1048	5.02	52.399	
1049	5.02	52.450	
1050	5.02	52.499	
1051	4.56	52.550	
1052	3.44	52.599	
1053	2.54	52.649	
1054	1.84	52.699	
1055	1.26	52.749	
1056	0.76	52.799	
1057	0.42	52.849	
1058	0.30	52.899	
1059	0.28	52.949	
1060	0.26	52.999	
1061	0.26	53.049	
1062	0.26	53.099	
1063	0.24	53.149	
1064	0.20	53.199	
1065	0.14	53.250	
1066	0.10	53.299	
1067	0.10	53.350	
1068	0.10	53.399	
1069	0.10	53.449	
1070	0.10	53.499	
1071	0.10	53.549	
1072	0.10	53.599	
1073	0.10	53.649	
1074	0.10	53.699	
1075	0.08	53.749	
1076	0.08	53.799	
1077	0.10	53.849	
1078	0.10	53.899	
1079	0.08	53.949	
1080	0.08	54.000	
1081	0.08	54.049	
1082	0.08	54.099	
1083	0.08	54.149	
1084	0.08	54.199	
1085	0.08	54.250	
1086	0.08	54.299	
1087	0.08	54.349	
1088	0.08	54.399	
1089	0.08	54.449	
1090	0.08	54.500	
1091	0.08	54.549	
1092	0.08	54.599	
1093	0.08	54.649	
1094	0.08	54.699	
1095	0.08	54.750	
1096	0.08	54.799	
1097	0.08	54.849	
1098	0.08	54.899	
1099	0.08	54.949	
1100	0.08	55.000	
1101	0.08	55.049	
1102	0.08	55.099	
1103	0.08	55.158	
1104	0.08	55.199	
1105	0.06	55.249	
1106	0.08	55.299	
1107	0.06	55.349	
1108	0.08	55.400	
1109	0.08	55.449	
1110	0.06	55.499	
1111	0.08	55.549	
1112	0.06	55.599	
1113	0.08	55.649	
1114	0.06	55.699	
1115	0.06	55.749	
1116	0.08	55.799	
1117	0.06	55.849	
1118	0.06	55.899	
1119	0.06	55.949	
1120	0.06	55.999	
1121	0.06	56.049	
1122	0.06	56.099	
1123	0.06	56.149	
1124	0.06	56.199	
1125	0.06	56.250	
1126	0.06	56.299	
1127	0.06	56.349	
1128	0.06	56.399	
1129	0.06	56.449	
1130	0.06	56.499	
1131	0.06	56.549	
1132	0.06	56.599	
1133	0.06	56.649	
1134	0.06	56.699	
1135	0.06	56.749	
1136	0.06	56.799	
1137	0.06	56.849	
1138	0.06	56.900	
1139	0.06	56.949	
1140	0.06	56.999	
1141	0.06	57.049	
1142	0.06	57.099	
1143	0.06	57.150	
1144	0.06	57.199	
1145	0.06	57.249	
1146	0.06	57.299	
1147	0.06	57.349	
1148	0.06	57.399	
1149	0.06	57.449	
1150	0.06	57.499	
1151	0.06	57.549	
1152	0.06	57.599	
1153	0.06	57.649	
1154	0.06	57.699	
1155	0.06	57.749	
1156	0.06	57.799	
1157	0.06	57.850	
1158	0.06	57.900	
1159	0.12	57.949	
1160	0.40	57.999	
1161	0.68	58.049	
1162	1.08	58.099	
1163	1.54	58.150	
1164	1.98	58.199	
1165	2.46	58.249	
1166	3.18	58.299	
1167	3.90	58.349	
1168	4.54	58.399	
1169	5.02	58.449	
1170	5.20	58.499	
1171	5.18	58.549	
1172	5.18	58.599	
1173	5.16	58.649	
1174	5.16	58.699	
1175	5.14	58.749	
1176	5.14	58.799	
1177	5.14	58.849	
1178	5.14	58.899	
1179	5.12	58.949	
1180	5.12	58.999	
1181	5.12	59.049	
1182	5.12	59.099	
1183	5.12	59.149	
1184	5.10	59.199	
1185	5.10	59.255	
1186	5.10	59.299	
1187	5.10	59.349	
1188	5.10	59.399	
1189	5.10	59.449	
1190	5.10	59.499	
1191	5.10	59.549	
1192	5.10	59.599	
1193	5.10	59.649	
1194	5.10	59.699	
1195	5.10	59.749	
1196	5.08	59.799	
1197	5.08	59.849	
1198	5.08	59.899	
1199	5.08	59.949	
1200	5.08	60.006	
1201	5.08	60.049	
1202	5.08	60.149	
1203	5.08	60.199	
1204	5.08	60.249	
1205	5.08	60.299	
1206	5.08	60.349	
1207	5.08	60.400	
1208	5.08	60.449	
1209	5.08	60.499	
1210	5.06	60.549	
1211	5.06	60.599	
1212	5.06	60.649	
1213	5.06	60.699	
1214	5.06	60.749	
1215	5.06	60.799	
1216	5.06	60.849	
1217	5.06	60.899	
1218	5.06	60.949	
1219	5.06	60.999	
1220	5.06	61.049	
1221	5.06	61.099	
1222	5.06	61.149	
1223	5.06	61.199	
1224	5.06	61.249	
1225	4.94	61.299	
1226	3.90	61.350	
1227	2.86	61.399	
1228	2.10	61.449	
1229	1.50	61.499	
1230	0.96	61.549	
1231	0.56	61.599	
1232	0.34	61.649	
1233	0.30	61.699	
1234	0.28	61.749	
1235	0.26	61.799	
1236	0.26	61.850	
1237	0.24	61.899	
1238	0.22	61.950	
1239	0.18	61.999	
1240	0.12	62.049	
1241	0.10	62.099	
1242	0.10	62.149	
1243	0.10	62.199	
1244	0.10	62.249	
1245	0.10	62.299	
1246	0.10	62.349	
1247	0.10	62.399	
1248	0.10	62.449	
1249	0.10	62.499	
1250	0.10	62.549	
1251	0.10	62.599	
1252	0.10	62.649	
1253	0.10	62.699	
1254	0.10	62.749	
1255	0.10	62.799	
1256	0.10	62.850	
1257	0.08	62.899	
1258	0.08	62.949	
1259	0.10	62.999	
1260	0.10	63.049	
1261	0.10	63.099	
1262	0.08	63.149	
1263	0.08	63.199	
1264	0.08	63.250	
1265	0.08	63.309	
1266	0.08	63.349	
1267	0.08	63.399	
1268	0.08	63.449	
1269	0.08	63.499	
1270	0.08	63.549	
1271	0.08	63.599	
1272	0.08	63.649	
1273	0.08	63.699	
1274	0.08	63.749	
1275	0.08	63.799	
1276	0.08	63.849	
1277	0.08	63.899	
1278	0.08	63.949	
1279	0.08	63.999	
1280	0.08	64.049	
1281	0.08	64.099	
1282	0.08	64.149	
1283	0.08	64.199	
1284	0.08	64.249	
1285	0.08	64.300	
1286	0.08	64.349	
1287	0.08	64.399	
1288	0.08	64.449	
1289	0.08	64.499	
1290	0.08	64.551	
1291	0.08	64.599	
1292	0.08	64.649	
1293	0.08	64.699	
1294	0.08	64.749	
1295	0.08	64.799	
1296	0.08	64.849	
1297	0.08	64.900	
1298	0.08	64.949	
1299	0.08	64.999	
1300	0.08	65.049	
1301	0.08	65.099	
1302	0.08	65.160	
1303	0.08	65.199	
1304	0.08	65.252	
1305	0.08	65.299	
1306	0.08	65.349	
1307	0.08	65.399	
1308	0.08	65.449	
1309	0.06	65.499	
1310	0.08	65.549	
1311	0.08	65.599	
1312	0.08	65.649	
1313	0.16	65.699	
1314	0.48	65.749	
1315	0.74	65.799	
1316	1.14	65.849	
1317	1.62	65.899	
1318	2.00	65.949	
1319	2.52	65.999	
1320	3.24	66.049	
1321	3.96	66.099	
1322	4.62	66.149	
1323	5.06	66.199	
1324	5.22	66.249	
1325	5.22	66.299	
1326	5.20	66.349	
1327	5.18	66.399	
1328	5.18	66.449	
1329	5.16	66.499	
1330	5.16	66.549	
1331	5.16	66.599	
1332	5.16	66.649	
1333	5.16	66.700	
1334	5.14	66.749	
1335	5.14	66.799	
1336	5.14	66.849	
1337	5.14	66.899	
1338	5.14	66.949	
1339	5.14	66.999	
1340	5.12	67.049	
1341	5.12	67.099	
1342	5.12	67.149	
1343	5.12	67.199	
1344	5.12	67.249	
1345	5.12	67.299	
1346	5.12	67.349	
1347	5.12	67.399	
1348	5.12	67.449	
1349	5.10	67.499	
1350	5.10	67.549	
1351	5.10	67.600	
1352	5.10	67.649	
1353	5.10	67.699	
1354	5.10	67.749	
1355	5.10	67.799	
1356	5.10	67.849	
1357	5.10	67.899	
1358	5.10	67.949	
1359	5.10	68.000	
1360	5.10	68.049	
1361	5.10	68.099	
1362	5.10	68.149	
1363	5.10	68.199	
1364	5.10	68.249	
1365	5.10	68.299	
1366	5.10	68.349	
1367	5.10	68.399	
1368	5.10	68.449	
1369	5.10	68.499	
1370	5.08	68.549	
1371	5.08	68.599	
1372	5.10	68.649	
1373	5.10	68.699	
1374	5.08	68.749	
1375	5.08	68.799	
1376	5.08	68.849	
1377	5.08	68.899	
1378	5.08	68.949	
1379	5.08	68.999	
1380	5.08	69.049	
1381	5.08	69.099	
1382	5.08	69.149	
1383	5.08	69.199	
1384	5.08	69.249	
1385	5.08	69.299	
1386	5.08	69.349	
1387	5.08	69.399	
1388	5.08	69.449	
1389	5.08	69.500	
1390	5.08	69.549	
1391	5.08	69.599	
1392	5.08	69.649	
1393	5.08	69.699	
1394	4.78	69.749	
1395	3.66	69.799	
1396	2.70	69.849	
1397	1.96	69.899	
1398	1.36	69.949	
1399	0.86	70.000	
1400	0.48	70.049	
1401	0.34	70.099	
1402	0.28	70.159	
1403	0.28	70.199	
1404	0.28	70.249	
1405	0.28	70.300	
1406	0.26	70.349	
1407	0.22	70.399	
1408	0.16	70.449	
1409	0.12	70.500	
1410	0.12	70.549	
1411	0.12	70.599	
1412	0.12	70.649	
1413	0.12	70.699	
1414	0.12	70.749	
1415	0.10	70.799	
1416	0.10	70.849	
1417	0.10	70.899	
1418	0.12	70.957	
1419	0.10	70.999	
1420	0.10	71.049	
1421	0.10	71.099	
1422	0.10	71.149	
1423	0.10	71.199	
1424	0.10	71.250	
1425	0.10	71.300	
1426	0.10	71.349	
1427	0.10	71.399	
1428	0.10	71.449	
1429	0.10	71.499	
1430	0.10	71.549	
1431	0.10	71.599	
1432	0.10	71.649	
1433	0.10	71.699	
1434	0.10	71.750	
1435	0.10	71.799	
1436	0.10	71.849	
1437	0.10	71.899	
1438	0.10	71.949	
1439	0.10	72.000	
1440	0.10	72.049	
1441	0.10	72.099	
1442	0.10	72.149	
1443	0.10	72.199	
1444	0.10	72.250	
1445	0.08	72.299	
1446	0.10	72.349	
1447	0.08	72.399	
1448	0.08	72.449	
1449	0.08	72.500	
1450	0.10	72.549	
1451	0.08	72.599	
1452	0.08	72.649	
1453	0.08	72.699	
1454	0.08	72.749	
1455	0.08	72.799	
1456	0.08	72.849	
1457	0.08	72.899	
1458	0.08	72.949	
1459	0.08	72.999	
1460	0.08	73.049	
1461	0.08	73.099	
1462	0.08	73.149	
1463	0.08	73.199	
1464	0.08	73.250	
1465	0.08	73.299	
1466	0.08	73.349	
1467	0.08	73.399	
1468	0.08	73.449	
1469	0.08	73.499	
1470	0.08	73.549	
1471	0.08	73.599	
1472	0.08	73.649	
1473	0.08	73.699	
1474	0.08	73.749	
1475	0.08	73.799	
1476	0.08	73.849	
1477	0.08	73.899	
1478	0.08	73.949	
1479	0.08	73.999	
1480	0.08	74.049	
1481	0.08	74.099	
1482	0.08	74.149	
1483	0.08	74.199	
1484	0.08	74.249	
1485	0.08	74.299	
1486	0.08	74.349	
1487	0.08	74.399	
1488	0.08	74.449	
1489	0.08	74.499	
1490	0.08	74.549	
1491	0.08	74.599	
1492	0.14	74.649	
1493	0.40	74.699	
1494	0.68	74.750	
1495	1.08	74.799	
1496	1.52	74.849	
1497	1.98	74.899	
1498	2.40	74.949	
1499	3.10	74.999	
1500	3.82	75.049	
1501	4.48	75.099	
1502	5.02	75.149	
1503	5.22	75.199	
1504	5.22	75.249	
1505	5.22	75.299	
1506	5.20	75.350	
1507	5.20	75.399	
1508	5.18	75.449	
1509	5.18	75.499	
1510	5.18	75.549	
1511	5.16	75.599	
1512	5.16	75.649	
1513	5.16	75.699	
1514	5.16	75.750	
1515	5.16	75.800	
1516	5.16	75.849	
1517	5.16	75.899	
1518	5.14	75.949	
1519	5.14	76.000	
1520	5.14	76.049	
1521	5.14	76.100	
1522	5.14	76.149	
1523	5.14	76.199	
1524	5.14	76.249	
1525	5.14	76.299	
1526	5.14	76.349	
1527	5.14	76.399	
1528	5.12	76.449	
1529	5.12	76.499	
1530	5.12	76.549	
1531	5.12	76.599	
1532	5.12	76.649	
1533	5.12	76.699	
1534	5.12	76.749	
1535	5.12	76.799	
1536	5.12	76.849	
1537	5.12	76.899	
1538	5.12	76.949	
1539	5.12	76.999	
1540	5.12	77.049	
1541	5.12	77.099	
1542	5.12	77.149	
1543	5.12	77.199	
1544	5.10	77.249	
1545	5.10	77.299	
1546	5.10	77.349	
1547	5.12	77.399	
1548	5.10	77.449	
1549	5.10	77.500	
1550	5.10	77.549	
1551	5.10	77.599	
1552	5.10	77.649	
1553	5.10	77.699	
1554	5.10	77.749	
1555	5.10	77.799	
1556	5.10	77.849	
1557	5.10	77.899	
1558	5.10	77.949	
1559	5.10	78.000	
1560	5.10	78.049	
1561	5.10	78.099	
1562	5.10	78.149	
1563	5.10	78.199	
1564	5.10	78.249	
1565	5.10	78.299	
1566	5.10	78.349	
1567	5.10	78.399	
1568	5.10	78.449	
1569	5.10	78.500	
1570	5.10	78.549	
1571	5.10	78.599	
1572	5.12	78.649	
1573	4.36	78.699	
1574	3.30	78.750	
1575	2.40	78.799	
1576	1.72	78.849	
1577	1.16	78.899	
1578	0.72	78.949	
1579	0.40	78.999	
1580	0.32	79.049	
1581	0.30	79.099	
1582	0.30	79.149	
1583	0.30	79.199	
1584	0.28	79.249	
1585	0.26	79.299	
1586	0.22	79.349	
1587	0.16	79.399	
1588	0.12	79.449	
1589	0.12	79.499	
1590	0.12	79.549	
1591	0.12	79.599	
1592	0.12	79.649	
1593	0.12	79.699	
1594	0.12	79.749	
1595	0.12	79.799	
1596	0.12	79.849	
1597	0.12	79.899	
1598	0.12	79.949	
1599	0.12	79.999	
1600	0.12	80.050	
1601	0.12	80.099	
1602	0.12	80.199	
1603	0.12	80.249	
1604	0.12	80.349	
1605	0.10	80.399	
1606	0.10	80.499	
1607	0.10	80.549	
1608	0.10	80.612	
1609	0.10	80.649	
1610	0.10	80.705	
1611	0.10	80.749	
1612	0.10	80.799	
1613	0.10	80.849	
1614	0.10	80.899	
1615	0.10	80.949	
1616	0.10	80.999	
1617	0.10	81.049	
1618	0.10	81.099	
1619	0.10	81.149	
1620	0.10	81.199	
1621	0.10	81.249	
1622	0.10	81.299	
1623	0.10	81.349	
1624	0.10	81.399	
1625	0.10	81.449	
1626	0.10	81.499	
1627	0.10	81.549	
1628	0.10	81.599	
1629	0.10	81.649	
1630	0.10	81.699	
1631	0.10	81.749	
1632	0.10	81.800	
1633	0.10	81.849	
1634	0.10	81.899	
1635	0.10	81.949	
1636	0.10	81.999	
1637	0.10	82.050	
1638	0.08	82.099	
1639	0.10	82.149	
1640	0.10	82.199	
1641	0.10	82.249	
1642	0.08	82.299	
1643	0.10	82.349	
1644	0.10	82.399	
1645	0.08	82.449	
1646	0.10	82.499	
1647	0.08	82.549	
1648	0.08	82.599	
1649	0.10	82.649	
1650	0.08	82.699	
1651	0.08	82.749	
1652	0.08	82.800	
1653	0.08	82.849	
1654	0.10	82.899	
1655	0.08	82.949	
1656	0.08	82.999	
1657	0.08	83.049	
1658	0.08	83.099	
1659	0.08	83.149	
1660	0.08	83.199	
1661	0.10	83.249	
1662	0.10	83.299	
1663	0.08	83.349	
1664	0.08	83.399	
1665	0.08	83.449	
1666	0.08	83.499	
1667	0.08	83.549	
1668	0.08	83.599	
1669	0.08	83.649	
1670	0.08	83.699	
1671	0.08	83.749	
1672	0.08	83.799	
1673	0.08	83.849	
1674	0.08	83.899	
1675	0.08	83.949	
1676	0.08	83.999	
1677	0.08	84.049	
1678	0.10	84.099	
1679	0.24	84.149	
1680	0.54	84.200	
1681	0.88	84.249	
1682	1.32	84.300	
1683	1.84	84.349	
1684	2.18	84.399	
1685	2.82	84.449	
1686	3.54	84.499	
1687	4.26	84.549	
1688	4.86	84.599	
1689	5.22	84.649	
1690	5.28	84.700	
1691	5.26	84.749	
1692	5.26	84.799	
1693	5.24	84.849	
1694	5.24	84.899	
1695	5.22	84.949	
1696	5.22	84.999	
1697	5.22	85.049	
1698	5.22	85.099	
1699	5.20	85.149	
1700	5.20	85.199	
1701	5.20	85.249	
1702	5.20	85.299	
1703	5.20	85.349	
1704	5.20	85.399	
1705	5.18	85.449	
1706	5.18	85.500	
1707	5.18	85.549	
1708	5.18	85.599	
1709	5.18	85.650	
1710	5.18	85.699	
1711	5.18	85.749	
1712	5.18	85.800	
1713	5.18	85.849	
1714	5.16	85.899	
1715	5.18	85.949	
1716	5.18	85.999	
1717	5.16	86.049	
1718	5.16	86.099	
1719	5.16	86.149	
1720	5.16	86.199	
1721	5.16	86.249	
1722	5.16	86.299	
1723	5.16	86.349	
1724	5.16	86.399	
1725	5.16	86.449	
1726	5.16	86.499	
1727	5.16	86.549	
1728	5.16	86.599	
1729	5.16	86.649	
1730	5.16	86.699	
1731	5.16	86.749	
1732	5.16	86.799	
1733	5.16	86.849	
1734	5.16	86.899	
1735	5.16	86.949	
1736	5.14	86.999	
1737	5.16	87.049	
1738	5.16	87.099	
1739	5.14	87.149	
1740	5.14	87.199	
1741	5.14	87.249	
1742	5.14	87.299	
1743	5.14	87.349	
1744	5.14	87.399	
1745	5.14	87.449	
1746	5.14	87.499	
1747	5.14	87.549	
1748	5.14	87.599	
1749	5.14	87.649	
1750	5.14	87.699	
1751	5.14	87.749	
1752	5.14	87.800	
1753	5.14	87.849	
1754	5.14	87.899	
1755	5.14	87.949	
1756	5.14	87.999	
1757	5.14	88.049	
1758	5.14	88.100	
1759	5.14	88.149	
1760	5.14	88.199	
1761	5.14	88.249	
1762	5.14	88.299	
1763	5.14	88.349	
1764	5.14	88.399	
1765	5.14	88.449	
1766	5.14	88.499	
1767	5.14	88.549	
1768	5.14	88.599	
1769	5.14	88.649	
1770	5.14	88.699	
1771	5.12	88.750	
1772	5.14	88.799	
1773	4.62	88.849	
1774	3.54	88.899	
1775	2.60	88.949	
1776	1.88	88.999	
1777	1.30	89.049	
1778	0.82	89.099	
1779	0.48	89.149	
1780	0.34	89.199	
1781	0.32	89.249	
1782	0.30	89.299	
1783	0.30	89.349	
1784	0.30	89.399	
1785	0.26	89.449	
1786	0.24	89.499	
1787	0.18	89.549	
1788	0.14	89.599	
1789	0.14	89.649	
1790	0.14	89.699	
1791	0.14	89.749	
1792	0.14	89.799	
1793	0.14	89.849	
1794	0.14	89.899	
1795	0.14	89.949	
1796	0.12	89.999	
1797	0.12	90.050	
1798	0.12	90.099	
1799	0.12	90.199	
1800	0.12	90.249	
1801	0.12	90.311	
1802	0.12	90.349	
1803	0.12	90.405	
1804	0.12	90.449	
1805	0.12	90.499	
1806	0.12	90.549	
1807	0.12	90.599	
1808	0.12	90.649	
1809	0.12	90.699	
1810	0.12	90.749	
1811	0.12	90.799	
1812	0.12	90.849	
1813	0.12	90.899	
1814	0.12	90.949	
1815	0.12	90.999	
1816	0.12	91.049	
1817	0.12	91.099	
1818	0.10	91.149	
1819	0.12	91.199	
1820	0.12	91.249	
1821	0.10	91.299	
1822	0.10	91.349	
1823	0.12	91.399	
1824	0.10	91.449	
1825	0.12	91.499	
1826	0.12	91.549	
1827	0.10	91.599	
1828	0.10	91.649	
1829	0.10	91.699	
1830	0.10	91.749	
1831	0.10	91.799	
1832	0.10	91.849	
1833	0.10	91.899	
1834	0.10	91.949	
1835	0.10	91.999	
1836	0.10	92.049	
1837	0.10	92.099	
1838	0.10	92.149	
1839	0.10	92.199	
1840	0.10	92.249	
1841	0.10	92.299	
1842	0.10	92.349	
1843	0.10	92.399	
1844	0.10	92.449	
1845	0.10	92.499	
1846	0.10	92.549	
1847	0.10	92.599	
1848	0.10	92.650	
1849	0.10	92.699	
1850	0.10	92.749	
1851	0.10	92.799	
1852	0.10	92.849	
1853	0.10	92.899	
1854	0.10	92.949	
1855	0.10	92.999	
1856	0.10	93.049	
1857	0.10	93.099	
1858	0.10	93.149	
1859	0.10	93.199	
1860	0.10	93.249	
1861	0.10	93.299	
1862	0.10	93.349	
1863	0.10	93.399	
1864	0.10	93.449	
1865	0.10	93.499	
1866	0.10	93.549	
1867	0.10	93.599	
1868	0.10	93.649	
1869	0.10	93.699	
1870	0.10	93.749	
1871	0.10	93.799	
1872	0.10	93.849	
1873	0.10	93.899	
1874	0.10	93.949	
1875	0.10	93.999	
1876	0.10	94.049	
1877	0.10	94.099	
1878	0.10	94.149	
1879	0.10	94.199	
1880	0.10	94.249	
1881	0.10	94.299	
1882	0.10	94.349	
1883	0.10	94.399	
1884	0.10	94.449	
1885	0.10	94.500	
1886	0.10	94.549	
1887	0.10	94.599	
1888	0.10	94.649	
1889	0.10	94.699	
1890	0.10	94.749	
1891	0.10	94.799	
1892	0.10	94.849	
1893	0.10	94.899	
1894	0.10	94.949	
1895	0.10	94.999	
1896	0.10	95.049	
1897	0.10	95.099	
1898	0.10	95.149	
1899	0.10	95.199	
1900	0.10	95.249	
1901	0.10	95.299	
1902	0.10	95.349	
1903	0.10	95.399	
1904	0.10	95.449	
1905	0.08	95.499	
1906	0.10	95.549	
1907	0.10	95.599	
1908	0.10	95.649	
1909	0.10	95.699	
1910	0.08	95.749	
1911	0.10	95.799	
1912	0.10	95.862	
1913	0.08	95.899	
1914	0.08	95.959	
1915	0.08	95.999	
1916	0.08	96.056	
1917	0.08	96.099	
1918	0.08	96.157	
1919	0.08	96.199	
1920	0.08	96.258	
1921	0.08	96.299	
1922	0.08	96.357	
1923	0.08	96.399	
1924	0.10	96.459	
1925	0.08	96.499	
1926	0.10	96.562	
