7/23/2024  12:38 PM
Units: N
Readings: Continuous
X-Axis: Time

Reading	Load	Time	
1	0.00	0.000	
2	0.00	0.100	
3	-0.02	0.150	
4	0.00	0.200	
5	0.00	0.250	
6	0.00	0.300	
7	0.00	0.350	
8	0.00	0.400	
9	0.00	0.450	
10	0.00	0.501	
11	-0.02	0.550	
12	0.00	0.600	
13	0.00	0.650	
14	0.00	0.700	
15	0.00	0.750	
16	0.00	0.800	
17	0.00	0.850	
18	0.00	0.901	
19	0.00	0.950	
20	0.00	1.000	
21	0.00	1.050	
22	0.00	1.100	
23	0.00	1.150	
24	0.00	1.200	
25	-0.02	1.251	
26	0.00	1.300	
27	0.00	1.350	
28	0.00	1.400	
29	0.00	1.450	
30	0.00	1.500	
31	0.00	1.550	
32	0.00	1.601	
33	0.00	1.650	
34	0.00	1.700	
35	0.00	1.750	
36	0.00	1.800	
37	0.00	1.850	
38	0.00	1.900	
39	0.00	1.950	
40	0.00	2.001	
41	0.00	2.050	
42	0.00	2.100	
43	0.00	2.150	
44	0.00	2.200	
45	0.00	2.250	
46	0.00	2.300	
47	0.00	2.350	
48	0.00	2.400	
49	0.00	2.450	
50	0.00	2.500	
51	-0.02	2.550	
52	0.00	2.600	
53	-0.02	2.650	
54	-0.02	2.700	
55	0.00	2.750	
56	0.00	2.800	
57	0.00	2.850	
58	0.00	2.900	
59	0.00	2.950	
60	0.00	3.000	
61	-0.02	3.050	
62	0.00	3.100	
63	0.00	3.150	
64	0.00	3.200	
65	0.00	3.250	
66	0.00	3.301	
67	-0.02	3.350	
68	0.00	3.400	
69	0.00	3.450	
70	-0.02	3.500	
71	0.00	3.550	
72	0.00	3.600	
73	0.00	3.650	
74	0.00	3.700	
75	0.00	3.750	
76	0.00	3.800	
77	0.00	3.850	
78	0.00	3.901	
79	0.00	3.950	
80	0.00	4.000	
81	0.00	4.051	
82	0.00	4.100	
83	0.00	4.151	
84	0.00	4.200	
85	0.00	4.250	
86	0.00	4.300	
87	0.00	4.351	
88	0.00	4.400	
89	0.00	4.450	
90	0.00	4.500	
91	0.00	4.550	
92	0.00	4.600	
93	-0.02	4.650	
94	0.00	4.700	
95	-0.02	4.750	
96	0.00	4.800	
97	0.00	4.850	
98	0.00	4.900	
99	0.00	4.950	
100	0.00	5.000	
101	0.00	5.051	
102	0.00	5.100	
103	0.00	5.151	
104	0.00	5.200	
105	0.00	5.250	
106	0.00	5.300	
107	0.00	5.350	
108	-0.02	5.400	
109	-0.02	5.451	
110	0.10	5.500	
111	0.48	5.550	
112	1.10	5.601	
113	1.86	5.650	
114	2.56	5.700	
115	3.16	5.750	
116	3.62	5.800	
117	3.82	5.850	
118	3.86	5.900	
119	3.84	5.950	
120	3.82	6.000	
121	3.80	6.050	
122	3.80	6.100	
123	3.80	6.150	
124	3.78	6.201	
125	3.78	6.250	
126	3.78	6.300	
127	3.78	6.350	
128	3.78	6.400	
129	3.78	6.450	
130	3.76	6.500	
131	3.76	6.550	
132	3.76	6.600	
133	3.76	6.650	
134	3.74	6.700	
135	3.74	6.750	
136	3.76	6.800	
137	3.76	6.850	
138	3.74	6.900	
139	3.74	6.950	
140	3.74	7.000	
141	3.74	7.050	
142	3.74	7.100	
143	3.74	7.150	
144	3.74	7.200	
145	3.74	7.250	
146	3.74	7.300	
147	3.72	7.350	
148	3.72	7.400	
149	3.74	7.450	
150	3.72	7.500	
151	3.72	7.550	
152	3.72	7.600	
153	3.72	7.650	
154	3.72	7.701	
155	3.72	7.750	
156	3.72	7.800	
157	3.72	7.850	
158	3.72	7.900	
159	3.72	7.950	
160	3.72	8.000	
161	3.72	8.050	
162	3.72	8.100	
163	3.72	8.150	
164	3.72	8.200	
165	3.72	8.250	
166	3.72	8.300	
167	3.72	8.350	
168	3.72	8.400	
169	3.72	8.450	
170	3.72	8.500	
171	3.72	8.550	
172	3.72	8.600	
173	3.72	8.650	
174	3.70	8.700	
175	3.72	8.750	
176	3.72	8.801	
177	3.72	8.850	
178	3.72	8.900	
179	3.70	8.950	
180	3.70	9.000	
181	3.70	9.050	
182	3.70	9.100	
183	3.70	9.150	
184	3.70	9.201	
185	3.70	9.250	
186	3.70	9.300	
187	3.70	9.350	
188	3.70	9.400	
189	3.70	9.450	
190	3.70	9.500	
191	3.70	9.551	
192	3.70	9.600	
193	3.70	9.650	
194	3.70	9.700	
195	3.70	9.750	
196	3.70	9.800	
197	3.70	9.850	
198	3.34	9.900	
199	2.24	9.951	
200	1.22	10.000	
201	0.62	10.050	
202	0.26	10.100	
203	0.18	10.150	
204	0.16	10.200	
205	0.16	10.250	
206	0.14	10.301	
207	0.10	10.350	
208	0.08	10.400	
209	0.04	10.450	
210	0.04	10.500	
211	0.04	10.550	
212	0.04	10.600	
213	0.04	10.650	
214	0.04	10.700	
215	0.04	10.750	
216	0.04	10.800	
217	0.04	10.850	
218	0.02	10.900	
219	0.02	10.950	
220	0.04	11.000	
221	0.04	11.050	
222	0.02	11.100	
223	0.02	11.150	
224	0.02	11.200	
225	0.02	11.250	
226	0.02	11.300	
227	0.02	11.350	
228	0.02	11.400	
229	0.02	11.451	
230	0.02	11.500	
231	0.02	11.550	
232	0.02	11.601	
233	0.02	11.650	
234	0.02	11.700	
235	0.02	11.751	
236	0.02	11.800	
237	0.02	11.850	
238	0.02	11.900	
239	0.02	11.950	
240	0.02	12.000	
241	0.02	12.050	
242	0.02	12.100	
243	0.02	12.150	
244	0.02	12.200	
245	0.02	12.250	
246	0.02	12.300	
247	0.02	12.350	
248	0.02	12.400	
249	0.02	12.450	
250	0.02	12.501	
251	0.02	12.550	
252	0.02	12.600	
253	0.02	12.650	
254	0.02	12.700	
255	0.02	12.750	
256	0.02	12.800	
257	0.02	12.852	
258	0.02	12.900	
259	0.02	12.950	
260	0.02	13.000	
261	0.02	13.050	
262	0.02	13.100	
263	0.02	13.150	
264	0.02	13.200	
265	0.02	13.251	
266	0.02	13.300	
267	0.00	13.350	
268	0.02	13.400	
269	0.02	13.450	
270	0.02	13.500	
271	0.00	13.550	
272	0.02	13.601	
273	0.02	13.650	
274	0.02	13.700	
275	0.02	13.750	
276	0.02	13.800	
277	0.00	13.850	
278	0.00	13.900	
279	0.02	13.950	
280	0.00	14.001	
281	0.02	14.050	
282	0.02	14.100	
283	0.00	14.150	
284	0.00	14.200	
285	0.00	14.250	
286	0.00	14.300	
287	0.00	14.351	
288	0.00	14.400	
289	0.00	14.450	
290	0.00	14.500	
291	0.00	14.550	
292	0.00	14.600	
293	0.00	14.650	
294	0.00	14.701	
295	0.00	14.750	
296	0.00	14.800	
297	0.00	14.851	
298	0.00	14.900	
299	0.00	14.950	
300	0.00	15.000	
301	0.00	15.050	
302	0.00	15.101	
303	0.00	15.150	
304	0.00	15.200	
305	0.00	15.250	
306	0.00	15.300	
307	0.00	15.350	
308	0.00	15.400	
309	0.00	15.450	
310	0.00	15.501	
311	0.00	15.550	
312	0.00	15.600	
313	0.00	15.650	
314	0.00	15.700	
315	0.00	15.750	
316	0.00	15.800	
317	0.00	15.851	
318	0.30	15.900	
319	0.88	15.950	
320	1.60	16.000	
321	2.36	16.050	
322	3.00	16.100	
323	3.50	16.150	
324	3.80	16.201	
325	3.88	16.250	
326	3.86	16.300	
327	3.84	16.350	
328	3.82	16.400	
329	3.82	16.450	
330	3.82	16.500	
331	3.80	16.550	
332	3.80	16.601	
333	3.80	16.650	
334	3.78	16.700	
335	3.78	16.750	
336	3.78	16.800	
337	3.78	16.850	
338	3.78	16.900	
339	3.78	16.950	
340	3.78	17.000	
341	3.78	17.050	
342	3.78	17.100	
343	3.78	17.150	
344	3.76	17.200	
345	3.76	17.250	
346	3.76	17.300	
347	3.76	17.351	
348	3.76	17.400	
349	3.76	17.450	
350	3.76	17.500	
351	3.76	17.550	
352	3.74	17.600	
353	3.76	17.650	
354	3.76	17.700	
355	3.74	17.750	
356	3.74	17.800	
357	3.74	17.850	
358	3.74	17.900	
359	3.74	17.950	
360	3.74	18.000	
361	3.74	18.050	
362	3.74	18.101	
363	3.74	18.150	
364	3.74	18.200	
365	3.74	18.250	
366	3.74	18.300	
367	3.74	18.350	
368	3.74	18.400	
369	3.74	18.450	
370	3.74	18.500	
371	3.74	18.550	
372	3.74	18.600	
373	3.74	18.650	
374	3.74	18.700	
375	3.74	18.750	
376	3.74	18.800	
377	3.74	18.851	
378	3.74	18.900	
379	3.72	18.950	
380	3.72	19.000	
381	3.72	19.050	
382	3.74	19.100	
383	3.50	19.150	
384	2.40	19.201	
385	1.32	19.251	
386	0.68	19.300	
387	0.28	19.351	
388	0.20	19.400	
389	0.18	19.450	
390	0.18	19.500	
391	0.14	19.550	
392	0.10	19.600	
393	0.08	19.650	
394	0.04	19.701	
395	0.04	19.750	
396	0.04	19.800	
397	0.04	19.850	
398	0.04	19.900	
399	0.04	19.950	
400	0.04	20.000	
401	0.04	20.050	
402	0.04	20.101	
403	0.04	20.150	
404	0.04	20.200	
405	0.04	20.250	
406	0.02	20.300	
407	0.04	20.350	
408	0.02	20.400	
409	0.04	20.451	
410	0.02	20.500	
411	0.02	20.550	
412	0.02	20.600	
413	0.02	20.651	
414	0.02	20.700	
415	0.04	20.750	
416	0.02	20.800	
417	0.02	20.851	
418	0.02	20.900	
419	0.02	20.950	
420	0.02	21.000	
421	0.02	21.050	
422	0.02	21.100	
423	0.02	21.150	
424	0.02	21.200	
425	0.02	21.250	
426	0.02	21.300	
427	0.02	21.350	
428	0.02	21.400	
429	0.02	21.451	
430	0.02	21.500	
431	0.02	21.550	
432	0.02	21.600	
433	0.02	21.650	
434	0.02	21.700	
435	0.02	21.750	
436	0.02	21.800	
437	0.02	21.851	
438	0.02	21.900	
439	0.02	21.950	
440	0.02	22.000	
441	0.02	22.051	
442	0.02	22.100	
443	0.02	22.151	
444	0.02	22.200	
445	0.02	22.250	
446	0.02	22.300	
447	0.02	22.351	
448	0.02	22.400	
449	0.02	22.450	
450	0.02	22.500	
451	0.02	22.550	
452	0.02	22.600	
453	0.02	22.650	
454	0.02	22.701	
455	0.02	22.750	
456	0.02	22.800	
457	0.02	22.850	
458	0.02	22.900	
459	0.02	22.950	
460	0.02	23.000	
461	0.02	23.050	
462	0.02	23.101	
463	0.02	23.150	
464	0.02	23.200	
465	0.02	23.250	
466	0.02	23.301	
467	0.02	23.350	
468	0.02	23.400	
469	0.02	23.450	
470	0.02	23.500	
471	0.02	23.550	
472	0.02	23.600	
473	0.02	23.650	
474	0.02	23.700	
475	0.02	23.750	
476	0.02	23.800	
477	0.02	23.850	
478	0.02	23.901	
479	0.02	23.950	
480	0.02	24.000	
481	0.02	24.050	
482	0.02	24.100	
483	0.02	24.151	
484	0.02	24.200	
485	0.02	24.250	
486	0.02	24.300	
487	0.02	24.350	
488	0.02	24.400	
489	0.02	24.450	
490	0.02	24.500	
491	0.02	24.550	
492	0.02	24.600	
493	0.02	24.651	
494	0.02	24.700	
495	0.02	24.750	
496	0.02	24.800	
497	0.00	24.850	
498	0.02	24.900	
499	0.02	24.950	
500	0.02	25.001	
501	0.00	25.050	
502	0.02	25.100	
503	0.02	25.150	
504	0.02	25.200	
505	0.00	25.250	
506	0.00	25.301	
507	0.00	25.350	
508	0.02	25.401	
509	0.02	25.450	
510	0.00	25.500	
511	0.02	25.551	
512	0.00	25.600	
513	0.00	25.650	
514	0.00	25.700	
515	0.00	25.750	
516	0.02	25.800	
517	0.00	25.850	
518	0.00	25.901	
519	0.02	25.950	
520	0.02	26.000	
521	0.00	26.050	
522	0.00	26.100	
523	0.02	26.151	
524	0.00	26.200	
525	0.00	26.250	
526	0.02	26.300	
527	0.02	26.350	
528	0.02	26.400	
529	0.02	26.450	
530	0.00	26.500	
531	0.02	26.550	
532	0.00	26.600	
533	0.02	26.651	
534	0.00	26.700	
535	0.00	26.750	
536	0.00	26.800	
537	0.00	26.850	
538	0.10	26.900	
539	0.60	26.950	
540	1.24	27.000	
541	2.00	27.050	
542	2.72	27.100	
543	3.28	27.150	
544	3.64	27.201	
545	3.84	27.250	
546	3.82	27.301	
547	3.80	27.350	
548	3.78	27.400	
549	3.78	27.450	
550	3.76	27.500	
551	3.76	27.550	
552	3.76	27.600	
553	3.74	27.650	
554	3.74	27.701	
555	3.74	27.750	
556	3.74	27.800	
557	3.72	27.850	
558	3.72	27.900	
559	3.72	27.950	
560	3.72	28.000	
561	3.72	28.051	
562	3.72	28.100	
563	3.72	28.153	
564	3.72	28.200	
565	3.72	28.250	
566	3.72	28.300	
567	3.72	28.350	
568	3.72	28.400	
569	3.70	28.451	
570	3.70	28.500	
571	3.70	28.550	
572	3.70	28.600	
573	3.70	28.650	
574	3.70	28.700	
575	3.70	28.750	
576	3.70	28.800	
577	3.70	28.850	
578	3.50	28.900	
579	2.40	28.950	
580	1.36	29.000	
581	0.68	29.050	
582	0.28	29.100	
583	0.18	29.150	
584	0.18	29.201	
585	0.16	29.250	
586	0.14	29.300	
587	0.10	29.350	
588	0.08	29.400	
589	0.04	29.450	
590	0.02	29.500	
591	0.04	29.551	
592	0.04	29.600	
593	0.04	29.650	
594	0.04	29.700	
595	0.04	29.750	
596	0.04	29.800	
597	0.04	29.850	
598	0.02	29.900	
599	0.02	29.950	
600	0.02	30.000	
601	0.04	30.050	
602	0.02	30.100	
603	0.02	30.154	
604	0.02	30.200	
605	0.02	30.250	
606	0.02	30.301	
607	0.02	30.350	
608	0.02	30.400	
609	0.02	30.450	
610	0.02	30.500	
611	0.02	30.550	
612	0.02	30.600	
613	0.02	30.650	
614	0.02	30.700	
615	0.02	30.750	
616	0.02	30.800	
617	0.02	30.850	
618	0.02	30.900	
619	0.02	30.950	
620	0.02	31.000	
621	0.02	31.051	
622	0.02	31.100	
623	0.02	31.150	
624	0.02	31.200	
625	0.02	31.250	
626	0.02	31.300	
627	0.02	31.350	
628	0.02	31.401	
629	0.02	31.450	
630	0.02	31.500	
631	0.02	31.550	
632	0.02	31.600	
633	0.02	31.650	
634	0.02	31.700	
635	0.02	31.750	
636	0.02	31.800	
637	0.02	31.850	
638	0.02	31.900	
639	0.02	31.950	
640	0.02	32.000	
641	0.02	32.050	
642	0.02	32.100	
643	0.02	32.151	
644	0.02	32.200	
645	0.02	32.250	
646	0.02	32.300	
647	0.02	32.350	
648	0.02	32.400	
649	0.02	32.450	
650	0.02	32.500	
651	0.02	32.551	
652	0.02	32.600	
653	0.02	32.654	
654	0.02	32.700	
655	0.02	32.750	
656	0.02	32.800	
657	0.02	32.850	
658	0.02	32.900	
659	0.02	32.950	
660	0.02	33.000	
661	0.02	33.050	
662	0.02	33.100	
663	0.02	33.150	
664	0.00	33.200	
665	0.02	33.250	
666	0.02	33.301	
667	0.02	33.350	
668	0.02	33.400	
669	0.02	33.450	
670	0.02	33.500	
671	0.00	33.550	
672	0.02	33.600	
673	0.00	33.651	
674	0.00	33.700	
675	0.02	33.750	
676	0.02	33.800	
677	0.02	33.850	
678	0.02	33.900	
679	0.02	33.950	
680	0.02	34.000	
681	0.00	34.051	
682	0.00	34.100	
683	0.02	34.150	
684	0.00	34.200	
685	0.02	34.250	
686	0.00	34.300	
687	0.00	34.350	
688	0.02	34.401	
689	0.02	34.450	
690	0.02	34.500	
691	0.00	34.550	
692	0.00	34.600	
693	0.02	34.650	
694	0.00	34.700	
695	0.02	34.750	
696	0.00	34.800	
697	0.02	34.850	
698	0.00	34.900	
699	0.00	34.950	
700	0.02	35.000	
701	0.00	35.050	
702	0.00	35.100	
703	0.00	35.155	
704	0.00	35.200	
705	0.02	35.250	
706	0.00	35.300	
707	0.00	35.350	
708	0.00	35.400	
709	0.00	35.450	
710	0.00	35.500	
711	0.00	35.550	
712	0.00	35.600	
713	0.00	35.650	
714	0.00	35.701	
715	0.00	35.750	
716	0.00	35.800	
717	0.02	35.850	
718	0.00	35.900	
719	0.00	35.950	
720	0.00	36.001	
721	0.00	36.050	
722	0.02	36.100	
723	0.38	36.150	
724	0.98	36.200	
725	1.70	36.250	
726	2.44	36.300	
727	3.04	36.351	
728	3.50	36.400	
729	3.72	36.450	
730	3.78	36.500	
731	3.76	36.550	
732	3.74	36.600	
733	3.72	36.650	
734	3.72	36.701	
735	3.70	36.750	
736	3.70	36.800	
737	3.70	36.850	
738	3.68	36.901	
739	3.68	36.950	
740	3.68	37.000	
741	3.68	37.050	
742	3.68	37.101	
743	3.68	37.150	
744	3.66	37.200	
745	3.66	37.250	
746	3.66	37.300	
747	3.66	37.350	
748	3.66	37.400	
749	3.66	37.451	
750	3.66	37.500	
751	3.64	37.550	
752	3.66	37.600	
753	3.64	37.650	
754	3.64	37.700	
755	3.64	37.751	
756	3.64	37.801	
757	2.98	37.850	
758	1.86	37.900	
759	0.98	37.950	
760	0.44	38.000	
761	0.22	38.050	
762	0.18	38.101	
763	0.18	38.150	
764	0.16	38.200	
765	0.10	38.250	
766	0.08	38.300	
767	0.04	38.350	
768	0.02	38.400	
769	0.02	38.451	
770	0.04	38.500	
771	0.04	38.550	
772	0.04	38.600	
773	0.02	38.650	
774	0.02	38.700	
775	0.02	38.750	
776	0.02	38.800	
777	0.02	38.850	
778	0.02	38.900	
779	0.02	38.950	
780	0.02	39.000	
781	0.02	39.050	
782	0.02	39.100	
783	0.02	39.150	
784	0.02	39.201	
785	0.02	39.250	
786	0.02	39.300	
787	0.02	39.350	
788	0.02	39.400	
789	0.02	39.450	
790	0.02	39.500	
791	0.02	39.550	
792	0.02	39.601	
793	0.02	39.650	
794	0.02	39.700	
795	0.02	39.750	
796	0.02	39.800	
797	0.02	39.850	
798	0.02	39.900	
799	0.02	39.951	
800	0.02	40.000	
801	0.02	40.050	
802	0.02	40.100	
803	0.02	40.156	
804	0.02	40.200	
805	0.02	40.250	
806	0.02	40.300	
807	0.02	40.350	
808	0.02	40.400	
809	0.02	40.450	
810	0.02	40.500	
811	0.02	40.550	
812	0.02	40.600	
813	0.02	40.650	
814	0.02	40.701	
815	0.02	40.750	
816	0.02	40.800	
817	0.02	40.850	
818	0.02	40.900	
819	0.02	40.950	
820	0.02	41.000	
821	0.02	41.050	
822	0.02	41.100	
823	0.02	41.150	
824	0.02	41.200	
825	0.02	41.250	
826	0.02	41.300	
827	0.02	41.350	
828	0.02	41.400	
829	0.02	41.451	
830	0.02	41.500	
831	0.02	41.550	
832	0.02	41.600	
833	0.02	41.650	
834	0.02	41.700	
835	0.02	41.750	
836	0.02	41.800	
837	0.00	41.850	
838	0.02	41.900	
839	0.02	41.950	
840	0.02	42.000	
841	0.02	42.050	
842	0.02	42.100	
843	0.02	42.150	
844	0.02	42.201	
845	0.02	42.250	
846	0.02	42.300	
847	0.02	42.350	
848	0.00	42.400	
849	0.02	42.450	
850	0.02	42.500	
851	0.02	42.550	
852	0.02	42.600	
853	0.02	42.650	
854	0.02	42.700	
855	0.02	42.750	
856	0.02	42.800	
857	0.00	42.850	
858	0.00	42.900	
859	0.02	42.951	
860	0.00	43.000	
861	0.00	43.050	
862	0.00	43.100	
863	0.02	43.150	
864	0.00	43.200	
865	0.02	43.250	
866	0.02	43.300	
867	0.00	43.350	
868	0.02	43.400	
869	0.00	43.450	
870	0.02	43.500	
871	0.00	43.550	
872	0.00	43.600	
873	0.02	43.650	
874	0.02	43.701	
875	0.02	43.750	
876	0.02	43.800	
877	0.00	43.850	
878	0.00	43.900	
879	0.00	43.950	
880	0.00	44.000	
881	0.02	44.051	
882	0.00	44.100	
883	0.00	44.150	
884	0.02	44.200	
885	0.02	44.250	
886	0.00	44.300	
887	0.02	44.350	
888	0.02	44.400	
889	0.00	44.451	
890	0.00	44.500	
891	0.00	44.550	
892	0.02	44.600	
893	0.00	44.650	
894	0.00	44.700	
895	0.00	44.750	
896	0.00	44.800	
897	0.00	44.850	
898	0.00	44.900	
899	0.00	44.950	
900	0.00	45.000	
901	0.00	45.050	
902	0.00	45.100	
903	0.00	45.160	
904	0.00	45.200	
905	0.02	45.250	
906	0.00	45.300	
907	0.00	45.350	
908	0.00	45.401	
909	0.00	45.450	
910	0.00	45.500	
911	0.02	45.550	
912	0.00	45.600	
913	0.00	45.650	
914	0.00	45.700	
915	0.00	45.750	
916	0.00	45.800	
917	0.00	45.850	
918	0.00	45.900	
919	0.00	45.950	
920	0.00	46.000	
921	0.00	46.050	
922	0.00	46.100	
923	0.00	46.150	
924	0.00	46.200	
925	0.00	46.250	
926	0.00	46.300	
927	0.00	46.350	
928	0.00	46.401	
929	0.00	46.450	
930	0.00	46.500	
931	0.00	46.550	
932	0.00	46.600	
933	0.00	46.650	
934	0.00	46.700	
935	0.00	46.751	
936	0.00	46.800	
937	0.00	46.851	
938	0.00	46.900	
939	0.02	46.950	
940	0.34	47.000	
941	1.00	47.050	
942	1.72	47.100	
943	2.46	47.150	
944	3.08	47.200	
945	3.50	47.250	
946	3.76	47.300	
947	3.78	47.350	
948	3.76	47.400	
949	3.74	47.450	
950	3.74	47.500	
951	3.72	47.550	
952	3.72	47.601	
953	3.72	47.650	
954	3.70	47.700	
955	3.70	47.750	
956	3.70	47.800	
957	3.68	47.850	
958	3.68	47.900	
959	3.68	47.952	
960	3.68	48.000	
961	3.68	48.050	
962	3.68	48.100	
963	3.68	48.150	
964	3.66	48.200	
965	3.66	48.250	
966	3.66	48.300	
967	3.66	48.351	
968	3.66	48.400	
969	3.66	48.450	
970	3.66	48.500	
971	3.66	48.550	
972	3.66	48.600	
973	3.66	48.650	
974	3.64	48.700	
975	3.64	48.750	
976	3.64	48.800	
977	3.64	48.850	
978	3.64	48.900	
979	3.64	48.951	
980	3.64	49.000	
981	3.64	49.050	
982	3.64	49.100	
983	3.64	49.150	
984	3.64	49.201	
985	3.64	49.250	
986	3.64	49.300	
987	3.64	49.351	
988	3.64	49.400	
989	3.64	49.450	
990	3.32	49.500	
991	2.20	49.550	
992	1.18	49.601	
993	0.54	49.650	
994	0.24	49.700	
995	0.20	49.750	
996	0.18	49.801	
997	0.18	49.850	
998	0.14	49.900	
999	0.10	49.950	
1000	0.06	50.000	
1001	0.02	50.050	
1002	0.02	50.100	
1003	0.04	50.160	
1004	0.04	50.200	
1005	0.04	50.250	
1006	0.04	50.300	
1007	0.04	50.350	
1008	0.04	50.400	
1009	0.04	50.450	
1010	0.04	50.500	
1011	0.02	50.550	
1012	0.04	50.600	
1013	0.04	50.650	
1014	0.04	50.700	
1015	0.02	50.750	
1016	0.02	50.800	
1017	0.02	50.850	
1018	0.02	50.900	
1019	0.02	50.950	
1020	0.02	51.000	
1021	0.02	51.050	
1022	0.02	51.100	
1023	0.02	51.150	
1024	0.02	51.200	
1025	0.02	51.250	
1026	0.02	51.300	
1027	0.02	51.350	
1028	0.02	51.400	
1029	0.02	51.450	
1030	0.02	51.500	
1031	0.02	51.550	
1032	0.02	51.600	
1033	0.02	51.650	
1034	0.02	51.701	
1035	0.02	51.750	
1036	0.02	51.800	
1037	0.02	51.850	
1038	0.02	51.900	
1039	0.02	51.950	
1040	0.02	52.000	
1041	0.02	52.051	
1042	0.02	52.100	
1043	0.02	52.150	
1044	0.02	52.200	
1045	0.02	52.250	
1046	0.02	52.300	
1047	0.02	52.350	
1048	0.02	52.400	
1049	0.02	52.450	
1050	0.02	52.500	
1051	0.02	52.550	
1052	0.02	52.600	
1053	0.02	52.650	
1054	0.02	52.700	
1055	0.02	52.750	
1056	0.02	52.800	
1057	0.02	52.850	
1058	0.02	52.900	
1059	0.02	52.950	
1060	0.02	53.000	
1061	0.02	53.050	
1062	0.02	53.100	
1063	0.02	53.150	
1064	0.02	53.200	
1065	0.02	53.250	
1066	0.02	53.300	
1067	0.02	53.350	
1068	0.02	53.400	
1069	0.02	53.450	
1070	0.02	53.500	
1071	0.02	53.550	
1072	0.02	53.600	
1073	0.02	53.650	
1074	0.02	53.700	
1075	0.02	53.751	
1076	0.02	53.800	
1077	0.02	53.850	
1078	0.02	53.900	
1079	0.02	53.950	
1080	0.02	54.000	
1081	0.02	54.050	
1082	0.02	54.100	
1083	0.02	54.150	
1084	0.02	54.200	
1085	0.02	54.250	
1086	0.02	54.300	
1087	0.02	54.350	
1088	0.02	54.400	
1089	0.02	54.450	
1090	0.02	54.500	
1091	0.02	54.550	
1092	0.02	54.600	
1093	0.02	54.650	
1094	0.02	54.700	
1095	0.02	54.750	
1096	0.02	54.800	
1097	0.02	54.851	
1098	0.02	54.900	
1099	0.02	54.950	
1100	0.02	55.000	
1101	0.02	55.050	
1102	0.02	55.100	
1103	0.02	55.160	
1104	0.02	55.200	
1105	0.02	55.251	
1106	0.00	55.300	
1107	0.00	55.350	
1108	0.02	55.400	
1109	0.02	55.450	
1110	0.02	55.500	
1111	0.02	55.550	
1112	0.02	55.600	
1113	0.02	55.650	
1114	0.02	55.700	
1115	0.02	55.750	
1116	0.02	55.800	
1117	0.02	55.850	
1118	0.02	55.900	
1119	0.02	55.950	
1120	0.02	56.000	
1121	0.02	56.050	
1122	0.02	56.100	
1123	0.02	56.150	
1124	0.02	56.201	
1125	0.02	56.250	
1126	0.00	56.300	
1127	0.00	56.350	
1128	0.04	56.400	
1129	0.46	56.450	
1130	1.08	56.500	
1131	1.82	56.550	
1132	2.58	56.601	
1133	3.16	56.650	
1134	3.54	56.700	
1135	3.76	56.750	
1136	3.78	56.800	
1137	3.74	56.850	
1138	3.74	56.900	
1139	3.72	56.951	
1140	3.72	57.000	
1141	3.70	57.050	
1142	3.70	57.100	
1143	3.70	57.150	
1144	3.68	57.200	
1145	3.68	57.251	
1146	3.68	57.300	
1147	3.68	57.350	
1148	3.66	57.400	
1149	3.66	57.450	
1150	3.66	57.500	
1151	3.66	57.550	
1152	3.66	57.600	
1153	3.66	57.650	
1154	3.66	57.700	
1155	3.66	57.750	
1156	3.66	57.801	
1157	3.64	57.850	
1158	3.64	57.900	
1159	3.64	57.950	
1160	3.64	58.000	
1161	3.64	58.050	
1162	3.64	58.100	
1163	3.64	58.150	
1164	3.64	58.200	
1165	3.64	58.250	
1166	3.64	58.300	
1167	3.64	58.350	
1168	3.64	58.400	
1169	3.64	58.450	
1170	3.64	58.500	
1171	3.64	58.550	
1172	3.64	58.600	
1173	3.64	58.650	
1174	3.64	58.700	
1175	3.64	58.750	
1176	3.64	58.800	
1177	3.64	58.850	
1178	3.62	58.900	
1179	3.62	58.950	
1180	3.64	59.000	
1181	3.62	59.050	
1182	3.62	59.100	
1183	3.62	59.150	
1184	3.62	59.200	
1185	3.62	59.250	
1186	3.62	59.301	
1187	3.62	59.350	
1188	3.62	59.400	
1189	3.44	59.450	
1190	2.36	59.500	
1191	1.30	59.550	
1192	0.64	59.600	
1193	0.26	59.650	
1194	0.20	59.700	
1195	0.20	59.750	
1196	0.18	59.800	
1197	0.16	59.850	
1198	0.12	59.900	
1199	0.08	59.950	
1200	0.04	60.000	
1201	0.04	60.050	
1202	0.04	60.100	
1203	0.04	60.162	
1204	0.04	60.200	
1205	0.04	60.252	
1206	0.04	60.300	
1207	0.04	60.350	
1208	0.04	60.400	
1209	0.02	60.450	
1210	0.04	60.500	
1211	0.04	60.550	
1212	0.04	60.600	
1213	0.04	60.650	
1214	0.04	60.700	
1215	0.04	60.750	
1216	0.04	60.801	
1217	0.04	60.850	
1218	0.02	60.900	
1219	0.04	60.950	
1220	0.02	61.000	
1221	0.04	61.050	
1222	0.02	61.100	
1223	0.02	61.150	
1224	0.02	61.201	
1225	0.02	61.250	
1226	0.02	61.300	
1227	0.04	61.350	
1228	0.02	61.400	
1229	0.02	61.450	
1230	0.02	61.500	
1231	0.04	61.551	
1232	0.02	61.600	
1233	0.02	61.650	
1234	0.02	61.700	
1235	0.02	61.750	
1236	0.02	61.800	
1237	0.02	61.850	
1238	0.02	61.901	
1239	0.02	61.950	
1240	0.02	62.000	
1241	0.02	62.050	
1242	0.02	62.100	
1243	0.02	62.150	
1244	0.02	62.200	
1245	0.02	62.250	
1246	0.02	62.300	
1247	0.02	62.350	
1248	0.02	62.400	
1249	0.02	62.450	
1250	0.02	62.500	
1251	0.02	62.550	
1252	0.02	62.600	
1253	0.02	62.650	
1254	0.02	62.700	
1255	0.02	62.750	
1256	0.02	62.800	
1257	0.02	62.850	
1258	0.02	62.900	
1259	0.02	62.950	
1260	0.02	63.000	
1261	0.02	63.051	
1262	0.02	63.100	
1263	0.02	63.150	
1264	0.02	63.200	
1265	0.02	63.250	
1266	0.02	63.300	
1267	0.02	63.350	
1268	0.02	63.401	
1269	0.02	63.450	
1270	0.02	63.500	
1271	0.02	63.550	
1272	0.02	63.600	
1273	0.02	63.650	
1274	0.02	63.700	
1275	0.02	63.750	
1276	0.02	63.801	
1277	0.02	63.850	
1278	0.02	63.900	
1279	0.02	63.950	
1280	0.02	64.000	
1281	0.02	64.050	
1282	0.02	64.100	
1283	0.02	64.151	
1284	0.02	64.200	
1285	0.02	64.250	
1286	0.02	64.300	
1287	0.02	64.350	
1288	0.02	64.401	
1289	0.02	64.450	
1290	0.02	64.500	
1291	0.02	64.550	
1292	0.02	64.600	
1293	0.02	64.650	
1294	0.02	64.700	
1295	0.02	64.751	
1296	0.02	64.800	
1297	0.02	64.850	
1298	0.02	64.900	
1299	0.02	64.950	
1300	0.02	65.000	
1301	0.02	65.050	
1302	0.02	65.101	
1303	0.02	65.164	
1304	0.02	65.200	
1305	0.02	65.256	
1306	0.02	65.300	
1307	0.02	65.350	
1308	0.02	65.400	
1309	0.02	65.450	
1310	0.02	65.500	
1311	0.02	65.550	
1312	0.02	65.600	
1313	0.02	65.650	
1314	0.02	65.700	
1315	0.02	65.750	
1316	0.02	65.801	
1317	0.02	65.850	
1318	0.02	65.900	
1319	0.02	65.950	
1320	0.02	66.001	
1321	0.02	66.050	
1322	0.02	66.100	
1323	0.02	66.150	
1324	0.02	66.200	
1325	0.02	66.250	
1326	0.02	66.300	
1327	0.02	66.350	
1328	0.02	66.400	
1329	0.02	66.450	
1330	0.02	66.500	
1331	0.02	66.550	
1332	0.02	66.600	
1333	0.02	66.650	
1334	0.02	66.700	
1335	0.00	66.751	
1336	0.00	66.800	
1337	0.06	66.850	
1338	0.62	66.900	
1339	1.28	66.950	
1340	2.08	67.000	
1341	2.78	67.050	
1342	3.34	67.100	
1343	3.70	67.150	
1344	3.88	67.200	
1345	3.86	67.250	
1346	3.84	67.300	
1347	3.84	67.350	
1348	3.82	67.400	
1349	3.82	67.450	
1350	3.80	67.501	
1351	3.80	67.550	
1352	3.80	67.600	
1353	3.78	67.650	
1354	3.78	67.700	
1355	3.78	67.750	
1356	3.78	67.800	
1357	3.78	67.851	
1358	3.78	67.900	
1359	3.78	67.950	
1360	3.78	68.000	
1361	3.76	68.050	
1362	3.76	68.100	
1363	3.76	68.150	
1364	3.76	68.200	
1365	3.76	68.251	
1366	3.76	68.301	
1367	3.76	68.350	
1368	3.76	68.401	
1369	3.76	68.450	
1370	3.76	68.500	
1371	3.74	68.550	
1372	3.74	68.600	
1373	3.74	68.650	
1374	3.74	68.700	
1375	3.74	68.750	
1376	3.74	68.801	
1377	3.74	68.850	
1378	3.74	68.900	
1379	3.74	68.950	
1380	3.74	69.000	
1381	3.74	69.051	
1382	3.74	69.100	
1383	3.74	69.150	
1384	3.74	69.200	
1385	3.74	69.250	
1386	3.74	69.301	
1387	3.72	69.350	
1388	3.72	69.400	
1389	3.72	69.451	
1390	3.72	69.500	
1391	3.72	69.550	
1392	3.72	69.600	
1393	3.72	69.651	
1394	3.72	69.700	
1395	3.72	69.750	
1396	3.72	69.800	
1397	3.72	69.850	
1398	3.72	69.900	
1399	3.72	69.950	
1400	3.72	70.000	
1401	3.72	70.050	
1402	3.72	70.100	
1403	3.72	70.162	
1404	3.72	70.200	
1405	3.72	70.257	
1406	3.72	70.300	
1407	3.72	70.350	
1408	3.72	70.400	
1409	3.72	70.450	
1410	3.72	70.500	
1411	3.72	70.550	
1412	3.72	70.600	
1413	3.58	70.650	
1414	2.50	70.700	
1415	1.42	70.750	
1416	0.72	70.800	
1417	0.30	70.850	
1418	0.20	70.900	
1419	0.20	70.950	
1420	0.20	71.000	
1421	0.18	71.050	
1422	0.12	71.100	
1423	0.10	71.151	
1424	0.06	71.200	
1425	0.04	71.250	
1426	0.04	71.300	
1427	0.04	71.350	
1428	0.06	71.400	
1429	0.06	71.450	
1430	0.04	71.500	
1431	0.04	71.551	
1432	0.04	71.600	
1433	0.04	71.650	
1434	0.04	71.700	
1435	0.04	71.750	
1436	0.04	71.800	
1437	0.04	71.850	
1438	0.04	71.901	
1439	0.04	71.950	
1440	0.04	72.000	
1441	0.04	72.050	
1442	0.04	72.100	
1443	0.04	72.150	
1444	0.04	72.200	
1445	0.04	72.251	
1446	0.04	72.300	
1447	0.04	72.350	
1448	0.04	72.400	
1449	0.04	72.450	
1450	0.04	72.500	
1451	0.04	72.550	
1452	0.04	72.600	
1453	0.04	72.651	
1454	0.02	72.700	
1455	0.04	72.750	
1456	0.02	72.800	
1457	0.02	72.850	
1458	0.04	72.900	
1459	0.02	72.950	
1460	0.02	73.000	
1461	0.02	73.050	
1462	0.02	73.100	
1463	0.04	73.150	
1464	0.04	73.200	
1465	0.02	73.250	
1466	0.02	73.301	
1467	0.04	73.350	
1468	0.02	73.400	
1469	0.02	73.450	
1470	0.02	73.500	
1471	0.02	73.550	
1472	0.02	73.601	
1473	0.02	73.650	
1474	0.02	73.700	
1475	0.04	73.750	
1476	0.02	73.800	
1477	0.02	73.850	
1478	0.02	73.900	
1479	0.02	73.950	
1480	0.02	74.000	
1481	0.02	74.050	
1482	0.02	74.100	
1483	0.02	74.150	
1484	0.02	74.200	
1485	0.02	74.250	
1486	0.02	74.300	
1487	0.02	74.350	
1488	0.02	74.400	
1489	0.02	74.450	
1490	0.02	74.500	
1491	0.02	74.550	
1492	0.02	74.600	
1493	0.02	74.651	
1494	0.02	74.700	
1495	0.02	74.750	
1496	0.02	74.800	
1497	0.02	74.850	
1498	0.02	74.900	
1499	0.02	74.950	
1500	0.02	75.000	
1501	0.02	75.050	
1502	0.02	75.100	
1503	0.02	75.150	
1504	0.02	75.200	
1505	0.02	75.251	
1506	0.02	75.300	
1507	0.02	75.350	
1508	0.02	75.400	
1509	0.02	75.451	
1510	0.02	75.500	
1511	0.02	75.550	
1512	0.02	75.600	
1513	0.02	75.650	
1514	0.02	75.700	
1515	0.02	75.750	
1516	0.02	75.800	
1517	0.02	75.850	
1518	0.02	75.900	
1519	0.02	75.950	
1520	0.02	76.000	
1521	0.02	76.050	
1522	0.02	76.100	
1523	0.02	76.150	
1524	0.02	76.200	
1525	0.02	76.251	
1526	0.02	76.300	
1527	0.02	76.350	
1528	0.02	76.401	
1529	0.02	76.450	
1530	0.02	76.500	
1531	0.02	76.550	
1532	0.02	76.600	
1533	0.02	76.650	
1534	0.02	76.700	
1535	0.02	76.750	
1536	0.02	76.801	
1537	0.02	76.850	
1538	0.02	76.900	
1539	0.02	76.950	
1540	0.02	77.000	
1541	0.02	77.050	
1542	0.02	77.100	
1543	0.02	77.151	
1544	0.02	77.200	
1545	0.02	77.250	
1546	0.02	77.300	
1547	0.02	77.350	
1548	0.02	77.400	
1549	0.02	77.450	
1550	0.02	77.500	
1551	0.02	77.550	
1552	0.02	77.600	
1553	0.02	77.650	
1554	0.02	77.700	
1555	0.02	77.750	
1556	0.02	77.800	
1557	0.02	77.850	
1558	0.02	77.901	
1559	0.02	77.950	
1560	0.02	78.000	
1561	0.02	78.050	
1562	0.02	78.100	
1563	0.02	78.150	
1564	0.02	78.200	
1565	0.02	78.250	
1566	0.02	78.301	
1567	0.02	78.350	
1568	0.02	78.400	
1569	0.02	78.450	
1570	0.02	78.500	
1571	0.02	78.550	
1572	0.00	78.600	
1573	0.34	78.651	
1574	1.02	78.700	
1575	1.76	78.750	
1576	2.52	78.800	
1577	3.12	78.850	
1578	3.52	78.900	
1579	3.78	78.950	
1580	3.80	79.000	
1581	3.78	79.051	
1582	3.76	79.100	
1583	3.76	79.150	
1584	3.74	79.200	
1585	3.74	79.250	
1586	3.74	79.300	
1587	3.72	79.351	
1588	3.72	79.400	
1589	3.72	79.450	
1590	3.72	79.500	
1591	3.70	79.550	
1592	3.70	79.600	
1593	3.70	79.651	
1594	3.70	79.700	
1595	3.70	79.750	
1596	3.70	79.800	
1597	3.70	79.850	
1598	3.70	79.900	
1599	3.68	79.950	
1600	3.68	80.000	
1601	3.68	80.051	
1602	3.68	80.100	
1603	3.68	80.200	
1604	3.68	80.250	
1605	3.68	80.300	
1606	3.68	80.350	
1607	3.68	80.400	
1608	3.68	80.450	
1609	3.68	80.500	
1610	3.68	80.550	
1611	3.68	80.600	
1612	3.66	80.650	
1613	3.66	80.700	
1614	3.66	80.750	
1615	3.66	80.801	
1616	3.66	80.850	
1617	3.66	80.900	
1618	3.66	80.950	
1619	3.66	81.000	
1620	3.66	81.050	
1621	3.66	81.100	
1622	3.66	81.151	
1623	3.66	81.200	
1624	3.66	81.250	
1625	3.66	81.300	
1626	3.66	81.350	
1627	3.66	81.400	
1628	3.66	81.450	
1629	3.66	81.500	
1630	3.66	81.550	
1631	3.66	81.600	
1632	3.66	81.650	
1633	3.64	81.700	
1634	3.64	81.750	
1635	3.66	81.800	
1636	3.64	81.850	
1637	3.66	81.900	
1638	3.64	81.950	
1639	3.64	82.000	
1640	3.64	82.051	
1641	3.64	82.100	
1642	3.64	82.150	
1643	3.64	82.200	
1644	3.64	82.250	
1645	3.64	82.300	
1646	3.64	82.350	
1647	3.64	82.400	
1648	3.64	82.450	
1649	3.64	82.500	
1650	3.64	82.550	
1651	3.64	82.600	
1652	3.64	82.650	
1653	3.64	82.700	
1654	3.64	82.750	
1655	3.64	82.801	
1656	3.64	82.850	
1657	3.64	82.900	
1658	3.64	82.950	
1659	3.64	83.000	
1660	3.64	83.050	
1661	2.80	83.100	
1662	1.66	83.150	
1663	0.86	83.200	
1664	0.36	83.250	
1665	0.22	83.300	
1666	0.22	83.350	
1667	0.20	83.400	
1668	0.20	83.450	
1669	0.14	83.500	
1670	0.12	83.551	
1671	0.08	83.600	
1672	0.04	83.650	
1673	0.06	83.700	
1674	0.06	83.750	
1675	0.06	83.800	
1676	0.06	83.850	
1677	0.06	83.900	
1678	0.06	83.950	
1679	0.04	84.000	
1680	0.06	84.050	
1681	0.06	84.100	
1682	0.04	84.150	
1683	0.04	84.200	
1684	0.04	84.250	
1685	0.04	84.301	
1686	0.04	84.350	
1687	0.04	84.400	
1688	0.04	84.450	
1689	0.04	84.500	
1690	0.04	84.550	
1691	0.04	84.600	
1692	0.04	84.650	
1693	0.04	84.700	
1694	0.04	84.750	
1695	0.04	84.800	
1696	0.04	84.850	
1697	0.04	84.900	
1698	0.04	84.950	
1699	0.04	85.000	
1700	0.04	85.051	
1701	0.04	85.100	
1702	0.04	85.150	
1703	0.04	85.200	
1704	0.04	85.250	
1705	0.04	85.300	
1706	0.04	85.350	
1707	0.04	85.401	
1708	0.04	85.450	
1709	0.04	85.500	
1710	0.04	85.550	
1711	0.04	85.600	
1712	0.04	85.650	
1713	0.04	85.700	
1714	0.04	85.750	
1715	0.04	85.801	
1716	0.04	85.850	
1717	0.04	85.900	
1718	0.04	85.950	
1719	0.04	86.000	
1720	0.04	86.050	
1721	0.04	86.100	
1722	0.04	86.151	
1723	0.04	86.200	
1724	0.04	86.250	
1725	0.04	86.300	
1726	0.04	86.350	
1727	0.04	86.400	
1728	0.04	86.450	
1729	0.04	86.500	
1730	0.04	86.550	
1731	0.04	86.600	
1732	0.04	86.650	
1733	0.04	86.700	
1734	0.04	86.750	
1735	0.04	86.800	
1736	0.04	86.850	
1737	0.04	86.901	
1738	0.04	86.950	
1739	0.04	87.000	
1740	0.04	87.050	
1741	0.04	87.100	
1742	0.04	87.151	
1743	0.04	87.200	
1744	0.04	87.250	
1745	0.04	87.300	
1746	0.04	87.351	
1747	0.04	87.400	
1748	0.04	87.450	
1749	0.04	87.500	
1750	0.04	87.550	
1751	0.04	87.600	
1752	0.04	87.650	
1753	0.04	87.700	
1754	0.04	87.750	
1755	0.04	87.800	
1756	0.04	87.850	
1757	0.04	87.900	
1758	0.04	87.950	
1759	0.04	88.000	
1760	0.04	88.051	
1761	0.04	88.100	
1762	0.04	88.150	
1763	0.02	88.200	
1764	0.04	88.250	
1765	0.02	88.300	
1766	0.02	88.350	
1767	0.14	88.400	
1768	0.70	88.451	
1769	1.42	88.500	
1770	2.20	88.550	
1771	2.88	88.600	
1772	3.36	88.650	
1773	3.70	88.700	
1774	3.80	88.750	
1775	3.78	88.801	
1776	3.76	88.850	
1777	3.74	88.900	
1778	3.74	88.950	
1779	3.72	89.000	
1780	3.72	89.050	
1781	3.72	89.100	
1782	3.72	89.150	
1783	3.70	89.201	
1784	3.70	89.250	
1785	3.70	89.300	
1786	3.70	89.350	
1787	3.70	89.400	
1788	3.68	89.450	
1789	3.68	89.500	
1790	3.68	89.551	
1791	3.68	89.600	
1792	3.68	89.650	
1793	3.68	89.700	
1794	3.68	89.750	
1795	3.68	89.800	
1796	3.68	89.850	
1797	3.68	89.900	
1798	3.66	89.950	
1799	3.66	90.000	
1800	3.66	90.050	
1801	3.66	90.100	
1802	3.66	90.200	
1803	3.66	90.250	
1804	3.66	90.301	
1805	3.66	90.350	
1806	3.66	90.400	
1807	3.66	90.450	
1808	3.66	90.500	
1809	3.66	90.550	
1810	3.66	90.600	
1811	3.66	90.651	
1812	3.66	90.700	
1813	3.66	90.750	
1814	3.66	90.800	
1815	3.64	90.850	
1816	3.64	90.900	
1817	3.64	90.950	
1818	3.64	91.000	
1819	3.64	91.051	
1820	3.64	91.100	
1821	3.64	91.150	
1822	3.64	91.200	
1823	3.64	91.250	
1824	3.64	91.300	
1825	3.64	91.350	
1826	3.64	91.400	
1827	3.64	91.450	
1828	3.64	91.500	
1829	3.64	91.550	
1830	3.64	91.600	
1831	3.64	91.650	
1832	3.64	91.700	
1833	3.64	91.750	
1834	3.64	91.800	
1835	3.64	91.850	
1836	3.64	91.900	
1837	3.64	91.950	
1838	3.64	92.000	
1839	3.64	92.050	
1840	3.64	92.100	
1841	3.64	92.150	
1842	3.64	92.200	
1843	3.64	92.250	
1844	3.64	92.300	
1845	3.64	92.350	
1846	3.64	92.400	
1847	3.64	92.450	
1848	3.64	92.500	
1849	3.64	92.551	
1850	3.64	92.600	
1851	3.64	92.650	
1852	3.64	92.700	
1853	3.64	92.750	
1854	2.88	92.800	
1855	1.72	92.850	
1856	0.90	92.900	
1857	0.40	92.950	
1858	0.22	93.000	
1859	0.20	93.050	
1860	0.20	93.100	
1861	0.20	93.150	
1862	0.14	93.200	
1863	0.12	93.250	
1864	0.10	93.300	
1865	0.04	93.350	
1866	0.06	93.400	
1867	0.06	93.450	
1868	0.06	93.500	
1869	0.06	93.550	
1870	0.06	93.600	
1871	0.06	93.651	
1872	0.06	93.700	
1873	0.06	93.750	
1874	0.06	93.800	
1875	0.06	93.850	
1876	0.06	93.900	
1877	0.06	93.950	
1878	0.06	94.000	
1879	0.06	94.051	
1880	0.06	94.100	
1881	0.06	94.150	
1882	0.06	94.200	
1883	0.06	94.250	
1884	0.06	94.300	
1885	0.06	94.350	
1886	0.06	94.401	
1887	0.04	94.450	
1888	0.04	94.500	
1889	0.04	94.550	
1890	0.04	94.600	
1891	0.04	94.650	
1892	0.04	94.700	
1893	0.04	94.750	
1894	0.04	94.800	
1895	0.04	94.850	
1896	0.04	94.900	
1897	0.04	94.950	
1898	0.04	95.000	
1899	0.04	95.050	
1900	0.04	95.100	
1901	0.04	95.150	
1902	0.04	95.200	
1903	0.04	95.251	
1904	0.04	95.300	
1905	0.04	95.350	
1906	0.04	95.400	
1907	0.04	95.450	
1908	0.04	95.500	
1909	0.04	95.550	
1910	0.04	95.601	
1911	0.04	95.650	
1912	0.04	95.700	
1913	0.04	95.750	
1914	0.04	95.800	
1915	0.04	95.850	
1916	0.04	95.900	
1917	0.04	95.950	
1918	0.04	96.000	
1919	0.04	96.050	
1920	0.04	96.100	
1921	0.04	96.151	
1922	0.04	96.200	
1923	0.04	96.250	
1924	0.04	96.301	
1925	0.04	96.350	
1926	0.04	96.400	
1927	0.04	96.450	
1928	0.04	96.500	
1929	0.04	96.550	
1930	0.04	96.600	
1931	0.04	96.651	
1932	0.04	96.700	
1933	0.04	96.750	
1934	0.04	96.800	
1935	0.04	96.850	
1936	0.04	96.900	
1937	0.04	96.950	
1938	0.04	97.001	
1939	0.04	97.050	
1940	0.04	97.100	
1941	0.04	97.150	
1942	0.04	97.200	
1943	0.04	97.250	
1944	0.04	97.300	
1945	0.04	97.351	
1946	0.04	97.400	
1947	0.04	97.450	
1948	0.04	97.500	
1949	0.04	97.550	
1950	0.04	97.600	
1951	0.04	97.651	
1952	0.04	97.700	
1953	0.04	97.750	
1954	0.04	97.801	
1955	0.04	97.850	
1956	0.04	97.900	
1957	0.04	97.950	
1958	0.04	98.000	
1959	0.04	98.050	
1960	0.04	98.100	
1961	0.04	98.151	
1962	0.04	98.200	
1963	0.04	98.250	
1964	0.04	98.300	
1965	0.04	98.350	
1966	0.04	98.400	
1967	0.04	98.450	
1968	0.04	98.500	
1969	0.04	98.551	
1970	0.04	98.600	
1971	0.04	98.650	
1972	0.04	98.700	
1973	0.02	98.750	
1974	0.04	98.800	
1975	0.04	98.850	
1976	0.04	98.900	
1977	0.04	98.950	
1978	0.04	99.000	
1979	0.04	99.050	
1980	0.04	99.100	
1981	0.04	99.150	
1982	0.04	99.200	
1983	0.04	99.250	
1984	0.04	99.300	
1985	0.04	99.350	
1986	0.04	99.400	
1987	0.04	99.450	
1988	0.04	99.500	
1989	0.04	99.550	
1990	0.04	99.600	
1991	0.04	99.651	
1992	0.04	99.700	
1993	0.04	99.751	
1994	0.04	99.800	
1995	0.02	99.850	
1996	0.02	99.900	
1997	0.04	99.950	
1998	0.02	100.000	
1999	0.04	100.050	
2000	0.04	100.100	
2001	0.04	100.200	
2002	0.04	100.250	
2003	0.02	100.300	
2004	0.02	100.350	
2005	0.14	100.400	
2006	0.68	100.450	
2007	1.36	100.500	
2008	2.14	100.550	
2009	2.86	100.600	
2010	3.34	100.650	
2011	3.68	100.700	
2012	3.78	100.750	
2013	3.78	100.800	
2014	3.76	100.850	
2015	3.74	100.900	
2016	3.72	100.950	
2017	3.72	101.000	
2018	3.72	101.050	
2019	3.70	101.100	
2020	3.70	101.150	
2021	3.70	101.200	
2022	3.70	101.251	
2023	3.70	101.300	
2024	3.68	101.350	
2025	3.68	101.400	
2026	3.68	101.450	
2027	3.68	101.500	
2028	3.68	101.550	
2029	3.68	101.600	
2030	3.68	101.651	
2031	3.66	101.700	
2032	3.66	101.750	
2033	3.66	101.800	
2034	3.66	101.850	
2035	3.66	101.900	
2036	3.66	101.950	
2037	3.66	102.001	
2038	3.66	102.050	
2039	3.66	102.100	
2040	3.66	102.150	
2041	3.66	102.200	
2042	3.66	102.250	
2043	3.66	102.300	
2044	3.64	102.350	
2045	3.64	102.401	
2046	3.64	102.450	
2047	3.64	102.500	
2048	3.64	102.550	
2049	3.64	102.600	
2050	3.64	102.650	
2051	3.64	102.700	
2052	3.64	102.751	
2053	3.64	102.800	
2054	3.64	102.850	
2055	3.64	102.900	
2056	3.64	102.950	
2057	3.64	103.000	
2058	3.64	103.050	
2059	3.64	103.100	
2060	3.64	103.150	
2061	3.64	103.200	
2062	3.64	103.250	
2063	3.64	103.300	
2064	3.64	103.350	
2065	3.64	103.400	
2066	3.64	103.450	
2067	3.64	103.500	
2068	3.64	103.550	
2069	3.64	103.600	
2070	3.64	103.650	
2071	3.64	103.700	
2072	3.64	103.750	
2073	3.64	103.800	
2074	3.64	103.850	
2075	3.64	103.900	
2076	3.64	103.950	
2077	3.64	104.000	
2078	3.64	104.050	
2079	3.62	104.100	
2080	3.62	104.150	
2081	3.64	104.200	
2082	3.64	104.251	
2083	3.62	104.300	
2084	3.62	104.350	
2085	3.62	104.400	
2086	3.62	104.450	
2087	3.62	104.500	
2088	3.62	104.550	
2089	3.62	104.600	
2090	3.62	104.650	
2091	3.62	104.700	
2092	3.62	104.750	
2093	3.62	104.800	
2094	3.62	104.850	
2095	3.62	104.900	
2096	3.62	104.951	
2097	3.62	105.000	
2098	3.62	105.050	
2099	3.62	105.100	
2100	3.62	105.150	
2101	3.62	105.200	
2102	3.62	105.250	
2103	3.62	105.300	
2104	3.62	105.351	
2105	3.62	105.400	
2106	3.62	105.450	
2107	3.62	105.500	
2108	3.62	105.550	
2109	3.04	105.601	
2110	1.86	105.650	
2111	0.98	105.700	
2112	0.44	105.750	
2113	0.24	105.800	
2114	0.22	105.850	
2115	0.20	105.900	
2116	0.20	105.950	
2117	0.16	106.000	
2118	0.14	106.050	
2119	0.10	106.100	
2120	0.06	106.150	
2121	0.06	106.200	
2122	0.06	106.250	
2123	0.06	106.300	
2124	0.06	106.350	
2125	0.06	106.400	
2126	0.06	106.450	
2127	0.06	106.500	
2128	0.06	106.550	
2129	0.06	106.600	
2130	0.06	106.650	
2131	0.06	106.700	
2132	0.06	106.750	
2133	0.06	106.800	
2134	0.06	106.850	
2135	0.06	106.900	
2136	0.06	106.950	
2137	0.06	107.000	
2138	0.06	107.051	
2139	0.06	107.100	
2140	0.06	107.150	
2141	0.06	107.200	
2142	0.04	107.250	
2143	0.04	107.300	
2144	0.06	107.350	
2145	0.06	107.402	
2146	0.06	107.450	
2147	0.06	107.500	
2148	0.06	107.550	
2149	0.06	107.600	
2150	0.06	107.650	
2151	0.06	107.700	
2152	0.06	107.750	
2153	0.06	107.801	
2154	0.06	107.850	
2155	0.04	107.900	
2156	0.06	107.950	
2157	0.04	108.000	
2158	0.04	108.050	
2159	0.06	108.100	
2160	0.04	108.151	
2161	0.04	108.200	
2162	0.04	108.250	
2163	0.06	108.300	
2164	0.04	108.350	
2165	0.06	108.400	
2166	0.04	108.450	
2167	0.06	108.500	
2168	0.04	108.551	
2169	0.04	108.600	
2170	0.04	108.650	
2171	0.04	108.700	
2172	0.04	108.750	
2173	0.06	108.800	
2174	0.04	108.850	
2175	0.04	108.902	
2176	0.04	108.950	
2177	0.04	109.000	
2178	0.04	109.050	
2179	0.04	109.100	
2180	0.04	109.150	
2181	0.04	109.200	
2182	0.04	109.250	
2183	0.04	109.301	
2184	0.04	109.350	
2185	0.04	109.400	
2186	0.04	109.450	
2187	0.04	109.500	
2188	0.04	109.550	
2189	0.04	109.600	
2190	0.04	109.650	
2191	0.04	109.700	
2192	0.04	109.750	
2193	0.04	109.800	
2194	0.04	109.850	
2195	0.04	109.900	
2196	0.04	109.950	
2197	0.04	110.000	
2198	0.04	110.051	
2199	0.04	110.100	
2200	0.04	110.200	
2201	0.04	110.250	
2202	0.04	110.300	
2203	0.04	110.350	
2204	0.04	110.400	
2205	0.04	110.450	
2206	0.04	110.500	
2207	0.04	110.550	
2208	0.04	110.600	
2209	0.04	110.650	
2210	0.04	110.700	
2211	0.04	110.750	
2212	0.04	110.801	
2213	0.04	110.850	
2214	0.04	110.900	
2215	0.04	110.950	
2216	0.04	111.000	
2217	0.04	111.050	
2218	0.04	111.100	
2219	0.04	111.151	
2220	0.04	111.200	
2221	0.04	111.250	
