7/23/2024  12:51 PM
Units: N
Readings: Continuous
X-Axis: Time

Reading	Load	Time	
1	0.00	0.000	
2	0.00	0.100	
3	0.00	0.150	
4	0.00	0.200	
5	0.00	0.250	
6	0.00	0.300	
7	0.00	0.350	
8	0.00	0.400	
9	0.00	0.451	
10	0.00	0.500	
11	0.00	0.550	
12	0.00	0.600	
13	0.00	0.650	
14	0.00	0.700	
15	0.00	0.750	
16	0.00	0.800	
17	0.00	0.850	
18	0.00	0.900	
19	0.00	0.950	
20	0.00	1.000	
21	0.00	1.050	
22	0.00	1.100	
23	0.00	1.150	
24	0.00	1.200	
25	0.00	1.250	
26	0.00	1.300	
27	0.00	1.350	
28	0.00	1.400	
29	0.00	1.450	
30	0.00	1.500	
31	0.00	1.550	
32	0.00	1.600	
33	0.00	1.650	
34	0.00	1.700	
35	0.00	1.750	
36	0.00	1.800	
37	0.00	1.850	
38	0.00	1.901	
39	0.00	1.950	
40	0.00	2.000	
41	0.00	2.050	
42	0.00	2.100	
43	0.00	2.150	
44	0.00	2.201	
45	0.00	2.250	
46	0.00	2.301	
47	0.00	2.350	
48	0.00	2.401	
49	0.00	2.451	
50	0.00	2.500	
51	0.00	2.550	
52	0.00	2.600	
53	0.00	2.650	
54	0.00	2.700	
55	0.00	2.750	
56	0.00	2.800	
57	0.00	2.850	
58	0.00	2.900	
59	0.00	2.950	
60	0.00	3.001	
61	0.00	3.050	
62	0.00	3.100	
63	0.00	3.150	
64	0.00	3.200	
65	0.00	3.250	
66	0.00	3.300	
67	0.00	3.350	
68	0.00	3.400	
69	0.00	3.450	
70	0.00	3.500	
71	0.00	3.550	
72	0.00	3.600	
73	0.00	3.650	
74	0.00	3.700	
75	0.00	3.750	
76	0.00	3.800	
77	0.00	3.850	
78	0.00	3.900	
79	0.00	3.950	
80	0.00	4.000	
81	0.00	4.051	
82	0.00	4.101	
83	0.00	4.150	
84	0.00	4.201	
85	0.00	4.250	
86	0.00	4.301	
87	0.00	4.350	
88	0.00	4.401	
89	0.00	4.450	
90	0.00	4.500	
91	0.00	4.550	
92	0.00	4.601	
93	0.00	4.650	
94	0.00	4.700	
95	0.00	4.750	
96	0.00	4.801	
97	0.00	4.850	
98	0.00	4.900	
99	0.00	4.950	
100	0.00	5.001	
101	0.00	5.050	
102	0.00	5.100	
103	0.00	5.151	
104	0.00	5.200	
105	0.00	5.251	
106	0.00	5.300	
107	0.00	5.351	
108	0.00	5.400	
109	0.00	5.450	
110	0.00	5.501	
111	0.00	5.550	
112	0.00	5.600	
113	0.00	5.651	
114	0.26	5.700	
115	0.76	5.751	
116	1.26	5.801	
117	1.90	5.850	
118	2.48	5.900	
119	2.96	5.950	
120	3.46	6.000	
121	3.70	6.050	
122	3.72	6.100	
123	3.70	6.150	
124	3.68	6.201	
125	3.68	6.250	
126	3.66	6.300	
127	3.66	6.350	
128	3.66	6.400	
129	3.64	6.450	
130	3.64	6.500	
131	3.64	6.551	
132	3.64	6.600	
133	3.64	6.650	
134	3.64	6.700	
135	3.64	6.750	
136	3.64	6.800	
137	3.64	6.850	
138	3.62	6.901	
139	3.62	6.951	
140	3.62	7.000	
141	3.62	7.050	
142	3.62	7.100	
143	3.62	7.150	
144	3.62	7.200	
145	3.62	7.250	
146	3.62	7.300	
147	3.62	7.350	
148	3.62	7.401	
149	3.62	7.450	
150	3.62	7.500	
151	3.60	7.551	
152	3.60	7.600	
153	3.60	7.651	
154	3.60	7.700	
155	3.60	7.750	
156	3.60	7.800	
157	3.60	7.851	
158	3.60	7.900	
159	3.60	7.951	
160	3.60	8.000	
161	3.60	8.050	
162	3.60	8.100	
163	3.60	8.150	
164	3.60	8.201	
165	3.60	8.250	
166	3.60	8.301	
167	3.60	8.350	
168	3.60	8.401	
169	3.60	8.450	
170	3.60	8.500	
171	3.60	8.550	
172	3.60	8.601	
173	3.60	8.650	
174	3.60	8.700	
175	3.60	8.750	
176	3.60	8.801	
177	3.60	8.850	
178	3.60	8.900	
179	3.60	8.950	
180	3.60	9.000	
181	3.60	9.051	
182	3.58	9.100	
183	3.48	9.150	
184	2.52	9.201	
185	1.48	9.250	
186	0.82	9.300	
187	0.46	9.351	
188	0.24	9.400	
189	0.20	9.451	
190	0.18	9.500	
191	0.18	9.551	
192	0.14	9.600	
193	0.12	9.650	
194	0.06	9.700	
195	0.02	9.750	
196	0.02	9.800	
197	0.02	9.850	
198	0.02	9.900	
199	0.02	9.950	
200	0.02	10.000	
201	0.02	10.050	
202	0.02	10.101	
203	0.02	10.150	
204	0.02	10.200	
205	0.02	10.250	
206	0.02	10.300	
207	0.02	10.350	
208	0.02	10.401	
209	0.02	10.450	
210	0.02	10.500	
211	0.02	10.550	
212	0.02	10.601	
213	0.02	10.650	
214	0.02	10.700	
215	0.02	10.751	
216	0.02	10.800	
217	0.02	10.850	
218	0.02	10.900	
219	0.02	10.950	
220	0.02	11.001	
221	0.02	11.050	
222	0.02	11.100	
223	0.02	11.151	
224	0.02	11.200	
225	0.02	11.250	
226	0.02	11.301	
227	0.02	11.350	
228	0.02	11.400	
229	0.02	11.451	
230	0.02	11.500	
231	0.02	11.550	
232	0.02	11.601	
233	0.02	11.650	
234	0.02	11.700	
235	0.02	11.750	
236	0.02	11.800	
237	0.02	11.851	
238	0.02	11.900	
239	0.02	11.951	
240	0.02	12.000	
241	0.02	12.050	
242	0.02	12.100	
243	0.02	12.150	
244	0.02	12.200	
245	0.02	12.250	
246	0.02	12.300	
247	0.02	12.350	
248	0.02	12.400	
249	0.02	12.450	
250	0.02	12.501	
251	0.02	12.551	
252	0.02	12.600	
253	0.02	12.651	
254	0.02	12.700	
255	0.02	12.751	
256	0.02	12.801	
257	0.02	12.850	
258	0.02	12.901	
259	0.02	12.950	
260	0.02	13.001	
261	0.02	13.050	
262	0.02	13.100	
263	0.02	13.150	
264	0.02	13.200	
265	0.02	13.250	
266	0.02	13.300	
267	0.02	13.350	
268	0.02	13.400	
269	0.02	13.450	
270	0.02	13.500	
271	0.02	13.550	
272	0.02	13.600	
273	0.02	13.650	
274	0.02	13.700	
275	0.02	13.750	
276	0.02	13.800	
277	0.02	13.850	
278	0.02	13.900	
279	0.02	13.950	
280	0.02	14.000	
281	0.02	14.050	
282	0.02	14.100	
283	0.02	14.150	
284	0.02	14.200	
285	0.02	14.250	
286	0.02	14.300	
287	0.02	14.350	
288	0.02	14.400	
289	0.02	14.450	
290	0.02	14.500	
291	0.02	14.550	
292	0.02	14.600	
293	0.02	14.650	
294	0.04	14.700	
295	0.30	14.750	
296	0.80	14.800	
297	1.30	14.850	
298	1.92	14.901	
299	2.46	14.950	
300	3.02	15.000	
301	3.52	15.051	
302	3.82	15.100	
303	3.84	15.150	
304	3.82	15.200	
305	3.82	15.250	
306	3.80	15.300	
307	3.80	15.350	
308	3.78	15.400	
309	3.78	15.450	
310	3.78	15.500	
311	3.78	15.550	
312	3.78	15.600	
313	3.78	15.650	
314	3.76	15.700	
315	3.76	15.752	
316	3.76	15.800	
317	3.76	15.850	
318	3.76	15.900	
319	3.76	15.950	
320	3.76	16.000	
321	3.76	16.050	
322	3.76	16.100	
323	3.76	16.150	
324	3.76	16.200	
325	3.74	16.250	
326	3.76	16.300	
327	3.74	16.350	
328	3.74	16.400	
329	3.74	16.450	
330	3.74	16.500	
331	3.74	16.550	
332	3.74	16.601	
333	3.74	16.650	
334	3.74	16.700	
335	3.74	16.750	
336	3.74	16.800	
337	3.74	16.850	
338	3.74	16.901	
339	3.74	16.950	
340	3.74	17.000	
341	3.74	17.050	
342	3.74	17.100	
343	3.74	17.151	
344	3.72	17.200	
345	3.72	17.250	
346	3.74	17.300	
347	3.72	17.351	
348	3.72	17.400	
349	3.72	17.450	
350	3.72	17.501	
351	3.72	17.551	
352	3.72	17.601	
353	3.44	17.650	
354	2.34	17.700	
355	1.38	17.750	
356	0.78	17.800	
357	0.42	17.850	
358	0.24	17.900	
359	0.22	17.950	
360	0.20	18.000	
361	0.20	18.050	
362	0.16	18.100	
363	0.14	18.150	
364	0.10	18.200	
365	0.04	18.250	
366	0.02	18.300	
367	0.04	18.350	
368	0.04	18.400	
369	0.04	18.450	
370	0.04	18.500	
371	0.04	18.550	
372	0.04	18.600	
373	0.04	18.650	
374	0.04	18.700	
375	0.04	18.750	
376	0.04	18.800	
377	0.04	18.851	
378	0.04	18.900	
379	0.04	18.950	
380	0.04	19.001	
381	0.02	19.050	
382	0.04	19.100	
383	0.04	19.150	
384	0.04	19.200	
385	0.04	19.250	
386	0.04	19.300	
387	0.04	19.351	
388	0.04	19.400	
389	0.02	19.450	
390	0.04	19.500	
391	0.02	19.550	
392	0.04	19.600	
393	0.02	19.651	
394	0.02	19.700	
395	0.02	19.750	
396	0.04	19.800	
397	0.02	19.850	
398	0.04	19.901	
399	0.02	19.950	
400	0.04	20.000	
401	0.04	20.050	
402	0.02	20.101	
403	0.04	20.150	
404	0.02	20.200	
405	0.02	20.250	
406	0.04	20.301	
407	0.02	20.351	
408	0.02	20.401	
409	0.04	20.450	
410	0.02	20.501	
411	0.04	20.550	
412	0.02	20.600	
413	0.02	20.650	
414	0.02	20.700	
415	0.02	20.750	
416	0.02	20.800	
417	0.02	20.850	
418	0.02	20.900	
419	0.02	20.950	
420	0.04	21.000	
421	0.02	21.050	
422	0.04	21.100	
423	0.04	21.150	
424	0.02	21.200	
425	0.04	21.250	
426	0.02	21.300	
427	0.02	21.350	
428	0.02	21.400	
429	0.02	21.450	
430	0.02	21.500	
431	0.02	21.550	
432	0.02	21.600	
433	0.02	21.650	
434	0.02	21.701	
435	0.02	21.750	
436	0.04	21.800	
437	0.02	21.850	
438	0.02	21.900	
439	0.02	21.950	
440	0.02	22.001	
441	0.02	22.050	
442	0.02	22.100	
443	0.02	22.150	
444	0.02	22.201	
445	0.04	22.250	
446	0.02	22.300	
447	0.02	22.350	
448	0.02	22.400	
449	0.02	22.450	
450	0.02	22.500	
451	0.02	22.550	
452	0.02	22.600	
453	0.02	22.650	
454	0.02	22.700	
455	0.02	22.751	
456	0.02	22.800	
457	0.02	22.850	
458	0.02	22.900	
459	0.02	22.950	
460	0.02	23.001	
461	0.02	23.050	
462	0.10	23.100	
463	0.42	23.150	
464	0.96	23.200	
465	1.46	23.250	
466	2.10	23.300	
467	2.60	23.350	
468	3.16	23.400	
469	3.60	23.450	
470	3.80	23.500	
471	3.78	23.550	
472	3.78	23.600	
473	3.76	23.650	
474	3.74	23.700	
475	3.74	23.751	
476	3.74	23.800	
477	3.74	23.850	
478	3.72	23.900	
479	3.72	23.950	
480	3.72	24.000	
481	3.72	24.050	
482	3.72	24.100	
483	3.72	24.150	
484	3.72	24.200	
485	3.72	24.250	
486	3.70	24.300	
487	3.70	24.350	
488	3.70	24.400	
489	3.70	24.450	
490	3.70	24.501	
491	3.70	24.550	
492	3.70	24.600	
493	3.70	24.650	
494	3.70	24.700	
495	3.70	24.751	
496	3.70	24.800	
497	3.70	24.850	
498	3.70	24.900	
499	3.68	24.950	
500	3.68	25.000	
501	3.70	25.050	
502	3.68	25.100	
503	3.68	25.150	
504	3.68	25.200	
505	3.68	25.251	
506	3.68	25.300	
507	3.68	25.350	
508	3.68	25.400	
509	3.68	25.450	
510	3.02	25.501	
511	1.88	25.550	
512	1.10	25.600	
513	0.62	25.650	
514	0.32	25.700	
515	0.24	25.751	
516	0.22	25.800	
517	0.22	25.850	
518	0.22	25.900	
519	0.16	25.950	
520	0.14	26.000	
521	0.10	26.051	
522	0.04	26.100	
523	0.04	26.150	
524	0.04	26.200	
525	0.04	26.250	
526	0.04	26.300	
527	0.04	26.350	
528	0.04	26.400	
529	0.04	26.450	
530	0.04	26.500	
531	0.04	26.550	
532	0.04	26.600	
533	0.04	26.650	
534	0.04	26.700	
535	0.04	26.750	
536	0.04	26.800	
537	0.04	26.850	
538	0.04	26.900	
539	0.04	26.950	
540	0.04	27.001	
541	0.04	27.050	
542	0.04	27.100	
543	0.04	27.150	
544	0.04	27.200	
545	0.04	27.250	
546	0.04	27.300	
547	0.04	27.350	
548	0.04	27.400	
549	0.04	27.450	
550	0.04	27.501	
551	0.04	27.550	
552	0.04	27.600	
553	0.04	27.650	
554	0.04	27.700	
555	0.04	27.751	
556	0.04	27.800	
557	0.04	27.850	
558	0.04	27.900	
559	0.04	27.950	
560	0.04	28.001	
561	0.04	28.050	
562	0.04	28.100	
563	0.04	28.150	
564	0.04	28.200	
565	0.04	28.251	
566	0.04	28.300	
567	0.04	28.350	
568	0.04	28.400	
569	0.04	28.450	
570	0.04	28.500	
571	0.04	28.550	
572	0.04	28.600	
573	0.04	28.650	
574	0.04	28.700	
575	0.04	28.751	
576	0.04	28.800	
577	0.04	28.850	
578	0.04	28.900	
579	0.04	28.950	
580	0.04	29.001	
581	0.04	29.050	
582	0.04	29.100	
583	0.04	29.150	
584	0.04	29.200	
585	0.04	29.250	
586	0.04	29.300	
587	0.04	29.350	
588	0.04	29.400	
589	0.04	29.450	
590	0.04	29.500	
591	0.02	29.550	
592	0.04	29.600	
593	0.04	29.650	
594	0.04	29.700	
595	0.04	29.750	
596	0.04	29.800	
597	0.04	29.851	
598	0.04	29.900	
599	0.04	29.950	
600	0.04	30.000	
601	0.06	30.050	
602	0.22	30.100	
603	1.04	30.150	
604	1.20	30.200	
605	1.84	30.250	
606	2.38	30.300	
607	2.92	30.350	
608	3.42	30.400	
609	3.70	30.450	
610	3.72	30.501	
611	3.72	30.550	
612	3.70	30.600	
613	3.68	30.650	
614	3.68	30.700	
615	3.66	30.751	
616	3.66	30.800	
617	3.66	30.850	
618	3.66	30.900	
619	3.66	30.950	
620	3.64	31.001	
621	3.64	31.050	
622	3.64	31.100	
623	3.64	31.150	
624	3.64	31.200	
625	3.64	31.251	
626	3.64	31.300	
627	3.64	31.350	
628	3.64	31.400	
629	3.62	31.450	
630	3.64	31.501	
631	3.64	31.550	
632	3.62	31.600	
633	3.64	31.650	
634	3.62	31.700	
635	3.62	31.750	
636	3.62	31.800	
637	3.62	31.850	
638	3.62	31.900	
639	3.62	31.950	
640	3.62	32.000	
641	3.62	32.050	
642	3.62	32.100	
643	3.62	32.150	
644	3.62	32.200	
645	3.60	32.250	
646	3.62	32.301	
647	3.60	32.350	
648	3.62	32.400	
649	3.62	32.450	
650	3.60	32.500	
651	3.60	32.550	
652	3.60	32.600	
653	3.60	32.650	
654	3.60	32.700	
655	3.60	32.750	
656	3.60	32.800	
657	3.60	32.850	
658	3.60	32.900	
659	3.60	32.950	
660	3.60	33.000	
661	3.60	33.050	
662	3.60	33.100	
663	3.60	33.150	
664	3.60	33.200	
665	3.60	33.250	
666	3.00	33.300	
667	1.88	33.350	
668	1.06	33.400	
669	0.58	33.450	
670	0.30	33.500	
671	0.24	33.550	
672	0.22	33.600	
673	0.22	33.650	
674	0.22	33.700	
675	0.16	33.751	
676	0.14	33.800	
677	0.12	33.850	
678	0.06	33.900	
679	0.04	33.951	
680	0.06	34.000	
681	0.06	34.050	
682	0.04	34.100	
683	0.04	34.150	
684	0.06	34.200	
685	0.06	34.250	
686	0.06	34.300	
687	0.06	34.351	
688	0.06	34.400	
689	0.06	34.450	
690	0.04	34.500	
691	0.04	34.551	
692	0.04	34.601	
693	0.04	34.650	
694	0.04	34.700	
695	0.04	34.750	
696	0.04	34.800	
697	0.04	34.850	
698	0.04	34.900	
699	0.04	34.950	
700	0.04	35.000	
701	0.04	35.050	
702	0.04	35.100	
703	0.04	35.150	
704	0.04	35.200	
705	0.04	35.251	
706	0.04	35.300	
707	0.04	35.350	
708	0.04	35.400	
709	0.04	35.450	
710	0.04	35.500	
711	0.04	35.550	
712	0.04	35.600	
713	0.04	35.650	
714	0.04	35.700	
715	0.04	35.750	
716	0.06	35.800	
717	0.04	35.850	
718	0.04	35.900	
719	0.04	35.950	
720	0.04	36.000	
721	0.04	36.050	
722	0.04	36.100	
723	0.04	36.150	
724	0.04	36.200	
725	0.04	36.250	
726	0.04	36.300	
727	0.04	36.350	
728	0.04	36.400	
729	0.04	36.450	
730	0.04	36.500	
731	0.04	36.550	
732	0.04	36.600	
733	0.04	36.650	
734	0.04	36.700	
735	0.04	36.750	
736	0.04	36.800	
737	0.04	36.850	
738	0.04	36.900	
739	0.04	36.950	
740	0.04	37.001	
741	0.04	37.050	
742	0.04	37.100	
743	0.04	37.150	
744	0.04	37.200	
745	0.04	37.250	
746	0.04	37.300	
747	0.04	37.350	
748	0.04	37.400	
749	0.04	37.450	
750	0.04	37.500	
751	0.04	37.550	
752	0.04	37.600	
753	0.06	37.650	
754	0.32	37.700	
755	0.88	37.750	
756	1.36	37.800	
757	2.00	37.850	
758	2.48	37.900	
759	3.08	37.950	
760	3.54	38.000	
761	3.80	38.051	
762	3.82	38.101	
763	3.80	38.150	
764	3.78	38.200	
765	3.78	38.250	
766	3.78	38.300	
767	3.76	38.350	
768	3.76	38.400	
769	3.76	38.451	
770	3.76	38.500	
771	3.74	38.550	
772	3.74	38.600	
773	3.74	38.650	
774	3.74	38.700	
775	3.74	38.750	
776	3.74	38.800	
777	3.74	38.850	
778	3.74	38.900	
779	3.74	38.950	
780	3.72	39.000	
781	3.72	39.050	
782	3.72	39.100	
783	3.72	39.150	
784	3.72	39.200	
785	3.72	39.250	
786	3.72	39.301	
787	3.72	39.350	
788	3.72	39.400	
789	3.72	39.450	
790	3.72	39.500	
791	3.72	39.550	
792	3.72	39.600	
793	3.72	39.650	
794	3.72	39.700	
795	3.72	39.750	
796	3.72	39.800	
797	3.72	39.850	
798	3.72	39.900	
799	3.72	39.950	
800	3.72	40.000	
801	3.72	40.050	
802	3.70	40.100	
803	3.70	40.150	
804	3.70	40.200	
805	3.70	40.250	
806	3.70	40.300	
807	3.70	40.350	
808	3.70	40.400	
809	3.72	40.450	
810	3.70	40.500	
811	3.70	40.550	
812	3.70	40.600	
813	3.70	40.650	
814	3.70	40.700	
815	3.70	40.750	
816	3.70	40.800	
817	3.70	40.850	
818	3.70	40.901	
819	3.70	40.950	
820	3.70	41.000	
821	3.70	41.050	
822	3.70	41.100	
823	3.70	41.150	
824	3.70	41.200	
825	3.70	41.250	
826	3.70	41.300	
827	3.66	41.351	
828	2.84	41.401	
829	1.74	41.451	
830	0.96	41.501	
831	0.54	41.550	
832	0.24	41.602	
833	0.24	41.650	
834	0.22	41.700	
835	0.24	41.750	
836	0.24	41.800	
837	0.18	41.850	
838	0.14	41.900	
839	0.12	41.950	
840	0.06	42.000	
841	0.06	42.050	
842	0.06	42.100	
843	0.06	42.150	
844	0.06	42.201	
845	0.06	42.250	
846	0.06	42.300	
847	0.06	42.350	
848	0.06	42.400	
849	0.06	42.450	
850	0.06	42.500	
851	0.06	42.550	
852	0.06	42.600	
853	0.06	42.651	
854	0.06	42.700	
855	0.06	42.750	
856	0.06	42.801	
857	0.06	42.850	
858	0.06	42.900	
859	0.06	42.950	
860	0.06	43.000	
861	0.06	43.050	
862	0.06	43.100	
863	0.06	43.150	
864	0.06	43.200	
865	0.06	43.251	
866	0.06	43.300	
867	0.06	43.351	
868	0.06	43.400	
869	0.06	43.450	
870	0.06	43.500	
871	0.06	43.550	
872	0.06	43.600	
873	0.06	43.650	
874	0.06	43.700	
875	0.06	43.750	
876	0.06	43.800	
877	0.06	43.850	
878	0.06	43.900	
879	0.06	43.951	
880	0.06	44.000	
881	0.06	44.050	
882	0.06	44.100	
883	0.06	44.150	
884	0.06	44.200	
885	0.06	44.250	
886	0.06	44.300	
887	0.06	44.350	
888	0.06	44.400	
889	0.06	44.450	
890	0.06	44.500	
891	0.06	44.550	
892	0.06	44.600	
893	0.06	44.650	
894	0.06	44.700	
895	0.06	44.750	
896	0.06	44.800	
897	0.06	44.850	
898	0.04	44.900	
899	0.06	44.950	
900	0.06	45.000	
901	0.06	45.050	
902	0.04	45.100	
903	0.06	45.153	
904	0.06	45.200	
905	0.04	45.250	
906	0.06	45.300	
907	0.06	45.350	
908	0.06	45.400	
909	0.06	45.450	
910	0.04	45.500	
911	0.06	45.550	
912	0.06	45.600	
913	0.04	45.650	
914	0.06	45.700	
915	0.04	45.750	
916	0.06	45.800	
917	0.04	45.850	
918	0.04	45.900	
919	0.06	45.950	
920	0.04	46.000	
921	0.06	46.050	
922	0.06	46.100	
923	0.04	46.150	
924	0.08	46.200	
925	0.26	46.250	
926	0.78	46.300	
927	1.26	46.350	
928	1.90	46.400	
929	2.42	46.450	
930	2.98	46.500	
931	3.46	46.550	
932	3.74	46.600	
933	3.76	46.650	
934	3.74	46.700	
935	3.72	46.750	
936	3.72	46.800	
937	3.70	46.850	
938	3.70	46.900	
939	3.70	46.950	
940	3.68	47.000	
941	3.68	47.050	
942	3.68	47.100	
943	3.68	47.150	
944	3.68	47.200	
945	3.68	47.250	
946	3.66	47.300	
947	3.66	47.350	
948	3.66	47.400	
949	3.66	47.451	
950	3.66	47.500	
951	3.66	47.551	
952	3.66	47.601	
953	3.66	47.650	
954	3.66	47.700	
955	3.66	47.759	
956	3.66	47.800	
957	3.66	47.850	
958	3.66	47.901	
959	3.64	47.950	
960	3.64	48.000	
961	3.64	48.050	
962	3.64	48.100	
963	3.64	48.150	
964	3.64	48.200	
965	3.64	48.250	
966	3.64	48.300	
967	3.64	48.350	
968	3.64	48.400	
969	3.64	48.450	
970	3.64	48.500	
971	3.64	48.550	
972	3.64	48.600	
973	3.64	48.650	
974	3.64	48.700	
975	3.64	48.750	
976	3.64	48.800	
977	3.64	48.850	
978	3.64	48.900	
979	3.64	48.950	
980	3.64	49.000	
981	3.64	49.050	
982	3.64	49.100	
983	3.64	49.150	
984	3.64	49.200	
985	3.64	49.250	
986	3.64	49.300	
987	3.64	49.350	
988	3.64	49.400	
989	3.64	49.450	
990	3.64	49.500	
991	3.64	49.550	
992	3.64	49.600	
993	3.62	49.650	
994	3.22	49.700	
995	2.10	49.750	
996	1.20	49.800	
997	0.64	49.850	
998	0.34	49.900	
999	0.24	49.950	
1000	0.24	50.000	
1001	0.24	50.050	
1002	0.24	50.100	
1003	0.18	50.154	
1004	0.16	50.200	
1005	0.14	50.250	
1006	0.06	50.300	
1007	0.06	50.350	
1008	0.06	50.400	
1009	0.06	50.450	
1010	0.06	50.500	
1011	0.06	50.550	
1012	0.06	50.600	
1013	0.06	50.650	
1014	0.06	50.700	
1015	0.06	50.750	
1016	0.06	50.800	
1017	0.06	50.850	
1018	0.06	50.900	
1019	0.06	50.950	
1020	0.06	51.000	
1021	0.06	51.050	
1022	0.06	51.100	
1023	0.06	51.150	
1024	0.06	51.200	
1025	0.06	51.250	
1026	0.06	51.300	
1027	0.06	51.350	
1028	0.06	51.400	
1029	0.06	51.450	
1030	0.06	51.500	
1031	0.06	51.550	
1032	0.06	51.601	
1033	0.06	51.650	
1034	0.06	51.700	
1035	0.06	51.750	
1036	0.06	51.800	
1037	0.06	51.850	
1038	0.06	51.900	
1039	0.06	51.950	
1040	0.06	52.000	
1041	0.06	52.050	
1042	0.06	52.100	
1043	0.06	52.150	
1044	0.06	52.200	
1045	0.06	52.250	
1046	0.06	52.300	
1047	0.06	52.350	
1048	0.06	52.400	
1049	0.06	52.450	
1050	0.06	52.500	
1051	0.06	52.550	
1052	0.06	52.600	
1053	0.06	52.650	
1054	0.06	52.700	
1055	0.06	52.750	
1056	0.06	52.800	
1057	0.06	52.850	
1058	0.06	52.900	
1059	0.06	52.950	
1060	0.06	53.000	
1061	0.06	53.050	
1062	0.06	53.100	
1063	0.06	53.150	
1064	0.06	53.200	
1065	0.06	53.250	
1066	0.06	53.300	
1067	0.06	53.350	
1068	0.06	53.400	
1069	0.06	53.450	
1070	0.06	53.500	
1071	0.06	53.550	
1072	0.06	53.600	
1073	0.06	53.650	
1074	0.06	53.700	
1075	0.06	53.750	
1076	0.06	53.800	
1077	0.06	53.850	
1078	0.06	53.900	
1079	0.06	53.950	
1080	0.06	54.000	
1081	0.06	54.050	
1082	0.06	54.100	
1083	0.06	54.150	
1084	0.06	54.200	
1085	0.06	54.250	
1086	0.06	54.300	
1087	0.06	54.350	
1088	0.06	54.400	
1089	0.06	54.450	
1090	0.06	54.500	
1091	0.06	54.550	
1092	0.06	54.600	
1093	0.06	54.651	
1094	0.06	54.700	
1095	0.06	54.750	
1096	0.08	54.800	
1097	0.22	54.850	
1098	0.74	54.900	
1099	1.22	54.950	
1100	1.86	55.000	
1101	2.40	55.050	
1102	2.96	55.100	
1103	3.70	55.158	
1104	3.74	55.200	
1105	3.76	55.250	
1106	3.74	55.300	
1107	3.72	55.350	
1108	3.72	55.400	
1109	3.72	55.450	
1110	3.70	55.500	
1111	3.70	55.550	
1112	3.70	55.600	
1113	3.68	55.650	
1114	3.68	55.700	
1115	3.68	55.750	
1116	3.68	55.800	
1117	3.68	55.850	
1118	3.68	55.900	
1119	3.68	55.950	
1120	3.68	56.000	
1121	3.66	56.050	
1122	3.66	56.100	
1123	3.66	56.150	
1124	3.66	56.200	
1125	3.66	56.250	
1126	3.66	56.300	
1127	3.66	56.350	
1128	3.66	56.400	
1129	3.66	56.450	
1130	3.66	56.500	
1131	3.66	56.550	
1132	3.66	56.600	
1133	3.66	56.651	
1134	3.66	56.700	
1135	3.64	56.750	
1136	3.64	56.800	
1137	3.66	56.850	
1138	3.64	56.900	
1139	3.64	56.950	
1140	3.64	57.000	
1141	3.64	57.050	
1142	3.64	57.100	
1143	3.64	57.150	
1144	3.64	57.200	
1145	3.64	57.250	
1146	3.64	57.301	
1147	3.64	57.350	
1148	3.64	57.400	
1149	3.64	57.450	
1150	3.64	57.500	
1151	3.64	57.550	
1152	3.64	57.600	
1153	3.64	57.650	
1154	3.64	57.700	
1155	3.64	57.750	
1156	3.64	57.800	
1157	3.64	57.850	
1158	3.64	57.900	
1159	3.64	57.950	
1160	3.64	58.000	
1161	3.64	58.051	
1162	3.64	58.100	
1163	3.64	58.150	
1164	3.64	58.200	
1165	3.64	58.250	
1166	3.64	58.300	
1167	3.64	58.350	
1168	3.64	58.400	
1169	3.64	58.450	
1170	3.64	58.500	
1171	3.64	58.550	
1172	3.64	58.600	
1173	3.64	58.650	
1174	3.64	58.700	
1175	3.64	58.750	
1176	3.64	58.800	
1177	3.64	58.850	
1178	3.56	58.900	
1179	2.62	58.950	
1180	1.56	59.000	
1181	0.88	59.051	
1182	0.46	59.100	
1183	0.26	59.150	
1184	0.26	59.200	
1185	0.24	59.250	
1186	0.24	59.301	
1187	0.20	59.350	
1188	0.18	59.400	
1189	0.14	59.450	
1190	0.10	59.500	
1191	0.08	59.550	
1192	0.06	59.600	
1193	0.06	59.650	
1194	0.06	59.700	
1195	0.06	59.750	
1196	0.06	59.800	
1197	0.06	59.850	
1198	0.06	59.900	
1199	0.06	59.950	
1200	0.06	60.000	
1201	0.06	60.050	
1202	0.06	60.100	
1203	0.06	60.158	
1204	0.06	60.200	
1205	0.06	60.250	
1206	0.06	60.300	
1207	0.06	60.350	
1208	0.06	60.400	
1209	0.06	60.450	
1210	0.06	60.500	
1211	0.06	60.550	
1212	0.06	60.600	
1213	0.06	60.650	
1214	0.06	60.700	
1215	0.06	60.750	
1216	0.06	60.800	
1217	0.06	60.850	
1218	0.06	60.900	
1219	0.06	60.950	
1220	0.06	61.000	
1221	0.06	61.051	
1222	0.06	61.100	
1223	0.06	61.151	
1224	0.06	61.200	
1225	0.06	61.250	
1226	0.06	61.300	
1227	0.06	61.350	
1228	0.06	61.400	
1229	0.06	61.450	
1230	0.06	61.500	
1231	0.06	61.550	
1232	0.06	61.601	
1233	0.06	61.650	
1234	0.06	61.700	
1235	0.06	61.750	
1236	0.06	61.800	
1237	0.06	61.850	
1238	0.06	61.900	
1239	0.06	61.950	
1240	0.06	62.000	
1241	0.06	62.050	
1242	0.06	62.100	
1243	0.06	62.150	
1244	0.06	62.200	
1245	0.06	62.250	
1246	0.06	62.300	
1247	0.06	62.350	
1248	0.06	62.400	
1249	0.06	62.450	
1250	0.06	62.501	
1251	0.06	62.550	
1252	0.06	62.600	
1253	0.06	62.650	
1254	0.06	62.700	
1255	0.06	62.750	
1256	0.06	62.800	
1257	0.06	62.850	
1258	0.06	62.900	
1259	0.06	62.950	
1260	0.06	63.000	
1261	0.06	63.051	
1262	0.06	63.101	
1263	0.06	63.150	
1264	0.06	63.200	
1265	0.06	63.250	
1266	0.06	63.300	
1267	0.06	63.357	
1268	0.06	63.400	
1269	0.06	63.450	
1270	0.06	63.500	
1271	0.06	63.550	
1272	0.06	63.600	
1273	0.06	63.650	
1274	0.06	63.700	
1275	0.06	63.750	
1276	0.06	63.800	
1277	0.06	63.850	
1278	0.06	63.900	
1279	0.06	63.950	
1280	0.06	64.000	
1281	0.06	64.050	
1282	0.06	64.100	
1283	0.08	64.150	
1284	0.28	64.200	
1285	0.78	64.250	
1286	1.28	64.300	
1287	1.92	64.350	
1288	2.42	64.401	
1289	3.02	64.450	
1290	3.50	64.500	
1291	3.82	64.550	
1292	3.84	64.600	
1293	3.82	64.651	
1294	3.80	64.700	
1295	3.80	64.750	
1296	3.78	64.800	
1297	3.78	64.850	
1298	3.78	64.900	
1299	3.78	64.950	
1300	3.78	65.000	
1301	3.76	65.051	
1302	3.76	65.100	
1303	3.76	65.159	
1304	3.76	65.200	
1305	3.76	65.250	
1306	3.74	65.301	
1307	3.76	65.350	
1308	3.74	65.400	
1309	3.74	65.450	
1310	3.74	65.500	
1311	3.74	65.551	
1312	3.74	65.600	
1313	3.74	65.650	
1314	3.74	65.700	
1315	3.74	65.750	
1316	3.74	65.800	
1317	3.74	65.850	
1318	3.74	65.900	
1319	3.72	65.950	
1320	3.72	66.000	
1321	3.72	66.050	
1322	3.72	66.100	
1323	3.72	66.150	
1324	3.72	66.200	
1325	3.72	66.251	
1326	3.72	66.301	
1327	3.72	66.350	
1328	3.72	66.400	
1329	3.72	66.450	
1330	3.72	66.500	
1331	3.72	66.551	
1332	3.72	66.600	
1333	3.72	66.650	
1334	3.72	66.700	
1335	3.72	66.750	
1336	3.72	66.800	
1337	3.72	66.850	
1338	3.72	66.901	
1339	3.72	66.950	
1340	3.72	67.000	
1341	3.72	67.057	
1342	3.72	67.100	
1343	3.72	67.150	
1344	3.72	67.200	
1345	3.72	67.250	
1346	3.72	67.300	
1347	3.72	67.350	
1348	3.72	67.400	
1349	3.72	67.450	
1350	3.72	67.500	
1351	3.72	67.550	
1352	3.72	67.601	
1353	3.72	67.650	
1354	3.72	67.700	
1355	3.52	67.750	
1356	2.46	67.800	
1357	1.48	67.850	
1358	0.82	67.900	
1359	0.44	67.950	
1360	0.26	68.000	
1361	0.26	68.051	
1362	0.24	68.100	
1363	0.26	68.150	
1364	0.20	68.200	
1365	0.20	68.250	
1366	0.14	68.300	
1367	0.10	68.350	
1368	0.06	68.400	
1369	0.06	68.450	
1370	0.08	68.501	
1371	0.06	68.550	
1372	0.08	68.609	
1373	0.08	68.650	
1374	0.06	68.700	
1375	0.08	68.750	
1376	0.06	68.800	
1377	0.06	68.850	
1378	0.06	68.900	
1379	0.06	68.950	
1380	0.06	69.000	
1381	0.06	69.050	
1382	0.06	69.100	
1383	0.06	69.150	
1384	0.06	69.200	
1385	0.06	69.250	
1386	0.06	69.300	
1387	0.06	69.350	
1388	0.06	69.400	
1389	0.06	69.450	
1390	0.06	69.500	
1391	0.06	69.550	
1392	0.06	69.600	
1393	0.06	69.650	
1394	0.06	69.700	
1395	0.06	69.750	
1396	0.06	69.800	
1397	0.06	69.850	
1398	0.06	69.900	
1399	0.06	69.950	
1400	0.06	70.000	
1401	0.06	70.050	
1402	0.06	70.100	
1403	0.06	70.159	
1404	0.06	70.200	
1405	0.06	70.250	
1406	0.06	70.300	
1407	0.06	70.350	
1408	0.06	70.400	
1409	0.06	70.450	
1410	0.06	70.500	
1411	0.06	70.550	
1412	0.06	70.600	
1413	0.06	70.651	
1414	0.06	70.700	
1415	0.06	70.750	
1416	0.06	70.800	
1417	0.06	70.850	
1418	0.06	70.900	
1419	0.06	70.950	
1420	0.06	71.000	
1421	0.06	71.050	
1422	0.06	71.100	
1423	0.06	71.150	
1424	0.06	71.200	
1425	0.06	71.250	
1426	0.06	71.300	
1427	0.06	71.350	
1428	0.06	71.400	
1429	0.06	71.450	
1430	0.06	71.500	
1431	0.06	71.550	
1432	0.06	71.600	
1433	0.06	71.650	
1434	0.06	71.700	
1435	0.06	71.750	
1436	0.06	71.800	
1437	0.06	71.851	
1438	0.06	71.907	
1439	0.06	71.950	
1440	0.06	72.000	
1441	0.06	72.050	
1442	0.06	72.100	
1443	0.06	72.150	
1444	0.06	72.200	
1445	0.06	72.250	
1446	0.06	72.300	
1447	0.06	72.350	
1448	0.06	72.400	
1449	0.06	72.450	
1450	0.06	72.500	
1451	0.06	72.550	
1452	0.06	72.600	
1453	0.06	72.650	
1454	0.06	72.700	
1455	0.06	72.750	
1456	0.06	72.800	
1457	0.06	72.851	
1458	0.06	72.900	
1459	0.06	72.950	
1460	0.06	73.000	
1461	0.06	73.050	
1462	0.06	73.100	
1463	0.06	73.150	
1464	0.06	73.200	
1465	0.06	73.250	
1466	0.06	73.300	
1467	0.06	73.350	
1468	0.06	73.406	
1469	0.06	73.451	
1470	0.10	73.500	
1471	0.36	73.550	
1472	0.90	73.600	
1473	1.40	73.650	
1474	2.06	73.700	
1475	2.54	73.750	
1476	3.14	73.800	
1477	3.60	73.850	
1478	3.82	73.900	
1479	3.82	73.950	
1480	3.82	74.000	
1481	3.80	74.050	
1482	3.78	74.100	
1483	3.78	74.150	
1484	3.78	74.200	
1485	3.78	74.250	
1486	3.76	74.300	
1487	3.76	74.350	
1488	3.76	74.400	
1489	3.76	74.450	
1490	3.76	74.500	
1491	3.76	74.550	
1492	3.74	74.600	
1493	3.74	74.650	
1494	3.74	74.700	
1495	3.74	74.750	
1496	3.74	74.800	
1497	3.74	74.850	
1498	3.74	74.900	
1499	3.74	74.950	
1500	3.74	75.000	
1501	3.72	75.050	
1502	3.72	75.100	
1503	3.72	75.150	
1504	3.72	75.200	
1505	3.72	75.250	
1506	3.72	75.300	
1507	3.72	75.350	
1508	3.72	75.400	
1509	3.72	75.450	
1510	3.72	75.500	
1511	3.72	75.551	
1512	3.72	75.600	
1513	3.72	75.650	
1514	3.72	75.700	
1515	3.72	75.750	
1516	3.72	75.800	
1517	3.72	75.850	
1518	3.72	75.900	
1519	3.72	75.950	
1520	3.72	76.000	
1521	3.72	76.050	
1522	3.72	76.100	
1523	3.72	76.150	
1524	3.72	76.200	
1525	3.72	76.250	
1526	3.72	76.300	
1527	3.70	76.350	
1528	3.70	76.400	
1529	3.72	76.450	
1530	3.72	76.500	
1531	3.70	76.550	
1532	3.70	76.600	
1533	3.72	76.650	
1534	3.70	76.700	
1535	3.72	76.750	
1536	3.72	76.800	
1537	3.72	76.850	
1538	3.70	76.900	
1539	3.70	76.950	
1540	3.70	77.000	
1541	3.70	77.050	
1542	3.70	77.100	
1543	3.70	77.150	
1544	3.70	77.200	
1545	3.70	77.250	
1546	3.70	77.301	
1547	3.70	77.350	
1548	3.70	77.400	
1549	3.70	77.450	
1550	3.70	77.500	
1551	3.70	77.550	
1552	3.70	77.600	
1553	3.70	77.650	
1554	3.70	77.700	
1555	3.70	77.750	
1556	3.70	77.800	
1557	3.70	77.850	
1558	3.70	77.900	
1559	3.70	77.950	
1560	3.70	78.000	
1561	3.70	78.050	
1562	3.70	78.100	
1563	3.70	78.151	
1564	3.70	78.200	
1565	3.70	78.250	
1566	3.70	78.300	
1567	3.70	78.350	
1568	3.70	78.400	
1569	3.58	78.450	
1570	2.58	78.500	
1571	1.54	78.550	
1572	0.84	78.600	
1573	0.46	78.650	
1574	0.26	78.700	
1575	0.26	78.750	
1576	0.26	78.800	
1577	0.26	78.850	
1578	0.22	78.900	
1579	0.20	78.950	
1580	0.16	79.000	
1581	0.10	79.050	
1582	0.08	79.100	
1583	0.08	79.150	
1584	0.08	79.200	
1585	0.08	79.250	
1586	0.08	79.300	
1587	0.08	79.350	
1588	0.08	79.400	
1589	0.08	79.450	
1590	0.08	79.500	
1591	0.08	79.550	
1592	0.08	79.600	
1593	0.08	79.650	
1594	0.08	79.701	
1595	0.08	79.750	
1596	0.08	79.800	
1597	0.08	79.850	
1598	0.06	79.900	
1599	0.08	79.950	
1600	0.08	80.000	
1601	0.06	80.050	
1602	0.06	80.100	
1603	0.06	80.200	
1604	0.08	80.250	
1605	0.06	80.300	
1606	0.06	80.351	
1607	0.06	80.400	
1608	0.08	80.450	
1609	0.06	80.500	
1610	0.06	80.550	
1611	0.06	80.600	
1612	0.06	80.650	
1613	0.06	80.700	
1614	0.06	80.750	
1615	0.06	80.800	
1616	0.06	80.851	
1617	0.08	80.900	
1618	0.06	80.950	
1619	0.06	81.000	
1620	0.06	81.050	
1621	0.06	81.100	
1622	0.06	81.150	
1623	0.06	81.200	
1624	0.06	81.250	
1625	0.06	81.300	
1626	0.06	81.350	
1627	0.06	81.400	
1628	0.06	81.450	
1629	0.06	81.500	
1630	0.06	81.550	
1631	0.06	81.600	
1632	0.06	81.650	
1633	0.06	81.700	
1634	0.06	81.750	
1635	0.06	81.800	
1636	0.06	81.851	
1637	0.06	81.900	
1638	0.06	81.950	
1639	0.06	82.000	
1640	0.06	82.050	
1641	0.06	82.100	
1642	0.06	82.150	
1643	0.06	82.200	
1644	0.06	82.250	
1645	0.06	82.300	
1646	0.06	82.350	
1647	0.06	82.400	
1648	0.06	82.450	
1649	0.06	82.500	
1650	0.06	82.550	
1651	0.06	82.600	
1652	0.06	82.651	
1653	0.06	82.700	
1654	0.06	82.750	
1655	0.06	82.800	
1656	0.06	82.850	
1657	0.06	82.900	
1658	0.06	82.950	
1659	0.06	83.000	
1660	0.06	83.050	
1661	0.06	83.100	
1662	0.06	83.150	
1663	0.06	83.200	
1664	0.06	83.250	
1665	0.06	83.300	
1666	0.06	83.351	
1667	0.06	83.400	
1668	0.06	83.450	
1669	0.06	83.500	
1670	0.06	83.550	
1671	0.06	83.600	
1672	0.06	83.658	
1673	0.06	83.700	
1674	0.06	83.750	
1675	0.06	83.800	
1676	0.06	83.850	
1677	0.06	83.900	
1678	0.06	83.950	
1679	0.06	84.000	
1680	0.06	84.050	
1681	0.06	84.100	
1682	0.06	84.150	
1683	0.06	84.201	
1684	0.06	84.250	
1685	0.06	84.300	
1686	0.06	84.350	
1687	0.06	84.400	
1688	0.06	84.450	
1689	0.06	84.500	
1690	0.06	84.550	
1691	0.06	84.600	
1692	0.06	84.650	
1693	0.06	84.700	
1694	0.06	84.750	
1695	0.06	84.800	
1696	0.06	84.850	
1697	0.06	84.900	
1698	0.06	84.950	
1699	0.06	85.001	
1700	0.06	85.050	
1701	0.06	85.100	
1702	0.06	85.150	
1703	0.06	85.200	
1704	0.06	85.250	
1705	0.06	85.300	
1706	0.06	85.350	
1707	0.06	85.400	
1708	0.06	85.450	
1709	0.08	85.500	
1710	0.18	85.550	
1711	0.60	85.601	
1712	1.12	85.650	
1713	1.72	85.700	
1714	2.32	85.750	
1715	2.82	85.800	
1716	3.36	85.850	
1717	3.72	85.900	
1718	3.78	85.951	
1719	3.76	86.000	
1720	3.76	86.050	
1721	3.76	86.100	
1722	3.74	86.150	
1723	3.74	86.200	
1724	3.72	86.250	
1725	3.72	86.300	
1726	3.72	86.350	
1727	3.72	86.400	
1728	3.72	86.450	
1729	3.72	86.500	
1730	3.72	86.550	
1731	3.70	86.601	
1732	3.70	86.650	
1733	3.70	86.700	
1734	3.70	86.750	
1735	3.70	86.800	
1736	3.70	86.850	
1737	3.70	86.900	
1738	3.70	86.950	
1739	3.70	87.000	
1740	3.68	87.050	
1741	3.68	87.100	
1742	3.68	87.150	
1743	3.68	87.200	
1744	3.68	87.250	
1745	3.68	87.300	
1746	3.68	87.350	
1747	3.68	87.400	
1748	3.68	87.450	
1749	3.68	87.500	
1750	3.68	87.551	
1751	3.68	87.600	
1752	3.68	87.650	
1753	3.68	87.700	
1754	3.68	87.750	
1755	3.68	87.800	
1756	3.68	87.850	
1757	3.68	87.900	
1758	3.68	87.950	
1759	3.68	88.000	
1760	3.68	88.050	
1761	3.66	88.100	
1762	3.66	88.150	
1763	3.66	88.200	
1764	3.66	88.250	
1765	3.66	88.300	
1766	3.66	88.350	
1767	3.66	88.400	
1768	3.66	88.450	
1769	3.66	88.501	
1770	3.66	88.550	
1771	3.66	88.600	
1772	3.66	88.650	
1773	3.66	88.700	
1774	3.66	88.750	
1775	3.66	88.800	
1776	3.66	88.850	
1777	3.66	88.900	
1778	3.66	88.950	
1779	3.66	89.000	
1780	3.66	89.051	
1781	3.66	89.100	
1782	3.66	89.150	
1783	3.66	89.200	
1784	3.66	89.250	
1785	3.66	89.300	
1786	3.66	89.350	
1787	3.66	89.400	
1788	3.66	89.450	
1789	3.66	89.500	
1790	3.66	89.550	
1791	3.66	89.600	
1792	3.66	89.650	
1793	3.66	89.700	
1794	3.66	89.750	
1795	3.66	89.800	
1796	3.66	89.851	
1797	3.66	89.900	
1798	3.66	89.950	
1799	3.66	90.000	
1800	3.66	90.050	
1801	3.66	90.100	
1802	3.66	90.164	
1803	3.66	90.200	
1804	3.66	90.259	
1805	3.66	90.300	
1806	3.66	90.351	
1807	3.66	90.400	
1808	3.60	90.450	
1809	2.70	90.500	
1810	1.64	90.550	
1811	0.92	90.600	
1812	0.50	90.650	
1813	0.28	90.700	
1814	0.28	90.750	
1815	0.26	90.800	
1816	0.26	90.850	
1817	0.22	90.900	
1818	0.20	90.950	
1819	0.18	91.000	
1820	0.12	91.050	
1821	0.08	91.100	
1822	0.08	91.150	
1823	0.08	91.200	
1824	0.08	91.250	
1825	0.08	91.300	
1826	0.08	91.351	
1827	0.08	91.401	
1828	0.08	91.450	
1829	0.08	91.500	
1830	0.08	91.550	
1831	0.08	91.601	
1832	0.08	91.650	
1833	0.08	91.700	
1834	0.08	91.750	
1835	0.08	91.800	
1836	0.08	91.851	
1837	0.08	91.900	
1838	0.08	91.950	
1839	0.08	92.000	
1840	0.08	92.051	
1841	0.08	92.101	
1842	0.08	92.150	
1843	0.08	92.200	
1844	0.08	92.250	
1845	0.08	92.300	
1846	0.08	92.351	
1847	0.08	92.400	
1848	0.08	92.450	
1849	0.08	92.500	
1850	0.08	92.550	
1851	0.08	92.600	
1852	0.08	92.650	
1853	0.08	92.700	
1854	0.08	92.750	
1855	0.08	92.800	
1856	0.08	92.851	
1857	0.08	92.900	
1858	0.08	92.951	
1859	0.08	93.000	
1860	0.08	93.050	
1861	0.08	93.100	
1862	0.06	93.150	
1863	0.06	93.200	
1864	0.06	93.250	
1865	0.08	93.300	
1866	0.08	93.350	
1867	0.06	93.400	
1868	0.06	93.450	
1869	0.08	93.500	
1870	0.08	93.551	
1871	0.06	93.600	
1872	0.06	93.650	
1873	0.06	93.700	
1874	0.08	93.750	
1875	0.08	93.800	
1876	0.06	93.850	
1877	0.06	93.900	
1878	0.06	93.950	
1879	0.08	94.000	
1880	0.08	94.050	
1881	0.08	94.100	
1882	0.06	94.150	
1883	0.06	94.200	
1884	0.06	94.250	
1885	0.06	94.300	
1886	0.08	94.350	
1887	0.06	94.400	
1888	0.06	94.451	
1889	0.06	94.500	
1890	0.06	94.550	
1891	0.06	94.600	
1892	0.08	94.650	
1893	0.06	94.700	
1894	0.06	94.750	
1895	0.06	94.800	
1896	0.06	94.850	
1897	0.08	94.900	
1898	0.06	94.950	
1899	0.06	95.000	
1900	0.06	95.050	
1901	0.06	95.100	
1902	0.06	95.150	
1903	0.06	95.200	
1904	0.06	95.250	
1905	0.06	95.300	
1906	0.06	95.350	
1907	0.06	95.400	
1908	0.06	95.450	
1909	0.06	95.500	
1910	0.06	95.550	
1911	0.06	95.600	
1912	0.06	95.650	
1913	0.06	95.700	
1914	0.06	95.751	
1915	0.06	95.800	
1916	0.06	95.850	
1917	0.06	95.900	
1918	0.06	95.950	
1919	0.06	96.000	
1920	0.06	96.050	
1921	0.06	96.100	
1922	0.08	96.150	
1923	0.06	96.200	
1924	0.06	96.250	
1925	0.06	96.300	
1926	0.06	96.350	
1927	0.06	96.400	
1928	0.06	96.450	
1929	0.06	96.500	
1930	0.06	96.550	
1931	0.06	96.600	
1932	0.06	96.650	
1933	0.06	96.700	
1934	0.06	96.750	
1935	0.06	96.800	
1936	0.06	96.850	
1937	0.06	96.900	
1938	0.06	96.950	
1939	0.06	97.001	
1940	0.06	97.050	
1941	0.06	97.100	
1942	0.06	97.150	
1943	0.06	97.200	
1944	0.06	97.250	
1945	0.06	97.300	
1946	0.06	97.350	
1947	0.06	97.400	
1948	0.06	97.450	
1949	0.06	97.500	
1950	0.06	97.550	
1951	0.06	97.600	
1952	0.06	97.650	
1953	0.06	97.700	
1954	0.06	97.750	
1955	0.06	97.800	
1956	0.06	97.850	
1957	0.06	97.900	
1958	0.06	97.950	
1959	0.06	98.000	
1960	0.06	98.050	
1961	0.06	98.100	
1962	0.06	98.150	
1963	0.06	98.200	
1964	0.06	98.250	
1965	0.06	98.300	
1966	0.06	98.350	
1967	0.06	98.400	
1968	0.06	98.450	
1969	0.06	98.500	
1970	0.06	98.550	
1971	0.06	98.600	
1972	0.06	98.650	
1973	0.06	98.700	
1974	0.06	98.750	
1975	0.06	98.800	
1976	0.06	98.850	
1977	0.06	98.900	
1978	0.06	98.950	
1979	0.06	99.000	
1980	0.06	99.050	
1981	0.06	99.100	
1982	0.06	99.151	
1983	0.06	99.200	
1984	0.06	99.250	
1985	0.06	99.300	
1986	0.06	99.350	
1987	0.06	99.400	
1988	0.06	99.450	
1989	0.06	99.500	
1990	0.06	99.550	
1991	0.06	99.600	
1992	0.06	99.650	
1993	0.06	99.700	
1994	0.06	99.750	
1995	0.06	99.800	
1996	0.06	99.850	
1997	0.06	99.900	
1998	0.06	99.950	
1999	0.06	100.000	
2000	0.06	100.050	
2001	0.06	100.100	
2002	0.06	100.200	
2003	0.06	100.251	
2004	0.06	100.313	
2005	0.06	100.351	
2006	0.06	100.407	
2007	0.06	100.450	
2008	0.06	100.500	
2009	0.06	100.550	
2010	0.06	100.600	
2011	0.06	100.650	
2012	0.06	100.700	
2013	0.06	100.750	
2014	0.06	100.800	
2015	0.06	100.850	
2016	0.06	100.900	
2017	0.06	100.950	
2018	0.06	101.000	
2019	0.06	101.050	
2020	0.06	101.100	
2021	0.06	101.150	
